Size     Mo/NC/ AC/ FC/ DR   Ident       Dsize   NCC     TCC     BT/V    AP      S       Total    NumS    BJ   TypA/B    FCcost    DRcost    AS/AStime   ConsSort

100      bt/T/  NIL/T/  T    1414384866  6.2     781     116     6/7     0.65    0.15    0.8      1       0    0/0       90        12        RANDOM/0.0  RANDOM
100      bt/T/  NIL/T/  T    1621232424  4.8     760     99      11/12   0.62    0.08    0.7      1       0    0/0       142       27        RANDOM/0.0  RANDOM
100      bt/T/  NIL/T/  T    1972691557  5.8     755     97      9/10    0.62    0.09    0.71     1       0    0/0       154       21        RANDOM/0.0  RANDOM
100      bt/T/  NIL/T/  T    2028154060  7.4     788     124     11/12   0.68    0.13    0.82     1       0    0/0       255       27        RANDOM/0.0  RANDOM
100      bt/T/  NIL/T/  T    2175312090  5.6     757     134     12/13   0.62    0.13    0.75     1       0    0/0       184       29        RANDOM/0.0  RANDOM
100      bt/T/  NIL/T/  T    2258260002  5.6     774     112     6/7     0.65    0.13    0.78     1       0    0/0       81        12        RANDOM/0.0  RANDOM
100      bt/T/  NIL/T/  T    4997565789  7.8     805     138     10/11   0.63    0.25    0.88     1       0    0/0       266       24        RANDOM/0.0  RANDOM
100      bt/T/  NIL/T/  T    5192471197  5.8     778     88      7/8     0.67    0.12    0.79     1       0    0/0       118       15        RANDOM/0.0  RANDOM
100      bt/T/  NIL/T/  T    5448756273  7.4     797     130     12/13   0.7     0.16    0.86     1       0    0/0       288       30        RANDOM/0.0  RANDOM
100      bt/T/  NIL/T/  T    8634259052  6.8     798     105     8/9     0.62    0.16    0.78     1       0    0/0       167       18        RANDOM/0.0  RANDOM
200      bt/T/  NIL/T/  T    1414384866  10.0    1446    242     7/8     2.3     0.55    2.85     1       0    0/0       190       15        RANDOM/0.0  RANDOM
200      bt/T/  NIL/T/  T    1621232424  8.0     1411    175     14/15   2.35    0.28    2.63     1       0    0/0       340       36        RANDOM/0.0  RANDOM
200      bt/T/  NIL/T/  T    1972691557  7.8     1407    109     9/10    2.34    0.15    2.49     1       0    0/0       224       21        RANDOM/0.0  RANDOM
200      bt/T/  NIL/T/  T    2028154060  9.6     1423    322     13/14   2.32    0.83    3.15     1       0    0/0       400       33        RANDOM/0.0  RANDOM
200      bt/T/  NIL/T/  T    2175312090  9.8     1418    356     18/19   2.29    0.64    2.94     1       0    0/0       527       47        RANDOM/0.0  RANDOM
200      bt/T/  NIL/T/  T    2258260002  8.2     1417    168     13/14   2.33    0.3     2.63     1       0    0/0       345       32        RANDOM/0.0  RANDOM
200      bt/T/  NIL/T/  T    4997565789  12.2    1479    762     16/17   2.3     2.73    5.03     1       0    0/0       630       42        RANDOM/0.0  RANDOM
200      bt/T/  NIL/T/  T    5192471197  7.8     1418    154     11/12   2.28    0.27    2.55     1       0    0/0       267       26        RANDOM/0.0  RANDOM
200      bt/T/  NIL/T/  T    5448756273  9.2     1422    189     14/15   2.32    0.4     2.72     1       0    0/0       413       35        RANDOM/0.0  RANDOM
200      bt/T/  NIL/T/  T    8634259052  9.2     1444    210     7/8     2.3     0.6     2.9      1       0    0/0       177       15        RANDOM/0.0  RANDOM
300      bt/T/  NIL/T/  T    1414384866  12.8    2094    385     8/9     5.23    1.46    6.69     1       0    0/0       304       18        RANDOM/0.0  RANDOM
300      bt/T/  NIL/T/  T    1621232424  9.6     2038    278     8/9     5.11    0.81    5.92     1       0    0/0       221       18        RANDOM/0.0  RANDOM
300      bt/T/  NIL/T/  T    1972691557  9.8     2040    212     12/13   5.1     0.48    5.58     1       0    0/0       385       29        RANDOM/0.0  RANDOM
300      bt/T/  NIL/T/  T    2028154060  11.8    2076    534     26/27   5.31    2.63    7.94     1       0    0/0       850       72        RANDOM/0.0  RANDOM
300      bt/T/  NIL/T/  T    2175312090  12.6    2072    416     19/21   5.17    1.27    6.44     2       0    0/0       785       51        RANDOM/0.0  RANDOM
300      bt/T/  NIL/T/  T    2258260002  12.4    2081    455     10/12   5.1     1.93    7.03     2       0    0/0       395       24        RANDOM/0.0  RANDOM
300      bt/T/  NIL/T/  T    4997565789  14.6    2115    1001    17/18   5.11    6.32    11.43    1       0    0/0       832       45        RANDOM/0.0  RANDOM
300      bt/T/  NIL/T/  T    5192471197  11.4    2077    471     11/12   5.14    2.22    7.36     1       0    0/0       400       27        RANDOM/0.0  RANDOM
300      bt/T/  NIL/T/  T    5448756273  10.2    2044    179     13/14   5.15    0.52    5.67     1       0    0/0       441       33        RANDOM/0.0  RANDOM
300      bt/T/  NIL/T/  T    8634259052  12.0    2096    466     10/11   5.16    2.27    7.43     1       0    0/0       378       24        RANDOM/0.0  RANDOM
400      bt/T/  NIL/T/  T    1414384866  14.6    2720    692     22/23   9.25    4.0     13.25    1       0    0/0       1058      60        RANDOM/0.0  RANDOM
400      bt/T/  NIL/T/  T    1621232424  11.4    2672    367     17/18   9.08    1.68    10.76    1       0    0/0       652       45        RANDOM/0.0  RANDOM
400      bt/T/  NIL/T/  T    1972691557  11.8    2671    236     12/13   9.09    0.62    9.71     1       0    0/0       486       30        RANDOM/0.0  RANDOM
400      bt/T/  NIL/T/  T    2028154060  15.8    2747    759     31/32   9.2     5.24    14.44    1       0    0/0       1462      87        RANDOM/0.0  RANDOM
400      bt/T/  NIL/T/  T    2175312090  15.2    2723    474     20/22   9.12    2.1     11.22    2       0    0/0       1048      54        RANDOM/0.0  RANDOM
400      bt/T/  NIL/T/  T    2258260002  15.0    2726    888     28/30   9.11    5.33    14.44    2       0    0/0       1271      75        RANDOM/0.0  RANDOM
400      bt/T/  NIL/T/  T    4997565789  17.0    2754    559     18/19   9.21    2.78    11.99    1       0    0/0       1097      48        RANDOM/0.0  RANDOM
400      bt/T/  NIL/T/  T    5192471197  14.6    2732    296     14/15   9.12    1.0     10.12    1       0    0/0       730       36        RANDOM/0.0  RANDOM
400      bt/T/  NIL/T/  T    5448756273  12.4    2682    508     11/12   9.1     2.48    11.58    1       0    0/0       438       27        RANDOM/0.0  RANDOM
400      bt/T/  NIL/T/  T    8634259052  14.0    2725    828     23/24   9.2     4.63    13.83    1       0    0/0       1022      63        RANDOM/0.0  RANDOM
500      bt/T/  NIL/T/  T    1414384866  17.4    3367    1001    14/15   14.21   7.33    21.54    1       0    0/0       844       36        RANDOM/0.0  RANDOM
500      bt/T/  NIL/T/  T    1621232424  13.4    3299    523     20/21   14.29   3.23    17.52    1       0    0/0       882       54        RANDOM/0.0  RANDOM
500      bt/T/  NIL/T/  T    1972691557  13.8    3319    245     12/13   14.39   0.94    15.33    1       0    0/0       586       30        RANDOM/0.0  RANDOM
500      bt/T/  NIL/T/  T    2028154060  18.6    3385    1112    24/25   14.24   7.83    22.07    1       0    0/0       1578      66        RANDOM/0.0  RANDOM
500      bt/T/  NIL/T/  T    2175312090  17.2    3360    738     11/13   14.21   6.39    20.6     2       0    0/0       633       27        RANDOM/0.0  RANDOM
500      bt/T/  NIL/T/  T    2258260002  18.6    3400    567     20/22   14.49   2.81    17.3     2       0    0/0       1348      53        RANDOM/0.0  RANDOM
500      bt/T/  NIL/T/  T    4997565789  19.0    3399    1044    24/25   15.26   11.3    26.56    1       0    0/0       1599      65        RANDOM/0.0  RANDOM
500      bt/T/  NIL/T/  T    5192471197  18.4    3394    602     20/21   15.79   2.57    18.36    1       0    0/0       1323      53        RANDOM/0.0  RANDOM
500      bt/T/  NIL/T/  T    5448756273  15.2    3325    419     17/18   14.59   1.99    16.58    1       0    0/0       908       44        RANDOM/0.0  RANDOM
500      bt/T/  NIL/T/  T    8634259052  16.8    3370    1176    27/28   14.59   8.84    23.43    1       0    0/0       1466      75        RANDOM/0.0  RANDOM
600      bt/T/  NIL/T/  T    1414384866  20.2    4014    649     20/21   21.03   3.84    24.87    1       0    0/0       1487      54        RANDOM/0.0  RANDOM
600      bt/T/  NIL/T/  T    1621232424  14.4    3921    558     10/11   20.78   4.89    25.67    1       0    0/0       461       24        RANDOM/0.0  RANDOM
600      bt/T/  NIL/T/  T    1972691557  16.4    3951    919     14/15   20.94   9.92    30.86    1       0    0/0       790       36        RANDOM/0.0  RANDOM
600      bt/T/  NIL/T/  T    2028154060  20.0    4011    1446    37/38   20.81   15.43   36.24    1       0    0/0       2280      105       RANDOM/0.0  RANDOM
600      bt/T/  NIL/T/  T    2175312090  19.6    4008    962     12/14   21.05   10.27   31.32    2       0    0/0       810       30        RANDOM/0.0  RANDOM
600      bt/T/  NIL/T/  T    2258260002  20.8    4038    583     20/22   20.72   3.57    24.29    2       0    0/0       1546      53        RANDOM/0.0  RANDOM
600      bt/T/  NIL/T/  T    4997565789  23.0    4058    2025    38/39   20.87   20.17   41.04    1       0    0/0       2870      108       RANDOM/0.0  RANDOM
600      bt/T/  NIL/T/  T    5192471197  19.6    4025    1263    26/27   20.87   11.74   32.61    1       0    0/0       1761      72        RANDOM/0.0  RANDOM
600      bt/T/  NIL/T/  T    5448756273  18.6    3977    1052    27/28   23.16   9.32    32.49    1       0    0/0       1726      75        RANDOM/0.0  RANDOM
600      bt/T/  NIL/T/  T    8634259052  19.6    4012    1704    36/37   21.37   15.67   37.04    1       0    0/0       2173      102       RANDOM/0.0  RANDOM
700      bt/T/  NIL/T/  T    1414384866  23.4    4659    891     24/25   29.38   6.74    36.13    1       0    0/0       2139      66        RANDOM/0.0  RANDOM
700      bt/T/  NIL/T/  T    1621232424  17.2    4582    445     19/20   29.69   3.19    32.88    1       0    0/0       1172      51        RANDOM/0.0  RANDOM
700      bt/T/  NIL/T/  T    1972691557  18.2    4582    343     14/15   29.51   2.17    31.68    1       0    0/0       945       36        RANDOM/0.0  RANDOM
700      bt/T/  NIL/T/  T    2028154060  24.4    4693    2117    42/43   29.35   26.43   55.78    1       0    0/0       3315      120       RANDOM/0.0  RANDOM
700      bt/T/  NIL/T/  T    2175312090  21.2    4646    683     23/25   28.94   5.84    34.78    2       0    0/0       1788      63        RANDOM/0.0  RANDOM
700      bt/T/  NIL/T/  T    2258260002  23.0    4683    2005    40/42   29.22   21.53   50.77    2       0    0/0       2961      114       RANDOM/0.0  RANDOM
700      bt/T/  NIL/T/  T    4997565789  26.4    4719    2593    42/43   28.72   32.23   60.96    1       0    0/0       3671      120       RANDOM/0.0  RANDOM
700      bt/T/  NIL/T/  T    5192471197  22.0    4656    642     22/23   29.05   4.58    33.63    1       0    0/0       1791      59        RANDOM/0.0  RANDOM
700      bt/T/  NIL/T/  T    5448756273  22.6    4646    873     25/26   29.57   5.87    35.44    1       0    0/0       2063      68        RANDOM/0.0  RANDOM
700      bt/T/  NIL/T/  T    8634259052  21.8    4665    2147    39/40   29.55   25.12   54.68    1       0    0/0       2658      111       RANDOM/0.0  RANDOM
800      bt/T/  NIL/T/  T    1414384866  27.6    5329    2552    21/22   38.43   36.23   74.66    1       0    0/0       2169      57        RANDOM/0.0  RANDOM
800      bt/T/  NIL/T/  T    1621232424  20.6    5236    1084    13/14   38.89   12.77   51.66    1       0    0/0       936       33        RANDOM/0.0  RANDOM
800      bt/T/  NIL/T/  T    1972691557  20.4    5242    408     15/16   37.8    2.78    40.58    1       0    0/0       1153      39        RANDOM/0.0  RANDOM
800      bt/T/  NIL/T/  T    2028154060  26.4    5326    2473    38/39   38.25   30.58   68.83    1       0    0/0       3441      108       RANDOM/0.0  RANDOM
800      bt/T/  NIL/T/  T    2175312090  23.8    5298    1880    31/33   41.06   22.38   63.45    2       0    0/0       2594      87        RANDOM/0.0  RANDOM
800      bt/T/  NIL/T/  T    2258260002  25.6    5323    2537    44/46   41.55   37.06   78.61    2       0    0/0       3561      120       RANDOM/0.0  RANDOM
800      bt/T/  NIL/T/  T    4997565789  30.2    5379    3232    24/25   30.71   47.72   78.44    1       0    0/0       2739      66        RANDOM/0.0  RANDOM
800      bt/T/  NIL/T/  T    5192471197  25.0    5312    2254    48/49   32.26   27.57   59.83    1       0    0/0       3642      138       RANDOM/0.0  RANDOM
800      bt/T/  NIL/T/  T    5448756273  25.0    5293    1991    39/40   32.03   23.31   55.34    1       0    0/0       3280      110       RANDOM/0.0  RANDOM
800      bt/T/  NIL/T/  T    8634259052  24.6    5311    769     20/21   32.16   6.33    38.49    1       0    0/0       1870      53        RANDOM/0.0  RANDOM
900      bt/T/  NIL/T/  T    1414384866  30.0    5962    2878    50/51   40.37   39.66   80.03    1       0    0/0       4908      139       RANDOM/0.0  RANDOM
900      bt/T/  NIL/T/  T    1621232424  22.8    5873    751     22/23   41.23   5.59    46.82    1       0    0/0       1868      59        RANDOM/0.0  RANDOM
900      bt/T/  NIL/T/  T    1972691557  22.6    5883    1510    16/17   40.17   22.51   62.68    1       0    0/0       1309      42        RANDOM/0.0  RANDOM
900      bt/T/  NIL/T/  T    2028154060  28.8    5965    3020    49/50   37.84   41.29   79.13    1       0    0/0       4548      140       RANDOM/0.0  RANDOM
900      bt/T/  NIL/T/  T    2175312090  26.6    5953    1701    15/17   38.25   23.45   61.7     2       0    0/0       1462      39        RANDOM/0.0  RANDOM
900      bt/T/  NIL/T/  T    2258260002  28.2    5973    1151    27/29   39.14   9.47    48.61    2       0    0/0       2892      73        RANDOM/0.0  RANDOM
900      bt/T/  NIL/T/  T    4997565789  32.4    6009    1624    29/30   37.94   15.77   53.71    1       0    0/0       3602      79        RANDOM/0.0  RANDOM
900      bt/T/  NIL/T/  T    5192471197  28.4    5969    2656    37/38   37.66   29.43   67.09    1       0    0/0       3722      105       RANDOM/0.0  RANDOM
900      bt/T/  NIL/T/  T    5448756273  26.2    5913    2222    38/39   38.84   24.14   62.98    1       0    0/0       3408      108       RANDOM/0.0  RANDOM
900      bt/T/  NIL/T/  T    8634259052  26.8    5939    866     20/21   38.77   6.44    45.21    1       0    0/0       2065      53        RANDOM/0.0  RANDOM
1000     bt/T/  NIL/T/  T    1414384866  33.2    6624    1947    35/36   47.48   20.19   67.67    1       0    0/0       4410      95        RANDOM/0.0  RANDOM
1000     bt/T/  NIL/T/  T    1621232424  25.0    6506    2306    37/38   47.77   26.61   74.38    1       0    0/0       3113      104       RANDOM/0.0  RANDOM
1000     bt/T/  NIL/T/  T    1972691557  24.6    6516    2470    40/41   46.73   33.26   79.99    1       0    0/0       3160      110       RANDOM/0.0  RANDOM
1000     bt/T/  NIL/T/  T    2028154060  31.4    6602    1331    28/29   46.94   11.67   58.62    1       0    0/0       3383      77        RANDOM/0.0  RANDOM
1000     bt/T/  NIL/T/  T    2175312090  30.0    6622    3051    53/55   48.0    40.16   88.16    2       0    0/0       5101      150       RANDOM/0.0  RANDOM
1000     bt/T/  NIL/T/  T    2258260002  31.8    6648    3403    52/54   47.15   47.97   95.12    2       0    0/0       5394      143       RANDOM/0.0  RANDOM
1000     bt/T/  NIL/T/  T    4997565789  35.0    6656    1833    31/32   49.09   21.74   70.83    1       0    0/0       4188      85        RANDOM/0.0  RANDOM
1000     bt/T/  NIL/T/  T    5192471197  30.4    6607    3181    42/43   47.89   39.38   87.27    1       0    0/0       4505      120       RANDOM/0.0  RANDOM
1000     bt/T/  NIL/T/  T    5448756273  29.4    6575    2296    18/19   47.43   33.23   80.66    1       0    0/0       1986      48        RANDOM/0.0  RANDOM
1000     bt/T/  NIL/T/  T    8634259052  29.0    6572    871     22/23   47.79   7.53    55.32    1       0    0/0       2474      59        RANDOM/0.0  RANDOM
