Size     Mo/NC/ AC/ FC/ DR   Ident       Dsize   NCC     TCC     BT/V       AP      S       Total    NumS    BJ   TypA/B    FCcost    DRcost    AS/AStime   ConsS

100      bt/T/  NIL/NIL/NIL  1414384866  6.2     781     69      8/57       0.75    0.14    0.9      1       0    0/0       0         0         RAND/0.0  RAND
100      bt/T/  NIL/NIL/NIL  1621232424  4.8     760     81      34/91      0.68    0.12    0.8      1       0    0/0       0         0         RAND/0.0  RAND
100      bt/T/  NIL/NIL/NIL  1972691557  5.8     755     288     50/269     0.64    0.51    1.15     1       0    0/0       0         0         RAND/0.0  RAND
100      bt/T/  NIL/NIL/NIL  2028154060  7.4     788     315     79/324     0.7     0.52    1.22     1       0    0/0       0         0         RAND/0.0  RAND
100      bt/T/  NIL/NIL/NIL  2175312090  5.6     757     417     81/421     0.63    0.74    1.37     1       0    0/0       0         0         RAND/0.0  RAND
100      bt/T/  NIL/NIL/NIL  2258260002  5.6     774     46      6/36       0.65    0.06    0.71     1       0    0/0       0         0         RAND/0.0  RAND
100      bt/T/  NIL/NIL/NIL  4997565789  7.8     805     699     107/667    0.65    1.75    2.4      1       0    0/0       0         0         RAND/0.0  RAND
100      bt/T/  NIL/NIL/NIL  5192471197  5.8     778     54      7/41       0.66    0.08    0.74     1       0    0/0       0         0         RAND/0.0  RAND
100      bt/T/  NIL/NIL/NIL  5448756273  7.4     797     588     69/582     0.72    1.57    2.3      1       0    0/0       0         0         RAND/0.0  RAND
100      bt/T/  NIL/NIL/NIL  8634259052  6.8     798     477     60/446     0.69    1.11    1.8      1       0    0/0       0         0         RAND/0.0  RAND
200      bt/T/  NIL/NIL/NIL  1414384866  10.0    1446    120     8/94       2.39    0.21    2.61     1       0    0/0       0         0         RAND/0.0  RAND
200      bt/T/  NIL/NIL/NIL  1621232424  8.0     1411    1072    111/926    2.48    3.41    5.89     1       0    0/0       0         0         RAND/0.0  RAND
200      bt/T/  NIL/NIL/NIL  1972691557  7.8     1407    1017    91/864     2.42    3.72    6.15     1       0    0/0       0         0         RAND/0.0  RAND
200      bt/T/  NIL/NIL/NIL  2028154060  9.6     1423    246     13/201     2.56    0.75    3.31     1       0    0/0       0         0         RAND/0.0  RAND
200      bt/T/  NIL/NIL/NIL  2175312090  9.8     1418    165     18/134     2.41    0.36    2.77     1       0    0/0       0         0         RAND/0.0  RAND
200      bt/T/  NIL/NIL/NIL  2258260002  8.2     1417    1081    133/1061   2.36    3.66    6.02     1       0    0/0       0         0         RAND/0.0  RAND
200      bt/T/  NIL/NIL/NIL  4997565789  12.2    1479    251     16/205     2.35    0.71    3.06     1       0    0/0       0         0         RAND/0.0  RAND
200      bt/T/  NIL/NIL/NIL  5192471197  7.8     1418    611     87/569     2.33    1.52    3.85     1       0    0/0       0         0         RAND/0.0  RAND
200      bt/T/  NIL/NIL/NIL  5448756273  9.2     1422    1727    151/1600   2.3     8.38    10.68    1       0    0/0       0         0         RAND/0.0  RAND
200      bt/T/  NIL/NIL/NIL  8634259052  9.2     1444    155     12/130     2.28    0.45    2.73     1       0    0/0       0         0         RAND/0.0  RAND
300      bt/T/  NIL/NIL/NIL  1414384866  12.8    2094    239     13/190     5.34    0.73    6.07     1       0    0/0       0         0         RAND/0.0  RAND
300      bt/T/  NIL/NIL/NIL  1621232424  9.6     2038    107     8/92       5.28    0.36    5.64     1       0    0/0       0         0         RAND/0.0  RAND
300      bt/T/  NIL/NIL/NIL  1972691557  9.8     2040    1885    113/1536   5.2     10.55   15.75    1       0    0/0       0         0         RAND/0.0  RAND
300      bt/T/  NIL/NIL/NIL  2028154060  11.8    2076    3288    240/2777   5.12    21.07   26.19    1       0    0/0       0         0         RAND/0.0  RAND
300      bt/T/  NIL/NIL/NIL  2175312090  12.6    2072    4003    300/3444   5.17    23.85   29.02    2       0    0/0       0         0         RAND/0.0  RAND
300      bt/T/  NIL/NIL/NIL  2258260002  12.4    2081    217     13/177     5.16    0.59    5.75     2       0    0/0       0         0         RAND/0.0  RAND
300      bt/T/  NIL/NIL/NIL  4997565789  14.6    2115    306     18/255     5.34    1.24    6.58     1       0    0/0       0         0         RAND/0.0  RAND
300      bt/T/  NIL/NIL/NIL  5192471197  11.4    2077    278     16/246     5.1     1.64    6.74     1       0    0/0       0         0         RAND/0.0  RAND
300      bt/T/  NIL/NIL/NIL  5448756273  10.2    2044    2199    161/2020   5.13    14.7    19.83    1       0    0/0       0         0         RAND/0.0  RAND
300      bt/T/  NIL/NIL/NIL  8634259052  12.0    2096    135     10/114     5.19    0.41    5.6      1       0    0/0       0         0         RAND/0.0  RAND
400      bt/T/  NIL/NIL/NIL  1414384866  14.6    2720    2154    287/1915   9.33    18.24   27.57    1       0    0/0       0         0         RAND/0.0  RAND
400      bt/T/  NIL/NIL/NIL  1621232424  11.4    2672    5638    422/5206   9.14    49.83   58.97    1       0    0/0       0         0         RAND/0.0  RAND
400      bt/T/  NIL/NIL/NIL  1972691557  11.8    2671    157     12/139     9.43    0.55    9.98     1       0    0/0       0         0         RAND/0.0  RAND
400      bt/T/  NIL/NIL/NIL  2028154060  15.8    2747    600     32/490     9.26    3.62    12.89    1       0    0/0       0         0         RAND/0.0  RAND
400      bt/T/  NIL/NIL/NIL  2175312090  15.2    2723    16100   731/12815  9.26  290.79   300.05    2       0    0/0       0         0         RAND/0.0  RAND
400      bt/T/  NIL/NIL/NIL  2175312090  15.2    2723    17164   777/13666  9.26  334.3    343.56    2       0    0/0       0         0         RAND/0.0  RAND
400      bt/T/  NIL/NIL/NIL  2258260002  15.0    2726    505     40/450     9.3     3.31    12.61    2       0    0/0       0         0         RAND/0.0  RAND
400      bt/T/  NIL/NIL/NIL  4997565789  17.0    2754    14071   776/11782  9.32  253.28   262.6     1       0    0/0       0         0         RAND/0.0  RAND
400      bt/T/  NIL/NIL/NIL  5192471197  14.6    2732    429     34/373     10.46   1.87    12.33    1       0    0/0       0         0         RAND/0.0  RAND
400      bt/T/  NIL/NIL/NIL  5448756273  12.4    2682    216     13/174     9.18    0.87    10.05    1       0    0/0       0         0         RAND/0.0  RAND
400      bt/T/  NIL/NIL/NIL  8634259052  14.0    2725    5407    219/4511   9.34    51.52   60.86    1       0    0/0       0         0         RAND/0.0  RAND
500      bt/T/  NIL/NIL/NIL  1414384866  17.4    3367    583     23/524     15.03   5.67    20.7     1       0    0/0       0         0         RAND/0.0  RAND
500      bt/T/  NIL/NIL/NIL  1621232424  13.4    3299    5067    284/4245   14.69   52.13   66.83    1       0    0/0       0         0         RAND/0.0  RAND
500      bt/T/  NIL/NIL/NIL  1972691557  13.8    3319    3167    314/3074   14.61   20.5    35.11    1       0    0/0       0         0         RAND/0.0  RAND
500      bt/T/  NIL/NIL/NIL  2028154060  18.6    3385    307     24/273     14.52   2.38    16.9     1       0    0/0       0         0         RAND/0.0  RAND
500      bt/T/  NIL/NIL/NIL  2175312090  17.2    3360    685     29/572     14.58   5.79    20.37    2       0    0/0       0         0         RAND/0.0  RAND
500      bt/T/  NIL/NIL/NIL  2258260002  18.6    3400    15315   1216/14212 14.61 326.88   341.49    2       0    0/0       0         0         RAND/0.0  RAND
500      bt/T/  NIL/NIL/NIL  4997565789  19.0    3399    3877    209/3584   14.61   53.49   68.1     1       0    0/0       0         0         RAND/0.0  RAND
500      bt/T/  NIL/NIL/NIL  5192471197  18.4    3394    4990    370/4283   14.91   42.36   57.27    1       0    0/0       0         0         RAND/0.0  RAND
500      bt/T/  NIL/NIL/NIL  5448756273  15.2    3325    247     17/205     14.64   1.24    15.88    1       0    0/0       0         0         RAND/0.0  RAND
500      bt/T/  NIL/NIL/NIL  8634259052  16.8    3370    8894    311/7427   16.16   127.41  143.57   1       0    0/0       0         0         RAND/0.0  RAND
600      bt/T/  NIL/NIL/NIL  1414384866  20.2    4014    13094   773/11276  17.22   193.4   210.62   1       0    0/0       0         0         RAND/0.0  RAND
600      bt/T/  NIL/NIL/NIL  1621232424  14.4    3921    181     10/156     17.9    0.93    18.83    1       0    0/0       0         0         RAND/0.0  RAND
600      bt/T/  NIL/NIL/NIL  1972691557  16.4    3951    264     16/222     17.6    1.17    18.77    1       0    0/0       0         0         RAND/0.0  RAND
600      bt/T/  NIL/NIL/NIL  2028154060  20.0    4011    631     48/582     17.24   6.53    23.77    1       0    0/0       0         0         RAND/0.0  RAND
600      bt/T/  NIL/NIL/NIL  2175312090  19.6    4008    355     13/301     18.24   2.67    20.91    2       0    0/0       0         0         RAND/0.0  RAND
600      bt/T/  NIL/NIL/NIL  2258260002  20.8    4038    12134   1068/10530 17.17 160.34   177.51    2       0    0/0       0         0         RAND/0.0  RAND
600      bt/T/  NIL/NIL/NIL  4997565789  23.0    4058    5453    251/4595   17.14   63.95   81.09    1       0    0/0       0         0         RAND/0.0  RAND
600      bt/T/  NIL/NIL/NIL  5192471197  19.6    4025    4986    393/4487   16.67   62.42   79.09    1       0    0/0       0         0         RAND/0.0  RAND
600      bt/T/  NIL/NIL/NIL  5448756273  18.6    3977    1625    82/1330    16.56   9.28    25.85    1       0    0/0       0         0         RAND/0.0  RAND
600      bt/T/  NIL/NIL/NIL  8634259052  19.6    4012    6459    431/5617   16.83   80.02   96.86    1       0    0/0       0         0         RAND/0.0  RAND
700      bt/T/  NIL/NIL/NIL  1414384866  23.4    4659    523     25/446     22.76   3.03    25.79    1       0    0/0       0         0         RAND/0.0  RAND
700      bt/T/  NIL/NIL/NIL  1621232424  17.2    4582    3169    386/3000   22.97   24.59   47.57    1       0    0/0       0         0         RAND/0.0  RAND
700      bt/T/  NIL/NIL/NIL  1972691557  18.2    4582    279     15/232     22.75   1.59    24.34    1       0    0/0       0         0         RAND/0.0  RAND
700      bt/T/  NIL/NIL/NIL  2028154060  24.4    4693    5049    279/4766   23.09   70.18   93.27    1       0    0/0       0         0         RAND/0.0  RAND
700      bt/T/  NIL/NIL/NIL  2175312090  21.2    4646    311     23/277     22.81   2.09    24.9     2       0    0/0       0         0         RAND/0.0  RAND
> Time limit bound exceeded  < 600 > 
700      bt/T/  NIL/NIL/NIL  2258260002  23.0    4683    23117   777/18114  22.84  577.26  600.11    2       0    0/0       0         0         RAND/0.0  RAND
700      bt/T/  NIL/NIL/NIL  4997565789  26.4    4719    3894    145/3263   22.75   46.73   69.48    1       0    0/0       0         0         RAND/0.0  RAND
> Time limit bound exceeded  < 600 > 
700      bt/T/  NIL/NIL/NIL  5192471197  22.0    4656    20652   768/17765  22.57  578.57  601.14    1       0    0/0       0         0         RAND/0.0  RAND
700      bt/T/  NIL/NIL/NIL  5448756273  22.6    4646    459     26/393     24.36   2.74    27.1     1       0    0/0       0         0         RAND/0.0  RAND
700      bt/T/  NIL/NIL/NIL  8634259052  21.8    4665    1951    65/1597    22.62   17.48   40.1     1       0    0/0       0         0         RAND/0.0  RAND
800      bt/T/  NIL/NIL/NIL  1414384866  27.6    5329    992     30/818     30.31   7.39    37.7     1       0    0/0       0         0         RAND/0.0  RAND
800      bt/T/  NIL/NIL/NIL  1621232424  20.6    5236    396     16/329     29.96   2.51    32.47    1       0    0/0       0         0         RAND/0.0  RAND
800      bt/T/  NIL/NIL/NIL  1972691557  20.4    5242    506     31/450     29.88   3.06    32.94    1       0    0/0       0         0         RAND/0.0  RAND
800      bt/T/  NIL/NIL/NIL  2028154060  26.4    5326    3276    124/2702   29.7    34.92   64.62    1       0    0/0       0         0         RAND/0.0  RAND
> Time limit bound exceeded  < 600 > 
800      bt/T/  NIL/NIL/NIL  2175312090  23.8    5298    20809   512/17123  30.03  570.0   600.03    2       0    0/0       0         0         RAND/0.0  RAND
800      bt/T/  NIL/NIL/NIL  2258260002  25.6    5323    9784    778/9830   29.96   269.24  299.21   2       0    0/0       0         0         RAND/0.0  RAND
800      bt/T/  NIL/NIL/NIL  4997565789  30.2    5379    1249    24/1031    29.91   16.33   46.24    1       0    0/0       0         0         RAND/0.0  RAND
> Time limit bound exceeded  < 600 > 
800      bt/T/  NIL/NIL/NIL  5192471197  25.0    5312    17004   1272/17079 30.78  569.26  600.04    1       0    0/0       0         0         RAND/0.0  RAND
800      bt/T/  NIL/NIL/NIL  5448756273  25.0    5293    7589    395/7118   31.08   108.34  139.42   1       0    0/0       0         0         RAND/0.0  RAND
800      bt/T/  NIL/NIL/NIL  8634259052  24.6    5311    11170   550/9741   29.97   167.62  197.59   1       0    0/0       0         0         RAND/0.0  RAND
> Time limit bound exceeded  < 600 > 
900      bt/T/  NIL/NIL/NIL  1414384866  30.0    5962    16695   744/15956  39.44   560.59  600.03   1       0    0/0       0         0         RAND/0.0  RAND
900      bt/T/  NIL/NIL/NIL  1621232424  22.8    5873    8125    544/6895   39.3    100.64  139.94   1       0    0/0       0         0         RAND/0.0  RAND
900      bt/T/  NIL/NIL/NIL  1972691557  22.6    5883    519     23/439     38.57   4.2     42.77    1       0    0/0       0         0         RAND/0.0  RAND
900      bt/T/  NIL/NIL/NIL  2028154060  28.8    5965    1906    86/1744    38.09   26.27   64.36    1       0    0/0       0         0         RAND/0.0  RAND
900      bt/T/  NIL/NIL/NIL  2175312090  26.6    5953    704     18/594     38.95   7.79    46.74    2       0    0/0       0         0         RAND/0.0  RAND
> Time limit bound exceeded  < 600 > 
900      bt/T/  NIL/NIL/NIL  2258260002  28.2    5973    20312   551/16477  38.29   561.76  600.05   2       0    0/0       0         0         RAND/0.0  RAND
> Time limit bound exceeded  < 600 > 
900      bt/T/  NIL/NIL/NIL  4997565789  32.4    6009    20748   689/16898  39.18   560.87  600.05   1       0    0/0       0         0         RAND/0.0  RAND
900      bt/T/  NIL/NIL/NIL  5192471197  28.4    5969    2163    40/1798    39.32   22.9    62.22    1       0    0/0       0         0         RAND/0.0  RAND
900      bt/T/  NIL/NIL/NIL  5448756273  26.2    5913    3218    128/2760   38.04   39.1    77.14    1       0    0/0       0         0         RAND/0.0  RAND
> Time limit bound exceeded  < 600 > 
900      bt/T/  NIL/NIL/NIL  8634259052  26.8    5939    19428   567/16511  38.23  561.88  600.11    1       0    0/0       0         0         RAND/0.0  RAND
1000     bt/T/  NIL/NIL/NIL  1414384866  33.2    6624    1083    35/893     49.13   10.73   59.86    1       0    0/0       0         0         RAND/0.0  RAND
> Time limit bound exceeded  < 600 > 
1000     bt/T/  NIL/NIL/NIL  1621232424  25.0    6506    20064   408/16329  47.76  552.27  600.03    1       0    0/0       0         0         RAND/0.0  RAND
1000     bt/T/  NIL/NIL/NIL  1972691557  24.6    6516    6786    353/6318   48.57   129.11  177.68   1       0    0/0       0         0         RAND/0.0  RAND
> Time limit bound exceeded  < 600 > 
1000     bt/T/  NIL/NIL/NIL  2028154060  31.4    6602    18682   342/15443  48.68  551.35  600.03    1       0    0/0       0         0         RAND/0.0  RAND
> Time limit bound exceeded  < 600 > 
1000     bt/T/  NIL/NIL/NIL  2175312090  30.0    6622    19503   664/16756  47.51  552.52  600.03    2       0    0/0       0         0         RAND/0.0  RAND
> Time limit bound exceeded  < 600 > 
1000     bt/T/  NIL/NIL/NIL  2258260002  31.8    6648    19708   591/16668  47.73  553.86  601.6     2       0    0/0       0         0         RAND/0.0  RAND
1000     bt/T/  NIL/NIL/NIL  4997565789  35.0    6656    1471    37/1208    47.73   19.88   67.61    1       0    0/0       0         0         RAND/0.0  RAND
1000     bt/T/  NIL/NIL/NIL  5192471197  30.4    6607    780     42/684     49.37   12.37   61.74    1       0    0/0       0         0         RAND/0.0  RAND
1000     bt/T/  NIL/NIL/NIL  5448756273  29.4    6575    890     19/775     47.45   12.65   60.11    1       0    0/0       0         0         RAND/0.0  RAND
> Time limit bound exceeded  < 600 > 
1000     bt/T/  NIL/NIL/NIL  8634259052  29.0    6572    18990   379/15962  47.94  552.09  600.03    1       0    0/0       0         0         RAND/0.0  RAND
