Size     Mo/NC/ AC/ FC/ DR   Ident       Dsize   NCC     TCC     BT/V      AP      S       Total    NumS    BJ   TypA/B    FCcost    DRcost    AS/AStime   ConsS

100      bj/T/  NIL/NIL/NIL  1414384866  6.2     781     63      8/51      0.76    0.08    0.84     1       1    0/0       0         0         RAND/0.0  RAND
100      bj/T/  NIL/NIL/NIL  1621232424  4.8     760     44      20/49     0.68    0.06    0.74     1       7    0/0       0         0         RAND/0.0  RAND
100      bj/T/  NIL/NIL/NIL  1972691557  5.8     755     101     20/89     0.64    0.12    0.76     1       5    0/0       0         0         RAND/0.0  RAND
100      bj/T/  NIL/NIL/NIL  2028154060  7.4     788     121     28/107    0.65    0.15    0.8      1       6    0/0       0         0         RAND/0.0  RAND
100      bj/T/  NIL/NIL/NIL  2175312090  5.6     757     136     37/129    0.65    0.17    0.82     1       13   0/0       0         0         RAND/0.0  RAND
100      bj/T/  NIL/NIL/NIL  2258260002  5.6     774     46      6/36      0.63    0.06    0.69     1       0    0/0       0         0         RAND/0.0  RAND
100      bj/T/  NIL/NIL/NIL  4997565789  7.8     805     205     43/187    0.64    0.41    1.05     1       15   0/0       0         0         RAND/0.0  RAND
100      bj/T/  NIL/NIL/NIL  5192471197  5.8     778     54      7/41      0.66    0.08    0.74     1       0    0/0       0         0         RAND/0.0  RAND
100      bj/T/  NIL/NIL/NIL  5448756273  7.4     797     166     34/167    0.72    0.31    1.03     1       5    0/0       0         0         RAND/0.0  RAND
100      bj/T/  NIL/NIL/NIL  8634259052  6.8     798     118     28/102    0.69    0.21    0.9      1       12   0/0       0         0         RAND/0.0  RAND
200      bj/T/  NIL/NIL/NIL  1414384866  10.0    1446    112     8/88      2.29    0.24    2.53     1       1    0/0       0         0         RAND/0.0  RAND
200      bj/T/  NIL/NIL/NIL  1621232424  8.0     1411    211     49/193    2.37    0.4     2.77     1       10   0/0       0         0         RAND/0.0  RAND
200      bj/T/  NIL/NIL/NIL  1972691557  7.8     1407    221     31/181    2.38    0.6     2.98     1       6    0/0       0         0         RAND/0.0  RAND
200      bj/T/  NIL/NIL/NIL  2028154060  9.6     1423    246     13/201    2.48    0.77    3.26     1       0    0/0       0         0         RAND/0.0  RAND
200      bj/T/  NIL/NIL/NIL  2175312090  9.8     1418    165     18/134    2.4     0.36    2.77     1       0    0/0       0         0         RAND/0.0  RAND
200      bj/T/  NIL/NIL/NIL  2258260002  8.2     1417    313     57/304    2.46    0.88    3.34     1       10   0/0       0         0         RAND/0.0  RAND
200      bj/T/  NIL/NIL/NIL  4997565789  12.2    1479    251     16/205    2.48    0.76    3.25     1       0    0/0       0         0         RAND/0.0  RAND
200      bj/T/  NIL/NIL/NIL  5192471197  7.8     1418    251     37/215    2.43    0.49    2.92     1       6    0/0       0         0         RAND/0.0  RAND
200      bj/T/  NIL/NIL/NIL  5448756273  9.2     1422    375     55/358    2.43    1.33    3.76     1       9    0/0       0         0         RAND/0.0  RAND
200      bj/T/  NIL/NIL/NIL  8634259052  9.2     1444    120     12/101    2.34    0.35    2.69     1       2    0/0       0         0         RAND/0.0  RAND
300      bj/T/  NIL/NIL/NIL  1414384866  12.8    2094    202     13/158    5.37    0.63    6.0      1       3    0/0       0         0         RAND/0.0  RAND
300      bj/T/  NIL/NIL/NIL  1621232424  9.6     2038    107     8/92      5.2     0.38    5.58     1       0    0/0       0         0         RAND/0.0  RAND
300      bj/T/  NIL/NIL/NIL  1972691557  9.8     2040    530     47/433    5.24    2.32    7.56     1       8    0/0       0         0         RAND/0.0  RAND
300      bj/T/  NIL/NIL/NIL  2028154060  11.8    2076    461     64/401    5.42    1.98    7.4      1       30   0/0       0         0         RAND/0.0  RAND
300      bj/T/  NIL/NIL/NIL  2175312090  12.6    2072    487     76/436    5.23    1.61    6.84     2       16   0/0       0         0         RAND/0.0  RAND
300      bj/T/  NIL/NIL/NIL  2258260002  12.4    2081    207     13/170    5.11    0.61    5.72     2       1    0/0       0         0         RAND/0.0  RAND
300      bj/T/  NIL/NIL/NIL  4997565789  14.6    2115    298     18/247    5.16    1.21    6.37     1       1    0/0       0         0         RAND/0.0  RAND
300      bj/T/  NIL/NIL/NIL  5192471197  11.4    2077    222     15/196    5.22    1.28    6.5      1       3    0/0       0         0         RAND/0.0  RAND
300      bj/T/  NIL/NIL/NIL  5448756273  10.2    2044    285     44/274    5.27    1.28    6.55     1       9    0/0       0         0         RAND/0.0  RAND
300      bj/T/  NIL/NIL/NIL  8634259052  12.0    2096    135     10/114    5.19    0.42    5.61     1       0    0/0       0         0         RAND/0.0  RAND
400      bj/T/  NIL/NIL/NIL  1414384866  14.6    2720    315     53/277    9.41    1.55    10.96    1       18   0/0       0         0         RAND/0.0  RAND
400      bj/T/  NIL/NIL/NIL  1621232424  11.4    2672    459     74/405    9.27    1.88    11.15    1       23   0/0       0         0         RAND/0.0  RAND
400      bj/T/  NIL/NIL/NIL  1972691557  11.8    2671    157     12/139    9.17    0.52    9.7      1       0    0/0       0         0         RAND/0.0  RAND
400      bj/T/  NIL/NIL/NIL  2028154060  15.8    2747    576     32/479    9.24    3.33    12.58    1       1    0/0       0         0         RAND/0.0  RAND
400      bj/T/  NIL/NIL/NIL  2175312090  15.2    2723    1145    100/941   9.23    5.65    14.89    2       17   0/0       0         0         RAND/0.0  RAND
400      bj/T/  NIL/NIL/NIL  2258260002  15.0    2726    422     38/389    9.31    2.73    12.04    2       1    0/0       0         0         RAND/0.0  RAND
400      bj/T/  NIL/NIL/NIL  4997565789  17.0    2754    848     67/669    9.25    3.92    13.18    1       16   0/0       0         0         RAND/0.0  RAND
400      bj/T/  NIL/NIL/NIL  5192471197  14.6    2732    262     24/222    9.39    0.98    10.37    1       8    0/0       0         0         RAND/0.0  RAND
400      bj/T/  NIL/NIL/NIL  5448756273  12.4    2682    197     13/153    9.17    0.65    9.82     1       1    0/0       0         0         RAND/0.0  RAND
400      bj/T/  NIL/NIL/NIL  8634259052  14.0    2725    728     59/593    9.17    3.81    12.98    1       27   0/0       0         0         RAND/0.0  RAND
500      bj/T/  NIL/NIL/NIL  1414384866  17.4    3367    443     21/390    14.51   3.65    18.16    1       5    0/0       0         0         RAND/0.0  RAND
500      bj/T/  NIL/NIL/NIL  1621232424  13.4    3299    512     63/424    14.3    2.71    17.01    1       29   0/0       0         0         RAND/0.0  RAND
500      bj/T/  NIL/NIL/NIL  1972691557  13.8    3319    409     57/351    14.55   1.57    16.12    1       23   0/0       0         0         RAND/0.0  RAND
500      bj/T/  NIL/NIL/NIL  2028154060  18.6    3385    307     24/273    14.64   2.16    16.8     1       0    0/0       0         0         RAND/0.0  RAND
500      bj/T/  NIL/NIL/NIL  2175312090  17.2    3360    375     20/311    14.49   2.69    17.18    2       5    0/0       0         0         RAND/0.0  RAND
500      bj/T/  NIL/NIL/NIL  2258260002  18.6    3400    1253    155/1133  15.74   5.98    21.72    2       63   0/0       0         0         RAND/0.0  RAND
500      bj/T/  NIL/NIL/NIL  4997565789  19.0    3399    1162    61/989    15.54   10.12   25.67    1       16   0/0       0         0         RAND/0.0  RAND
500      bj/T/  NIL/NIL/NIL  5192471197  18.4    3394    1279    97/1007   14.61   6.01    20.63    1       13   0/0       0         0         RAND/0.0  RAND
500      bj/T/  NIL/NIL/NIL  5448756273  15.2    3325    247     17/205    14.75   1.13    15.88    1       0    0/0       0         0         RAND/0.0  RAND
500      bj/T/  NIL/NIL/NIL  8634259052  16.8    3370    995     71/822    14.57   6.58    21.15    1       33   0/0       0         0         RAND/0.0  RAND
600      bj/T/  NIL/NIL/NIL  1414384866  20.2    4014    1074    76/864    20.95   5.18    26.13    1       14   0/0       0         0         RAND/0.0  RAND
600      bj/T/  NIL/NIL/NIL  1621232424  14.4    3921    181     10/156    21.59   1.05    22.64    1       0    0/0       0         0         RAND/0.0  RAND
600      bj/T/  NIL/NIL/NIL  1972691557  16.4    3951    257     16/213    21.43   1.39    22.82    1       1    0/0       0         0         RAND/0.0  RAND
600      bj/T/  NIL/NIL/NIL  2028154060  20.0    4011    587     48/545    21.78   7.57    29.35    1       1    0/0       0         0         RAND/0.0  RAND
600      bj/T/  NIL/NIL/NIL  2175312090  19.6    4008    355     13/301    21.47   3.31    24.78    2       0    0/0       0         0         RAND/0.0  RAND
600      bj/T/  NIL/NIL/NIL  2258260002  20.8    4038    1355    120/1055  21.74   7.35    29.09    2       16   0/0       0         0         RAND/0.0  RAND
600      bj/T/  NIL/NIL/NIL  4997565789  23.0    4058    1853    78/1514   21.16   15.99   37.16    1       17   0/0       0         0         RAND/0.0  RAND
600      bj/T/  NIL/NIL/NIL  5192471197  19.6    4025    606     63/527    22.41   5.78    28.19    1       22   0/0       0         0         RAND/0.0  RAND
600      bj/T/  NIL/NIL/NIL  5448756273  18.6    3977    1098    59/941    20.86   8.54    29.41    1       13   0/0       0         0         RAND/0.0  RAND
600      bj/T/  NIL/NIL/NIL  8634259052  19.6    4012    1471    112/1151  20.87   13.5    34.37    1       29   0/0       0         0         RAND/0.0  RAND
700      bj/T/  NIL/NIL/NIL  1414384866  23.4    4659    523     25/446    28.7    3.77    32.47    1       0    0/0       0         0         RAND/0.0  RAND
700      bj/T/  NIL/NIL/NIL  1621232424  17.2    4582    405     56/360    28.65   2.32    30.97    1       15   0/0       0         0         RAND/0.0  RAND
700      bj/T/  NIL/NIL/NIL  1972691557  18.2    4582    279     15/232    28.7    1.9     30.6     1       0    0/0       0         0         RAND/0.0  RAND
700      bj/T/  NIL/NIL/NIL  2028154060  24.4    4693    2048    88/1737   28.96   20.85   49.82    1       20   0/0       0         0         RAND/0.0  RAND
700      bj/T/  NIL/NIL/NIL  2175312090  21.2    4646    311     23/277    29.18   2.61    31.79    2       0    0/0       0         0         RAND/0.0  RAND
700      bj/T/  NIL/NIL/NIL  2258260002  23.0    4683    2065    176/1740  29.08   19.4    48.48    2       56   0/0       0         0         RAND/0.0  RAND
700      bj/T/  NIL/NIL/NIL  4997565789  26.4    4719    2252    69/1831   28.57   22.97   51.54    1       4    0/0       0         0         RAND/0.0  RAND
700      bj/T/  NIL/NIL/NIL  5192471197  22.0    4656    2930    220/2632  28.96   31.51   60.47    1       93   0/0       0         0         RAND/0.0  RAND
700      bj/T/  NIL/NIL/NIL  5448756273  22.6    4646    434     26/366    29.94   2.78    32.72    1       1    0/0       0         0         RAND/0.0  RAND
700      bj/T/  NIL/NIL/NIL  8634259052  21.8    4665    1688    53/1352   29.43   16.59   46.04    1       1    0/0       0         0         RAND/0.0  RAND
800      bj/T/  NIL/NIL/NIL  1414384866  27.6    5329    799     27/638    37.91   6.41    44.32    1       3    0/0       0         0         RAND/0.0  RAND
800      bj/T/  NIL/NIL/NIL  1621232424  20.6    5236    326     15/272    40.28   2.7     43.0     1       1    0/0       0         0         RAND/0.0  RAND
800      bj/T/  NIL/NIL/NIL  1972691557  20.4    5242    370     26/322    39.69   2.83    42.54    1       9    0/0       0         0         RAND/0.0  RAND
800      bj/T/  NIL/NIL/NIL  2028154060  26.4    5326    2294    64/1843   39.43   27.47   66.92    1       3    0/0       0         0         RAND/0.0  RAND
800      bj/T/  NIL/NIL/NIL  2175312090  23.8    5298    1859    100/1481  39.12   18.89   58.01    2       45   0/0       0         0         RAND/0.0  RAND
800      bj/T/  NIL/NIL/NIL  2258260002  25.6    5323    6784    537/6632  37.8    192.38  230.19   2       12   0/0       0         0         RAND/0.0  RAND
800      bj/T/  NIL/NIL/NIL  4997565789  30.2    5379    1249    24/1031   38.79   20.21   59.01    1       0    0/0       0         0         RAND/0.0  RAND
800      bj/T/  NIL/NIL/NIL  5192471197  25.0    5312    5086    615/5203  39.02   112.41  151.44   1       267  0/0       0         0         RAND/0.0  RAND
800      bj/T/  NIL/NIL/NIL  5448756273  25.0    5293    2051    90/1752   38.73   22.58   61.33    1       21   0/0       0         0         RAND/0.0  RAND
800      bj/T/  NIL/NIL/NIL  8634259052  24.6    5311    2008    102/1642  39.73   21.27   61.01    1       17   0/0       0         0         RAND/0.0  RAND
900      bj/T/  NIL/NIL/NIL  1414384866  30.0    5962    2955    116/2508  50.33   44.51   94.86    1       32   0/0       0         0         RAND/0.0  RAND
900      bj/T/  NIL/NIL/NIL  1621232424  22.8    5873    1326    96/1071   49.52   8.83    58.37    1       16   0/0       0         0         RAND/0.0  RAND
900      bj/T/  NIL/NIL/NIL  1972691557  22.6    5883    436     22/363    49.21   4.54    53.76    1       3    0/0       0         0         RAND/0.0  RAND
900      bj/T/  NIL/NIL/NIL  2028154060  28.8    5965    1765    86/1622   50.85   30.97   81.82    1       5    0/0       0         0         RAND/0.0  RAND
900      bj/T/  NIL/NIL/NIL  2175312090  26.6    5953    704     18/594    48.97   9.56    58.54    2       0    0/0       0         0         RAND/0.0  RAND
900      bj/T/  NIL/NIL/NIL  2258260002  28.2    5973    7140    253/5779  51.97   114.35  166.34   2       45   0/0       0         0         RAND/0.0  RAND
900      bj/T/  NIL/NIL/NIL  4997565789  32.4    6009    5407    194/4289  51.05   66.2    117.25   1       21   0/0       0         0         RAND/0.0  RAND
900      bj/T/  NIL/NIL/NIL  5192471197  28.4    5969    2046    40/1716   52.47   27.61   80.09    1       3    0/0       0         0         RAND/0.0  RAND
900      bj/T/  NIL/NIL/NIL  5448756273  26.2    5913    2031    65/1670   53.03   25.66   78.72    1       3    0/0       0         0         RAND/0.0  RAND
900      bj/T/  NIL/NIL/NIL  8634259052  26.8    5939    4879    252/4224  50.0    73.26   123.27   1       110  0/0       0         0         RAND/0.0  RAND
1000     bj/T/  NIL/NIL/NIL  1414384866  33.2    6624    1083    35/893    63.07   14.0    77.09    1       0    0/0       0         0         RAND/0.0  RAND
1000     bj/T/  NIL/NIL/NIL  1621232424  25.0    6506    3308    138/2729  59.63   49.11   108.74   1       66   0/0       0         0         RAND/0.0  RAND
1000     bj/T/  NIL/NIL/NIL  1972691557  24.6    6516    2314    84/1921   58.76   34.03   92.79    1       19   0/0       0         0         RAND/0.0  RAND
1000     bj/T/  NIL/NIL/NIL  2028154060  31.4    6602    5680    161/4693  61.07   100.9   161.97   1       29   0/0       0         0         RAND/0.0  RAND
1000     bj/T/  NIL/NIL/NIL  2175312090  30.0    6622    5476    401/4739  62.68   95.74   158.42   2       142  0/0       0         0         RAND/0.0  RAND
1000     bj/T/  NIL/NIL/NIL  2258260002  31.8    6648    14558   700/12331 60.27  443.92   504.19   2       240  0/0       0         0         RAND/0.0  RAND
1000     bj/T/  NIL/NIL/NIL  4997565789  35.0    6656    1173    34/965    59.43   15.89   75.32    1       2    0/0       0         0         RAND/0.0  RAND
1000     bj/T/  NIL/NIL/NIL  5192471197  30.4    6607    780     42/684    59.83   13.78   73.62    1       0    0/0       0         0         RAND/0.0  RAND
1000     bj/T/  NIL/NIL/NIL  5448756273  29.4    6575    890     19/775    59.01   15.32   74.34    1       0    0/0       0         0         RAND/0.0  RAND
1000     bj/T/  NIL/NIL/NIL  8634259052  29.0    6572    5809    209/4985  59.23   105.72  164.95   1       88   0/0       0         0         RAND/0.0  RAND

