Size     Mo/NC/ AC/ FC/ DR   Ident       Dsize   NCC     TCC     BT/V    AP      S       Total    NumS    BJ   TypA/B    FCcost    DRcost    AS/AStime   ConsSort

100      bm/T/  NIL/NIL/NIL  1414384866  6.2     781     69      8/57      0.65    0.13    0.78     1       0    0/0       0         0         RANDOM/0.0  RANDOM
100      bm/T/  NIL/NIL/NIL  1621232424  4.8     760     36      34/91     0.63    0.06    0.69     1       0    30/2      0         0         RANDOM/0.0  RANDOM
100      bm/T/  NIL/NIL/NIL  1972691557  5.8     755     62      50/269    0.61    0.12    0.74     1       0    174/6     0         0         RANDOM/0.0  RANDOM
100      bm/T/  NIL/NIL/NIL  2028154060  7.4     788     112     79/324    0.68    0.2     0.88     1       0    154/23    0         0         RANDOM/0.0  RANDOM
100      bm/T/  NIL/NIL/NIL  2175312090  5.6     757     108     81/421    0.64    0.2     0.85     1       0    254/37    0         0         RANDOM/0.0  RANDOM
100      bm/T/  NIL/NIL/NIL  2258260002  5.6     774     46      6/36      0.67    0.07    0.75     1       0    0/0       0         0         RANDOM/0.0  RANDOM
100      bm/T/  NIL/NIL/NIL  4997565789  7.8     805     161     107/667   0.76    0.48    1.24     1       0    430/108   0         0         RANDOM/0.0  RANDOM
100      bm/T/  NIL/NIL/NIL  5192471197  5.8     778     54      7/41      0.68    0.08    0.77     1       0    0/0       0         0         RANDOM/0.0  RANDOM
100      bm/T/  NIL/NIL/NIL  5448756273  7.4     797     588     69/582    0.66    1.33    1.99     1       0    0/378     0         0         RANDOM/0.0  RANDOM
100      bm/T/  NIL/NIL/NIL  8634259052  6.8     798     75      60/446    0.64    0.21    0.86     1       0    328/16    0         0         RANDOM/0.0  RANDOM
200      bm/T/  NIL/NIL/NIL  1414384866  10.0    1446    120     8/94      2.38    0.21    2.61     1       0    0/0       0         0         RANDOM/0.0  RANDOM
200      bm/T/  NIL/NIL/NIL  1621232424  8.0     1411    1067    111/926   2.38    3.07    5.45     1       0    5/595     0         0         RANDOM/0.0  RANDOM
200      bm/T/  NIL/NIL/NIL  1972691557  7.8     1407    975     91/864    2.33    3.34    5.67     1       0    29/661    0         0         RANDOM/0.0  RANDOM
200      bm/T/  NIL/NIL/NIL  2028154060  9.6     1423    246     13/201    2.31    0.72    3.03     1       0    0/0       0         0         RANDOM/0.0  RANDOM
200      bm/T/  NIL/NIL/NIL  2175312090  9.8     1418    165     18/134    2.49    0.36    2.86     1       0    0/0       0         0         RANDOM/0.0  RANDOM
200      bm/T/  NIL/NIL/NIL  2258260002  8.2     1417    960     133/1061  2.31    3.0     5.31     1       0    111/658   0         0         RANDOM/0.0  RANDOM
200      bm/T/  NIL/NIL/NIL  4997565789  12.2    1479    251     16/205    2.39    0.7     3.09     1       0    0/0       0         0         RANDOM/0.0  RANDOM
200      bm/T/  NIL/NIL/NIL  5192471197  7.8     1418    107     87/569    2.4     0.32    2.73     1       0    400/20    0         0         RANDOM/0.0  RANDOM
200      bm/T/  NIL/NIL/NIL  5448756273  9.2     1422    1727    151/1600  2.36    8.0     10.36    1       0    0/1320    0         0         RANDOM/0.0  RANDOM
200      bm/T/  NIL/NIL/NIL  8634259052  9.2     1444    113     12/130    2.39    0.34    2.73     1       0    27/3      0         0         RANDOM/0.0  RANDOM
300      bm/T/  NIL/NIL/NIL  1414384866  12.8    2094    197     13/190    5.39    0.6     5.99     1       0    29/2      0         0         RANDOM/0.0  RANDOM
300      bm/T/  NIL/NIL/NIL  1621232424  9.6     2038    107     8/92      5.22    0.33    5.55     1       0    0/0       0         0         RANDOM/0.0  RANDOM
300      bm/T/  NIL/NIL/NIL  1972691557  9.8     2040    1796    113/1536  5.26    9.75    15.01    1       0    54/1202   0         0         RANDOM/0.0  RANDOM
300      bm/T/  NIL/NIL/NIL  2028154060  11.8    2076    384     240/2777  5.1     1.99    7.1      1       0    2240/16   0         0         RANDOM/0.0  RANDOM
300      bm/T/  NIL/NIL/NIL  2175312090  12.6    2072    3353    300/3444  5.21    18.12   23.35    2       0    558/2146  0         0         RANDOM/0.0  RANDOM
300      bm/T/  NIL/NIL/NIL  2258260002  12.4    2081    181     13/177    5.09    0.47    5.57     2       0    28/3      0         0         RANDOM/0.0  RANDOM
300      bm/T/  NIL/NIL/NIL  4997565789  14.6    2115    306     18/255    5.31    1.18    6.5      1       0    0/0       0         0         RANDOM/0.0  RANDOM
300      bm/T/  NIL/NIL/NIL  5192471197  11.4    2077    236     16/246    5.16    1.42    6.58     1       0    27/1      0         0         RANDOM/0.0  RANDOM
300      bm/T/  NIL/NIL/NIL  5448756273  10.2    2044    2199    161/2020  5.12    14.29   19.41    1       0    0/1690    0         0         RANDOM/0.0  RANDOM
300      bm/T/  NIL/NIL/NIL  8634259052  12.0    2096    135     10/114    5.23    0.44    5.68     1       0    0/0       0         0         RANDOM/0.0  RANDOM
400      bm/T/  NIL/NIL/NIL  1414384866  14.6    2720    211     287/1915  9.23    1.68    11.14    1       0    1469/13   0         0         RANDOM/0.0  RANDOM
400      bm/T/  NIL/NIL/NIL  1621232424  11.4    2672    2098    422/5206  9.25    12.15   21.41    1       0    2795/1873 0         0         RANDOM/0.0  RANDOM
400      bm/T/  NIL/NIL/NIL  1972691557  11.8    2671    157     12/139    9.21    0.53    9.74     1       0    0/0       0         0         RANDOM/0.0  RANDOM
400      bm/T/  NIL/NIL/NIL  2028154060  15.8    2747    600     32/490    9.39    3.5     12.89    1       0    0/0       0         0         RANDOM/0.0  RANDOM
400      bm/T/  NIL/NIL/NIL  2175312090  15.2    2723    16570   777/13666 9.22  304.21   313.44    2       0    463/12351 0         0         RANDOM/0.0  RANDOM
400      bm/T/  NIL/NIL/NIL  2258260002  15.0    2726    421     40/450    9.21    2.97    12.19    2       0    63/3      0         0         RANDOM/0.0  RANDOM
400      bm/T/  NIL/NIL/NIL  4997565789  17.0    2754    525     776/11782 9.39    4.52    13.91    1       0    10570/488 0         0         RANDOM/0.0  RANDOM
400      bm/T/  NIL/NIL/NIL  5192471197  14.6    2732    273     34/373    9.58    1.02    10.61    1       0    116/2     0         0         RANDOM/0.0  RANDOM
400      bm/T/  NIL/NIL/NIL  5448756273  12.4    2682    216     13/174    9.46    0.77    10.27    1       0    0/0       0         0         RANDOM/0.0  RANDOM
400      bm/T/  NIL/NIL/NIL  8634259052  14.0    2725    640     219/4511  9.46    4.26    13.72    1       0    3800/24   0         0         RANDOM/0.0  RANDOM
500      bm/T/  NIL/NIL/NIL  1414384866  17.4    3367    502     23/524    15.63   4.77    20.41    1       0    68/1      0         0         RANDOM/0.0  RANDOM
500      bm/T/  NIL/NIL/NIL  1621232424  13.4    3299    398     284/4245  14.42   2.99    17.42    1       0    3653/39   0         0         RANDOM/0.0  RANDOM
500      bm/T/  NIL/NIL/NIL  1972691557  13.8    3319    209     314/3074  14.79   1.32    16.11    1       0    2579/166  0         0         RANDOM/0.0  RANDOM
500      bm/T/  NIL/NIL/NIL  2028154060  18.6    3385    307     24/273    14.51   2.18    16.7     1       0    0/0       0         0         RANDOM/0.0  RANDOM
500      bm/T/  NIL/NIL/NIL  2175312090  17.2    3360    431     29/572    14.54   3.92    18.47    2       0    195/4     0         0         RANDOM/0.0  RANDOM
500      bm/T/  NIL/NIL/NIL  2258260002  18.6    3400    533    1216/14212 15.06  5.83    20.92    2       0    12537/835 0         0         RANDOM/0.0  RANDOM
500      bm/T/  NIL/NIL/NIL  4997565789  19.0    3399    1468    209/3584  14.47   11.26   25.76    1       0    2143/737  0         0         RANDOM/0.0  RANDOM
500      bm/T/  NIL/NIL/NIL  5192471197  18.4    3394    359     370/4283  14.79   2.51    17.31    1       0    3633/63   0         0         RANDOM/0.0  RANDOM
500      bm/T/  NIL/NIL/NIL  5448756273  15.2    3325    247     17/205    14.6    1.16    15.76    1       0    0/0       0         0         RANDOM/0.0  RANDOM
500      bm/T/  NIL/NIL/NIL  8634259052  16.8    3370    829     311/7427  14.7    6.81    21.51    1       0    6450/30   0         0         RANDOM/0.0  RANDOM
600      bm/T/  NIL/NIL/NIL  1414384866  20.2    4014    633     773/11276 20.96   6.13    27.09    1       0    9955/360  0         0         RANDOM/0.0  RANDOM
600      bm/T/  NIL/NIL/NIL  1621232424  14.4    3921    181     10/156    21.13   1.07    22.21    1       0    0/0       0         0         RANDOM/0.0  RANDOM
600      bm/T/  NIL/NIL/NIL  1972691557  16.4    3951    210     16/222    21.18   1.18    22.36    1       0    38/2      0         0         RANDOM/0.0  RANDOM
600      bm/T/  NIL/NIL/NIL  2028154060  20.0    4011    631     48/582    22.47   8.13    30.61    1       0    0/0       0         0         RANDOM/0.0  RANDOM
600      bm/T/  NIL/NIL/NIL  2175312090  19.6    4008    326     13/301    21.44   3.07    24.52    2       0    26/1      0         0         RANDOM/0.0  RANDOM
600      bm/T/  NIL/NIL/NIL  2258260002  20.8    4038    552     1068/105  30 21.345.76    27.11    2       0    8984/643  0         0         RANDOM/0.0  RANDOM
600      bm/T/  NIL/NIL/NIL  4997565789  23.0    4058    2173    251/4595  21.08   20.29   41.37    1       0    2526/834  0         0         RANDOM/0.0  RANDOM
600      bm/T/  NIL/NIL/NIL  5192471197  19.6    4025    380     393/4487  21.24   4.71    25.95    1       0    3780/15   0         0         RANDOM/0.0  RANDOM
600      bm/T/  NIL/NIL/NIL  5448756273  18.6    3977    1027    82/1330   22.54   8.56    31.2     1       0    374/288   0         0         RANDOM/0.0  RANDOM
600      bm/T/  NIL/NIL/NIL  8634259052  19.6    4012    644     431/5617  21.14   7.18    28.34    1       0    4675/44   0         0         RANDOM/0.0  RANDOM
700      bm/T/  NIL/NIL/NIL  1621232424  17.2    4582    213     386/3000  29.03   2.13    31.19    1       0    2442/22   0         0         RANDOM/0.0  RANDOM
700      bm/T/  NIL/NIL/NIL  1972691557  18.2    4582    229     15/232    29.52   1.67    31.26    1       0    30/1      0         0         RANDOM/0.0  RANDOM
700      bm/T/  NIL/NIL/NIL  2028154060  24.4    4693    3053    279/4766  31.71   33.48   65.24    1       0    1853/1387 0         0         RANDOM/0.0  RANDOM
700      bm/T/  NIL/NIL/NIL  2175312090  21.2    4646    311     23/277    29.8    2.91    32.73    2       0    0/0       0         0         RANDOM/0.0  RANDOM
700      bm/T/  NIL/NIL/NIL  2258260002  23.0    4683    12903  2773/69501 29.91 267.37   297.28    2       0  55216/11703 0         0         RANDOM/0.0  RANDOM
700      bm/T/  NIL/NIL/NIL  4997565789  26.4    4719    1872    145/3263  29.39   19.57   48.99    1       0    1596/19   0         0         RANDOM/0.0  RANDOM
> Time limit bound exceeded  < 600 > 
700      bm/T/  NIL/NIL/NIL  5192471197  22.0    4656    18356  2198/49955 29.7  -33.31    -3.49    1       0  32813/15568 0         0         RANDOM/0.0  RANDOM
700      bm/T/  NIL/NIL/NIL  5448756273  22.6    4646    459     26/393    33.37   3.29    36.73    1       0    0/0       0         0         RANDOM/0.0  RANDOM
700      bm/T/  NIL/NIL/NIL  8634259052  21.8    4665    1402    65/1597   30.29   16.05   46.35    1       0    396/12    0         0         RANDOM/0.0  RANDOM
800      bm/T/  NIL/NIL/NIL  1414384866  27.6    5329    823     30/818    38.72   7.66    46.38    1       0    133/2     0         0         RANDOM/0.0  RANDOM
800      bm/T/  NIL/NIL/NIL  1621232424  20.6    5236    375     16/329    39.14   3.13    42.29    1       0    18/0      0         0         RANDOM/0.0  RANDOM
800      bm/T/  NIL/NIL/NIL  1972691557  20.4    5242    369     31/450    38.91   2.63    41.55    1       0    106/2     0         0         RANDOM/0.0  RANDOM
800      bm/T/  NIL/NIL/NIL  2028154060  26.4    5326    1951    124/2702  40.45   24.41   64.87    1       0    1020/20   0         0         RANDOM/0.0  RANDOM
800      bm/T/  NIL/NIL/NIL  2175312090  23.8    5298    1529    690/2412  8 37.47 18.58   56.06    2       0    22222/134 0         0         RANDOM/0.0  RANDOM
800      bm/T/  NIL/NIL/NIL  2258260002  25.6    5323    1302    778/9830  37.39   19.94   57.34    2       0    7977/543  0         0         RANDOM/0.0  RANDOM
800      bm/T/  NIL/NIL/NIL  4997565789  30.2    5379    1249    24/1031   37.19   20.15   57.35    1       0    0/0       0         0         RANDOM/0.0  RANDOM
800      bm/T/  NIL/NIL/NIL  5192471197  25.0    5312    16352  2972/39977 38.49  477.39  515.89    1       0  21983/15682 0         0         RANDOM/0.0  RANDOM
800      bm/T/  NIL/NIL/NIL  5448756273  25.0    5293    3161    395/7118  39.83   35.61   75.45    1       0    3997/1703 0         0         RANDOM/0.0  RANDOM
800      bm/T/  NIL/NIL/NIL  8634259052  24.6    5311    671     550/9741  37.81   8.51    46.32    1       0    8640/187  0         0         RANDOM/0.0  RANDOM
900      bm/T/  NIL/NIL/NIL  1414384866  30.0    5962    7348    882/19068 52.7  124.53   177.24    1       0   11679/5225 0         0         RANDOM/0.0  RANDOM
900      bm/T/  NIL/NIL/NIL  1621232424  22.8    5873    429     544/6895  47.74   4.87    52.63    1       0    6008/58   0         0         RANDOM/0.0  RANDOM
900      bm/T/  NIL/NIL/NIL  1972691557  22.6    5883    437     23/439    48.64   4.71    53.35    1       0    68/2      0         0         RANDOM/0.0  RANDOM
900      bm/T/  NIL/NIL/NIL  2028154060  28.8    5965    1906    86/1744   47.33   31.8    79.14    1       0    0/154     0         0         RANDOM/0.0  RANDOM
900      bm/T/  NIL/NIL/NIL  2175312090  26.6    5953    595     18/594    47.51   8.61    56.13    2       0    84/3      0         0         RANDOM/0.0  RANDOM
> Time limit bound exceeded  < 600 > 
900      bm/T/  NIL/NIL/NIL  2258260002  28.2    5973    18138  653/19292  48.43 -2175.19 -2126.75  2       0   4437/13895 0         0         RANDOM/0.0  RANDOM
900      bm/T/  NIL/NIL/NIL  4997565789  32.4    6009    997    1202/29489 47.23   15.75   62.98    1       0    27504/144 0         0         RANDOM/0.0  RANDOM
900      bm/T/  NIL/NIL/NIL  5192471197  28.4    5969    2163    40/1798   48.09   27.78   75.87    1       0    0/0       0         0         RANDOM/0.0  RANDOM
900      bm/T/  NIL/NIL/NIL  5448756273  26.2    5913    1681    128/2760  47.03   21.58   68.62    1       0    1239/21   0         0         RANDOM/0.0  RANDOM
> Time limit bound exceeded  < 600 > 
900      bm/T/  NIL/NIL/NIL  8634259052  26.8    5939    17573  1426/40848 47.1 -2986.88 -2939.78   1       0  25125/14618 0         0         RANDOM/0.0  RANDOM
1000     bm/T/  NIL/NIL/NIL  1414384866  33.2    6624    1083    35/893    59.27   12.84   72.11    1       0    0/40      0         0         RANDOM/0.0  RANDOM
1000     bm/T/  NIL/NIL/NIL  1621232424  25.0    6506    1901    682/2688  9 58.17 26.56   84.73    1       0    24701/85  0         0         RANDOM/0.0  RANDOM
1000     bm/T/  NIL/NIL/NIL  1972691557  24.6    6516    3669    353/6318  59.2    48.06   107.26   1       0    2761/1724 0         0         RANDOM/0.0  RANDOM
> Time limit bound exceeded  < 600 > 
1000     bm/T/  NIL/NIL/NIL  2028154060  31.4    6602    17027  322/14529  58.16 -3867.8 -3809.62   1       0    396/13347 0         0         RANDOM/0.0  RANDOM
1000     bm/T/  NIL/NIL/NIL  2175312090  30.0    6622    8034   2131/62248 59.13  157.31  216.45    2       0  53060/5782  0         0         RANDOM/0.0  RANDOM
1000     bm/T/  NIL/NIL/NIL  2258260002  31.8    6648    10944  2694/82722 59.45  229.98  289.45    2       0  70688/8338  0         0         RANDOM/0.0  RANDOM
1000     bm/T/  NIL/NIL/NIL  4997565789  35.0    6656    1184    37/1208   59.5    17.57   77.08    1       0    211/1     0         0         RANDOM/0.0  RANDOM
1000     bm/T/  NIL/NIL/NIL  5192471197  30.4    6607    780     42/684    59.54   13.52   73.07    1       0    0/0       0         0         RANDOM/0.0  RANDOM
1000     bm/T/  NIL/NIL/NIL  5448756273  29.4    6575    890     19/775    58.39   15.3    73.7     1       0    0/0       0         0         RANDOM/0.0  RANDOM
> Time limit bound exceeded  < 600 > 
1000     bm/T/  NIL/NIL/NIL  8634259052  29.0    6572    16716 1049/44036  59.48 -5207.83 -5148.34  1       0  29432/13654 0         0         RANDOM/0.0  RANDOM
