Size     Mo/NC/ AC/ FC/ DR   Ident       Dsize   NCC     TCC     BT/V    AP      S       Total    NumS    BJ   TypA/B    FCcost    DRcost    AS/AStime   ConsSort

100      bt/T/  BEFORE/ T/ T 1414384866  1.0     781     122     4/5     0.72    0.01    0.73     1       0    0/0       10        6         RANDOM/0.0  RANDOM
100      bt/T/  BEFORE/ T/ T 1621232424  1.0     760     85      4/5     0.57    0.01    0.58     1       0    0/0       10        6         RANDOM/0.0  RANDOM
100      bt/T/  BEFORE/ T/ T 1972691557  1.0     755     135     4/5     0.7     0.01    0.72     1       0    0/0       10        6         RANDOM/0.0  RANDOM
100      bt/T/  BEFORE/ T/ T 2028154060  1.0     788     175     4/5     0.68    0.01    0.69     1       0    0/0       10        6         RANDOM/0.0  RANDOM
100      bt/T/  BEFORE/ T/ T 2175312090  1.0     757     112     4/5     0.62    0.01    0.64     1       0    0/0       10        6         RANDOM/0.0  RANDOM
100      bt/T/  BEFORE/ T/ T 2258260002  1.0     774     109     4/5     0.62    0.01    0.63     1       0    0/0       10        6         RANDOM/0.0  RANDOM
100      bt/T/  BEFORE/ T/ T 4997565789  1.0     805     197     4/5     0.71    0.01    0.72     1       0    0/0       10        6         RANDOM/0.0  RANDOM
100      bt/T/  BEFORE/ T/ T 5192471197  1.0     778     124     4/5     0.69    0.01    0.7      1       0    0/0       10        6         RANDOM/0.0  RANDOM
100      bt/T/  BEFORE/ T/ T 5448756273  1.0     797     162     4/5     0.67    0.04    0.71     1       0    0/0       10        6         RANDOM/0.0  RANDOM
100      bt/T/  BEFORE/ T/ T 8634259052  1.0     798     132     4/5     0.7     0.01    0.71     1       0    0/0       10        6         RANDOM/0.0  RANDOM
200      bt/T/  BEFORE/ T/ T 1414384866  1.0     1446    276     4/5     2.49    0.02    2.51     1       0    0/0       10        6         RANDOM/0.0  RANDOM
200      bt/T/  BEFORE/ T/ T 1621232424  1.0     1411    169     4/5     2.26    0.01    2.27     1       0    0/0       10        6         RANDOM/0.0  RANDOM
200      bt/T/  BEFORE/ T/ T 1972691557  1.0     1407    275     4/5     2.45    0.01    2.46     1       0    0/0       10        6         RANDOM/0.0  RANDOM
200      bt/T/  BEFORE/ T/ T 2028154060  1.0     1423    320     4/5     2.6     0.0     2.6      1       0    0/0       10        6         RANDOM/0.0  RANDOM
200      bt/T/  BEFORE/ T/ T 2175312090  1.0     1418    236     4/5     2.43    0.01    2.44     1       0    0/0       10        6         RANDOM/0.0  RANDOM
200      bt/T/  BEFORE/ T/ T 2258260002  1.0     1417    241     4/5     2.51    0.01    2.52     1       0    0/0       10        6         RANDOM/0.0  RANDOM
200      bt/T/  BEFORE/ T/ T 4997565789  1.0     1479    432     4/5     2.88    0.01    2.89     1       0    0/0       10        6         RANDOM/0.0  RANDOM
200      bt/T/  BEFORE/ T/ T 5192471197  1.0     1418    211     4/5     2.31    0.01    2.32     1       0    0/0       10        6         RANDOM/0.0  RANDOM
200      bt/T/  BEFORE/ T/ T 5448756273  1.0     1422    248     4/5     2.5     0.01    2.51     1       0    0/0       10        6         RANDOM/0.0  RANDOM
200      bt/T/  BEFORE/ T/ T 8634259052  1.0     1444    258     4/5     2.48    0.02    2.5      1       0    0/0       10        6         RANDOM/0.0  RANDOM
300      bt/T/  BEFORE/ T/ T 1414384866  1.0     2094    485     4/5     5.91    0.01    5.92     1       0    0/0       10        6         RANDOM/0.0  RANDOM
300      bt/T/  BEFORE/ T/ T 1621232424  1.0     2038    254     4/5     5.11    0.02    5.13     1       0    0/0       10        6         RANDOM/0.0  RANDOM
300      bt/T/  BEFORE/ T/ T 1972691557  1.0     2040    372     4/5     5.6     0.02    5.62     1       0    0/0       10        6         RANDOM/0.0  RANDOM
300      bt/T/  BEFORE/ T/ T 2028154060  1.0     2076    471     4/5     6.29    0.01    6.3      1       0    0/0       10        6         RANDOM/0.0  RANDOM
300      bt/T/  BEFORE/ T/ T 2175312090  1.2     2072    404     4/6     5.55    0.02    5.57     2       0    0/0       14        6         RANDOM/0.0  RANDOM
300      bt/T/  BEFORE/ T/ T 2258260002  1.2     2081    564     8/10    5.82    0.03    5.85     2       0    0/0       20        12        RANDOM/0.0  RANDOM
300      bt/T/  BEFORE/ T/ T 4997565789  1.0     2115    627     4/5     6.68    0.01    6.69     1       0    0/0       10        6         RANDOM/0.0  RANDOM
300      bt/T/  BEFORE/ T/ T 5192471197  1.0     2077    443     4/5     5.76    0.02    5.78     1       0    0/0       10        6         RANDOM/0.0  RANDOM
300      bt/T/  BEFORE/ T/ T 5448756273  1.0     2044    314     4/5     5.56    0.01    5.57     1       0    0/0       10        6         RANDOM/0.0  RANDOM
300      bt/T/  BEFORE/ T/ T 8634259052  1.0     2096    516     4/5     6.16    0.01    6.17     1       0    0/0       10        6         RANDOM/0.0  RANDOM
400      bt/T/  BEFORE/ T/ T 1414384866  1.0     2720    752     4/5     11.96   0.01    11.97    1       0    0/0       10        6         RANDOM/0.0  RANDOM
400      bt/T/  BEFORE/ T/ T 1621232424  1.0     2672    375     4/5     9.09    0.01    9.1      1       0    0/0       10        6         RANDOM/0.0  RANDOM
400      bt/T/  BEFORE/ T/ T 1972691557  1.0     2671    502     4/5     10.01   0.02    10.03    1       0    0/0       10        6         RANDOM/0.0  RANDOM
400      bt/T/  BEFORE/ T/ T 2028154060  1.0     2747    780     4/5     11.79   0.01    11.8     1       0    0/0       10        6         RANDOM/0.0  RANDOM
400      bt/T/  BEFORE/ T/ T 2175312090  1.2     2723    636     4/6     10.16   0.03    10.19    2       0    0/0       14        6         RANDOM/0.0  RANDOM
400      bt/T/  BEFORE/ T/ T 2258260002  1.2     2726    923     4/6     11.84   0.02    11.86    2       0    0/0       14        6         RANDOM/0.0  RANDOM
400      bt/T/  BEFORE/ T/ T 4997565789  1.0     2754    906     4/5     12.13   0.01    12.15    1       0    0/0       10        6         RANDOM/0.0  RANDOM
400      bt/T/  BEFORE/ T/ T 5192471197  1.0     2732    710     4/5     10.87   0.01    10.88    1       0    0/0       10        6         RANDOM/0.0  RANDOM
400      bt/T/  BEFORE/ T/ T 5448756273  1.0     2682    439     4/5     9.67    0.01    9.68     1       0    0/0       10        6         RANDOM/0.0  RANDOM
400      bt/T/  BEFORE/ T/ T 8634259052  1.0     2725    745     4/5     11.18   0.01    11.19    1       0    0/0       10        6         RANDOM/0.0  RANDOM
500      bt/T/  BEFORE/ T/ T 1414384866  1.0     3367    1221    4/5     19.95   0.01    19.96    1       0    0/0       10        6         RANDOM/0.0  RANDOM
500      bt/T/  BEFORE/ T/ T 1621232424  1.0     3299    604     4/5     15.54   0.01    15.55    1       0    0/0       10        6         RANDOM/0.0  RANDOM
500      bt/T/  BEFORE/ T/ T 1972691557  1.0     3319    699     4/5     15.64   0.01    15.65    1       0    0/0       10        6         RANDOM/0.0  RANDOM
500      bt/T/  BEFORE/ T/ T 2028154060  1.0     3385    1257    4/5     19.92   0.02    19.94    1       0    0/0       10        6         RANDOM/0.0  RANDOM
500      bt/T/  BEFORE/ T/ T 2175312090  1.2     3360    835     4/6     16.45   0.03    16.48    2       0    0/0       14        6         RANDOM/0.0  RANDOM
500      bt/T/  BEFORE/ T/ T 2258260002  1.2     3400    1344    4/6     20.52   0.04    20.56    2       0    0/0       14        6         RANDOM/0.0  RANDOM
500      bt/T/  BEFORE/ T/ T 4997565789  1.0     3399    1586    4/5     23.97   0.01    23.98    1       0    0/0       10        6         RANDOM/0.0  RANDOM
500      bt/T/  BEFORE/ T/ T 5192471197  1.0     3394    1019    4/5     18.68   0.02    18.7     1       0    0/0       10        6         RANDOM/0.0  RANDOM
500      bt/T/  BEFORE/ T/ T 5448756273  1.0     3325    682     4/5     16.02   0.01    16.03    1       0    0/0       10        6         RANDOM/0.0  RANDOM
500      bt/T/  BEFORE/ T/ T 8634259052  1.0     3370    1056    4/5     17.84   0.03    17.87    1       0    0/0       10        6         RANDOM/0.0  RANDOM
600      bt/T/  BEFORE/ T/ T 1414384866  1.0     4014    1663    4/5     31.27   0.01    31.28    1       0    0/0       10        6         RANDOM/0.0  RANDOM
600      bt/T/  BEFORE/ T/ T 1621232424  1.0     3921    747     4/5     22.94   0.01    22.95    1       0    0/0       10        6         RANDOM/0.0  RANDOM
600      bt/T/  BEFORE/ T/ T 1972691557  1.0     3951    1009    4/5     23.88   0.01    23.89    1       0    0/0       10        6         RANDOM/0.0  RANDOM
600      bt/T/  BEFORE/ T/ T 2028154060  1.0     4011    1529    4/5     29.32   0.01    29.33    1       0    0/0       10        6         RANDOM/0.0  RANDOM
600      bt/T/  BEFORE/ T/ T 2175312090  1.2     4008    1072    4/6     24.17   0.04    24.21    2       0    0/0       14        6         RANDOM/0.0  RANDOM
600      bt/T/  BEFORE/ T/ T 2258260002  1.2     4038    1708    4/6     30.36   0.04    30.4     2       0    0/0       14        6         RANDOM/0.0  RANDOM
600      bt/T/  BEFORE/ T/ T 4997565789  1.0     4058    2351    4/5     38.31   0.01    38.32    1       0    0/0       10        6         RANDOM/0.0  RANDOM
600      bt/T/  BEFORE/ T/ T 5192471197  1.0     4025    1196    4/5     25.9    0.01    25.91    1       0    0/0       10        6         RANDOM/0.0  RANDOM
600      bt/T/  BEFORE/ T/ T 5448756273  1.0     3977    975     4/5     23.9    0.01    23.91    1       0    0/0       10        6         RANDOM/0.0  RANDOM
600      bt/T/  BEFORE/ T/ T 8634259052  1.0     4012    1441    4/5     28.69   0.01    28.7     1       0    0/0       10        6         RANDOM/0.0  RANDOM
700      bt/T/  BEFORE/ T/ T 1414384866  1.0     4659    2119    4/5     43.03   0.02    43.05    1       0    0/0       10        6         RANDOM/0.0  RANDOM
700      bt/T/  BEFORE/ T/ T 1621232424  1.0     4582    1047    4/5     32.54   0.01    32.55    1       0    0/0       10        6         RANDOM/0.0  RANDOM
700      bt/T/  BEFORE/ T/ T 1972691557  1.0     4582    1572    4/5     36.82   0.01    36.84    1       0    0/0       10        6         RANDOM/0.0  RANDOM
700      bt/T/  BEFORE/ T/ T 2028154060  1.0     4693    2372    4/5     43.06   0.01    43.07    1       0    0/0       10        6         RANDOM/0.0  RANDOM
700      bt/T/  BEFORE/ T/ T 2175312090  1.2     4646    1353    8/10    32.75   0.05    32.8     2       0    0/0       20        12        RANDOM/0.0  RANDOM
700      bt/T/  BEFORE/ T/ T 2258260002  1.2     4683    2152    8/10    41.55   0.05    41.6     2       0    0/0       20        12        RANDOM/0.0  RANDOM
700      bt/T/  BEFORE/ T/ T 4997565789  1.0     4719    2931    4/5     53.23   0.01    53.24    1       0    0/0       10        6         RANDOM/0.0  RANDOM
700      bt/T/  BEFORE/ T/ T 5192471197  1.0     4656    1483    4/5     36.45   0.01    36.46    1       0    0/0       10        6         RANDOM/0.0  RANDOM
700      bt/T/  BEFORE/ T/ T 5448756273  1.0     4646    1788    4/5     38.4    0.01    38.41    1       0    0/0       10        6         RANDOM/0.0  RANDOM
700      bt/T/  BEFORE/ T/ T 8634259052  1.0     4665    1743    4/5     38.22   0.01    38.23    1       0    0/0       10        6         RANDOM/0.0  RANDOM
800      bt/T/  BEFORE/ T/ T 1414384866  1.0     5329    2907    4/5     60.13   0.01    60.14    1       0    0/0       10        6         RANDOM/0.0  RANDOM
800      bt/T/  BEFORE/ T/ T 1621232424  1.0     5236    1619    4/5     44.64   0.02    44.66    1       0    0/0       10        6         RANDOM/0.0  RANDOM
800      bt/T/  BEFORE/ T/ T 1972691557  1.0     5242    2024    4/5     52.15   0.02    52.17    1       0    0/0       10        6         RANDOM/0.0  RANDOM
800      bt/T/  BEFORE/ T/ T 2028154060  1.0     5326    2707    4/5     59.23   0.01    59.24    1       0    0/0       10        6         RANDOM/0.0  RANDOM
800      bt/T/  BEFORE/ T/ T 2175312090  1.2     5298    2011    4/6     49.96   0.04    50.0     2       0    0/0       14        6         RANDOM/0.0  RANDOM
800      bt/T/  BEFORE/ T/ T 2258260002  1.2     5323    2534    4/6     57.55   0.04    57.59    2       0    0/0       14        6         RANDOM/0.0  RANDOM
800      bt/T/  BEFORE/ T/ T 4997565789  1.0     5379    3791    4/5     78.99   0.01    79.0     1       0    0/0       10        6         RANDOM/0.0  RANDOM
800      bt/T/  BEFORE/ T/ T 5192471197  1.0     5312    2350    4/5     55.68   0.01    55.69    1       0    0/0       10        6         RANDOM/0.0  RANDOM
800      bt/T/  BEFORE/ T/ T 5448756273  1.0     5293    2364    4/5     53.03   0.02    53.05    1       0    0/0       10        6         RANDOM/0.0  RANDOM
800      bt/T/  BEFORE/ T/ T 8634259052  1.0     5311    2156    4/5     51.08   0.01    51.09    1       0    0/0       10        6         RANDOM/0.0  RANDOM
900      bt/T/  BEFORE/ T/ T 1414384866  1.0     5962    3413    4/5     83.58   0.02    83.6     1       0    0/0       10        6         RANDOM/0.0  RANDOM
900      bt/T/  BEFORE/ T/ T 1621232424  1.0     5873    2197    4/5     61.47   0.02    61.49    1       0    0/0       10        6         RANDOM/0.0  RANDOM
900      bt/T/  BEFORE/ T/ T 1972691557  1.0     5883    2451    4/5     66.8    0.01    66.82    1       0    0/0       10        6         RANDOM/0.0  RANDOM
900      bt/T/  BEFORE/ T/ T 2028154060  1.0     5965    3372    4/5     80.72   0.02    80.74    1       0    0/0       10        6         RANDOM/0.0  RANDOM
900      bt/T/  BEFORE/ T/ T 2175312090  1.2     5953    2451    4/6     66.34   0.05    66.39    2       0    0/0       14        6         RANDOM/0.0  RANDOM
900      bt/T/  BEFORE/ T/ T 2258260002  1.2     5973    3192    4/6     78.04   0.05    78.09    2       0    0/0       14        6         RANDOM/0.0  RANDOM
900      bt/T/  BEFORE/ T/ T 4997565789  1.0     6009    4650    4/5     102.76  0.02    102.78   1       0    0/0       10        6         RANDOM/0.0  RANDOM
900      bt/T/  BEFORE/ T/ T 5192471197  1.0     5969    2898    4/5     74.48   0.01    74.49    1       0    0/0       10        6         RANDOM/0.0  RANDOM
900      bt/T/  BEFORE/ T/ T 5448756273  1.0     5913    2581    4/5     68.66   0.01    68.68    1       0    0/0       10        6         RANDOM/0.0  RANDOM
900      bt/T/  BEFORE/ T/ T 8634259052  1.0     5939    2610    4/5     71.38   0.02    71.4     1       0    0/0       10        6         RANDOM/0.0  RANDOM
1000     bt/T/  BEFORE/ T/ T 1414384866  1.0     6624    4220    4/5     106.81  0.01    106.82   1       0    0/0       10        6         RANDOM/0.0  RANDOM
1000     bt/T/  BEFORE/ T/ T 1621232424  1.0     6506    2752    4/5     79.9    0.02    79.92    1       0    0/0       10        6         RANDOM/0.0  RANDOM
1000     bt/T/  BEFORE/ T/ T 1972691557  1.0     6516    2803    4/5     87.61   0.02    87.63    1       0    0/0       10        6         RANDOM/0.0  RANDOM
1000     bt/T/  BEFORE/ T/ T 2028154060  1.0     6602    4023    4/5     104.22  0.02    104.24   1       0    0/0       10        6         RANDOM/0.0  RANDOM
1000     bt/T/  BEFORE/ T/ T 2175312090  1.2     6622    3238    4/6     89.6    0.06    89.66    2       0    0/0       14        6         RANDOM/0.0  RANDOM
1000     bt/T/  BEFORE/ T/ T 2258260002  1.2     6648    3899    4/6     107.2   0.07    107.27   2       0    0/0       14        6         RANDOM/0.0  RANDOM
1000     bt/T/  BEFORE/ T/ T 4997565789  1.0     6656    5294    4/5     132.74  0.01    132.76   1       0    0/0       10        6         RANDOM/0.0  RANDOM
1000     bt/T/  BEFORE/ T/ T 5192471197  1.0     6607    3452    4/5     94.52   0.02    94.54    1       0    0/0       10        6         RANDOM/0.0  RANDOM
1000     bt/T/  BEFORE/ T/ T 5448756273  1.0     6575    3157    4/5     90.24   0.01    90.25    1       0    0/0       10        6         RANDOM/0.0  RANDOM
1000     bt/T/  BEFORE/ T/ T 8634259052  1.0     6572    2995    4/5     86.99   0.01    87.0     1       0    0/0       10        6         RANDOM/0.0  RANDOM
