Size     Mo/NC/ AC/ FC/ DR   Ident       Dsize   NCC     TCC     BT/V    AP      S       Total    NumS    BJ   TypA/B    FCcost    DRcost    AS/AStime   ConsSort

100      bt/T/  BEFORE/ NIL/ NIL 1414384866 1.0  781     111     4/5     0.69    0.01    0.7      1       0    0/0       0         0         RANDOM/0.0  RANDOM
100      bt/T/  BEFORE/ NIL/ NIL 1621232424 1.0  760     74      4/5     0.57    0.0     0.57     1       0    0/0       0         0         RANDOM/0.0  RANDOM
100      bt/T/  BEFORE/ NIL/ NIL 1972691557 1.0  755     124     4/5     0.62    0.0     0.62     1       0    0/0       0         0         RANDOM/0.0  RANDOM
100      bt/T/  BEFORE/ NIL/ NIL 2028154060 1.0  788     164     4/5     0.68    0.01    0.69     1       0    0/0       0         0         RANDOM/0.0  RANDOM
100      bt/T/  BEFORE/ NIL/ NIL 2175312090 1.0  757     101     4/5     0.59    0.01    0.6      1       0    0/0       0         0         RANDOM/0.0  RANDOM
100      bt/T/  BEFORE/ NIL/ NIL 2258260002 1.0  774     98      4/5     0.59    0.0     0.6      1       0    0/0       0         0         RANDOM/0.0  RANDOM
100      bt/T/  BEFORE/ NIL/ NIL 4997565789 1.0  805     186     4/5     0.72    0.01    0.73     1       0    0/0       0         0         RANDOM/0.0  RANDOM
100      bt/T/  BEFORE/ NIL/ NIL 5192471197 1.0  778     113     4/5     0.68    0.0     0.68     1       0    0/0       0         0         RANDOM/0.0  RANDOM
100      bt/T/  BEFORE/ NIL/ NIL 5448756273 1.0  797     151     4/5     0.65    0.01    0.66     1       0    0/0       0         0         RANDOM/0.0  RANDOM
100      bt/T/  BEFORE/ NIL/ NIL 8634259052 1.0  798     121     4/5     0.66    0.02    0.68     1       0    0/0       0         0         RANDOM/0.0  RANDOM
200      bt/T/  BEFORE/ NIL/ NIL 1414384866 1.0  1446    265     4/5     2.56    0.01    2.57     1       0    0/0       0         0         RANDOM/0.0  RANDOM
200      bt/T/  BEFORE/ NIL/ NIL 1621232424 1.0  1411    158     4/5     2.22    0.02    2.24     1       0    0/0       0         0         RANDOM/0.0  RANDOM
200      bt/T/  BEFORE/ NIL/ NIL 1972691557 1.0  1407    264     4/5     2.44    0.01    2.45     1       0    0/0       0         0         RANDOM/0.0  RANDOM
200      bt/T/  BEFORE/ NIL/ NIL 2028154060 1.0  1423    309     4/5     2.65    0.0     2.65     1       0    0/0       0         0         RANDOM/0.0  RANDOM
200      bt/T/  BEFORE/ NIL/ NIL 2175312090 1.0  1418    225     4/5     2.48    0.01    2.49     1       0    0/0       0         0         RANDOM/0.0  RANDOM
200      bt/T/  BEFORE/ NIL/ NIL 2258260002 1.0  1417    230     4/5     2.44    0.01    2.45     1       0    0/0       0         0         RANDOM/0.0  RANDOM
200      bt/T/  BEFORE/ NIL/ NIL 4997565789 1.0  1479    421     4/5     2.8     0.01    2.81     1       0    0/0       0         0         RANDOM/0.0  RANDOM
200      bt/T/  BEFORE/ NIL/ NIL 5192471197 1.0  1418    200     4/5     2.41    0.01    2.42     1       0    0/0       0         0         RANDOM/0.0  RANDOM
200      bt/T/  BEFORE/ NIL/ NIL 5448756273 1.0  1422    237     4/5     2.63    0.01    2.64     1       0    0/0       0         0         RANDOM/0.0  RANDOM
200      bt/T/  BEFORE/ NIL/ NIL 8634259052 1.0  1444    247     4/5     2.49    0.01    2.5      1       0    0/0       0         0         RANDOM/0.0  RANDOM
300      bt/T/  BEFORE/ NIL/ NIL 1414384866 1.0  2094    474     4/5     5.95    0.01    5.96     1       0    0/0       0         0         RANDOM/0.0  RANDOM
300      bt/T/  BEFORE/ NIL/ NIL 1621232424 1.0  2038    243     4/5     5.02    0.01    5.03     1       0    0/0       0         0         RANDOM/0.0  RANDOM
300      bt/T/  BEFORE/ NIL/ NIL 1972691557 1.0  2040    361     4/5     5.54    0.01    5.55     1       0    0/0       0         0         RANDOM/0.0  RANDOM
300      bt/T/  BEFORE/ NIL/ NIL 2028154060 1.0  2076    460     4/5     6.09    0.01    6.1      1       0    0/0       0         0         RANDOM/0.0  RANDOM
300      bt/T/  BEFORE/ NIL/ NIL 2175312090 1.2  2072    398     7/9     5.59    0.02    5.61     2       0    0/0       0         0         RANDOM/0.0  RANDOM
300      bt/T/  BEFORE/ NIL/ NIL 2258260002 1.2  2081    542     8/10    5.77    0.01    5.78     2       0    0/0       0         0         RANDOM/0.0  RANDOM
300      bt/T/  BEFORE/ NIL/ NIL 4997565789 1.0  2115    616     4/5     6.56    0.01    6.57     1       0    0/0       0         0         RANDOM/0.0  RANDOM
300      bt/T/  BEFORE/ NIL/ NIL 5192471197 1.0  2077    432     4/5     5.7     0.0     5.71     1       0    0/0       0         0         RANDOM/0.0  RANDOM
300      bt/T/  BEFORE/ NIL/ NIL 5448756273 1.0  2044    303     4/5     5.6     0.01    5.61     1       0    0/0       0         0         RANDOM/0.0  RANDOM
300      bt/T/  BEFORE/ NIL/ NIL 8634259052 1.0  2096    505     4/5     6.03    0.0     6.03     1       0    0/0       0         0         RANDOM/0.0  RANDOM
400      bt/T/  BEFORE/ NIL/ NIL 1414384866 1.0  2720    741     4/5     11.61   0.01    11.62    1       0    0/0       0         0         RANDOM/0.0  RANDOM
400      bt/T/  BEFORE/ NIL/ NIL 1621232424 1.0  2672    364     4/5     9.24    0.01    9.25     1       0    0/0       0         0         RANDOM/0.0  RANDOM
400      bt/T/  BEFORE/ NIL/ NIL 1972691557 1.0  2671    491     4/5     9.98    0.01    9.99     1       0    0/0       0         0         RANDOM/0.0  RANDOM
400      bt/T/  BEFORE/ NIL/ NIL 2028154060 1.0  2747    769     4/5     11.67   0.01    11.68    1       0    0/0       0         0         RANDOM/0.0  RANDOM
400      bt/T/  BEFORE/ NIL/ NIL 2175312090 1.2  2723    622     4/6     10.23   0.01    10.24    2       0    0/0       0         0         RANDOM/0.0  RANDOM
400      bt/T/  BEFORE/ NIL/ NIL 2258260002 1.2  2726    917     7/9     11.93   0.02    11.95    2       0    0/0       0         0         RANDOM/0.0  RANDOM
400      bt/T/  BEFORE/ NIL/ NIL 4997565789 1.0  2754    895     4/5     12.21   0.01    12.22    1       0    0/0       0         0         RANDOM/0.0  RANDOM
400      bt/T/  BEFORE/ NIL/ NIL 5192471197 1.0  2732    699     4/5     10.71   0.0     10.71    1       0    0/0       0         0         RANDOM/0.0  RANDOM
400      bt/T/  BEFORE/ NIL/ NIL 5448756273 1.0  2682    428     4/5     9.85    0.01    9.86     1       0    0/0       0         0         RANDOM/0.0  RANDOM
400      bt/T/  BEFORE/ NIL/ NIL 8634259052 1.0  2725    734     4/5     11.18   0.01    11.19    1       0    0/0       0         0         RANDOM/0.0  RANDOM
500      bt/T/  BEFORE/ NIL/ NIL 1414384866 1.0  3367    1210    4/5     20.21   0.01    20.22    1       0    0/0       0         0         RANDOM/0.0  RANDOM
500      bt/T/  BEFORE/ NIL/ NIL 1621232424 1.0  3299    593     4/5     15.44   0.0     15.44    1       0    0/0       0         0         RANDOM/0.0  RANDOM
500      bt/T/  BEFORE/ NIL/ NIL 1972691557 1.0  3319    688     4/5     15.78   0.0     15.78    1       0    0/0       0         0         RANDOM/0.0  RANDOM
500      bt/T/  BEFORE/ NIL/ NIL 2028154060 1.0  3385    1246    4/5     20.05   0.01    20.06    1       0    0/0       0         0         RANDOM/0.0  RANDOM
500      bt/T/  BEFORE/ NIL/ NIL 2175312090 1.2  3360    821     4/6     16.19   0.02    16.21    2       0    0/0       0         0         RANDOM/0.0  RANDOM
500      bt/T/  BEFORE/ NIL/ NIL 2258260002 1.2  3400    1333    5/7     20.56   0.02    20.58    2       0    0/0       0         0         RANDOM/0.0  RANDOM
500      bt/T/  BEFORE/ NIL/ NIL 4997565789 1.0  3399    1575    4/5     24.04   0.01    24.05    1       0    0/0       0         0         RANDOM/0.0  RANDOM
500      bt/T/  BEFORE/ NIL/ NIL 5192471197 1.0  3394    1008    4/5     17.68   0.01    17.69    1       0    0/0       0         0         RANDOM/0.0  RANDOM
500      bt/T/  BEFORE/ NIL/ NIL 5448756273 1.0  3325    671     4/5     16.81   0.0     16.81    1       0    0/0       0         0         RANDOM/0.0  RANDOM
500      bt/T/  BEFORE/ NIL/ NIL 8634259052 1.0  3370    1045    4/5     18.52   0.0     18.52    1       0    0/0       0         0         RANDOM/0.0  RANDOM
600      bt/T/  BEFORE/ NIL/ NIL 1414384866 1.0  4014    1652    4/5     30.77   0.01    30.78    1       0    0/0       0         0         RANDOM/0.0  RANDOM
600      bt/T/  BEFORE/ NIL/ NIL 1621232424 1.0  3921    736     4/5     22.96   0.02    22.98    1       0    0/0       0         0         RANDOM/0.0  RANDOM
600      bt/T/  BEFORE/ NIL/ NIL 1972691557 1.0  3951    998     4/5     23.96   0.0     23.96    1       0    0/0       0         0         RANDOM/0.0  RANDOM
600      bt/T/  BEFORE/ NIL/ NIL 2028154060 1.0  4011    1518    4/5     29.97   0.0     29.97    1       0    0/0       0         0         RANDOM/0.0  RANDOM
600      bt/T/  BEFORE/ NIL/ NIL 2175312090 1.2  4008    1066    7/9     24.26   0.03    24.29    2       0    0/0       0         0         RANDOM/0.0  RANDOM
600      bt/T/  BEFORE/ NIL/ NIL 2258260002 1.2  4038    1700    6/8     30.37   0.03    30.4     2       0    0/0       0         0         RANDOM/0.0  RANDOM
600      bt/T/  BEFORE/ NIL/ NIL 4997565789 1.0  4058    2340    4/5     39.02   0.01    39.03    1       0    0/0       0         0         RANDOM/0.0  RANDOM
600      bt/T/  BEFORE/ NIL/ NIL 5192471197 1.0  4025    1185    4/5     25.68   0.01    25.69    1       0    0/0       0         0         RANDOM/0.0  RANDOM
600      bt/T/  BEFORE/ NIL/ NIL 5448756273 1.0  3977    964     4/5     24.62   0.01    24.63    1       0    0/0       0         0         RANDOM/0.0  RANDOM
600      bt/T/  BEFORE/ NIL/ NIL 8634259052 1.0  4012    1430    4/5     27.7    0.01    27.71    1       0    0/0       0         0         RANDOM/0.0  RANDOM
700      bt/T/  BEFORE/ NIL/ NIL 1414384866 1.0  4659    2108    4/5     42.12   0.01    42.13    1       0    0/0       0         0         RANDOM/0.0  RANDOM
700      bt/T/  BEFORE/ NIL/ NIL 1621232424 1.0  4582    1036    4/5     31.5    0.01    31.51    1       0    0/0       0         0         RANDOM/0.0  RANDOM
700      bt/T/  BEFORE/ NIL/ NIL 1972691557 1.0  4582    1561    4/5     40.0    0.01    40.01    1       0    0/0       0         0         RANDOM/0.0  RANDOM
700      bt/T/  BEFORE/ NIL/ NIL 2028154060 1.0  4693    2361    4/5     43.16   0.01    43.17    1       0    0/0       0         0         RANDOM/0.0  RANDOM
700      bt/T/  BEFORE/ NIL/ NIL 2175312090 1.2  4646    1331    8/10    33.3    0.02    33.33    2       0    0/0       0         0         RANDOM/0.0  RANDOM
700      bt/T/  BEFORE/ NIL/ NIL 2258260002 1.2  4683    2130    8/10    41.24   0.03    41.27    2       0    0/0       0         0         RANDOM/0.0  RANDOM
700      bt/T/  BEFORE/ NIL/ NIL 4997565789 1.0  4719    2920    4/5     52.83   0.01    52.84    1       0    0/0       0         0         RANDOM/0.0  RANDOM
700      bt/T/  BEFORE/ NIL/ NIL 5192471197 1.0  4656    1472    4/5     35.92   0.0     35.92    1       0    0/0       0         0         RANDOM/0.0  RANDOM
700      bt/T/  BEFORE/ NIL/ NIL 5448756273 1.0  4646    1777    4/5     37.67   0.01    37.68    1       0    0/0       0         0         RANDOM/0.0  RANDOM
700      bt/T/  BEFORE/ NIL/ NIL 8634259052 1.0  4665    1732    4/5     37.2    0.01    37.21    1       0    0/0       0         0         RANDOM/0.0  RANDOM
800      bt/T/  BEFORE/ NIL/ NIL 1414384866 1.0  5329    2896    4/5     59.5    0.01    59.51    1       0    0/0       0         0         RANDOM/0.0  RANDOM
800      bt/T/  BEFORE/ NIL/ NIL 1621232424 1.0  5236    1608    4/5     44.91   0.0     44.91    1       0    0/0       0         0         RANDOM/0.0  RANDOM
800      bt/T/  BEFORE/ NIL/ NIL 1972691557 1.0  5242    2013    4/5     52.15   0.0     52.15    1       0    0/0       0         0         RANDOM/0.0  RANDOM
800      bt/T/  BEFORE/ NIL/ NIL 2028154060 1.0  5326    2696    4/5     58.62   0.01    58.63    1       0    0/0       0         0         RANDOM/0.0  RANDOM
800      bt/T/  BEFORE/ NIL/ NIL 2175312090 1.2  5298    2005    6/8     49.1    0.03    49.13    2       0    0/0       0         0         RANDOM/0.0  RANDOM
800      bt/T/  BEFORE/ NIL/ NIL 2258260002 1.2  5323    2525    5/7     56.51   0.03    56.54    2       0    0/0       0         0         RANDOM/0.0  RANDOM
800      bt/T/  BEFORE/ NIL/ NIL 4997565789 1.0  5379    3780    4/5     75.82   0.0     75.83    1       0    0/0       0         0         RANDOM/0.0  RANDOM
800      bt/T/  BEFORE/ NIL/ NIL 5192471197 1.0  5312    2339    4/5     55.17   0.01    55.18    1       0    0/0       0         0         RANDOM/0.0  RANDOM
800      bt/T/  BEFORE/ NIL/ NIL 5448756273 1.0  5293    2353    4/5     52.52   0.01    52.53    1       0    0/0       0         0         RANDOM/0.0  RANDOM
800      bt/T/  BEFORE/ NIL/ NIL 8634259052 1.0  5311    2145    4/5     50.02   0.01    50.03    1       0    0/0       0         0         RANDOM/0.0  RANDOM
900      bt/T/  BEFORE/ NIL/ NIL 1414384866 1.0  5962    3402    4/5     80.51   0.01    80.52    1       0    0/0       0         0         RANDOM/0.0  RANDOM
900      bt/T/  BEFORE/ NIL/ NIL 1621232424 1.0  5873    2186    4/5     63.74   0.01    63.75    1       0    0/0       0         0         RANDOM/0.0  RANDOM
900      bt/T/  BEFORE/ NIL/ NIL 1972691557 1.0  5883    2440    4/5     66.65   0.01    66.66    1       0    0/0       0         0         RANDOM/0.0  RANDOM
900      bt/T/  BEFORE/ NIL/ NIL 2028154060 1.0  5965    3361    4/5     79.27   0.01    79.28    1       0    0/0       0         0         RANDOM/0.0  RANDOM
900      bt/T/  BEFORE/ NIL/ NIL 2175312090 1.2  5953    2444    6/8     65.64   0.03    65.67    2       0    0/0       0         0         RANDOM/0.0  RANDOM
900      bt/T/  BEFORE/ NIL/ NIL 2258260002 1.2  5973    3186    7/9     76.64   0.03    76.67    2       0    0/0       0         0         RANDOM/0.0  RANDOM
900      bt/T/  BEFORE/ NIL/ NIL 4997565789 1.0  6009    4639    4/5     105.32  0.01    105.33   1       0    0/0       0         0         RANDOM/0.0  RANDOM
900      bt/T/  BEFORE/ NIL/ NIL 5192471197 1.0  5969    2887    4/5     73.25   0.0     73.25    1       0    0/0       0         0         RANDOM/0.0  RANDOM
900      bt/T/  BEFORE/ NIL/ NIL 5448756273 1.0  5913    2570    4/5     70.33   0.01    70.34    1       0    0/0       0         0         RANDOM/0.0  RANDOM
900      bt/T/  BEFORE/ NIL/ NIL 8634259052 1.0  5939    2599    4/5     68.68   0.01    68.69    1       0    0/0       0         0         RANDOM/0.0  RANDOM
1000     bt/T/  BEFORE/ NIL/ NIL 1414384866 1.0  6624    4209    4/5     107.05  0.01    107.06   1       0    0/0       0         0         RANDOM/0.0  RANDOM
1000     bt/T/  BEFORE/ NIL/ NIL 1621232424 1.0  6506    2741    4/5     79.36   0.01    79.37    1       0    0/0       0         0         RANDOM/0.0  RANDOM
1000     bt/T/  BEFORE/ NIL/ NIL 1972691557 1.0  6516    2792    4/5     87.31   0.02    87.33    1       0    0/0       0         0         RANDOM/0.0  RANDOM
1000     bt/T/  BEFORE/ NIL/ NIL 2028154060 1.0  6602    4012    4/5     105.26  0.01    105.27   1       0    0/0       0         0         RANDOM/0.0  RANDOM
1000     bt/T/  BEFORE/ NIL/ NIL 2175312090 1.2  6622    3224    4/6     90.56   0.03    90.59    2       0    0/0       0         0         RANDOM/0.0  RANDOM
1000     bt/T/  BEFORE/ NIL/ NIL 2258260002 1.2  6648    3885    4/6     100.23  0.03    100.27   2       0    0/0       0         0         RANDOM/0.0  RANDOM
1000     bt/T/  BEFORE/ NIL/ NIL 4997565789 1.0  6656    5283    4/5     134.24  0.02    134.26   1       0    0/0       0         0         RANDOM/0.0  RANDOM
1000     bt/T/  BEFORE/ NIL/ NIL 5192471197 1.0  6607    3441    4/5     94.7    0.01    94.71    1       0    0/0       0         0         RANDOM/0.0  RANDOM
1000     bt/T/  BEFORE/ NIL/ NIL 5448756273 1.0  6575    3146    4/5     88.01   0.01    88.02    1       0    0/0       0         0         RANDOM/0.0  RANDOM
1000     bt/T/  BEFORE/ NIL/ NIL 8634259052 1.0  6572    2984    4/5     85.68   0.01    85.69    1       0    0/0       0         0         RANDOM/0.0  RANDOM
