Size     Mo/NC/ AC/ FC/ DR   Ident       Dsize   NCC     TCC     BT/V    AP      S       Total    NumS    BJ   TypA/B    FCcost    DRcost    AS/AStime   ConsSort

100      bj/T/  BEFORE/ NIL/ NIL 1414384866 1.0  781     111     4/5     0.68    0.0     0.68     1       0    0/0       0         0         RANDOM/0.0  RANDOM
100      bj/T/  BEFORE/ NIL/ NIL 1621232424 1.0  760     74      4/5     0.57    0.01    0.58     1       0    0/0       0         0         RANDOM/0.0  RANDOM
100      bj/T/  BEFORE/ NIL/ NIL 1972691557 1.0  755     124     4/5     0.66    0.01    0.67     1       0    0/0       0         0         RANDOM/0.0  RANDOM
100      bj/T/  BEFORE/ NIL/ NIL 2028154060 1.0  788     164     4/5     0.68    0.01    0.69     1       0    0/0       0         0         RANDOM/0.0  RANDOM
100      bj/T/  BEFORE/ NIL/ NIL 2175312090 1.0  757     101     4/5     0.61    0.0     0.61     1       0    0/0       0         0         RANDOM/0.0  RANDOM
100      bj/T/  BEFORE/ NIL/ NIL 2258260002 1.0  774     98      4/5     0.62    0.01    0.63     1       0    0/0       0         0         RANDOM/0.0  RANDOM
100      bj/T/  BEFORE/ NIL/ NIL 4997565789 1.0  805     186     4/5     0.74    0.0     0.74     1       0    0/0       0         0         RANDOM/0.0  RANDOM
100      bj/T/  BEFORE/ NIL/ NIL 5192471197 1.0  778     113     4/5     0.7     0.01    0.71     1       0    0/0       0         0         RANDOM/0.0  RANDOM
100      bj/T/  BEFORE/ NIL/ NIL 5448756273 1.0  797     151     4/5     0.71    0.01    0.72     1       0    0/0       0         0         RANDOM/0.0  RANDOM
100      bj/T/  BEFORE/ NIL/ NIL 8634259052 1.0  798     121     4/5     0.68    0.0     0.68     1       0    0/0       0         0         RANDOM/0.0  RANDOM
200      bj/T/  BEFORE/ NIL/ NIL 1414384866 1.0  1446    265     4/5     2.54    0.01    2.55     1       0    0/0       0         0         RANDOM/0.0  RANDOM
200      bj/T/  BEFORE/ NIL/ NIL 1621232424 1.0  1411    158     4/5     2.16    0.0     2.16     1       0    0/0       0         0         RANDOM/0.0  RANDOM
200      bj/T/  BEFORE/ NIL/ NIL 1972691557 1.0  1407    264     4/5     2.45    0.01    2.46     1       0    0/0       0         0         RANDOM/0.0  RANDOM
200      bj/T/  BEFORE/ NIL/ NIL 2028154060 1.0  1423    309     4/5     2.72    0.0     2.73     1       0    0/0       0         0         RANDOM/0.0  RANDOM
200      bj/T/  BEFORE/ NIL/ NIL 2175312090 1.0  1418    225     4/5     2.3     0.0     2.31     1       0    0/0       0         0         RANDOM/0.0  RANDOM
200      bj/T/  BEFORE/ NIL/ NIL 2258260002 1.0  1417    230     4/5     2.41    0.01    2.42     1       0    0/0       0         0         RANDOM/0.0  RANDOM
200      bj/T/  BEFORE/ NIL/ NIL 4997565789 1.0  1479    421     4/5     2.73    0.01    2.74     1       0    0/0       0         0         RANDOM/0.0  RANDOM
200      bj/T/  BEFORE/ NIL/ NIL 5192471197 1.0  1418    200     4/5     2.29    0.01    2.3      1       0    0/0       0         0         RANDOM/0.0  RANDOM
200      bj/T/  BEFORE/ NIL/ NIL 5448756273 1.0  1422    237     4/5     2.5     0.01    2.51     1       0    0/0       0         0         RANDOM/0.0  RANDOM
200      bj/T/  BEFORE/ NIL/ NIL 8634259052 1.0  1444    247     4/5     2.48    0.01    2.49     1       0    0/0       0         0         RANDOM/0.0  RANDOM
300      bj/T/  BEFORE/ NIL/ NIL 1414384866 1.0  2094    474     4/5     5.86    0.01    5.87     1       0    0/0       0         0         RANDOM/0.0  RANDOM
300      bj/T/  BEFORE/ NIL/ NIL 1621232424 1.0  2038    243     4/5     4.95    0.01    4.96     1       0    0/0       0         0         RANDOM/0.0  RANDOM
300      bj/T/  BEFORE/ NIL/ NIL 1972691557 1.0  2040    361     4/5     5.4     0.01    5.41     1       0    0/0       0         0         RANDOM/0.0  RANDOM
300      bj/T/  BEFORE/ NIL/ NIL 2028154060 1.0  2076    460     4/5     6.05    0.01    6.06     1       0    0/0       0         0         RANDOM/0.0  RANDOM
300      bj/T/  BEFORE/ NIL/ NIL 2175312090 1.2  2072    398     7/9     5.23    0.01    5.24     2       0    0/0       0         0         RANDOM/0.0  RANDOM
300      bj/T/  BEFORE/ NIL/ NIL 2258260002 1.2  2081    542     8/10    5.58    0.01    5.6      2       0    0/0       0         0         RANDOM/0.0  RANDOM
300      bj/T/  BEFORE/ NIL/ NIL 4997565789 1.0  2115    616     4/5     6.35    0.01    6.36     1       0    0/0       0         0         RANDOM/0.0  RANDOM
300      bj/T/  BEFORE/ NIL/ NIL 5192471197 1.0  2077    432     4/5     5.5     0.01    5.51     1       0    0/0       0         0         RANDOM/0.0  RANDOM
300      bj/T/  BEFORE/ NIL/ NIL 5448756273 1.0  2044    303     4/5     5.47    0.0     5.48     1       0    0/0       0         0         RANDOM/0.0  RANDOM
300      bj/T/  BEFORE/ NIL/ NIL 8634259052 1.0  2096    505     4/5     6.16    0.0     6.16     1       0    0/0       0         0         RANDOM/0.0  RANDOM
400      bj/T/  BEFORE/ NIL/ NIL 1414384866 1.0  2720    741     4/5     11.2    0.01    11.21    1       0    0/0       0         0         RANDOM/0.0  RANDOM
400      bj/T/  BEFORE/ NIL/ NIL 1621232424 1.0  2672    364     4/5     8.96    0.01    8.97     1       0    0/0       0         0         RANDOM/0.0  RANDOM
400      bj/T/  BEFORE/ NIL/ NIL 1972691557 1.0  2671    491     4/5     9.86    0.01    9.87     1       0    0/0       0         0         RANDOM/0.0  RANDOM
400      bj/T/  BEFORE/ NIL/ NIL 2028154060 1.0  2747    769     4/5     11.12   0.01    11.13    1       0    0/0       0         0         RANDOM/0.0  RANDOM
400      bj/T/  BEFORE/ NIL/ NIL 2175312090 1.2  2723    622     4/6     9.88    0.01    9.89     2       0    0/0       0         0         RANDOM/0.0  RANDOM
400      bj/T/  BEFORE/ NIL/ NIL 2258260002 1.2  2726    917     7/9     11.28   0.02    11.3     2       0    0/0       0         0         RANDOM/0.0  RANDOM
400      bj/T/  BEFORE/ NIL/ NIL 4997565789 1.0  2754    895     4/5     11.52   0.01    11.53    1       0    0/0       0         0         RANDOM/0.0  RANDOM
400      bj/T/  BEFORE/ NIL/ NIL 5192471197 1.0  2732    699     4/5     10.24   0.0     10.24    1       0    0/0       0         0         RANDOM/0.0  RANDOM
400      bj/T/  BEFORE/ NIL/ NIL 5448756273 1.0  2682    428     4/5     9.67    0.01    9.68     1       0    0/0       0         0         RANDOM/0.0  RANDOM
400      bj/T/  BEFORE/ NIL/ NIL 8634259052 1.0  2725    734     4/5     10.61   0.01    10.62    1       0    0/0       0         0         RANDOM/0.0  RANDOM
500      bj/T/  BEFORE/ NIL/ NIL 1414384866 1.0  3367    1210    4/5     19.34   0.01    19.35    1       0    0/0       0         0         RANDOM/0.0  RANDOM
500      bj/T/  BEFORE/ NIL/ NIL 1621232424 1.0  3299    593     4/5     15.24   0.0     15.24    1       0    0/0       0         0         RANDOM/0.0  RANDOM
500      bj/T/  BEFORE/ NIL/ NIL 1972691557 1.0  3319    688     4/5     15.43   0.01    15.44    1       0    0/0       0         0         RANDOM/0.0  RANDOM
500      bj/T/  BEFORE/ NIL/ NIL 2028154060 1.0  3385    1246    4/5     19.12   0.01    19.13    1       0    0/0       0         0         RANDOM/0.0  RANDOM
500      bj/T/  BEFORE/ NIL/ NIL 2175312090 1.2  3360    821     4/6     15.98   0.02    16.0     2       0    0/0       0         0         RANDOM/0.0  RANDOM
500      bj/T/  BEFORE/ NIL/ NIL 2258260002 1.2  3400    1333    5/7     19.65   0.02    19.67    2       0    0/0       0         0         RANDOM/0.0  RANDOM
500      bj/T/  BEFORE/ NIL/ NIL 4997565789 1.0  3399    1575    4/5     23.88   0.0     23.88    1       0    0/0       0         0         RANDOM/0.0  RANDOM
500      bj/T/  BEFORE/ NIL/ NIL 5192471197 1.0  3394    1008    4/5     17.11   0.01    17.12    1       0    0/0       0         0         RANDOM/0.0  RANDOM
500      bj/T/  BEFORE/ NIL/ NIL 5448756273 1.0  3325    671     4/5     15.75   0.01    15.76    1       0    0/0       0         0         RANDOM/0.0  RANDOM
500      bj/T/  BEFORE/ NIL/ NIL 8634259052 1.0  3370    1045    4/5     17.79   0.0     17.79    1       0    0/0       0         0         RANDOM/0.0  RANDOM
600      bj/T/  BEFORE/ NIL/ NIL 1414384866 1.0  4014    1652    4/5     30.13   0.0     30.13    1       0    0/0       0         0         RANDOM/0.0  RANDOM
600      bj/T/  BEFORE/ NIL/ NIL 1621232424 1.0  3921    736     4/5     22.34   0.01    22.35    1       0    0/0       0         0         RANDOM/0.0  RANDOM
600      bj/T/  BEFORE/ NIL/ NIL 1972691557 1.0  3951    998     4/5     23.49   0.0     23.49    1       0    0/0       0         0         RANDOM/0.0  RANDOM
600      bj/T/  BEFORE/ NIL/ NIL 2028154060 1.0  4011    1518    4/5     28.71   0.0     28.72    1       0    0/0       0         0         RANDOM/0.0  RANDOM
600      bj/T/  BEFORE/ NIL/ NIL 2175312090 1.2  4008    1066    7/9     23.68   0.02    23.7     2       0    0/0       0         0         RANDOM/0.0  RANDOM
600      bj/T/  BEFORE/ NIL/ NIL 2258260002 1.2  4038    1700    6/8     30.52   0.03    30.55    2       0    0/0       0         0         RANDOM/0.0  RANDOM
600      bj/T/  BEFORE/ NIL/ NIL 4997565789 1.0  4058    2340    4/5     37.57   0.01    37.58    1       0    0/0       0         0         RANDOM/0.0  RANDOM
600      bj/T/  BEFORE/ NIL/ NIL 5192471197 1.0  4025    1185    4/5     24.86   0.01    24.87    1       0    0/0       0         0         RANDOM/0.0  RANDOM
600      bj/T/  BEFORE/ NIL/ NIL 5448756273 1.0  3977    964     4/5     24.53   0.01    24.54    1       0    0/0       0         0         RANDOM/0.0  RANDOM
600      bj/T/  BEFORE/ NIL/ NIL 8634259052 1.0  4012    1430    4/5     27.04   0.01    27.05    1       0    0/0       0         0         RANDOM/0.0  RANDOM
700      bj/T/  BEFORE/ NIL/ NIL 1414384866 1.0  4659    2108    4/5     41.9    0.01    41.91    1       0    0/0       0         0         RANDOM/0.0  RANDOM
700      bj/T/  BEFORE/ NIL/ NIL 1621232424 1.0  4582    1036    4/5     31.38   0.0     31.39    1       0    0/0       0         0         RANDOM/0.0  RANDOM
700      bj/T/  BEFORE/ NIL/ NIL 1972691557 1.0  4582    1561    4/5     36.94   0.0     36.94    1       0    0/0       0         0         RANDOM/0.0  RANDOM
700      bj/T/  BEFORE/ NIL/ NIL 2028154060 1.0  4693    2361    4/5     43.95   0.01    43.96    1       0    0/0       0         0         RANDOM/0.0  RANDOM
700      bj/T/  BEFORE/ NIL/ NIL 2175312090 1.2  4646    1331    8/10    32.72   0.03    32.75    2       0    0/0       0         0         RANDOM/0.0  RANDOM
700      bj/T/  BEFORE/ NIL/ NIL 2258260002 1.2  4683    2130    8/10    42.29   0.03    42.32    2       0    0/0       0         0         RANDOM/0.0  RANDOM
700      bj/T/  BEFORE/ NIL/ NIL 4997565789 1.0  4719    2920    4/5     54.84   0.01    54.85    1       0    0/0       0         0         RANDOM/0.0  RANDOM
700      bj/T/  BEFORE/ NIL/ NIL 5192471197 1.0  4656    1472    4/5     36.86   0.01    36.87    1       0    0/0       0         0         RANDOM/0.0  RANDOM
700      bj/T/  BEFORE/ NIL/ NIL 5448756273 1.0  4646    1777    4/5     37.31   0.01    37.32    1       0    0/0       0         0         RANDOM/0.0  RANDOM
700      bj/T/  BEFORE/ NIL/ NIL 8634259052 1.0  4665    1732    4/5     37.1    0.0     37.1     1       0    0/0       0         0         RANDOM/0.0  RANDOM
800      bj/T/  BEFORE/ NIL/ NIL 1414384866 1.0  5329    2896    4/5     59.97   0.0     59.98    1       0    0/0       0         0         RANDOM/0.0  RANDOM
800      bj/T/  BEFORE/ NIL/ NIL 1621232424 1.0  5236    1608    4/5     45.05   0.01    45.06    1       0    0/0       0         0         RANDOM/0.0  RANDOM
800      bj/T/  BEFORE/ NIL/ NIL 1972691557 1.0  5242    2013    4/5     51.07   0.01    51.08    1       0    0/0       0         0         RANDOM/0.0  RANDOM
800      bj/T/  BEFORE/ NIL/ NIL 2028154060 1.0  5326    2696    4/5     59.09   0.01    59.1     1       0    0/0       0         0         RANDOM/0.0  RANDOM
800      bj/T/  BEFORE/ NIL/ NIL 2175312090 1.2  5298    2005    6/8     48.6    0.04    48.64    2       0    0/0       0         0         RANDOM/0.0  RANDOM
800      bj/T/  BEFORE/ NIL/ NIL 2258260002 1.2  5323    2525    5/7     57.86   0.03    57.89    2       0    0/0       0         0         RANDOM/0.0  RANDOM
800      bj/T/  BEFORE/ NIL/ NIL 4997565789 1.0  5379    3780    4/5     77.48   0.03    77.51    1       0    0/0       0         0         RANDOM/0.0  RANDOM
800      bj/T/  BEFORE/ NIL/ NIL 5192471197 1.0  5312    2339    4/5     54.48   0.01    54.49    1       0    0/0       0         0         RANDOM/0.0  RANDOM
800      bj/T/  BEFORE/ NIL/ NIL 5448756273 1.0  5293    2353    4/5     53.98   0.01    53.99    1       0    0/0       0         0         RANDOM/0.0  RANDOM
800      bj/T/  BEFORE/ NIL/ NIL 8634259052 1.0  5311    2145    4/5     51.42   0.02    51.44    1       0    0/0       0         0         RANDOM/0.0  RANDOM
900      bj/T/  BEFORE/ NIL/ NIL 1414384866 1.0  5962    3402    4/5     79.96   0.01    79.97    1       0    0/0       0         0         RANDOM/0.0  RANDOM
900      bj/T/  BEFORE/ NIL/ NIL 1621232424 1.0  5873    2186    4/5     62.68   0.01    62.69    1       0    0/0       0         0         RANDOM/0.0  RANDOM
900      bj/T/  BEFORE/ NIL/ NIL 1972691557 1.0  5883    2440    4/5     67.76   0.01    67.77    1       0    0/0       0         0         RANDOM/0.0  RANDOM
900      bj/T/  BEFORE/ NIL/ NIL 2028154060 1.0  5965    3361    4/5     77.78   0.01    77.79    1       0    0/0       0         0         RANDOM/0.0  RANDOM
900      bj/T/  BEFORE/ NIL/ NIL 2175312090 1.2  5953    2444    6/8     65.53   0.03    65.56    2       0    0/0       0         0         RANDOM/0.0  RANDOM
900      bj/T/  BEFORE/ NIL/ NIL 2258260002 1.2  5973    3186    7/9     74.75   0.03    74.78    2       0    0/0       0         0         RANDOM/0.0  RANDOM
900      bj/T/  BEFORE/ NIL/ NIL 4997565789 1.0  6009    4639    4/5     96.56   0.0     96.56    1       0    0/0       0         0         RANDOM/0.0  RANDOM
900      bj/T/  BEFORE/ NIL/ NIL 5192471197 1.0  5969    2887    4/5     69.89   0.01    69.9     1       0    0/0       0         0         RANDOM/0.0  RANDOM
900      bj/T/  BEFORE/ NIL/ NIL 5448756273 1.0  5913    2570    4/5     63.68   0.01    63.69    1       0    0/0       0         0         RANDOM/0.0  RANDOM
900      bj/T/  BEFORE/ NIL/ NIL 8634259052 1.0  5939    2599    4/5     63.36   0.01    63.37    1       0    0/0       0         0         RANDOM/0.0  RANDOM
1000     bj/T/  BEFORE/ NIL/ NIL 1414384866 1.0  6624    4209    4/5     102.84  0.01    102.85   1       0    0/0       0         0         RANDOM/0.0  RANDOM
1000     bj/T/  BEFORE/ NIL/ NIL 1621232424 1.0  6506    2741    4/5     74.51   0.01    74.52    1       0    0/0       0         0         RANDOM/0.0  RANDOM
1000     bj/T/  BEFORE/ NIL/ NIL 1972691557 1.0  6516    2792    4/5     79.4    0.01    79.41    1       0    0/0       0         0         RANDOM/0.0  RANDOM
1000     bj/T/  BEFORE/ NIL/ NIL 2028154060 1.0  6602    4012    4/5     96.42   0.01    96.43    1       0    0/0       0         0         RANDOM/0.0  RANDOM
1000     bj/T/  BEFORE/ NIL/ NIL 2175312090 1.2  6622    3224    4/6     83.58   0.03    83.61    2       0    0/0       0         0         RANDOM/0.0  RANDOM
1000     bj/T/  BEFORE/ NIL/ NIL 2258260002 1.2  6648    3885    4/6     98.12   0.04    98.16    2       0    0/0       0         0         RANDOM/0.0  RANDOM
1000     bj/T/  BEFORE/ NIL/ NIL 4997565789 1.0  6656    5283    4/5     133.1   0.01    133.11   1       0    0/0       0         0         RANDOM/0.0  RANDOM
1000     bj/T/  BEFORE/ NIL/ NIL 5192471197 1.0  6607    3441    4/5     99.72   0.01    99.73    1       0    0/0       0         0         RANDOM/0.0  RANDOM
1000     bj/T/  BEFORE/ NIL/ NIL 5448756273 1.0  6575    3146    4/5     90.12   0.01    90.13    1       0    0/0       0         0         RANDOM/0.0  RANDOM
1000     bj/T/  BEFORE/ NIL/ NIL 8634259052 1.0  6572    2984    4/5     86.31   0.01    86.32    1       0    0/0       0         0         RANDOM/0.0  RANDOM
