Size     Mo/NC/ AC/ FC/ DR   Ident       Dsize   NCC     TCC     BT/V    AP      S       Total    NumS    BJ   TypA/B    FCcost    DRcost    AS/AStime   ConsSort

100      bm/T/  BEFORE/ NIL/ NIL 1414384866 1.0  781     111     4/5     0.68    0.01    0.69     1       0    0/0       0         0         RANDOM/0.0  RANDOM
100      bm/T/  BEFORE/ NIL/ NIL 1621232424 1.0  760     74      4/5     0.58    0.01    0.59     1       0    0/0       0         0         RANDOM/0.0  RANDOM
100      bm/T/  BEFORE/ NIL/ NIL 1972691557 1.0  755     124     4/5     0.61    0.01    0.63     1       0    0/0       0         0         RANDOM/0.0  RANDOM
100      bm/T/  BEFORE/ NIL/ NIL 2028154060 1.0  788     164     4/5     0.7     0.01    0.72     1       0    0/0       0         0         RANDOM/0.0  RANDOM
100      bm/T/  BEFORE/ NIL/ NIL 2175312090 1.0  757     101     4/5     0.64    0.0     0.65     1       0    0/0       0         0         RANDOM/0.0  RANDOM
100      bm/T/  BEFORE/ NIL/ NIL 2258260002 1.0  774     98      4/5     0.63    0.01    0.65     1       0    0/0       0         0         RANDOM/0.0  RANDOM
100      bm/T/  BEFORE/ NIL/ NIL 4997565789 1.0  805     186     4/5     0.81    0.01    0.82     1       0    0/0       0         0         RANDOM/0.0  RANDOM
100      bm/T/  BEFORE/ NIL/ NIL 5192471197 1.0  778     113     4/5     0.71    0.01    0.73     1       0    0/0       0         0         RANDOM/0.0  RANDOM
100      bm/T/  BEFORE/ NIL/ NIL 5448756273 1.0  797     151     4/5     0.69    0.02    0.72     1       0    0/0       0         0         RANDOM/0.0  RANDOM
100      bm/T/  BEFORE/ NIL/ NIL 8634259052 1.0  798     121     4/5     0.69    0.01    0.7      1       0    0/0       0         0         RANDOM/0.0  RANDOM
200      bm/T/  BEFORE/ NIL/ NIL 1414384866 1.0  1446    265     4/5     2.4     0.01    2.41     1       0    0/0       0         0         RANDOM/0.0  RANDOM
200      bm/T/  BEFORE/ NIL/ NIL 1621232424 1.0  1411    158     4/5     2.1     0.01    2.11     1       0    0/0       0         0         RANDOM/0.0  RANDOM
200      bm/T/  BEFORE/ NIL/ NIL 1972691557 1.0  1407    264     4/5     2.47    0.01    2.48     1       0    0/0       0         0         RANDOM/0.0  RANDOM
200      bm/T/  BEFORE/ NIL/ NIL 2028154060 1.0  1423    309     4/5     2.46    0.01    2.47     1       0    0/0       0         0         RANDOM/0.0  RANDOM
200      bm/T/  BEFORE/ NIL/ NIL 2175312090 1.0  1418    225     4/5     2.24    0.02    2.28     1       0    0/0       0         0         RANDOM/0.0  RANDOM
200      bm/T/  BEFORE/ NIL/ NIL 2258260002 1.0  1417    230     4/5     2.54    0.0     2.54     1       0    0/0       0         0         RANDOM/0.0  RANDOM
200      bm/T/  BEFORE/ NIL/ NIL 4997565789 1.0  1479    421     4/5     2.76    0.01    2.78     1       0    0/0       0         0         RANDOM/0.0  RANDOM
200      bm/T/  BEFORE/ NIL/ NIL 5192471197 1.0  1418    200     4/5     2.28    0.0     2.29     1       0    0/0       0         0         RANDOM/0.0  RANDOM
200      bm/T/  BEFORE/ NIL/ NIL 5448756273 1.0  1422    237     4/5     2.53    0.01    2.54     1       0    0/0       0         0         RANDOM/0.0  RANDOM
200      bm/T/  BEFORE/ NIL/ NIL 8634259052 1.0  1444    247     4/5     2.46    0.01    2.47     1       0    0/0       0         0         RANDOM/0.0  RANDOM
300      bm/T/  BEFORE/ NIL/ NIL 1414384866 1.0  2094    474     4/5     5.76    0.01    5.78     1       0    0/0       0         0         RANDOM/0.0  RANDOM
300      bm/T/  BEFORE/ NIL/ NIL 1621232424 1.0  2038    243     4/5     4.94    0.01    4.96     1       0    0/0       0         0         RANDOM/0.0  RANDOM
300      bm/T/  BEFORE/ NIL/ NIL 1972691557 1.0  2040    361     4/5     5.4     0.0     5.4      1       0    0/0       0         0         RANDOM/0.0  RANDOM
300      bm/T/  BEFORE/ NIL/ NIL 2028154060 1.0  2076    460     4/5     5.76    0.01    5.78     1       0    0/0       0         0         RANDOM/0.0  RANDOM
300      bm/T/  BEFORE/ NIL/ NIL 2175312090 1.2  2072    396     7/9     5.28    0.01    5.29     2       0    0/3       0         0         RANDOM/0.0  RANDOM
300      bm/T/  BEFORE/ NIL/ NIL 2258260002 1.2  2081    542     8/10    5.67    0.01    5.69     2       0    0/0       0         0         RANDOM/0.0  RANDOM
300      bm/T/  BEFORE/ NIL/ NIL 4997565789 1.0  2115    616     4/5     6.25    0.01    6.26     1       0    0/0       0         0         RANDOM/0.0  RANDOM
300      bm/T/  BEFORE/ NIL/ NIL 5192471197 1.0  2077    432     4/5     5.53    0.01    5.55     1       0    0/0       0         0         RANDOM/0.0  RANDOM
300      bm/T/  BEFORE/ NIL/ NIL 5448756273 1.0  2044    303     4/5     5.33    0.01    5.34     1       0    0/0       0         0         RANDOM/0.0  RANDOM
300      bm/T/  BEFORE/ NIL/ NIL 8634259052 1.0  2096    505     4/5     5.81    0.01    5.82     1       0    0/0       0         0         RANDOM/0.0  RANDOM
400      bm/T/  BEFORE/ NIL/ NIL 1414384866 1.0  2720    741     4/5     11.06   0.0     11.06    1       0    0/0       0         0         RANDOM/0.0  RANDOM
400      bm/T/  BEFORE/ NIL/ NIL 1621232424 1.0  2672    364     4/5     9.06    0.01    9.08     1       0    0/0       0         0         RANDOM/0.0  RANDOM
400      bm/T/  BEFORE/ NIL/ NIL 1972691557 1.0  2671    491     4/5     9.65    0.01    9.66     1       0    0/0       0         0         RANDOM/0.0  RANDOM
400      bm/T/  BEFORE/ NIL/ NIL 2028154060 1.0  2747    769     4/5     11.32   0.01    11.34    1       0    0/0       0         0         RANDOM/0.0  RANDOM
400      bm/T/  BEFORE/ NIL/ NIL 2175312090 1.2  2723    622     4/6     9.77    0.01    9.79     2       0    0/0       0         0         RANDOM/0.0  RANDOM
400      bm/T/  BEFORE/ NIL/ NIL 2258260002 1.2  2726    912     7/9     11.5    0.02    11.53    2       0    0/3       0         0         RANDOM/0.0  RANDOM
400      bm/T/  BEFORE/ NIL/ NIL 4997565789 1.0  2754    895     4/5     11.54   0.01    11.55    1       0    0/0       0         0         RANDOM/0.0  RANDOM
400      bm/T/  BEFORE/ NIL/ NIL 5192471197 1.0  2732    699     4/5     10.27   0.01    10.29    1       0    0/0       0         0         RANDOM/0.0  RANDOM
400      bm/T/  BEFORE/ NIL/ NIL 5448756273 1.0  2682    428     4/5     9.48    0.01    9.49     1       0    0/0       0         0         RANDOM/0.0  RANDOM
400      bm/T/  BEFORE/ NIL/ NIL 8634259052 1.0  2725    734     4/5     10.83   0.0     10.83    1       0    0/0       0         0         RANDOM/0.0  RANDOM
500      bm/T/  BEFORE/ NIL/ NIL 1414384866 1.0  3367    1210    4/5     19.17   0.01    19.18    1       0    0/0       0         0         RANDOM/0.0  RANDOM
500      bm/T/  BEFORE/ NIL/ NIL 1621232424 1.0  3299    593     4/5     14.96   0.01    14.97    1       0    0/0       0         0         RANDOM/0.0  RANDOM
500      bm/T/  BEFORE/ NIL/ NIL 1972691557 1.0  3319    688     4/5     15.15   0.01    15.16    1       0    0/0       0         0         RANDOM/0.0  RANDOM
500      bm/T/  BEFORE/ NIL/ NIL 2028154060 1.0  3385    1246    4/5     19.22   0.01    19.24    1       0    0/0       0         0         RANDOM/0.0  RANDOM
500      bm/T/  BEFORE/ NIL/ NIL 2175312090 1.2  3360    821     4/6     15.76   0.03    15.8     2       0    0/0       0         0         RANDOM/0.0  RANDOM
500      bm/T/  BEFORE/ NIL/ NIL 2258260002 1.2  3400    1330    5/7     19.21   0.02    19.23    2       0    0/1       0         0         RANDOM/0.0  RANDOM
500      bm/T/  BEFORE/ NIL/ NIL 4997565789 1.0  3399    1575    4/5     24.26   0.01    24.27    1       0    0/0       0         0         RANDOM/0.0  RANDOM
500      bm/T/  BEFORE/ NIL/ NIL 5192471197 1.0  3394    1008    4/5     16.74   0.0     16.76    1       0    0/0       0         0         RANDOM/0.0  RANDOM
500      bm/T/  BEFORE/ NIL/ NIL 5448756273 1.0  3325    671     4/5     15.27   0.01    15.29    1       0    0/0       0         0         RANDOM/0.0  RANDOM
500      bm/T/  BEFORE/ NIL/ NIL 8634259052 1.0  3370    1045    4/5     17.59   0.01    17.61    1       0    0/0       0         0         RANDOM/0.0  RANDOM
600      bm/T/  BEFORE/ NIL/ NIL 1414384866 1.0  4014    1652    4/5     29.02   0.0     29.04    1       0    0/0       0         0         RANDOM/0.0  RANDOM
600      bm/T/  BEFORE/ NIL/ NIL 1621232424 1.0  3921    736     4/5     22.18   0.01    22.19    1       0    0/0       0         0         RANDOM/0.0  RANDOM
600      bm/T/  BEFORE/ NIL/ NIL 1972691557 1.0  3951    998     4/5     23.57   0.01    23.58    1       0    0/0       0         0         RANDOM/0.0  RANDOM
600      bm/T/  BEFORE/ NIL/ NIL 2028154060 1.0  4011    1518    4/5     28.43   0.01    28.46    1       0    0/0       0         0         RANDOM/0.0  RANDOM
600      bm/T/  BEFORE/ NIL/ NIL 2175312090 1.2  4008    1063    7/9     23.35   0.02    23.37    2       0    0/3       0         0         RANDOM/0.0  RANDOM
600      bm/T/  BEFORE/ NIL/ NIL 2258260002 1.2  4038    1696    6/8     29.14   0.02    29.17    2       0    0/2       0         0         RANDOM/0.0  RANDOM
600      bm/T/  BEFORE/ NIL/ NIL 4997565789 1.0  4058    2340    4/5     36.82   0.01    36.84    1       0    0/0       0         0         RANDOM/0.0  RANDOM
600      bm/T/  BEFORE/ NIL/ NIL 5192471197 1.0  4025    1185    4/5     25.93   0.01    25.94    1       0    0/0       0         0         RANDOM/0.0  RANDOM
600      bm/T/  BEFORE/ NIL/ NIL 5448756273 1.0  3977    964     4/5     23.05   0.02    23.07    1       0    0/0       0         0         RANDOM/0.0  RANDOM
600      bm/T/  BEFORE/ NIL/ NIL 8634259052 1.0  4012    1430    4/5     26.89   0.02    26.92    1       0    0/0       0         0         RANDOM/0.0  RANDOM
700      bm/T/  BEFORE/ NIL/ NIL 1621232424 1.0  4582    1036    4/5     31.45   0.01    31.47    1       0    0/0       0         0         RANDOM/0.0  RANDOM
700      bm/T/  BEFORE/ NIL/ NIL 1972691557 1.0  4582    1561    4/5     37.15   0.01    37.18    1       0    0/0       0         0         RANDOM/0.0  RANDOM
700      bm/T/  BEFORE/ NIL/ NIL 2028154060 1.0  4693    2361    4/5     43.7    0.01    43.72    1       0    0/0       0         0         RANDOM/0.0  RANDOM
700      bm/T/  BEFORE/ NIL/ NIL 2175312090 1.2  4646    1331    8/10    33.2    0.03    33.23    2       0    0/0       0         0         RANDOM/0.0  RANDOM
700      bm/T/  BEFORE/ NIL/ NIL 2258260002 1.2  4683    2130    8/10    41.86   0.03    41.89    2       0    0/0       0         0         RANDOM/0.0  RANDOM
700      bm/T/  BEFORE/ NIL/ NIL 4997565789 1.0  4719    2920    4/5     53.36   0.01    53.38    1       0    0/0       0         0         RANDOM/0.0  RANDOM
700      bm/T/  BEFORE/ NIL/ NIL 5192471197 1.0  4656    1472    4/5     35.85   0.01    35.86    1       0    0/0       0         0         RANDOM/0.0  RANDOM
700      bm/T/  BEFORE/ NIL/ NIL 5448756273 1.0  4646    1777    4/5     38.8    0.01    38.83    1       0    0/0       0         0         RANDOM/0.0  RANDOM
700      bm/T/  BEFORE/ NIL/ NIL 8634259052 1.0  4665    1732    4/5     37.23   0.01    37.25    1       0    0/0       0         0         RANDOM/0.0  RANDOM
800      bm/T/  BEFORE/ NIL/ NIL 1414384866 1.0  5329    2896    4/5     60.31   0.01    60.32    1       0    0/0       0         0         RANDOM/0.0  RANDOM
800      bm/T/  BEFORE/ NIL/ NIL 1621232424 1.0  5236    1608    4/5     46.84   0.01    46.86    1       0    0/0       0         0         RANDOM/0.0  RANDOM
800      bm/T/  BEFORE/ NIL/ NIL 1972691557 1.0  5242    2013    4/5     51.15   0.01    51.18    1       0    0/0       0         0         RANDOM/0.0  RANDOM
800      bm/T/  BEFORE/ NIL/ NIL 2028154060 1.0  5326    2696    4/5     59.46   0.01    59.47    1       0    0/0       0         0         RANDOM/0.0  RANDOM
800      bm/T/  BEFORE/ NIL/ NIL 2175312090 1.2  5298    1998    6/8     50.07   0.02    50.09    2       0    0/2       0         0         RANDOM/0.0  RANDOM
800      bm/T/  BEFORE/ NIL/ NIL 2258260002 1.2  5323    2520    5/7     60.12   0.03    60.16    2       0    0/1       0         0         RANDOM/0.0  RANDOM
800      bm/T/  BEFORE/ NIL/ NIL 4997565789 1.0  5379    3780    4/5     76.72   0.01    76.74    1       0    0/0       0         0         RANDOM/0.0  RANDOM
800      bm/T/  BEFORE/ NIL/ NIL 5192471197 1.0  5312    2339    4/5     55.27   0.01    55.28    1       0    0/0       0         0         RANDOM/0.0  RANDOM
800      bm/T/  BEFORE/ NIL/ NIL 5448756273 1.0  5293    2353    4/5     52.86   0.01    52.88    1       0    0/0       0         0         RANDOM/0.0  RANDOM
800      bm/T/  BEFORE/ NIL/ NIL 8634259052 1.0  5311    2145    4/5     50.27   0.01    50.28    1       0    0/0       0         0         RANDOM/0.0  RANDOM
900      bm/T/  BEFORE/ NIL/ NIL 1414384866 1.0  5962    3402    4/5     83.87   0.01    83.88    1       0    0/0       0         0         RANDOM/0.0  RANDOM
900      bm/T/  BEFORE/ NIL/ NIL 1621232424 1.0  5873    2186    4/5     61.97   0.01    61.98    1       0    0/0       0         0         RANDOM/0.0  RANDOM
900      bm/T/  BEFORE/ NIL/ NIL 1972691557 1.0  5883    2440    4/5     67.0    0.01    67.01    1       0    0/0       0         0         RANDOM/0.0  RANDOM
900      bm/T/  BEFORE/ NIL/ NIL 2028154060 1.0  5965    3361    4/5     80.06   0.01    80.08    1       0    0/0       0         0         RANDOM/0.0  RANDOM
900      bm/T/  BEFORE/ NIL/ NIL 2175312090 1.2  5953    2437    6/8     67.11   0.03    67.14    2       0    0/2       0         0         RANDOM/0.0  RANDOM
900      bm/T/  BEFORE/ NIL/ NIL 2258260002 1.2  5973    3184    7/9     77.49   0.04    77.54    2       0    0/3       0         0         RANDOM/0.0  RANDOM
900      bm/T/  BEFORE/ NIL/ NIL 4997565789 1.0  6009    4639    4/5     103.79  0.01    103.8    1       0    0/0       0         0         RANDOM/0.0  RANDOM
900      bm/T/  BEFORE/ NIL/ NIL 5192471197 1.0  5969    2887    4/5     79.79   0.01    79.8     1       0    0/0       0         0         RANDOM/0.0  RANDOM
900      bm/T/  BEFORE/ NIL/ NIL 5448756273 1.0  5913    2570    4/5     69.99   0.02    70.01    1       0    0/0       0         0         RANDOM/0.0  RANDOM
900      bm/T/  BEFORE/ NIL/ NIL 8634259052 1.0  5939    2599    4/5     68.84   0.01    68.85    1       0    0/0       0         0         RANDOM/0.0  RANDOM
1000     bm/T/  BEFORE/ NIL/ NIL 1414384866 1.0  6624    4209    4/5     107.57  0.01    107.58   1       0    0/0       0         0         RANDOM/0.0  RANDOM
1000     bm/T/  BEFORE/ NIL/ NIL 1621232424 1.0  6506    2741    4/5     80.71   0.01    80.73    1       0    0/0       0         0         RANDOM/0.0  RANDOM
1000     bm/T/  BEFORE/ NIL/ NIL 1972691557 1.0  6516    2792    4/5     86.28   0.01    86.29    1       0    0/0       0         0         RANDOM/0.0  RANDOM
1000     bm/T/  BEFORE/ NIL/ NIL 2028154060 1.0  6602    4012    4/5     106.32  0.01    106.34   1       0    0/0       0         0         RANDOM/0.0  RANDOM
1000     bm/T/  BEFORE/ NIL/ NIL 2175312090 1.2  6622    3224    4/6     97.06   0.04    97.11    2       0    0/0       0         0         RANDOM/0.0  RANDOM
1000     bm/T/  BEFORE/ NIL/ NIL 2258260002 1.2  6648    3885    4/6     105.49  0.04    105.54   2       0    0/0       0         0         RANDOM/0.0  RANDOM
1000     bm/T/  BEFORE/ NIL/ NIL 4997565789 1.0  6656    5283    4/5     135.25  0.0     135.26   1       0    0/0       0         0         RANDOM/0.0  RANDOM
1000     bm/T/  BEFORE/ NIL/ NIL 5192471197 1.0  6607    3441    4/5     95.54   0.01    95.55    1       0    0/0       0         0         RANDOM/0.0  RANDOM
1000     bm/T/  BEFORE/ NIL/ NIL 5448756273 1.0  6575    3146    4/5     89.57   0.01    89.58    1       0    0/0       0         0         RANDOM/0.0  RANDOM
1000     bm/T/  BEFORE/ NIL/ NIL 8634259052 1.0  6572    2984    4/5     87.35   0.01    87.38    1       0    0/0       0         0         RANDOM/0.0  RANDOM
