Allegro CL 4.2 [SPARC; R1] (2/1/95 11:34)
Copyright (C) 1985-1993, Franz Inc., Berkeley, CA, USA.  All Rights Reserved.
;   Loading /fsys4/u/sgwoods/qcsp/load.lisp.
;     Fast loading /fsys4/u/sgwoods/qcsp/bm.fasl.
;     Fast loading /fsys4/u/sgwoods/qcsp/bt.fasl.
;     Fast loading /fsys4/u/sgwoods/qcsp/ct.fasl.
;     Fast loading /fsys4/u/sgwoods/qcsp/gsat.fasl.
;     Fast loading /fsys4/u/sgwoods/qcsp/utility.fasl.
;     Loading /fsys4/u/sgwoods/qcsp/compile.lisp.
;     Fast loading /fsys4/u/sgwoods/qcsp/quilici-search.fasl.
;     Fast loading /fsys4/u/sgwoods/qcsp/adt-simple.fasl.
;     Fast loading /fsys4/u/sgwoods/qcsp/adt-setup.fasl.
;     Fast loading /fsys4/u/sgwoods/qcsp/memory-csp.fasl.
;; Optimization settings: safety 1, space 1, speed 1, debug 2
;; For a complete description of all compiler switches given the current
;; optimization settings evaluate (EXPLAIN-COMPILER-SETTINGS).
USER(1): USER(1): Journal Testing (2 Phased)
"Journal Testing (2 Phased)"
USER(2): 
NIL
USER(3): 
NIL
USER(4): ; Loading /fsys4/u/sgwoods/qcsp/load.lisp.
;   Fast loading /fsys4/u/sgwoods/qcsp/bm.fasl.
;   Fast loading /fsys4/u/sgwoods/qcsp/bt.fasl.
;   Fast loading /fsys4/u/sgwoods/qcsp/ct.fasl.
;   Fast loading /fsys4/u/sgwoods/qcsp/gsat.fasl.
;   Fast loading /fsys4/u/sgwoods/qcsp/utility.fasl.
;   Loading /fsys4/u/sgwoods/qcsp/compile.lisp.
;   Fast loading /fsys4/u/sgwoods/qcsp/quilici-search.fasl.
;   Fast loading /fsys4/u/sgwoods/qcsp/adt-simple.fasl.
;   Fast loading /fsys4/u/sgwoods/qcsp/adt-setup.fasl.
;   Fast loading /fsys4/u/sgwoods/qcsp/memory-csp.fasl.
T
USER(5): USER(5): **** Noise 350 ****
"**** Noise 350 ****"
USER(6): 
NIL
USER(7): 
NIL
USER(8): > Reload situation from existing file.  < ADT-Situation/Sit-q-i1-dist1-default-350 > 
> Opened existing situation file.  < #<CHARACTER-INPUT-FILE-STREAM
                                       #p"/fsys4/u/sgwoods/qcsp/ADT-Situation/Sit-q-i1-dist1-default-350" pos 0> > 
> Reload situation from existing file.  < ADT-Situation/Sit-q-i1-dist1-default-350 > 
> Opened existing situation file.  < #<CHARACTER-INPUT-FILE-STREAM
                                       #p"/fsys4/u/sgwoods/qcsp/ADT-Situation/Sit-q-i1-dist1-default-350" pos 0> > 
> >> WARNING: CLOSE-TO constraint may sacrifice completeness<< 
 
> Reload situation from existing file.  < ADT-Situation/Sit-q-i1-dist1-default-350 > 
> Opened existing situation file.  < #<CHARACTER-INPUT-FILE-STREAM
                                       #p"/fsys4/u/sgwoods/qcsp/ADT-Situation/Sit-q-i1-dist1-default-350" pos 0> > 
> >> WARNING: CLOSE-TO constraint may sacrifice completeness<< 
 
> Reload situation from existing file.  < ADT-Situation/Sit-q-i1-dist1-default-350 > 
> Opened existing situation file.  < #<CHARACTER-INPUT-FILE-STREAM
                                       #p"/fsys4/u/sgwoods/qcsp/ADT-Situation/Sit-q-i1-dist1-default-350" pos 0> > 
> >> WARNING: CLOSE-TO constraint may sacrifice completeness<< 
 
> Reload situation from existing file.  < ADT-Situation/Sit-q-i1-dist1-default-350 > 
> Opened existing situation file.  < #<CHARACTER-INPUT-FILE-STREAM
                                       #p"/fsys4/u/sgwoods/qcsp/ADT-Situation/Sit-q-i1-dist1-default-350" pos 0> > 
> >> WARNING: CLOSE-TO constraint may sacrifice completeness<< 
 
> Reload situation from existing file.  < ADT-Situation/Sit-q-i1-dist1-default-350 > 
> Opened existing situation file.  < #<CHARACTER-INPUT-FILE-STREAM
                                       #p"/fsys4/u/sgwoods/qcsp/ADT-Situation/Sit-q-i1-dist1-default-350" pos 0> > 
> >> WARNING: CLOSE-TO constraint may sacrifice completeness<< 
 
> Reload situation from existing file.  < ADT-Situation/Sit-q-i1-dist1-default-350 > 
> Opened existing situation file.  < #<CHARACTER-INPUT-FILE-STREAM
                                       #p"/fsys4/u/sgwoods/qcsp/ADT-Situation/Sit-q-i1-dist1-default-350" pos 0> > 
> >> WARNING: CLOSE-TO constraint may sacrifice completeness<< 
 
> Reload situation from existing file.  < ADT-Situation/Sit-q-i1-dist1-default-350 > 
> Opened existing situation file.  < #<CHARACTER-INPUT-FILE-STREAM
                                       #p"/fsys4/u/sgwoods/qcsp/ADT-Situation/Sit-q-i1-dist1-default-350" pos 0> > 
> >> WARNING: CLOSE-TO constraint may sacrifice completeness<< 
 
> Reload situation from existing file.  < ADT-Situation/Sit-q-i1-dist1-default-350 > 
> Opened existing situation file.  < #<CHARACTER-INPUT-FILE-STREAM
                                       #p"/fsys4/u/sgwoods/qcsp/ADT-Situation/Sit-q-i1-dist1-default-350" pos 0> > 
> >> WARNING: CLOSE-TO constraint may sacrifice completeness<< 
 
> Reload situation from existing file.  < ADT-Situation/Sit-q-i1-dist1-default-350 > 
> Opened existing situation file.  < #<CHARACTER-INPUT-FILE-STREAM
                                       #p"/fsys4/u/sgwoods/qcsp/ADT-Situation/Sit-q-i1-dist1-default-350" pos 0> > 
> >> WARNING: CLOSE-TO constraint may sacrifice completeness<< 
 
> Reload situation from existing file.  < ADT-Situation/Sit-q-i1-dist1-default-350 > 
> Opened existing situation file.  < #<CHARACTER-INPUT-FILE-STREAM
                                       #p"/fsys4/u/sgwoods/qcsp/ADT-Situation/Sit-q-i1-dist1-default-350" pos 0> > 
> >> WARNING: CLOSE-TO constraint may sacrifice completeness<< 
 
> Reload situation from existing file.  < ADT-Situation/Sit-q-i1-dist1-default-350 > 
> Opened existing situation file.  < #<CHARACTER-INPUT-FILE-STREAM
                                       #p"/fsys4/u/sgwoods/qcsp/ADT-Situation/Sit-q-i1-dist1-default-350" pos 0> > 
> >> WARNING: CLOSE-TO constraint may sacrifice completeness<< 
 
> Reload situation from existing file.  < ADT-Situation/Sit-q-i1-dist1-default-350 > 
> Opened existing situation file.  < #<CHARACTER-INPUT-FILE-STREAM
                                       #p"/fsys4/u/sgwoods/qcsp/ADT-Situation/Sit-q-i1-dist1-default-350" pos 0> > 
> >> WARNING: CLOSE-TO constraint may sacrifice completeness<< 
 
> Reload situation from existing file.  < ADT-Situation/Sit-q-i1-dist1-default-350 > 
> Opened existing situation file.  < #<CHARACTER-INPUT-FILE-STREAM
                                       #p"/fsys4/u/sgwoods/qcsp/ADT-Situation/Sit-q-i1-dist1-default-350" pos 0> > 
> >> WARNING: CLOSE-TO constraint may sacrifice completeness<< 
 
> Reload situation from existing file.  < ADT-Situation/Sit-q-i1-dist1-default-350 > 
> Opened existing situation file.  < #<CHARACTER-INPUT-FILE-STREAM
                                       #p"/fsys4/u/sgwoods/qcsp/ADT-Situation/Sit-q-i1-dist1-default-350" pos 0> > 
> >> WARNING: CLOSE-TO constraint may sacrifice completeness<< 
 
> Reload situation from existing file.  < ADT-Situation/Sit-q-i1-dist1-default-350 > 
> Opened existing situation file.  < #<CHARACTER-INPUT-FILE-STREAM
                                       #p"/fsys4/u/sgwoods/qcsp/ADT-Situation/Sit-q-i1-dist1-default-350" pos 0> > 
> >> WARNING: CLOSE-TO constraint may sacrifice completeness<< 
 
> Reload situation from existing file.  < ADT-Situation/Sit-q-i1-dist1-default-350 > 
> Opened existing situation file.  < #<CHARACTER-INPUT-FILE-STREAM
                                       #p"/fsys4/u/sgwoods/qcsp/ADT-Situation/Sit-q-i1-dist1-default-350" pos 0> > 
> >> WARNING: CLOSE-TO constraint may sacrifice completeness<< 
 
> Reload situation from existing file.  < ADT-Situation/Sit-q-i1-dist1-default-350 > 
> Opened existing situation file.  < #<CHARACTER-INPUT-FILE-STREAM
                                       #p"/fsys4/u/sgwoods/qcsp/ADT-Situation/Sit-q-i1-dist1-default-350" pos 0> > 
> >> WARNING: CLOSE-TO constraint may sacrifice completeness<< 
 
> Reload situation from existing file.  < ADT-Situation/Sit-q-i1-dist1-default-350 > 
> Opened existing situation file.  < #<CHARACTER-INPUT-FILE-STREAM
                                       #p"/fsys4/u/sgwoods/qcsp/ADT-Situation/Sit-q-i1-dist1-default-350" pos 0> > 
> >> WARNING: CLOSE-TO constraint may sacrifice completeness<< 
 
> Reload situation from existing file.  < ADT-Situation/Sit-q-i1-dist1-default-350 > 
> Opened existing situation file.  < #<CHARACTER-INPUT-FILE-STREAM
                                       #p"/fsys4/u/sgwoods/qcsp/ADT-Situation/Sit-q-i1-dist1-default-350" pos 0> > 
> >> WARNING: CLOSE-TO constraint may sacrifice completeness<< 
 
> Memory-Key opened file/stream  < New-Batch/ij3/ij3-350.1 > 
 File/stream closed (at Memory-Key). 

; cpu time (non-gc) 42,180 msec user, 420 msec system
; cpu time (gc)     610 msec user, 10 msec system
; cpu time (total)  42,790 msec user, 430 msec system
; real time  112,956 msec (00:01:52.956)
; space allocation:
 527,395 cons cells,;  649 symbols, 1,367,768 other bytes
((((Q1-C ADTQ1-C) (Q1-E ADTQ1-E) (Q1-H ADTQ1-H) (Q1-G ADTQ1-G) (Q1-A ADTQ1-A)
   (Q1-B ADTQ1-B) (Q1-F ADTQ1-F) (Q1-D ADTQ1-D) (Q1-I ADTQ1-I))))
USER(9): USER(9): > Reload situation from existing file.  < ADT-Situation/Sit-q-i1-dist1-1783960706-350 > 
> Opened existing situation file.  < #<CHARACTER-INPUT-FILE-STREAM
                                       #p"/fsys4/u/sgwoods/qcsp/ADT-Situation/Sit-q-i1-dist1-1783960706-350" pos 0> > 
> Reload situation from existing file.  < ADT-Situation/Sit-q-i1-dist1-1783960706-350 > 
> Opened existing situation file.  < #<CHARACTER-INPUT-FILE-STREAM
                                       #p"/fsys4/u/sgwoods/qcsp/ADT-Situation/Sit-q-i1-dist1-1783960706-350" pos 0> > 
> >> WARNING: CLOSE-TO constraint may sacrifice completeness<< 
 
> Reload situation from existing file.  < ADT-Situation/Sit-q-i1-dist1-1783960706-350 > 
> Opened existing situation file.  < #<CHARACTER-INPUT-FILE-STREAM
                                       #p"/fsys4/u/sgwoods/qcsp/ADT-Situation/Sit-q-i1-dist1-1783960706-350" pos 0> > 
> >> WARNING: CLOSE-TO constraint may sacrifice completeness<< 
 
> Reload situation from existing file.  < ADT-Situation/Sit-q-i1-dist1-1783960706-350 > 
> Opened existing situation file.  < #<CHARACTER-INPUT-FILE-STREAM
                                       #p"/fsys4/u/sgwoods/qcsp/ADT-Situation/Sit-q-i1-dist1-1783960706-350" pos 0> > 
> >> WARNING: CLOSE-TO constraint may sacrifice completeness<< 
 
> Reload situation from existing file.  < ADT-Situation/Sit-q-i1-dist1-1783960706-350 > 
> Opened existing situation file.  < #<CHARACTER-INPUT-FILE-STREAM
                                       #p"/fsys4/u/sgwoods/qcsp/ADT-Situation/Sit-q-i1-dist1-1783960706-350" pos 0> > 
> >> WARNING: CLOSE-TO constraint may sacrifice completeness<< 
 
> Reload situation from existing file.  < ADT-Situation/Sit-q-i1-dist1-1783960706-350 > 
> Opened existing situation file.  < #<CHARACTER-INPUT-FILE-STREAM
                                       #p"/fsys4/u/sgwoods/qcsp/ADT-Situation/Sit-q-i1-dist1-1783960706-350" pos 0> > 
> >> WARNING: CLOSE-TO constraint may sacrifice completeness<< 
 
> Reload situation from existing file.  < ADT-Situation/Sit-q-i1-dist1-1783960706-350 > 
> Opened existing situation file.  < #<CHARACTER-INPUT-FILE-STREAM
                                       #p"/fsys4/u/sgwoods/qcsp/ADT-Situation/Sit-q-i1-dist1-1783960706-350" pos 0> > 
> >> WARNING: CLOSE-TO constraint may sacrifice completeness<< 
 
> Reload situation from existing file.  < ADT-Situation/Sit-q-i1-dist1-1783960706-350 > 
> Opened existing situation file.  < #<CHARACTER-INPUT-FILE-STREAM
                                       #p"/fsys4/u/sgwoods/qcsp/ADT-Situation/Sit-q-i1-dist1-1783960706-350" pos 0> > 
> >> WARNING: CLOSE-TO constraint may sacrifice completeness<< 
 
> Reload situation from existing file.  < ADT-Situation/Sit-q-i1-dist1-1783960706-350 > 
> Opened existing situation file.  < #<CHARACTER-INPUT-FILE-STREAM
                                       #p"/fsys4/u/sgwoods/qcsp/ADT-Situation/Sit-q-i1-dist1-1783960706-350" pos 0> > 
> >> WARNING: CLOSE-TO constraint may sacrifice completeness<< 
 
> Reload situation from existing file.  < ADT-Situation/Sit-q-i1-dist1-1783960706-350 > 
> Opened existing situation file.  < #<CHARACTER-INPUT-FILE-STREAM
                                       #p"/fsys4/u/sgwoods/qcsp/ADT-Situation/Sit-q-i1-dist1-1783960706-350" pos 0> > 
> >> WARNING: CLOSE-TO constraint may sacrifice completeness<< 
 
> Reload situation from existing file.  < ADT-Situation/Sit-q-i1-dist1-1783960706-350 > 
> Opened existing situation file.  < #<CHARACTER-INPUT-FILE-STREAM
                                       #p"/fsys4/u/sgwoods/qcsp/ADT-Situation/Sit-q-i1-dist1-1783960706-350" pos 0> > 
> >> WARNING: CLOSE-TO constraint may sacrifice completeness<< 
 
> Reload situation from existing file.  < ADT-Situation/Sit-q-i1-dist1-1783960706-350 > 
> Opened existing situation file.  < #<CHARACTER-INPUT-FILE-STREAM
                                       #p"/fsys4/u/sgwoods/qcsp/ADT-Situation/Sit-q-i1-dist1-1783960706-350" pos 0> > 
> >> WARNING: CLOSE-TO constraint may sacrifice completeness<< 
 
> Reload situation from existing file.  < ADT-Situation/Sit-q-i1-dist1-1783960706-350 > 
> Opened existing situation file.  < #<CHARACTER-INPUT-FILE-STREAM
                                       #p"/fsys4/u/sgwoods/qcsp/ADT-Situation/Sit-q-i1-dist1-1783960706-350" pos 0> > 
> >> WARNING: CLOSE-TO constraint may sacrifice completeness<< 
 
> Reload situation from existing file.  < ADT-Situation/Sit-q-i1-dist1-1783960706-350 > 
> Opened existing situation file.  < #<CHARACTER-INPUT-FILE-STREAM
                                       #p"/fsys4/u/sgwoods/qcsp/ADT-Situation/Sit-q-i1-dist1-1783960706-350" pos 0> > 
> >> WARNING: CLOSE-TO constraint may sacrifice completeness<< 
 
> Reload situation from existing file.  < ADT-Situation/Sit-q-i1-dist1-1783960706-350 > 
> Opened existing situation file.  < #<CHARACTER-INPUT-FILE-STREAM
                                       #p"/fsys4/u/sgwoods/qcsp/ADT-Situation/Sit-q-i1-dist1-1783960706-350" pos 0> > 
> >> WARNING: CLOSE-TO constraint may sacrifice completeness<< 
 
> Reload situation from existing file.  < ADT-Situation/Sit-q-i1-dist1-1783960706-350 > 
> Opened existing situation file.  < #<CHARACTER-INPUT-FILE-STREAM
                                       #p"/fsys4/u/sgwoods/qcsp/ADT-Situation/Sit-q-i1-dist1-1783960706-350" pos 0> > 
> >> WARNING: CLOSE-TO constraint may sacrifice completeness<< 
 
> Reload situation from existing file.  < ADT-Situation/Sit-q-i1-dist1-1783960706-350 > 
> Opened existing situation file.  < #<CHARACTER-INPUT-FILE-STREAM
                                       #p"/fsys4/u/sgwoods/qcsp/ADT-Situation/Sit-q-i1-dist1-1783960706-350" pos 0> > 
> >> WARNING: CLOSE-TO constraint may sacrifice completeness<< 
 
> Reload situation from existing file.  < ADT-Situation/Sit-q-i1-dist1-1783960706-350 > 
> Opened existing situation file.  < #<CHARACTER-INPUT-FILE-STREAM
                                       #p"/fsys4/u/sgwoods/qcsp/ADT-Situation/Sit-q-i1-dist1-1783960706-350" pos 0> > 
> >> WARNING: CLOSE-TO constraint may sacrifice completeness<< 
 
> Reload situation from existing file.  < ADT-Situation/Sit-q-i1-dist1-1783960706-350 > 
> Opened existing situation file.  < #<CHARACTER-INPUT-FILE-STREAM
                                       #p"/fsys4/u/sgwoods/qcsp/ADT-Situation/Sit-q-i1-dist1-1783960706-350" pos 0> > 
> >> WARNING: CLOSE-TO constraint may sacrifice completeness<< 
 
> Memory-Key opened file/stream  < New-Batch/ij3/ij3-350.2 > 
 File/stream closed (at Memory-Key). 

; cpu time (non-gc) 31,980 msec user, 310 msec system
; cpu time (gc)     330 msec user, 20 msec system
; cpu time (total)  32,310 msec user, 330 msec system
; real time  77,473 msec (00:01:17.473)
; space allocation:
 390,049 cons cells,;  600 symbols, 1,166,992 other bytes
((((Q1-C ADTQ1-C) (Q1-E ADTQ1-E) (Q1-H ADTQ1-H) (Q1-G ADTQ1-G) (Q1-A ADTQ1-A)
   (Q1-B ADTQ1-B) (Q1-F ADTQ1-F) (Q1-D ADTQ1-D) (Q1-I ADTQ1-I))))
USER(10): USER(10): > Reload situation from existing file.  < ADT-Situation/Sit-q-i1-dist1-6148712495-350 > 
> Opened existing situation file.  < #<CHARACTER-INPUT-FILE-STREAM
                                       #p"/fsys4/u/sgwoods/qcsp/ADT-Situation/Sit-q-i1-dist1-6148712495-350" pos 0> > 
> Reload situation from existing file.  < ADT-Situation/Sit-q-i1-dist1-6148712495-350 > 
> Opened existing situation file.  < #<CHARACTER-INPUT-FILE-STREAM
                                       #p"/fsys4/u/sgwoods/qcsp/ADT-Situation/Sit-q-i1-dist1-6148712495-350" pos 0> > 
> >> WARNING: CLOSE-TO constraint may sacrifice completeness<< 
 
> Reload situation from existing file.  < ADT-Situation/Sit-q-i1-dist1-6148712495-350 > 
> Opened existing situation file.  < #<CHARACTER-INPUT-FILE-STREAM
                                       #p"/fsys4/u/sgwoods/qcsp/ADT-Situation/Sit-q-i1-dist1-6148712495-350" pos 0> > 
> >> WARNING: CLOSE-TO constraint may sacrifice completeness<< 
 
> Reload situation from existing file.  < ADT-Situation/Sit-q-i1-dist1-6148712495-350 > 
> Opened existing situation file.  < #<CHARACTER-INPUT-FILE-STREAM
                                       #p"/fsys4/u/sgwoods/qcsp/ADT-Situation/Sit-q-i1-dist1-6148712495-350" pos 0> > 
> >> WARNING: CLOSE-TO constraint may sacrifice completeness<< 
 
> Reload situation from existing file.  < ADT-Situation/Sit-q-i1-dist1-6148712495-350 > 
> Opened existing situation file.  < #<CHARACTER-INPUT-FILE-STREAM
                                       #p"/fsys4/u/sgwoods/qcsp/ADT-Situation/Sit-q-i1-dist1-6148712495-350" pos 0> > 
> >> WARNING: CLOSE-TO constraint may sacrifice completeness<< 
 
> Reload situation from existing file.  < ADT-Situation/Sit-q-i1-dist1-6148712495-350 > 
> Opened existing situation file.  < #<CHARACTER-INPUT-FILE-STREAM
                                       #p"/fsys4/u/sgwoods/qcsp/ADT-Situation/Sit-q-i1-dist1-6148712495-350" pos 0> > 
> >> WARNING: CLOSE-TO constraint may sacrifice completeness<< 
 
> Reload situation from existing file.  < ADT-Situation/Sit-q-i1-dist1-6148712495-350 > 
> Opened existing situation file.  < #<CHARACTER-INPUT-FILE-STREAM
                                       #p"/fsys4/u/sgwoods/qcsp/ADT-Situation/Sit-q-i1-dist1-6148712495-350" pos 0> > 
> >> WARNING: CLOSE-TO constraint may sacrifice completeness<< 
 
> Reload situation from existing file.  < ADT-Situation/Sit-q-i1-dist1-6148712495-350 > 
> Opened existing situation file.  < #<CHARACTER-INPUT-FILE-STREAM
                                       #p"/fsys4/u/sgwoods/qcsp/ADT-Situation/Sit-q-i1-dist1-6148712495-350" pos 0> > 
> >> WARNING: CLOSE-TO constraint may sacrifice completeness<< 
 
> Reload situation from existing file.  < ADT-Situation/Sit-q-i1-dist1-6148712495-350 > 
> Opened existing situation file.  < #<CHARACTER-INPUT-FILE-STREAM
                                       #p"/fsys4/u/sgwoods/qcsp/ADT-Situation/Sit-q-i1-dist1-6148712495-350" pos 0> > 
> >> WARNING: CLOSE-TO constraint may sacrifice completeness<< 
 
> Memory-Key opened file/stream  < New-Batch/ij3/ij3-350.3 > 
 File/stream closed (at Memory-Key). 

; cpu time (non-gc) 15,650 msec user, 170 msec system
; cpu time (gc)     110 msec user, 0 msec system
; cpu time (total)  15,760 msec user, 170 msec system
; real time  29,823 msec
; space allocation:
 205,436 cons cells,;  578 symbols, 665,424 other bytes
((((Q1-C ADTQ1-C) (Q1-E ADTQ1-E) (Q1-H ADTQ1-H) (Q1-G ADTQ1-G) (Q1-B ADTQ1-B)
   (Q1-A ADTQ1-A) (Q1-F ADTQ1-F) (Q1-D ADTQ1-D) (Q1-I ADTQ1-I))))
USER(11): USER(11): > Reload situation from existing file.  < ADT-Situation/Sit-q-i1-dist1-8261581571-350 > 
> Opened existing situation file.  < #<CHARACTER-INPUT-FILE-STREAM
                                       #p"/fsys4/u/sgwoods/qcsp/ADT-Situation/Sit-q-i1-dist1-8261581571-350" pos 0> > 
> Reload situation from existing file.  < ADT-Situation/Sit-q-i1-dist1-8261581571-350 > 
> Opened existing situation file.  < #<CHARACTER-INPUT-FILE-STREAM
                                       #p"/fsys4/u/sgwoods/qcsp/ADT-Situation/Sit-q-i1-dist1-8261581571-350" pos 0> > 
> >> WARNING: CLOSE-TO constraint may sacrifice completeness<< 
 
> Reload situation from existing file.  < ADT-Situation/Sit-q-i1-dist1-8261581571-350 > 
> Opened existing situation file.  < #<CHARACTER-INPUT-FILE-STREAM
                                       #p"/fsys4/u/sgwoods/qcsp/ADT-Situation/Sit-q-i1-dist1-8261581571-350" pos 0> > 
> >> WARNING: CLOSE-TO constraint may sacrifice completeness<< 
 
> Reload situation from existing file.  < ADT-Situation/Sit-q-i1-dist1-8261581571-350 > 
> Opened existing situation file.  < #<CHARACTER-INPUT-FILE-STREAM
                                       #p"/fsys4/u/sgwoods/qcsp/ADT-Situation/Sit-q-i1-dist1-8261581571-350" pos 0> > 
> >> WARNING: CLOSE-TO constraint may sacrifice completeness<< 
 
> Reload situation from existing file.  < ADT-Situation/Sit-q-i1-dist1-8261581571-350 > 
> Opened existing situation file.  < #<CHARACTER-INPUT-FILE-STREAM
                                       #p"/fsys4/u/sgwoods/qcsp/ADT-Situation/Sit-q-i1-dist1-8261581571-350" pos 0> > 
> >> WARNING: CLOSE-TO constraint may sacrifice completeness<< 
 
> Reload situation from existing file.  < ADT-Situation/Sit-q-i1-dist1-8261581571-350 > 
> Opened existing situation file.  < #<CHARACTER-INPUT-FILE-STREAM
                                       #p"/fsys4/u/sgwoods/qcsp/ADT-Situation/Sit-q-i1-dist1-8261581571-350" pos 0> > 
> >> WARNING: CLOSE-TO constraint may sacrifice completeness<< 
 
> Reload situation from existing file.  < ADT-Situation/Sit-q-i1-dist1-8261581571-350 > 
> Opened existing situation file.  < #<CHARACTER-INPUT-FILE-STREAM
                                       #p"/fsys4/u/sgwoods/qcsp/ADT-Situation/Sit-q-i1-dist1-8261581571-350" pos 0> > 
> >> WARNING: CLOSE-TO constraint may sacrifice completeness<< 
 
> Reload situation from existing file.  < ADT-Situation/Sit-q-i1-dist1-8261581571-350 > 
> Opened existing situation file.  < #<CHARACTER-INPUT-FILE-STREAM
                                       #p"/fsys4/u/sgwoods/qcsp/ADT-Situation/Sit-q-i1-dist1-8261581571-350" pos 0> > 
> >> WARNING: CLOSE-TO constraint may sacrifice completeness<< 
 
> Reload situation from existing file.  < ADT-Situation/Sit-q-i1-dist1-8261581571-350 > 
> Opened existing situation file.  < #<CHARACTER-INPUT-FILE-STREAM
                                       #p"/fsys4/u/sgwoods/qcsp/ADT-Situation/Sit-q-i1-dist1-8261581571-350" pos 0> > 
> >> WARNING: CLOSE-TO constraint may sacrifice completeness<< 
 
> Reload situation from existing file.  < ADT-Situation/Sit-q-i1-dist1-8261581571-350 > 
> Opened existing situation file.  < #<CHARACTER-INPUT-FILE-STREAM
                                       #p"/fsys4/u/sgwoods/qcsp/ADT-Situation/Sit-q-i1-dist1-8261581571-350" pos 0> > 
> >> WARNING: CLOSE-TO constraint may sacrifice completeness<< 
 
> Reload situation from existing file.  < ADT-Situation/Sit-q-i1-dist1-8261581571-350 > 
> Opened existing situation file.  < #<CHARACTER-INPUT-FILE-STREAM
                                       #p"/fsys4/u/sgwoods/qcsp/ADT-Situation/Sit-q-i1-dist1-8261581571-350" pos 0> > 
> >> WARNING: CLOSE-TO constraint may sacrifice completeness<< 
 
> Reload situation from existing file.  < ADT-Situation/Sit-q-i1-dist1-8261581571-350 > 
> Opened existing situation file.  < #<CHARACTER-INPUT-FILE-STREAM
                                       #p"/fsys4/u/sgwoods/qcsp/ADT-Situation/Sit-q-i1-dist1-8261581571-350" pos 0> > 
> >> WARNING: CLOSE-TO constraint may sacrifice completeness<< 
 
> Reload situation from existing file.  < ADT-Situation/Sit-q-i1-dist1-8261581571-350 > 
> Opened existing situation file.  < #<CHARACTER-INPUT-FILE-STREAM
                                       #p"/fsys4/u/sgwoods/qcsp/ADT-Situation/Sit-q-i1-dist1-8261581571-350" pos 0> > 
> >> WARNING: CLOSE-TO constraint may sacrifice completeness<< 
 
> Reload situation from existing file.  < ADT-Situation/Sit-q-i1-dist1-8261581571-350 > 
> Opened existing situation file.  < #<CHARACTER-INPUT-FILE-STREAM
                                       #p"/fsys4/u/sgwoods/qcsp/ADT-Situation/Sit-q-i1-dist1-8261581571-350" pos 0> > 
> >> WARNING: CLOSE-TO constraint may sacrifice completeness<< 
 
> Reload situation from existing file.  < ADT-Situation/Sit-q-i1-dist1-8261581571-350 > 
> Opened existing situation file.  < #<CHARACTER-INPUT-FILE-STREAM
                                       #p"/fsys4/u/sgwoods/qcsp/ADT-Situation/Sit-q-i1-dist1-8261581571-350" pos 0> > 
> >> WARNING: CLOSE-TO constraint may sacrifice completeness<< 
 
> Reload situation from existing file.  < ADT-Situation/Sit-q-i1-dist1-8261581571-350 > 
> Opened existing situation file.  < #<CHARACTER-INPUT-FILE-STREAM
                                       #p"/fsys4/u/sgwoods/qcsp/ADT-Situation/Sit-q-i1-dist1-8261581571-350" pos 0> > 
> >> WARNING: CLOSE-TO constraint may sacrifice completeness<< 
 
> Reload situation from existing file.  < ADT-Situation/Sit-q-i1-dist1-8261581571-350 > 
> Opened existing situation file.  < #<CHARACTER-INPUT-FILE-STREAM
                                       #p"/fsys4/u/sgwoods/qcsp/ADT-Situation/Sit-q-i1-dist1-8261581571-350" pos 0> > 
> >> WARNING: CLOSE-TO constraint may sacrifice completeness<< 
 
> Reload situation from existing file.  < ADT-Situation/Sit-q-i1-dist1-8261581571-350 > 
> Opened existing situation file.  < #<CHARACTER-INPUT-FILE-STREAM
                                       #p"/fsys4/u/sgwoods/qcsp/ADT-Situation/Sit-q-i1-dist1-8261581571-350" pos 0> > 
> >> WARNING: CLOSE-TO constraint may sacrifice completeness<< 
 
> Reload situation from existing file.  < ADT-Situation/Sit-q-i1-dist1-8261581571-350 > 
> Opened existing situation file.  < #<CHARACTER-INPUT-FILE-STREAM
                                       #p"/fsys4/u/sgwoods/qcsp/ADT-Situation/Sit-q-i1-dist1-8261581571-350" pos 0> > 
> >> WARNING: CLOSE-TO constraint may sacrifice completeness<< 
 
> Reload situation from existing file.  < ADT-Situation/Sit-q-i1-dist1-8261581571-350 > 
> Opened existing situation file.  < #<CHARACTER-INPUT-FILE-STREAM
                                       #p"/fsys4/u/sgwoods/qcsp/ADT-Situation/Sit-q-i1-dist1-8261581571-350" pos 0> > 
> >> WARNING: CLOSE-TO constraint may sacrifice completeness<< 
 
> Reload situation from existing file.  < ADT-Situation/Sit-q-i1-dist1-8261581571-350 > 
> Opened existing situation file.  < #<CHARACTER-INPUT-FILE-STREAM
                                       #p"/fsys4/u/sgwoods/qcsp/ADT-Situation/Sit-q-i1-dist1-8261581571-350" pos 0> > 
> >> WARNING: CLOSE-TO constraint may sacrifice completeness<< 
 
> Reload situation from existing file.  < ADT-Situation/Sit-q-i1-dist1-8261581571-350 > 
> Opened existing situation file.  < #<CHARACTER-INPUT-FILE-STREAM
                                       #p"/fsys4/u/sgwoods/qcsp/ADT-Situation/Sit-q-i1-dist1-8261581571-350" pos 0> > 
> >> WARNING: CLOSE-TO constraint may sacrifice completeness<< 
 
> Reload situation from existing file.  < ADT-Situation/Sit-q-i1-dist1-8261581571-350 > 
> Opened existing situation file.  < #<CHARACTER-INPUT-FILE-STREAM
                                       #p"/fsys4/u/sgwoods/qcsp/ADT-Situation/Sit-q-i1-dist1-8261581571-350" pos 0> > 
> >> WARNING: CLOSE-TO constraint may sacrifice completeness<< 
 
> Reload situation from existing file.  < ADT-Situation/Sit-q-i1-dist1-8261581571-350 > 
> Opened existing situation file.  < #<CHARACTER-INPUT-FILE-STREAM
                                       #p"/fsys4/u/sgwoods/qcsp/ADT-Situation/Sit-q-i1-dist1-8261581571-350" pos 0> > 
> >> WARNING: CLOSE-TO constraint may sacrifice completeness<< 
 
> Reload situation from existing file.  < ADT-Situation/Sit-q-i1-dist1-8261581571-350 > 
> Opened existing situation file.  < #<CHARACTER-INPUT-FILE-STREAM
                                       #p"/fsys4/u/sgwoods/qcsp/ADT-Situation/Sit-q-i1-dist1-8261581571-350" pos 0> > 
> >> WARNING: CLOSE-TO constraint may sacrifice completeness<< 
 
> Reload situation from existing file.  < ADT-Situation/Sit-q-i1-dist1-8261581571-350 > 
> Opened existing situation file.  < #<CHARACTER-INPUT-FILE-STREAM
                                       #p"/fsys4/u/sgwoods/qcsp/ADT-Situation/Sit-q-i1-dist1-8261581571-350" pos 0> > 
> >> WARNING: CLOSE-TO constraint may sacrifice completeness<< 
 
> Reload situation from existing file.  < ADT-Situation/Sit-q-i1-dist1-8261581571-350 > 
> Opened existing situation file.  < #<CHARACTER-INPUT-FILE-STREAM
                                       #p"/fsys4/u/sgwoods/qcsp/ADT-Situation/Sit-q-i1-dist1-8261581571-350" pos 0> > 
> >> WARNING: CLOSE-TO constraint may sacrifice completeness<< 
 
> Memory-Key opened file/stream  < New-Batch/ij3/ij3-350.4 > 
 File/stream closed (at Memory-Key). 

; cpu time (non-gc) 45,960 msec user, 460 msec system
; cpu time (gc)     370 msec user, 10 msec system
; cpu time (total)  46,330 msec user, 470 msec system
; real time  94,469 msec (00:01:34.469)
; space allocation:
 584,904 cons cells,;  598 symbols, 1,693,080 other bytes
((((Q1-C ADTQ1-C) (Q1-E ADTQ1-E) (Q1-H ADTQ1-H) (Q1-G ADTQ1-G) (Q1-A ADTQ1-A)
   (Q1-B ADTQ1-B) (Q1-F ADTQ1-F) (Q1-D ADTQ1-D) (Q1-I ADTQ1-I))))
USER(12): USER(12): > Reload situation from existing file.  < ADT-Situation/Sit-q-i1-dist1-4705297406-350 > 
> Opened existing situation file.  < #<CHARACTER-INPUT-FILE-STREAM
                                       #p"/fsys4/u/sgwoods/qcsp/ADT-Situation/Sit-q-i1-dist1-4705297406-350" pos 0> > 
> Reload situation from existing file.  < ADT-Situation/Sit-q-i1-dist1-4705297406-350 > 
> Opened existing situation file.  < #<CHARACTER-INPUT-FILE-STREAM
                                       #p"/fsys4/u/sgwoods/qcsp/ADT-Situation/Sit-q-i1-dist1-4705297406-350" pos 0> > 
> >> WARNING: CLOSE-TO constraint may sacrifice completeness<< 
 
> Reload situation from existing file.  < ADT-Situation/Sit-q-i1-dist1-4705297406-350 > 
> Opened existing situation file.  < #<CHARACTER-INPUT-FILE-STREAM
                                       #p"/fsys4/u/sgwoods/qcsp/ADT-Situation/Sit-q-i1-dist1-4705297406-350" pos 0> > 
> >> WARNING: CLOSE-TO constraint may sacrifice completeness<< 
 
> Reload situation from existing file.  < ADT-Situation/Sit-q-i1-dist1-4705297406-350 > 
> Opened existing situation file.  < #<CHARACTER-INPUT-FILE-STREAM
                                       #p"/fsys4/u/sgwoods/qcsp/ADT-Situation/Sit-q-i1-dist1-4705297406-350" pos 0> > 
> >> WARNING: CLOSE-TO constraint may sacrifice completeness<< 
 
> Reload situation from existing file.  < ADT-Situation/Sit-q-i1-dist1-4705297406-350 > 
> Opened existing situation file.  < #<CHARACTER-INPUT-FILE-STREAM
                                       #p"/fsys4/u/sgwoods/qcsp/ADT-Situation/Sit-q-i1-dist1-4705297406-350" pos 0> > 
> >> WARNING: CLOSE-TO constraint may sacrifice completeness<< 
 
> Reload situation from existing file.  < ADT-Situation/Sit-q-i1-dist1-4705297406-350 > 
> Opened existing situation file.  < #<CHARACTER-INPUT-FILE-STREAM
                                       #p"/fsys4/u/sgwoods/qcsp/ADT-Situation/Sit-q-i1-dist1-4705297406-350" pos 0> > 
> >> WARNING: CLOSE-TO constraint may sacrifice completeness<< 
 
> Reload situation from existing file.  < ADT-Situation/Sit-q-i1-dist1-4705297406-350 > 
> Opened existing situation file.  < #<CHARACTER-INPUT-FILE-STREAM
                                       #p"/fsys4/u/sgwoods/qcsp/ADT-Situation/Sit-q-i1-dist1-4705297406-350" pos 0> > 
> >> WARNING: CLOSE-TO constraint may sacrifice completeness<< 
 
> Reload situation from existing file.  < ADT-Situation/Sit-q-i1-dist1-4705297406-350 > 
> Opened existing situation file.  < #<CHARACTER-INPUT-FILE-STREAM
                                       #p"/fsys4/u/sgwoods/qcsp/ADT-Situation/Sit-q-i1-dist1-4705297406-350" pos 0> > 
> >> WARNING: CLOSE-TO constraint may sacrifice completeness<< 
 
> Reload situation from existing file.  < ADT-Situation/Sit-q-i1-dist1-4705297406-350 > 
> Opened existing situation file.  < #<CHARACTER-INPUT-FILE-STREAM
                                       #p"/fsys4/u/sgwoods/qcsp/ADT-Situation/Sit-q-i1-dist1-4705297406-350" pos 0> > 
> >> WARNING: CLOSE-TO constraint may sacrifice completeness<< 
 
> Reload situation from existing file.  < ADT-Situation/Sit-q-i1-dist1-4705297406-350 > 
> Opened existing situation file.  < #<CHARACTER-INPUT-FILE-STREAM
                                       #p"/fsys4/u/sgwoods/qcsp/ADT-Situation/Sit-q-i1-dist1-4705297406-350" pos 0> > 
> >> WARNING: CLOSE-TO constraint may sacrifice completeness<< 
 
> Reload situation from existing file.  < ADT-Situation/Sit-q-i1-dist1-4705297406-350 > 
> Opened existing situation file.  < #<CHARACTER-INPUT-FILE-STREAM
                                       #p"/fsys4/u/sgwoods/qcsp/ADT-Situation/Sit-q-i1-dist1-4705297406-350" pos 0> > 
> >> WARNING: CLOSE-TO constraint may sacrifice completeness<< 
 
> Reload situation from existing file.  < ADT-Situation/Sit-q-i1-dist1-4705297406-350 > 
> Opened existing situation file.  < #<CHARACTER-INPUT-FILE-STREAM
                                       #p"/fsys4/u/sgwoods/qcsp/ADT-Situation/Sit-q-i1-dist1-4705297406-350" pos 0> > 
> >> WARNING: CLOSE-TO constraint may sacrifice completeness<< 
 
> Reload situation from existing file.  < ADT-Situation/Sit-q-i1-dist1-4705297406-350 > 
> Opened existing situation file.  < #<CHARACTER-INPUT-FILE-STREAM
                                       #p"/fsys4/u/sgwoods/qcsp/ADT-Situation/Sit-q-i1-dist1-4705297406-350" pos 0> > 
> >> WARNING: CLOSE-TO constraint may sacrifice completeness<< 
 
> Reload situation from existing file.  < ADT-Situation/Sit-q-i1-dist1-4705297406-350 > 
> Opened existing situation file.  < #<CHARACTER-INPUT-FILE-STREAM
                                       #p"/fsys4/u/sgwoods/qcsp/ADT-Situation/Sit-q-i1-dist1-4705297406-350" pos 0> > 
> >> WARNING: CLOSE-TO constraint may sacrifice completeness<< 
 
> Reload situation from existing file.  < ADT-Situation/Sit-q-i1-dist1-4705297406-350 > 
> Opened existing situation file.  < #<CHARACTER-INPUT-FILE-STREAM
                                       #p"/fsys4/u/sgwoods/qcsp/ADT-Situation/Sit-q-i1-dist1-4705297406-350" pos 0> > 
> >> WARNING: CLOSE-TO constraint may sacrifice completeness<< 
 
> Reload situation from existing file.  < ADT-Situation/Sit-q-i1-dist1-4705297406-350 > 
> Opened existing situation file.  < #<CHARACTER-INPUT-FILE-STREAM
                                       #p"/fsys4/u/sgwoods/qcsp/ADT-Situation/Sit-q-i1-dist1-4705297406-350" pos 0> > 
> >> WARNING: CLOSE-TO constraint may sacrifice completeness<< 
 
> Reload situation from existing file.  < ADT-Situation/Sit-q-i1-dist1-4705297406-350 > 
> Opened existing situation file.  < #<CHARACTER-INPUT-FILE-STREAM
                                       #p"/fsys4/u/sgwoods/qcsp/ADT-Situation/Sit-q-i1-dist1-4705297406-350" pos 0> > 
> >> WARNING: CLOSE-TO constraint may sacrifice completeness<< 
 
> Reload situation from existing file.  < ADT-Situation/Sit-q-i1-dist1-4705297406-350 > 
> Opened existing situation file.  < #<CHARACTER-INPUT-FILE-STREAM
                                       #p"/fsys4/u/sgwoods/qcsp/ADT-Situation/Sit-q-i1-dist1-4705297406-350" pos 0> > 
> >> WARNING: CLOSE-TO constraint may sacrifice completeness<< 
 
> Reload situation from existing file.  < ADT-Situation/Sit-q-i1-dist1-4705297406-350 > 
> Opened existing situation file.  < #<CHARACTER-INPUT-FILE-STREAM
                                       #p"/fsys4/u/sgwoods/qcsp/ADT-Situation/Sit-q-i1-dist1-4705297406-350" pos 0> > 
> >> WARNING: CLOSE-TO constraint may sacrifice completeness<< 
 
> Reload situation from existing file.  < ADT-Situation/Sit-q-i1-dist1-4705297406-350 > 
> Opened existing situation file.  < #<CHARACTER-INPUT-FILE-STREAM
                                       #p"/fsys4/u/sgwoods/qcsp/ADT-Situation/Sit-q-i1-dist1-4705297406-350" pos 0> > 
> >> WARNING: CLOSE-TO constraint may sacrifice completeness<< 
 
> Reload situation from existing file.  < ADT-Situation/Sit-q-i1-dist1-4705297406-350 > 
> Opened existing situation file.  < #<CHARACTER-INPUT-FILE-STREAM
                                       #p"/fsys4/u/sgwoods/qcsp/ADT-Situation/Sit-q-i1-dist1-4705297406-350" pos 0> > 
> >> WARNING: CLOSE-TO constraint may sacrifice completeness<< 
 
> Reload situation from existing file.  < ADT-Situation/Sit-q-i1-dist1-4705297406-350 > 
> Opened existing situation file.  < #<CHARACTER-INPUT-FILE-STREAM
                                       #p"/fsys4/u/sgwoods/qcsp/ADT-Situation/Sit-q-i1-dist1-4705297406-350" pos 0> > 
> >> WARNING: CLOSE-TO constraint may sacrifice completeness<< 
 
> Memory-Key opened file/stream  < New-Batch/ij3/ij3-350.5 > 
 File/stream closed (at Memory-Key). 

; cpu time (non-gc) 42,980 msec user, 500 msec system
; cpu time (gc)     300 msec user, 20 msec system
; cpu time (total)  43,280 msec user, 520 msec system
; real time  110,155 msec (00:01:50.155)
; space allocation:
 530,504 cons cells,;  667 symbols, 1,270,160 other bytes
((((Q1-C ADTQ1-C) (Q1-E ADTQ1-E) (Q1-H ADTQ1-H) (Q1-G ADTQ1-G) (Q1-A ADTQ1-A)
   (Q1-B ADTQ1-B) (Q1-F ADTQ1-F) (Q1-D ADTQ1-D) (Q1-I ADTQ1-I))))
USER(13): USER(13): > Reload situation from existing file.  < ADT-Situation/Sit-q-i1-dist1-6724813580-350 > 
> Opened existing situation file.  < #<CHARACTER-INPUT-FILE-STREAM
                                       #p"/fsys4/u/sgwoods/qcsp/ADT-Situation/Sit-q-i1-dist1-6724813580-350" pos 0> > 
> Reload situation from existing file.  < ADT-Situation/Sit-q-i1-dist1-6724813580-350 > 
> Opened existing situation file.  < #<CHARACTER-INPUT-FILE-STREAM
                                       #p"/fsys4/u/sgwoods/qcsp/ADT-Situation/Sit-q-i1-dist1-6724813580-350" pos 0> > 
> >> WARNING: CLOSE-TO constraint may sacrifice completeness<< 
 
> Reload situation from existing file.  < ADT-Situation/Sit-q-i1-dist1-6724813580-350 > 
> Opened existing situation file.  < #<CHARACTER-INPUT-FILE-STREAM
                                       #p"/fsys4/u/sgwoods/qcsp/ADT-Situation/Sit-q-i1-dist1-6724813580-350" pos 0> > 
> >> WARNING: CLOSE-TO constraint may sacrifice completeness<< 
 
> Reload situation from existing file.  < ADT-Situation/Sit-q-i1-dist1-6724813580-350 > 
> Opened existing situation file.  < #<CHARACTER-INPUT-FILE-STREAM
                                       #p"/fsys4/u/sgwoods/qcsp/ADT-Situation/Sit-q-i1-dist1-6724813580-350" pos 0> > 
> >> WARNING: CLOSE-TO constraint may sacrifice completeness<< 
 
> Reload situation from existing file.  < ADT-Situation/Sit-q-i1-dist1-6724813580-350 > 
> Opened existing situation file.  < #<CHARACTER-INPUT-FILE-STREAM
                                       #p"/fsys4/u/sgwoods/qcsp/ADT-Situation/Sit-q-i1-dist1-6724813580-350" pos 0> > 
> >> WARNING: CLOSE-TO constraint may sacrifice completeness<< 
 
> Reload situation from existing file.  < ADT-Situation/Sit-q-i1-dist1-6724813580-350 > 
> Opened existing situation file.  < #<CHARACTER-INPUT-FILE-STREAM
                                       #p"/fsys4/u/sgwoods/qcsp/ADT-Situation/Sit-q-i1-dist1-6724813580-350" pos 0> > 
> >> WARNING: CLOSE-TO constraint may sacrifice completeness<< 
 
> Reload situation from existing file.  < ADT-Situation/Sit-q-i1-dist1-6724813580-350 > 
> Opened existing situation file.  < #<CHARACTER-INPUT-FILE-STREAM
                                       #p"/fsys4/u/sgwoods/qcsp/ADT-Situation/Sit-q-i1-dist1-6724813580-350" pos 0> > 
> >> WARNING: CLOSE-TO constraint may sacrifice completeness<< 
 
> Reload situation from existing file.  < ADT-Situation/Sit-q-i1-dist1-6724813580-350 > 
> Opened existing situation file.  < #<CHARACTER-INPUT-FILE-STREAM
                                       #p"/fsys4/u/sgwoods/qcsp/ADT-Situation/Sit-q-i1-dist1-6724813580-350" pos 0> > 
> >> WARNING: CLOSE-TO constraint may sacrifice completeness<< 
 
> Reload situation from existing file.  < ADT-Situation/Sit-q-i1-dist1-6724813580-350 > 
> Opened existing situation file.  < #<CHARACTER-INPUT-FILE-STREAM
                                       #p"/fsys4/u/sgwoods/qcsp/ADT-Situation/Sit-q-i1-dist1-6724813580-350" pos 0> > 
> >> WARNING: CLOSE-TO constraint may sacrifice completeness<< 
 
> Reload situation from existing file.  < ADT-Situation/Sit-q-i1-dist1-6724813580-350 > 
> Opened existing situation file.  < #<CHARACTER-INPUT-FILE-STREAM
                                       #p"/fsys4/u/sgwoods/qcsp/ADT-Situation/Sit-q-i1-dist1-6724813580-350" pos 0> > 
> >> WARNING: CLOSE-TO constraint may sacrifice completeness<< 
 
> Reload situation from existing file.  < ADT-Situation/Sit-q-i1-dist1-6724813580-350 > 
> Opened existing situation file.  < #<CHARACTER-INPUT-FILE-STREAM
                                       #p"/fsys4/u/sgwoods/qcsp/ADT-Situation/Sit-q-i1-dist1-6724813580-350" pos 0> > 
> >> WARNING: CLOSE-TO constraint may sacrifice completeness<< 
 
> Reload situation from existing file.  < ADT-Situation/Sit-q-i1-dist1-6724813580-350 > 
> Opened existing situation file.  < #<CHARACTER-INPUT-FILE-STREAM
                                       #p"/fsys4/u/sgwoods/qcsp/ADT-Situation/Sit-q-i1-dist1-6724813580-350" pos 0> > 
> >> WARNING: CLOSE-TO constraint may sacrifice completeness<< 
 
> Reload situation from existing file.  < ADT-Situation/Sit-q-i1-dist1-6724813580-350 > 
> Opened existing situation file.  < #<CHARACTER-INPUT-FILE-STREAM
                                       #p"/fsys4/u/sgwoods/qcsp/ADT-Situation/Sit-q-i1-dist1-6724813580-350" pos 0> > 
> >> WARNING: CLOSE-TO constraint may sacrifice completeness<< 
 
> Reload situation from existing file.  < ADT-Situation/Sit-q-i1-dist1-6724813580-350 > 
> Opened existing situation file.  < #<CHARACTER-INPUT-FILE-STREAM
                                       #p"/fsys4/u/sgwoods/qcsp/ADT-Situation/Sit-q-i1-dist1-6724813580-350" pos 0> > 
> >> WARNING: CLOSE-TO constraint may sacrifice completeness<< 
 
> Reload situation from existing file.  < ADT-Situation/Sit-q-i1-dist1-6724813580-350 > 
> Opened existing situation file.  < #<CHARACTER-INPUT-FILE-STREAM
                                       #p"/fsys4/u/sgwoods/qcsp/ADT-Situation/Sit-q-i1-dist1-6724813580-350" pos 0> > 
> >> WARNING: CLOSE-TO constraint may sacrifice completeness<< 
 
> Reload situation from existing file.  < ADT-Situation/Sit-q-i1-dist1-6724813580-350 > 
> Opened existing situation file.  < #<CHARACTER-INPUT-FILE-STREAM
                                       #p"/fsys4/u/sgwoods/qcsp/ADT-Situation/Sit-q-i1-dist1-6724813580-350" pos 0> > 
> >> WARNING: CLOSE-TO constraint may sacrifice completeness<< 
 
> Reload situation from existing file.  < ADT-Situation/Sit-q-i1-dist1-6724813580-350 > 
> Opened existing situation file.  < #<CHARACTER-INPUT-FILE-STREAM
                                       #p"/fsys4/u/sgwoods/qcsp/ADT-Situation/Sit-q-i1-dist1-6724813580-350" pos 0> > 
> >> WARNING: CLOSE-TO constraint may sacrifice completeness<< 
 
> Reload situation from existing file.  < ADT-Situation/Sit-q-i1-dist1-6724813580-350 > 
> Opened existing situation file.  < #<CHARACTER-INPUT-FILE-STREAM
                                       #p"/fsys4/u/sgwoods/qcsp/ADT-Situation/Sit-q-i1-dist1-6724813580-350" pos 0> > 
> >> WARNING: CLOSE-TO constraint may sacrifice completeness<< 
 
> Reload situation from existing file.  < ADT-Situation/Sit-q-i1-dist1-6724813580-350 > 
> Opened existing situation file.  < #<CHARACTER-INPUT-FILE-STREAM
                                       #p"/fsys4/u/sgwoods/qcsp/ADT-Situation/Sit-q-i1-dist1-6724813580-350" pos 0> > 
> >> WARNING: CLOSE-TO constraint may sacrifice completeness<< 
 
> Memory-Key opened file/stream  < New-Batch/ij3/ij3-350.6 > 
 File/stream closed (at Memory-Key). 

; cpu time (non-gc) 30,980 msec user, 290 msec system
; cpu time (gc)     280 msec user, 10 msec system
; cpu time (total)  31,260 msec user, 300 msec system
; real time  42,447 msec
; space allocation:
 390,106 cons cells,;  600 symbols, 1,170,632 other bytes
((((Q1-C ADTQ1-C) (Q1-E ADTQ1-E) (Q1-H ADTQ1-H) (Q1-G ADTQ1-G) (Q1-A ADTQ1-A)
   (Q1-B ADTQ1-B) (Q1-F ADTQ1-F) (Q1-D ADTQ1-D) (Q1-I ADTQ1-I))))
USER(14): USER(14): > Reload situation from existing file.  < ADT-Situation/Sit-q-i1-dist1-8798969000-350 > 
> Opened existing situation file.  < #<CHARACTER-INPUT-FILE-STREAM
                                       #p"/fsys4/u/sgwoods/qcsp/ADT-Situation/Sit-q-i1-dist1-8798969000-350" pos 0> > 
> Reload situation from existing file.  < ADT-Situation/Sit-q-i1-dist1-8798969000-350 > 
> Opened existing situation file.  < #<CHARACTER-INPUT-FILE-STREAM
                                       #p"/fsys4/u/sgwoods/qcsp/ADT-Situation/Sit-q-i1-dist1-8798969000-350" pos 0> > 
> >> WARNING: CLOSE-TO constraint may sacrifice completeness<< 
 
> Reload situation from existing file.  < ADT-Situation/Sit-q-i1-dist1-8798969000-350 > 
> Opened existing situation file.  < #<CHARACTER-INPUT-FILE-STREAM
                                       #p"/fsys4/u/sgwoods/qcsp/ADT-Situation/Sit-q-i1-dist1-8798969000-350" pos 0> > 
> >> WARNING: CLOSE-TO constraint may sacrifice completeness<< 
 
> Reload situation from existing file.  < ADT-Situation/Sit-q-i1-dist1-8798969000-350 > 
> Opened existing situation file.  < #<CHARACTER-INPUT-FILE-STREAM
                                       #p"/fsys4/u/sgwoods/qcsp/ADT-Situation/Sit-q-i1-dist1-8798969000-350" pos 0> > 
> >> WARNING: CLOSE-TO constraint may sacrifice completeness<< 
 
> Reload situation from existing file.  < ADT-Situation/Sit-q-i1-dist1-8798969000-350 > 
> Opened existing situation file.  < #<CHARACTER-INPUT-FILE-STREAM
                                       #p"/fsys4/u/sgwoods/qcsp/ADT-Situation/Sit-q-i1-dist1-8798969000-350" pos 0> > 
> >> WARNING: CLOSE-TO constraint may sacrifice completeness<< 
 
> Reload situation from existing file.  < ADT-Situation/Sit-q-i1-dist1-8798969000-350 > 
> Opened existing situation file.  < #<CHARACTER-INPUT-FILE-STREAM
                                       #p"/fsys4/u/sgwoods/qcsp/ADT-Situation/Sit-q-i1-dist1-8798969000-350" pos 0> > 
> >> WARNING: CLOSE-TO constraint may sacrifice completeness<< 
 
> Reload situation from existing file.  < ADT-Situation/Sit-q-i1-dist1-8798969000-350 > 
> Opened existing situation file.  < #<CHARACTER-INPUT-FILE-STREAM
                                       #p"/fsys4/u/sgwoods/qcsp/ADT-Situation/Sit-q-i1-dist1-8798969000-350" pos 0> > 
> >> WARNING: CLOSE-TO constraint may sacrifice completeness<< 
 
> Reload situation from existing file.  < ADT-Situation/Sit-q-i1-dist1-8798969000-350 > 
> Opened existing situation file.  < #<CHARACTER-INPUT-FILE-STREAM
                                       #p"/fsys4/u/sgwoods/qcsp/ADT-Situation/Sit-q-i1-dist1-8798969000-350" pos 0> > 
> >> WARNING: CLOSE-TO constraint may sacrifice completeness<< 
 
> Reload situation from existing file.  < ADT-Situation/Sit-q-i1-dist1-8798969000-350 > 
> Opened existing situation file.  < #<CHARACTER-INPUT-FILE-STREAM
                                       #p"/fsys4/u/sgwoods/qcsp/ADT-Situation/Sit-q-i1-dist1-8798969000-350" pos 0> > 
> >> WARNING: CLOSE-TO constraint may sacrifice completeness<< 
 
> Reload situation from existing file.  < ADT-Situation/Sit-q-i1-dist1-8798969000-350 > 
> Opened existing situation file.  < #<CHARACTER-INPUT-FILE-STREAM
                                       #p"/fsys4/u/sgwoods/qcsp/ADT-Situation/Sit-q-i1-dist1-8798969000-350" pos 0> > 
> >> WARNING: CLOSE-TO constraint may sacrifice completeness<< 
 
> Reload situation from existing file.  < ADT-Situation/Sit-q-i1-dist1-8798969000-350 > 
> Opened existing situation file.  < #<CHARACTER-INPUT-FILE-STREAM
                                       #p"/fsys4/u/sgwoods/qcsp/ADT-Situation/Sit-q-i1-dist1-8798969000-350" pos 0> > 
> >> WARNING: CLOSE-TO constraint may sacrifice completeness<< 
 
> Reload situation from existing file.  < ADT-Situation/Sit-q-i1-dist1-8798969000-350 > 
> Opened existing situation file.  < #<CHARACTER-INPUT-FILE-STREAM
                                       #p"/fsys4/u/sgwoods/qcsp/ADT-Situation/Sit-q-i1-dist1-8798969000-350" pos 0> > 
> >> WARNING: CLOSE-TO constraint may sacrifice completeness<< 
 
> Reload situation from existing file.  < ADT-Situation/Sit-q-i1-dist1-8798969000-350 > 
> Opened existing situation file.  < #<CHARACTER-INPUT-FILE-STREAM
                                       #p"/fsys4/u/sgwoods/qcsp/ADT-Situation/Sit-q-i1-dist1-8798969000-350" pos 0> > 
> >> WARNING: CLOSE-TO constraint may sacrifice completeness<< 
 
> Reload situation from existing file.  < ADT-Situation/Sit-q-i1-dist1-8798969000-350 > 
> Opened existing situation file.  < #<CHARACTER-INPUT-FILE-STREAM
                                       #p"/fsys4/u/sgwoods/qcsp/ADT-Situation/Sit-q-i1-dist1-8798969000-350" pos 0> > 
> >> WARNING: CLOSE-TO constraint may sacrifice completeness<< 
 
> Reload situation from existing file.  < ADT-Situation/Sit-q-i1-dist1-8798969000-350 > 
> Opened existing situation file.  < #<CHARACTER-INPUT-FILE-STREAM
                                       #p"/fsys4/u/sgwoods/qcsp/ADT-Situation/Sit-q-i1-dist1-8798969000-350" pos 0> > 
> >> WARNING: CLOSE-TO constraint may sacrifice completeness<< 
 
> Reload situation from existing file.  < ADT-Situation/Sit-q-i1-dist1-8798969000-350 > 
> Opened existing situation file.  < #<CHARACTER-INPUT-FILE-STREAM
                                       #p"/fsys4/u/sgwoods/qcsp/ADT-Situation/Sit-q-i1-dist1-8798969000-350" pos 0> > 
> >> WARNING: CLOSE-TO constraint may sacrifice completeness<< 
 
> Reload situation from existing file.  < ADT-Situation/Sit-q-i1-dist1-8798969000-350 > 
> Opened existing situation file.  < #<CHARACTER-INPUT-FILE-STREAM
                                       #p"/fsys4/u/sgwoods/qcsp/ADT-Situation/Sit-q-i1-dist1-8798969000-350" pos 0> > 
> >> WARNING: CLOSE-TO constraint may sacrifice completeness<< 
 
> Reload situation from existing file.  < ADT-Situation/Sit-q-i1-dist1-8798969000-350 > 
> Opened existing situation file.  < #<CHARACTER-INPUT-FILE-STREAM
                                       #p"/fsys4/u/sgwoods/qcsp/ADT-Situation/Sit-q-i1-dist1-8798969000-350" pos 0> > 
> >> WARNING: CLOSE-TO constraint may sacrifice completeness<< 
 
> Reload situation from existing file.  < ADT-Situation/Sit-q-i1-dist1-8798969000-350 > 
> Opened existing situation file.  < #<CHARACTER-INPUT-FILE-STREAM
                                       #p"/fsys4/u/sgwoods/qcsp/ADT-Situation/Sit-q-i1-dist1-8798969000-350" pos 0> > 
> >> WARNING: CLOSE-TO constraint may sacrifice completeness<< 
 
> Memory-Key opened file/stream  < New-Batch/ij3/ij3-350.7 > 
 File/stream closed (at Memory-Key). 

; cpu time (non-gc) 33,080 msec user, 350 msec system
; cpu time (gc)     390 msec user, 0 msec system
; cpu time (total)  33,470 msec user, 350 msec system
; real time  70,930 msec (00:01:10.930)
; space allocation:
 414,750 cons cells,;  619 symbols, 1,346,216 other bytes
((((Q1-C ADTQ1-C) (Q1-E ADTQ1-E) (Q1-H ADTQ1-H) (Q1-G ADTQ1-G) (Q1-B ADTQ1-B)
   (Q1-A ADTQ1-A) (Q1-F ADTQ1-F) (Q1-D ADTQ1-D) (Q1-I ADTQ1-I))))
USER(15): USER(15): > Reload situation from existing file.  < ADT-Situation/Sit-q-i1-dist1-0805098560-350 > 
> Opened existing situation file.  < #<CHARACTER-INPUT-FILE-STREAM
                                       #p"/fsys4/u/sgwoods/qcsp/ADT-Situation/Sit-q-i1-dist1-0805098560-350" pos 0> > 
> Reload situation from existing file.  < ADT-Situation/Sit-q-i1-dist1-0805098560-350 > 
> Opened existing situation file.  < #<CHARACTER-INPUT-FILE-STREAM
                                       #p"/fsys4/u/sgwoods/qcsp/ADT-Situation/Sit-q-i1-dist1-0805098560-350" pos 0> > 
> >> WARNING: CLOSE-TO constraint may sacrifice completeness<< 
 
> Reload situation from existing file.  < ADT-Situation/Sit-q-i1-dist1-0805098560-350 > 
> Opened existing situation file.  < #<CHARACTER-INPUT-FILE-STREAM
                                       #p"/fsys4/u/sgwoods/qcsp/ADT-Situation/Sit-q-i1-dist1-0805098560-350" pos 0> > 
> >> WARNING: CLOSE-TO constraint may sacrifice completeness<< 
 
> Reload situation from existing file.  < ADT-Situation/Sit-q-i1-dist1-0805098560-350 > 
> Opened existing situation file.  < #<CHARACTER-INPUT-FILE-STREAM
                                       #p"/fsys4/u/sgwoods/qcsp/ADT-Situation/Sit-q-i1-dist1-0805098560-350" pos 0> > 
> >> WARNING: CLOSE-TO constraint may sacrifice completeness<< 
 
> Reload situation from existing file.  < ADT-Situation/Sit-q-i1-dist1-0805098560-350 > 
> Opened existing situation file.  < #<CHARACTER-INPUT-FILE-STREAM
                                       #p"/fsys4/u/sgwoods/qcsp/ADT-Situation/Sit-q-i1-dist1-0805098560-350" pos 0> > 
> >> WARNING: CLOSE-TO constraint may sacrifice completeness<< 
 
> Reload situation from existing file.  < ADT-Situation/Sit-q-i1-dist1-0805098560-350 > 
> Opened existing situation file.  < #<CHARACTER-INPUT-FILE-STREAM
                                       #p"/fsys4/u/sgwoods/qcsp/ADT-Situation/Sit-q-i1-dist1-0805098560-350" pos 0> > 
> >> WARNING: CLOSE-TO constraint may sacrifice completeness<< 
 
> Reload situation from existing file.  < ADT-Situation/Sit-q-i1-dist1-0805098560-350 > 
> Opened existing situation file.  < #<CHARACTER-INPUT-FILE-STREAM
                                       #p"/fsys4/u/sgwoods/qcsp/ADT-Situation/Sit-q-i1-dist1-0805098560-350" pos 0> > 
> >> WARNING: CLOSE-TO constraint may sacrifice completeness<< 
 
> Reload situation from existing file.  < ADT-Situation/Sit-q-i1-dist1-0805098560-350 > 
> Opened existing situation file.  < #<CHARACTER-INPUT-FILE-STREAM
                                       #p"/fsys4/u/sgwoods/qcsp/ADT-Situation/Sit-q-i1-dist1-0805098560-350" pos 0> > 
> >> WARNING: CLOSE-TO constraint may sacrifice completeness<< 
 
> Reload situation from existing file.  < ADT-Situation/Sit-q-i1-dist1-0805098560-350 > 
> Opened existing situation file.  < #<CHARACTER-INPUT-FILE-STREAM
                                       #p"/fsys4/u/sgwoods/qcsp/ADT-Situation/Sit-q-i1-dist1-0805098560-350" pos 0> > 
> >> WARNING: CLOSE-TO constraint may sacrifice completeness<< 
 
> Reload situation from existing file.  < ADT-Situation/Sit-q-i1-dist1-0805098560-350 > 
> Opened existing situation file.  < #<CHARACTER-INPUT-FILE-STREAM
                                       #p"/fsys4/u/sgwoods/qcsp/ADT-Situation/Sit-q-i1-dist1-0805098560-350" pos 0> > 
> >> WARNING: CLOSE-TO constraint may sacrifice completeness<< 
 
> Reload situation from existing file.  < ADT-Situation/Sit-q-i1-dist1-0805098560-350 > 
> Opened existing situation file.  < #<CHARACTER-INPUT-FILE-STREAM
                                       #p"/fsys4/u/sgwoods/qcsp/ADT-Situation/Sit-q-i1-dist1-0805098560-350" pos 0> > 
> >> WARNING: CLOSE-TO constraint may sacrifice completeness<< 
 
> Reload situation from existing file.  < ADT-Situation/Sit-q-i1-dist1-0805098560-350 > 
> Opened existing situation file.  < #<CHARACTER-INPUT-FILE-STREAM
                                       #p"/fsys4/u/sgwoods/qcsp/ADT-Situation/Sit-q-i1-dist1-0805098560-350" pos 0> > 
> >> WARNING: CLOSE-TO constraint may sacrifice completeness<< 
 
> Memory-Key opened file/stream  < New-Batch/ij3/ij3-350.8 > 
 File/stream closed (at Memory-Key). 

; cpu time (non-gc) 22,720 msec user, 140 msec system
; cpu time (gc)     240 msec user, 0 msec system
; cpu time (total)  22,960 msec user, 140 msec system
; real time  24,936 msec
; space allocation:
 310,818 cons cells,;  621 symbols, 927,952 other bytes
((((Q1-C ADTQ1-C) (Q1-E ADTQ1-E) (Q1-H ADTQ1-H) (Q1-G ADTQ1-G) (Q1-B ADTQ1-B)
   (Q1-A ADTQ1-A) (Q1-F ADTQ1-F) (Q1-D ADTQ1-D) (Q1-I ADTQ1-I))))
USER(16): USER(16): > Reload situation from existing file.  < ADT-Situation/Sit-q-i1-dist1-4767135635-350 > 
> Opened existing situation file.  < #<CHARACTER-INPUT-FILE-STREAM
                                       #p"/fsys4/u/sgwoods/qcsp/ADT-Situation/Sit-q-i1-dist1-4767135635-350" pos 0> > 
> Reload situation from existing file.  < ADT-Situation/Sit-q-i1-dist1-4767135635-350 > 
> Opened existing situation file.  < #<CHARACTER-INPUT-FILE-STREAM
                                       #p"/fsys4/u/sgwoods/qcsp/ADT-Situation/Sit-q-i1-dist1-4767135635-350" pos 0> > 
> >> WARNING: CLOSE-TO constraint may sacrifice completeness<< 
 
> Reload situation from existing file.  < ADT-Situation/Sit-q-i1-dist1-4767135635-350 > 
> Opened existing situation file.  < #<CHARACTER-INPUT-FILE-STREAM
                                       #p"/fsys4/u/sgwoods/qcsp/ADT-Situation/Sit-q-i1-dist1-4767135635-350" pos 0> > 
> >> WARNING: CLOSE-TO constraint may sacrifice completeness<< 
 
> Reload situation from existing file.  < ADT-Situation/Sit-q-i1-dist1-4767135635-350 > 
> Opened existing situation file.  < #<CHARACTER-INPUT-FILE-STREAM
                                       #p"/fsys4/u/sgwoods/qcsp/ADT-Situation/Sit-q-i1-dist1-4767135635-350" pos 0> > 
> >> WARNING: CLOSE-TO constraint may sacrifice completeness<< 
 
> Reload situation from existing file.  < ADT-Situation/Sit-q-i1-dist1-4767135635-350 > 
> Opened existing situation file.  < #<CHARACTER-INPUT-FILE-STREAM
                                       #p"/fsys4/u/sgwoods/qcsp/ADT-Situation/Sit-q-i1-dist1-4767135635-350" pos 0> > 
> >> WARNING: CLOSE-TO constraint may sacrifice completeness<< 
 
> Reload situation from existing file.  < ADT-Situation/Sit-q-i1-dist1-4767135635-350 > 
> Opened existing situation file.  < #<CHARACTER-INPUT-FILE-STREAM
                                       #p"/fsys4/u/sgwoods/qcsp/ADT-Situation/Sit-q-i1-dist1-4767135635-350" pos 0> > 
> >> WARNING: CLOSE-TO constraint may sacrifice completeness<< 
 
> Reload situation from existing file.  < ADT-Situation/Sit-q-i1-dist1-4767135635-350 > 
> Opened existing situation file.  < #<CHARACTER-INPUT-FILE-STREAM
                                       #p"/fsys4/u/sgwoods/qcsp/ADT-Situation/Sit-q-i1-dist1-4767135635-350" pos 0> > 
> >> WARNING: CLOSE-TO constraint may sacrifice completeness<< 
 
> Reload situation from existing file.  < ADT-Situation/Sit-q-i1-dist1-4767135635-350 > 
> Opened existing situation file.  < #<CHARACTER-INPUT-FILE-STREAM
                                       #p"/fsys4/u/sgwoods/qcsp/ADT-Situation/Sit-q-i1-dist1-4767135635-350" pos 0> > 
> >> WARNING: CLOSE-TO constraint may sacrifice completeness<< 
 
> Reload situation from existing file.  < ADT-Situation/Sit-q-i1-dist1-4767135635-350 > 
> Opened existing situation file.  < #<CHARACTER-INPUT-FILE-STREAM
                                       #p"/fsys4/u/sgwoods/qcsp/ADT-Situation/Sit-q-i1-dist1-4767135635-350" pos 0> > 
> >> WARNING: CLOSE-TO constraint may sacrifice completeness<< 
 
> Reload situation from existing file.  < ADT-Situation/Sit-q-i1-dist1-4767135635-350 > 
> Opened existing situation file.  < #<CHARACTER-INPUT-FILE-STREAM
                                       #p"/fsys4/u/sgwoods/qcsp/ADT-Situation/Sit-q-i1-dist1-4767135635-350" pos 0> > 
> >> WARNING: CLOSE-TO constraint may sacrifice completeness<< 
 
> Reload situation from existing file.  < ADT-Situation/Sit-q-i1-dist1-4767135635-350 > 
> Opened existing situation file.  < #<CHARACTER-INPUT-FILE-STREAM
                                       #p"/fsys4/u/sgwoods/qcsp/ADT-Situation/Sit-q-i1-dist1-4767135635-350" pos 0> > 
> >> WARNING: CLOSE-TO constraint may sacrifice completeness<< 
 
> Reload situation from existing file.  < ADT-Situation/Sit-q-i1-dist1-4767135635-350 > 
> Opened existing situation file.  < #<CHARACTER-INPUT-FILE-STREAM
                                       #p"/fsys4/u/sgwoods/qcsp/ADT-Situation/Sit-q-i1-dist1-4767135635-350" pos 0> > 
> >> WARNING: CLOSE-TO constraint may sacrifice completeness<< 
 
> Reload situation from existing file.  < ADT-Situation/Sit-q-i1-dist1-4767135635-350 > 
> Opened existing situation file.  < #<CHARACTER-INPUT-FILE-STREAM
                                       #p"/fsys4/u/sgwoods/qcsp/ADT-Situation/Sit-q-i1-dist1-4767135635-350" pos 0> > 
> >> WARNING: CLOSE-TO constraint may sacrifice completeness<< 
 
> Reload situation from existing file.  < ADT-Situation/Sit-q-i1-dist1-4767135635-350 > 
> Opened existing situation file.  < #<CHARACTER-INPUT-FILE-STREAM
                                       #p"/fsys4/u/sgwoods/qcsp/ADT-Situation/Sit-q-i1-dist1-4767135635-350" pos 0> > 
> >> WARNING: CLOSE-TO constraint may sacrifice completeness<< 
 
> Reload situation from existing file.  < ADT-Situation/Sit-q-i1-dist1-4767135635-350 > 
> Opened existing situation file.  < #<CHARACTER-INPUT-FILE-STREAM
                                       #p"/fsys4/u/sgwoods/qcsp/ADT-Situation/Sit-q-i1-dist1-4767135635-350" pos 0> > 
> >> WARNING: CLOSE-TO constraint may sacrifice completeness<< 
 
> Reload situation from existing file.  < ADT-Situation/Sit-q-i1-dist1-4767135635-350 > 
> Opened existing situation file.  < #<CHARACTER-INPUT-FILE-STREAM
                                       #p"/fsys4/u/sgwoods/qcsp/ADT-Situation/Sit-q-i1-dist1-4767135635-350" pos 0> > 
> >> WARNING: CLOSE-TO constraint may sacrifice completeness<< 
 
> Memory-Key opened file/stream  < New-Batch/ij3/ij3-350.9 > 
 File/stream closed (at Memory-Key). 

; cpu time (non-gc) 26,770 msec user, 210 msec system
; cpu time (gc)     230 msec user, 0 msec system
; cpu time (total)  27,000 msec user, 210 msec system
; real time  32,466 msec
; space allocation:
 337,922 cons cells,;  623 symbols, 1,130,656 other bytes
((((Q1-C ADTQ1-C) (Q1-H ADTQ1-H) (Q1-E ADTQ1-E) (Q1-F ADTQ1-F) (Q1-A ADTQ1-A)
   (Q1-B ADTQ1-B) (Q1-G ADTQ1-G) (Q1-D ADTQ1-D) (Q1-I ADTQ1-I))))
USER(17): USER(17): > Reload situation from existing file.  < ADT-Situation/Sit-q-i1-dist1-7685437293-350 > 
> Opened existing situation file.  < #<CHARACTER-INPUT-FILE-STREAM
                                       #p"/fsys4/u/sgwoods/qcsp/ADT-Situation/Sit-q-i1-dist1-7685437293-350" pos 0> > 
> Reload situation from existing file.  < ADT-Situation/Sit-q-i1-dist1-7685437293-350 > 
> Opened existing situation file.  < #<CHARACTER-INPUT-FILE-STREAM
                                       #p"/fsys4/u/sgwoods/qcsp/ADT-Situation/Sit-q-i1-dist1-7685437293-350" pos 0> > 
> >> WARNING: CLOSE-TO constraint may sacrifice completeness<< 
 
> Reload situation from existing file.  < ADT-Situation/Sit-q-i1-dist1-7685437293-350 > 
> Opened existing situation file.  < #<CHARACTER-INPUT-FILE-STREAM
                                       #p"/fsys4/u/sgwoods/qcsp/ADT-Situation/Sit-q-i1-dist1-7685437293-350" pos 0> > 
> >> WARNING: CLOSE-TO constraint may sacrifice completeness<< 
 
> Reload situation from existing file.  < ADT-Situation/Sit-q-i1-dist1-7685437293-350 > 
> Opened existing situation file.  < #<CHARACTER-INPUT-FILE-STREAM
                                       #p"/fsys4/u/sgwoods/qcsp/ADT-Situation/Sit-q-i1-dist1-7685437293-350" pos 0> > 
> >> WARNING: CLOSE-TO constraint may sacrifice completeness<< 
 
> Reload situation from existing file.  < ADT-Situation/Sit-q-i1-dist1-7685437293-350 > 
> Opened existing situation file.  < #<CHARACTER-INPUT-FILE-STREAM
                                       #p"/fsys4/u/sgwoods/qcsp/ADT-Situation/Sit-q-i1-dist1-7685437293-350" pos 0> > 
> >> WARNING: CLOSE-TO constraint may sacrifice completeness<< 
 
> Reload situation from existing file.  < ADT-Situation/Sit-q-i1-dist1-7685437293-350 > 
> Opened existing situation file.  < #<CHARACTER-INPUT-FILE-STREAM
                                       #p"/fsys4/u/sgwoods/qcsp/ADT-Situation/Sit-q-i1-dist1-7685437293-350" pos 0> > 
> >> WARNING: CLOSE-TO constraint may sacrifice completeness<< 
 
> Reload situation from existing file.  < ADT-Situation/Sit-q-i1-dist1-7685437293-350 > 
> Opened existing situation file.  < #<CHARACTER-INPUT-FILE-STREAM
                                       #p"/fsys4/u/sgwoods/qcsp/ADT-Situation/Sit-q-i1-dist1-7685437293-350" pos 0> > 
> >> WARNING: CLOSE-TO constraint may sacrifice completeness<< 
 
> Reload situation from existing file.  < ADT-Situation/Sit-q-i1-dist1-7685437293-350 > 
> Opened existing situation file.  < #<CHARACTER-INPUT-FILE-STREAM
                                       #p"/fsys4/u/sgwoods/qcsp/ADT-Situation/Sit-q-i1-dist1-7685437293-350" pos 0> > 
> >> WARNING: CLOSE-TO constraint may sacrifice completeness<< 
 
> Reload situation from existing file.  < ADT-Situation/Sit-q-i1-dist1-7685437293-350 > 
> Opened existing situation file.  < #<CHARACTER-INPUT-FILE-STREAM
                                       #p"/fsys4/u/sgwoods/qcsp/ADT-Situation/Sit-q-i1-dist1-7685437293-350" pos 0> > 
> >> WARNING: CLOSE-TO constraint may sacrifice completeness<< 
 
> Reload situation from existing file.  < ADT-Situation/Sit-q-i1-dist1-7685437293-350 > 
> Opened existing situation file.  < #<CHARACTER-INPUT-FILE-STREAM
                                       #p"/fsys4/u/sgwoods/qcsp/ADT-Situation/Sit-q-i1-dist1-7685437293-350" pos 0> > 
> >> WARNING: CLOSE-TO constraint may sacrifice completeness<< 
 
> Reload situation from existing file.  < ADT-Situation/Sit-q-i1-dist1-7685437293-350 > 
> Opened existing situation file.  < #<CHARACTER-INPUT-FILE-STREAM
                                       #p"/fsys4/u/sgwoods/qcsp/ADT-Situation/Sit-q-i1-dist1-7685437293-350" pos 0> > 
> >> WARNING: CLOSE-TO constraint may sacrifice completeness<< 
 
> Reload situation from existing file.  < ADT-Situation/Sit-q-i1-dist1-7685437293-350 > 
> Opened existing situation file.  < #<CHARACTER-INPUT-FILE-STREAM
                                       #p"/fsys4/u/sgwoods/qcsp/ADT-Situation/Sit-q-i1-dist1-7685437293-350" pos 0> > 
> >> WARNING: CLOSE-TO constraint may sacrifice completeness<< 
 
> Reload situation from existing file.  < ADT-Situation/Sit-q-i1-dist1-7685437293-350 > 
> Opened existing situation file.  < #<CHARACTER-INPUT-FILE-STREAM
                                       #p"/fsys4/u/sgwoods/qcsp/ADT-Situation/Sit-q-i1-dist1-7685437293-350" pos 0> > 
> >> WARNING: CLOSE-TO constraint may sacrifice completeness<< 
 
> Memory-Key opened file/stream  < New-Batch/ij3/ij3-350.99 > 
 File/stream closed (at Memory-Key). 

; cpu time (non-gc) 24,600 msec user, 230 msec system
; cpu time (gc)     200 msec user, 10 msec system
; cpu time (total)  24,800 msec user, 240 msec system
; real time  29,843 msec
; space allocation:
 330,512 cons cells,;  636 symbols, 853,424 other bytes
((((Q1-C ADTQ1-C) (Q1-E ADTQ1-E) (Q1-H ADTQ1-H) (Q1-G ADTQ1-G) (Q1-A ADTQ1-A)
   (Q1-B ADTQ1-B) (Q1-F ADTQ1-F) (Q1-D ADTQ1-D) (Q1-I ADTQ1-I))))
USER(18): USER(18): ; Exiting Lisp
