Allegro CL 4.2 [SPARC; R1] (2/1/95 11:34)
Copyright (C) 1985-1993, Franz Inc., Berkeley, CA, USA.  All Rights Reserved.
;   Loading /fsys4/u/sgwoods/qcsp/load.lisp.
;     Fast loading /fsys4/u/sgwoods/qcsp/bm.fasl.
;     Fast loading /fsys4/u/sgwoods/qcsp/bt.fasl.
;     Fast loading /fsys4/u/sgwoods/qcsp/ct.fasl.
;     Fast loading /fsys4/u/sgwoods/qcsp/gsat.fasl.
;     Fast loading /fsys4/u/sgwoods/qcsp/utility.fasl.
;     Loading /fsys4/u/sgwoods/qcsp/compile.lisp.
;     Fast loading /fsys4/u/sgwoods/qcsp/quilici-search.fasl.
;     Fast loading /fsys4/u/sgwoods/qcsp/adt-simple.fasl.
;     Fast loading /fsys4/u/sgwoods/qcsp/adt-setup.fasl.
;     Fast loading /fsys4/u/sgwoods/qcsp/memory-csp.fasl.
;; Optimization settings: safety 1, space 1, speed 1, debug 2
;; For a complete description of all compiler switches given the current
;; optimization settings evaluate (EXPLAIN-COMPILER-SETTINGS).
USER(1): USER(1): USER(1): Journal Testing (FCDR adv sort)
"Journal Testing (FCDR adv sort)"
USER(2): 
NIL
USER(3): 
NIL
USER(4): ; Loading /fsys4/u/sgwoods/qcsp/load.lisp.
;   Fast loading /fsys4/u/sgwoods/qcsp/bm.fasl.
;   Fast loading /fsys4/u/sgwoods/qcsp/bt.fasl.
;   Fast loading /fsys4/u/sgwoods/qcsp/ct.fasl.
;   Fast loading /fsys4/u/sgwoods/qcsp/gsat.fasl.
;   Fast loading /fsys4/u/sgwoods/qcsp/utility.fasl.
;   Loading /fsys4/u/sgwoods/qcsp/compile.lisp.
;   Fast loading /fsys4/u/sgwoods/qcsp/quilici-search.fasl.
;   Fast loading /fsys4/u/sgwoods/qcsp/adt-simple.fasl.
;   Fast loading /fsys4/u/sgwoods/qcsp/adt-setup.fasl.
;   Fast loading /fsys4/u/sgwoods/qcsp/memory-csp.fasl.
T
USER(5): USER(5): **** Noise 900 ****
"**** Noise 900 ****"
USER(6): 
NIL
USER(7): 
NIL
USER(8): > Reload situation from existing file.  < ADT-Situation/Sit-q-i1-dist1-default-900 > 
> Opened existing situation file.  < #<CHARACTER-INPUT-FILE-STREAM
                                       #p"/fsys4/u/sgwoods/qcsp/ADT-Situation/Sit-q-i1-dist1-default-900" pos 0> > 
> Opening output file/stream for :  < ./New-Batch/ij4/ij4-900.1 > 
 File Closed (at 1). 

; cpu time (non-gc) 25,870 msec user, 350 msec system
; cpu time (gc)     830 msec user, 160 msec system
; cpu time (total)  26,700 msec user, 510 msec system
; real time  72,163 msec (00:01:12.163)
; space allocation:
 1,137,389 cons cells,;  1,706 symbols, 2,564,680 other bytes
(((Q1-A ADTQ1-A) (Q1-F ADTQ1-F) (Q1-H ADTQ1-H) (Q1-G ADTQ1-G) (Q1-C ADTQ1-C)
  (Q1-B ADTQ1-B) (Q1-I ADTQ1-I) (Q1-D ADTQ1-D) (Q1-E ADTQ1-E)))
USER(9): USER(9): > Initializing a new case 
 
> Open file: Saving new generated situation. 
 
> Opening output file/stream for :  < ./New-Batch/ij4/ij4-900.2 > 
 File Closed (at 1). 

; cpu time (non-gc) 33,300 msec user, 290 msec system
; cpu time (gc)     980 msec user, 30 msec system
; cpu time (total)  34,280 msec user, 320 msec system
; real time  118,770 msec (00:01:58.770)
; space allocation:
 2,707,147 cons cells,;  1,655 symbols, 5,215,248 other bytes
(((Q1-A ADTQ1-A) (Q1-F ADTQ1-F) (Q1-H ADTQ1-H) (Q1-G ADTQ1-G) (Q1-C ADTQ1-C)
  (Q1-B ADTQ1-B) (Q1-I ADTQ1-I) (Q1-D ADTQ1-D) (Q1-E ADTQ1-E)))
USER(10): USER(10): > Initializing a new case 
 
> Open file: Saving new generated situation. 
 
> Opening output file/stream for :  < ./New-Batch/ij4/ij4-900.3 > 
 File Closed (at 1). 

; cpu time (non-gc) 25,720 msec user, 120 msec system
; cpu time (gc)     890 msec user, 30 msec system
; cpu time (total)  26,610 msec user, 150 msec system
; real time  88,252 msec (00:01:28.252)
; space allocation:
 2,176,583 cons cells,;  1,593 symbols, 4,080,408 other bytes
(((Q1-A ADTQ1-A) (Q1-F ADTQ1-F) (Q1-H ADTQ1-H) (Q1-G ADTQ1-G) (Q1-C ADTQ1-C)
  (Q1-D ADTQ1-D) (Q1-B ADTQ1-B) (Q1-E ADTQ1-E) (Q1-I ADTQ1-I)))
USER(11): USER(11): > Initializing a new case 
 
> Open file: Saving new generated situation. 
 
> Opening output file/stream for :  < ./New-Batch/ij4/ij4-900.4 > 
 File Closed (at 1). 

; cpu time (non-gc) 25,530 msec user, 130 msec system
; cpu time (gc)     1,130 msec user, 10 msec system
; cpu time (total)  26,660 msec user, 140 msec system
; real time  80,910 msec (00:01:20.910)
; space allocation:
 2,271,160 cons cells,;  1,594 symbols, 4,333,192 other bytes
(((Q1-A ADTQ1-A) (Q1-F ADTQ1-F) (Q1-H ADTQ1-H) (Q1-G ADTQ1-G) (Q1-C ADTQ1-C)
  (Q1-B ADTQ1-B) (Q1-I ADTQ1-I) (Q1-D ADTQ1-D) (Q1-E ADTQ1-E)))
USER(12): USER(12): > Initializing a new case 
 
> Open file: Saving new generated situation. 
 
> Opening output file/stream for :  < ./New-Batch/ij4/ij4-900.5 > 
 File Closed (at 1). 

; cpu time (non-gc) 32,910 msec user, 80 msec system
; cpu time (gc)     1,020 msec user, 60 msec system
; cpu time (total)  33,930 msec user, 140 msec system
; real time  81,261 msec (00:01:21.261)
; space allocation:
 3,134,236 cons cells,;  1,652 symbols, 5,223,424 other bytes
(((Q1-A ADTQ1-A) (Q1-F ADTQ1-F) (Q1-H ADTQ1-H) (Q1-G ADTQ1-G) (Q1-C ADTQ1-C)
  (Q1-D ADTQ1-D) (Q1-B ADTQ1-B) (Q1-E ADTQ1-E) (Q1-I ADTQ1-I)))
USER(13): USER(13): > Initializing a new case 
 
> Open file: Saving new generated situation. 
 
> Opening output file/stream for :  < ./New-Batch/ij4/ij4-900.6 > 
 File Closed (at 1). 

; cpu time (non-gc) 33,280 msec user, 120 msec system
; cpu time (gc)     1,150 msec user, 0 msec system
; cpu time (total)  34,430 msec user, 120 msec system
; real time  107,154 msec (00:01:47.154)
; space allocation:
 2,703,901 cons cells,;  1,655 symbols, 5,190,496 other bytes
(((Q1-A ADTQ1-A) (Q1-F ADTQ1-F) (Q1-H ADTQ1-H) (Q1-G ADTQ1-G) (Q1-C ADTQ1-C)
  (Q1-B ADTQ1-B) (Q1-I ADTQ1-I) (Q1-D ADTQ1-D) (Q1-E ADTQ1-E)))
USER(14): USER(14): > Initializing a new case 
 
> Open file: Saving new generated situation. 
 
> Opening output file/stream for :  < ./New-Batch/ij4/ij4-900.7 > 
 File Closed (at 1). 

; cpu time (non-gc) 24,830 msec user, 100 msec system
; cpu time (gc)     1,100 msec user, 0 msec system
; cpu time (total)  25,930 msec user, 100 msec system
; real time  97,760 msec (00:01:37.760)
; space allocation:
 2,089,357 cons cells,;  1,649 symbols, 3,862,824 other bytes
(((Q1-A ADTQ1-A) (Q1-F ADTQ1-F) (Q1-H ADTQ1-H) (Q1-G ADTQ1-G) (Q1-C ADTQ1-C)
  (Q1-B ADTQ1-B) (Q1-I ADTQ1-I) (Q1-D ADTQ1-D) (Q1-E ADTQ1-E)))
USER(15): USER(15): > Initializing a new case 
 
> Open file: Saving new generated situation. 
 
> Opening output file/stream for :  < ./New-Batch/ij4/ij4-900.8 > 
 File Closed (at 1). 

; cpu time (non-gc) 33,450 msec user, 210 msec system
; cpu time (gc)     1,210 msec user, 20 msec system
; cpu time (total)  34,660 msec user, 230 msec system
; real time  91,302 msec (00:01:31.302)
; space allocation:
 2,527,021 cons cells,;  1,624 symbols, 5,460,680 other bytes
(((Q1-A ADTQ1-A) (Q1-F ADTQ1-F) (Q1-H ADTQ1-H) (Q1-G ADTQ1-G) (Q1-C ADTQ1-C)
  (Q1-B ADTQ1-B) (Q1-I ADTQ1-I) (Q1-D ADTQ1-D) (Q1-E ADTQ1-E)))
USER(16): USER(16): > Initializing a new case 
 
> Open file: Saving new generated situation. 
 
> Opening output file/stream for :  < ./New-Batch/ij4/ij4-900.9 > 
 File Closed (at 1). 

; cpu time (non-gc) 34,950 msec user, 210 msec system
; cpu time (gc)     1,410 msec user, 60 msec system
; cpu time (total)  36,360 msec user, 270 msec system
; real time  123,713 msec (00:02:03.713)
; space allocation:
 3,152,273 cons cells,;  1,638 symbols, 5,564,328 other bytes
(((Q1-A ADTQ1-A) (Q1-F ADTQ1-F) (Q1-H ADTQ1-H) (Q1-G ADTQ1-G) (Q1-C ADTQ1-C)
  (Q1-B ADTQ1-B) (Q1-I ADTQ1-I) (Q1-D ADTQ1-D) (Q1-E ADTQ1-E)))
USER(17): USER(17): > Initializing a new case 
 
> Open file: Saving new generated situation. 
 
> Opening output file/stream for :  < ./New-Batch/ij4/ij4-900.99 > 
 File Closed (at 1). 

; cpu time (non-gc) 30,080 msec user, 120 msec system
; cpu time (gc)     1,220 msec user, 0 msec system
; cpu time (total)  31,300 msec user, 120 msec system
; real time  116,477 msec (00:01:56.477)
; space allocation:
 2,665,380 cons cells,;  1,655 symbols, 4,916,040 other bytes
(((Q1-A ADTQ1-A) (Q1-F ADTQ1-F) (Q1-H ADTQ1-H) (Q1-G ADTQ1-G) (Q1-C ADTQ1-C)
  (Q1-D ADTQ1-D) (Q1-B ADTQ1-B) (Q1-E ADTQ1-E) (Q1-I ADTQ1-I)))
USER(18): USER(18): **** Noise 950 ****
"**** Noise 950 ****"
USER(19): 
NIL
USER(20): 
NIL
USER(21): > Initializing a new case 
 
> Open file: Saving new generated situation. 
 
> Opening output file/stream for :  < ./New-Batch/ij4/ij4-950.1 > 
 File Closed (at 1). 

; cpu time (non-gc) 38,230 msec user, 60 msec system
; cpu time (gc)     1,490 msec user, 0 msec system
; cpu time (total)  39,720 msec user, 60 msec system
; real time  151,484 msec (00:02:31.484)
; space allocation:
 3,153,994 cons cells,;  1,791 symbols, 5,834,368 other bytes
(((Q1-A ADTQ1-A) (Q1-F ADTQ1-F) (Q1-H ADTQ1-H) (Q1-G ADTQ1-G) (Q1-C ADTQ1-C)
  (Q1-B ADTQ1-B) (Q1-I ADTQ1-I) (Q1-D ADTQ1-D) (Q1-E ADTQ1-E)))
USER(22): USER(22): > Initializing a new case 
 
> Open file: Saving new generated situation. 
 
> Opening output file/stream for :  < ./New-Batch/ij4/ij4-950.2 > 
 File Closed (at 1). 

; cpu time (non-gc) 35,890 msec user, 180 msec system
; cpu time (gc)     1,310 msec user, 10 msec system
; cpu time (total)  37,200 msec user, 190 msec system
; real time  147,162 msec (00:02:27.162)
; space allocation:
 3,061,534 cons cells,;  1,743 symbols, 5,447,232 other bytes
(((Q1-A ADTQ1-A) (Q1-F ADTQ1-F) (Q1-H ADTQ1-H) (Q1-G ADTQ1-G) (Q1-C ADTQ1-C)
  (Q1-B ADTQ1-B) (Q1-I ADTQ1-I) (Q1-D ADTQ1-D) (Q1-E ADTQ1-E)))
USER(23): USER(23): > Initializing a new case 
 
> Open file: Saving new generated situation. 
 
> Opening output file/stream for :  < ./New-Batch/ij4/ij4-950.3 > 
 File Closed (at 1). 

; cpu time (non-gc) 31,600 msec user, 200 msec system
; cpu time (gc)     1,490 msec user, 10 msec system
; cpu time (total)  33,090 msec user, 210 msec system
; real time  99,561 msec (00:01:39.561)
; space allocation:
 2,550,676 cons cells,;  1,663 symbols, 4,800,448 other bytes
(((Q1-A ADTQ1-A) (Q1-F ADTQ1-F) (Q1-H ADTQ1-H) (Q1-G ADTQ1-G) (Q1-C ADTQ1-C)
  (Q1-B ADTQ1-B) (Q1-I ADTQ1-I) (Q1-D ADTQ1-D) (Q1-E ADTQ1-E)))
USER(24): USER(24): > Initializing a new case 
 
> Open file: Saving new generated situation. 
 
> Opening output file/stream for :  < ./New-Batch/ij4/ij4-950.4 > 
 File Closed (at 1). 

; cpu time (non-gc) 29,970 msec user, 90 msec system
; cpu time (gc)     1,440 msec user, 30 msec system
; cpu time (total)  31,410 msec user, 120 msec system
; real time  109,335 msec (00:01:49.335)
; space allocation:
 2,525,492 cons cells,;  1,681 symbols, 4,670,760 other bytes
(((Q1-A ADTQ1-A) (Q1-F ADTQ1-F) (Q1-H ADTQ1-H) (Q1-G ADTQ1-G) (Q1-C ADTQ1-C)
  (Q1-B ADTQ1-B) (Q1-I ADTQ1-I) (Q1-D ADTQ1-D) (Q1-E ADTQ1-E)))
USER(25): USER(25): > Initializing a new case 
 
> Open file: Saving new generated situation. 
 
> Opening output file/stream for :  < ./New-Batch/ij4/ij4-950.5 > 
 File Closed (at 1). 

; cpu time (non-gc) 38,860 msec user, 120 msec system
; cpu time (gc)     8,740 msec user, 1,940 msec system
; cpu time (total)  47,600 msec user, 2,060 msec system
; real time  172,966 msec (00:02:52.966)
; space allocation:
 3,588,982 cons cells,;  1,757 symbols, 5,948,152 other bytes
(((Q1-A ADTQ1-A) (Q1-F ADTQ1-F) (Q1-H ADTQ1-H) (Q1-G ADTQ1-G) (Q1-C ADTQ1-C)
  (Q1-B ADTQ1-B) (Q1-I ADTQ1-I) (Q1-D ADTQ1-D) (Q1-E ADTQ1-E)))
USER(26): USER(26): > Initializing a new case 
 
> Open file: Saving new generated situation. 
 
> Opening output file/stream for :  < ./New-Batch/ij4/ij4-950.6 > 
 File Closed (at 1). 

; cpu time (non-gc) 37,070 msec user, 130 msec system
; cpu time (gc)     1,520 msec user, 0 msec system
; cpu time (total)  38,590 msec user, 130 msec system
; real time  105,820 msec (00:01:45.820)
; space allocation:
 3,061,534 cons cells,;  1,743 symbols, 5,447,136 other bytes
(((Q1-A ADTQ1-A) (Q1-F ADTQ1-F) (Q1-H ADTQ1-H) (Q1-G ADTQ1-G) (Q1-C ADTQ1-C)
  (Q1-B ADTQ1-B) (Q1-I ADTQ1-I) (Q1-D ADTQ1-D) (Q1-E ADTQ1-E)))
USER(27): USER(27): > Initializing a new case 
 
> Open file: Saving new generated situation. 
 
> Opening output file/stream for :  < ./New-Batch/ij4/ij4-950.7 > 
 File Closed (at 1). 

; cpu time (non-gc) 33,010 msec user, 60 msec system
; cpu time (gc)     1,310 msec user, 20 msec system
; cpu time (total)  34,320 msec user, 80 msec system
; real time  67,505 msec (00:01:07.505)
; space allocation:
 2,363,749 cons cells,;  1,758 symbols, 4,133,456 other bytes
(((Q1-A ADTQ1-A) (Q1-F ADTQ1-F) (Q1-H ADTQ1-H) (Q1-G ADTQ1-G) (Q1-C ADTQ1-C)
  (Q1-B ADTQ1-B) (Q1-I ADTQ1-I) (Q1-D ADTQ1-D) (Q1-E ADTQ1-E)))
USER(28): USER(28): > Initializing a new case 
 
> Open file: Saving new generated situation. 
 
> Opening output file/stream for :  < ./New-Batch/ij4/ij4-950.8 > 
 File Closed (at 1). 

; cpu time (non-gc) 40,620 msec user, 130 msec system
; cpu time (gc)     1,680 msec user, 70 msec system
; cpu time (total)  42,300 msec user, 200 msec system
; real time  110,657 msec (00:01:50.657)
; space allocation:
 2,801,475 cons cells,;  1,707 symbols, 5,917,336 other bytes
(((Q1-A ADTQ1-A) (Q1-F ADTQ1-F) (Q1-H ADTQ1-H) (Q1-G ADTQ1-G) (Q1-C ADTQ1-C)
  (Q1-B ADTQ1-B) (Q1-I ADTQ1-I) (Q1-D ADTQ1-D) (Q1-E ADTQ1-E)))
USER(29): USER(29): > Initializing a new case 
 
> Open file: Saving new generated situation. 
 
> Opening output file/stream for :  < ./New-Batch/ij4/ij4-950.9 > 
 File Closed (at 1). 

; cpu time (non-gc) 38,560 msec user, 120 msec system
; cpu time (gc)     1,650 msec user, 30 msec system
; cpu time (total)  40,210 msec user, 150 msec system
; real time  74,646 msec (00:01:14.646)
; space allocation:
 3,665,211 cons cells,;  1,730 symbols, 5,945,448 other bytes
(((Q1-A ADTQ1-A) (Q1-F ADTQ1-F) (Q1-H ADTQ1-H) (Q1-G ADTQ1-G) (Q1-C ADTQ1-C)
  (Q1-B ADTQ1-B) (Q1-I ADTQ1-I) (Q1-D ADTQ1-D) (Q1-E ADTQ1-E)))
USER(30): USER(30): > Initializing a new case 
 
> Open file: Saving new generated situation. 
 
> Opening output file/stream for :  < ./New-Batch/ij4/ij4-950.99 > 
 File Closed (at 1). 

; cpu time (non-gc) 38,520 msec user, 130 msec system
; cpu time (gc)     1,570 msec user, 50 msec system
; cpu time (total)  40,090 msec user, 180 msec system
; real time  78,939 msec (00:01:18.939)
; space allocation:
 2,959,636 cons cells,;  1,728 symbols, 5,400,624 other bytes
(((Q1-A ADTQ1-A) (Q1-F ADTQ1-F) (Q1-H ADTQ1-H) (Q1-G ADTQ1-G) (Q1-C ADTQ1-C)
  (Q1-B ADTQ1-B) (Q1-I ADTQ1-I) (Q1-D ADTQ1-D) (Q1-E ADTQ1-E)))
USER(31): USER(31): **** Noise 1000 ****
"**** Noise 1000 ****"
USER(32): 
NIL
USER(33): 
NIL
USER(34): > Reload situation from existing file.  < ADT-Situation/Sit-q-i1-dist1-default-1000 > 
> Opened existing situation file.  < #<CHARACTER-INPUT-FILE-STREAM
                                       #p"/fsys4/u/sgwoods/qcsp/ADT-Situation/Sit-q-i1-dist1-default-1000" pos 0> > 
> Opening output file/stream for :  < ./New-Batch/ij4/ij4-1000.1 > 
 File Closed (at 1). 

; cpu time (non-gc) 35,940 msec user, 130 msec system
; cpu time (gc)     620 msec user, 20 msec system
; cpu time (total)  36,560 msec user, 150 msec system
; real time  79,427 msec (00:01:19.427)
; space allocation:
 1,491,285 cons cells,;  1,148 symbols, 2,936,088 other bytes
(((Q1-A ADTQ1-A) (Q1-F ADTQ1-F) (Q1-H ADTQ1-H) (Q1-G ADTQ1-G) (Q1-C ADTQ1-C)
  (Q1-B ADTQ1-B) (Q1-I ADTQ1-I) (Q1-D ADTQ1-D) (Q1-E ADTQ1-E)))
USER(35): USER(35): > Initializing a new case 
 
> Open file: Saving new generated situation. 
 
> Opening output file/stream for :  < ./New-Batch/ij4/ij4-1000.2 > 
 File Closed (at 1). 

; cpu time (non-gc) 40,200 msec user, 120 msec system
; cpu time (gc)     2,540 msec user, 10 msec system
; cpu time (total)  42,740 msec user, 130 msec system
; real time  126,291 msec (00:02:06.291)
; space allocation:
 3,480,858 cons cells,;  1,835 symbols, 6,079,728 other bytes
(((Q1-A ADTQ1-A) (Q1-F ADTQ1-F) (Q1-H ADTQ1-H) (Q1-G ADTQ1-G) (Q1-C ADTQ1-C)
  (Q1-D ADTQ1-D) (Q1-B ADTQ1-B) (Q1-E ADTQ1-E) (Q1-I ADTQ1-I)))
USER(36): USER(36): > Initializing a new case 
 
> Open file: Saving new generated situation. 
 
> Opening output file/stream for :  < ./New-Batch/ij4/ij4-1000.3 > 
 File Closed (at 1). 

; cpu time (non-gc) 33,450 msec user, 120 msec system
; cpu time (gc)     2,700 msec user, 20 msec system
; cpu time (total)  36,150 msec user, 140 msec system
; real time  96,132 msec (00:01:36.132)
; space allocation:
 2,718,861 cons cells,;  1,756 symbols, 4,833,024 other bytes
(((Q1-A ADTQ1-A) (Q1-F ADTQ1-F) (Q1-H ADTQ1-H) (Q1-G ADTQ1-G) (Q1-C ADTQ1-C)
  (Q1-B ADTQ1-B) (Q1-I ADTQ1-I) (Q1-D ADTQ1-D) (Q1-E ADTQ1-E)))
USER(37): USER(37): > Initializing a new case 
 
> Open file: Saving new generated situation. 
 
> Opening output file/stream for :  < ./New-Batch/ij4/ij4-1000.4 > 
 File Closed (at 1). 

; cpu time (non-gc) 32,450 msec user, 70 msec system
; cpu time (gc)     2,690 msec user, 0 msec system
; cpu time (total)  35,140 msec user, 70 msec system
; real time  134,511 msec (00:02:14.511)
; space allocation:
 2,801,160 cons cells,;  1,772 symbols, 4,651,472 other bytes
(((Q1-A ADTQ1-A) (Q1-F ADTQ1-F) (Q1-H ADTQ1-H) (Q1-G ADTQ1-G) (Q1-C ADTQ1-C)
  (Q1-B ADTQ1-B) (Q1-I ADTQ1-I) (Q1-D ADTQ1-D) (Q1-E ADTQ1-E)))
USER(38): USER(38): > Initializing a new case 
 
> Open file: Saving new generated situation. 
 
> Opening output file/stream for :  < ./New-Batch/ij4/ij4-1000.5 > 
 File Closed (at 1). 

; cpu time (non-gc) 41,960 msec user, 80 msec system
; cpu time (gc)     2,890 msec user, 0 msec system
; cpu time (total)  44,850 msec user, 80 msec system
; real time  217,719 msec (00:03:37.719)
; space allocation:
 3,986,045 cons cells,;  1,842 symbols, 6,101,576 other bytes
(((Q1-A ADTQ1-A) (Q1-F ADTQ1-F) (Q1-H ADTQ1-H) (Q1-G ADTQ1-G) (Q1-C ADTQ1-C)
  (Q1-B ADTQ1-B) (Q1-I ADTQ1-I) (Q1-D ADTQ1-D) (Q1-E ADTQ1-E)))
USER(39): USER(39): > Initializing a new case 
 
> Open file: Saving new generated situation. 
 
> Opening output file/stream for :  < ./New-Batch/ij4/ij4-1000.6 > 
 File Closed (at 1). 

; cpu time (non-gc) 40,560 msec user, 190 msec system
; cpu time (gc)     2,880 msec user, 30 msec system
; cpu time (total)  43,440 msec user, 220 msec system
; real time  167,408 msec (00:02:47.408)
; space allocation:
 3,480,842 cons cells,;  1,835 symbols, 6,133,480 other bytes
(((Q1-A ADTQ1-A) (Q1-F ADTQ1-F) (Q1-H ADTQ1-H) (Q1-G ADTQ1-G) (Q1-C ADTQ1-C)
  (Q1-D ADTQ1-D) (Q1-B ADTQ1-B) (Q1-E ADTQ1-E) (Q1-I ADTQ1-I)))
USER(40): USER(40): > Initializing a new case 
 
> Open file: Saving new generated situation. 
 
> Opening output file/stream for :  < ./New-Batch/ij4/ij4-1000.7 > 
 File Closed (at 1). 

; cpu time (non-gc) 32,560 msec user, 100 msec system
; cpu time (gc)     2,120 msec user, 10 msec system
; cpu time (total)  34,680 msec user, 110 msec system
; real time  173,539 msec (00:02:53.539)
; space allocation:
 2,651,311 cons cells,;  1,832 symbols, 4,454,736 other bytes
(((Q1-A ADTQ1-A) (Q1-F ADTQ1-F) (Q1-H ADTQ1-H) (Q1-G ADTQ1-G) (Q1-C ADTQ1-C)
  (Q1-B ADTQ1-B) (Q1-I ADTQ1-I) (Q1-D ADTQ1-D) (Q1-E ADTQ1-E)))
USER(41): USER(41): > Initializing a new case 
 
> Open file: Saving new generated situation. 
 
> Opening output file/stream for :  < ./New-Batch/ij4/ij4-1000.8 > 
 File Closed (at 1). 

; cpu time (non-gc) 40,160 msec user, 120 msec system
; cpu time (gc)     2,720 msec user, 10 msec system
; cpu time (total)  42,880 msec user, 130 msec system
; real time  212,815 msec (00:03:32.815)
; space allocation:
 3,182,231 cons cells,;  1,798 symbols, 6,050,120 other bytes
(((Q1-A ADTQ1-A) (Q1-F ADTQ1-F) (Q1-H ADTQ1-H) (Q1-G ADTQ1-G) (Q1-C ADTQ1-C)
  (Q1-B ADTQ1-B) (Q1-I ADTQ1-I) (Q1-D ADTQ1-D) (Q1-E ADTQ1-E)))
USER(42): USER(42): > Initializing a new case 
 
> Open file: Saving new generated situation. 
 
> Opening output file/stream for :  < ./New-Batch/ij4/ij4-1000.9 > 
 File Closed (at 1). 

; cpu time (non-gc) 44,640 msec user, 180 msec system
; cpu time (gc)     2,250 msec user, 40 msec system
; cpu time (total)  46,890 msec user, 220 msec system
; real time  194,412 msec (00:03:14.412)
; space allocation:
 4,086,865 cons cells,;  1,810 symbols, 6,431,080 other bytes
(((Q1-A ADTQ1-A) (Q1-F ADTQ1-F) (Q1-H ADTQ1-H) (Q1-G ADTQ1-G) (Q1-C ADTQ1-C)
  (Q1-D ADTQ1-D) (Q1-B ADTQ1-B) (Q1-E ADTQ1-E) (Q1-I ADTQ1-I)))
USER(43): USER(43): > Initializing a new case 
 
> Open file: Saving new generated situation. 
 
> Opening output file/stream for :  < ./New-Batch/ij4/ij4-1000.99 > 
 File Closed (at 1). 

; cpu time (non-gc) 37,870 msec user, 180 msec system
; cpu time (gc)     2,200 msec user, 40 msec system
; cpu time (total)  40,070 msec user, 220 msec system
; real time  202,369 msec (00:03:22.369)
; space allocation:
 3,293,565 cons cells,;  1,820 symbols, 5,815,296 other bytes
(((Q1-A ADTQ1-A) (Q1-F ADTQ1-F) (Q1-H ADTQ1-H) (Q1-G ADTQ1-G) (Q1-C ADTQ1-C)
  (Q1-B ADTQ1-B) (Q1-I ADTQ1-I) (Q1-D ADTQ1-D) (Q1-E ADTQ1-E)))
USER(44): USER(44): ; Exiting Lisp
