Allegro CL 4.2 [SPARC; R1] (2/1/95 11:34)
Copyright (C) 1985-1993, Franz Inc., Berkeley, CA, USA.  All Rights Reserved.
;   Loading /fsys4/u/sgwoods/qcsp/load.lisp.
;     Fast loading /fsys4/u/sgwoods/qcsp/bm.fasl.
;     Fast loading /fsys4/u/sgwoods/qcsp/bt.fasl.
;     Fast loading /fsys4/u/sgwoods/qcsp/ct.fasl.
;     Fast loading /fsys4/u/sgwoods/qcsp/gsat.fasl.
;     Fast loading /fsys4/u/sgwoods/qcsp/utility.fasl.
;     Loading /fsys4/u/sgwoods/qcsp/compile.lisp.
;     Fast loading /fsys4/u/sgwoods/qcsp/quilici-search.fasl.
;     Fast loading /fsys4/u/sgwoods/qcsp/adt-simple.fasl.
;     Fast loading /fsys4/u/sgwoods/qcsp/adt-setup.fasl.
;     Fast loading /fsys4/u/sgwoods/qcsp/memory-csp.fasl.
;; Optimization settings: safety 1, space 1, speed 1, debug 2
;; For a complete description of all compiler switches given the current
;; optimization settings evaluate (EXPLAIN-COMPILER-SETTINGS).
USER(1): USER(1): USER(1): Journal Testing (FCDR adv sort)
"Journal Testing (FCDR adv sort)"
USER(2): 
NIL
USER(3): 
NIL
USER(4): ; Loading /fsys4/u/sgwoods/qcsp/load.lisp.
;   Fast loading /fsys4/u/sgwoods/qcsp/bm.fasl.
;   Fast loading /fsys4/u/sgwoods/qcsp/bt.fasl.
;   Fast loading /fsys4/u/sgwoods/qcsp/ct.fasl.
;   Fast loading /fsys4/u/sgwoods/qcsp/gsat.fasl.
;   Fast loading /fsys4/u/sgwoods/qcsp/utility.fasl.
;   Loading /fsys4/u/sgwoods/qcsp/compile.lisp.
;   Fast loading /fsys4/u/sgwoods/qcsp/quilici-search.fasl.
;   Fast loading /fsys4/u/sgwoods/qcsp/adt-simple.fasl.
;   Fast loading /fsys4/u/sgwoods/qcsp/adt-setup.fasl.
;   Fast loading /fsys4/u/sgwoods/qcsp/memory-csp.fasl.
T
USER(5): USER(5): **** Noise 700 ****
"**** Noise 700 ****"
USER(6): 
NIL
USER(7): 
NIL
USER(8): > Reload situation from existing file.  < ADT-Situation/Sit-q-i1-dist1-default-700 > 
> Opened existing situation file.  < #<CHARACTER-INPUT-FILE-STREAM
                                       #p"/fsys4/u/sgwoods/qcsp/ADT-Situation/Sit-q-i1-dist1-default-700" pos 0> > 
> Opening output file/stream for :  < ./New-Batch/ij5/ij5-700.1 > 
 File Closed (at 1). 

; cpu time (non-gc) 73,460 msec (00:01:13.460) user, 180 msec system
; cpu time (gc)     770 msec user, 110 msec system
; cpu time (total)  74,230 msec (00:01:14.230) user, 290 msec system
; real time  207,180 msec (00:03:27.180)
; space allocation:
 580,638 cons cells,;  1,306 symbols, 19,206,272 other bytes
(((Q1-C ADTQ1-C) (Q1-F ADTQ1-F) (Q1-B ADTQ1-B) (Q1-A ADTQ1-A) (Q1-I ADTQ1-I)
  (Q1-E ADTQ1-E) (Q1-G ADTQ1-G) (Q1-D ADTQ1-D) (Q1-H ADTQ1-H)))
USER(9): USER(9): > Initializing a new case 
 
> Open file: Saving new generated situation. 
 
> Opening output file/stream for :  < ./New-Batch/ij5/ij5-700.2 > 
 File Closed (at 1). 

; cpu time (non-gc) 39,840 msec user, 130 msec system
; cpu time (gc)     770 msec user, 30 msec system
; cpu time (total)  40,610 msec user, 160 msec system
; real time  113,426 msec (00:01:53.426)
; space allocation:
 1,359,434 cons cells,;  1,267 symbols, 9,942,472 other bytes
(((Q1-C ADTQ1-C) (Q1-F ADTQ1-F) (Q1-B ADTQ1-B) (Q1-A ADTQ1-A) (Q1-I ADTQ1-I)
  (Q1-E ADTQ1-E) (Q1-G ADTQ1-G) (Q1-D ADTQ1-D) (Q1-H ADTQ1-H)))
USER(10): USER(10): > Initializing a new case 
 
> Open file: Saving new generated situation. 
 
> Opening output file/stream for :  < ./New-Batch/ij5/ij5-700.3 > 
 File Closed (at 1). 

; cpu time (non-gc) 31,210 msec user, 50 msec system
; cpu time (gc)     770 msec user, 0 msec system
; cpu time (total)  31,980 msec user, 50 msec system
; real time  90,637 msec (00:01:30.637)
; space allocation:
 1,332,212 cons cells,;  1,225 symbols, 7,907,208 other bytes
(((Q1-C ADTQ1-C) (Q1-F ADTQ1-F) (Q1-B ADTQ1-B) (Q1-A ADTQ1-A) (Q1-I ADTQ1-I)
  (Q1-E ADTQ1-E) (Q1-G ADTQ1-G) (Q1-D ADTQ1-D) (Q1-H ADTQ1-H)))
USER(11): USER(11): > Initializing a new case 
 
> Open file: Saving new generated situation. 
 
> Opening output file/stream for :  < ./New-Batch/ij5/ij5-700.4 > 
 File Closed (at 1). 

; cpu time (non-gc) 57,880 msec user, 100 msec system
; cpu time (gc)     820 msec user, 0 msec system
; cpu time (total)  58,700 msec user, 100 msec system
; real time  106,280 msec (00:01:46.280)
; space allocation:
 1,533,968 cons cells,;  1,237 symbols, 16,895,336 other bytes
(((Q1-C ADTQ1-C) (Q1-F ADTQ1-F) (Q1-B ADTQ1-B) (Q1-A ADTQ1-A) (Q1-I ADTQ1-I)
  (Q1-E ADTQ1-E) (Q1-G ADTQ1-G) (Q1-D ADTQ1-D) (Q1-H ADTQ1-H)))
USER(12): USER(12): > Initializing a new case 
 
> Open file: Saving new generated situation. 
 
> Opening output file/stream for :  < ./New-Batch/ij5/ij5-700.5 > 
 File Closed (at 1). 

; cpu time (non-gc) 60,780 msec (00:01:00.780) user, 130 msec system
; cpu time (gc)     980 msec user, 10 msec system
; cpu time (total)  61,760 msec (00:01:01.760) user, 140 msec system
; real time  262,328 msec (00:04:22.328)
; space allocation:
 1,546,701 cons cells,;  1,279 symbols, 16,590,312 other bytes
(((Q1-C ADTQ1-C) (Q1-F ADTQ1-F) (Q1-B ADTQ1-B) (Q1-A ADTQ1-A) (Q1-I ADTQ1-I)
  (Q1-E ADTQ1-E) (Q1-G ADTQ1-G) (Q1-D ADTQ1-D) (Q1-H ADTQ1-H)))
USER(13): USER(13): > Initializing a new case 
 
> Open file: Saving new generated situation. 
 
> Opening output file/stream for :  < ./New-Batch/ij5/ij5-700.6 > 
 File Closed (at 1). 

; cpu time (non-gc) 40,290 msec user, 70 msec system
; cpu time (gc)     870 msec user, 0 msec system
; cpu time (total)  41,160 msec user, 70 msec system
; real time  119,224 msec (00:01:59.224)
; space allocation:
 1,357,098 cons cells,;  1,267 symbols, 9,879,720 other bytes
(((Q1-C ADTQ1-C) (Q1-F ADTQ1-F) (Q1-B ADTQ1-B) (Q1-A ADTQ1-A) (Q1-I ADTQ1-I)
  (Q1-E ADTQ1-E) (Q1-G ADTQ1-G) (Q1-D ADTQ1-D) (Q1-H ADTQ1-H)))
USER(14): USER(14): > Initializing a new case 
 
> Open file: Saving new generated situation. 
 
> Opening output file/stream for :  < ./New-Batch/ij5/ij5-700.7 > 
 File Closed (at 1). 

; cpu time (non-gc) 35,860 msec user, 50 msec system
; cpu time (gc)     990 msec user, 10 msec system
; cpu time (total)  36,850 msec user, 60 msec system
; real time  166,792 msec (00:02:46.792)
; space allocation:
 1,317,967 cons cells,;  1,278 symbols, 9,762,480 other bytes
(((Q1-C ADTQ1-C) (Q1-F ADTQ1-F) (Q1-B ADTQ1-B) (Q1-A ADTQ1-A) (Q1-I ADTQ1-I)
  (Q1-E ADTQ1-E) (Q1-G ADTQ1-G) (Q1-D ADTQ1-D) (Q1-H ADTQ1-H)))
USER(15): USER(15): > Initializing a new case 
 
> Open file: Saving new generated situation. 
 
> Opening output file/stream for :  < ./New-Batch/ij5/ij5-700.8 > 
 File Closed (at 1). 

; cpu time (non-gc) 42,420 msec user, 130 msec system
; cpu time (gc)     1,050 msec user, 20 msec system
; cpu time (total)  43,470 msec user, 150 msec system
; real time  200,348 msec (00:03:20.348)
; space allocation:
 1,370,616 cons cells,;  1,251 symbols, 11,860,600 other bytes
(((Q1-C ADTQ1-C) (Q1-F ADTQ1-F) (Q1-B ADTQ1-B) (Q1-A ADTQ1-A) (Q1-I ADTQ1-I)
  (Q1-E ADTQ1-E) (Q1-G ADTQ1-G) (Q1-D ADTQ1-D) (Q1-H ADTQ1-H)))
USER(16): USER(16): > Initializing a new case 
 
> Open file: Saving new generated situation. 
 
> Opening output file/stream for :  < ./New-Batch/ij5/ij5-700.9 > 
 File Closed (at 1). 

; cpu time (non-gc) 45,910 msec user, 120 msec system
; cpu time (gc)     1,040 msec user, 20 msec system
; cpu time (total)  46,950 msec user, 140 msec system
; real time  85,712 msec (00:01:25.712)
; space allocation:
 1,531,497 cons cells,;  1,286 symbols, 13,099,760 other bytes
(((Q1-C ADTQ1-C) (Q1-F ADTQ1-F) (Q1-B ADTQ1-B) (Q1-A ADTQ1-A) (Q1-I ADTQ1-I)
  (Q1-E ADTQ1-E) (Q1-G ADTQ1-G) (Q1-D ADTQ1-D) (Q1-H ADTQ1-H)))
USER(17): USER(17): > Initializing a new case 
 
> Open file: Saving new generated situation. 
 
> Opening output file/stream for :  < ./New-Batch/ij5/ij5-700.99 > 
 File Closed (at 1). 

; cpu time (non-gc) 47,120 msec user, 50 msec system
; cpu time (gc)     1,020 msec user, 10 msec system
; cpu time (total)  48,140 msec user, 60 msec system
; real time  174,499 msec (00:02:54.499)
; space allocation:
 1,393,772 cons cells,;  1,282 symbols, 13,268,232 other bytes
(((Q1-C ADTQ1-C) (Q1-F ADTQ1-F) (Q1-B ADTQ1-B) (Q1-A ADTQ1-A) (Q1-I ADTQ1-I)
  (Q1-E ADTQ1-E) (Q1-G ADTQ1-G) (Q1-D ADTQ1-D) (Q1-H ADTQ1-H)))
USER(18): USER(18): **** Noise 750 ****
"**** Noise 750 ****"
USER(19): 
NIL
USER(20): 
NIL
USER(21): > Initializing a new case 
 
> Open file: Saving new generated situation. 
 
> Opening output file/stream for :  < ./New-Batch/ij5/ij5-750.1 > 
 File Closed (at 1). 

; cpu time (non-gc) 93,340 msec (00:01:33.340) user, 140 msec system
; cpu time (gc)     1,300 msec user, 20 msec system
; cpu time (total)  94,640 msec (00:01:34.640) user, 160 msec system
; real time  200,206 msec (00:03:20.206)
; space allocation:
 1,854,409 cons cells,;  1,407 symbols, 24,485,040 other bytes
(((Q1-C ADTQ1-C) (Q1-F ADTQ1-F) (Q1-B ADTQ1-B) (Q1-A ADTQ1-A) (Q1-I ADTQ1-I)
  (Q1-E ADTQ1-E) (Q1-G ADTQ1-G) (Q1-D ADTQ1-D) (Q1-H ADTQ1-H)))
USER(22): USER(22): > Initializing a new case 
 
> Open file: Saving new generated situation. 
 
> Opening output file/stream for :  < ./New-Batch/ij5/ij5-750.2 > 
 File Closed (at 1). 

; cpu time (non-gc) 44,120 msec user, 190 msec system
; cpu time (gc)     1,010 msec user, 10 msec system
; cpu time (total)  45,130 msec user, 200 msec system
; real time  126,989 msec (00:02:06.989)
; space allocation:
 1,487,888 cons cells,;  1,368 symbols, 10,869,048 other bytes
(((Q1-C ADTQ1-C) (Q1-F ADTQ1-F) (Q1-B ADTQ1-B) (Q1-A ADTQ1-A) (Q1-I ADTQ1-I)
  (Q1-E ADTQ1-E) (Q1-G ADTQ1-G) (Q1-D ADTQ1-D) (Q1-H ADTQ1-H)))
USER(23): USER(23): > Initializing a new case 
 
> Open file: Saving new generated situation. 
 
> Opening output file/stream for :  < ./New-Batch/ij5/ij5-750.3 > 
 File Closed (at 1). 

; cpu time (non-gc) 36,380 msec user, 90 msec system
; cpu time (gc)     1,180 msec user, 20 msec system
; cpu time (total)  37,560 msec user, 110 msec system
; real time  142,330 msec (00:02:22.330)
; space allocation:
 1,447,208 cons cells,;  1,332 symbols, 8,933,640 other bytes
(((Q1-C ADTQ1-C) (Q1-F ADTQ1-F) (Q1-B ADTQ1-B) (Q1-A ADTQ1-A) (Q1-I ADTQ1-I)
  (Q1-E ADTQ1-E) (Q1-G ADTQ1-G) (Q1-D ADTQ1-D) (Q1-H ADTQ1-H)))
USER(24): USER(24): > Initializing a new case 
 
> Open file: Saving new generated situation. 
 
> Opening output file/stream for :  < ./New-Batch/ij5/ij5-750.4 > 
 File Closed (at 1). 

; cpu time (non-gc) 69,790 msec (00:01:09.790) user, 90 msec system
; cpu time (gc)     1,240 msec user, 10 msec system
; cpu time (total)  71,030 msec (00:01:11.030) user, 100 msec system
; real time  252,400 msec (00:04:12.400)
; space allocation:
 1,710,260 cons cells,;  1,330 symbols, 19,472,280 other bytes
(((Q1-C ADTQ1-C) (Q1-F ADTQ1-F) (Q1-B ADTQ1-B) (Q1-A ADTQ1-A) (Q1-I ADTQ1-I)
  (Q1-E ADTQ1-E) (Q1-G ADTQ1-G) (Q1-D ADTQ1-D) (Q1-H ADTQ1-H)))
USER(25): USER(25): > Initializing a new case 
 
> Open file: Saving new generated situation. 
 
> Opening output file/stream for :  < ./New-Batch/ij5/ij5-750.5 > 
 File Closed (at 1). 

; cpu time (non-gc) 74,860 msec (00:01:14.860) user, 110 msec system
; cpu time (gc)     1,530 msec user, 20 msec system
; cpu time (total)  76,390 msec (00:01:16.390) user, 130 msec system
; real time  171,260 msec (00:02:51.260)
; space allocation:
 1,724,665 cons cells,;  1,381 symbols, 19,217,640 other bytes
(((Q1-C ADTQ1-C) (Q1-F ADTQ1-F) (Q1-B ADTQ1-B) (Q1-A ADTQ1-A) (Q1-I ADTQ1-I)
  (Q1-E ADTQ1-E) (Q1-G ADTQ1-G) (Q1-D ADTQ1-D) (Q1-H ADTQ1-H)))
USER(26): USER(26): > Initializing a new case 
 
> Open file: Saving new generated situation. 
 
> Opening output file/stream for :  < ./New-Batch/ij5/ij5-750.6 > 
 File Closed (at 1). 

; cpu time (non-gc) 46,480 msec user, 150 msec system
; cpu time (gc)     1,250 msec user, 40 msec system
; cpu time (total)  47,730 msec user, 190 msec system
; real time  87,239 msec (00:01:27.239)
; space allocation:
 1,487,873 cons cells,;  1,368 symbols, 11,022,992 other bytes
(((Q1-C ADTQ1-C) (Q1-F ADTQ1-F) (Q1-B ADTQ1-B) (Q1-A ADTQ1-A) (Q1-I ADTQ1-I)
  (Q1-E ADTQ1-E) (Q1-G ADTQ1-G) (Q1-D ADTQ1-D) (Q1-H ADTQ1-H)))
USER(27): USER(27): > Initializing a new case 
 
> Open file: Saving new generated situation. 
 
> Opening output file/stream for :  < ./New-Batch/ij5/ij5-750.7 > 
 File Closed (at 1). 

; cpu time (non-gc) 42,000 msec user, 130 msec system
; cpu time (gc)     1,130 msec user, 0 msec system
; cpu time (total)  43,130 msec user, 130 msec system
; real time  100,262 msec (00:01:40.262)
; space allocation:
 1,435,070 cons cells,;  1,371 symbols, 10,646,744 other bytes
(((Q1-C ADTQ1-C) (Q1-F ADTQ1-F) (Q1-B ADTQ1-B) (Q1-A ADTQ1-A) (Q1-I ADTQ1-I)
  (Q1-E ADTQ1-E) (Q1-G ADTQ1-G) (Q1-D ADTQ1-D) (Q1-H ADTQ1-H)))
USER(28): USER(28): > Initializing a new case 
 
> Open file: Saving new generated situation. 
 
> Opening output file/stream for :  < ./New-Batch/ij5/ij5-750.8 > 
 File Closed (at 1). 

; cpu time (non-gc) 48,590 msec user, 140 msec system
; cpu time (gc)     1,210 msec user, 10 msec system
; cpu time (total)  49,800 msec user, 150 msec system
; real time  134,346 msec (00:02:14.346)
; space allocation:
 1,503,359 cons cells,;  1,349 symbols, 13,243,064 other bytes
(((Q1-C ADTQ1-C) (Q1-F ADTQ1-F) (Q1-B ADTQ1-B) (Q1-A ADTQ1-A) (Q1-I ADTQ1-I)
  (Q1-E ADTQ1-E) (Q1-G ADTQ1-G) (Q1-D ADTQ1-D) (Q1-H ADTQ1-H)))
USER(29): USER(29): > Initializing a new case 
 
> Open file: Saving new generated situation. 
 
> Opening output file/stream for :  < ./New-Batch/ij5/ij5-750.9 > 
 File Closed (at 1). 

; cpu time (non-gc) 56,540 msec user, 100 msec system
; cpu time (gc)     7,960 msec user, 2,000 msec system
; cpu time (total)  64,500 msec (00:01:04.500) user, 2,100 msec system
; real time  210,792 msec (00:03:30.792)
; space allocation:
 1,670,371 cons cells,;  1,367 symbols, 14,547,512 other bytes
(((Q1-C ADTQ1-C) (Q1-F ADTQ1-F) (Q1-B ADTQ1-B) (Q1-A ADTQ1-A) (Q1-I ADTQ1-I)
  (Q1-E ADTQ1-E) (Q1-G ADTQ1-G) (Q1-D ADTQ1-D) (Q1-H ADTQ1-H)))
USER(30): USER(30): > Initializing a new case 
 
> Open file: Saving new generated situation. 
 
> Opening output file/stream for :  < ./New-Batch/ij5/ij5-750.99 > 
 File Closed (at 1). 

; cpu time (non-gc) 57,790 msec user, 70 msec system
; cpu time (gc)     1,150 msec user, 10 msec system
; cpu time (total)  58,940 msec user, 80 msec system
; real time  168,599 msec (00:02:48.599)
; space allocation:
 1,542,439 cons cells,;  1,390 symbols, 15,294,440 other bytes
(((Q1-C ADTQ1-C) (Q1-F ADTQ1-F) (Q1-B ADTQ1-B) (Q1-A ADTQ1-A) (Q1-I ADTQ1-I)
  (Q1-E ADTQ1-E) (Q1-G ADTQ1-G) (Q1-D ADTQ1-D) (Q1-H ADTQ1-H)))
USER(31): USER(31): **** Noise 800 ****
"**** Noise 800 ****"
USER(32): 
NIL
USER(33): 
NIL
USER(34): > Initializing a new case 
 
> Open file: Saving new generated situation. 
 
> Opening output file/stream for :  < ./New-Batch/ij5/ij5-800.1 > 
 File Closed (at 1). 

; cpu time (non-gc) 129,940 msec (00:02:09.940) user, 120 msec system
; cpu time (gc)     1,470 msec user, 30 msec system
; cpu time (total)  131,410 msec (00:02:11.410) user, 150 msec system
; real time  301,758 msec (00:05:01.758)
; space allocation:
 2,118,717 cons cells,;  1,510 symbols, 30,390,992 other bytes
(((Q1-C ADTQ1-C) (Q1-F ADTQ1-F) (Q1-B ADTQ1-B) (Q1-A ADTQ1-A) (Q1-I ADTQ1-I)
  (Q1-E ADTQ1-E) (Q1-G ADTQ1-G) (Q1-D ADTQ1-D) (Q1-H ADTQ1-H)))
USER(35): USER(35): > Reload situation from existing file.  < ADT-Situation/Sit-q-i1-dist1-1783960706-800 > 
> Opened existing situation file.  < #<CHARACTER-INPUT-FILE-STREAM
                                       #p"/fsys4/u/sgwoods/qcsp/ADT-Situation/Sit-q-i1-dist1-1783960706-800" pos 0> > 
> Opening output file/stream for :  < ./New-Batch/ij5/ij5-800.2 > 
 File Closed (at 1). 

; cpu time (non-gc) 71,410 msec (00:01:11.410) user, 60 msec system
; cpu time (gc)     630 msec user, 30 msec system
; cpu time (total)  72,040 msec (00:01:12.040) user, 90 msec system
; real time  131,733 msec (00:02:11.733)
; space allocation:
 464,966 cons cells,;  1,453 symbols, 14,347,432 other bytes
(((Q1-C ADTQ1-C) (Q1-F ADTQ1-F) (Q1-B ADTQ1-B) (Q1-A ADTQ1-A) (Q1-I ADTQ1-I)
  (Q1-E ADTQ1-E) (Q1-G ADTQ1-G) (Q1-D ADTQ1-D) (Q1-H ADTQ1-H)))
USER(36): USER(36): > Reload situation from existing file.  < ADT-Situation/Sit-q-i1-dist1-6148712495-800 > 
> Opened existing situation file.  < #<CHARACTER-INPUT-FILE-STREAM
                                       #p"/fsys4/u/sgwoods/qcsp/ADT-Situation/Sit-q-i1-dist1-6148712495-800" pos 0> > 
> Opening output file/stream for :  < ./New-Batch/ij5/ij5-800.3 > 
 File Closed (at 1). 

; cpu time (non-gc) 38,010 msec user, 70 msec system
; cpu time (gc)     670 msec user, 10 msec system
; cpu time (total)  38,680 msec user, 80 msec system
; real time  89,835 msec (00:01:29.835)
; space allocation:
 277,263 cons cells,;  1,417 symbols, 7,577,888 other bytes
(((Q1-C ADTQ1-C) (Q1-F ADTQ1-F) (Q1-B ADTQ1-B) (Q1-A ADTQ1-A) (Q1-I ADTQ1-I)
  (Q1-E ADTQ1-E) (Q1-G ADTQ1-G) (Q1-D ADTQ1-D) (Q1-H ADTQ1-H)))
USER(37): USER(37): > Reload situation from existing file.  < ADT-Situation/Sit-q-i1-dist1-8261581571-800 > 
> Opened existing situation file.  < #<CHARACTER-INPUT-FILE-STREAM
                                       #p"/fsys4/u/sgwoods/qcsp/ADT-Situation/Sit-q-i1-dist1-8261581571-800" pos 0> > 
> Opening output file/stream for :  < ./New-Batch/ij5/ij5-800.4 > 
 File Closed (at 1). 

; cpu time (non-gc) 76,660 msec (00:01:16.660) user, 100 msec system
; cpu time (gc)     770 msec user, 0 msec system
; cpu time (total)  77,430 msec (00:01:17.430) user, 100 msec system
; real time  227,395 msec (00:03:47.395)
; space allocation:
 559,192 cons cells,;  1,410 symbols, 18,724,680 other bytes
(((Q1-C ADTQ1-C) (Q1-F ADTQ1-F) (Q1-B ADTQ1-B) (Q1-A ADTQ1-A) (Q1-I ADTQ1-I)
  (Q1-E ADTQ1-E) (Q1-G ADTQ1-G) (Q1-D ADTQ1-D) (Q1-H ADTQ1-H)))
USER(38): USER(38): > Reload situation from existing file.  < ADT-Situation/Sit-q-i1-dist1-4705297406-800 > 
> Opened existing situation file.  < #<CHARACTER-INPUT-FILE-STREAM
                                       #p"/fsys4/u/sgwoods/qcsp/ADT-Situation/Sit-q-i1-dist1-4705297406-800" pos 0> > 
> Opening output file/stream for :  < ./New-Batch/ij5/ij5-800.5 > 
 File Closed (at 1). 

; cpu time (non-gc) 85,680 msec (00:01:25.680) user, 100 msec system
; cpu time (gc)     670 msec user, 0 msec system
; cpu time (total)  86,350 msec (00:01:26.350) user, 100 msec system
; real time  196,329 msec (00:03:16.329)
; space allocation:
 565,097 cons cells,;  1,467 symbols, 18,785,520 other bytes
(((Q1-C ADTQ1-C) (Q1-F ADTQ1-F) (Q1-B ADTQ1-B) (Q1-A ADTQ1-A) (Q1-I ADTQ1-I)
  (Q1-E ADTQ1-E) (Q1-G ADTQ1-G) (Q1-D ADTQ1-D) (Q1-H ADTQ1-H)))
USER(39): USER(39): > Reload situation from existing file.  < ADT-Situation/Sit-q-i1-dist1-6724813580-800 > 
> Opened existing situation file.  < #<CHARACTER-INPUT-FILE-STREAM
                                       #p"/fsys4/u/sgwoods/qcsp/ADT-Situation/Sit-q-i1-dist1-6724813580-800" pos 0> > 
> Opening output file/stream for :  < ./New-Batch/ij5/ij5-800.6 > 
 File Closed (at 1). 

; cpu time (non-gc) 69,600 msec (00:01:09.600) user, 60 msec system
; cpu time (gc)     640 msec user, 0 msec system
; cpu time (total)  70,240 msec (00:01:10.240) user, 60 msec system
; real time  130,607 msec (00:02:10.607)
; space allocation:
 464,770 cons cells,;  1,453 symbols, 14,349,840 other bytes
(((Q1-C ADTQ1-C) (Q1-F ADTQ1-F) (Q1-B ADTQ1-B) (Q1-A ADTQ1-A) (Q1-I ADTQ1-I)
  (Q1-E ADTQ1-E) (Q1-G ADTQ1-G) (Q1-D ADTQ1-D) (Q1-H ADTQ1-H)))
USER(40): USER(40): > Reload situation from existing file.  < ADT-Situation/Sit-q-i1-dist1-8798969000-800 > 
> Opened existing situation file.  < #<CHARACTER-INPUT-FILE-STREAM
                                       #p"/fsys4/u/sgwoods/qcsp/ADT-Situation/Sit-q-i1-dist1-8798969000-800" pos 0> > 
> Opening output file/stream for :  < ./New-Batch/ij5/ij5-800.7 > 
 File Closed (at 1). 

; cpu time (non-gc) 45,840 msec user, 40 msec system
; cpu time (gc)     970 msec user, 20 msec system
; cpu time (total)  46,810 msec user, 60 msec system
; real time  98,172 msec (00:01:38.172)
; space allocation:
 331,206 cons cells,;  1,458 symbols, 9,771,744 other bytes
(((Q1-C ADTQ1-C) (Q1-F ADTQ1-F) (Q1-B ADTQ1-B) (Q1-A ADTQ1-A) (Q1-I ADTQ1-I)
  (Q1-E ADTQ1-E) (Q1-G ADTQ1-G) (Q1-D ADTQ1-D) (Q1-H ADTQ1-H)))
USER(41): USER(41): > Reload situation from existing file.  < ADT-Situation/Sit-q-i1-dist1-0805098560-800 > 
> Opened existing situation file.  < #<CHARACTER-INPUT-FILE-STREAM
                                       #p"/fsys4/u/sgwoods/qcsp/ADT-Situation/Sit-q-i1-dist1-0805098560-800" pos 0> > 
> Opening output file/stream for :  < ./New-Batch/ij5/ij5-800.8 > 
 File Closed (at 1). 

; cpu time (non-gc) 53,280 msec user, 90 msec system
; cpu time (gc)     850 msec user, 20 msec system
; cpu time (total)  54,130 msec user, 110 msec system
; real time  94,174 msec (00:01:34.174)
; space allocation:
 422,048 cons cells,;  1,439 symbols, 12,383,096 other bytes
(((Q1-C ADTQ1-C) (Q1-F ADTQ1-F) (Q1-B ADTQ1-B) (Q1-A ADTQ1-A) (Q1-I ADTQ1-I)
  (Q1-E ADTQ1-E) (Q1-G ADTQ1-G) (Q1-D ADTQ1-D) (Q1-H ADTQ1-H)))
USER(42): USER(42): > Reload situation from existing file.  < ADT-Situation/Sit-q-i1-dist1-4767135635-800 > 
> Opened existing situation file.  < #<CHARACTER-INPUT-FILE-STREAM
                                       #p"/fsys4/u/sgwoods/qcsp/ADT-Situation/Sit-q-i1-dist1-4767135635-800" pos 0> > 
> Opening output file/stream for :  < ./New-Batch/ij5/ij5-800.9 > 
 File Closed (at 1). 

; cpu time (non-gc) 58,970 msec user, 40 msec system
; cpu time (gc)     860 msec user, 20 msec system
; cpu time (total)  59,830 msec user, 60 msec system
; real time  110,977 msec (00:01:50.977)
; space allocation:
 421,688 cons cells,;  1,464 symbols, 13,491,424 other bytes
(((Q1-C ADTQ1-C) (Q1-F ADTQ1-F) (Q1-B ADTQ1-B) (Q1-A ADTQ1-A) (Q1-I ADTQ1-I)
  (Q1-E ADTQ1-E) (Q1-G ADTQ1-G) (Q1-D ADTQ1-D) (Q1-H ADTQ1-H)))
USER(43): USER(43): > Reload situation from existing file.  < ADT-Situation/Sit-q-i1-dist1-7685437293-800 > 
> Opened existing situation file.  < #<CHARACTER-INPUT-FILE-STREAM
                                       #p"/fsys4/u/sgwoods/qcsp/ADT-Situation/Sit-q-i1-dist1-7685437293-800" pos 0> > 
> Opening output file/stream for :  < ./New-Batch/ij5/ij5-800.99 > 
 File Closed (at 1). 

; cpu time (non-gc) 71,200 msec (00:01:11.200) user, 80 msec system
; cpu time (gc)     870 msec user, 20 msec system
; cpu time (total)  72,070 msec (00:01:12.070) user, 100 msec system
; real time  157,073 msec (00:02:37.073)
; space allocation:
 464,700 cons cells,;  1,476 symbols, 15,032,192 other bytes
(((Q1-C ADTQ1-C) (Q1-F ADTQ1-F) (Q1-B ADTQ1-B) (Q1-A ADTQ1-A) (Q1-I ADTQ1-I)
  (Q1-E ADTQ1-E) (Q1-G ADTQ1-G) (Q1-D ADTQ1-D) (Q1-H ADTQ1-H)))
USER(44): USER(44): **** Noise 850 ****
"**** Noise 850 ****"
USER(45): 
NIL
USER(46): 
NIL
USER(47): > Reload situation from existing file.  < ADT-Situation/Sit-q-i1-dist1-default-850 > 
> Opened existing situation file.  < #<CHARACTER-INPUT-FILE-STREAM
                                       #p"/fsys4/u/sgwoods/qcsp/ADT-Situation/Sit-q-i1-dist1-default-850" pos 0> > 
> Opening output file/stream for :  < ./New-Batch/ij5/ij5-850.1 > 
 File Closed (at 1). 

; cpu time (non-gc) 130,240 msec (00:02:10.240) user, 100 msec system
; cpu time (gc)     1,030 msec user, 60 msec system
; cpu time (total)  131,270 msec (00:02:11.270) user, 160 msec system
; real time  303,860 msec (00:05:03.860)
; space allocation:
 864,579 cons cells,;  1,608 symbols, 30,149,168 other bytes
(((Q1-C ADTQ1-C) (Q1-F ADTQ1-F) (Q1-B ADTQ1-B) (Q1-A ADTQ1-A) (Q1-I ADTQ1-I)
  (Q1-E ADTQ1-E) (Q1-G ADTQ1-G) (Q1-D ADTQ1-D) (Q1-H ADTQ1-H)))
USER(48): USER(48): > Reload situation from existing file.  < ADT-Situation/Sit-q-i1-dist1-1783960706-850 > 
> Opened existing situation file.  < #<CHARACTER-INPUT-FILE-STREAM
                                       #p"/fsys4/u/sgwoods/qcsp/ADT-Situation/Sit-q-i1-dist1-1783960706-850" pos 0> > 
> Opening output file/stream for :  < ./New-Batch/ij5/ij5-850.2 > 
 File Closed (at 1). 

; cpu time (non-gc) 83,640 msec (00:01:23.640) user, 100 msec system
; cpu time (gc)     1,280 msec user, 70 msec system
; cpu time (total)  84,920 msec (00:01:24.920) user, 170 msec system
; real time  202,654 msec (00:03:22.654)
; space allocation:
 567,784 cons cells,;  1,565 symbols, 18,088,648 other bytes
(((Q1-C ADTQ1-C) (Q1-F ADTQ1-F) (Q1-B ADTQ1-B) (Q1-A ADTQ1-A) (Q1-I ADTQ1-I)
  (Q1-E ADTQ1-E) (Q1-G ADTQ1-G) (Q1-D ADTQ1-D) (Q1-H ADTQ1-H)))
USER(49): USER(49): > Reload situation from existing file.  < ADT-Situation/Sit-q-i1-dist1-6148712495-850 > 
> Opened existing situation file.  < #<CHARACTER-INPUT-FILE-STREAM
                                       #p"/fsys4/u/sgwoods/qcsp/ADT-Situation/Sit-q-i1-dist1-6148712495-850" pos 0> > 
> Opening output file/stream for :  < ./New-Batch/ij5/ij5-850.3 > 
 File Closed (at 1). 

; cpu time (non-gc) 42,640 msec user, 110 msec system
; cpu time (gc)     660 msec user, 30 msec system
; cpu time (total)  43,300 msec user, 140 msec system
; real time  84,595 msec (00:01:24.595)
; space allocation:
 308,295 cons cells,;  1,498 symbols, 8,163,784 other bytes
(((Q1-C ADTQ1-C) (Q1-F ADTQ1-F) (Q1-B ADTQ1-B) (Q1-A ADTQ1-A) (Q1-I ADTQ1-I)
  (Q1-E ADTQ1-E) (Q1-G ADTQ1-G) (Q1-D ADTQ1-D) (Q1-H ADTQ1-H)))
USER(50): USER(50): > Reload situation from existing file.  < ADT-Situation/Sit-q-i1-dist1-8261581571-850 > 
> Opened existing situation file.  < #<CHARACTER-INPUT-FILE-STREAM
                                       #p"/fsys4/u/sgwoods/qcsp/ADT-Situation/Sit-q-i1-dist1-8261581571-850" pos 0> > 
> Opening output file/stream for :  < ./New-Batch/ij5/ij5-850.4 > 
 File Closed (at 1). 

; cpu time (non-gc) 90,500 msec (00:01:30.500) user, 70 msec system
; cpu time (gc)     880 msec user, 10 msec system
; cpu time (total)  91,380 msec (00:01:31.380) user, 80 msec system
; real time  254,739 msec (00:04:14.739)
; space allocation:
 632,858 cons cells,;  1,493 symbols, 21,401,984 other bytes
(((Q1-C ADTQ1-C) (Q1-F ADTQ1-F) (Q1-B ADTQ1-B) (Q1-A ADTQ1-A) (Q1-I ADTQ1-I)
  (Q1-E ADTQ1-E) (Q1-G ADTQ1-G) (Q1-D ADTQ1-D) (Q1-H ADTQ1-H)))
USER(51): USER(51): > Reload situation from existing file.  < ADT-Situation/Sit-q-i1-dist1-4705297406-850 > 
> Opened existing situation file.  < #<CHARACTER-INPUT-FILE-STREAM
                                       #p"/fsys4/u/sgwoods/qcsp/ADT-Situation/Sit-q-i1-dist1-4705297406-850" pos 0> > 
> Opening output file/stream for :  < ./New-Batch/ij5/ij5-850.5 > 
 File Closed (at 1). 

; cpu time (non-gc) 94,760 msec (00:01:34.760) user, 100 msec system
; cpu time (gc)     890 msec user, 90 msec system
; cpu time (total)  95,650 msec (00:01:35.650) user, 190 msec system
; real time  190,145 msec (00:03:10.145)
; space allocation:
 597,463 cons cells,;  1,578 symbols, 19,892,224 other bytes
(((Q1-C ADTQ1-C) (Q1-F ADTQ1-F) (Q1-B ADTQ1-B) (Q1-A ADTQ1-A) (Q1-I ADTQ1-I)
  (Q1-E ADTQ1-E) (Q1-G ADTQ1-G) (Q1-D ADTQ1-D) (Q1-H ADTQ1-H)))
USER(52): USER(52): > Reload situation from existing file.  < ADT-Situation/Sit-q-i1-dist1-6724813580-850 > 
> Opened existing situation file.  < #<CHARACTER-INPUT-FILE-STREAM
                                       #p"/fsys4/u/sgwoods/qcsp/ADT-Situation/Sit-q-i1-dist1-6724813580-850" pos 0> > 
> Opening output file/stream for :  < ./New-Batch/ij5/ij5-850.6 > 
 File Closed (at 1). 

; cpu time (non-gc) 84,280 msec (00:01:24.280) user, 70 msec system
; cpu time (gc)     870 msec user, 30 msec system
; cpu time (total)  85,150 msec (00:01:25.150) user, 100 msec system
; real time  198,779 msec (00:03:18.779)
; space allocation:
 566,877 cons cells,;  1,565 symbols, 17,774,112 other bytes
(((Q1-C ADTQ1-C) (Q1-F ADTQ1-F) (Q1-B ADTQ1-B) (Q1-A ADTQ1-A) (Q1-I ADTQ1-I)
  (Q1-E ADTQ1-E) (Q1-G ADTQ1-G) (Q1-D ADTQ1-D) (Q1-H ADTQ1-H)))
USER(53): USER(53): > Reload situation from existing file.  < ADT-Situation/Sit-q-i1-dist1-8798969000-850 > 
> Opened existing situation file.  < #<CHARACTER-INPUT-FILE-STREAM
                                       #p"/fsys4/u/sgwoods/qcsp/ADT-Situation/Sit-q-i1-dist1-8798969000-850" pos 0> > 
> Opening output file/stream for :  < ./New-Batch/ij5/ij5-850.7 > 
 File Closed (at 1). 

; cpu time (non-gc) 49,710 msec user, 200 msec system
; cpu time (gc)     1,150 msec user, 60 msec system
; cpu time (total)  50,860 msec user, 260 msec system
; real time  107,118 msec (00:01:47.118)
; space allocation:
 359,547 cons cells,;  1,545 symbols, 10,657,248 other bytes
(((Q1-C ADTQ1-C) (Q1-F ADTQ1-F) (Q1-B ADTQ1-B) (Q1-A ADTQ1-A) (Q1-I ADTQ1-I)
  (Q1-E ADTQ1-E) (Q1-G ADTQ1-G) (Q1-D ADTQ1-D) (Q1-H ADTQ1-H)))
USER(54): USER(54): > Reload situation from existing file.  < ADT-Situation/Sit-q-i1-dist1-0805098560-850 > 
> Opened existing situation file.  < #<CHARACTER-INPUT-FILE-STREAM
                                       #p"/fsys4/u/sgwoods/qcsp/ADT-Situation/Sit-q-i1-dist1-0805098560-850" pos 0> > 
> Opening output file/stream for :  < ./New-Batch/ij5/ij5-850.8 > 
 File Closed (at 1). 

; cpu time (non-gc) 63,300 msec (00:01:03.300) user, 60 msec system
; cpu time (gc)     880 msec user, 30 msec system
; cpu time (total)  64,180 msec (00:01:04.180) user, 90 msec system
; real time  139,738 msec (00:02:19.738)
; space allocation:
 467,300 cons cells,;  1,528 symbols, 13,744,296 other bytes
(((Q1-C ADTQ1-C) (Q1-F ADTQ1-F) (Q1-B ADTQ1-B) (Q1-A ADTQ1-A) (Q1-I ADTQ1-I)
  (Q1-E ADTQ1-E) (Q1-G ADTQ1-G) (Q1-D ADTQ1-D) (Q1-H ADTQ1-H)))
USER(55): USER(55): > Reload situation from existing file.  < ADT-Situation/Sit-q-i1-dist1-4767135635-850 > 
> Opened existing situation file.  < #<CHARACTER-INPUT-FILE-STREAM
                                       #p"/fsys4/u/sgwoods/qcsp/ADT-Situation/Sit-q-i1-dist1-4767135635-850" pos 0> > 
> Opening output file/stream for :  < ./New-Batch/ij5/ij5-850.9 > 
 File Closed (at 1). 

; cpu time (non-gc) 69,380 msec (00:01:09.380) user, 70 msec system
; cpu time (gc)     1,960 msec user, 10 msec system
; cpu time (total)  71,340 msec (00:01:11.340) user, 80 msec system
; real time  129,606 msec (00:02:09.606)
; space allocation:
 456,868 cons cells,;  1,544 symbols, 14,729,920 other bytes
(((Q1-C ADTQ1-C) (Q1-F ADTQ1-F) (Q1-B ADTQ1-B) (Q1-A ADTQ1-A) (Q1-I ADTQ1-I)
  (Q1-E ADTQ1-E) (Q1-G ADTQ1-G) (Q1-D ADTQ1-D) (Q1-H ADTQ1-H)))
USER(56): USER(56): > Reload situation from existing file.  < ADT-Situation/Sit-q-i1-dist1-7685437293-850 > 
> Opened existing situation file.  < #<CHARACTER-INPUT-FILE-STREAM
                                       #p"/fsys4/u/sgwoods/qcsp/ADT-Situation/Sit-q-i1-dist1-7685437293-850" pos 0> > 
> Opening output file/stream for :  < ./New-Batch/ij5/ij5-850.99 > 
 File Closed (at 1). 

; cpu time (non-gc) 85,480 msec (00:01:25.480) user, 110 msec system
; cpu time (gc)     10,270 msec user, 1,730 msec system
; cpu time (total)  95,750 msec (00:01:35.750) user, 1,840 msec system
; real time  179,141 msec (00:02:59.141)
; space allocation:
 525,062 cons cells,;  1,566 symbols, 17,273,392 other bytes
(((Q1-C ADTQ1-C) (Q1-F ADTQ1-F) (Q1-B ADTQ1-B) (Q1-A ADTQ1-A) (Q1-I ADTQ1-I)
  (Q1-E ADTQ1-E) (Q1-G ADTQ1-G) (Q1-D ADTQ1-D) (Q1-H ADTQ1-H)))
USER(57): USER(57): ; Exiting Lisp
