Allegro CL 4.2 [SPARC; R1] (2/1/95 11:34)
Copyright (C) 1985-1993, Franz Inc., Berkeley, CA, USA.  All Rights Reserved.
;   Loading /fsys4/u/sgwoods/qcsp/load.lisp.
;     Fast loading /fsys4/u/sgwoods/qcsp/bm.fasl.
;     Fast loading /fsys4/u/sgwoods/qcsp/bt.fasl.
;     Fast loading /fsys4/u/sgwoods/qcsp/ct.fasl.
;     Fast loading /fsys4/u/sgwoods/qcsp/gsat.fasl.
;     Fast loading /fsys4/u/sgwoods/qcsp/utility.fasl.
;     Loading /fsys4/u/sgwoods/qcsp/compile.lisp.
;     Fast loading /fsys4/u/sgwoods/qcsp/quilici-search.fasl.
Warning: GETVAL, :OPERATOR was defined in /fsys4/u/sgwoods/qcsp/gsat.lisp and
         is now being defined in /fsys4/u/sgwoods/qcsp/quilici-search.lisp
;     Fast loading /fsys4/u/sgwoods/qcsp/adt-simple.fasl.
;     Fast loading /fsys4/u/sgwoods/qcsp/adt-setup.fasl.
;     Fast loading /fsys4/u/sgwoods/qcsp/memory-csp.fasl.
;; Optimization settings: safety 1, space 1, speed 1, debug 2
;; For a complete description of all compiler switches given the current
;; optimization settings evaluate (EXPLAIN-COMPILER-SETTINGS).
USER(1): USER(1): Index New Test Run: 0100, q-i2, FCDR, Dist1
"Index New Test Run: 0100, q-i2, FCDR, Dist1"
USER(2): 
NIL
USER(3): 
NIL
USER(4): ; Loading /fsys4/u/sgwoods/qcsp/load.lisp.
;   Fast loading /fsys4/u/sgwoods/qcsp/bm.fasl.
;   Fast loading /fsys4/u/sgwoods/qcsp/bt.fasl.
;   Fast loading /fsys4/u/sgwoods/qcsp/ct.fasl.
;   Fast loading /fsys4/u/sgwoods/qcsp/gsat.fasl.
Warning: GETVAL, :OPERATOR was defined in
         /fsys4/u/sgwoods/qcsp/quilici-search.lisp and is now being defined in
         /fsys4/u/sgwoods/qcsp/gsat.lisp
;   Fast loading /fsys4/u/sgwoods/qcsp/utility.fasl.
;   Loading /fsys4/u/sgwoods/qcsp/compile.lisp.
;   Fast loading /fsys4/u/sgwoods/qcsp/quilici-search.fasl.
Warning: GETVAL, :OPERATOR was defined in /fsys4/u/sgwoods/qcsp/gsat.lisp and
         is now being defined in /fsys4/u/sgwoods/qcsp/quilici-search.lisp
;   Fast loading /fsys4/u/sgwoods/qcsp/adt-simple.fasl.
;   Fast loading /fsys4/u/sgwoods/qcsp/adt-setup.fasl.
;   Fast loading /fsys4/u/sgwoods/qcsp/memory-csp.fasl.
T
USER(5): USER(5): **** Noise 0100 ****
"**** Noise 0100 ****"
USER(6): 
NIL
USER(7): 
NIL
USER(8): > Reload situation from existing file.  < ADT-Situation/Sit-q-i2-dist1-default-100 > 
> Opened existing situation file.  < #<CHARACTER-INPUT-FILE-STREAM
                                       #p"/fsys4/u/sgwoods/qcsp/ADT-Situation/Sit-q-i2-dist1-default-100" pos 0> > 
> Opening output file/stream for :  < New-Batch/G-fcdr-dist1-0100.1 > 
 File Closed (at 1). 

; cpu time (non-gc) 630 msec user, 150 msec system
; cpu time (gc)     0 msec user, 0 msec system
; cpu time (total)  630 msec user, 150 msec system
; real time  1,112 msec
; space allocation:
 15,461 cons cells,;  161 symbols, 299,480 other bytes
(((Q1-C |sit-gen33|) (Q1-D |begin-sid120|) (Q1-E |end-sid121|)
  (Q1-G |other-sid9|))
 ((Q1-C ADTQ2-C) (Q1-D |sit-gen151|) (Q1-E |sit-gen153|) (Q1-G ADTQ2-G))
 ((Q1-C ADTQ2-C) (Q1-D ADTQ2-D) (Q1-E ADTQ2-E) (Q1-G ADTQ2-G))
 ((Q1-C ADTQ2-C) (Q1-D ADTQ2-D) (Q1-E ADTQ2-E) (Q1-G |sit-gen2|))
 ((Q1-C ADTQ1-C) (Q1-D ADTQ1-D) (Q1-E ADTQ1-E) (Q1-G ADTQ1-G)))
USER(9): USER(9): > Reload situation from existing file.  < ADT-Situation/Sit-q-i2-dist1-1783960706-100 > 
> Opened existing situation file.  < #<CHARACTER-INPUT-FILE-STREAM
                                       #p"/fsys4/u/sgwoods/qcsp/ADT-Situation/Sit-q-i2-dist1-1783960706-100" pos 0> > 
> Opening output file/stream for :  < New-Batch/G-fcdr-dist1-0100.2 > 
 File Closed (at 1). 

; cpu time (non-gc) 490 msec user, 70 msec system
; cpu time (gc)     130 msec user, 50 msec system
; cpu time (total)  620 msec user, 120 msec system
; real time  817 msec
; space allocation:
 12,351 cons cells,;  166 symbols, 225,680 other bytes
(((Q1-C ADTQ2-C) (Q1-D ADTQ2-D) (Q1-E ADTQ2-E) (Q1-G ADTQ2-G))
 ((Q1-C |sit-gen149|) (Q1-D |begin-sid150|) (Q1-E |end-sid152|)
  (Q1-G |sit-gen119|))
 ((Q1-C ADTQ1-C) (Q1-D ADTQ1-D) (Q1-E ADTQ1-E) (Q1-G |sit-gen119|))
 ((Q1-C ADTQ1-C) (Q1-D ADTQ1-D) (Q1-E ADTQ1-E) (Q1-G |sit-gen30|))
 ((Q1-C ADTQ1-C) (Q1-D ADTQ1-D) (Q1-E ADTQ1-E) (Q1-G ADTQ1-G)))
USER(10): USER(10): > Reload situation from existing file.  < ADT-Situation/Sit-q-i2-dist1-6148712495-100 > 
> Opened existing situation file.  < #<CHARACTER-INPUT-FILE-STREAM
                                       #p"/fsys4/u/sgwoods/qcsp/ADT-Situation/Sit-q-i2-dist1-6148712495-100" pos 0> > 
> Opening output file/stream for :  < New-Batch/G-fcdr-dist1-0100.3 > 
 File Closed (at 1). 

; cpu time (non-gc) 490 msec user, 110 msec system
; cpu time (gc)     0 msec user, 0 msec system
; cpu time (total)  490 msec user, 110 msec system
; real time  652 msec
; space allocation:
 12,281 cons cells,;  164 symbols, 220,456 other bytes
(((Q1-C ADTQ2-C) (Q1-D ADTQ2-D) (Q1-E ADTQ2-E) (Q1-G |sit-gen340|))
 ((Q1-C ADTQ2-C) (Q1-D ADTQ2-D) (Q1-E ADTQ2-E) (Q1-G |sit-gen407|))
 ((Q1-C ADTQ2-C) (Q1-D ADTQ2-D) (Q1-E ADTQ2-E) (Q1-G ADTQ2-G))
 ((Q1-C ADTQ1-C) (Q1-D ADTQ1-D) (Q1-E ADTQ1-E) (Q1-G ADTQ1-G)))
USER(11): USER(11): > Reload situation from existing file.  < ADT-Situation/Sit-q-i2-dist1-8261581571-100 > 
> Opened existing situation file.  < #<CHARACTER-INPUT-FILE-STREAM
                                       #p"/fsys4/u/sgwoods/qcsp/ADT-Situation/Sit-q-i2-dist1-8261581571-100" pos 0> > 
> Opening output file/stream for :  < New-Batch/G-fcdr-dist1-0100.4 > 
 File Closed (at 1). 

; cpu time (non-gc) 860 msec user, 100 msec system
; cpu time (gc)     0 msec user, 0 msec system
; cpu time (total)  860 msec user, 100 msec system
; real time  1,041 msec
; space allocation:
 22,126 cons cells,;  175 symbols, 466,504 other bytes
(((Q1-C ADTQ2-C) (Q1-D ADTQ2-D) (Q1-E ADTQ2-E) (Q1-G ADTQ2-G))
 ((Q1-C |sit-gen572|) (Q1-D ADTQ2-D) (Q1-E ADTQ2-E) (Q1-G ADTQ2-G))
 ((Q1-C ADTQ1-C) (Q1-D ADTQ1-D) (Q1-E ADTQ1-E) (Q1-G |sit-gen584|))
 ((Q1-C ADTQ1-C) (Q1-D ADTQ1-D) (Q1-E ADTQ1-E) (Q1-G |sit-gen470|))
 ((Q1-C ADTQ1-C) (Q1-D ADTQ1-D) (Q1-E ADTQ1-E) (Q1-G ADTQ1-G)))
USER(12): USER(12): > Reload situation from existing file.  < ADT-Situation/Sit-q-i2-dist1-4705297406-100 > 
> Opened existing situation file.  < #<CHARACTER-INPUT-FILE-STREAM
                                       #p"/fsys4/u/sgwoods/qcsp/ADT-Situation/Sit-q-i2-dist1-4705297406-100" pos 0> > 
> Opening output file/stream for :  < New-Batch/G-fcdr-dist1-0100.5 > 
 File Closed (at 1). 

; cpu time (non-gc) 720 msec user, 10 msec system
; cpu time (gc)     0 msec user, 0 msec system
; cpu time (total)  720 msec user, 10 msec system
; real time  780 msec
; space allocation:
 16,806 cons cells,;  179 symbols, 317,648 other bytes
(((Q1-C |sit-gen592|) (Q1-D |begin-sid593|) (Q1-E |end-sid595|)
  (Q1-G |sit-gen626|))
 ((Q1-C ADTQ2-C) (Q1-D ADTQ2-D) (Q1-E ADTQ2-E) (Q1-G |sit-gen693|))
 ((Q1-C ADTQ2-C) (Q1-D ADTQ2-D) (Q1-E ADTQ2-E) (Q1-G ADTQ2-G))
 ((Q1-C |sit-gen764|) (Q1-D |begin-sid740|) (Q1-E |end-sid741|)
  (Q1-G |sit-gen668|))
 ((Q1-C ADTQ1-C) (Q1-D |begin-sid709|) (Q1-E |end-sid710|) (Q1-G ADTQ1-G))
 ((Q1-C ADTQ1-C) (Q1-D ADTQ1-D) (Q1-E ADTQ1-E) (Q1-G |sit-gen653|))
 ((Q1-C ADTQ1-C) (Q1-D ADTQ1-D) (Q1-E ADTQ1-E) (Q1-G ADTQ1-G)))
USER(13): USER(13): > Reload situation from existing file.  < ADT-Situation/Sit-q-i2-dist1-6724813580-100 > 
> Opened existing situation file.  < #<CHARACTER-INPUT-FILE-STREAM
                                       #p"/fsys4/u/sgwoods/qcsp/ADT-Situation/Sit-q-i2-dist1-6724813580-100" pos 0> > 
> Opening output file/stream for :  < New-Batch/G-fcdr-dist1-0100.6 > 
 File Closed (at 1). 

; cpu time (non-gc) 500 msec user, 10 msec system
; cpu time (gc)     120 msec user, 30 msec system
; cpu time (total)  620 msec user, 40 msec system
; real time  744 msec
; space allocation:
 12,351 cons cells,;  166 symbols, 230,752 other bytes
(((Q1-C ADTQ2-C) (Q1-D ADTQ2-D) (Q1-E ADTQ2-E) (Q1-G ADTQ2-G))
 ((Q1-C |sit-gen838|) (Q1-D |begin-sid839|) (Q1-E |end-sid841|)
  (Q1-G |sit-gen826|))
 ((Q1-C ADTQ1-C) (Q1-D ADTQ1-D) (Q1-E ADTQ1-E) (Q1-G |sit-gen826|))
 ((Q1-C ADTQ1-C) (Q1-D ADTQ1-D) (Q1-E ADTQ1-E) (Q1-G |sit-gen784|))
 ((Q1-C ADTQ1-C) (Q1-D ADTQ1-D) (Q1-E ADTQ1-E) (Q1-G ADTQ1-G)))
USER(14): USER(14): > Reload situation from existing file.  < ADT-Situation/Sit-q-i2-dist1-8798969000-100 > 
> Opened existing situation file.  < #<CHARACTER-INPUT-FILE-STREAM
                                       #p"/fsys4/u/sgwoods/qcsp/ADT-Situation/Sit-q-i2-dist1-8798969000-100" pos 0> > 
> Opening output file/stream for :  < New-Batch/G-fcdr-dist1-0100.7 > 
 File Closed (at 1). 

; cpu time (non-gc) 900 msec user, 30 msec system
; cpu time (gc)     80 msec user, 10 msec system
; cpu time (total)  980 msec user, 40 msec system
; real time  1,079 msec
; space allocation:
 24,550 cons cells,;  181 symbols, 466,088 other bytes
(((Q1-G ADTQ2-G) (Q1-E ADTQ2-E) (Q1-D ADTQ2-D) (Q1-C ADTQ2-C))
 ((Q1-G ADTQ2-G) (Q1-E ADTQ2-E) (Q1-D ADTQ2-D) (Q1-C |sit-gen1056|))
 ((Q1-G |sit-gen1044|) (Q1-E |end-sid1093|) (Q1-D |begin-sid1091|)
  (Q1-C |sit-gen1090|))
 ((Q1-G ADTQ1-G) (Q1-D |sit-gen1066|) (Q1-C |sit-gen1080|)
  (Q1-E |sit-gen1068|))
 ((Q1-G ADTQ1-G) (Q1-D ADTQ1-D) (Q1-C ADTQ1-C) (Q1-E ADTQ1-E)))
USER(15): USER(15): > Reload situation from existing file.  < ADT-Situation/Sit-q-i2-dist1-0805098560-100 > 
> Opened existing situation file.  < #<CHARACTER-INPUT-FILE-STREAM
                                       #p"/fsys4/u/sgwoods/qcsp/ADT-Situation/Sit-q-i2-dist1-0805098560-100" pos 0> > 
> Opening output file/stream for :  < New-Batch/G-fcdr-dist1-0100.8 > 
 File Closed (at 1). 

; cpu time (non-gc) 1,020 msec user, 20 msec system
; cpu time (gc)     0 msec user, 0 msec system
; cpu time (total)  1,020 msec user, 20 msec system
; real time  1,113 msec
; space allocation:
 22,839 cons cells,;  213 symbols, 464,488 other bytes
(((Q1-C ADTQ2-C) (Q1-D ADTQ2-D) (Q1-E ADTQ2-E) (Q1-G ADTQ2-G))
 ((Q1-C ADTQ2-C) (Q1-D ADTQ2-D) (Q1-E ADTQ2-E) (Q1-G |sit-gen1326|))
 ((Q1-C ADTQ1-C) (Q1-D ADTQ1-D) (Q1-E ADTQ1-E) (Q1-G ADTQ1-G))
 ((Q1-C ADTQ1-C) (Q1-D ADTQ1-D) (Q1-E ADTQ1-E) (Q1-G |sit-gen1280|))
 ((Q1-C |sit-gen1287|) (Q1-D ADTQ1-D) (Q1-E ADTQ1-E) (Q1-G ADTQ1-G))
 ((Q1-C |sit-gen1287|) (Q1-D ADTQ1-D) (Q1-E ADTQ1-E) (Q1-G |sit-gen1280|)))
USER(16): USER(16): > Reload situation from existing file.  < ADT-Situation/Sit-q-i2-dist1-4767135635-100 > 
> Opened existing situation file.  < #<CHARACTER-INPUT-FILE-STREAM
                                       #p"/fsys4/u/sgwoods/qcsp/ADT-Situation/Sit-q-i2-dist1-4767135635-100" pos 0> > 
> Opening output file/stream for :  < New-Batch/G-fcdr-dist1-0100.9 > 
 File Closed (at 1). 

; cpu time (non-gc) 780 msec user, 10 msec system
; cpu time (gc)     0 msec user, 0 msec system
; cpu time (total)  780 msec user, 10 msec system
; real time  844 msec
; space allocation:
 17,757 cons cells,;  189 symbols, 333,080 other bytes
(((Q1-C ADTQ2-C) (Q1-D ADTQ2-D) (Q1-E ADTQ2-E) (Q1-G |sit-gen1512|))
 ((Q1-C ADTQ2-C) (Q1-D ADTQ2-D) (Q1-E ADTQ2-E) (Q1-G ADTQ2-G))
 ((Q1-C |sit-gen1417|) (Q1-D ADTQ2-D) (Q1-E ADTQ2-E) (Q1-G |sit-gen1512|))
 ((Q1-C |sit-gen1417|) (Q1-D ADTQ2-D) (Q1-E ADTQ2-E) (Q1-G ADTQ2-G))
 ((Q1-C ADTQ1-C) (Q1-D ADTQ1-D) (Q1-E ADTQ1-E) (Q1-G |sit-gen1422|))
 ((Q1-C ADTQ1-C) (Q1-D ADTQ1-D) (Q1-E ADTQ1-E) (Q1-G |sit-gen1482|))
 ((Q1-C ADTQ1-C) (Q1-D ADTQ1-D) (Q1-E ADTQ1-E) (Q1-G |other-sid1514|))
 ((Q1-C ADTQ1-C) (Q1-D ADTQ1-D) (Q1-E ADTQ1-E) (Q1-G ADTQ1-G)))
USER(17): USER(17): > Reload situation from existing file.  < ADT-Situation/Sit-q-i2-dist1-7685437293-100 > 
> Opened existing situation file.  < #<CHARACTER-INPUT-FILE-STREAM
                                       #p"/fsys4/u/sgwoods/qcsp/ADT-Situation/Sit-q-i2-dist1-7685437293-100" pos 0> > 
> Opening output file/stream for :  < New-Batch/G-fcdr-dist1-0100.99 > 
 File Closed (at 1). 

; cpu time (non-gc) 640 msec user, 20 msec system
; cpu time (gc)     50 msec user, 0 msec system
; cpu time (total)  690 msec user, 20 msec system
; real time  796 msec
; space allocation:
 16,382 cons cells,;  173 symbols, 337,496 other bytes
(((Q1-C ADTQ2-C) (Q1-D ADTQ2-D) (Q1-E ADTQ2-E) (Q1-G |sit-gen1635|))
 ((Q1-C ADTQ2-C) (Q1-D ADTQ2-D) (Q1-E ADTQ2-E) (Q1-G ADTQ2-G))
 ((Q1-C ADTQ1-C) (Q1-D ADTQ1-D) (Q1-E ADTQ1-E) (Q1-G ADTQ1-G)))
USER(18): ; Exiting Lisp
