Allegro CL 4.2 [SPARC; R1] (2/1/95 11:34)
Copyright (C) 1985-1993, Franz Inc., Berkeley, CA, USA.  All Rights Reserved.
;   Loading /fsys4/u/sgwoods/qcsp/load.lisp.
;     Fast loading /fsys4/u/sgwoods/qcsp/bm.fasl.
;     Fast loading /fsys4/u/sgwoods/qcsp/bt.fasl.
;     Fast loading /fsys4/u/sgwoods/qcsp/ct.fasl.
;     Fast loading /fsys4/u/sgwoods/qcsp/gsat.fasl.
;     Fast loading /fsys4/u/sgwoods/qcsp/utility.fasl.
;     Loading /fsys4/u/sgwoods/qcsp/compile.lisp.
;     Fast loading /fsys4/u/sgwoods/qcsp/quilici-search.fasl.
Warning: GETVAL, :OPERATOR was defined in /fsys4/u/sgwoods/qcsp/gsat.lisp and
         is now being defined in /fsys4/u/sgwoods/qcsp/quilici-search.lisp
;     Fast loading /fsys4/u/sgwoods/qcsp/adt-simple.fasl.
;     Fast loading /fsys4/u/sgwoods/qcsp/adt-setup.fasl.
;     Fast loading /fsys4/u/sgwoods/qcsp/memory-csp.fasl.
;; Optimization settings: safety 1, space 1, speed 1, debug 2
;; For a complete description of all compiler switches given the current
;; optimization settings evaluate (EXPLAIN-COMPILER-SETTINGS).
USER(1): USER(1): USER(1): Index Test Run: 0250, q-i2, FCDR, Dist3
"Index Test Run: 0250, q-i2, FCDR, Dist3"
USER(2): 
NIL
USER(3): 
NIL
USER(4): ; Loading /fsys4/u/sgwoods/qcsp/load.lisp.
;   Fast loading /fsys4/u/sgwoods/qcsp/bm.fasl.
;   Fast loading /fsys4/u/sgwoods/qcsp/bt.fasl.
;   Fast loading /fsys4/u/sgwoods/qcsp/ct.fasl.
;   Fast loading /fsys4/u/sgwoods/qcsp/gsat.fasl.
Warning: GETVAL, :OPERATOR was defined in
         /fsys4/u/sgwoods/qcsp/quilici-search.lisp and is now being defined in
         /fsys4/u/sgwoods/qcsp/gsat.lisp
;   Fast loading /fsys4/u/sgwoods/qcsp/utility.fasl.
;   Loading /fsys4/u/sgwoods/qcsp/compile.lisp.
;   Fast loading /fsys4/u/sgwoods/qcsp/quilici-search.fasl.
Warning: GETVAL, :OPERATOR was defined in /fsys4/u/sgwoods/qcsp/gsat.lisp and
         is now being defined in /fsys4/u/sgwoods/qcsp/quilici-search.lisp
;   Fast loading /fsys4/u/sgwoods/qcsp/adt-simple.fasl.
;   Fast loading /fsys4/u/sgwoods/qcsp/adt-setup.fasl.
;   Fast loading /fsys4/u/sgwoods/qcsp/memory-csp.fasl.
T
USER(5): USER(5): **** Noise 0250 ****
"**** Noise 0250 ****"
USER(6): 
NIL
USER(7): 
NIL
USER(8): > Reload situation from existing file.  < ADT-Situation/Sit-q-i2-dist3-default-250 > 
> Opened existing situation file.  < #<CHARACTER-INPUT-FILE-STREAM
                                       #p"/fsys4/u/sgwoods/qcsp/ADT-Situation/Sit-q-i2-dist3-default-250" pos 0> > 
> Opening output file/stream for :  < New-Batch/G-fcdr-dist3-0250.1 > 
 File Closed (at 1). 

; cpu time (non-gc) 1,230 msec user, 90 msec system
; cpu time (gc)     110 msec user, 0 msec system
; cpu time (total)  1,340 msec user, 90 msec system
; real time  1,504 msec
; space allocation:
 26,880 cons cells,;  381 symbols, 340,032 other bytes
(((Q1-C ADTQ2-C) (Q1-D ADTQ2-D) (Q1-E ADTQ2-E) (Q1-G |sit-gen328|))
 ((Q1-C ADTQ2-C) (Q1-D ADTQ2-D) (Q1-E ADTQ2-E) (Q1-G |sit-gen38|))
 ((Q1-C ADTQ2-C) (Q1-D ADTQ2-D) (Q1-E ADTQ2-E) (Q1-G |sit-gen372|))
 ((Q1-C ADTQ2-C) (Q1-D ADTQ2-D) (Q1-E ADTQ2-E) (Q1-G |sit-gen341|))
 ((Q1-C ADTQ2-C) (Q1-D ADTQ2-D) (Q1-E ADTQ2-E) (Q1-G ADTQ2-G))
 ((Q1-C ADTQ2-C) (Q1-D ADTQ2-D) (Q1-E ADTQ2-E) (Q1-G |sit-gen19|))
 ((Q1-C |sit-gen217|) (Q1-D ADTQ2-D) (Q1-E ADTQ2-E) (Q1-G |sit-gen328|))
 ((Q1-C |sit-gen217|) (Q1-D ADTQ2-D) (Q1-E ADTQ2-E) (Q1-G |sit-gen38|))
 ((Q1-C |sit-gen217|) (Q1-D ADTQ2-D) (Q1-E ADTQ2-E) (Q1-G |sit-gen372|))
 ((Q1-C |sit-gen217|) (Q1-D ADTQ2-D) (Q1-E ADTQ2-E) (Q1-G |sit-gen341|)) ...)
USER(9): USER(9): > Initializing a new case 
 
> Open file: Saving new generated situation. 
 
> Opening output file/stream for :  < New-Batch/G-fcdr-dist3-0250.2 > 
 File Closed (at 1). 

; cpu time (non-gc) 3,240 msec user, 90 msec system
; cpu time (gc)     670 msec user, 40 msec system
; cpu time (total)  3,910 msec user, 130 msec system
; real time  4,216 msec
; space allocation:
 584,148 cons cells,;  383 symbols, 844,064 other bytes
(((Q1-C ADTQ2-C) (Q1-D ADTQ2-D) (Q1-E ADTQ2-E) (Q1-G |sit-gen336|))
 ((Q1-C ADTQ2-C) (Q1-D ADTQ2-D) (Q1-E ADTQ2-E) (Q1-G |sit-gen94|))
 ((Q1-C ADTQ2-C) (Q1-D ADTQ2-D) (Q1-E ADTQ2-E) (Q1-G |sit-gen480|))
 ((Q1-C ADTQ2-C) (Q1-D ADTQ2-D) (Q1-E ADTQ2-E) (Q1-G |sit-gen468|))
 ((Q1-C ADTQ2-C) (Q1-D ADTQ2-D) (Q1-E ADTQ2-E) (Q1-G |sit-gen541|))
 ((Q1-C ADTQ2-C) (Q1-D ADTQ2-D) (Q1-E ADTQ2-E) (Q1-G ADTQ2-G))
 ((Q1-C ADTQ2-C) (Q1-D ADTQ2-D) (Q1-E ADTQ2-E) (Q1-G |sit-gen511|))
 ((Q1-C ADTQ2-C) (Q1-D ADTQ2-D) (Q1-E ADTQ2-E) (Q1-G |sit-gen228|))
 ((Q1-C ADTQ2-C) (Q1-D ADTQ2-D) (Q1-E ADTQ2-E) (Q1-G |sit-gen343|))
 ((Q1-C ADTQ1-C) (Q1-D ADTQ1-D) (Q1-E ADTQ1-E) (Q1-G |sit-gen306|)) ...)
USER(10): USER(10): > Initializing a new case 
 
> Open file: Saving new generated situation. 
 
> Opening output file/stream for :  < New-Batch/G-fcdr-dist3-0250.3 > 
 File Closed (at 1). 

; cpu time (non-gc) 3,540 msec user, 30 msec system
; cpu time (gc)     360 msec user, 10 msec system
; cpu time (total)  3,900 msec user, 40 msec system
; real time  4,350 msec
; space allocation:
 593,624 cons cells,;  388 symbols, 902,192 other bytes
(((Q1-C ADTQ2-C) (Q1-D |sit-gen909|) (Q1-E |sit-gen911|) (Q1-G |sit-gen629|))
 ((Q1-C ADTQ2-C) (Q1-D ADTQ2-D) (Q1-E ADTQ2-E) (Q1-G |sit-gen758|))
 ((Q1-C ADTQ2-C) (Q1-D ADTQ2-D) (Q1-E ADTQ2-E) (Q1-G |sit-gen823|))
 ((Q1-C ADTQ2-C) (Q1-D ADTQ2-D) (Q1-E ADTQ2-E) (Q1-G |sit-gen912|))
 ((Q1-C ADTQ2-C) (Q1-D ADTQ2-D) (Q1-E ADTQ2-E) (Q1-G |sit-gen689|))
 ((Q1-C ADTQ2-C) (Q1-D ADTQ2-D) (Q1-E ADTQ2-E) (Q1-G |sit-gen891|))
 ((Q1-C ADTQ2-C) (Q1-D ADTQ2-D) (Q1-E ADTQ2-E) (Q1-G |sit-gen654|))
 ((Q1-C ADTQ2-C) (Q1-D ADTQ2-D) (Q1-E ADTQ2-E) (Q1-G |sit-gen893|))
 ((Q1-C ADTQ2-C) (Q1-D ADTQ2-D) (Q1-E ADTQ2-E) (Q1-G |sit-gen593|))
 ((Q1-C ADTQ2-C) (Q1-D ADTQ2-D) (Q1-E ADTQ2-E) (Q1-G |sit-gen640|)) ...)
USER(11): USER(11): > Initializing a new case 
 
> Open file: Saving new generated situation. 
 
> Opening output file/stream for :  < New-Batch/G-fcdr-dist3-0250.4 > 
 File Closed (at 1). 

; cpu time (non-gc) 3,910 msec user, 60 msec system
; cpu time (gc)     420 msec user, 20 msec system
; cpu time (total)  4,330 msec user, 80 msec system
; real time  5,592 msec
; space allocation:
 611,810 cons cells,;  402 symbols, 1,107,720 other bytes
(((Q1-C ADTQ2-C) (Q1-D ADTQ2-D) (Q1-E ADTQ2-E) (Q1-G |sit-gen1150|))
 ((Q1-C ADTQ2-C) (Q1-D ADTQ2-D) (Q1-E ADTQ2-E) (Q1-G |sit-gen1360|))
 ((Q1-C ADTQ2-C) (Q1-D ADTQ2-D) (Q1-E ADTQ2-E) (Q1-G ADTQ2-G))
 ((Q1-C ADTQ2-C) (Q1-D ADTQ2-D) (Q1-E ADTQ2-E) (Q1-G |sit-gen1233|))
 ((Q1-C ADTQ2-C) (Q1-D ADTQ2-D) (Q1-E ADTQ2-E) (Q1-G |sit-gen1175|))
 ((Q1-C |sit-gen988|) (Q1-D |begin-sid1018|) (Q1-E |end-sid1019|)
  (Q1-G |sit-gen1186|))
 ((Q1-C ADTQ1-C) (Q1-D ADTQ1-D) (Q1-E ADTQ1-E) (Q1-G |sit-gen1217|))
 ((Q1-C ADTQ1-C) (Q1-D ADTQ1-D) (Q1-E ADTQ1-E) (Q1-G |sit-gen1309|))
 ((Q1-C ADTQ1-C) (Q1-D ADTQ1-D) (Q1-E ADTQ1-E) (Q1-G |sit-gen1178|))
 ((Q1-C ADTQ1-C) (Q1-D ADTQ1-D) (Q1-E ADTQ1-E) (Q1-G |sit-gen1212|)) ...)
USER(12): USER(12): > Initializing a new case 
 
> Open file: Saving new generated situation. 
 
> Opening output file/stream for :  < New-Batch/G-fcdr-dist3-0250.5 > 
 File Closed (at 1). 

; cpu time (non-gc) 3,220 msec user, 40 msec system
; cpu time (gc)     380 msec user, 20 msec system
; cpu time (total)  3,600 msec user, 60 msec system
; real time  4,517 msec
; space allocation:
 563,790 cons cells,;  372 symbols, 768,840 other bytes
(((Q1-C ADTQ2-C) (Q1-D ADTQ2-D) (Q1-E ADTQ2-E) (Q1-G |sit-gen1503|))
 ((Q1-C ADTQ2-C) (Q1-D ADTQ2-D) (Q1-E ADTQ2-E) (Q1-G |sit-gen1539|))
 ((Q1-C ADTQ2-C) (Q1-D ADTQ2-D) (Q1-E ADTQ2-E) (Q1-G |sit-gen1407|))
 ((Q1-C ADTQ2-C) (Q1-D ADTQ2-D) (Q1-E ADTQ2-E) (Q1-G |sit-gen1659|))
 ((Q1-C ADTQ2-C) (Q1-D ADTQ2-D) (Q1-E ADTQ2-E) (Q1-G |sit-gen1501|))
 ((Q1-C ADTQ2-C) (Q1-D ADTQ2-D) (Q1-E ADTQ2-E) (Q1-G ADTQ2-G))
 ((Q1-C ADTQ2-C) (Q1-D ADTQ2-D) (Q1-E ADTQ2-E) (Q1-G |sit-gen1475|))
 ((Q1-C ADTQ1-C) (Q1-D ADTQ1-D) (Q1-E ADTQ1-E) (Q1-G |sit-gen1425|))
 ((Q1-C ADTQ1-C) (Q1-D ADTQ1-D) (Q1-E ADTQ1-E) (Q1-G |sit-gen1437|))
 ((Q1-C ADTQ1-C) (Q1-D ADTQ1-D) (Q1-E ADTQ1-E) (Q1-G |sit-gen1442|)) ...)
USER(13): USER(13): > Initializing a new case 
 
> Open file: Saving new generated situation. 
 
> Opening output file/stream for :  < New-Batch/G-fcdr-dist3-0250.6 > 
 File Closed (at 1). 

; cpu time (non-gc) 3,300 msec user, 90 msec system
; cpu time (gc)     380 msec user, 0 msec system
; cpu time (total)  3,680 msec user, 90 msec system
; real time  4,955 msec
; space allocation:
 583,291 cons cells,;  383 symbols, 837,976 other bytes
(((Q1-C ADTQ2-C) (Q1-D ADTQ2-D) (Q1-E ADTQ2-E) (Q1-G |sit-gen1904|))
 ((Q1-C ADTQ2-C) (Q1-D ADTQ2-D) (Q1-E ADTQ2-E) (Q1-G |sit-gen1785|))
 ((Q1-C ADTQ2-C) (Q1-D ADTQ2-D) (Q1-E ADTQ2-E) (Q1-G |sit-gen2025|))
 ((Q1-C ADTQ2-C) (Q1-D ADTQ2-D) (Q1-E ADTQ2-E) (Q1-G |sit-gen2013|))
 ((Q1-C ADTQ2-C) (Q1-D ADTQ2-D) (Q1-E ADTQ2-E) (Q1-G |sit-gen2086|))
 ((Q1-C ADTQ2-C) (Q1-D ADTQ2-D) (Q1-E ADTQ2-E) (Q1-G ADTQ2-G))
 ((Q1-C ADTQ2-C) (Q1-D ADTQ2-D) (Q1-E ADTQ2-E) (Q1-G |sit-gen2056|))
 ((Q1-C ADTQ2-C) (Q1-D ADTQ2-D) (Q1-E ADTQ2-E) (Q1-G |sit-gen1846|))
 ((Q1-C ADTQ2-C) (Q1-D ADTQ2-D) (Q1-E ADTQ2-E) (Q1-G |sit-gen1906|))
 ((Q1-C ADTQ1-C) (Q1-D ADTQ1-D) (Q1-E ADTQ1-E) (Q1-G |sit-gen1892|)) ...)
USER(14): USER(14): > Initializing a new case 
 
> Open file: Saving new generated situation. 
 
> Opening output file/stream for :  < New-Batch/G-fcdr-dist3-0250.7 > 
 File Closed (at 1). 

; cpu time (non-gc) 3,600 msec user, 30 msec system
; cpu time (gc)     480 msec user, 0 msec system
; cpu time (total)  4,080 msec user, 30 msec system
; real time  5,205 msec
; space allocation:
 593,320 cons cells,;  394 symbols, 964,040 other bytes
(((Q1-C |sit-gen2204|) (Q1-D |begin-sid2205|) (Q1-E |end-sid2207|)
  (Q1-G |sit-gen2255|))
 ((Q1-C ADTQ2-C) (Q1-D ADTQ2-D) (Q1-E ADTQ2-E) (Q1-G |sit-gen2333|))
 ((Q1-C ADTQ2-C) (Q1-D ADTQ2-D) (Q1-E ADTQ2-E) (Q1-G |sit-gen2290|))
 ((Q1-C ADTQ2-C) (Q1-D ADTQ2-D) (Q1-E ADTQ2-E) (Q1-G |sit-gen2348|))
 ((Q1-C ADTQ2-C) (Q1-D ADTQ2-D) (Q1-E ADTQ2-E) (Q1-G ADTQ2-G))
 ((Q1-C ADTQ2-C) (Q1-D ADTQ2-D) (Q1-E ADTQ2-E) (Q1-G |sit-gen2286|))
 ((Q1-C ADTQ2-C) (Q1-D ADTQ2-D) (Q1-E ADTQ2-E) (Q1-G |sit-gen2202|))
 ((Q1-C ADTQ2-C) (Q1-D ADTQ2-D) (Q1-E ADTQ2-E) (Q1-G |sit-gen2514|))
 ((Q1-C ADTQ2-C) (Q1-D ADTQ2-D) (Q1-E ADTQ2-E) (Q1-G |sit-gen2375|))
 ((Q1-C ADTQ1-C) (Q1-D ADTQ1-D) (Q1-E ADTQ1-E) (Q1-G |sit-gen2274|)) ...)
USER(15): USER(15): > Initializing a new case 
 
> Open file: Saving new generated situation. 
 
> Opening output file/stream for :  < New-Batch/G-fcdr-dist3-0250.8 > 
 File Closed (at 1). 

; cpu time (non-gc) 3,870 msec user, 30 msec system
; cpu time (gc)     500 msec user, 10 msec system
; cpu time (total)  4,370 msec user, 40 msec system
; real time  4,571 msec
; space allocation:
 630,977 cons cells,;  405 symbols, 1,111,112 other bytes
(((Q1-C ADTQ2-C) (Q1-D ADTQ2-D) (Q1-E ADTQ2-E) (Q1-G |sit-gen2565|))
 ((Q1-C ADTQ2-C) (Q1-D ADTQ2-D) (Q1-E ADTQ2-E) (Q1-G |sit-gen2623|))
 ((Q1-C ADTQ2-C) (Q1-D ADTQ2-D) (Q1-E ADTQ2-E) (Q1-G |sit-gen2848|))
 ((Q1-C ADTQ2-C) (Q1-D ADTQ2-D) (Q1-E ADTQ2-E) (Q1-G ADTQ2-G))
 ((Q1-C ADTQ2-C) (Q1-D ADTQ2-D) (Q1-E ADTQ2-E) (Q1-G |sit-gen2550|))
 ((Q1-C ADTQ2-C) (Q1-D ADTQ2-D) (Q1-E ADTQ2-E) (Q1-G |sit-gen2673|))
 ((Q1-C ADTQ1-C) (Q1-D ADTQ1-D) (Q1-E ADTQ1-E) (Q1-G |sit-gen2728|))
 ((Q1-C ADTQ1-C) (Q1-D ADTQ1-D) (Q1-E ADTQ1-E) (Q1-G |sit-gen2564|))
 ((Q1-C ADTQ1-C) (Q1-D ADTQ1-D) (Q1-E ADTQ1-E) (Q1-G |sit-gen2860|))
 ((Q1-C ADTQ1-C) (Q1-D ADTQ1-D) (Q1-E ADTQ1-E) (Q1-G |sit-gen2644|)) ...)
USER(16): USER(16): > Initializing a new case 
 
> Open file: Saving new generated situation. 
 
> Opening output file/stream for :  < New-Batch/G-fcdr-dist3-0250.9 > 
 File Closed (at 1). 

; cpu time (non-gc) 3,290 msec user, 30 msec system
; cpu time (gc)     360 msec user, 0 msec system
; cpu time (total)  3,650 msec user, 30 msec system
; real time  3,742 msec
; space allocation:
 583,234 cons cells,;  372 symbols, 917,104 other bytes
(((Q1-C ADTQ2-C) (Q1-D ADTQ2-D) (Q1-E ADTQ2-E) (Q1-G |sit-gen3121|))
 ((Q1-C ADTQ2-C) (Q1-D ADTQ2-D) (Q1-E ADTQ2-E) (Q1-G |sit-gen2975|))
 ((Q1-C ADTQ2-C) (Q1-D ADTQ2-D) (Q1-E ADTQ2-E) (Q1-G |sit-gen3030|))
 ((Q1-C ADTQ2-C) (Q1-D ADTQ2-D) (Q1-E ADTQ2-E) (Q1-G ADTQ2-G))
 ((Q1-C ADTQ2-C) (Q1-D ADTQ2-D) (Q1-E ADTQ2-E) (Q1-G |sit-gen3043|))
 ((Q1-C ADTQ2-C) (Q1-D ADTQ2-D) (Q1-E ADTQ2-E) (Q1-G |sit-gen3008|))
 ((Q1-C ADTQ2-C) (Q1-D ADTQ2-D) (Q1-E ADTQ2-E) (Q1-G |sit-gen3074|))
 ((Q1-C ADTQ2-C) (Q1-D ADTQ2-D) (Q1-E ADTQ2-E) (Q1-G |sit-gen3278|))
 ((Q1-C ADTQ2-C) (Q1-D ADTQ2-D) (Q1-E ADTQ2-E) (Q1-G |sit-gen3268|))
 ((Q1-C ADTQ2-C) (Q1-D ADTQ2-D) (Q1-E ADTQ2-E) (Q1-G |sit-gen2969|)) ...)
USER(17): USER(17): > Initializing a new case 
 
> Open file: Saving new generated situation. 
 
> Opening output file/stream for :  < New-Batch/G-fcdr-dist3-0250.99 > 
 File Closed (at 1). 

; cpu time (non-gc) 3,990 msec user, 70 msec system
; cpu time (gc)     450 msec user, 20 msec system
; cpu time (total)  4,440 msec user, 90 msec system
; real time  4,642 msec
; space allocation:
 632,997 cons cells,;  402 symbols, 1,158,504 other bytes
(((Q1-C |sit-gen3555|) (Q1-D |begin-sid3556|) (Q1-E |end-sid3558|)
  (Q1-G |sit-gen3575|))
 ((Q1-C ADTQ2-C) (Q1-D ADTQ2-D) (Q1-E ADTQ2-E) (Q1-G |sit-gen3685|))
 ((Q1-C ADTQ2-C) (Q1-D ADTQ2-D) (Q1-E ADTQ2-E) (Q1-G |sit-gen3390|))
 ((Q1-C ADTQ2-C) (Q1-D ADTQ2-D) (Q1-E ADTQ2-E) (Q1-G |sit-gen3643|))
 ((Q1-C ADTQ2-C) (Q1-D ADTQ2-D) (Q1-E ADTQ2-E) (Q1-G |sit-gen3422|))
 ((Q1-C ADTQ2-C) (Q1-D ADTQ2-D) (Q1-E ADTQ2-E) (Q1-G |sit-gen3480|))
 ((Q1-C ADTQ2-C) (Q1-D ADTQ2-D) (Q1-E ADTQ2-E) (Q1-G |sit-gen3469|))
 ((Q1-C ADTQ2-C) (Q1-D ADTQ2-D) (Q1-E ADTQ2-E) (Q1-G ADTQ2-G))
 ((Q1-C ADTQ2-C) (Q1-D ADTQ2-D) (Q1-E ADTQ2-E) (Q1-G |sit-gen3663|))
 ((Q1-C ADTQ2-C) (Q1-D ADTQ2-D) (Q1-E ADTQ2-E) (Q1-G |sit-gen3495|)) ...)
USER(18): ; Exiting Lisp
