Allegro CL 4.2 [SPARC; R1] (2/1/95 11:34)
Copyright (C) 1985-1993, Franz Inc., Berkeley, CA, USA.  All Rights Reserved.
;   Loading /fsys4/u/sgwoods/qcsp/load.lisp.
;     Fast loading /fsys4/u/sgwoods/qcsp/bm.fasl.
;     Fast loading /fsys4/u/sgwoods/qcsp/bt.fasl.
;     Fast loading /fsys4/u/sgwoods/qcsp/ct.fasl.
;     Fast loading /fsys4/u/sgwoods/qcsp/gsat.fasl.
;     Fast loading /fsys4/u/sgwoods/qcsp/utility.fasl.
;     Loading /fsys4/u/sgwoods/qcsp/compile.lisp.
;     Fast loading /fsys4/u/sgwoods/qcsp/quilici-search.fasl.
Warning: GETVAL, :OPERATOR was defined in /fsys4/u/sgwoods/qcsp/gsat.lisp and
         is now being defined in /fsys4/u/sgwoods/qcsp/quilici-search.lisp
;     Fast loading /fsys4/u/sgwoods/qcsp/adt-simple.fasl.
;     Fast loading /fsys4/u/sgwoods/qcsp/adt-setup.fasl.
;     Fast loading /fsys4/u/sgwoods/qcsp/memory-csp.fasl.
;; Optimization settings: safety 1, space 1, speed 1, debug 2
;; For a complete description of all compiler switches given the current
;; optimization settings evaluate (EXPLAIN-COMPILER-SETTINGS).
USER(1): USER(1): Index Test Run: 0750, q-i2, FCDR, Dist3
"Index Test Run: 0750, q-i2, FCDR, Dist3"
USER(2): 
NIL
USER(3): 
NIL
USER(4): ; Loading /fsys4/u/sgwoods/qcsp/load.lisp.
;   Fast loading /fsys4/u/sgwoods/qcsp/bm.fasl.
;   Fast loading /fsys4/u/sgwoods/qcsp/bt.fasl.
;   Fast loading /fsys4/u/sgwoods/qcsp/ct.fasl.
;   Fast loading /fsys4/u/sgwoods/qcsp/gsat.fasl.
Warning: GETVAL, :OPERATOR was defined in
         /fsys4/u/sgwoods/qcsp/quilici-search.lisp and is now being defined in
         /fsys4/u/sgwoods/qcsp/gsat.lisp
;   Fast loading /fsys4/u/sgwoods/qcsp/utility.fasl.
;   Loading /fsys4/u/sgwoods/qcsp/compile.lisp.
;   Fast loading /fsys4/u/sgwoods/qcsp/quilici-search.fasl.
Warning: GETVAL, :OPERATOR was defined in /fsys4/u/sgwoods/qcsp/gsat.lisp and
         is now being defined in /fsys4/u/sgwoods/qcsp/quilici-search.lisp
;   Fast loading /fsys4/u/sgwoods/qcsp/adt-simple.fasl.
;   Fast loading /fsys4/u/sgwoods/qcsp/adt-setup.fasl.
;   Fast loading /fsys4/u/sgwoods/qcsp/memory-csp.fasl.
T
USER(5): USER(5): **** Noise 0750 ****
"**** Noise 0750 ****"
USER(6): 
NIL
USER(7): 
NIL
USER(8): > Initializing a new case 
 
> Open file: Saving new generated situation. 
 
> Opening output file/stream for :  < New-Batch/G-fcdr-dist3-0750.1 > 
 File Closed (at 1). 

; cpu time (non-gc) 16,360 msec user, 160 msec system
; cpu time (gc)     1,280 msec user, 30 msec system
; cpu time (total)  17,640 msec user, 190 msec system
; real time  32,057 msec
; space allocation:
 1,999,005 cons cells,;  1,174 symbols, 3,258,808 other bytes
(((Q1-C |sit-gen544|) (Q1-D |begin-sid545|) (Q1-E |end-sid547|)
  (Q1-G |sit-gen1033|))
 ((Q1-C |sit-gen491|) (Q1-D |begin-sid492|) (Q1-E |end-sid494|)
  (Q1-G |sit-gen148|))
 ((Q1-C |sit-gen217|) (Q1-D |begin-sid218|) (Q1-E |end-sid220|)
  (Q1-G |sit-gen583|))
 ((Q1-C |sit-gen415|) (Q1-D |begin-sid416|) (Q1-E |end-sid418|)
  (Q1-G |sit-gen1091|))
 ((Q1-C |sit-gen288|) (Q1-D |sit-gen83|) (Q1-E |sit-gen85|)
  (Q1-G |sit-gen60|))
 ((Q1-C ADTQ2-C) (Q1-D ADTQ2-D) (Q1-E ADTQ2-E) (Q1-G |sit-gen583|))
 ((Q1-C ADTQ2-C) (Q1-D ADTQ2-D) (Q1-E ADTQ2-E) (Q1-G |sit-gen212|))
 ((Q1-C ADTQ2-C) (Q1-D ADTQ2-D) (Q1-E ADTQ2-E) (Q1-G |sit-gen466|))
 ((Q1-C ADTQ2-C) (Q1-D ADTQ2-D) (Q1-E ADTQ2-E) (Q1-G |sit-gen845|))
 ((Q1-C ADTQ2-C) (Q1-D ADTQ2-D) (Q1-E ADTQ2-E) (Q1-G |sit-gen984|)) ...)
USER(9): USER(9): > Initializing a new case 
 
> Open file: Saving new generated situation. 
 
> Opening output file/stream for :  < New-Batch/G-fcdr-dist3-0750.2 > 
 File Closed (at 1). 

; cpu time (non-gc) 22,970 msec user, 90 msec system
; cpu time (gc)     1,110 msec user, 40 msec system
; cpu time (total)  24,080 msec user, 130 msec system
; real time  44,545 msec
; space allocation:
 2,236,878 cons cells,;  1,203 symbols, 4,602,792 other bytes
(((Q1-C ADTQ2-C) (Q1-D ADTQ2-D) (Q1-E ADTQ2-E) (Q1-G |sit-gen1551|))
 ((Q1-C ADTQ2-C) (Q1-D ADTQ2-D) (Q1-E ADTQ2-E) (Q1-G |sit-gen1481|))
 ((Q1-C ADTQ2-C) (Q1-D ADTQ2-D) (Q1-E ADTQ2-E) (Q1-G |sit-gen2361|))
 ((Q1-C ADTQ2-C) (Q1-D ADTQ2-D) (Q1-E ADTQ2-E) (Q1-G |sit-gen2056|))
 ((Q1-C ADTQ2-C) (Q1-D ADTQ2-D) (Q1-E ADTQ2-E) (Q1-G |sit-gen1543|))
 ((Q1-C ADTQ2-C) (Q1-D ADTQ2-D) (Q1-E ADTQ2-E) (Q1-G |sit-gen2331|))
 ((Q1-C ADTQ2-C) (Q1-D ADTQ2-D) (Q1-E ADTQ2-E) (Q1-G |sit-gen1917|))
 ((Q1-C ADTQ2-C) (Q1-D ADTQ2-D) (Q1-E ADTQ2-E) (Q1-G |sit-gen2100|))
 ((Q1-C ADTQ2-C) (Q1-D ADTQ2-D) (Q1-E ADTQ2-E) (Q1-G |sit-gen1474|))
 ((Q1-C ADTQ2-C) (Q1-D ADTQ2-D) (Q1-E ADTQ2-E) (Q1-G |sit-gen1900|)) ...)
USER(10): USER(10): > Initializing a new case 
 
> Open file: Saving new generated situation. 
 
> Opening output file/stream for :  < New-Batch/G-fcdr-dist3-0750.3 > 
 File Closed (at 1). 

; cpu time (non-gc) 16,680 msec user, 60 msec system
; cpu time (gc)     1,010 msec user, 10 msec system
; cpu time (total)  17,690 msec user, 70 msec system
; real time  30,188 msec
; space allocation:
 2,066,288 cons cells,;  1,187 symbols, 3,236,024 other bytes
(((Q1-C |sit-gen2478|) (Q1-D |begin-sid3189|) (Q1-E |end-sid3190|)
  (Q1-G |sit-gen2489|))
 ((Q1-C |sit-gen3359|) (Q1-D |sit-gen2705|) (Q1-E |sit-gen2707|)
  (Q1-G |sit-gen2425|))
 ((Q1-C ADTQ2-C) (Q1-D ADTQ2-D) (Q1-E ADTQ2-E) (Q1-G |sit-gen2964|))
 ((Q1-C ADTQ2-C) (Q1-D ADTQ2-D) (Q1-E ADTQ2-E) (Q1-G |sit-gen2912|))
 ((Q1-C ADTQ2-C) (Q1-D ADTQ2-D) (Q1-E ADTQ2-E) (Q1-G |sit-gen2551|))
 ((Q1-C ADTQ2-C) (Q1-D ADTQ2-D) (Q1-E ADTQ2-E) (Q1-G |sit-gen2404|))
 ((Q1-C ADTQ2-C) (Q1-D ADTQ2-D) (Q1-E ADTQ2-E) (Q1-G |sit-gen2756|))
 ((Q1-C ADTQ2-C) (Q1-D ADTQ2-D) (Q1-E ADTQ2-E) (Q1-G |sit-gen2784|))
 ((Q1-C ADTQ2-C) (Q1-D ADTQ2-D) (Q1-E ADTQ2-E) (Q1-G |sit-gen3063|))
 ((Q1-C ADTQ2-C) (Q1-D ADTQ2-D) (Q1-E ADTQ2-E) (Q1-G |sit-gen2487|)) ...)
USER(11): USER(11): > Initializing a new case 
 
> Open file: Saving new generated situation. 
 
> Opening output file/stream for :  < New-Batch/G-fcdr-dist3-0750.4 > 
 File Closed (at 1). 

; cpu time (non-gc) 20,310 msec user, 130 msec system
; cpu time (gc)     960 msec user, 50 msec system
; cpu time (total)  21,270 msec user, 180 msec system
; real time  38,987 msec
; space allocation:
 2,187,281 cons cells,;  1,166 symbols, 4,368,392 other bytes
(((Q1-C ADTQ2-C) (Q1-D ADTQ2-D) (Q1-E ADTQ2-E) (Q1-G |sit-gen4648|))
 ((Q1-C ADTQ2-C) (Q1-D ADTQ2-D) (Q1-E ADTQ2-E) (Q1-G |sit-gen4022|))
 ((Q1-C ADTQ2-C) (Q1-D ADTQ2-D) (Q1-E ADTQ2-E) (Q1-G |sit-gen4060|))
 ((Q1-C ADTQ2-C) (Q1-D ADTQ2-D) (Q1-E ADTQ2-E) (Q1-G |sit-gen4589|))
 ((Q1-C ADTQ2-C) (Q1-D ADTQ2-D) (Q1-E ADTQ2-E) (Q1-G |sit-gen3688|))
 ((Q1-C ADTQ2-C) (Q1-D ADTQ2-D) (Q1-E ADTQ2-E) (Q1-G |sit-gen3669|))
 ((Q1-C ADTQ2-C) (Q1-D ADTQ2-D) (Q1-E ADTQ2-E) (Q1-G |sit-gen4577|))
 ((Q1-C ADTQ2-C) (Q1-D ADTQ2-D) (Q1-E ADTQ2-E) (Q1-G |sit-gen3933|))
 ((Q1-C ADTQ2-C) (Q1-D ADTQ2-D) (Q1-E ADTQ2-E) (Q1-G |sit-gen4158|))
 ((Q1-C ADTQ2-C) (Q1-D ADTQ2-D) (Q1-E ADTQ2-E) (Q1-G |sit-gen4579|)) ...)
USER(12): USER(12): > Initializing a new case 
 
> Open file: Saving new generated situation. 
 
> Opening output file/stream for :  < New-Batch/G-fcdr-dist3-0750.5 > 
 File Closed (at 1). 

; cpu time (non-gc) 17,080 msec user, 80 msec system
; cpu time (gc)     1,000 msec user, 10 msec system
; cpu time (total)  18,080 msec user, 90 msec system
; real time  30,084 msec
; space allocation:
 2,127,624 cons cells,;  1,164 symbols, 3,531,664 other bytes
(((Q1-C |sit-gen5443|) (Q1-D |begin-sid5444|) (Q1-E |end-sid5446|)
  (Q1-G |sit-gen5512|))
 ((Q1-C |sit-gen5443|) (Q1-D |begin-sid5444|) (Q1-E |end-sid5446|)
  (Q1-G |sit-gen4857|))
 ((Q1-C |sit-gen5443|) (Q1-D |begin-sid5444|) (Q1-E |end-sid5446|)
  (Q1-G |sit-gen5602|))
 ((Q1-C |sit-gen5605|) (Q1-D |begin-sid5606|) (Q1-E |end-sid5608|)
  (Q1-G |sit-gen5802|))
 ((Q1-C ADTQ2-C) (Q1-D ADTQ2-D) (Q1-E ADTQ2-E) (Q1-G |sit-gen5091|))
 ((Q1-C ADTQ2-C) (Q1-D ADTQ2-D) (Q1-E ADTQ2-E) (Q1-G |sit-gen5022|))
 ((Q1-C ADTQ2-C) (Q1-D ADTQ2-D) (Q1-E ADTQ2-E) (Q1-G |sit-gen5427|))
 ((Q1-C ADTQ2-C) (Q1-D ADTQ2-D) (Q1-E ADTQ2-E) (Q1-G |sit-gen5552|))
 ((Q1-C ADTQ2-C) (Q1-D ADTQ2-D) (Q1-E ADTQ2-E) (Q1-G |sit-gen5622|))
 ((Q1-C ADTQ2-C) (Q1-D ADTQ2-D) (Q1-E ADTQ2-E) (Q1-G |sit-gen5107|)) ...)
USER(13): USER(13): > Initializing a new case 
 
> Open file: Saving new generated situation. 
 
> Opening output file/stream for :  < New-Batch/G-fcdr-dist3-0750.6 > 
 File Closed (at 1). 

; cpu time (non-gc) 23,410 msec user, 60 msec system
; cpu time (gc)     1,110 msec user, 10 msec system
; cpu time (total)  24,520 msec user, 70 msec system
; real time  40,295 msec
; space allocation:
 2,236,875 cons cells,;  1,203 symbols, 4,601,112 other bytes
(((Q1-C ADTQ2-C) (Q1-D ADTQ2-D) (Q1-E ADTQ2-E) (Q1-G |sit-gen6271|))
 ((Q1-C ADTQ2-C) (Q1-D ADTQ2-D) (Q1-E ADTQ2-E) (Q1-G |sit-gen6201|))
 ((Q1-C ADTQ2-C) (Q1-D ADTQ2-D) (Q1-E ADTQ2-E) (Q1-G |sit-gen7081|))
 ((Q1-C ADTQ2-C) (Q1-D ADTQ2-D) (Q1-E ADTQ2-E) (Q1-G |sit-gen6776|))
 ((Q1-C ADTQ2-C) (Q1-D ADTQ2-D) (Q1-E ADTQ2-E) (Q1-G |sit-gen6263|))
 ((Q1-C ADTQ2-C) (Q1-D ADTQ2-D) (Q1-E ADTQ2-E) (Q1-G |sit-gen7051|))
 ((Q1-C ADTQ2-C) (Q1-D ADTQ2-D) (Q1-E ADTQ2-E) (Q1-G |sit-gen6637|))
 ((Q1-C ADTQ2-C) (Q1-D ADTQ2-D) (Q1-E ADTQ2-E) (Q1-G |sit-gen6820|))
 ((Q1-C ADTQ2-C) (Q1-D ADTQ2-D) (Q1-E ADTQ2-E) (Q1-G |sit-gen6194|))
 ((Q1-C ADTQ2-C) (Q1-D ADTQ2-D) (Q1-E ADTQ2-E) (Q1-G |sit-gen6620|)) ...)
USER(14): USER(14): > Initializing a new case 
 
> Open file: Saving new generated situation. 
 
> Opening output file/stream for :  < New-Batch/G-fcdr-dist3-0750.7 > 
 File Closed (at 1). 

; cpu time (non-gc) 21,940 msec user, 100 msec system
; cpu time (gc)     1,080 msec user, 20 msec system
; cpu time (total)  23,020 msec user, 120 msec system
; real time  35,734 msec
; space allocation:
 2,237,207 cons cells,;  1,170 symbols, 4,475,472 other bytes
(((Q1-C |sit-gen7175|) (Q1-D |begin-sid7176|) (Q1-E |end-sid7178|)
  (Q1-G |sit-gen7226|))
 ((Q1-C |sit-gen8113|) (Q1-D |begin-sid8114|) (Q1-E |end-sid8116|)
  (Q1-G |sit-gen7656|))
 ((Q1-C |sit-gen8113|) (Q1-D |begin-sid8114|) (Q1-E |end-sid8116|)
  (Q1-G |sit-gen7894|))
 ((Q1-C |sit-gen8113|) (Q1-D |begin-sid8114|) (Q1-E |end-sid8116|)
  (Q1-G |sit-gen8058|))
 ((Q1-C |sit-gen7676|) (Q1-D |begin-sid7677|) (Q1-E |end-sid7679|)
  (Q1-G ADTQ2-G))
 ((Q1-C ADTQ2-C) (Q1-D ADTQ2-D) (Q1-E ADTQ2-E) (Q1-G |sit-gen8020|))
 ((Q1-C ADTQ2-C) (Q1-D ADTQ2-D) (Q1-E ADTQ2-E) (Q1-G |sit-gen8165|))
 ((Q1-C ADTQ2-C) (Q1-D ADTQ2-D) (Q1-E ADTQ2-E) (Q1-G |sit-gen7097|))
 ((Q1-C ADTQ2-C) (Q1-D ADTQ2-D) (Q1-E ADTQ2-E) (Q1-G |sit-gen8168|))
 ((Q1-C ADTQ2-C) (Q1-D ADTQ2-D) (Q1-E ADTQ2-E) (Q1-G |sit-gen8260|)) ...)
USER(15): USER(15): > Initializing a new case 
 
> Open file: Saving new generated situation. 
 
> Opening output file/stream for :  < New-Batch/G-fcdr-dist3-0750.8 > 
 File Closed (at 1). 

; cpu time (non-gc) 22,980 msec user, 130 msec system
; cpu time (gc)     1,370 msec user, 50 msec system
; cpu time (total)  24,350 msec user, 180 msec system
; real time  37,332 msec
; space allocation:
 2,392,370 cons cells,;  1,193 symbols, 5,242,432 other bytes
(((Q1-C |sit-gen8684|) (Q1-D |begin-sid8685|) (Q1-E |end-sid8687|)
  (Q1-G |sit-gen9031|))
 ((Q1-C |sit-gen8684|) (Q1-D |begin-sid8685|) (Q1-E |end-sid8687|)
  (Q1-G |sit-gen8505|))
 ((Q1-C ADTQ2-C) (Q1-D ADTQ2-D) (Q1-E ADTQ2-E) (Q1-G |sit-gen8968|))
 ((Q1-C ADTQ2-C) (Q1-D ADTQ2-D) (Q1-E ADTQ2-E) (Q1-G |sit-gen8619|))
 ((Q1-C ADTQ2-C) (Q1-D ADTQ2-D) (Q1-E ADTQ2-E) (Q1-G |sit-gen8542|))
 ((Q1-C ADTQ2-C) (Q1-D ADTQ2-D) (Q1-E ADTQ2-E) (Q1-G |sit-gen8765|))
 ((Q1-C ADTQ2-C) (Q1-D ADTQ2-D) (Q1-E ADTQ2-E) (Q1-G |sit-gen8339|))
 ((Q1-C ADTQ2-C) (Q1-D ADTQ2-D) (Q1-E ADTQ2-E) (Q1-G |sit-gen9210|))
 ((Q1-C ADTQ2-C) (Q1-D ADTQ2-D) (Q1-E ADTQ2-E) (Q1-G |sit-gen9130|))
 ((Q1-C ADTQ2-C) (Q1-D ADTQ2-D) (Q1-E ADTQ2-E) (Q1-G |sit-gen9453|)) ...)
USER(16): USER(16): > Initializing a new case 
 
> Open file: Saving new generated situation. 
 
> Opening output file/stream for :  < New-Batch/G-fcdr-dist3-0750.9 > 
 File Closed (at 1). 

; cpu time (non-gc) 20,870 msec user, 90 msec system
; cpu time (gc)     1,320 msec user, 30 msec system
; cpu time (total)  22,190 msec user, 120 msec system
; real time  43,964 msec
; space allocation:
 2,226,772 cons cells,;  1,184 symbols, 4,553,608 other bytes
(((Q1-C |sit-gen10062|) (Q1-D |begin-sid10063|) (Q1-E |end-sid10065|)
  (Q1-G |sit-gen10603|))
 ((Q1-C |sit-gen10062|) (Q1-D |begin-sid10063|) (Q1-E |end-sid10065|)
  (Q1-G |sit-gen10167|))
 ((Q1-C |sit-gen9834|) (Q1-D |sit-gen9853|) (Q1-E |sit-gen9855|)
  (Q1-G |sit-gen10195|))
 ((Q1-C ADTQ2-C) (Q1-D ADTQ2-D) (Q1-E ADTQ2-E) (Q1-G |sit-gen10006|))
 ((Q1-C ADTQ2-C) (Q1-D ADTQ2-D) (Q1-E ADTQ2-E) (Q1-G |sit-gen10262|))
 ((Q1-C ADTQ2-C) (Q1-D ADTQ2-D) (Q1-E ADTQ2-E) (Q1-G |sit-gen10180|))
 ((Q1-C ADTQ2-C) (Q1-D ADTQ2-D) (Q1-E ADTQ2-E) (Q1-G |sit-gen9528|))
 ((Q1-C ADTQ2-C) (Q1-D ADTQ2-D) (Q1-E ADTQ2-E) (Q1-G |sit-gen9918|))
 ((Q1-C ADTQ2-C) (Q1-D ADTQ2-D) (Q1-E ADTQ2-E) (Q1-G |sit-gen9468|))
 ((Q1-C ADTQ2-C) (Q1-D ADTQ2-D) (Q1-E ADTQ2-E) (Q1-G |sit-gen9630|)) ...)
USER(17): USER(17): > Initializing a new case 
 
> Open file: Saving new generated situation. 
 
> Opening output file/stream for :  < New-Batch/G-fcdr-dist3-0750.99 > 
 File Closed (at 1). 

; cpu time (non-gc) 19,940 msec user, 50 msec system
; cpu time (gc)     1,220 msec user, 10 msec system
; cpu time (total)  21,160 msec user, 60 msec system
; real time  38,183 msec
; space allocation:
 2,167,980 cons cells,;  1,175 symbols, 4,355,944 other bytes
(((Q1-C |sit-gen10902|) (Q1-D |begin-sid10903|) (Q1-E |end-sid10905|)
  (Q1-G |sit-gen10922|))
 ((Q1-C |sit-gen10902|) (Q1-D |begin-sid10903|) (Q1-E |end-sid10905|)
  (Q1-G |sit-gen11578|))
 ((Q1-C ADTQ2-C) (Q1-D ADTQ2-D) (Q1-E ADTQ2-E) (Q1-G |sit-gen11287|))
 ((Q1-C ADTQ2-C) (Q1-D ADTQ2-D) (Q1-E ADTQ2-E) (Q1-G |sit-gen11411|))
 ((Q1-C ADTQ2-C) (Q1-D ADTQ2-D) (Q1-E ADTQ2-E) (Q1-G |sit-gen10861|))
 ((Q1-C ADTQ2-C) (Q1-D ADTQ2-D) (Q1-E ADTQ2-E) (Q1-G |sit-gen11562|))
 ((Q1-C ADTQ2-C) (Q1-D ADTQ2-D) (Q1-E ADTQ2-E) (Q1-G |sit-gen11222|))
 ((Q1-C ADTQ2-C) (Q1-D ADTQ2-D) (Q1-E ADTQ2-E) (Q1-G |sit-gen10749|))
 ((Q1-C ADTQ2-C) (Q1-D ADTQ2-D) (Q1-E ADTQ2-E) (Q1-G |sit-gen10921|))
 ((Q1-C ADTQ2-C) (Q1-D ADTQ2-D) (Q1-E ADTQ2-E) (Q1-G |sit-gen11372|)) ...)
USER(18): ; Exiting Lisp
