;;; Sun Common Lisp, Development Environment 4.0.1, 6 July 1990
;;; Sun-4 Version for SunOS 4.0.x and sunOS 4.1 
;;;
;;; Copyright (c) 1985, 1986, 1987, 1988, 1989, 1990
;;;            by Sun Microsystems, Inc.,  All Rights Reserved
;;; Copyright (c) 1985, 1986, 1987, 1988, 1989, 1990
;;;            by Lucid, Inc., All Rights Reserved
;;; This software product contains confidential and trade secret
;;; information belonging to Sun Microsystems, Inc.  It may not be copied
;;; for any reason other than for archival and backup purposes.
;;;
;;; Sun, Sun-4, and Sun Common Lisp are trademarks of Sun Microsystems Inc.

> Test Aug 12, 1993 using Aug 5 version v0.5 MOTOR
"Test Aug 12, 1993 using Aug 5 version v0.5 MOTOR"
> 
NIL
> 
NIL
> ;;; Loading source file "load.lisp"
;;; Warning: File "load.lisp" does not begin with IN-PACKAGE.  Loading into package "USER"
;;; Loading binary file "/cc/users/woods/ideas/csp/bm.sbin"
;;; Loading binary file "/cc/users/woods/ideas/csp/bt.sbin"
;;; Loading binary file "/cc/users/woods/ideas/csp/ct.sbin"
;;; Loading binary file "/cc/users/woods/ideas/csp/utility.sbin"
;;; Loading source file "/cc/users/woods/ideas/csp/compile.lisp"
;;; Warning: File "/cc/users/woods/ideas/csp/compile.lisp" does not begin with IN-PACKAGE.  Loading into package "USER"
;;; Loading binary file "queens.sbin"
;;; Loading binary file "mpr-simple.sbin"
;;; Warning: Redefining Function NODE-CONSISTENT-VARIABLES which used to be defined in "/home/users/woods/Steve/csp/queens.lisp"
;;; Warning: Redefining Function ARC-P which used to be defined in "/home/users/woods/Steve/csp/queens.lisp"
;;; Warning: Redefining Function CONSISTENT-P which used to be defined in "/home/users/woods/Steve/csp/queens.lisp"
;;; Warning: Redefining Function GET-CONSTRAINT-MAX-LEVEL which used to be defined in "/home/users/woods/Steve/csp/queens.lisp"
;;; Loading binary file "mpr-setup.sbin"
#P"/tmp_mnt/cc/users/woods/woods/Steve/csp/load.lisp"
> **** Noise 700 ****
"**** Noise 700 ****"
> 
NIL
> 
NIL
> ;;; Loading binary file "mpr-setup.sbin"
Warning! AC and SCH not supported yet in BackMark
 File Closed. 

Elapsed Real Time = 31.47 seconds
Total Run Time    = 29.05 seconds
User Run Time     = 28.78 seconds
System Run Time   = 0.27 seconds
Process Page Faults    =         41
Dynamic Bytes Consed   =     22,144
Ephemeral Bytes Consed = 53,003,872
There were 101 ephemeral GCs
COMPLETE
> ;;; Loading binary file "mpr-setup.sbin"
Warning! AC and SCH not supported yet in BackMark
 File Closed. 

Elapsed Real Time = 29.61 seconds
Total Run Time    = 28.26 seconds
User Run Time     = 28.02 seconds
System Run Time   = 0.24 seconds
Process Page Faults    =          8
Dynamic Bytes Consed   =    293,152
Ephemeral Bytes Consed = 53,080,016
There were 101 ephemeral GCs
COMPLETE
> ;;; Loading binary file "mpr-setup.sbin"
Warning! AC and SCH not supported yet in BackMark
 File Closed. 

Elapsed Real Time = 27.12 seconds
Total Run Time    = 25.49 seconds
User Run Time     = 25.25 seconds
System Run Time   = 0.24 seconds
Process Page Faults    =          6
Dynamic Bytes Consed   =    273,624
Ephemeral Bytes Consed = 51,644,368
There were 99 ephemeral GCs
COMPLETE
> ;;; Loading binary file "mpr-setup.sbin"
Warning! AC and SCH not supported yet in BackMark
 File Closed. 

Elapsed Real Time = 30.17 seconds
Total Run Time    = 27.85 seconds
User Run Time     = 27.68 seconds
System Run Time   = 0.17 seconds
Process Page Faults    =          3
Dynamic Bytes Consed   =    433,632
Ephemeral Bytes Consed = 52,700,272
There were 100 ephemeral GCs
COMPLETE
> ;;; Loading binary file "mpr-setup.sbin"
Warning! AC and SCH not supported yet in BackMark
 File Closed. 

Elapsed Real Time = 27.98 seconds
Total Run Time    = 26.48 seconds
User Run Time     = 26.21 seconds
System Run Time   = 0.27 seconds
Process Page Faults    =          3
Dynamic Bytes Consed   =    378,536
Ephemeral Bytes Consed = 51,959,880
There were 99 ephemeral GCs
COMPLETE
> ;;; Loading binary file "mpr-setup.sbin"
Warning! AC and SCH not supported yet in BackMark
 File Closed. 

Elapsed Real Time = 29.32 seconds
Total Run Time    = 26.73 seconds
User Run Time     = 26.57 seconds
System Run Time   = 0.16 seconds
Process Page Faults    =          4
Dynamic Bytes Consed   =          0
Ephemeral Bytes Consed = 52,109,264
There were 100 ephemeral GCs
COMPLETE
> ;;; Loading binary file "mpr-setup.sbin"
;;; Expanding Dynamic Memory
Warning! AC and SCH not supported yet in BackMark
 File Closed. 

Elapsed Real Time = 28.02 seconds
Total Run Time    = 26.30 seconds
User Run Time     = 26.08 seconds
System Run Time   = 0.22 seconds
Process Page Faults    =         11
Dynamic Bytes Consed   =    224,304
Ephemeral Bytes Consed = 52,078,536
There were 99 ephemeral GCs
COMPLETE
> ;;; Loading binary file "mpr-setup.sbin"
Warning! AC and SCH not supported yet in BackMark
 File Closed. 

Elapsed Real Time = 26.77 seconds
Total Run Time    = 25.43 seconds
User Run Time     = 25.34 seconds
System Run Time   = 0.09 seconds
Process Page Faults    =          2
Dynamic Bytes Consed   =    281,800
Ephemeral Bytes Consed = 51,668,824
There were 99 ephemeral GCs
COMPLETE
> ;;; Loading binary file "mpr-setup.sbin"
;;; GC: 94638 words [378552 bytes] of dynamic storage in use.
;;; 577104 words [2308416 bytes] of free storage available before a GC.
;;; 1248846 words [4995384 bytes] of free storage available if GC is disabled.
Warning! AC and SCH not supported yet in BackMark
 File Closed. 

Elapsed Real Time = 29.67 seconds
Total Run Time    = 26.77 seconds
User Run Time     = 26.45 seconds
System Run Time   = 0.32 seconds
Process Page Faults    =        246
Dynamic Bytes Consed   =    479,392
Ephemeral Bytes Consed = 51,939,856
There was 1 dynamic GC
There were 99 ephemeral GCs
COMPLETE
> ;;; Loading binary file "mpr-setup.sbin"
Warning! AC and SCH not supported yet in BackMark
 File Closed. 

Elapsed Real Time = 27.10 seconds
Total Run Time    = 25.59 seconds
User Run Time     = 25.34 seconds
System Run Time   = 0.25 seconds
Process Page Faults    =          1
Dynamic Bytes Consed   =    354,528
Ephemeral Bytes Consed = 51,587,720
There were 98 ephemeral GCs
COMPLETE
> **** Noise 800 ****
"**** Noise 800 ****"
> 
NIL
> 
NIL
> ;;; Loading binary file "mpr-setup.sbin"
Warning! AC and SCH not supported yet in BackMark
 File Closed. 

Elapsed Real Time = 36.98 seconds
Total Run Time    = 35.69 seconds
User Run Time     = 35.45 seconds
System Run Time   = 0.24 seconds
Process Page Faults    =          1
Dynamic Bytes Consed   =    375,344
Ephemeral Bytes Consed = 68,122,072
There were 130 ephemeral GCs
COMPLETE
> ;;; Loading binary file "mpr-setup.sbin"
Warning! AC and SCH not supported yet in BackMark
 File Closed. 

Elapsed Real Time = 35.53 seconds
Total Run Time    = 34.17 seconds
User Run Time     = 34.01 seconds
System Run Time   = 0.16 seconds
Process Page Faults    =          1
Dynamic Bytes Consed   =    338,768
Ephemeral Bytes Consed = 67,350,416
There were 129 ephemeral GCs
COMPLETE
> ;;; Loading binary file "mpr-setup.sbin"
Warning! AC and SCH not supported yet in BackMark
 File Closed. 

Elapsed Real Time = 34.80 seconds
Total Run Time    = 33.33 seconds
User Run Time     = 32.83 seconds
System Run Time   = 0.50 seconds
Process Page Faults    =          0
Dynamic Bytes Consed   =    328,384
Ephemeral Bytes Consed = 67,208,744
There were 128 ephemeral GCs
COMPLETE
> ;;; Loading binary file "mpr-setup.sbin"
;;; GC: 100194 words [400776 bytes] of dynamic storage in use.
;;; 571548 words [2286192 bytes] of free storage available before a GC.
;;; 1243290 words [4973160 bytes] of free storage available if GC is disabled.
Warning! AC and SCH not supported yet in BackMark
 File Closed. 

Elapsed Real Time = 35.30 seconds
Total Run Time    = 33.80 seconds
User Run Time     = 33.59 seconds
System Run Time   = 0.21 seconds
Process Page Faults    =          2
Dynamic Bytes Consed   =    230,568
Ephemeral Bytes Consed = 67,071,992
There was 1 dynamic GC
There were 128 ephemeral GCs
COMPLETE
> ;;; Loading binary file "mpr-setup.sbin"
Warning! AC and SCH not supported yet in BackMark
 File Closed. 

Elapsed Real Time = 34.31 seconds
Total Run Time    = 33.06 seconds
User Run Time     = 32.96 seconds
System Run Time   = 0.10 seconds
Process Page Faults    =          1
Dynamic Bytes Consed   =    184,744
Ephemeral Bytes Consed = 67,146,008
There were 128 ephemeral GCs
COMPLETE
> ;;; Loading binary file "mpr-setup.sbin"
Warning! AC and SCH not supported yet in BackMark
 File Closed. 

Elapsed Real Time = 34.27 seconds
Total Run Time    = 32.74 seconds
User Run Time     = 32.60 seconds
System Run Time   = 0.14 seconds
Process Page Faults    =          1
Dynamic Bytes Consed   =    220,352
Ephemeral Bytes Consed = 66,994,656
There were 128 ephemeral GCs
COMPLETE
> ;;; Loading binary file "mpr-setup.sbin"
Warning! AC and SCH not supported yet in BackMark
 File Closed. 

Elapsed Real Time = 35.43 seconds
Total Run Time    = 33.92 seconds
User Run Time     = 33.85 seconds
System Run Time   = 0.07 seconds
Process Page Faults    =          1
Dynamic Bytes Consed   =    258,568
Ephemeral Bytes Consed = 67,618,640
There were 129 ephemeral GCs
COMPLETE
> ;;; Loading binary file "mpr-setup.sbin"
Warning! AC and SCH not supported yet in BackMark
 File Closed. 

Elapsed Real Time = 36.20 seconds
Total Run Time    = 34.83 seconds
User Run Time     = 34.68 seconds
System Run Time   = 0.15 seconds
Process Page Faults    =          0
Dynamic Bytes Consed   =    536,904
Ephemeral Bytes Consed = 67,931,840
There were 129 ephemeral GCs
COMPLETE
> ;;; Loading binary file "mpr-setup.sbin"
Warning! AC and SCH not supported yet in BackMark
 File Closed. 

Elapsed Real Time = 35.47 seconds
Total Run Time    = 33.93 seconds
User Run Time     = 33.80 seconds
System Run Time   = 0.13 seconds
Process Page Faults    =          5
Dynamic Bytes Consed   =    226,616
Ephemeral Bytes Consed = 67,423,312
There were 129 ephemeral GCs
COMPLETE
> ;;; Loading binary file "mpr-setup.sbin"
;;; GC: 125044 words [500176 bytes] of dynamic storage in use.
;;; 546698 words [2186792 bytes] of free storage available before a GC.
;;; 1218440 words [4873760 bytes] of free storage available if GC is disabled.
Warning! AC and SCH not supported yet in BackMark
 File Closed. 

Elapsed Real Time = 36.93 seconds
Total Run Time    = 35.28 seconds
User Run Time     = 34.95 seconds
System Run Time   = 0.33 seconds
Process Page Faults    =          9
Dynamic Bytes Consed   =    241,336
Ephemeral Bytes Consed = 67,638,184
There was 1 dynamic GC
There were 129 ephemeral GCs
COMPLETE
> **** Noise 900 ****
"**** Noise 900 ****"
> 
NIL
> 
NIL
> ;;; Loading binary file "mpr-setup.sbin"
Warning! AC and SCH not supported yet in BackMark
 File Closed. 

Elapsed Real Time = 45.48 seconds
Total Run Time    = 43.82 seconds
User Run Time     = 43.49 seconds
System Run Time   = 0.33 seconds
Process Page Faults    =          1
Dynamic Bytes Consed   =    489,080
Ephemeral Bytes Consed = 85,177,840
There were 162 ephemeral GCs
COMPLETE
> ;;; Loading binary file "mpr-setup.sbin"
Warning! AC and SCH not supported yet in BackMark
 File Closed. 

Elapsed Real Time = 44.63 seconds
Total Run Time    = 43.31 seconds
User Run Time     = 43.10 seconds
System Run Time   = 0.21 seconds
Process Page Faults    =          1
Dynamic Bytes Consed   =    353,312
Ephemeral Bytes Consed = 84,943,440
There were 162 ephemeral GCs
COMPLETE
> ;;; Loading binary file "mpr-setup.sbin"
Warning! AC and SCH not supported yet in BackMark
 File Closed. 

Elapsed Real Time = 45.62 seconds
Total Run Time    = 43.56 seconds
User Run Time     = 42.75 seconds
System Run Time   = 0.81 seconds
Process Page Faults    =          4
Dynamic Bytes Consed   =    468,656
Ephemeral Bytes Consed = 84,795,440
There were 162 ephemeral GCs
COMPLETE
> ;;; Loading binary file "mpr-setup.sbin"
;;; GC: 172348 words [689392 bytes] of dynamic storage in use.
;;; 499394 words [1997576 bytes] of free storage available before a GC.
;;; 1171136 words [4684544 bytes] of free storage available if GC is disabled.
Warning! AC and SCH not supported yet in BackMark
 File Closed. 

Elapsed Real Time = 45.85 seconds
Total Run Time    = 43.97 seconds
User Run Time     = 43.24 seconds
System Run Time   = 0.73 seconds
Process Page Faults    =          1
Dynamic Bytes Consed   =    365,056
Ephemeral Bytes Consed = 85,008,560
There was 1 dynamic GC
There were 162 ephemeral GCs
COMPLETE
> ;;; Loading binary file "mpr-setup.sbin"
Warning! AC and SCH not supported yet in BackMark
 File Closed. 

Elapsed Real Time = 43.90 seconds
Total Run Time    = 42.65 seconds
User Run Time     = 42.49 seconds
System Run Time   = 0.16 seconds
Process Page Faults    =          0
Dynamic Bytes Consed   =    471,008
Ephemeral Bytes Consed = 84,933,344
There were 162 ephemeral GCs
COMPLETE
> ;;; Loading binary file "mpr-setup.sbin"
Warning! AC and SCH not supported yet in BackMark
 File Closed. 

Elapsed Real Time = 44.17 seconds
Total Run Time    = 42.67 seconds
User Run Time     = 42.17 seconds
System Run Time   = 0.50 seconds
Process Page Faults    =          5
Dynamic Bytes Consed   =    378,704
Ephemeral Bytes Consed = 84,638,392
There were 162 ephemeral GCs
COMPLETE
> ;;; Loading binary file "mpr-setup.sbin"
;;; GC: 135982 words [543928 bytes] of dynamic storage in use.
;;; 535760 words [2143040 bytes] of free storage available before a GC.
;;; 1207502 words [4830008 bytes] of free storage available if GC is disabled.
Warning! AC and SCH not supported yet in BackMark
 File Closed. 

Elapsed Real Time = 45.50 seconds
Total Run Time    = 43.78 seconds
User Run Time     = 43.18 seconds
System Run Time   = 0.60 seconds
Process Page Faults    =          7
Dynamic Bytes Consed   =    466,480
Ephemeral Bytes Consed = 85,039,160
There was 1 dynamic GC
There were 162 ephemeral GCs
COMPLETE
> ;;; Loading binary file "mpr-setup.sbin"
Warning! AC and SCH not supported yet in BackMark
 File Closed. 

Elapsed Real Time = 44.57 seconds
Total Run Time    = 43.13 seconds
User Run Time     = 42.75 seconds
System Run Time   = 0.38 seconds
Process Page Faults    =          0
Dynamic Bytes Consed   =    398,960
Ephemeral Bytes Consed = 85,234,408
There were 163 ephemeral GCs
COMPLETE
> ;;; Loading binary file "mpr-setup.sbin"
Warning! AC and SCH not supported yet in BackMark
 File Closed. 

Elapsed Real Time = 45.63 seconds
Total Run Time    = 43.79 seconds
User Run Time     = 43.32 seconds
System Run Time   = 0.47 seconds
Process Page Faults    =          0
Dynamic Bytes Consed   =    498,928
Ephemeral Bytes Consed = 84,804,072
There were 161 ephemeral GCs
COMPLETE
> ;;; Loading binary file "mpr-setup.sbin"
Warning! AC and SCH not supported yet in BackMark
 File Closed. 

Elapsed Real Time = 46.57 seconds
Total Run Time    = 44.65 seconds
User Run Time     = 43.92 seconds
System Run Time   = 0.73 seconds
Process Page Faults    =          1
Dynamic Bytes Consed   =    374,472
Ephemeral Bytes Consed = 85,542,336
There were 163 ephemeral GCs
COMPLETE
> **** Noise 1000 ****
"**** Noise 1000 ****"
> 
NIL
> 
NIL
> ;;; Loading binary file "mpr-setup.sbin"
;;; GC: 156320 words [625280 bytes] of dynamic storage in use.
;;; 515422 words [2061688 bytes] of free storage available before a GC.
;;; 1187164 words [4748656 bytes] of free storage available if GC is disabled.
Warning! AC and SCH not supported yet in BackMark
 File Closed. 

Elapsed Real Time = 58.52 seconds
Total Run Time    = 56.65 seconds
User Run Time     = 56.17 seconds
System Run Time   = 0.48 seconds
Process Page Faults    =          2
Dynamic Bytes Consed   =    489,880
Ephemeral Bytes Consed = 105,976,712
There was 1 dynamic GC
There were 202 ephemeral GCs
COMPLETE
> ;;; Loading binary file "mpr-setup.sbin"
Warning! AC and SCH not supported yet in BackMark
 File Closed. 

Elapsed Real Time = 56.91 seconds
Total Run Time    = 54.84 seconds
User Run Time     = 53.95 seconds
System Run Time   = 0.89 seconds
Process Page Faults    =          0
Dynamic Bytes Consed   =    491,144
Ephemeral Bytes Consed = 104,738,624
There were 199 ephemeral GCs
COMPLETE
> ;;; Loading binary file "mpr-setup.sbin"
;;; GC: 261062 words [1044248 bytes] of dynamic storage in use.
;;; 410680 words [1642720 bytes] of free storage available before a GC.
;;; 1082422 words [4329688 bytes] of free storage available if GC is disabled.
Warning! AC and SCH not supported yet in BackMark
 File Closed. 

Elapsed Real Time = 58.72 seconds
Total Run Time    = 56.54 seconds
User Run Time     = 55.89 seconds
System Run Time   = 0.65 seconds
Process Page Faults    =          1
Dynamic Bytes Consed   =  1,188,456
Ephemeral Bytes Consed = 104,919,368
There was 1 dynamic GC
There were 201 ephemeral GCs
COMPLETE
> ;;; Loading binary file "mpr-setup.sbin"
Warning! AC and SCH not supported yet in BackMark
 File Closed. 

Elapsed Real Time = 57.82 seconds
Total Run Time    = 55.94 seconds
User Run Time     = 55.02 seconds
System Run Time   = 0.92 seconds
Process Page Faults    =          1
Dynamic Bytes Consed   =    501,688
Ephemeral Bytes Consed = 105,113,960
There were 200 ephemeral GCs
COMPLETE
> ;;; Loading binary file "mpr-setup.sbin"
;;; GC: 261130 words [1044520 bytes] of dynamic storage in use.
;;; 410612 words [1642448 bytes] of free storage available before a GC.
;;; 1082354 words [4329416 bytes] of free storage available if GC is disabled.
Warning! AC and SCH not supported yet in BackMark
 File Closed. 

Elapsed Real Time = 56.03 seconds
Total Run Time    = 54.41 seconds
User Run Time     = 53.59 seconds
System Run Time   = 0.82 seconds
Process Page Faults    =          0
Dynamic Bytes Consed   =    470,288
Ephemeral Bytes Consed = 104,347,264
There was 1 dynamic GC
There were 199 ephemeral GCs
COMPLETE
> ;;; Loading binary file "mpr-setup.sbin"
Warning! AC and SCH not supported yet in BackMark
 File Closed. 

Elapsed Real Time = 54.02 seconds
Total Run Time    = 52.80 seconds
User Run Time     = 52.62 seconds
System Run Time   = 0.18 seconds
Process Page Faults    =          1
Dynamic Bytes Consed   =    476,784
Ephemeral Bytes Consed = 104,326,912
There were 199 ephemeral GCs
COMPLETE
> ;;; Loading binary file "mpr-setup.sbin"
;;; GC: 259880 words [1039520 bytes] of dynamic storage in use.
;;; 411862 words [1647448 bytes] of free storage available before a GC.
;;; 1083604 words [4334416 bytes] of free storage available if GC is disabled.
Warning! AC and SCH not supported yet in BackMark
 File Closed. 

Elapsed Real Time = 57.12 seconds
Total Run Time    = 55.30 seconds
User Run Time     = 53.87 seconds
System Run Time   = 1.43 seconds
Process Page Faults    =          0
Dynamic Bytes Consed   =    501,856
Ephemeral Bytes Consed = 104,679,608
There was 1 dynamic GC
There were 200 ephemeral GCs
COMPLETE
> ;;; Loading binary file "mpr-setup.sbin"
Warning! AC and SCH not supported yet in BackMark
 File Closed. 

Elapsed Real Time = 59.90 seconds
Total Run Time    = 57.03 seconds
User Run Time     = 55.77 seconds
System Run Time   = 1.26 seconds
Process Page Faults    =          0
Dynamic Bytes Consed   =    484,936
Ephemeral Bytes Consed = 105,327,672
There were 201 ephemeral GCs
COMPLETE
> ;;; Loading binary file "mpr-setup.sbin"
;;; GC: 260788 words [1043152 bytes] of dynamic storage in use.
;;; 410954 words [1643816 bytes] of free storage available before a GC.
;;; 1082696 words [4330784 bytes] of free storage available if GC is disabled.
Warning! AC and SCH not supported yet in BackMark
 File Closed. 

Elapsed Real Time = 58.27 seconds
Total Run Time    = 55.63 seconds
User Run Time     = 54.22 seconds
System Run Time   = 1.41 seconds
Process Page Faults    =          1
Dynamic Bytes Consed   =    474,024
Ephemeral Bytes Consed = 104,732,392
There was 1 dynamic GC
There were 199 ephemeral GCs
COMPLETE
> ;;; Loading binary file "mpr-setup.sbin"
Warning! AC and SCH not supported yet in BackMark
 File Closed. 

Elapsed Real Time = 53.80 seconds
Total Run Time    = 52.33 seconds
User Run Time     = 51.80 seconds
System Run Time   = 0.53 seconds
Process Page Faults    =          2
Dynamic Bytes Consed   =    463,136
Ephemeral Bytes Consed = 104,173,752
There were 198 ephemeral GCs
COMPLETE
> 