;;; Sun Common Lisp, Development Environment 4.0.1, 6 July 1990
;;; Sun-4 Version for SunOS 4.0.x and sunOS 4.1 
;;;
;;; Copyright (c) 1985, 1986, 1987, 1988, 1989, 1990
;;;            by Sun Microsystems, Inc.,  All Rights Reserved
;;; Copyright (c) 1985, 1986, 1987, 1988, 1989, 1990
;;;            by Lucid, Inc., All Rights Reserved
;;; This software product contains confidential and trade secret
;;; information belonging to Sun Microsystems, Inc.  It may not be copied
;;; for any reason other than for archival and backup purposes.
;;;
;;; Sun, Sun-4, and Sun Common Lisp are trademarks of Sun Microsystems Inc.

> Test Aug 5, 1993 using Aug 5 version v0.5 MOTOR
"Test Aug 5, 1993 using Aug 5 version v0.5 MOTOR"
> 
NIL
> 
NIL
> ;;; Loading source file "load.lisp"
;;; Warning: File "load.lisp" does not begin with IN-PACKAGE.  Loading into package "USER"
;;; Loading binary file "/cc/users/woods/ideas/csp/bm.sbin"
;;; Loading binary file "/cc/users/woods/ideas/csp/bt.sbin"
;;; Loading binary file "/cc/users/woods/ideas/csp/ct.sbin"
;;; Loading binary file "/cc/users/woods/ideas/csp/utility.sbin"
;;; Loading source file "/cc/users/woods/ideas/csp/compile.lisp"
;;; Warning: File "/cc/users/woods/ideas/csp/compile.lisp" does not begin with IN-PACKAGE.  Loading into package "USER"
;;; Loading binary file "queens.sbin"
;;; Loading binary file "mpr-simple.sbin"
;;; Warning: Redefining Function NODE-CONSISTENT-VARIABLES which used to be defined in "queens.lisp"
;;; Warning: Redefining Function ARC-P which used to be defined in "queens.lisp"
;;; Warning: Redefining Function CONSISTENT-P which used to be defined in "queens.lisp"
;;; Warning: Redefining Function GET-CONSTRAINT-MAX-LEVEL which used to be defined in "queens.lisp"
;;; Loading binary file "mpr-setup.sbin"
#P"/home/users/woods/Steve/csp/load.lisp"
> ;;; Loading binary file "mpr-setup.sbin"
 File Closed. 

Elapsed Real Time = 2.56 seconds
Total Run Time    = 1.46 seconds
User Run Time     = 1.25 seconds
System Run Time   = 0.21 seconds
Process Page Faults    =        267
Dynamic Bytes Consed   =        304
Ephemeral Bytes Consed =  1,418,840
There were 3 ephemeral GCs
COMPLETE
> ;;; Loading binary file "mpr-setup.sbin"
 File Closed. 

Elapsed Real Time = 1.97 seconds
Total Run Time    = 1.21 seconds
User Run Time     = 1.11 seconds
System Run Time   = 0.10 seconds
Process Page Faults    =        231
Dynamic Bytes Consed   =     21,840
Ephemeral Bytes Consed =  1,389,592
There were 2 ephemeral GCs
COMPLETE
> ;;; Loading binary file "mpr-setup.sbin"
 File Closed. 

Elapsed Real Time = 1.65 seconds
Total Run Time    = 1.24 seconds
User Run Time     = 1.14 seconds
System Run Time   = 0.10 seconds
Process Page Faults    =        229
Dynamic Bytes Consed   =          0
Ephemeral Bytes Consed =  1,400,280
There were 3 ephemeral GCs
COMPLETE
> ;;; Loading binary file "mpr-setup.sbin"
 File Closed. 

Elapsed Real Time = 1.64 seconds
Total Run Time    = 1.24 seconds
User Run Time     = 1.10 seconds
System Run Time   = 0.14 seconds
Process Page Faults    =        229
Dynamic Bytes Consed   =          0
Ephemeral Bytes Consed =  1,399,240
There were 3 ephemeral GCs
COMPLETE
> ;;; Loading binary file "mpr-setup.sbin"
 File Closed. 

Elapsed Real Time = 1.67 seconds
Total Run Time    = 1.23 seconds
User Run Time     = 1.07 seconds
System Run Time   = 0.16 seconds
Process Page Faults    =        230
Dynamic Bytes Consed   =          0
Ephemeral Bytes Consed =  1,403,464
There were 2 ephemeral GCs
COMPLETE
> ;;; Loading binary file "mpr-setup.sbin"
 File Closed. 

Elapsed Real Time = 1.67 seconds
Total Run Time    = 1.19 seconds
User Run Time     = 1.09 seconds
System Run Time   = 0.10 seconds
Process Page Faults    =        230
Dynamic Bytes Consed   =          0
Ephemeral Bytes Consed =  1,391,280
There were 3 ephemeral GCs
COMPLETE
> ;;; Loading binary file "mpr-setup.sbin"
 File Closed. 

Elapsed Real Time = 1.74 seconds
Total Run Time    = 1.25 seconds
User Run Time     = 1.13 seconds
System Run Time   = 0.12 seconds
Process Page Faults    =        233
Dynamic Bytes Consed   =          0
Ephemeral Bytes Consed =  1,405,992
There were 3 ephemeral GCs
COMPLETE
> ;;; Loading binary file "mpr-setup.sbin"
 File Closed. 

Elapsed Real Time = 1.65 seconds
Total Run Time    = 1.23 seconds
User Run Time     = 1.11 seconds
System Run Time   = 0.12 seconds
Process Page Faults    =        232
Dynamic Bytes Consed   =          0
Ephemeral Bytes Consed =  1,391,800
There were 2 ephemeral GCs
COMPLETE
> ;;; Loading binary file "mpr-setup.sbin"
 File Closed. 

Elapsed Real Time = 1.69 seconds
Total Run Time    = 1.23 seconds
User Run Time     = 1.12 seconds
System Run Time   = 0.11 seconds
Process Page Faults    =        233
Dynamic Bytes Consed   =          0
Ephemeral Bytes Consed =  1,401,496
There were 3 ephemeral GCs
COMPLETE
> ;;; Loading binary file "mpr-setup.sbin"
 File Closed. 

Elapsed Real Time = 1.85 seconds
Total Run Time    = 1.27 seconds
User Run Time     = 1.11 seconds
System Run Time   = 0.16 seconds
Process Page Faults    =        235
Dynamic Bytes Consed   =     43,776
Ephemeral Bytes Consed =  1,397,112
There were 3 ephemeral GCs
COMPLETE
> **** Noise 200 ****
"**** Noise 200 ****"
> 
NIL
> 
NIL
> ;;; Loading binary file "mpr-setup.sbin"
 File Closed. 

Elapsed Real Time = 3.77 seconds
Total Run Time    = 3.31 seconds
User Run Time     = 3.18 seconds
System Run Time   = 0.13 seconds
Process Page Faults    =        235
Dynamic Bytes Consed   =          0
Ephemeral Bytes Consed =  4,752,200
There were 9 ephemeral GCs
COMPLETE
> ;;; Loading binary file "mpr-setup.sbin"
 File Closed. 

Elapsed Real Time = 3.89 seconds
Total Run Time    = 3.33 seconds
User Run Time     = 3.22 seconds
System Run Time   = 0.11 seconds
Process Page Faults    =        235
Dynamic Bytes Consed   =          0
Ephemeral Bytes Consed =  4,734,088
There were 9 ephemeral GCs
COMPLETE
> ;;; Loading binary file "mpr-setup.sbin"
 File Closed. 

Elapsed Real Time = 4.02 seconds
Total Run Time    = 3.34 seconds
User Run Time     = 3.23 seconds
System Run Time   = 0.11 seconds
Process Page Faults    =        236
Dynamic Bytes Consed   =          0
Ephemeral Bytes Consed =  4,749,624
There were 9 ephemeral GCs
COMPLETE
> ;;; Loading binary file "mpr-setup.sbin"
 File Closed. 

Elapsed Real Time = 3.89 seconds
Total Run Time    = 3.18 seconds
User Run Time     = 3.10 seconds
System Run Time   = 0.08 seconds
Process Page Faults    =        233
Dynamic Bytes Consed   =          0
Ephemeral Bytes Consed =  4,713,864
There were 9 ephemeral GCs
COMPLETE
> ;;; Loading binary file "mpr-setup.sbin"
 File Closed. 

Elapsed Real Time = 3.65 seconds
Total Run Time    = 3.26 seconds
User Run Time     = 3.14 seconds
System Run Time   = 0.12 seconds
Process Page Faults    =        234
Dynamic Bytes Consed   =          0
Ephemeral Bytes Consed =  4,745,648
There were 9 ephemeral GCs
COMPLETE
> ;;; Loading binary file "mpr-setup.sbin"
 File Closed. 

Elapsed Real Time = 3.82 seconds
Total Run Time    = 3.29 seconds
User Run Time     = 3.17 seconds
System Run Time   = 0.12 seconds
Process Page Faults    =        233
Dynamic Bytes Consed   =          0
Ephemeral Bytes Consed =  4,731,120
There were 9 ephemeral GCs
COMPLETE
> ;;; Loading binary file "mpr-setup.sbin"
 File Closed. 

Elapsed Real Time = 3.62 seconds
Total Run Time    = 3.18 seconds
User Run Time     = 3.07 seconds
System Run Time   = 0.11 seconds
Process Page Faults    =        233
Dynamic Bytes Consed   =          0
Ephemeral Bytes Consed =  4,718,520
There were 9 ephemeral GCs
COMPLETE
> ;;; Loading binary file "mpr-setup.sbin"
 File Closed. 

Elapsed Real Time = 3.95 seconds
Total Run Time    = 3.25 seconds
User Run Time     = 3.13 seconds
System Run Time   = 0.12 seconds
Process Page Faults    =        242
Dynamic Bytes Consed   =          0
Ephemeral Bytes Consed =  4,718,160
There were 9 ephemeral GCs
COMPLETE
> ;;; Loading binary file "mpr-setup.sbin"
 File Closed. 

Elapsed Real Time = 3.89 seconds
Total Run Time    = 3.44 seconds
User Run Time     = 3.30 seconds
System Run Time   = 0.14 seconds
Process Page Faults    =        244
Dynamic Bytes Consed   =     87,600
Ephemeral Bytes Consed =  4,767,072
There were 9 ephemeral GCs
COMPLETE
> ;;; Loading binary file "mpr-setup.sbin"
 File Closed. 

Elapsed Real Time = 3.92 seconds
Total Run Time    = 3.22 seconds
User Run Time     = 3.09 seconds
System Run Time   = 0.13 seconds
Process Page Faults    =        245
Dynamic Bytes Consed   =          0
Ephemeral Bytes Consed =  4,718,360
There were 9 ephemeral GCs
COMPLETE
> **** Noise 300 ****
"**** Noise 300 ****"
> 
NIL
> 
NIL
> ;;; Loading binary file "mpr-setup.sbin"
 File Closed. 

Elapsed Real Time = 7.02 seconds
Total Run Time    = 6.59 seconds
User Run Time     = 6.45 seconds
System Run Time   = 0.14 seconds
Process Page Faults    =        246
Dynamic Bytes Consed   =          0
Ephemeral Bytes Consed = 10,116,688
There were 19 ephemeral GCs
COMPLETE
> ;;; Loading binary file "mpr-setup.sbin"
 File Closed. 

Elapsed Real Time = 7.04 seconds
Total Run Time    = 6.58 seconds
User Run Time     = 6.45 seconds
System Run Time   = 0.13 seconds
Process Page Faults    =        246
Dynamic Bytes Consed   =          0
Ephemeral Bytes Consed = 10,141,344
There were 20 ephemeral GCs
COMPLETE
> ;;; Loading binary file "mpr-setup.sbin"
 File Closed. 

Elapsed Real Time = 7.07 seconds
Total Run Time    = 6.64 seconds
User Run Time     = 6.43 seconds
System Run Time   = 0.21 seconds
Process Page Faults    =        251
Dynamic Bytes Consed   =    152,264
Ephemeral Bytes Consed = 10,093,840
There were 19 ephemeral GCs
COMPLETE
> ;;; Loading binary file "mpr-setup.sbin"
 File Closed. 

Elapsed Real Time = 7.94 seconds
Total Run Time    = 6.87 seconds
User Run Time     = 6.69 seconds
System Run Time   = 0.18 seconds
Process Page Faults    =        244
Dynamic Bytes Consed   =          0
Ephemeral Bytes Consed = 10,192,992
There were 19 ephemeral GCs
COMPLETE
> ;;; Loading binary file "mpr-setup.sbin"
 File Closed. 

Elapsed Real Time = 7.20 seconds
Total Run Time    = 6.52 seconds
User Run Time     = 6.38 seconds
System Run Time   = 0.14 seconds
Process Page Faults    =        250
Dynamic Bytes Consed   =          0
Ephemeral Bytes Consed = 10,065,288
There were 20 ephemeral GCs
COMPLETE
> ;;; Loading binary file "mpr-setup.sbin"
 File Closed. 

Elapsed Real Time = 6.99 seconds
Total Run Time    = 6.41 seconds
User Run Time     = 6.28 seconds
System Run Time   = 0.13 seconds
Process Page Faults    =        247
Dynamic Bytes Consed   =          0
Ephemeral Bytes Consed = 10,063,544
There were 19 ephemeral GCs
COMPLETE
> ;;; Loading binary file "mpr-setup.sbin"
 File Closed. 

Elapsed Real Time = 7.35 seconds
Total Run Time    = 6.44 seconds
User Run Time     = 6.27 seconds
System Run Time   = 0.17 seconds
Process Page Faults    =        244
Dynamic Bytes Consed   =          0
Ephemeral Bytes Consed = 10,078,864
There were 19 ephemeral GCs
COMPLETE
> ;;; Loading binary file "mpr-setup.sbin"
 File Closed. 

Elapsed Real Time = 7.19 seconds
Total Run Time    = 6.57 seconds
User Run Time     = 6.40 seconds
System Run Time   = 0.17 seconds
Process Page Faults    =        246
Dynamic Bytes Consed   =          0
Ephemeral Bytes Consed = 10,139,856
There were 19 ephemeral GCs
COMPLETE
> ;;; Loading binary file "mpr-setup.sbin"
 File Closed. 

Elapsed Real Time = 6.95 seconds
Total Run Time    = 6.53 seconds
User Run Time     = 6.38 seconds
System Run Time   = 0.15 seconds
Process Page Faults    =        246
Dynamic Bytes Consed   =          0
Ephemeral Bytes Consed = 10,072,184
There were 20 ephemeral GCs
COMPLETE
> ;;; Loading binary file "mpr-setup.sbin"
 File Closed. 

Elapsed Real Time = 6.87 seconds
Total Run Time    = 6.50 seconds
User Run Time     = 6.35 seconds
System Run Time   = 0.15 seconds
Process Page Faults    =        245
Dynamic Bytes Consed   =    300,936
Ephemeral Bytes Consed = 10,049,864
There were 19 ephemeral GCs
COMPLETE
> **** Noise  400 ****
"**** Noise  400 ****"
> 
NIL
> 
NIL
> ;;; Loading binary file "mpr-setup.sbin"
 File Closed. 

Elapsed Real Time = 13.04 seconds
Total Run Time    = 11.18 seconds
User Run Time     = 10.96 seconds
System Run Time   = 0.22 seconds
Process Page Faults    =        255
Dynamic Bytes Consed   =          0
Ephemeral Bytes Consed = 17,442,616
There were 33 ephemeral GCs
COMPLETE
> ;;; Loading binary file "mpr-setup.sbin"
 File Closed. 

Elapsed Real Time = 11.92 seconds
Total Run Time    = 11.40 seconds
User Run Time     = 11.21 seconds
System Run Time   = 0.19 seconds
Process Page Faults    =        265
Dynamic Bytes Consed   =          0
Ephemeral Bytes Consed = 17,531,592
There were 34 ephemeral GCs
COMPLETE
> ;;; Loading binary file "mpr-setup.sbin"
 File Closed. 

Elapsed Real Time = 12.92 seconds
Total Run Time    = 11.62 seconds
User Run Time     = 11.42 seconds
System Run Time   = 0.20 seconds
Process Page Faults    =        276
Dynamic Bytes Consed   =          0
Ephemeral Bytes Consed = 17,586,448
There were 33 ephemeral GCs
COMPLETE
> ;;; Loading binary file "mpr-setup.sbin"
 File Closed. 

Elapsed Real Time = 12.73 seconds
Total Run Time    = 11.89 seconds
User Run Time     = 11.69 seconds
System Run Time   = 0.20 seconds
Process Page Faults    =        279
Dynamic Bytes Consed   =    147,616
Ephemeral Bytes Consed = 17,669,784
There were 34 ephemeral GCs
COMPLETE
> ;;; Loading binary file "mpr-setup.sbin"
 File Closed. 

Elapsed Real Time = 11.67 seconds
Total Run Time    = 11.15 seconds
User Run Time     = 10.98 seconds
System Run Time   = 0.17 seconds
Process Page Faults    =        269
Dynamic Bytes Consed   =          0
Ephemeral Bytes Consed = 17,494,600
There were 33 ephemeral GCs
COMPLETE
> ;;; Loading binary file "mpr-setup.sbin"
 File Closed. 

Elapsed Real Time = 11.15 seconds
Total Run Time    = 10.75 seconds
User Run Time     = 10.60 seconds
System Run Time   = 0.15 seconds
Process Page Faults    =        270
Dynamic Bytes Consed   =          0
Ephemeral Bytes Consed = 17,399,464
There were 33 ephemeral GCs
COMPLETE
> ;;; Loading binary file "mpr-setup.sbin"
 File Closed. 

Elapsed Real Time = 11.87 seconds
Total Run Time    = 11.10 seconds
User Run Time     = 10.97 seconds
System Run Time   = 0.13 seconds
Process Page Faults    =        276
Dynamic Bytes Consed   =    218,520
Ephemeral Bytes Consed = 17,464,928
There were 34 ephemeral GCs
COMPLETE
> ;;; Loading binary file "mpr-setup.sbin"
 File Closed. 

Elapsed Real Time = 11.67 seconds
Total Run Time    = 10.97 seconds
User Run Time     = 10.84 seconds
System Run Time   = 0.13 seconds
Process Page Faults    =        269
Dynamic Bytes Consed   =          0
Ephemeral Bytes Consed = 17,440,176
There were 33 ephemeral GCs
COMPLETE
> ;;; Loading binary file "mpr-setup.sbin"
 File Closed. 

Elapsed Real Time = 11.49 seconds
Total Run Time    = 11.04 seconds
User Run Time     = 10.87 seconds
System Run Time   = 0.17 seconds
Process Page Faults    =        271
Dynamic Bytes Consed   =          0
Ephemeral Bytes Consed = 17,460,056
There were 33 ephemeral GCs
COMPLETE
> ;;; Loading binary file "mpr-setup.sbin"
 File Closed. 

Elapsed Real Time = 12.72 seconds
Total Run Time    = 11.89 seconds
User Run Time     = 11.73 seconds
System Run Time   = 0.16 seconds
Process Page Faults    =        268
Dynamic Bytes Consed   =          0
Ephemeral Bytes Consed = 17,717,224
There were 34 ephemeral GCs
COMPLETE
> **** Noise 500 ****
"**** Noise 500 ****"
> 
NIL
> 
NIL
> ;;; Loading binary file "mpr-setup.sbin"
 File Closed. 

Elapsed Real Time = 18.60 seconds
Total Run Time    = 17.05 seconds
User Run Time     = 16.87 seconds
System Run Time   = 0.18 seconds
Process Page Faults    =        283
Dynamic Bytes Consed   =    185,944
Ephemeral Bytes Consed = 26,837,200
There were 51 ephemeral GCs
COMPLETE
> ;;; Loading binary file "mpr-setup.sbin"
 File Closed. 

Elapsed Real Time = 19.68 seconds
Total Run Time    = 17.08 seconds
User Run Time     = 16.81 seconds
System Run Time   = 0.27 seconds
Process Page Faults    =        267
Dynamic Bytes Consed   =          0
Ephemeral Bytes Consed = 26,832,200
There were 52 ephemeral GCs
COMPLETE
> ;;; Loading binary file "mpr-setup.sbin"
;;; Expanding Dynamic Memory
 File Closed. 

Elapsed Real Time = 18.12 seconds
Total Run Time    = 17.23 seconds
User Run Time     = 17.01 seconds
System Run Time   = 0.22 seconds
Process Page Faults    =        284
Dynamic Bytes Consed   =    258,640
Ephemeral Bytes Consed = 26,919,824
There were 51 ephemeral GCs
COMPLETE
> ;;; Loading binary file "mpr-setup.sbin"
 File Closed. 

Elapsed Real Time = 18.23 seconds
Total Run Time    = 17.00 seconds
User Run Time     = 16.80 seconds
System Run Time   = 0.20 seconds
Process Page Faults    =        272
Dynamic Bytes Consed   =          0
Ephemeral Bytes Consed = 26,833,032
There were 51 ephemeral GCs
COMPLETE
> ;;; Loading binary file "mpr-setup.sbin"
 File Closed. 

Elapsed Real Time = 18.05 seconds
Total Run Time    = 16.69 seconds
User Run Time     = 16.51 seconds
System Run Time   = 0.18 seconds
Process Page Faults    =        280
Dynamic Bytes Consed   =          0
Ephemeral Bytes Consed = 26,760,656
There were 51 ephemeral GCs
COMPLETE
> ;;; Loading binary file "mpr-setup.sbin"
;;; GC: 107808 words [431232 bytes] of dynamic storage in use.
;;; 531166 words [2124664 bytes] of free storage available before a GC.
;;; 1170140 words [4680560 bytes] of free storage available if GC is disabled.
 File Closed. 

Elapsed Real Time = 19.21 seconds
Total Run Time    = 17.56 seconds
User Run Time     = 17.23 seconds
System Run Time   = 0.33 seconds
Process Page Faults    =        606
Dynamic Bytes Consed   =    515,088
Ephemeral Bytes Consed = 26,750,944
There was 1 dynamic GC
There were 51 ephemeral GCs
COMPLETE
> ;;; Loading binary file "mpr-setup.sbin"
 File Closed. 

Elapsed Real Time = 17.40 seconds
Total Run Time    = 16.68 seconds
User Run Time     = 16.51 seconds
System Run Time   = 0.17 seconds
Process Page Faults    =        318
Dynamic Bytes Consed   =          0
Ephemeral Bytes Consed = 26,769,608
There were 51 ephemeral GCs
COMPLETE
> ;;; Loading binary file "mpr-setup.sbin"
 File Closed. 

Elapsed Real Time = 17.14 seconds
Total Run Time    = 16.29 seconds
User Run Time     = 16.14 seconds
System Run Time   = 0.15 seconds
Process Page Faults    =        278
Dynamic Bytes Consed   =    239,912
Ephemeral Bytes Consed = 26,686,560
There were 51 ephemeral GCs
COMPLETE
> ;;; Loading binary file "mpr-setup.sbin"
 File Closed. 

Elapsed Real Time = 19.25 seconds
Total Run Time    = 17.88 seconds
User Run Time     = 17.65 seconds
System Run Time   = 0.23 seconds
Process Page Faults    =        285
Dynamic Bytes Consed   =          0
Ephemeral Bytes Consed = 27,022,280
There were 52 ephemeral GCs
COMPLETE
> ;;; Loading binary file "mpr-setup.sbin"
 File Closed. 

Elapsed Real Time = 18.33 seconds
Total Run Time    = 16.88 seconds
User Run Time     = 16.60 seconds
System Run Time   = 0.28 seconds
Process Page Faults    =        283
Dynamic Bytes Consed   =          0
Ephemeral Bytes Consed = 26,773,440
There were 51 ephemeral GCs
COMPLETE
> **** Noise 600 ****
"**** Noise 600 ****"
> 
NIL
> 
NIL
> ;;; Loading binary file "mpr-setup.sbin"
 File Closed. 

Elapsed Real Time = 24.48 seconds
Total Run Time    = 23.59 seconds
User Run Time     = 23.41 seconds
System Run Time   = 0.18 seconds
Process Page Faults    =        298
Dynamic Bytes Consed   =    141,744
Ephemeral Bytes Consed = 38,122,032
There were 73 ephemeral GCs
COMPLETE
> ;;; Loading binary file "mpr-setup.sbin"
 File Closed. 

Elapsed Real Time = 24.65 seconds
Total Run Time    = 23.82 seconds
User Run Time     = 23.65 seconds
System Run Time   = 0.17 seconds
Process Page Faults    =        299
Dynamic Bytes Consed   =    309,784
Ephemeral Bytes Consed = 38,254,328
There were 73 ephemeral GCs
COMPLETE
> ;;; Loading binary file "mpr-setup.sbin"
 File Closed. 

Elapsed Real Time = 24.02 seconds
Total Run Time    = 23.07 seconds
User Run Time     = 22.89 seconds
System Run Time   = 0.18 seconds
Process Page Faults    =        279
Dynamic Bytes Consed   =          0
Ephemeral Bytes Consed = 38,144,768
There were 72 ephemeral GCs
COMPLETE
> ;;; Loading binary file "mpr-setup.sbin"
 File Closed. 

Elapsed Real Time = 24.79 seconds
Total Run Time    = 23.89 seconds
User Run Time     = 23.70 seconds
System Run Time   = 0.19 seconds
Process Page Faults    =        286
Dynamic Bytes Consed   =    253,808
Ephemeral Bytes Consed = 38,228,152
There were 73 ephemeral GCs
COMPLETE
> ;;; Loading binary file "mpr-setup.sbin"
 File Closed. 

Elapsed Real Time = 24.60 seconds
Total Run Time    = 23.48 seconds
User Run Time     = 23.29 seconds
System Run Time   = 0.19 seconds
Process Page Faults    =        285
Dynamic Bytes Consed   =          0
Ephemeral Bytes Consed = 38,140,440
There were 73 ephemeral GCs
COMPLETE
> ;;; Loading binary file "mpr-setup.sbin"
 File Closed. 

Elapsed Real Time = 25.50 seconds
Total Run Time    = 24.41 seconds
User Run Time     = 24.22 seconds
System Run Time   = 0.19 seconds
Process Page Faults    =        310
Dynamic Bytes Consed   =    175,912
Ephemeral Bytes Consed = 38,294,920
There were 73 ephemeral GCs
COMPLETE
> ;;; Loading binary file "mpr-setup.sbin"
 File Closed. 

Elapsed Real Time = 26.08 seconds
Total Run Time    = 24.79 seconds
User Run Time     = 24.56 seconds
System Run Time   = 0.23 seconds
Process Page Faults    =        329
Dynamic Bytes Consed   =          0
Ephemeral Bytes Consed = 38,441,968
There were 73 ephemeral GCs
COMPLETE
> ;;; Loading binary file "mpr-setup.sbin"
;;; GC: 119458 words [477832 bytes] of dynamic storage in use.
;;; 519516 words [2078064 bytes] of free storage available before a GC.
;;; 1158490 words [4633960 bytes] of free storage available if GC is disabled.
 File Closed. 

Elapsed Real Time = 27.98 seconds
Total Run Time    = 25.13 seconds
User Run Time     = 24.89 seconds
System Run Time   = 0.24 seconds
Process Page Faults    =        374
Dynamic Bytes Consed   =    177,864
Ephemeral Bytes Consed = 38,393,400
There was 1 dynamic GC
There were 74 ephemeral GCs
COMPLETE
> ;;; Loading binary file "mpr-setup.sbin"
 File Closed. 

Elapsed Real Time = 27.28 seconds
Total Run Time    = 24.70 seconds
User Run Time     = 24.48 seconds
System Run Time   = 0.22 seconds
Process Page Faults    =        316
Dynamic Bytes Consed   =          0
Ephemeral Bytes Consed = 38,545,360
There were 73 ephemeral GCs
COMPLETE
> ;;; Loading binary file "mpr-setup.sbin"
 File Closed. 

Elapsed Real Time = 27.27 seconds
Total Run Time    = 23.91 seconds
User Run Time     = 23.68 seconds
System Run Time   = 0.23 seconds
Process Page Faults    =        322
Dynamic Bytes Consed   =    192,168
Ephemeral Bytes Consed = 38,368,600
There were 73 ephemeral GCs
COMPLETE
> 