;;; Sun Common Lisp, Development Environment 4.0.1, 6 July 1990
;;; Sun-4 Version for SunOS 4.0.x and sunOS 4.1 
;;;
;;; Copyright (c) 1985, 1986, 1987, 1988, 1989, 1990
;;;            by Sun Microsystems, Inc.,  All Rights Reserved
;;; Copyright (c) 1985, 1986, 1987, 1988, 1989, 1990
;;;            by Lucid, Inc., All Rights Reserved
;;; This software product contains confidential and trade secret
;;; information belonging to Sun Microsystems, Inc.  It may not be copied
;;; for any reason other than for archival and backup purposes.
;;;
;;; Sun, Sun-4, and Sun Common Lisp are trademarks of Sun Microsystems Inc.

> Test Aug 5, 1993 using Aug 5 version v0.5 MOTOR
"Test Aug 5, 1993 using Aug 5 version v0.5 MOTOR"
> 
NIL
> 
NIL
> ;;; Loading source file "load.lisp"
;;; Warning: File "load.lisp" does not begin with IN-PACKAGE.  Loading into package "USER"
;;; Loading binary file "/cc/users/woods/ideas/csp/bm.sbin"
;;; Loading binary file "/cc/users/woods/ideas/csp/bt.sbin"
;;; Loading binary file "/cc/users/woods/ideas/csp/ct.sbin"
;;; Loading binary file "/cc/users/woods/ideas/csp/utility.sbin"
;;; Loading source file "/cc/users/woods/ideas/csp/compile.lisp"
;;; Warning: File "/cc/users/woods/ideas/csp/compile.lisp" does not begin with IN-PACKAGE.  Loading into package "USER"
;;; Loading binary file "queens.sbin"
;;; Loading binary file "mpr-simple.sbin"
;;; Warning: Redefining Function NODE-CONSISTENT-VARIABLES which used to be defined in "/home/users/woods/Steve/csp/queens.lisp"
;;; Warning: Redefining Function ARC-P which used to be defined in "/home/users/woods/Steve/csp/queens.lisp"
;;; Warning: Redefining Function CONSISTENT-P which used to be defined in "/home/users/woods/Steve/csp/queens.lisp"
;;; Warning: Redefining Function GET-CONSTRAINT-MAX-LEVEL which used to be defined in "/home/users/woods/Steve/csp/queens.lisp"
;;; Loading binary file "mpr-setup.sbin"
#P"/tmp_mnt/cc/users/woods/woods/Steve/csp/load.lisp"
> **** Noise 700 ****
"**** Noise 700 ****"
> 
NIL
> 
NIL
> ;;; Loading binary file "mpr-setup.sbin"
 File Closed. 

Elapsed Real Time = 27.03 seconds
Total Run Time    = 25.13 seconds
User Run Time     = 24.91 seconds
System Run Time   = 0.22 seconds
Process Page Faults    =         41
Dynamic Bytes Consed   =     22,144
Ephemeral Bytes Consed = 51,647,016
There were 98 ephemeral GCs
COMPLETE
> ;;; Loading binary file "mpr-setup.sbin"
 File Closed. 

Elapsed Real Time = 28.65 seconds
Total Run Time    = 27.26 seconds
User Run Time     = 27.06 seconds
System Run Time   = 0.20 seconds
Process Page Faults    =          8
Dynamic Bytes Consed   =    294,424
Ephemeral Bytes Consed = 52,214,752
There were 100 ephemeral GCs
COMPLETE
> ;;; Loading binary file "mpr-setup.sbin"
 File Closed. 

Elapsed Real Time = 27.67 seconds
Total Run Time    = 26.29 seconds
User Run Time     = 26.17 seconds
System Run Time   = 0.12 seconds
Process Page Faults    =          6
Dynamic Bytes Consed   =    271,776
Ephemeral Bytes Consed = 51,934,968
There were 99 ephemeral GCs
COMPLETE
> ;;; Loading binary file "mpr-setup.sbin"
 File Closed. 

Elapsed Real Time = 25.79 seconds
Total Run Time    = 24.55 seconds
User Run Time     = 24.42 seconds
System Run Time   = 0.13 seconds
Process Page Faults    =          3
Dynamic Bytes Consed   =    395,664
Ephemeral Bytes Consed = 51,425,712
There were 98 ephemeral GCs
COMPLETE
> ;;; Loading binary file "mpr-setup.sbin"
 File Closed. 

Elapsed Real Time = 26.50 seconds
Total Run Time    = 25.50 seconds
User Run Time     = 25.32 seconds
System Run Time   = 0.18 seconds
Process Page Faults    =          3
Dynamic Bytes Consed   =    339,592
Ephemeral Bytes Consed = 51,663,920
There were 99 ephemeral GCs
COMPLETE
> ;;; Loading binary file "mpr-setup.sbin"
;;; Expanding Dynamic Memory
 File Closed. 

Elapsed Real Time = 27.40 seconds
Total Run Time    = 25.15 seconds
User Run Time     = 25.03 seconds
System Run Time   = 0.12 seconds
Process Page Faults    =         12
Dynamic Bytes Consed   =    364,280
Ephemeral Bytes Consed = 51,791,144
There were 99 ephemeral GCs
COMPLETE
> ;;; Loading binary file "mpr-setup.sbin"
 File Closed. 

Elapsed Real Time = 26.58 seconds
Total Run Time    = 25.00 seconds
User Run Time     = 24.95 seconds
System Run Time   = 0.05 seconds
Process Page Faults    =          3
Dynamic Bytes Consed   =          0
Ephemeral Bytes Consed = 51,772,536
There were 98 ephemeral GCs
COMPLETE
> ;;; Loading binary file "mpr-setup.sbin"
;;; GC: 90944 words [363776 bytes] of dynamic storage in use.
;;; 548030 words [2192120 bytes] of free storage available before a GC.
;;; 1187004 words [4748016 bytes] of free storage available if GC is disabled.
 File Closed. 

Elapsed Real Time = 29.05 seconds
Total Run Time    = 26.73 seconds
User Run Time     = 26.41 seconds
System Run Time   = 0.32 seconds
Process Page Faults    =        247
Dynamic Bytes Consed   =    223,080
Ephemeral Bytes Consed = 51,928,560
There was 1 dynamic GC
There were 99 ephemeral GCs
COMPLETE
> ;;; Loading binary file "mpr-setup.sbin"
 File Closed. 

Elapsed Real Time = 29.90 seconds
Total Run Time    = 28.72 seconds
User Run Time     = 28.54 seconds
System Run Time   = 0.18 seconds
Process Page Faults    =          1
Dynamic Bytes Consed   =    448,752
Ephemeral Bytes Consed = 52,610,480
There were 101 ephemeral GCs
COMPLETE
> ;;; Loading binary file "mpr-setup.sbin"
 File Closed. 

Elapsed Real Time = 26.58 seconds
Total Run Time    = 25.44 seconds
User Run Time     = 25.35 seconds
System Run Time   = 0.09 seconds
Process Page Faults    =          1
Dynamic Bytes Consed   =    319,264
Ephemeral Bytes Consed = 51,816,120
There were 99 ephemeral GCs
COMPLETE
> **** Noise 800 ****
"**** Noise 800 ****"
> 
NIL
> 
NIL
> ;;; Loading binary file "mpr-setup.sbin"
 File Closed. 

Elapsed Real Time = 35.61 seconds
Total Run Time    = 34.48 seconds
User Run Time     = 34.29 seconds
System Run Time   = 0.19 seconds
Process Page Faults    =          1
Dynamic Bytes Consed   =    366,976
Ephemeral Bytes Consed = 67,890,336
There were 129 ephemeral GCs
COMPLETE
> ;;; Loading binary file "mpr-setup.sbin"
 File Closed. 

Elapsed Real Time = 34.52 seconds
Total Run Time    = 33.28 seconds
User Run Time     = 33.16 seconds
System Run Time   = 0.12 seconds
Process Page Faults    =          3
Dynamic Bytes Consed   =    346,136
Ephemeral Bytes Consed = 67,346,768
There were 129 ephemeral GCs
COMPLETE
> ;;; Loading binary file "mpr-setup.sbin"
;;; GC: 110094 words [440376 bytes] of dynamic storage in use.
;;; 528880 words [2115520 bytes] of free storage available before a GC.
;;; 1167854 words [4671416 bytes] of free storage available if GC is disabled.
 File Closed. 

Elapsed Real Time = 34.35 seconds
Total Run Time    = 33.15 seconds
User Run Time     = 33.04 seconds
System Run Time   = 0.11 seconds
Process Page Faults    =          0
Dynamic Bytes Consed   =    298,632
Ephemeral Bytes Consed = 66,975,704
There was 1 dynamic GC
There were 127 ephemeral GCs
COMPLETE
> ;;; Loading binary file "mpr-setup.sbin"
 File Closed. 

Elapsed Real Time = 36.48 seconds
Total Run Time    = 35.50 seconds
User Run Time     = 35.34 seconds
System Run Time   = 0.16 seconds
Process Page Faults    =          2
Dynamic Bytes Consed   =    241,760
Ephemeral Bytes Consed = 68,751,248
There were 131 ephemeral GCs
COMPLETE
> ;;; Loading binary file "mpr-setup.sbin"
 File Closed. 

Elapsed Real Time = 35.75 seconds
Total Run Time    = 34.09 seconds
User Run Time     = 33.94 seconds
System Run Time   = 0.15 seconds
Process Page Faults    =          1
Dynamic Bytes Consed   =    159,552
Ephemeral Bytes Consed = 67,466,184
There were 129 ephemeral GCs
COMPLETE
> ;;; Loading binary file "mpr-setup.sbin"
 File Closed. 

Elapsed Real Time = 35.78 seconds
Total Run Time    = 34.73 seconds
User Run Time     = 34.59 seconds
System Run Time   = 0.14 seconds
Process Page Faults    =          1
Dynamic Bytes Consed   =    204,104
Ephemeral Bytes Consed = 68,300,432
There were 130 ephemeral GCs
COMPLETE
> ;;; Loading binary file "mpr-setup.sbin"
 File Closed. 

Elapsed Real Time = 35.57 seconds
Total Run Time    = 34.24 seconds
User Run Time     = 34.00 seconds
System Run Time   = 0.24 seconds
Process Page Faults    =          1
Dynamic Bytes Consed   =    229,432
Ephemeral Bytes Consed = 67,767,816
There were 130 ephemeral GCs
COMPLETE
> ;;; Loading binary file "mpr-setup.sbin"
;;; GC: 127828 words [511312 bytes] of dynamic storage in use.
;;; 511146 words [2044584 bytes] of free storage available before a GC.
;;; 1150120 words [4600480 bytes] of free storage available if GC is disabled.
 File Closed. 

Elapsed Real Time = 34.60 seconds
Total Run Time    = 33.47 seconds
User Run Time     = 33.36 seconds
System Run Time   = 0.11 seconds
Process Page Faults    =          0
Dynamic Bytes Consed   =    477,888
Ephemeral Bytes Consed = 67,018,496
There was 1 dynamic GC
There were 128 ephemeral GCs
COMPLETE
> ;;; Loading binary file "mpr-setup.sbin"
 File Closed. 

Elapsed Real Time = 32.72 seconds
Total Run Time    = 31.55 seconds
User Run Time     = 31.45 seconds
System Run Time   = 0.10 seconds
Process Page Faults    =          1
Dynamic Bytes Consed   =    186,704
Ephemeral Bytes Consed = 66,881,040
There were 127 ephemeral GCs
COMPLETE
> ;;; Loading binary file "mpr-setup.sbin"
 File Closed. 

Elapsed Real Time = 34.97 seconds
Total Run Time    = 33.84 seconds
User Run Time     = 33.72 seconds
System Run Time   = 0.12 seconds
Process Page Faults    =          2
Dynamic Bytes Consed   =    658,712
Ephemeral Bytes Consed = 67,354,032
There were 129 ephemeral GCs
COMPLETE
> **** Noise 900 ****
"**** Noise 900 ****"
> 
NIL
> 
NIL
> ;;; Loading binary file "mpr-setup.sbin"
 File Closed. 

Elapsed Real Time = 43.45 seconds
Total Run Time    = 42.21 seconds
User Run Time     = 42.00 seconds
System Run Time   = 0.21 seconds
Process Page Faults    =          5
Dynamic Bytes Consed   =    419,912
Ephemeral Bytes Consed = 84,872,728
There were 161 ephemeral GCs
COMPLETE
> ;;; Loading binary file "mpr-setup.sbin"
;;; GC: 162900 words [651600 bytes] of dynamic storage in use.
;;; 476074 words [1904296 bytes] of free storage available before a GC.
;;; 1115048 words [4460192 bytes] of free storage available if GC is disabled.
 File Closed. 

Elapsed Real Time = 44.93 seconds
Total Run Time    = 43.40 seconds
User Run Time     = 43.20 seconds
System Run Time   = 0.20 seconds
Process Page Faults    =          1
Dynamic Bytes Consed   =    501,760
Ephemeral Bytes Consed = 85,345,144
There was 1 dynamic GC
There were 163 ephemeral GCs
COMPLETE
> ;;; Loading binary file "mpr-setup.sbin"
 File Closed. 

Elapsed Real Time = 42.22 seconds
Total Run Time    = 41.04 seconds
User Run Time     = 40.92 seconds
System Run Time   = 0.12 seconds
Process Page Faults    =          0
Dynamic Bytes Consed   =    388,208
Ephemeral Bytes Consed = 84,400,920
There were 161 ephemeral GCs
COMPLETE
> ;;; Loading binary file "mpr-setup.sbin"
 File Closed. 

Elapsed Real Time = 43.52 seconds
Total Run Time    = 42.44 seconds
User Run Time     = 42.23 seconds
System Run Time   = 0.21 seconds
Process Page Faults    =          1
Dynamic Bytes Consed   =    525,792
Ephemeral Bytes Consed = 84,989,896
There were 162 ephemeral GCs
COMPLETE
> ;;; Loading binary file "mpr-setup.sbin"
;;; GC: 175102 words [700408 bytes] of dynamic storage in use.
;;; 463872 words [1855488 bytes] of free storage available before a GC.
;;; 1102846 words [4411384 bytes] of free storage available if GC is disabled.
 File Closed. 

Elapsed Real Time = 44.20 seconds
Total Run Time    = 43.02 seconds
User Run Time     = 42.84 seconds
System Run Time   = 0.18 seconds
Process Page Faults    =          0
Dynamic Bytes Consed   =    390,888
Ephemeral Bytes Consed = 84,821,960
There was 1 dynamic GC
There were 162 ephemeral GCs
COMPLETE
> ;;; Loading binary file "mpr-setup.sbin"
 File Closed. 

Elapsed Real Time = 44.13 seconds
Total Run Time    = 42.83 seconds
User Run Time     = 42.59 seconds
System Run Time   = 0.24 seconds
Process Page Faults    =          1
Dynamic Bytes Consed   =    473,048
Ephemeral Bytes Consed = 84,881,400
There were 162 ephemeral GCs
COMPLETE
> ;;; Loading binary file "mpr-setup.sbin"
 File Closed. 

Elapsed Real Time = 45.67 seconds
Total Run Time    = 44.54 seconds
User Run Time     = 44.36 seconds
System Run Time   = 0.18 seconds
Process Page Faults    =          0
Dynamic Bytes Consed   =    419,032
Ephemeral Bytes Consed = 85,968,960
There were 164 ephemeral GCs
COMPLETE
> ;;; Loading binary file "mpr-setup.sbin"
;;; GC: 158286 words [633144 bytes] of dynamic storage in use.
;;; 480688 words [1922752 bytes] of free storage available before a GC.
;;; 1119662 words [4478648 bytes] of free storage available if GC is disabled.
 File Closed. 

Elapsed Real Time = 44.01 seconds
Total Run Time    = 42.89 seconds
User Run Time     = 42.66 seconds
System Run Time   = 0.23 seconds
Process Page Faults    =          4
Dynamic Bytes Consed   =    481,488
Ephemeral Bytes Consed = 84,767,752
There was 1 dynamic GC
There were 162 ephemeral GCs
COMPLETE
> ;;; Loading binary file "mpr-setup.sbin"
 File Closed. 

Elapsed Real Time = 43.60 seconds
Total Run Time    = 42.42 seconds
User Run Time     = 42.26 seconds
System Run Time   = 0.16 seconds
Process Page Faults    =          0
Dynamic Bytes Consed   =    389,736
Ephemeral Bytes Consed = 84,883,088
There were 162 ephemeral GCs
COMPLETE
> ;;; Loading binary file "mpr-setup.sbin"
 File Closed. 

Elapsed Real Time = 44.42 seconds
Total Run Time    = 43.30 seconds
User Run Time     = 43.07 seconds
System Run Time   = 0.23 seconds
Process Page Faults    =          0
Dynamic Bytes Consed   =    494,576
Ephemeral Bytes Consed = 85,216,352
There were 162 ephemeral GCs
COMPLETE
> **** Noise 1000 ****
"**** Noise 1000 ****"
> 
NIL
> 
NIL
> ;;; Loading binary file "mpr-setup.sbin"
;;; GC: 174582 words [698328 bytes] of dynamic storage in use.
;;; 464392 words [1857568 bytes] of free storage available before a GC.
;;; 1103366 words [4413464 bytes] of free storage available if GC is disabled.
 File Closed. 

Elapsed Real Time = 56.92 seconds
Total Run Time    = 55.78 seconds
User Run Time     = 55.51 seconds
System Run Time   = 0.27 seconds
Process Page Faults    =          0
Dynamic Bytes Consed   =    566,288
Ephemeral Bytes Consed = 105,620,368
There was 1 dynamic GC
There were 202 ephemeral GCs
COMPLETE
> ;;; Loading binary file "mpr-setup.sbin"
 File Closed. 

Elapsed Real Time = 54.25 seconds
Total Run Time    = 53.19 seconds
User Run Time     = 53.04 seconds
System Run Time   = 0.15 seconds
Process Page Faults    =          0
Dynamic Bytes Consed   =    597,392
Ephemeral Bytes Consed = 104,848,176
There were 200 ephemeral GCs
COMPLETE
> ;;; Loading binary file "mpr-setup.sbin"
;;; GC: 205840 words [823360 bytes] of dynamic storage in use.
;;; 433134 words [1732536 bytes] of free storage available before a GC.
;;; 1072108 words [4288432 bytes] of free storage available if GC is disabled.
;;; GC: 270528 words [1082112 bytes] of dynamic storage in use.
;;; 368446 words [1473784 bytes] of free storage available before a GC.
;;; 1007420 words [4029680 bytes] of free storage available if GC is disabled.
 File Closed. 

Elapsed Real Time = 55.72 seconds
Total Run Time    = 54.62 seconds
User Run Time     = 54.46 seconds
System Run Time   = 0.16 seconds
Process Page Faults    =          0
Dynamic Bytes Consed   =  1,262,192
Ephemeral Bytes Consed = 103,949,688
There were 2 dynamic GCs
There were 198 ephemeral GCs
COMPLETE
> ;;; Loading binary file "mpr-setup.sbin"
 File Closed. 

Elapsed Real Time = 53.62 seconds
Total Run Time    = 52.62 seconds
User Run Time     = 52.43 seconds
System Run Time   = 0.19 seconds
Process Page Faults    =          5
Dynamic Bytes Consed   =    577,056
Ephemeral Bytes Consed = 104,542,960
There were 199 ephemeral GCs
COMPLETE
> ;;; Loading binary file "mpr-setup.sbin"
;;; GC: 258140 words [1032560 bytes] of dynamic storage in use.
;;; 380834 words [1523336 bytes] of free storage available before a GC.
;;; 1019808 words [4079232 bytes] of free storage available if GC is disabled.
 File Closed. 

Elapsed Real Time = 53.48 seconds
Total Run Time    = 52.47 seconds
User Run Time     = 52.25 seconds
System Run Time   = 0.22 seconds
Process Page Faults    =          0
Dynamic Bytes Consed   =    535,416
Ephemeral Bytes Consed = 103,876,560
There was 1 dynamic GC
There were 199 ephemeral GCs
COMPLETE
> ;;; Loading binary file "mpr-setup.sbin"
 File Closed. 

Elapsed Real Time = 54.48 seconds
Total Run Time    = 53.38 seconds
User Run Time     = 53.16 seconds
System Run Time   = 0.22 seconds
Process Page Faults    =          1
Dynamic Bytes Consed   =    508,648
Ephemeral Bytes Consed = 104,771,088
There were 199 ephemeral GCs
COMPLETE
> ;;; Loading binary file "mpr-setup.sbin"
;;; GC: 235576 words [942304 bytes] of dynamic storage in use.
;;; 403398 words [1613592 bytes] of free storage available before a GC.
;;; 1042372 words [4169488 bytes] of free storage available if GC is disabled.
 File Closed. 

Elapsed Real Time = 60.32 seconds (1 minute, 0.32 seconds)
Total Run Time    = 59.16 seconds
User Run Time     = 58.88 seconds
System Run Time   = 0.28 seconds
Process Page Faults    =          0
Dynamic Bytes Consed   =    480,800
Ephemeral Bytes Consed = 106,257,432
There was 1 dynamic GC
There were 203 ephemeral GCs
COMPLETE
> ;;; Loading binary file "mpr-setup.sbin"
 File Closed. 

Elapsed Real Time = 53.19 seconds
Total Run Time    = 51.96 seconds
User Run Time     = 51.82 seconds
System Run Time   = 0.14 seconds
Process Page Faults    =          0
Dynamic Bytes Consed   =    499,048
Ephemeral Bytes Consed = 104,338,080
There were 199 ephemeral GCs
COMPLETE
> ;;; Loading binary file "mpr-setup.sbin"
 File Closed. 

Elapsed Real Time = 55.25 seconds
Total Run Time    = 54.10 seconds
User Run Time     = 53.91 seconds
System Run Time   = 0.19 seconds
Process Page Faults    =          4
Dynamic Bytes Consed   =    463,952
Ephemeral Bytes Consed = 105,175,328
There were 201 ephemeral GCs
COMPLETE
> ;;; Loading binary file "mpr-setup.sbin"
;;; GC: 260442 words [1041768 bytes] of dynamic storage in use.
;;; 378532 words [1514128 bytes] of free storage available before a GC.
;;; 1017506 words [4070024 bytes] of free storage available if GC is disabled.
 File Closed. 

Elapsed Real Time = 56.23 seconds
Total Run Time    = 55.06 seconds
User Run Time     = 54.81 seconds
System Run Time   = 0.25 seconds
Process Page Faults    =          1
Dynamic Bytes Consed   =    481,832
Ephemeral Bytes Consed = 103,964,632
There was 1 dynamic GC
There were 198 ephemeral GCs
COMPLETE
> 