Allegro CL 4.2 [SPARC; R1] (2/1/95 11:34)
Copyright (C) 1985-1993, Franz Inc., Berkeley, CA, USA.  All Rights Reserved.
;   Loading /fsys4/u/sgwoods/qcsp/load.lisp.
;     Fast loading /fsys4/u/sgwoods/qcsp/bm.fasl.
;     Fast loading /fsys4/u/sgwoods/qcsp/bt.fasl.
;     Fast loading /fsys4/u/sgwoods/qcsp/ct.fasl.
;     Fast loading /fsys4/u/sgwoods/qcsp/utility.fasl.
;     Loading /fsys4/u/sgwoods/qcsp/compile.lisp.
;     Fast loading /fsys4/u/sgwoods/qcsp/quilici-search.fasl.
;     Fast loading /fsys4/u/sgwoods/qcsp/adt-simple.fasl.
;     Fast loading /fsys4/u/sgwoods/qcsp/adt-setup.fasl.
;     Fast loading /fsys4/u/sgwoods/qcsp/memory-csp.fasl.
;; Optimization settings: safety 1, space 1, speed 1, debug 2
;; For a complete description of all compiler switches given the current
;; optimization settings evaluate (EXPLAIN-COMPILER-SETTINGS).
USER(1): USER(1): USER(1): Journal Testing (2 Phased)
"Journal Testing (2 Phased)"
USER(2): 
NIL
USER(3): 
NIL
USER(4): ; Loading /fsys4/u/sgwoods/qcsp/load.lisp.
;   Fast loading /fsys4/u/sgwoods/qcsp/bm.fasl.
;   Fast loading /fsys4/u/sgwoods/qcsp/bt.fasl.
;   Fast loading /fsys4/u/sgwoods/qcsp/ct.fasl.
;   Fast loading /fsys4/u/sgwoods/qcsp/utility.fasl.
;   Loading /fsys4/u/sgwoods/qcsp/compile.lisp.
;   Fast loading /fsys4/u/sgwoods/qcsp/quilici-search.fasl.
;   Fast loading /fsys4/u/sgwoods/qcsp/adt-simple.fasl.
;   Fast loading /fsys4/u/sgwoods/qcsp/adt-setup.fasl.
;   Fast loading /fsys4/u/sgwoods/qcsp/memory-csp.fasl.
T
USER(5): USER(5): **** Noise 250 ****
"**** Noise 250 ****"
USER(6): 
NIL
USER(7): 
NIL
USER(8): > Reload situation from existing file.  < ADT-Situation/Sit-quilici-i1-dist1-default-250 > 
> Opened situation file.  < #<CHARACTER-INPUT-FILE-STREAM
                              #p"/fsys4/u/sgwoods/qcsp/ADT-Situation/Sit-quilici-i1-dist1-default-250" pos 0> > 
> Closing situation file.  < #<CHARACTER-INPUT-FILE-STREAM
                               #p"/fsys4/u/sgwoods/qcsp/ADT-Situation/Sit-quilici-i1-dist1-default-250" pos 18799> > 
> Reload situation from existing file.  < ADT-Situation/Sit-quilici-i1-dist1-default-250 > 
> Opened situation file.  < #<CHARACTER-INPUT-FILE-STREAM
                              #p"/fsys4/u/sgwoods/qcsp/ADT-Situation/Sit-quilici-i1-dist1-default-250" pos 0> > 
> Closing situation file.  < #<CHARACTER-INPUT-FILE-STREAM
                               #p"/fsys4/u/sgwoods/qcsp/ADT-Situation/Sit-quilici-i1-dist1-default-250" pos 18799> > 
> >> WARNING: CLOSE-TO constraint may sacrifice completeness<< 
 
> Reload situation from existing file.  < ADT-Situation/Sit-quilici-i1-dist1-default-250 > 
> Opened situation file.  < #<CHARACTER-INPUT-FILE-STREAM
                              #p"/fsys4/u/sgwoods/qcsp/ADT-Situation/Sit-quilici-i1-dist1-default-250" pos 0> > 
> Closing situation file.  < #<CHARACTER-INPUT-FILE-STREAM
                               #p"/fsys4/u/sgwoods/qcsp/ADT-Situation/Sit-quilici-i1-dist1-default-250" pos 18799> > 
> >> WARNING: CLOSE-TO constraint may sacrifice completeness<< 
 
> Reload situation from existing file.  < ADT-Situation/Sit-quilici-i1-dist1-default-250 > 
> Opened situation file.  < #<CHARACTER-INPUT-FILE-STREAM
                              #p"/fsys4/u/sgwoods/qcsp/ADT-Situation/Sit-quilici-i1-dist1-default-250" pos 0> > 
> Closing situation file.  < #<CHARACTER-INPUT-FILE-STREAM
                               #p"/fsys4/u/sgwoods/qcsp/ADT-Situation/Sit-quilici-i1-dist1-default-250" pos 18799> > 
> >> WARNING: CLOSE-TO constraint may sacrifice completeness<< 
 
> Reload situation from existing file.  < ADT-Situation/Sit-quilici-i1-dist1-default-250 > 
> Opened situation file.  < #<CHARACTER-INPUT-FILE-STREAM
                              #p"/fsys4/u/sgwoods/qcsp/ADT-Situation/Sit-quilici-i1-dist1-default-250" pos 0> > 
> Closing situation file.  < #<CHARACTER-INPUT-FILE-STREAM
                               #p"/fsys4/u/sgwoods/qcsp/ADT-Situation/Sit-quilici-i1-dist1-default-250" pos 18799> > 
> >> WARNING: CLOSE-TO constraint may sacrifice completeness<< 
 
> Reload situation from existing file.  < ADT-Situation/Sit-quilici-i1-dist1-default-250 > 
> Opened situation file.  < #<CHARACTER-INPUT-FILE-STREAM
                              #p"/fsys4/u/sgwoods/qcsp/ADT-Situation/Sit-quilici-i1-dist1-default-250" pos 0> > 
> Closing situation file.  < #<CHARACTER-INPUT-FILE-STREAM
                               #p"/fsys4/u/sgwoods/qcsp/ADT-Situation/Sit-quilici-i1-dist1-default-250" pos 18799> > 
> >> WARNING: CLOSE-TO constraint may sacrifice completeness<< 
 
> Reload situation from existing file.  < ADT-Situation/Sit-quilici-i1-dist1-default-250 > 
> Opened situation file.  < #<CHARACTER-INPUT-FILE-STREAM
                              #p"/fsys4/u/sgwoods/qcsp/ADT-Situation/Sit-quilici-i1-dist1-default-250" pos 0> > 
> Closing situation file.  < #<CHARACTER-INPUT-FILE-STREAM
                               #p"/fsys4/u/sgwoods/qcsp/ADT-Situation/Sit-quilici-i1-dist1-default-250" pos 18799> > 
> >> WARNING: CLOSE-TO constraint may sacrifice completeness<< 
 
> Reload situation from existing file.  < ADT-Situation/Sit-quilici-i1-dist1-default-250 > 
> Opened situation file.  < #<CHARACTER-INPUT-FILE-STREAM
                              #p"/fsys4/u/sgwoods/qcsp/ADT-Situation/Sit-quilici-i1-dist1-default-250" pos 0> > 
> Closing situation file.  < #<CHARACTER-INPUT-FILE-STREAM
                               #p"/fsys4/u/sgwoods/qcsp/ADT-Situation/Sit-quilici-i1-dist1-default-250" pos 18799> > 
> >> WARNING: CLOSE-TO constraint may sacrifice completeness<< 
 
> Reload situation from existing file.  < ADT-Situation/Sit-quilici-i1-dist1-default-250 > 
> Opened situation file.  < #<CHARACTER-INPUT-FILE-STREAM
                              #p"/fsys4/u/sgwoods/qcsp/ADT-Situation/Sit-quilici-i1-dist1-default-250" pos 0> > 
> Closing situation file.  < #<CHARACTER-INPUT-FILE-STREAM
                               #p"/fsys4/u/sgwoods/qcsp/ADT-Situation/Sit-quilici-i1-dist1-default-250" pos 18799> > 
> >> WARNING: CLOSE-TO constraint may sacrifice completeness<< 
 
> Reload situation from existing file.  < ADT-Situation/Sit-quilici-i1-dist1-default-250 > 
> Opened situation file.  < #<CHARACTER-INPUT-FILE-STREAM
                              #p"/fsys4/u/sgwoods/qcsp/ADT-Situation/Sit-quilici-i1-dist1-default-250" pos 0> > 
> Closing situation file.  < #<CHARACTER-INPUT-FILE-STREAM
                               #p"/fsys4/u/sgwoods/qcsp/ADT-Situation/Sit-quilici-i1-dist1-default-250" pos 18799> > 
> >> WARNING: CLOSE-TO constraint may sacrifice completeness<< 
 
> Reload situation from existing file.  < ADT-Situation/Sit-quilici-i1-dist1-default-250 > 
> Opened situation file.  < #<CHARACTER-INPUT-FILE-STREAM
                              #p"/fsys4/u/sgwoods/qcsp/ADT-Situation/Sit-quilici-i1-dist1-default-250" pos 0> > 
> Closing situation file.  < #<CHARACTER-INPUT-FILE-STREAM
                               #p"/fsys4/u/sgwoods/qcsp/ADT-Situation/Sit-quilici-i1-dist1-default-250" pos 18799> > 
> >> WARNING: CLOSE-TO constraint may sacrifice completeness<< 
 
> Reload situation from existing file.  < ADT-Situation/Sit-quilici-i1-dist1-default-250 > 
> Opened situation file.  < #<CHARACTER-INPUT-FILE-STREAM
                              #p"/fsys4/u/sgwoods/qcsp/ADT-Situation/Sit-quilici-i1-dist1-default-250" pos 0> > 
> Closing situation file.  < #<CHARACTER-INPUT-FILE-STREAM
                               #p"/fsys4/u/sgwoods/qcsp/ADT-Situation/Sit-quilici-i1-dist1-default-250" pos 18799> > 
> >> WARNING: CLOSE-TO constraint may sacrifice completeness<< 
 
> Reload situation from existing file.  < ADT-Situation/Sit-quilici-i1-dist1-default-250 > 
> Opened situation file.  < #<CHARACTER-INPUT-FILE-STREAM
                              #p"/fsys4/u/sgwoods/qcsp/ADT-Situation/Sit-quilici-i1-dist1-default-250" pos 0> > 
> Closing situation file.  < #<CHARACTER-INPUT-FILE-STREAM
                               #p"/fsys4/u/sgwoods/qcsp/ADT-Situation/Sit-quilici-i1-dist1-default-250" pos 18799> > 
> >> WARNING: CLOSE-TO constraint may sacrifice completeness<< 
 
> Reload situation from existing file.  < ADT-Situation/Sit-quilici-i1-dist1-default-250 > 
> Opened situation file.  < #<CHARACTER-INPUT-FILE-STREAM
                              #p"/fsys4/u/sgwoods/qcsp/ADT-Situation/Sit-quilici-i1-dist1-default-250" pos 0> > 
> Closing situation file.  < #<CHARACTER-INPUT-FILE-STREAM
                               #p"/fsys4/u/sgwoods/qcsp/ADT-Situation/Sit-quilici-i1-dist1-default-250" pos 18799> > 
> >> WARNING: CLOSE-TO constraint may sacrifice completeness<< 
 
> Reload situation from existing file.  < ADT-Situation/Sit-quilici-i1-dist1-default-250 > 
> Opened situation file.  < #<CHARACTER-INPUT-FILE-STREAM
                              #p"/fsys4/u/sgwoods/qcsp/ADT-Situation/Sit-quilici-i1-dist1-default-250" pos 0> > 
> Closing situation file.  < #<CHARACTER-INPUT-FILE-STREAM
                               #p"/fsys4/u/sgwoods/qcsp/ADT-Situation/Sit-quilici-i1-dist1-default-250" pos 18799> > 
> >> WARNING: CLOSE-TO constraint may sacrifice completeness<< 
 
> Reload situation from existing file.  < ADT-Situation/Sit-quilici-i1-dist1-default-250 > 
> Opened situation file.  < #<CHARACTER-INPUT-FILE-STREAM
                              #p"/fsys4/u/sgwoods/qcsp/ADT-Situation/Sit-quilici-i1-dist1-default-250" pos 0> > 
> Closing situation file.  < #<CHARACTER-INPUT-FILE-STREAM
                               #p"/fsys4/u/sgwoods/qcsp/ADT-Situation/Sit-quilici-i1-dist1-default-250" pos 18799> > 
> >> WARNING: CLOSE-TO constraint may sacrifice completeness<< 
 
> Reload situation from existing file.  < ADT-Situation/Sit-quilici-i1-dist1-default-250 > 
> Opened situation file.  < #<CHARACTER-INPUT-FILE-STREAM
                              #p"/fsys4/u/sgwoods/qcsp/ADT-Situation/Sit-quilici-i1-dist1-default-250" pos 0> > 
> Closing situation file.  < #<CHARACTER-INPUT-FILE-STREAM
                               #p"/fsys4/u/sgwoods/qcsp/ADT-Situation/Sit-quilici-i1-dist1-default-250" pos 18799> > 
> >> WARNING: CLOSE-TO constraint may sacrifice completeness<< 
 
> Memory-Key opened file/stream  < Q-Batch/ij2/ij2-250.1 > 
 File/stream closed (at Memory-Key). 

; cpu time (non-gc) 41,220 msec user, 1,810 msec system
; cpu time (gc)     520 msec user, 40 msec system
; cpu time (total)  41,740 msec user, 1,850 msec system
; real time  47,500 msec
; space allocation:
 692,936 cons cells,;  449 symbols, 1,111,256 other bytes
((((Q1-C ADTQ1-C) (Q1-E ADTQ1-E) (Q1-H ADTQ1-H) (Q1-G ADTQ1-G) (Q1-A ADTQ1-A)
   (Q1-B ADTQ1-B) (Q1-F ADTQ1-F) (Q1-D ADTQ1-D) (Q1-I ADTQ1-I))))
USER(9): USER(9): > Open file: Saving new generated situation. 
 
> Close file: new generated situation. 
 
> Reload situation from existing file.  < ADT-Situation/Sit-quilici-i1-dist1-1783960706-250 > 
> Opened situation file.  < #<CHARACTER-INPUT-FILE-STREAM
                              #p"/fsys4/u/sgwoods/qcsp/ADT-Situation/Sit-quilici-i1-dist1-1783960706-250" pos 0> > 
> Closing situation file.  < #<CHARACTER-INPUT-FILE-STREAM
                               #p"/fsys4/u/sgwoods/qcsp/ADT-Situation/Sit-quilici-i1-dist1-1783960706-250" pos 18235> > 
> >> WARNING: CLOSE-TO constraint may sacrifice completeness<< 
 
> Reload situation from existing file.  < ADT-Situation/Sit-quilici-i1-dist1-1783960706-250 > 
> Opened situation file.  < #<CHARACTER-INPUT-FILE-STREAM
                              #p"/fsys4/u/sgwoods/qcsp/ADT-Situation/Sit-quilici-i1-dist1-1783960706-250" pos 0> > 
> Closing situation file.  < #<CHARACTER-INPUT-FILE-STREAM
                               #p"/fsys4/u/sgwoods/qcsp/ADT-Situation/Sit-quilici-i1-dist1-1783960706-250" pos 18235> > 
> >> WARNING: CLOSE-TO constraint may sacrifice completeness<< 
 
> Reload situation from existing file.  < ADT-Situation/Sit-quilici-i1-dist1-1783960706-250 > 
> Opened situation file.  < #<CHARACTER-INPUT-FILE-STREAM
                              #p"/fsys4/u/sgwoods/qcsp/ADT-Situation/Sit-quilici-i1-dist1-1783960706-250" pos 0> > 
> Closing situation file.  < #<CHARACTER-INPUT-FILE-STREAM
                               #p"/fsys4/u/sgwoods/qcsp/ADT-Situation/Sit-quilici-i1-dist1-1783960706-250" pos 18235> > 
> >> WARNING: CLOSE-TO constraint may sacrifice completeness<< 
 
> Reload situation from existing file.  < ADT-Situation/Sit-quilici-i1-dist1-1783960706-250 > 
> Opened situation file.  < #<CHARACTER-INPUT-FILE-STREAM
                              #p"/fsys4/u/sgwoods/qcsp/ADT-Situation/Sit-quilici-i1-dist1-1783960706-250" pos 0> > 
> Closing situation file.  < #<CHARACTER-INPUT-FILE-STREAM
                               #p"/fsys4/u/sgwoods/qcsp/ADT-Situation/Sit-quilici-i1-dist1-1783960706-250" pos 18235> > 
> >> WARNING: CLOSE-TO constraint may sacrifice completeness<< 
 
> Reload situation from existing file.  < ADT-Situation/Sit-quilici-i1-dist1-1783960706-250 > 
> Opened situation file.  < #<CHARACTER-INPUT-FILE-STREAM
                              #p"/fsys4/u/sgwoods/qcsp/ADT-Situation/Sit-quilici-i1-dist1-1783960706-250" pos 0> > 
> Closing situation file.  < #<CHARACTER-INPUT-FILE-STREAM
                               #p"/fsys4/u/sgwoods/qcsp/ADT-Situation/Sit-quilici-i1-dist1-1783960706-250" pos 18235> > 
> >> WARNING: CLOSE-TO constraint may sacrifice completeness<< 
 
> Reload situation from existing file.  < ADT-Situation/Sit-quilici-i1-dist1-1783960706-250 > 
> Opened situation file.  < #<CHARACTER-INPUT-FILE-STREAM
                              #p"/fsys4/u/sgwoods/qcsp/ADT-Situation/Sit-quilici-i1-dist1-1783960706-250" pos 0> > 
> Closing situation file.  < #<CHARACTER-INPUT-FILE-STREAM
                               #p"/fsys4/u/sgwoods/qcsp/ADT-Situation/Sit-quilici-i1-dist1-1783960706-250" pos 18235> > 
> >> WARNING: CLOSE-TO constraint may sacrifice completeness<< 
 
> Reload situation from existing file.  < ADT-Situation/Sit-quilici-i1-dist1-1783960706-250 > 
> Opened situation file.  < #<CHARACTER-INPUT-FILE-STREAM
                              #p"/fsys4/u/sgwoods/qcsp/ADT-Situation/Sit-quilici-i1-dist1-1783960706-250" pos 0> > 
> Closing situation file.  < #<CHARACTER-INPUT-FILE-STREAM
                               #p"/fsys4/u/sgwoods/qcsp/ADT-Situation/Sit-quilici-i1-dist1-1783960706-250" pos 18235> > 
> >> WARNING: CLOSE-TO constraint may sacrifice completeness<< 
 
> Reload situation from existing file.  < ADT-Situation/Sit-quilici-i1-dist1-1783960706-250 > 
> Opened situation file.  < #<CHARACTER-INPUT-FILE-STREAM
                              #p"/fsys4/u/sgwoods/qcsp/ADT-Situation/Sit-quilici-i1-dist1-1783960706-250" pos 0> > 
> Closing situation file.  < #<CHARACTER-INPUT-FILE-STREAM
                               #p"/fsys4/u/sgwoods/qcsp/ADT-Situation/Sit-quilici-i1-dist1-1783960706-250" pos 18235> > 
> >> WARNING: CLOSE-TO constraint may sacrifice completeness<< 
 
> Reload situation from existing file.  < ADT-Situation/Sit-quilici-i1-dist1-1783960706-250 > 
> Opened situation file.  < #<CHARACTER-INPUT-FILE-STREAM
                              #p"/fsys4/u/sgwoods/qcsp/ADT-Situation/Sit-quilici-i1-dist1-1783960706-250" pos 0> > 
> Closing situation file.  < #<CHARACTER-INPUT-FILE-STREAM
                               #p"/fsys4/u/sgwoods/qcsp/ADT-Situation/Sit-quilici-i1-dist1-1783960706-250" pos 18235> > 
> >> WARNING: CLOSE-TO constraint may sacrifice completeness<< 
 
> Reload situation from existing file.  < ADT-Situation/Sit-quilici-i1-dist1-1783960706-250 > 
> Opened situation file.  < #<CHARACTER-INPUT-FILE-STREAM
                              #p"/fsys4/u/sgwoods/qcsp/ADT-Situation/Sit-quilici-i1-dist1-1783960706-250" pos 0> > 
> Closing situation file.  < #<CHARACTER-INPUT-FILE-STREAM
                               #p"/fsys4/u/sgwoods/qcsp/ADT-Situation/Sit-quilici-i1-dist1-1783960706-250" pos 18235> > 
> >> WARNING: CLOSE-TO constraint may sacrifice completeness<< 
 
> Reload situation from existing file.  < ADT-Situation/Sit-quilici-i1-dist1-1783960706-250 > 
> Opened situation file.  < #<CHARACTER-INPUT-FILE-STREAM
                              #p"/fsys4/u/sgwoods/qcsp/ADT-Situation/Sit-quilici-i1-dist1-1783960706-250" pos 0> > 
> Closing situation file.  < #<CHARACTER-INPUT-FILE-STREAM
                               #p"/fsys4/u/sgwoods/qcsp/ADT-Situation/Sit-quilici-i1-dist1-1783960706-250" pos 18235> > 
> >> WARNING: CLOSE-TO constraint may sacrifice completeness<< 
 
> Reload situation from existing file.  < ADT-Situation/Sit-quilici-i1-dist1-1783960706-250 > 
> Opened situation file.  < #<CHARACTER-INPUT-FILE-STREAM
                              #p"/fsys4/u/sgwoods/qcsp/ADT-Situation/Sit-quilici-i1-dist1-1783960706-250" pos 0> > 
> Closing situation file.  < #<CHARACTER-INPUT-FILE-STREAM
                               #p"/fsys4/u/sgwoods/qcsp/ADT-Situation/Sit-quilici-i1-dist1-1783960706-250" pos 18235> > 
> >> WARNING: CLOSE-TO constraint may sacrifice completeness<< 
 
> Reload situation from existing file.  < ADT-Situation/Sit-quilici-i1-dist1-1783960706-250 > 
> Opened situation file.  < #<CHARACTER-INPUT-FILE-STREAM
                              #p"/fsys4/u/sgwoods/qcsp/ADT-Situation/Sit-quilici-i1-dist1-1783960706-250" pos 0> > 
> Closing situation file.  < #<CHARACTER-INPUT-FILE-STREAM
                               #p"/fsys4/u/sgwoods/qcsp/ADT-Situation/Sit-quilici-i1-dist1-1783960706-250" pos 18235> > 
> >> WARNING: CLOSE-TO constraint may sacrifice completeness<< 
 
> Reload situation from existing file.  < ADT-Situation/Sit-quilici-i1-dist1-1783960706-250 > 
> Opened situation file.  < #<CHARACTER-INPUT-FILE-STREAM
                              #p"/fsys4/u/sgwoods/qcsp/ADT-Situation/Sit-quilici-i1-dist1-1783960706-250" pos 0> > 
> Closing situation file.  < #<CHARACTER-INPUT-FILE-STREAM
                               #p"/fsys4/u/sgwoods/qcsp/ADT-Situation/Sit-quilici-i1-dist1-1783960706-250" pos 18235> > 
> >> WARNING: CLOSE-TO constraint may sacrifice completeness<< 
 
> Reload situation from existing file.  < ADT-Situation/Sit-quilici-i1-dist1-1783960706-250 > 
> Opened situation file.  < #<CHARACTER-INPUT-FILE-STREAM
                              #p"/fsys4/u/sgwoods/qcsp/ADT-Situation/Sit-quilici-i1-dist1-1783960706-250" pos 0> > 
> Closing situation file.  < #<CHARACTER-INPUT-FILE-STREAM
                               #p"/fsys4/u/sgwoods/qcsp/ADT-Situation/Sit-quilici-i1-dist1-1783960706-250" pos 18235> > 
> >> WARNING: CLOSE-TO constraint may sacrifice completeness<< 
 
> Reload situation from existing file.  < ADT-Situation/Sit-quilici-i1-dist1-1783960706-250 > 
> Opened situation file.  < #<CHARACTER-INPUT-FILE-STREAM
                              #p"/fsys4/u/sgwoods/qcsp/ADT-Situation/Sit-quilici-i1-dist1-1783960706-250" pos 0> > 
> Closing situation file.  < #<CHARACTER-INPUT-FILE-STREAM
                               #p"/fsys4/u/sgwoods/qcsp/ADT-Situation/Sit-quilici-i1-dist1-1783960706-250" pos 18235> > 
> >> WARNING: CLOSE-TO constraint may sacrifice completeness<< 
 
> Reload situation from existing file.  < ADT-Situation/Sit-quilici-i1-dist1-1783960706-250 > 
> Opened situation file.  < #<CHARACTER-INPUT-FILE-STREAM
                              #p"/fsys4/u/sgwoods/qcsp/ADT-Situation/Sit-quilici-i1-dist1-1783960706-250" pos 0> > 
> Closing situation file.  < #<CHARACTER-INPUT-FILE-STREAM
                               #p"/fsys4/u/sgwoods/qcsp/ADT-Situation/Sit-quilici-i1-dist1-1783960706-250" pos 18235> > 
> >> WARNING: CLOSE-TO constraint may sacrifice completeness<< 
 
> Reload situation from existing file.  < ADT-Situation/Sit-quilici-i1-dist1-1783960706-250 > 
> Opened situation file.  < #<CHARACTER-INPUT-FILE-STREAM
                              #p"/fsys4/u/sgwoods/qcsp/ADT-Situation/Sit-quilici-i1-dist1-1783960706-250" pos 0> > 
> Closing situation file.  < #<CHARACTER-INPUT-FILE-STREAM
                               #p"/fsys4/u/sgwoods/qcsp/ADT-Situation/Sit-quilici-i1-dist1-1783960706-250" pos 18235> > 
> >> WARNING: CLOSE-TO constraint may sacrifice completeness<< 
 
> Reload situation from existing file.  < ADT-Situation/Sit-quilici-i1-dist1-1783960706-250 > 
> Opened situation file.  < #<CHARACTER-INPUT-FILE-STREAM
                              #p"/fsys4/u/sgwoods/qcsp/ADT-Situation/Sit-quilici-i1-dist1-1783960706-250" pos 0> > 
> Closing situation file.  < #<CHARACTER-INPUT-FILE-STREAM
                               #p"/fsys4/u/sgwoods/qcsp/ADT-Situation/Sit-quilici-i1-dist1-1783960706-250" pos 18235> > 
> >> WARNING: CLOSE-TO constraint may sacrifice completeness<< 
 
> Reload situation from existing file.  < ADT-Situation/Sit-quilici-i1-dist1-1783960706-250 > 
> Opened situation file.  < #<CHARACTER-INPUT-FILE-STREAM
                              #p"/fsys4/u/sgwoods/qcsp/ADT-Situation/Sit-quilici-i1-dist1-1783960706-250" pos 0> > 
> Closing situation file.  < #<CHARACTER-INPUT-FILE-STREAM
                               #p"/fsys4/u/sgwoods/qcsp/ADT-Situation/Sit-quilici-i1-dist1-1783960706-250" pos 18235> > 
> >> WARNING: CLOSE-TO constraint may sacrifice completeness<< 
 
> Memory-Key opened file/stream  < Q-Batch/ij2/ij2-250.2 > 
 File/stream closed (at Memory-Key). 

; cpu time (non-gc) 28,930 msec user, 840 msec system
; cpu time (gc)     320 msec user, 10 msec system
; cpu time (total)  29,250 msec user, 850 msec system
; real time  33,508 msec
; space allocation:
 473,661 cons cells,;  421 symbols, 2,137,488 other bytes
((((Q1-C ADTQ1-C) (Q1-E ADTQ1-E) (Q1-H ADTQ1-H) (Q1-G ADTQ1-G) (Q1-A ADTQ1-A)
   (Q1-B ADTQ1-B) (Q1-F ADTQ1-F) (Q1-D ADTQ1-D) (Q1-I ADTQ1-I))))
USER(10): USER(10): > Open file: Saving new generated situation. 
 
> Close file: new generated situation. 
 
> Reload situation from existing file.  < ADT-Situation/Sit-quilici-i1-dist1-6148712495-250 > 
> Opened situation file.  < #<CHARACTER-INPUT-FILE-STREAM
                              #p"/fsys4/u/sgwoods/qcsp/ADT-Situation/Sit-quilici-i1-dist1-6148712495-250" pos 0> > 
> Closing situation file.  < #<CHARACTER-INPUT-FILE-STREAM
                               #p"/fsys4/u/sgwoods/qcsp/ADT-Situation/Sit-quilici-i1-dist1-6148712495-250" pos 17709> > 
> >> WARNING: CLOSE-TO constraint may sacrifice completeness<< 
 
> Reload situation from existing file.  < ADT-Situation/Sit-quilici-i1-dist1-6148712495-250 > 
> Opened situation file.  < #<CHARACTER-INPUT-FILE-STREAM
                              #p"/fsys4/u/sgwoods/qcsp/ADT-Situation/Sit-quilici-i1-dist1-6148712495-250" pos 0> > 
> Closing situation file.  < #<CHARACTER-INPUT-FILE-STREAM
                               #p"/fsys4/u/sgwoods/qcsp/ADT-Situation/Sit-quilici-i1-dist1-6148712495-250" pos 17709> > 
> >> WARNING: CLOSE-TO constraint may sacrifice completeness<< 
 
> Reload situation from existing file.  < ADT-Situation/Sit-quilici-i1-dist1-6148712495-250 > 
> Opened situation file.  < #<CHARACTER-INPUT-FILE-STREAM
                              #p"/fsys4/u/sgwoods/qcsp/ADT-Situation/Sit-quilici-i1-dist1-6148712495-250" pos 0> > 
> Closing situation file.  < #<CHARACTER-INPUT-FILE-STREAM
                               #p"/fsys4/u/sgwoods/qcsp/ADT-Situation/Sit-quilici-i1-dist1-6148712495-250" pos 17709> > 
> >> WARNING: CLOSE-TO constraint may sacrifice completeness<< 
 
> Reload situation from existing file.  < ADT-Situation/Sit-quilici-i1-dist1-6148712495-250 > 
> Opened situation file.  < #<CHARACTER-INPUT-FILE-STREAM
                              #p"/fsys4/u/sgwoods/qcsp/ADT-Situation/Sit-quilici-i1-dist1-6148712495-250" pos 0> > 
> Closing situation file.  < #<CHARACTER-INPUT-FILE-STREAM
                               #p"/fsys4/u/sgwoods/qcsp/ADT-Situation/Sit-quilici-i1-dist1-6148712495-250" pos 17709> > 
> >> WARNING: CLOSE-TO constraint may sacrifice completeness<< 
 
> Reload situation from existing file.  < ADT-Situation/Sit-quilici-i1-dist1-6148712495-250 > 
> Opened situation file.  < #<CHARACTER-INPUT-FILE-STREAM
                              #p"/fsys4/u/sgwoods/qcsp/ADT-Situation/Sit-quilici-i1-dist1-6148712495-250" pos 0> > 
> Closing situation file.  < #<CHARACTER-INPUT-FILE-STREAM
                               #p"/fsys4/u/sgwoods/qcsp/ADT-Situation/Sit-quilici-i1-dist1-6148712495-250" pos 17709> > 
> >> WARNING: CLOSE-TO constraint may sacrifice completeness<< 
 
> Reload situation from existing file.  < ADT-Situation/Sit-quilici-i1-dist1-6148712495-250 > 
> Opened situation file.  < #<CHARACTER-INPUT-FILE-STREAM
                              #p"/fsys4/u/sgwoods/qcsp/ADT-Situation/Sit-quilici-i1-dist1-6148712495-250" pos 0> > 
> Closing situation file.  < #<CHARACTER-INPUT-FILE-STREAM
                               #p"/fsys4/u/sgwoods/qcsp/ADT-Situation/Sit-quilici-i1-dist1-6148712495-250" pos 17709> > 
> >> WARNING: CLOSE-TO constraint may sacrifice completeness<< 
 
> Memory-Key opened file/stream  < Q-Batch/ij2/ij2-250.3 > 
 File/stream closed (at Memory-Key). 

; cpu time (non-gc) 10,750 msec user, 390 msec system
; cpu time (gc)     140 msec user, 0 msec system
; cpu time (total)  10,890 msec user, 390 msec system
; real time  11,905 msec
; space allocation:
 173,920 cons cells,;  411 symbols, 1,175,744 other bytes
((((Q1-C ADTQ1-C) (Q1-E ADTQ1-E) (Q1-H ADTQ1-H) (Q1-G ADTQ1-G) (Q1-A ADTQ1-A)
   (Q1-B ADTQ1-B) (Q1-F ADTQ1-F) (Q1-D ADTQ1-D) (Q1-I ADTQ1-I))))
USER(11): USER(11): > Open file: Saving new generated situation. 
 
> Close file: new generated situation. 
 
> Reload situation from existing file.  < ADT-Situation/Sit-quilici-i1-dist1-8261581571-250 > 
> Opened situation file.  < #<CHARACTER-INPUT-FILE-STREAM
                              #p"/fsys4/u/sgwoods/qcsp/ADT-Situation/Sit-quilici-i1-dist1-8261581571-250" pos 0> > 
> Closing situation file.  < #<CHARACTER-INPUT-FILE-STREAM
                               #p"/fsys4/u/sgwoods/qcsp/ADT-Situation/Sit-quilici-i1-dist1-8261581571-250" pos 18890> > 
> >> WARNING: CLOSE-TO constraint may sacrifice completeness<< 
 
> Reload situation from existing file.  < ADT-Situation/Sit-quilici-i1-dist1-8261581571-250 > 
> Opened situation file.  < #<CHARACTER-INPUT-FILE-STREAM
                              #p"/fsys4/u/sgwoods/qcsp/ADT-Situation/Sit-quilici-i1-dist1-8261581571-250" pos 0> > 
> Closing situation file.  < #<CHARACTER-INPUT-FILE-STREAM
                               #p"/fsys4/u/sgwoods/qcsp/ADT-Situation/Sit-quilici-i1-dist1-8261581571-250" pos 18890> > 
> >> WARNING: CLOSE-TO constraint may sacrifice completeness<< 
 
> Reload situation from existing file.  < ADT-Situation/Sit-quilici-i1-dist1-8261581571-250 > 
> Opened situation file.  < #<CHARACTER-INPUT-FILE-STREAM
                              #p"/fsys4/u/sgwoods/qcsp/ADT-Situation/Sit-quilici-i1-dist1-8261581571-250" pos 0> > 
> Closing situation file.  < #<CHARACTER-INPUT-FILE-STREAM
                               #p"/fsys4/u/sgwoods/qcsp/ADT-Situation/Sit-quilici-i1-dist1-8261581571-250" pos 18890> > 
> >> WARNING: CLOSE-TO constraint may sacrifice completeness<< 
 
> Reload situation from existing file.  < ADT-Situation/Sit-quilici-i1-dist1-8261581571-250 > 
> Opened situation file.  < #<CHARACTER-INPUT-FILE-STREAM
                              #p"/fsys4/u/sgwoods/qcsp/ADT-Situation/Sit-quilici-i1-dist1-8261581571-250" pos 0> > 
> Closing situation file.  < #<CHARACTER-INPUT-FILE-STREAM
                               #p"/fsys4/u/sgwoods/qcsp/ADT-Situation/Sit-quilici-i1-dist1-8261581571-250" pos 18890> > 
> >> WARNING: CLOSE-TO constraint may sacrifice completeness<< 
 
> Reload situation from existing file.  < ADT-Situation/Sit-quilici-i1-dist1-8261581571-250 > 
> Opened situation file.  < #<CHARACTER-INPUT-FILE-STREAM
                              #p"/fsys4/u/sgwoods/qcsp/ADT-Situation/Sit-quilici-i1-dist1-8261581571-250" pos 0> > 
> Closing situation file.  < #<CHARACTER-INPUT-FILE-STREAM
                               #p"/fsys4/u/sgwoods/qcsp/ADT-Situation/Sit-quilici-i1-dist1-8261581571-250" pos 18890> > 
> >> WARNING: CLOSE-TO constraint may sacrifice completeness<< 
 
> Reload situation from existing file.  < ADT-Situation/Sit-quilici-i1-dist1-8261581571-250 > 
> Opened situation file.  < #<CHARACTER-INPUT-FILE-STREAM
                              #p"/fsys4/u/sgwoods/qcsp/ADT-Situation/Sit-quilici-i1-dist1-8261581571-250" pos 0> > 
> Closing situation file.  < #<CHARACTER-INPUT-FILE-STREAM
                               #p"/fsys4/u/sgwoods/qcsp/ADT-Situation/Sit-quilici-i1-dist1-8261581571-250" pos 18890> > 
> >> WARNING: CLOSE-TO constraint may sacrifice completeness<< 
 
> Reload situation from existing file.  < ADT-Situation/Sit-quilici-i1-dist1-8261581571-250 > 
> Opened situation file.  < #<CHARACTER-INPUT-FILE-STREAM
                              #p"/fsys4/u/sgwoods/qcsp/ADT-Situation/Sit-quilici-i1-dist1-8261581571-250" pos 0> > 
> Closing situation file.  < #<CHARACTER-INPUT-FILE-STREAM
                               #p"/fsys4/u/sgwoods/qcsp/ADT-Situation/Sit-quilici-i1-dist1-8261581571-250" pos 18890> > 
> >> WARNING: CLOSE-TO constraint may sacrifice completeness<< 
 
> Reload situation from existing file.  < ADT-Situation/Sit-quilici-i1-dist1-8261581571-250 > 
> Opened situation file.  < #<CHARACTER-INPUT-FILE-STREAM
                              #p"/fsys4/u/sgwoods/qcsp/ADT-Situation/Sit-quilici-i1-dist1-8261581571-250" pos 0> > 
> Closing situation file.  < #<CHARACTER-INPUT-FILE-STREAM
                               #p"/fsys4/u/sgwoods/qcsp/ADT-Situation/Sit-quilici-i1-dist1-8261581571-250" pos 18890> > 
> >> WARNING: CLOSE-TO constraint may sacrifice completeness<< 
 
> Memory-Key opened file/stream  < Q-Batch/ij2/ij2-250.4 > 
 File/stream closed (at Memory-Key). 

; cpu time (non-gc) 20,120 msec user, 940 msec system
; cpu time (gc)     250 msec user, 20 msec system
; cpu time (total)  20,370 msec user, 960 msec system
; real time  22,986 msec
; space allocation:
 376,784 cons cells,;  427 symbols, 1,365,528 other bytes
((((Q1-C ADTQ1-C) (Q1-E ADTQ1-E) (Q1-H ADTQ1-H) (Q1-G ADTQ1-G) (Q1-B ADTQ1-B)
   (Q1-A ADTQ1-A) (Q1-F ADTQ1-F) (Q1-D ADTQ1-D) (Q1-I ADTQ1-I))))
USER(12): USER(12): > Open file: Saving new generated situation. 
 
> Close file: new generated situation. 
 
> Reload situation from existing file.  < ADT-Situation/Sit-quilici-i1-dist1-4705297406-250 > 
> Opened situation file.  < #<CHARACTER-INPUT-FILE-STREAM
                              #p"/fsys4/u/sgwoods/qcsp/ADT-Situation/Sit-quilici-i1-dist1-4705297406-250" pos 0> > 
> Closing situation file.  < #<CHARACTER-INPUT-FILE-STREAM
                               #p"/fsys4/u/sgwoods/qcsp/ADT-Situation/Sit-quilici-i1-dist1-4705297406-250" pos 19364> > 
> >> WARNING: CLOSE-TO constraint may sacrifice completeness<< 
 
> Reload situation from existing file.  < ADT-Situation/Sit-quilici-i1-dist1-4705297406-250 > 
> Opened situation file.  < #<CHARACTER-INPUT-FILE-STREAM
                              #p"/fsys4/u/sgwoods/qcsp/ADT-Situation/Sit-quilici-i1-dist1-4705297406-250" pos 0> > 
> Closing situation file.  < #<CHARACTER-INPUT-FILE-STREAM
                               #p"/fsys4/u/sgwoods/qcsp/ADT-Situation/Sit-quilici-i1-dist1-4705297406-250" pos 19364> > 
> >> WARNING: CLOSE-TO constraint may sacrifice completeness<< 
 
> Reload situation from existing file.  < ADT-Situation/Sit-quilici-i1-dist1-4705297406-250 > 
> Opened situation file.  < #<CHARACTER-INPUT-FILE-STREAM
                              #p"/fsys4/u/sgwoods/qcsp/ADT-Situation/Sit-quilici-i1-dist1-4705297406-250" pos 0> > 
> Closing situation file.  < #<CHARACTER-INPUT-FILE-STREAM
                               #p"/fsys4/u/sgwoods/qcsp/ADT-Situation/Sit-quilici-i1-dist1-4705297406-250" pos 19364> > 
> >> WARNING: CLOSE-TO constraint may sacrifice completeness<< 
 
> Reload situation from existing file.  < ADT-Situation/Sit-quilici-i1-dist1-4705297406-250 > 
> Opened situation file.  < #<CHARACTER-INPUT-FILE-STREAM
                              #p"/fsys4/u/sgwoods/qcsp/ADT-Situation/Sit-quilici-i1-dist1-4705297406-250" pos 0> > 
> Closing situation file.  < #<CHARACTER-INPUT-FILE-STREAM
                               #p"/fsys4/u/sgwoods/qcsp/ADT-Situation/Sit-quilici-i1-dist1-4705297406-250" pos 19364> > 
> >> WARNING: CLOSE-TO constraint may sacrifice completeness<< 
 
> Reload situation from existing file.  < ADT-Situation/Sit-quilici-i1-dist1-4705297406-250 > 
> Opened situation file.  < #<CHARACTER-INPUT-FILE-STREAM
                              #p"/fsys4/u/sgwoods/qcsp/ADT-Situation/Sit-quilici-i1-dist1-4705297406-250" pos 0> > 
> Closing situation file.  < #<CHARACTER-INPUT-FILE-STREAM
                               #p"/fsys4/u/sgwoods/qcsp/ADT-Situation/Sit-quilici-i1-dist1-4705297406-250" pos 19364> > 
> >> WARNING: CLOSE-TO constraint may sacrifice completeness<< 
 
> Reload situation from existing file.  < ADT-Situation/Sit-quilici-i1-dist1-4705297406-250 > 
> Opened situation file.  < #<CHARACTER-INPUT-FILE-STREAM
                              #p"/fsys4/u/sgwoods/qcsp/ADT-Situation/Sit-quilici-i1-dist1-4705297406-250" pos 0> > 
> Closing situation file.  < #<CHARACTER-INPUT-FILE-STREAM
                               #p"/fsys4/u/sgwoods/qcsp/ADT-Situation/Sit-quilici-i1-dist1-4705297406-250" pos 19364> > 
> >> WARNING: CLOSE-TO constraint may sacrifice completeness<< 
 
> Reload situation from existing file.  < ADT-Situation/Sit-quilici-i1-dist1-4705297406-250 > 
> Opened situation file.  < #<CHARACTER-INPUT-FILE-STREAM
                              #p"/fsys4/u/sgwoods/qcsp/ADT-Situation/Sit-quilici-i1-dist1-4705297406-250" pos 0> > 
> Closing situation file.  < #<CHARACTER-INPUT-FILE-STREAM
                               #p"/fsys4/u/sgwoods/qcsp/ADT-Situation/Sit-quilici-i1-dist1-4705297406-250" pos 19364> > 
> >> WARNING: CLOSE-TO constraint may sacrifice completeness<< 
 
> Reload situation from existing file.  < ADT-Situation/Sit-quilici-i1-dist1-4705297406-250 > 
> Opened situation file.  < #<CHARACTER-INPUT-FILE-STREAM
                              #p"/fsys4/u/sgwoods/qcsp/ADT-Situation/Sit-quilici-i1-dist1-4705297406-250" pos 0> > 
> Closing situation file.  < #<CHARACTER-INPUT-FILE-STREAM
                               #p"/fsys4/u/sgwoods/qcsp/ADT-Situation/Sit-quilici-i1-dist1-4705297406-250" pos 19364> > 
> >> WARNING: CLOSE-TO constraint may sacrifice completeness<< 
 
> Reload situation from existing file.  < ADT-Situation/Sit-quilici-i1-dist1-4705297406-250 > 
> Opened situation file.  < #<CHARACTER-INPUT-FILE-STREAM
                              #p"/fsys4/u/sgwoods/qcsp/ADT-Situation/Sit-quilici-i1-dist1-4705297406-250" pos 0> > 
> Closing situation file.  < #<CHARACTER-INPUT-FILE-STREAM
                               #p"/fsys4/u/sgwoods/qcsp/ADT-Situation/Sit-quilici-i1-dist1-4705297406-250" pos 19364> > 
> >> WARNING: CLOSE-TO constraint may sacrifice completeness<< 
 
> Reload situation from existing file.  < ADT-Situation/Sit-quilici-i1-dist1-4705297406-250 > 
> Opened situation file.  < #<CHARACTER-INPUT-FILE-STREAM
                              #p"/fsys4/u/sgwoods/qcsp/ADT-Situation/Sit-quilici-i1-dist1-4705297406-250" pos 0> > 
> Closing situation file.  < #<CHARACTER-INPUT-FILE-STREAM
                               #p"/fsys4/u/sgwoods/qcsp/ADT-Situation/Sit-quilici-i1-dist1-4705297406-250" pos 19364> > 
> >> WARNING: CLOSE-TO constraint may sacrifice completeness<< 
 
> Reload situation from existing file.  < ADT-Situation/Sit-quilici-i1-dist1-4705297406-250 > 
> Opened situation file.  < #<CHARACTER-INPUT-FILE-STREAM
                              #p"/fsys4/u/sgwoods/qcsp/ADT-Situation/Sit-quilici-i1-dist1-4705297406-250" pos 0> > 
> Closing situation file.  < #<CHARACTER-INPUT-FILE-STREAM
                               #p"/fsys4/u/sgwoods/qcsp/ADT-Situation/Sit-quilici-i1-dist1-4705297406-250" pos 19364> > 
> >> WARNING: CLOSE-TO constraint may sacrifice completeness<< 
 
> Reload situation from existing file.  < ADT-Situation/Sit-quilici-i1-dist1-4705297406-250 > 
> Opened situation file.  < #<CHARACTER-INPUT-FILE-STREAM
                              #p"/fsys4/u/sgwoods/qcsp/ADT-Situation/Sit-quilici-i1-dist1-4705297406-250" pos 0> > 
> Closing situation file.  < #<CHARACTER-INPUT-FILE-STREAM
                               #p"/fsys4/u/sgwoods/qcsp/ADT-Situation/Sit-quilici-i1-dist1-4705297406-250" pos 19364> > 
> >> WARNING: CLOSE-TO constraint may sacrifice completeness<< 
 
> Reload situation from existing file.  < ADT-Situation/Sit-quilici-i1-dist1-4705297406-250 > 
> Opened situation file.  < #<CHARACTER-INPUT-FILE-STREAM
                              #p"/fsys4/u/sgwoods/qcsp/ADT-Situation/Sit-quilici-i1-dist1-4705297406-250" pos 0> > 
> Closing situation file.  < #<CHARACTER-INPUT-FILE-STREAM
                               #p"/fsys4/u/sgwoods/qcsp/ADT-Situation/Sit-quilici-i1-dist1-4705297406-250" pos 19364> > 
> >> WARNING: CLOSE-TO constraint may sacrifice completeness<< 
 
> Reload situation from existing file.  < ADT-Situation/Sit-quilici-i1-dist1-4705297406-250 > 
> Opened situation file.  < #<CHARACTER-INPUT-FILE-STREAM
                              #p"/fsys4/u/sgwoods/qcsp/ADT-Situation/Sit-quilici-i1-dist1-4705297406-250" pos 0> > 
> Closing situation file.  < #<CHARACTER-INPUT-FILE-STREAM
                               #p"/fsys4/u/sgwoods/qcsp/ADT-Situation/Sit-quilici-i1-dist1-4705297406-250" pos 19364> > 
> >> WARNING: CLOSE-TO constraint may sacrifice completeness<< 
 
> Reload situation from existing file.  < ADT-Situation/Sit-quilici-i1-dist1-4705297406-250 > 
> Opened situation file.  < #<CHARACTER-INPUT-FILE-STREAM
                              #p"/fsys4/u/sgwoods/qcsp/ADT-Situation/Sit-quilici-i1-dist1-4705297406-250" pos 0> > 
> Closing situation file.  < #<CHARACTER-INPUT-FILE-STREAM
                               #p"/fsys4/u/sgwoods/qcsp/ADT-Situation/Sit-quilici-i1-dist1-4705297406-250" pos 19364> > 
> >> WARNING: CLOSE-TO constraint may sacrifice completeness<< 
 
> Reload situation from existing file.  < ADT-Situation/Sit-quilici-i1-dist1-4705297406-250 > 
> Opened situation file.  < #<CHARACTER-INPUT-FILE-STREAM
                              #p"/fsys4/u/sgwoods/qcsp/ADT-Situation/Sit-quilici-i1-dist1-4705297406-250" pos 0> > 
> Closing situation file.  < #<CHARACTER-INPUT-FILE-STREAM
                               #p"/fsys4/u/sgwoods/qcsp/ADT-Situation/Sit-quilici-i1-dist1-4705297406-250" pos 19364> > 
> >> WARNING: CLOSE-TO constraint may sacrifice completeness<< 
 
> Reload situation from existing file.  < ADT-Situation/Sit-quilici-i1-dist1-4705297406-250 > 
> Opened situation file.  < #<CHARACTER-INPUT-FILE-STREAM
                              #p"/fsys4/u/sgwoods/qcsp/ADT-Situation/Sit-quilici-i1-dist1-4705297406-250" pos 0> > 
> Closing situation file.  < #<CHARACTER-INPUT-FILE-STREAM
                               #p"/fsys4/u/sgwoods/qcsp/ADT-Situation/Sit-quilici-i1-dist1-4705297406-250" pos 19364> > 
> >> WARNING: CLOSE-TO constraint may sacrifice completeness<< 
 
> Memory-Key opened file/stream  < Q-Batch/ij2/ij2-250.5 > 
 File/stream closed (at Memory-Key). 

; cpu time (non-gc) 32,570 msec user, 1,260 msec system
; cpu time (gc)     310 msec user, 30 msec system
; cpu time (total)  32,880 msec user, 1,290 msec system
; real time  37,512 msec
; space allocation:
 553,832 cons cells,;  451 symbols, 1,831,600 other bytes
((((Q1-C ADTQ1-C) (Q1-E ADTQ1-E) (Q1-H ADTQ1-H) (Q1-G ADTQ1-G) (Q1-B ADTQ1-B)
   (Q1-A ADTQ1-A) (Q1-F ADTQ1-F) (Q1-D ADTQ1-D) (Q1-I ADTQ1-I))))
USER(13): USER(13): > Open file: Saving new generated situation. 
 
> Close file: new generated situation. 
 
> Reload situation from existing file.  < ADT-Situation/Sit-quilici-i1-dist1-6724813580-250 > 
> Opened situation file.  < #<CHARACTER-INPUT-FILE-STREAM
                              #p"/fsys4/u/sgwoods/qcsp/ADT-Situation/Sit-quilici-i1-dist1-6724813580-250" pos 0> > 
> Closing situation file.  < #<CHARACTER-INPUT-FILE-STREAM
                               #p"/fsys4/u/sgwoods/qcsp/ADT-Situation/Sit-quilici-i1-dist1-6724813580-250" pos 19130> > 
> >> WARNING: CLOSE-TO constraint may sacrifice completeness<< 
 
> Reload situation from existing file.  < ADT-Situation/Sit-quilici-i1-dist1-6724813580-250 > 
> Opened situation file.  < #<CHARACTER-INPUT-FILE-STREAM
                              #p"/fsys4/u/sgwoods/qcsp/ADT-Situation/Sit-quilici-i1-dist1-6724813580-250" pos 0> > 
> Closing situation file.  < #<CHARACTER-INPUT-FILE-STREAM
                               #p"/fsys4/u/sgwoods/qcsp/ADT-Situation/Sit-quilici-i1-dist1-6724813580-250" pos 19130> > 
> >> WARNING: CLOSE-TO constraint may sacrifice completeness<< 
 
> Reload situation from existing file.  < ADT-Situation/Sit-quilici-i1-dist1-6724813580-250 > 
> Opened situation file.  < #<CHARACTER-INPUT-FILE-STREAM
                              #p"/fsys4/u/sgwoods/qcsp/ADT-Situation/Sit-quilici-i1-dist1-6724813580-250" pos 0> > 
> Closing situation file.  < #<CHARACTER-INPUT-FILE-STREAM
                               #p"/fsys4/u/sgwoods/qcsp/ADT-Situation/Sit-quilici-i1-dist1-6724813580-250" pos 19130> > 
> >> WARNING: CLOSE-TO constraint may sacrifice completeness<< 
 
> Reload situation from existing file.  < ADT-Situation/Sit-quilici-i1-dist1-6724813580-250 > 
> Opened situation file.  < #<CHARACTER-INPUT-FILE-STREAM
                              #p"/fsys4/u/sgwoods/qcsp/ADT-Situation/Sit-quilici-i1-dist1-6724813580-250" pos 0> > 
> Closing situation file.  < #<CHARACTER-INPUT-FILE-STREAM
                               #p"/fsys4/u/sgwoods/qcsp/ADT-Situation/Sit-quilici-i1-dist1-6724813580-250" pos 19130> > 
> >> WARNING: CLOSE-TO constraint may sacrifice completeness<< 
 
> Reload situation from existing file.  < ADT-Situation/Sit-quilici-i1-dist1-6724813580-250 > 
> Opened situation file.  < #<CHARACTER-INPUT-FILE-STREAM
                              #p"/fsys4/u/sgwoods/qcsp/ADT-Situation/Sit-quilici-i1-dist1-6724813580-250" pos 0> > 
> Closing situation file.  < #<CHARACTER-INPUT-FILE-STREAM
                               #p"/fsys4/u/sgwoods/qcsp/ADT-Situation/Sit-quilici-i1-dist1-6724813580-250" pos 19130> > 
> >> WARNING: CLOSE-TO constraint may sacrifice completeness<< 
 
> Reload situation from existing file.  < ADT-Situation/Sit-quilici-i1-dist1-6724813580-250 > 
> Opened situation file.  < #<CHARACTER-INPUT-FILE-STREAM
                              #p"/fsys4/u/sgwoods/qcsp/ADT-Situation/Sit-quilici-i1-dist1-6724813580-250" pos 0> > 
> Closing situation file.  < #<CHARACTER-INPUT-FILE-STREAM
                               #p"/fsys4/u/sgwoods/qcsp/ADT-Situation/Sit-quilici-i1-dist1-6724813580-250" pos 19130> > 
> >> WARNING: CLOSE-TO constraint may sacrifice completeness<< 
 
> Reload situation from existing file.  < ADT-Situation/Sit-quilici-i1-dist1-6724813580-250 > 
> Opened situation file.  < #<CHARACTER-INPUT-FILE-STREAM
                              #p"/fsys4/u/sgwoods/qcsp/ADT-Situation/Sit-quilici-i1-dist1-6724813580-250" pos 0> > 
> Closing situation file.  < #<CHARACTER-INPUT-FILE-STREAM
                               #p"/fsys4/u/sgwoods/qcsp/ADT-Situation/Sit-quilici-i1-dist1-6724813580-250" pos 19130> > 
> >> WARNING: CLOSE-TO constraint may sacrifice completeness<< 
 
> Reload situation from existing file.  < ADT-Situation/Sit-quilici-i1-dist1-6724813580-250 > 
> Opened situation file.  < #<CHARACTER-INPUT-FILE-STREAM
                              #p"/fsys4/u/sgwoods/qcsp/ADT-Situation/Sit-quilici-i1-dist1-6724813580-250" pos 0> > 
> Closing situation file.  < #<CHARACTER-INPUT-FILE-STREAM
                               #p"/fsys4/u/sgwoods/qcsp/ADT-Situation/Sit-quilici-i1-dist1-6724813580-250" pos 19130> > 
> >> WARNING: CLOSE-TO constraint may sacrifice completeness<< 
 
> Reload situation from existing file.  < ADT-Situation/Sit-quilici-i1-dist1-6724813580-250 > 
> Opened situation file.  < #<CHARACTER-INPUT-FILE-STREAM
                              #p"/fsys4/u/sgwoods/qcsp/ADT-Situation/Sit-quilici-i1-dist1-6724813580-250" pos 0> > 
> Closing situation file.  < #<CHARACTER-INPUT-FILE-STREAM
                               #p"/fsys4/u/sgwoods/qcsp/ADT-Situation/Sit-quilici-i1-dist1-6724813580-250" pos 19130> > 
> >> WARNING: CLOSE-TO constraint may sacrifice completeness<< 
 
> Reload situation from existing file.  < ADT-Situation/Sit-quilici-i1-dist1-6724813580-250 > 
> Opened situation file.  < #<CHARACTER-INPUT-FILE-STREAM
                              #p"/fsys4/u/sgwoods/qcsp/ADT-Situation/Sit-quilici-i1-dist1-6724813580-250" pos 0> > 
> Closing situation file.  < #<CHARACTER-INPUT-FILE-STREAM
                               #p"/fsys4/u/sgwoods/qcsp/ADT-Situation/Sit-quilici-i1-dist1-6724813580-250" pos 19130> > 
> >> WARNING: CLOSE-TO constraint may sacrifice completeness<< 
 
> Reload situation from existing file.  < ADT-Situation/Sit-quilici-i1-dist1-6724813580-250 > 
> Opened situation file.  < #<CHARACTER-INPUT-FILE-STREAM
                              #p"/fsys4/u/sgwoods/qcsp/ADT-Situation/Sit-quilici-i1-dist1-6724813580-250" pos 0> > 
> Closing situation file.  < #<CHARACTER-INPUT-FILE-STREAM
                               #p"/fsys4/u/sgwoods/qcsp/ADT-Situation/Sit-quilici-i1-dist1-6724813580-250" pos 19130> > 
> >> WARNING: CLOSE-TO constraint may sacrifice completeness<< 
 
> Reload situation from existing file.  < ADT-Situation/Sit-quilici-i1-dist1-6724813580-250 > 
> Opened situation file.  < #<CHARACTER-INPUT-FILE-STREAM
                              #p"/fsys4/u/sgwoods/qcsp/ADT-Situation/Sit-quilici-i1-dist1-6724813580-250" pos 0> > 
> Closing situation file.  < #<CHARACTER-INPUT-FILE-STREAM
                               #p"/fsys4/u/sgwoods/qcsp/ADT-Situation/Sit-quilici-i1-dist1-6724813580-250" pos 19130> > 
> >> WARNING: CLOSE-TO constraint may sacrifice completeness<< 
 
> Reload situation from existing file.  < ADT-Situation/Sit-quilici-i1-dist1-6724813580-250 > 
> Opened situation file.  < #<CHARACTER-INPUT-FILE-STREAM
                              #p"/fsys4/u/sgwoods/qcsp/ADT-Situation/Sit-quilici-i1-dist1-6724813580-250" pos 0> > 
> Closing situation file.  < #<CHARACTER-INPUT-FILE-STREAM
                               #p"/fsys4/u/sgwoods/qcsp/ADT-Situation/Sit-quilici-i1-dist1-6724813580-250" pos 19130> > 
> >> WARNING: CLOSE-TO constraint may sacrifice completeness<< 
 
> Reload situation from existing file.  < ADT-Situation/Sit-quilici-i1-dist1-6724813580-250 > 
> Opened situation file.  < #<CHARACTER-INPUT-FILE-STREAM
                              #p"/fsys4/u/sgwoods/qcsp/ADT-Situation/Sit-quilici-i1-dist1-6724813580-250" pos 0> > 
> Closing situation file.  < #<CHARACTER-INPUT-FILE-STREAM
                               #p"/fsys4/u/sgwoods/qcsp/ADT-Situation/Sit-quilici-i1-dist1-6724813580-250" pos 19130> > 
> >> WARNING: CLOSE-TO constraint may sacrifice completeness<< 
 
> Reload situation from existing file.  < ADT-Situation/Sit-quilici-i1-dist1-6724813580-250 > 
> Opened situation file.  < #<CHARACTER-INPUT-FILE-STREAM
                              #p"/fsys4/u/sgwoods/qcsp/ADT-Situation/Sit-quilici-i1-dist1-6724813580-250" pos 0> > 
> Closing situation file.  < #<CHARACTER-INPUT-FILE-STREAM
                               #p"/fsys4/u/sgwoods/qcsp/ADT-Situation/Sit-quilici-i1-dist1-6724813580-250" pos 19130> > 
> >> WARNING: CLOSE-TO constraint may sacrifice completeness<< 
 
> Reload situation from existing file.  < ADT-Situation/Sit-quilici-i1-dist1-6724813580-250 > 
> Opened situation file.  < #<CHARACTER-INPUT-FILE-STREAM
                              #p"/fsys4/u/sgwoods/qcsp/ADT-Situation/Sit-quilici-i1-dist1-6724813580-250" pos 0> > 
> Closing situation file.  < #<CHARACTER-INPUT-FILE-STREAM
                               #p"/fsys4/u/sgwoods/qcsp/ADT-Situation/Sit-quilici-i1-dist1-6724813580-250" pos 19130> > 
> >> WARNING: CLOSE-TO constraint may sacrifice completeness<< 
 
> Reload situation from existing file.  < ADT-Situation/Sit-quilici-i1-dist1-6724813580-250 > 
> Opened situation file.  < #<CHARACTER-INPUT-FILE-STREAM
                              #p"/fsys4/u/sgwoods/qcsp/ADT-Situation/Sit-quilici-i1-dist1-6724813580-250" pos 0> > 
> Closing situation file.  < #<CHARACTER-INPUT-FILE-STREAM
                               #p"/fsys4/u/sgwoods/qcsp/ADT-Situation/Sit-quilici-i1-dist1-6724813580-250" pos 19130> > 
> >> WARNING: CLOSE-TO constraint may sacrifice completeness<< 
 
> Reload situation from existing file.  < ADT-Situation/Sit-quilici-i1-dist1-6724813580-250 > 
> Opened situation file.  < #<CHARACTER-INPUT-FILE-STREAM
                              #p"/fsys4/u/sgwoods/qcsp/ADT-Situation/Sit-quilici-i1-dist1-6724813580-250" pos 0> > 
> Closing situation file.  < #<CHARACTER-INPUT-FILE-STREAM
                               #p"/fsys4/u/sgwoods/qcsp/ADT-Situation/Sit-quilici-i1-dist1-6724813580-250" pos 19130> > 
> >> WARNING: CLOSE-TO constraint may sacrifice completeness<< 
 
> Reload situation from existing file.  < ADT-Situation/Sit-quilici-i1-dist1-6724813580-250 > 
> Opened situation file.  < #<CHARACTER-INPUT-FILE-STREAM
                              #p"/fsys4/u/sgwoods/qcsp/ADT-Situation/Sit-quilici-i1-dist1-6724813580-250" pos 0> > 
> Closing situation file.  < #<CHARACTER-INPUT-FILE-STREAM
                               #p"/fsys4/u/sgwoods/qcsp/ADT-Situation/Sit-quilici-i1-dist1-6724813580-250" pos 19130> > 
> >> WARNING: CLOSE-TO constraint may sacrifice completeness<< 
 
> Reload situation from existing file.  < ADT-Situation/Sit-quilici-i1-dist1-6724813580-250 > 
> Opened situation file.  < #<CHARACTER-INPUT-FILE-STREAM
                              #p"/fsys4/u/sgwoods/qcsp/ADT-Situation/Sit-quilici-i1-dist1-6724813580-250" pos 0> > 
> Closing situation file.  < #<CHARACTER-INPUT-FILE-STREAM
                               #p"/fsys4/u/sgwoods/qcsp/ADT-Situation/Sit-quilici-i1-dist1-6724813580-250" pos 19130> > 
> >> WARNING: CLOSE-TO constraint may sacrifice completeness<< 
 
> Memory-Key opened file/stream  < Q-Batch/ij2/ij2-250.6 > 
 File/stream closed (at Memory-Key). 

; cpu time (non-gc) 28,620 msec user, 900 msec system
; cpu time (gc)     300 msec user, 10 msec system
; cpu time (total)  28,920 msec user, 910 msec system
; real time  32,794 msec
; space allocation:
 472,498 cons cells,;  421 symbols, 2,115,832 other bytes
((((Q1-C ADTQ1-C) (Q1-E ADTQ1-E) (Q1-H ADTQ1-H) (Q1-G ADTQ1-G) (Q1-A ADTQ1-A)
   (Q1-B ADTQ1-B) (Q1-F ADTQ1-F) (Q1-D ADTQ1-D) (Q1-I ADTQ1-I))))
USER(14): USER(14): > Reload situation from existing file.  < ADT-Situation/Sit-quilici-i1-dist1-8798969000-250 > 
> Opened situation file.  < #<CHARACTER-INPUT-FILE-STREAM
                              #p"/fsys4/u/sgwoods/qcsp/ADT-Situation/Sit-quilici-i1-dist1-8798969000-250" pos 0> > 
> Closing situation file.  < #<CHARACTER-INPUT-FILE-STREAM
                               #p"/fsys4/u/sgwoods/qcsp/ADT-Situation/Sit-quilici-i1-dist1-8798969000-250" pos 18709> > 
> Reload situation from existing file.  < ADT-Situation/Sit-quilici-i1-dist1-8798969000-250 > 
> Opened situation file.  < #<CHARACTER-INPUT-FILE-STREAM
                              #p"/fsys4/u/sgwoods/qcsp/ADT-Situation/Sit-quilici-i1-dist1-8798969000-250" pos 0> > 
> Closing situation file.  < #<CHARACTER-INPUT-FILE-STREAM
                               #p"/fsys4/u/sgwoods/qcsp/ADT-Situation/Sit-quilici-i1-dist1-8798969000-250" pos 18709> > 
> >> WARNING: CLOSE-TO constraint may sacrifice completeness<< 
 
> Reload situation from existing file.  < ADT-Situation/Sit-quilici-i1-dist1-8798969000-250 > 
> Opened situation file.  < #<CHARACTER-INPUT-FILE-STREAM
                              #p"/fsys4/u/sgwoods/qcsp/ADT-Situation/Sit-quilici-i1-dist1-8798969000-250" pos 0> > 
> Closing situation file.  < #<CHARACTER-INPUT-FILE-STREAM
                               #p"/fsys4/u/sgwoods/qcsp/ADT-Situation/Sit-quilici-i1-dist1-8798969000-250" pos 18709> > 
> >> WARNING: CLOSE-TO constraint may sacrifice completeness<< 
 
> Reload situation from existing file.  < ADT-Situation/Sit-quilici-i1-dist1-8798969000-250 > 
> Opened situation file.  < #<CHARACTER-INPUT-FILE-STREAM
                              #p"/fsys4/u/sgwoods/qcsp/ADT-Situation/Sit-quilici-i1-dist1-8798969000-250" pos 0> > 
> Closing situation file.  < #<CHARACTER-INPUT-FILE-STREAM
                               #p"/fsys4/u/sgwoods/qcsp/ADT-Situation/Sit-quilici-i1-dist1-8798969000-250" pos 18709> > 
> >> WARNING: CLOSE-TO constraint may sacrifice completeness<< 
 
> Reload situation from existing file.  < ADT-Situation/Sit-quilici-i1-dist1-8798969000-250 > 
> Opened situation file.  < #<CHARACTER-INPUT-FILE-STREAM
                              #p"/fsys4/u/sgwoods/qcsp/ADT-Situation/Sit-quilici-i1-dist1-8798969000-250" pos 0> > 
> Closing situation file.  < #<CHARACTER-INPUT-FILE-STREAM
                               #p"/fsys4/u/sgwoods/qcsp/ADT-Situation/Sit-quilici-i1-dist1-8798969000-250" pos 18709> > 
> >> WARNING: CLOSE-TO constraint may sacrifice completeness<< 
 
> Reload situation from existing file.  < ADT-Situation/Sit-quilici-i1-dist1-8798969000-250 > 
> Opened situation file.  < #<CHARACTER-INPUT-FILE-STREAM
                              #p"/fsys4/u/sgwoods/qcsp/ADT-Situation/Sit-quilici-i1-dist1-8798969000-250" pos 0> > 
> Closing situation file.  < #<CHARACTER-INPUT-FILE-STREAM
                               #p"/fsys4/u/sgwoods/qcsp/ADT-Situation/Sit-quilici-i1-dist1-8798969000-250" pos 18709> > 
> >> WARNING: CLOSE-TO constraint may sacrifice completeness<< 
 
> Reload situation from existing file.  < ADT-Situation/Sit-quilici-i1-dist1-8798969000-250 > 
> Opened situation file.  < #<CHARACTER-INPUT-FILE-STREAM
                              #p"/fsys4/u/sgwoods/qcsp/ADT-Situation/Sit-quilici-i1-dist1-8798969000-250" pos 0> > 
> Closing situation file.  < #<CHARACTER-INPUT-FILE-STREAM
                               #p"/fsys4/u/sgwoods/qcsp/ADT-Situation/Sit-quilici-i1-dist1-8798969000-250" pos 18709> > 
> >> WARNING: CLOSE-TO constraint may sacrifice completeness<< 
 
> Reload situation from existing file.  < ADT-Situation/Sit-quilici-i1-dist1-8798969000-250 > 
> Opened situation file.  < #<CHARACTER-INPUT-FILE-STREAM
                              #p"/fsys4/u/sgwoods/qcsp/ADT-Situation/Sit-quilici-i1-dist1-8798969000-250" pos 0> > 
> Closing situation file.  < #<CHARACTER-INPUT-FILE-STREAM
                               #p"/fsys4/u/sgwoods/qcsp/ADT-Situation/Sit-quilici-i1-dist1-8798969000-250" pos 18709> > 
> >> WARNING: CLOSE-TO constraint may sacrifice completeness<< 
 
> Reload situation from existing file.  < ADT-Situation/Sit-quilici-i1-dist1-8798969000-250 > 
> Opened situation file.  < #<CHARACTER-INPUT-FILE-STREAM
                              #p"/fsys4/u/sgwoods/qcsp/ADT-Situation/Sit-quilici-i1-dist1-8798969000-250" pos 0> > 
> Closing situation file.  < #<CHARACTER-INPUT-FILE-STREAM
                               #p"/fsys4/u/sgwoods/qcsp/ADT-Situation/Sit-quilici-i1-dist1-8798969000-250" pos 18709> > 
> >> WARNING: CLOSE-TO constraint may sacrifice completeness<< 
 
> Reload situation from existing file.  < ADT-Situation/Sit-quilici-i1-dist1-8798969000-250 > 
> Opened situation file.  < #<CHARACTER-INPUT-FILE-STREAM
                              #p"/fsys4/u/sgwoods/qcsp/ADT-Situation/Sit-quilici-i1-dist1-8798969000-250" pos 0> > 
> Closing situation file.  < #<CHARACTER-INPUT-FILE-STREAM
                               #p"/fsys4/u/sgwoods/qcsp/ADT-Situation/Sit-quilici-i1-dist1-8798969000-250" pos 18709> > 
> >> WARNING: CLOSE-TO constraint may sacrifice completeness<< 
 
> Reload situation from existing file.  < ADT-Situation/Sit-quilici-i1-dist1-8798969000-250 > 
> Opened situation file.  < #<CHARACTER-INPUT-FILE-STREAM
                              #p"/fsys4/u/sgwoods/qcsp/ADT-Situation/Sit-quilici-i1-dist1-8798969000-250" pos 0> > 
> Closing situation file.  < #<CHARACTER-INPUT-FILE-STREAM
                               #p"/fsys4/u/sgwoods/qcsp/ADT-Situation/Sit-quilici-i1-dist1-8798969000-250" pos 18709> > 
> >> WARNING: CLOSE-TO constraint may sacrifice completeness<< 
 
> Reload situation from existing file.  < ADT-Situation/Sit-quilici-i1-dist1-8798969000-250 > 
> Opened situation file.  < #<CHARACTER-INPUT-FILE-STREAM
                              #p"/fsys4/u/sgwoods/qcsp/ADT-Situation/Sit-quilici-i1-dist1-8798969000-250" pos 0> > 
> Closing situation file.  < #<CHARACTER-INPUT-FILE-STREAM
                               #p"/fsys4/u/sgwoods/qcsp/ADT-Situation/Sit-quilici-i1-dist1-8798969000-250" pos 18709> > 
> >> WARNING: CLOSE-TO constraint may sacrifice completeness<< 
 
> Reload situation from existing file.  < ADT-Situation/Sit-quilici-i1-dist1-8798969000-250 > 
> Opened situation file.  < #<CHARACTER-INPUT-FILE-STREAM
                              #p"/fsys4/u/sgwoods/qcsp/ADT-Situation/Sit-quilici-i1-dist1-8798969000-250" pos 0> > 
> Closing situation file.  < #<CHARACTER-INPUT-FILE-STREAM
                               #p"/fsys4/u/sgwoods/qcsp/ADT-Situation/Sit-quilici-i1-dist1-8798969000-250" pos 18709> > 
> >> WARNING: CLOSE-TO constraint may sacrifice completeness<< 
 
> Reload situation from existing file.  < ADT-Situation/Sit-quilici-i1-dist1-8798969000-250 > 
> Opened situation file.  < #<CHARACTER-INPUT-FILE-STREAM
                              #p"/fsys4/u/sgwoods/qcsp/ADT-Situation/Sit-quilici-i1-dist1-8798969000-250" pos 0> > 
> Closing situation file.  < #<CHARACTER-INPUT-FILE-STREAM
                               #p"/fsys4/u/sgwoods/qcsp/ADT-Situation/Sit-quilici-i1-dist1-8798969000-250" pos 18709> > 
> >> WARNING: CLOSE-TO constraint may sacrifice completeness<< 
 
> Reload situation from existing file.  < ADT-Situation/Sit-quilici-i1-dist1-8798969000-250 > 
> Opened situation file.  < #<CHARACTER-INPUT-FILE-STREAM
                              #p"/fsys4/u/sgwoods/qcsp/ADT-Situation/Sit-quilici-i1-dist1-8798969000-250" pos 0> > 
> Closing situation file.  < #<CHARACTER-INPUT-FILE-STREAM
                               #p"/fsys4/u/sgwoods/qcsp/ADT-Situation/Sit-quilici-i1-dist1-8798969000-250" pos 18709> > 
> >> WARNING: CLOSE-TO constraint may sacrifice completeness<< 
 
> Reload situation from existing file.  < ADT-Situation/Sit-quilici-i1-dist1-8798969000-250 > 
> Opened situation file.  < #<CHARACTER-INPUT-FILE-STREAM
                              #p"/fsys4/u/sgwoods/qcsp/ADT-Situation/Sit-quilici-i1-dist1-8798969000-250" pos 0> > 
> Closing situation file.  < #<CHARACTER-INPUT-FILE-STREAM
                               #p"/fsys4/u/sgwoods/qcsp/ADT-Situation/Sit-quilici-i1-dist1-8798969000-250" pos 18709> > 
> >> WARNING: CLOSE-TO constraint may sacrifice completeness<< 
 
> Reload situation from existing file.  < ADT-Situation/Sit-quilici-i1-dist1-8798969000-250 > 
> Opened situation file.  < #<CHARACTER-INPUT-FILE-STREAM
                              #p"/fsys4/u/sgwoods/qcsp/ADT-Situation/Sit-quilici-i1-dist1-8798969000-250" pos 0> > 
> Closing situation file.  < #<CHARACTER-INPUT-FILE-STREAM
                               #p"/fsys4/u/sgwoods/qcsp/ADT-Situation/Sit-quilici-i1-dist1-8798969000-250" pos 18709> > 
> >> WARNING: CLOSE-TO constraint may sacrifice completeness<< 
 
> Reload situation from existing file.  < ADT-Situation/Sit-quilici-i1-dist1-8798969000-250 > 
> Opened situation file.  < #<CHARACTER-INPUT-FILE-STREAM
                              #p"/fsys4/u/sgwoods/qcsp/ADT-Situation/Sit-quilici-i1-dist1-8798969000-250" pos 0> > 
> Closing situation file.  < #<CHARACTER-INPUT-FILE-STREAM
                               #p"/fsys4/u/sgwoods/qcsp/ADT-Situation/Sit-quilici-i1-dist1-8798969000-250" pos 18709> > 
> >> WARNING: CLOSE-TO constraint may sacrifice completeness<< 
 
> Reload situation from existing file.  < ADT-Situation/Sit-quilici-i1-dist1-8798969000-250 > 
> Opened situation file.  < #<CHARACTER-INPUT-FILE-STREAM
                              #p"/fsys4/u/sgwoods/qcsp/ADT-Situation/Sit-quilici-i1-dist1-8798969000-250" pos 0> > 
> Closing situation file.  < #<CHARACTER-INPUT-FILE-STREAM
                               #p"/fsys4/u/sgwoods/qcsp/ADT-Situation/Sit-quilici-i1-dist1-8798969000-250" pos 18709> > 
> >> WARNING: CLOSE-TO constraint may sacrifice completeness<< 
 
> Reload situation from existing file.  < ADT-Situation/Sit-quilici-i1-dist1-8798969000-250 > 
> Opened situation file.  < #<CHARACTER-INPUT-FILE-STREAM
                              #p"/fsys4/u/sgwoods/qcsp/ADT-Situation/Sit-quilici-i1-dist1-8798969000-250" pos 0> > 
> Closing situation file.  < #<CHARACTER-INPUT-FILE-STREAM
                               #p"/fsys4/u/sgwoods/qcsp/ADT-Situation/Sit-quilici-i1-dist1-8798969000-250" pos 18709> > 
> >> WARNING: CLOSE-TO constraint may sacrifice completeness<< 
 
> Reload situation from existing file.  < ADT-Situation/Sit-quilici-i1-dist1-8798969000-250 > 
> Opened situation file.  < #<CHARACTER-INPUT-FILE-STREAM
                              #p"/fsys4/u/sgwoods/qcsp/ADT-Situation/Sit-quilici-i1-dist1-8798969000-250" pos 0> > 
> Closing situation file.  < #<CHARACTER-INPUT-FILE-STREAM
                               #p"/fsys4/u/sgwoods/qcsp/ADT-Situation/Sit-quilici-i1-dist1-8798969000-250" pos 18709> > 
> >> WARNING: CLOSE-TO constraint may sacrifice completeness<< 
 
> Reload situation from existing file.  < ADT-Situation/Sit-quilici-i1-dist1-8798969000-250 > 
> Opened situation file.  < #<CHARACTER-INPUT-FILE-STREAM
                              #p"/fsys4/u/sgwoods/qcsp/ADT-Situation/Sit-quilici-i1-dist1-8798969000-250" pos 0> > 
> Closing situation file.  < #<CHARACTER-INPUT-FILE-STREAM
                               #p"/fsys4/u/sgwoods/qcsp/ADT-Situation/Sit-quilici-i1-dist1-8798969000-250" pos 18709> > 
> >> WARNING: CLOSE-TO constraint may sacrifice completeness<< 
 
> Memory-Key opened file/stream  < Q-Batch/ij2/ij2-250.7 > 
 File/stream closed (at Memory-Key). 

; cpu time (non-gc) 37,240 msec user, 1,280 msec system
; cpu time (gc)     260 msec user, 20 msec system
; cpu time (total)  37,500 msec user, 1,300 msec system
; real time  47,361 msec
; space allocation:
 592,452 cons cells,;  200 symbols, 987,064 other bytes
((((Q1-C ADTQ1-C) (Q1-A ADTQ1-A) (Q1-H ADTQ1-H) (Q1-F ADTQ1-F) (Q1-B ADTQ1-B)
   (Q1-E ADTQ1-E) (Q1-G ADTQ1-G) (Q1-D ADTQ1-D) (Q1-I ADTQ1-I))))
USER(15): USER(15): > Reload situation from existing file.  < ADT-Situation/Sit-quilici-i1-dist1-0805098560-250 > 
> Opened situation file.  < #<CHARACTER-INPUT-FILE-STREAM
                              #p"/fsys4/u/sgwoods/qcsp/ADT-Situation/Sit-quilici-i1-dist1-0805098560-250" pos 0> > 
> Closing situation file.  < #<CHARACTER-INPUT-FILE-STREAM
                               #p"/fsys4/u/sgwoods/qcsp/ADT-Situation/Sit-quilici-i1-dist1-0805098560-250" pos 19176> > 
> Reload situation from existing file.  < ADT-Situation/Sit-quilici-i1-dist1-0805098560-250 > 
> Opened situation file.  < #<CHARACTER-INPUT-FILE-STREAM
                              #p"/fsys4/u/sgwoods/qcsp/ADT-Situation/Sit-quilici-i1-dist1-0805098560-250" pos 0> > 
> Closing situation file.  < #<CHARACTER-INPUT-FILE-STREAM
                               #p"/fsys4/u/sgwoods/qcsp/ADT-Situation/Sit-quilici-i1-dist1-0805098560-250" pos 19176> > 
> >> WARNING: CLOSE-TO constraint may sacrifice completeness<< 
 
> Reload situation from existing file.  < ADT-Situation/Sit-quilici-i1-dist1-0805098560-250 > 
> Opened situation file.  < #<CHARACTER-INPUT-FILE-STREAM
                              #p"/fsys4/u/sgwoods/qcsp/ADT-Situation/Sit-quilici-i1-dist1-0805098560-250" pos 0> > 
> Closing situation file.  < #<CHARACTER-INPUT-FILE-STREAM
                               #p"/fsys4/u/sgwoods/qcsp/ADT-Situation/Sit-quilici-i1-dist1-0805098560-250" pos 19176> > 
> >> WARNING: CLOSE-TO constraint may sacrifice completeness<< 
 
> Reload situation from existing file.  < ADT-Situation/Sit-quilici-i1-dist1-0805098560-250 > 
> Opened situation file.  < #<CHARACTER-INPUT-FILE-STREAM
                              #p"/fsys4/u/sgwoods/qcsp/ADT-Situation/Sit-quilici-i1-dist1-0805098560-250" pos 0> > 
> Closing situation file.  < #<CHARACTER-INPUT-FILE-STREAM
                               #p"/fsys4/u/sgwoods/qcsp/ADT-Situation/Sit-quilici-i1-dist1-0805098560-250" pos 19176> > 
> >> WARNING: CLOSE-TO constraint may sacrifice completeness<< 
 
> Reload situation from existing file.  < ADT-Situation/Sit-quilici-i1-dist1-0805098560-250 > 
> Opened situation file.  < #<CHARACTER-INPUT-FILE-STREAM
                              #p"/fsys4/u/sgwoods/qcsp/ADT-Situation/Sit-quilici-i1-dist1-0805098560-250" pos 0> > 
> Closing situation file.  < #<CHARACTER-INPUT-FILE-STREAM
                               #p"/fsys4/u/sgwoods/qcsp/ADT-Situation/Sit-quilici-i1-dist1-0805098560-250" pos 19176> > 
> >> WARNING: CLOSE-TO constraint may sacrifice completeness<< 
 
> Reload situation from existing file.  < ADT-Situation/Sit-quilici-i1-dist1-0805098560-250 > 
> Opened situation file.  < #<CHARACTER-INPUT-FILE-STREAM
                              #p"/fsys4/u/sgwoods/qcsp/ADT-Situation/Sit-quilici-i1-dist1-0805098560-250" pos 0> > 
> Closing situation file.  < #<CHARACTER-INPUT-FILE-STREAM
                               #p"/fsys4/u/sgwoods/qcsp/ADT-Situation/Sit-quilici-i1-dist1-0805098560-250" pos 19176> > 
> >> WARNING: CLOSE-TO constraint may sacrifice completeness<< 
 
> Reload situation from existing file.  < ADT-Situation/Sit-quilici-i1-dist1-0805098560-250 > 
> Opened situation file.  < #<CHARACTER-INPUT-FILE-STREAM
                              #p"/fsys4/u/sgwoods/qcsp/ADT-Situation/Sit-quilici-i1-dist1-0805098560-250" pos 0> > 
> Closing situation file.  < #<CHARACTER-INPUT-FILE-STREAM
                               #p"/fsys4/u/sgwoods/qcsp/ADT-Situation/Sit-quilici-i1-dist1-0805098560-250" pos 19176> > 
> >> WARNING: CLOSE-TO constraint may sacrifice completeness<< 
 
> Reload situation from existing file.  < ADT-Situation/Sit-quilici-i1-dist1-0805098560-250 > 
> Opened situation file.  < #<CHARACTER-INPUT-FILE-STREAM
                              #p"/fsys4/u/sgwoods/qcsp/ADT-Situation/Sit-quilici-i1-dist1-0805098560-250" pos 0> > 
> Closing situation file.  < #<CHARACTER-INPUT-FILE-STREAM
                               #p"/fsys4/u/sgwoods/qcsp/ADT-Situation/Sit-quilici-i1-dist1-0805098560-250" pos 19176> > 
> >> WARNING: CLOSE-TO constraint may sacrifice completeness<< 
 
> Reload situation from existing file.  < ADT-Situation/Sit-quilici-i1-dist1-0805098560-250 > 
> Opened situation file.  < #<CHARACTER-INPUT-FILE-STREAM
                              #p"/fsys4/u/sgwoods/qcsp/ADT-Situation/Sit-quilici-i1-dist1-0805098560-250" pos 0> > 
> Closing situation file.  < #<CHARACTER-INPUT-FILE-STREAM
                               #p"/fsys4/u/sgwoods/qcsp/ADT-Situation/Sit-quilici-i1-dist1-0805098560-250" pos 19176> > 
> >> WARNING: CLOSE-TO constraint may sacrifice completeness<< 
 
> Reload situation from existing file.  < ADT-Situation/Sit-quilici-i1-dist1-0805098560-250 > 
> Opened situation file.  < #<CHARACTER-INPUT-FILE-STREAM
                              #p"/fsys4/u/sgwoods/qcsp/ADT-Situation/Sit-quilici-i1-dist1-0805098560-250" pos 0> > 
> Closing situation file.  < #<CHARACTER-INPUT-FILE-STREAM
                               #p"/fsys4/u/sgwoods/qcsp/ADT-Situation/Sit-quilici-i1-dist1-0805098560-250" pos 19176> > 
> >> WARNING: CLOSE-TO constraint may sacrifice completeness<< 
 
> Reload situation from existing file.  < ADT-Situation/Sit-quilici-i1-dist1-0805098560-250 > 
> Opened situation file.  < #<CHARACTER-INPUT-FILE-STREAM
                              #p"/fsys4/u/sgwoods/qcsp/ADT-Situation/Sit-quilici-i1-dist1-0805098560-250" pos 0> > 
> Closing situation file.  < #<CHARACTER-INPUT-FILE-STREAM
                               #p"/fsys4/u/sgwoods/qcsp/ADT-Situation/Sit-quilici-i1-dist1-0805098560-250" pos 19176> > 
> >> WARNING: CLOSE-TO constraint may sacrifice completeness<< 
 
> Reload situation from existing file.  < ADT-Situation/Sit-quilici-i1-dist1-0805098560-250 > 
> Opened situation file.  < #<CHARACTER-INPUT-FILE-STREAM
                              #p"/fsys4/u/sgwoods/qcsp/ADT-Situation/Sit-quilici-i1-dist1-0805098560-250" pos 0> > 
> Closing situation file.  < #<CHARACTER-INPUT-FILE-STREAM
                               #p"/fsys4/u/sgwoods/qcsp/ADT-Situation/Sit-quilici-i1-dist1-0805098560-250" pos 19176> > 
> >> WARNING: CLOSE-TO constraint may sacrifice completeness<< 
 
> Memory-Key opened file/stream  < Q-Batch/ij2/ij2-250.8 > 
 File/stream closed (at Memory-Key). 

; cpu time (non-gc) 20,290 msec user, 750 msec system
; cpu time (gc)     180 msec user, 10 msec system
; cpu time (total)  20,470 msec user, 760 msec system
; real time  23,382 msec
; space allocation:
 330,819 cons cells,;  446 symbols, 708,680 other bytes
((((Q1-C ADTQ1-C) (Q1-E ADTQ1-E) (Q1-H ADTQ1-H) (Q1-G ADTQ1-G) (Q1-B ADTQ1-B)
   (Q1-A ADTQ1-A) (Q1-F ADTQ1-F) (Q1-D ADTQ1-D) (Q1-I ADTQ1-I))))
USER(16): USER(16): > Reload situation from existing file.  < ADT-Situation/Sit-quilici-i1-dist1-4767135635-250 > 
> Opened situation file.  < #<CHARACTER-INPUT-FILE-STREAM
                              #p"/fsys4/u/sgwoods/qcsp/ADT-Situation/Sit-quilici-i1-dist1-4767135635-250" pos 0> > 
> Closing situation file.  < #<CHARACTER-INPUT-FILE-STREAM
                               #p"/fsys4/u/sgwoods/qcsp/ADT-Situation/Sit-quilici-i1-dist1-4767135635-250" pos 19462> > 
> Reload situation from existing file.  < ADT-Situation/Sit-quilici-i1-dist1-4767135635-250 > 
> Opened situation file.  < #<CHARACTER-INPUT-FILE-STREAM
                              #p"/fsys4/u/sgwoods/qcsp/ADT-Situation/Sit-quilici-i1-dist1-4767135635-250" pos 0> > 
> Closing situation file.  < #<CHARACTER-INPUT-FILE-STREAM
                               #p"/fsys4/u/sgwoods/qcsp/ADT-Situation/Sit-quilici-i1-dist1-4767135635-250" pos 19462> > 
> >> WARNING: CLOSE-TO constraint may sacrifice completeness<< 
 
> Reload situation from existing file.  < ADT-Situation/Sit-quilici-i1-dist1-4767135635-250 > 
> Opened situation file.  < #<CHARACTER-INPUT-FILE-STREAM
                              #p"/fsys4/u/sgwoods/qcsp/ADT-Situation/Sit-quilici-i1-dist1-4767135635-250" pos 0> > 
> Closing situation file.  < #<CHARACTER-INPUT-FILE-STREAM
                               #p"/fsys4/u/sgwoods/qcsp/ADT-Situation/Sit-quilici-i1-dist1-4767135635-250" pos 19462> > 
> >> WARNING: CLOSE-TO constraint may sacrifice completeness<< 
 
> Reload situation from existing file.  < ADT-Situation/Sit-quilici-i1-dist1-4767135635-250 > 
> Opened situation file.  < #<CHARACTER-INPUT-FILE-STREAM
                              #p"/fsys4/u/sgwoods/qcsp/ADT-Situation/Sit-quilici-i1-dist1-4767135635-250" pos 0> > 
> Closing situation file.  < #<CHARACTER-INPUT-FILE-STREAM
                               #p"/fsys4/u/sgwoods/qcsp/ADT-Situation/Sit-quilici-i1-dist1-4767135635-250" pos 19462> > 
> >> WARNING: CLOSE-TO constraint may sacrifice completeness<< 
 
> Reload situation from existing file.  < ADT-Situation/Sit-quilici-i1-dist1-4767135635-250 > 
> Opened situation file.  < #<CHARACTER-INPUT-FILE-STREAM
                              #p"/fsys4/u/sgwoods/qcsp/ADT-Situation/Sit-quilici-i1-dist1-4767135635-250" pos 0> > 
> Closing situation file.  < #<CHARACTER-INPUT-FILE-STREAM
                               #p"/fsys4/u/sgwoods/qcsp/ADT-Situation/Sit-quilici-i1-dist1-4767135635-250" pos 19462> > 
> >> WARNING: CLOSE-TO constraint may sacrifice completeness<< 
 
> Memory-Key opened file/stream  < Q-Batch/ij2/ij2-250.9 > 
 File/stream closed (at Memory-Key). 

; cpu time (non-gc) 11,620 msec user, 430 msec system
; cpu time (gc)     100 msec user, 0 msec system
; cpu time (total)  11,720 msec user, 430 msec system
; real time  12,459 msec
; space allocation:
 193,543 cons cells,;  444 symbols, 371,216 other bytes
((((Q1-C ADTQ1-C) (Q1-E ADTQ1-E) (Q1-H ADTQ1-H) (Q1-G ADTQ1-G) (Q1-A ADTQ1-A)
   (Q1-B ADTQ1-B) (Q1-F ADTQ1-F) (Q1-D ADTQ1-D) (Q1-I ADTQ1-I))))
USER(17): USER(17): > Reload situation from existing file.  < ADT-Situation/Sit-quilici-i1-dist1-7685437293-250 > 
> Opened situation file.  < #<CHARACTER-INPUT-FILE-STREAM
                              #p"/fsys4/u/sgwoods/qcsp/ADT-Situation/Sit-quilici-i1-dist1-7685437293-250" pos 0> > 
> Closing situation file.  < #<CHARACTER-INPUT-FILE-STREAM
                               #p"/fsys4/u/sgwoods/qcsp/ADT-Situation/Sit-quilici-i1-dist1-7685437293-250" pos 19121> > 
> Reload situation from existing file.  < ADT-Situation/Sit-quilici-i1-dist1-7685437293-250 > 
> Opened situation file.  < #<CHARACTER-INPUT-FILE-STREAM
                              #p"/fsys4/u/sgwoods/qcsp/ADT-Situation/Sit-quilici-i1-dist1-7685437293-250" pos 0> > 
> Closing situation file.  < #<CHARACTER-INPUT-FILE-STREAM
                               #p"/fsys4/u/sgwoods/qcsp/ADT-Situation/Sit-quilici-i1-dist1-7685437293-250" pos 19121> > 
> >> WARNING: CLOSE-TO constraint may sacrifice completeness<< 
 
> Reload situation from existing file.  < ADT-Situation/Sit-quilici-i1-dist1-7685437293-250 > 
> Opened situation file.  < #<CHARACTER-INPUT-FILE-STREAM
                              #p"/fsys4/u/sgwoods/qcsp/ADT-Situation/Sit-quilici-i1-dist1-7685437293-250" pos 0> > 
> Closing situation file.  < #<CHARACTER-INPUT-FILE-STREAM
                               #p"/fsys4/u/sgwoods/qcsp/ADT-Situation/Sit-quilici-i1-dist1-7685437293-250" pos 19121> > 
> >> WARNING: CLOSE-TO constraint may sacrifice completeness<< 
 
> Reload situation from existing file.  < ADT-Situation/Sit-quilici-i1-dist1-7685437293-250 > 
> Opened situation file.  < #<CHARACTER-INPUT-FILE-STREAM
                              #p"/fsys4/u/sgwoods/qcsp/ADT-Situation/Sit-quilici-i1-dist1-7685437293-250" pos 0> > 
> Closing situation file.  < #<CHARACTER-INPUT-FILE-STREAM
                               #p"/fsys4/u/sgwoods/qcsp/ADT-Situation/Sit-quilici-i1-dist1-7685437293-250" pos 19121> > 
> >> WARNING: CLOSE-TO constraint may sacrifice completeness<< 
 
> Reload situation from existing file.  < ADT-Situation/Sit-quilici-i1-dist1-7685437293-250 > 
> Opened situation file.  < #<CHARACTER-INPUT-FILE-STREAM
                              #p"/fsys4/u/sgwoods/qcsp/ADT-Situation/Sit-quilici-i1-dist1-7685437293-250" pos 0> > 
> Closing situation file.  < #<CHARACTER-INPUT-FILE-STREAM
                               #p"/fsys4/u/sgwoods/qcsp/ADT-Situation/Sit-quilici-i1-dist1-7685437293-250" pos 19121> > 
> >> WARNING: CLOSE-TO constraint may sacrifice completeness<< 
 
> Reload situation from existing file.  < ADT-Situation/Sit-quilici-i1-dist1-7685437293-250 > 
> Opened situation file.  < #<CHARACTER-INPUT-FILE-STREAM
                              #p"/fsys4/u/sgwoods/qcsp/ADT-Situation/Sit-quilici-i1-dist1-7685437293-250" pos 0> > 
> Closing situation file.  < #<CHARACTER-INPUT-FILE-STREAM
                               #p"/fsys4/u/sgwoods/qcsp/ADT-Situation/Sit-quilici-i1-dist1-7685437293-250" pos 19121> > 
> >> WARNING: CLOSE-TO constraint may sacrifice completeness<< 
 
> Reload situation from existing file.  < ADT-Situation/Sit-quilici-i1-dist1-7685437293-250 > 
> Opened situation file.  < #<CHARACTER-INPUT-FILE-STREAM
                              #p"/fsys4/u/sgwoods/qcsp/ADT-Situation/Sit-quilici-i1-dist1-7685437293-250" pos 0> > 
> Closing situation file.  < #<CHARACTER-INPUT-FILE-STREAM
                               #p"/fsys4/u/sgwoods/qcsp/ADT-Situation/Sit-quilici-i1-dist1-7685437293-250" pos 19121> > 
> >> WARNING: CLOSE-TO constraint may sacrifice completeness<< 
 
> Reload situation from existing file.  < ADT-Situation/Sit-quilici-i1-dist1-7685437293-250 > 
> Opened situation file.  < #<CHARACTER-INPUT-FILE-STREAM
                              #p"/fsys4/u/sgwoods/qcsp/ADT-Situation/Sit-quilici-i1-dist1-7685437293-250" pos 0> > 
> Closing situation file.  < #<CHARACTER-INPUT-FILE-STREAM
                               #p"/fsys4/u/sgwoods/qcsp/ADT-Situation/Sit-quilici-i1-dist1-7685437293-250" pos 19121> > 
> >> WARNING: CLOSE-TO constraint may sacrifice completeness<< 
 
> Reload situation from existing file.  < ADT-Situation/Sit-quilici-i1-dist1-7685437293-250 > 
> Opened situation file.  < #<CHARACTER-INPUT-FILE-STREAM
                              #p"/fsys4/u/sgwoods/qcsp/ADT-Situation/Sit-quilici-i1-dist1-7685437293-250" pos 0> > 
> Closing situation file.  < #<CHARACTER-INPUT-FILE-STREAM
                               #p"/fsys4/u/sgwoods/qcsp/ADT-Situation/Sit-quilici-i1-dist1-7685437293-250" pos 19121> > 
> >> WARNING: CLOSE-TO constraint may sacrifice completeness<< 
 
> Reload situation from existing file.  < ADT-Situation/Sit-quilici-i1-dist1-7685437293-250 > 
> Opened situation file.  < #<CHARACTER-INPUT-FILE-STREAM
                              #p"/fsys4/u/sgwoods/qcsp/ADT-Situation/Sit-quilici-i1-dist1-7685437293-250" pos 0> > 
> Closing situation file.  < #<CHARACTER-INPUT-FILE-STREAM
                               #p"/fsys4/u/sgwoods/qcsp/ADT-Situation/Sit-quilici-i1-dist1-7685437293-250" pos 19121> > 
> >> WARNING: CLOSE-TO constraint may sacrifice completeness<< 
 
> Reload situation from existing file.  < ADT-Situation/Sit-quilici-i1-dist1-7685437293-250 > 
> Opened situation file.  < #<CHARACTER-INPUT-FILE-STREAM
                              #p"/fsys4/u/sgwoods/qcsp/ADT-Situation/Sit-quilici-i1-dist1-7685437293-250" pos 0> > 
> Closing situation file.  < #<CHARACTER-INPUT-FILE-STREAM
                               #p"/fsys4/u/sgwoods/qcsp/ADT-Situation/Sit-quilici-i1-dist1-7685437293-250" pos 19121> > 
> >> WARNING: CLOSE-TO constraint may sacrifice completeness<< 
 
> Reload situation from existing file.  < ADT-Situation/Sit-quilici-i1-dist1-7685437293-250 > 
> Opened situation file.  < #<CHARACTER-INPUT-FILE-STREAM
                              #p"/fsys4/u/sgwoods/qcsp/ADT-Situation/Sit-quilici-i1-dist1-7685437293-250" pos 0> > 
> Closing situation file.  < #<CHARACTER-INPUT-FILE-STREAM
                               #p"/fsys4/u/sgwoods/qcsp/ADT-Situation/Sit-quilici-i1-dist1-7685437293-250" pos 19121> > 
> >> WARNING: CLOSE-TO constraint may sacrifice completeness<< 
 
> Reload situation from existing file.  < ADT-Situation/Sit-quilici-i1-dist1-7685437293-250 > 
> Opened situation file.  < #<CHARACTER-INPUT-FILE-STREAM
                              #p"/fsys4/u/sgwoods/qcsp/ADT-Situation/Sit-quilici-i1-dist1-7685437293-250" pos 0> > 
> Closing situation file.  < #<CHARACTER-INPUT-FILE-STREAM
                               #p"/fsys4/u/sgwoods/qcsp/ADT-Situation/Sit-quilici-i1-dist1-7685437293-250" pos 19121> > 
> >> WARNING: CLOSE-TO constraint may sacrifice completeness<< 
 
> Reload situation from existing file.  < ADT-Situation/Sit-quilici-i1-dist1-7685437293-250 > 
> Opened situation file.  < #<CHARACTER-INPUT-FILE-STREAM
                              #p"/fsys4/u/sgwoods/qcsp/ADT-Situation/Sit-quilici-i1-dist1-7685437293-250" pos 0> > 
> Closing situation file.  < #<CHARACTER-INPUT-FILE-STREAM
                               #p"/fsys4/u/sgwoods/qcsp/ADT-Situation/Sit-quilici-i1-dist1-7685437293-250" pos 19121> > 
> >> WARNING: CLOSE-TO constraint may sacrifice completeness<< 
 
> Reload situation from existing file.  < ADT-Situation/Sit-quilici-i1-dist1-7685437293-250 > 
> Opened situation file.  < #<CHARACTER-INPUT-FILE-STREAM
                              #p"/fsys4/u/sgwoods/qcsp/ADT-Situation/Sit-quilici-i1-dist1-7685437293-250" pos 0> > 
> Closing situation file.  < #<CHARACTER-INPUT-FILE-STREAM
                               #p"/fsys4/u/sgwoods/qcsp/ADT-Situation/Sit-quilici-i1-dist1-7685437293-250" pos 19121> > 
> >> WARNING: CLOSE-TO constraint may sacrifice completeness<< 
 
> Reload situation from existing file.  < ADT-Situation/Sit-quilici-i1-dist1-7685437293-250 > 
> Opened situation file.  < #<CHARACTER-INPUT-FILE-STREAM
                              #p"/fsys4/u/sgwoods/qcsp/ADT-Situation/Sit-quilici-i1-dist1-7685437293-250" pos 0> > 
> Closing situation file.  < #<CHARACTER-INPUT-FILE-STREAM
                               #p"/fsys4/u/sgwoods/qcsp/ADT-Situation/Sit-quilici-i1-dist1-7685437293-250" pos 19121> > 
> >> WARNING: CLOSE-TO constraint may sacrifice completeness<< 
 
> Reload situation from existing file.  < ADT-Situation/Sit-quilici-i1-dist1-7685437293-250 > 
> Opened situation file.  < #<CHARACTER-INPUT-FILE-STREAM
                              #p"/fsys4/u/sgwoods/qcsp/ADT-Situation/Sit-quilici-i1-dist1-7685437293-250" pos 0> > 
> Closing situation file.  < #<CHARACTER-INPUT-FILE-STREAM
                               #p"/fsys4/u/sgwoods/qcsp/ADT-Situation/Sit-quilici-i1-dist1-7685437293-250" pos 19121> > 
> >> WARNING: CLOSE-TO constraint may sacrifice completeness<< 
 
> Memory-Key opened file/stream  < Q-Batch/ij2/ij2-250.99 > 
 File/stream closed (at Memory-Key). 

; cpu time (non-gc) 29,900 msec user, 1,150 msec system
; cpu time (gc)     270 msec user, 0 msec system
; cpu time (total)  30,170 msec user, 1,150 msec system
; real time  32,194 msec
; space allocation:
 514,700 cons cells,;  461 symbols, 905,464 other bytes
((((Q1-C ADTQ1-C) (Q1-E ADTQ1-E) (Q1-H ADTQ1-H) (Q1-G ADTQ1-G) (Q1-A ADTQ1-A)
   (Q1-B ADTQ1-B) (Q1-F ADTQ1-F) (Q1-D ADTQ1-D) (Q1-I ADTQ1-I))))
USER(18): USER(18): USER(18): ; Exiting Lisp
