Allegro CL 4.2 [SPARC; R1] (2/1/95 11:34)
Copyright (C) 1985-1993, Franz Inc., Berkeley, CA, USA.  All Rights Reserved.
;   Loading /fsys4/u/sgwoods/qcsp/load.lisp.
;     Fast loading /fsys4/u/sgwoods/qcsp/bm.fasl.
;     Fast loading /fsys4/u/sgwoods/qcsp/bt.fasl.
;     Fast loading /fsys4/u/sgwoods/qcsp/ct.fasl.
;     Fast loading /fsys4/u/sgwoods/qcsp/utility.fasl.
;     Loading /fsys4/u/sgwoods/qcsp/compile.lisp.
;     Fast loading /fsys4/u/sgwoods/qcsp/quilici-search.fasl.
;     Fast loading /fsys4/u/sgwoods/qcsp/adt-simple.fasl.
;     Fast loading /fsys4/u/sgwoods/qcsp/adt-setup.fasl.
;     Fast loading /fsys4/u/sgwoods/qcsp/memory-csp.fasl.
;; Optimization settings: safety 1, space 1, speed 1, debug 2
;; For a complete description of all compiler switches given the current
;; optimization settings evaluate (EXPLAIN-COMPILER-SETTINGS).
USER(1): USER(1): USER(1): Journal Testing (2 Phased)
"Journal Testing (2 Phased)"
USER(2): 
NIL
USER(3): 
NIL
USER(4): ; Loading /fsys4/u/sgwoods/qcsp/load.lisp.
;   Fast loading /fsys4/u/sgwoods/qcsp/bm.fasl.
;   Fast loading /fsys4/u/sgwoods/qcsp/bt.fasl.
;   Fast loading /fsys4/u/sgwoods/qcsp/ct.fasl.
;   Fast loading /fsys4/u/sgwoods/qcsp/utility.fasl.
;   Loading /fsys4/u/sgwoods/qcsp/compile.lisp.
;   Fast loading /fsys4/u/sgwoods/qcsp/quilici-search.fasl.
;   Fast loading /fsys4/u/sgwoods/qcsp/adt-simple.fasl.
;   Fast loading /fsys4/u/sgwoods/qcsp/adt-setup.fasl.
;   Fast loading /fsys4/u/sgwoods/qcsp/memory-csp.fasl.
T
USER(5): USER(5): **** Noise 250 ****
"**** Noise 250 ****"
USER(6): 
NIL
USER(7): 
NIL
USER(8): > Reload situation from existing file.  < ADT-Situation/Sit-quilici-i1-dist1-default-250 > 
> Opened situation file.  < #<CHARACTER-INPUT-FILE-STREAM
                              #p"/fsys4/u/sgwoods/qcsp/ADT-Situation/Sit-quilici-i1-dist1-default-250" pos 0> > 
> Closing situation file.  < #<CHARACTER-INPUT-FILE-STREAM
                               #p"/fsys4/u/sgwoods/qcsp/ADT-Situation/Sit-quilici-i1-dist1-default-250" pos 18799> > 
> Reload situation from existing file.  < ADT-Situation/Sit-quilici-i1-dist1-default-250 > 
> Opened situation file.  < #<CHARACTER-INPUT-FILE-STREAM
                              #p"/fsys4/u/sgwoods/qcsp/ADT-Situation/Sit-quilici-i1-dist1-default-250" pos 0> > 
> Closing situation file.  < #<CHARACTER-INPUT-FILE-STREAM
                               #p"/fsys4/u/sgwoods/qcsp/ADT-Situation/Sit-quilici-i1-dist1-default-250" pos 18799> > 
> >> WARNING: CLOSE-TO constraint may sacrifice completeness<< 
 
> Reload situation from existing file.  < ADT-Situation/Sit-quilici-i1-dist1-default-250 > 
> Opened situation file.  < #<CHARACTER-INPUT-FILE-STREAM
                              #p"/fsys4/u/sgwoods/qcsp/ADT-Situation/Sit-quilici-i1-dist1-default-250" pos 0> > 
> Closing situation file.  < #<CHARACTER-INPUT-FILE-STREAM
                               #p"/fsys4/u/sgwoods/qcsp/ADT-Situation/Sit-quilici-i1-dist1-default-250" pos 18799> > 
> >> WARNING: CLOSE-TO constraint may sacrifice completeness<< 
 
> Reload situation from existing file.  < ADT-Situation/Sit-quilici-i1-dist1-default-250 > 
> Opened situation file.  < #<CHARACTER-INPUT-FILE-STREAM
                              #p"/fsys4/u/sgwoods/qcsp/ADT-Situation/Sit-quilici-i1-dist1-default-250" pos 0> > 
> Closing situation file.  < #<CHARACTER-INPUT-FILE-STREAM
                               #p"/fsys4/u/sgwoods/qcsp/ADT-Situation/Sit-quilici-i1-dist1-default-250" pos 18799> > 
> >> WARNING: CLOSE-TO constraint may sacrifice completeness<< 
 
> Reload situation from existing file.  < ADT-Situation/Sit-quilici-i1-dist1-default-250 > 
> Opened situation file.  < #<CHARACTER-INPUT-FILE-STREAM
                              #p"/fsys4/u/sgwoods/qcsp/ADT-Situation/Sit-quilici-i1-dist1-default-250" pos 0> > 
> Closing situation file.  < #<CHARACTER-INPUT-FILE-STREAM
                               #p"/fsys4/u/sgwoods/qcsp/ADT-Situation/Sit-quilici-i1-dist1-default-250" pos 18799> > 
> >> WARNING: CLOSE-TO constraint may sacrifice completeness<< 
 
> Reload situation from existing file.  < ADT-Situation/Sit-quilici-i1-dist1-default-250 > 
> Opened situation file.  < #<CHARACTER-INPUT-FILE-STREAM
                              #p"/fsys4/u/sgwoods/qcsp/ADT-Situation/Sit-quilici-i1-dist1-default-250" pos 0> > 
> Closing situation file.  < #<CHARACTER-INPUT-FILE-STREAM
                               #p"/fsys4/u/sgwoods/qcsp/ADT-Situation/Sit-quilici-i1-dist1-default-250" pos 18799> > 
> >> WARNING: CLOSE-TO constraint may sacrifice completeness<< 
 
> Reload situation from existing file.  < ADT-Situation/Sit-quilici-i1-dist1-default-250 > 
> Opened situation file.  < #<CHARACTER-INPUT-FILE-STREAM
                              #p"/fsys4/u/sgwoods/qcsp/ADT-Situation/Sit-quilici-i1-dist1-default-250" pos 0> > 
> Closing situation file.  < #<CHARACTER-INPUT-FILE-STREAM
                               #p"/fsys4/u/sgwoods/qcsp/ADT-Situation/Sit-quilici-i1-dist1-default-250" pos 18799> > 
> >> WARNING: CLOSE-TO constraint may sacrifice completeness<< 
 
> Reload situation from existing file.  < ADT-Situation/Sit-quilici-i1-dist1-default-250 > 
> Opened situation file.  < #<CHARACTER-INPUT-FILE-STREAM
                              #p"/fsys4/u/sgwoods/qcsp/ADT-Situation/Sit-quilici-i1-dist1-default-250" pos 0> > 
> Closing situation file.  < #<CHARACTER-INPUT-FILE-STREAM
                               #p"/fsys4/u/sgwoods/qcsp/ADT-Situation/Sit-quilici-i1-dist1-default-250" pos 18799> > 
> >> WARNING: CLOSE-TO constraint may sacrifice completeness<< 
 
> Reload situation from existing file.  < ADT-Situation/Sit-quilici-i1-dist1-default-250 > 
> Opened situation file.  < #<CHARACTER-INPUT-FILE-STREAM
                              #p"/fsys4/u/sgwoods/qcsp/ADT-Situation/Sit-quilici-i1-dist1-default-250" pos 0> > 
> Closing situation file.  < #<CHARACTER-INPUT-FILE-STREAM
                               #p"/fsys4/u/sgwoods/qcsp/ADT-Situation/Sit-quilici-i1-dist1-default-250" pos 18799> > 
> >> WARNING: CLOSE-TO constraint may sacrifice completeness<< 
 
> Reload situation from existing file.  < ADT-Situation/Sit-quilici-i1-dist1-default-250 > 
> Opened situation file.  < #<CHARACTER-INPUT-FILE-STREAM
                              #p"/fsys4/u/sgwoods/qcsp/ADT-Situation/Sit-quilici-i1-dist1-default-250" pos 0> > 
> Closing situation file.  < #<CHARACTER-INPUT-FILE-STREAM
                               #p"/fsys4/u/sgwoods/qcsp/ADT-Situation/Sit-quilici-i1-dist1-default-250" pos 18799> > 
> >> WARNING: CLOSE-TO constraint may sacrifice completeness<< 
 
> Reload situation from existing file.  < ADT-Situation/Sit-quilici-i1-dist1-default-250 > 
> Opened situation file.  < #<CHARACTER-INPUT-FILE-STREAM
                              #p"/fsys4/u/sgwoods/qcsp/ADT-Situation/Sit-quilici-i1-dist1-default-250" pos 0> > 
> Closing situation file.  < #<CHARACTER-INPUT-FILE-STREAM
                               #p"/fsys4/u/sgwoods/qcsp/ADT-Situation/Sit-quilici-i1-dist1-default-250" pos 18799> > 
> >> WARNING: CLOSE-TO constraint may sacrifice completeness<< 
 
> Reload situation from existing file.  < ADT-Situation/Sit-quilici-i1-dist1-default-250 > 
> Opened situation file.  < #<CHARACTER-INPUT-FILE-STREAM
                              #p"/fsys4/u/sgwoods/qcsp/ADT-Situation/Sit-quilici-i1-dist1-default-250" pos 0> > 
> Closing situation file.  < #<CHARACTER-INPUT-FILE-STREAM
                               #p"/fsys4/u/sgwoods/qcsp/ADT-Situation/Sit-quilici-i1-dist1-default-250" pos 18799> > 
> >> WARNING: CLOSE-TO constraint may sacrifice completeness<< 
 
> Reload situation from existing file.  < ADT-Situation/Sit-quilici-i1-dist1-default-250 > 
> Opened situation file.  < #<CHARACTER-INPUT-FILE-STREAM
                              #p"/fsys4/u/sgwoods/qcsp/ADT-Situation/Sit-quilici-i1-dist1-default-250" pos 0> > 
> Closing situation file.  < #<CHARACTER-INPUT-FILE-STREAM
                               #p"/fsys4/u/sgwoods/qcsp/ADT-Situation/Sit-quilici-i1-dist1-default-250" pos 18799> > 
> >> WARNING: CLOSE-TO constraint may sacrifice completeness<< 
 
> Reload situation from existing file.  < ADT-Situation/Sit-quilici-i1-dist1-default-250 > 
> Opened situation file.  < #<CHARACTER-INPUT-FILE-STREAM
                              #p"/fsys4/u/sgwoods/qcsp/ADT-Situation/Sit-quilici-i1-dist1-default-250" pos 0> > 
> Closing situation file.  < #<CHARACTER-INPUT-FILE-STREAM
                               #p"/fsys4/u/sgwoods/qcsp/ADT-Situation/Sit-quilici-i1-dist1-default-250" pos 18799> > 
> >> WARNING: CLOSE-TO constraint may sacrifice completeness<< 
 
> Reload situation from existing file.  < ADT-Situation/Sit-quilici-i1-dist1-default-250 > 
> Opened situation file.  < #<CHARACTER-INPUT-FILE-STREAM
                              #p"/fsys4/u/sgwoods/qcsp/ADT-Situation/Sit-quilici-i1-dist1-default-250" pos 0> > 
> Closing situation file.  < #<CHARACTER-INPUT-FILE-STREAM
                               #p"/fsys4/u/sgwoods/qcsp/ADT-Situation/Sit-quilici-i1-dist1-default-250" pos 18799> > 
> >> WARNING: CLOSE-TO constraint may sacrifice completeness<< 
 
> Reload situation from existing file.  < ADT-Situation/Sit-quilici-i1-dist1-default-250 > 
> Opened situation file.  < #<CHARACTER-INPUT-FILE-STREAM
                              #p"/fsys4/u/sgwoods/qcsp/ADT-Situation/Sit-quilici-i1-dist1-default-250" pos 0> > 
> Closing situation file.  < #<CHARACTER-INPUT-FILE-STREAM
                               #p"/fsys4/u/sgwoods/qcsp/ADT-Situation/Sit-quilici-i1-dist1-default-250" pos 18799> > 
> >> WARNING: CLOSE-TO constraint may sacrifice completeness<< 
 
> Reload situation from existing file.  < ADT-Situation/Sit-quilici-i1-dist1-default-250 > 
> Opened situation file.  < #<CHARACTER-INPUT-FILE-STREAM
                              #p"/fsys4/u/sgwoods/qcsp/ADT-Situation/Sit-quilici-i1-dist1-default-250" pos 0> > 
> Closing situation file.  < #<CHARACTER-INPUT-FILE-STREAM
                               #p"/fsys4/u/sgwoods/qcsp/ADT-Situation/Sit-quilici-i1-dist1-default-250" pos 18799> > 
> >> WARNING: CLOSE-TO constraint may sacrifice completeness<< 
 
> Memory-Key opened file/stream  < Q-Batch/ij3/ij3-250.1 > 
 File/stream closed (at Memory-Key). 

; cpu time (non-gc) 22,230 msec user, 430 msec system
; cpu time (gc)     410 msec user, 30 msec system
; cpu time (total)  22,640 msec user, 460 msec system
; real time  25,921 msec
; space allocation:
 309,326 cons cells,;  449 symbols, 1,083,872 other bytes
((((Q1-C ADTQ1-C) (Q1-E ADTQ1-E) (Q1-H ADTQ1-H) (Q1-G ADTQ1-G) (Q1-A ADTQ1-A)
   (Q1-B ADTQ1-B) (Q1-F ADTQ1-F) (Q1-D ADTQ1-D) (Q1-I ADTQ1-I))))
USER(9): USER(9): > Reload situation from existing file.  < ADT-Situation/Sit-quilici-i1-dist1-1783960706-250 > 
> Opened situation file.  < #<CHARACTER-INPUT-FILE-STREAM
                              #p"/fsys4/u/sgwoods/qcsp/ADT-Situation/Sit-quilici-i1-dist1-1783960706-250" pos 0> > 
> Closing situation file.  < #<CHARACTER-INPUT-FILE-STREAM
                               #p"/fsys4/u/sgwoods/qcsp/ADT-Situation/Sit-quilici-i1-dist1-1783960706-250" pos 18235> > 
> Reload situation from existing file.  < ADT-Situation/Sit-quilici-i1-dist1-1783960706-250 > 
> Opened situation file.  < #<CHARACTER-INPUT-FILE-STREAM
                              #p"/fsys4/u/sgwoods/qcsp/ADT-Situation/Sit-quilici-i1-dist1-1783960706-250" pos 0> > 
> Closing situation file.  < #<CHARACTER-INPUT-FILE-STREAM
                               #p"/fsys4/u/sgwoods/qcsp/ADT-Situation/Sit-quilici-i1-dist1-1783960706-250" pos 18235> > 
> >> WARNING: CLOSE-TO constraint may sacrifice completeness<< 
 
> Reload situation from existing file.  < ADT-Situation/Sit-quilici-i1-dist1-1783960706-250 > 
> Opened situation file.  < #<CHARACTER-INPUT-FILE-STREAM
                              #p"/fsys4/u/sgwoods/qcsp/ADT-Situation/Sit-quilici-i1-dist1-1783960706-250" pos 0> > 
> Closing situation file.  < #<CHARACTER-INPUT-FILE-STREAM
                               #p"/fsys4/u/sgwoods/qcsp/ADT-Situation/Sit-quilici-i1-dist1-1783960706-250" pos 18235> > 
> >> WARNING: CLOSE-TO constraint may sacrifice completeness<< 
 
> Reload situation from existing file.  < ADT-Situation/Sit-quilici-i1-dist1-1783960706-250 > 
> Opened situation file.  < #<CHARACTER-INPUT-FILE-STREAM
                              #p"/fsys4/u/sgwoods/qcsp/ADT-Situation/Sit-quilici-i1-dist1-1783960706-250" pos 0> > 
> Closing situation file.  < #<CHARACTER-INPUT-FILE-STREAM
                               #p"/fsys4/u/sgwoods/qcsp/ADT-Situation/Sit-quilici-i1-dist1-1783960706-250" pos 18235> > 
> >> WARNING: CLOSE-TO constraint may sacrifice completeness<< 
 
> Reload situation from existing file.  < ADT-Situation/Sit-quilici-i1-dist1-1783960706-250 > 
> Opened situation file.  < #<CHARACTER-INPUT-FILE-STREAM
                              #p"/fsys4/u/sgwoods/qcsp/ADT-Situation/Sit-quilici-i1-dist1-1783960706-250" pos 0> > 
> Closing situation file.  < #<CHARACTER-INPUT-FILE-STREAM
                               #p"/fsys4/u/sgwoods/qcsp/ADT-Situation/Sit-quilici-i1-dist1-1783960706-250" pos 18235> > 
> >> WARNING: CLOSE-TO constraint may sacrifice completeness<< 
 
> Reload situation from existing file.  < ADT-Situation/Sit-quilici-i1-dist1-1783960706-250 > 
> Opened situation file.  < #<CHARACTER-INPUT-FILE-STREAM
                              #p"/fsys4/u/sgwoods/qcsp/ADT-Situation/Sit-quilici-i1-dist1-1783960706-250" pos 0> > 
> Closing situation file.  < #<CHARACTER-INPUT-FILE-STREAM
                               #p"/fsys4/u/sgwoods/qcsp/ADT-Situation/Sit-quilici-i1-dist1-1783960706-250" pos 18235> > 
> >> WARNING: CLOSE-TO constraint may sacrifice completeness<< 
 
> Reload situation from existing file.  < ADT-Situation/Sit-quilici-i1-dist1-1783960706-250 > 
> Opened situation file.  < #<CHARACTER-INPUT-FILE-STREAM
                              #p"/fsys4/u/sgwoods/qcsp/ADT-Situation/Sit-quilici-i1-dist1-1783960706-250" pos 0> > 
> Closing situation file.  < #<CHARACTER-INPUT-FILE-STREAM
                               #p"/fsys4/u/sgwoods/qcsp/ADT-Situation/Sit-quilici-i1-dist1-1783960706-250" pos 18235> > 
> >> WARNING: CLOSE-TO constraint may sacrifice completeness<< 
 
> Reload situation from existing file.  < ADT-Situation/Sit-quilici-i1-dist1-1783960706-250 > 
> Opened situation file.  < #<CHARACTER-INPUT-FILE-STREAM
                              #p"/fsys4/u/sgwoods/qcsp/ADT-Situation/Sit-quilici-i1-dist1-1783960706-250" pos 0> > 
> Closing situation file.  < #<CHARACTER-INPUT-FILE-STREAM
                               #p"/fsys4/u/sgwoods/qcsp/ADT-Situation/Sit-quilici-i1-dist1-1783960706-250" pos 18235> > 
> >> WARNING: CLOSE-TO constraint may sacrifice completeness<< 
 
> Reload situation from existing file.  < ADT-Situation/Sit-quilici-i1-dist1-1783960706-250 > 
> Opened situation file.  < #<CHARACTER-INPUT-FILE-STREAM
                              #p"/fsys4/u/sgwoods/qcsp/ADT-Situation/Sit-quilici-i1-dist1-1783960706-250" pos 0> > 
> Closing situation file.  < #<CHARACTER-INPUT-FILE-STREAM
                               #p"/fsys4/u/sgwoods/qcsp/ADT-Situation/Sit-quilici-i1-dist1-1783960706-250" pos 18235> > 
> >> WARNING: CLOSE-TO constraint may sacrifice completeness<< 
 
> Reload situation from existing file.  < ADT-Situation/Sit-quilici-i1-dist1-1783960706-250 > 
> Opened situation file.  < #<CHARACTER-INPUT-FILE-STREAM
                              #p"/fsys4/u/sgwoods/qcsp/ADT-Situation/Sit-quilici-i1-dist1-1783960706-250" pos 0> > 
> Closing situation file.  < #<CHARACTER-INPUT-FILE-STREAM
                               #p"/fsys4/u/sgwoods/qcsp/ADT-Situation/Sit-quilici-i1-dist1-1783960706-250" pos 18235> > 
> >> WARNING: CLOSE-TO constraint may sacrifice completeness<< 
 
> Reload situation from existing file.  < ADT-Situation/Sit-quilici-i1-dist1-1783960706-250 > 
> Opened situation file.  < #<CHARACTER-INPUT-FILE-STREAM
                              #p"/fsys4/u/sgwoods/qcsp/ADT-Situation/Sit-quilici-i1-dist1-1783960706-250" pos 0> > 
> Closing situation file.  < #<CHARACTER-INPUT-FILE-STREAM
                               #p"/fsys4/u/sgwoods/qcsp/ADT-Situation/Sit-quilici-i1-dist1-1783960706-250" pos 18235> > 
> >> WARNING: CLOSE-TO constraint may sacrifice completeness<< 
 
> Reload situation from existing file.  < ADT-Situation/Sit-quilici-i1-dist1-1783960706-250 > 
> Opened situation file.  < #<CHARACTER-INPUT-FILE-STREAM
                              #p"/fsys4/u/sgwoods/qcsp/ADT-Situation/Sit-quilici-i1-dist1-1783960706-250" pos 0> > 
> Closing situation file.  < #<CHARACTER-INPUT-FILE-STREAM
                               #p"/fsys4/u/sgwoods/qcsp/ADT-Situation/Sit-quilici-i1-dist1-1783960706-250" pos 18235> > 
> >> WARNING: CLOSE-TO constraint may sacrifice completeness<< 
 
> Reload situation from existing file.  < ADT-Situation/Sit-quilici-i1-dist1-1783960706-250 > 
> Opened situation file.  < #<CHARACTER-INPUT-FILE-STREAM
                              #p"/fsys4/u/sgwoods/qcsp/ADT-Situation/Sit-quilici-i1-dist1-1783960706-250" pos 0> > 
> Closing situation file.  < #<CHARACTER-INPUT-FILE-STREAM
                               #p"/fsys4/u/sgwoods/qcsp/ADT-Situation/Sit-quilici-i1-dist1-1783960706-250" pos 18235> > 
> >> WARNING: CLOSE-TO constraint may sacrifice completeness<< 
 
> Reload situation from existing file.  < ADT-Situation/Sit-quilici-i1-dist1-1783960706-250 > 
> Opened situation file.  < #<CHARACTER-INPUT-FILE-STREAM
                              #p"/fsys4/u/sgwoods/qcsp/ADT-Situation/Sit-quilici-i1-dist1-1783960706-250" pos 0> > 
> Closing situation file.  < #<CHARACTER-INPUT-FILE-STREAM
                               #p"/fsys4/u/sgwoods/qcsp/ADT-Situation/Sit-quilici-i1-dist1-1783960706-250" pos 18235> > 
> >> WARNING: CLOSE-TO constraint may sacrifice completeness<< 
 
> Reload situation from existing file.  < ADT-Situation/Sit-quilici-i1-dist1-1783960706-250 > 
> Opened situation file.  < #<CHARACTER-INPUT-FILE-STREAM
                              #p"/fsys4/u/sgwoods/qcsp/ADT-Situation/Sit-quilici-i1-dist1-1783960706-250" pos 0> > 
> Closing situation file.  < #<CHARACTER-INPUT-FILE-STREAM
                               #p"/fsys4/u/sgwoods/qcsp/ADT-Situation/Sit-quilici-i1-dist1-1783960706-250" pos 18235> > 
> >> WARNING: CLOSE-TO constraint may sacrifice completeness<< 
 
> Reload situation from existing file.  < ADT-Situation/Sit-quilici-i1-dist1-1783960706-250 > 
> Opened situation file.  < #<CHARACTER-INPUT-FILE-STREAM
                              #p"/fsys4/u/sgwoods/qcsp/ADT-Situation/Sit-quilici-i1-dist1-1783960706-250" pos 0> > 
> Closing situation file.  < #<CHARACTER-INPUT-FILE-STREAM
                               #p"/fsys4/u/sgwoods/qcsp/ADT-Situation/Sit-quilici-i1-dist1-1783960706-250" pos 18235> > 
> >> WARNING: CLOSE-TO constraint may sacrifice completeness<< 
 
> Reload situation from existing file.  < ADT-Situation/Sit-quilici-i1-dist1-1783960706-250 > 
> Opened situation file.  < #<CHARACTER-INPUT-FILE-STREAM
                              #p"/fsys4/u/sgwoods/qcsp/ADT-Situation/Sit-quilici-i1-dist1-1783960706-250" pos 0> > 
> Closing situation file.  < #<CHARACTER-INPUT-FILE-STREAM
                               #p"/fsys4/u/sgwoods/qcsp/ADT-Situation/Sit-quilici-i1-dist1-1783960706-250" pos 18235> > 
> >> WARNING: CLOSE-TO constraint may sacrifice completeness<< 
 
> Reload situation from existing file.  < ADT-Situation/Sit-quilici-i1-dist1-1783960706-250 > 
> Opened situation file.  < #<CHARACTER-INPUT-FILE-STREAM
                              #p"/fsys4/u/sgwoods/qcsp/ADT-Situation/Sit-quilici-i1-dist1-1783960706-250" pos 0> > 
> Closing situation file.  < #<CHARACTER-INPUT-FILE-STREAM
                               #p"/fsys4/u/sgwoods/qcsp/ADT-Situation/Sit-quilici-i1-dist1-1783960706-250" pos 18235> > 
> >> WARNING: CLOSE-TO constraint may sacrifice completeness<< 
 
> Reload situation from existing file.  < ADT-Situation/Sit-quilici-i1-dist1-1783960706-250 > 
> Opened situation file.  < #<CHARACTER-INPUT-FILE-STREAM
                              #p"/fsys4/u/sgwoods/qcsp/ADT-Situation/Sit-quilici-i1-dist1-1783960706-250" pos 0> > 
> Closing situation file.  < #<CHARACTER-INPUT-FILE-STREAM
                               #p"/fsys4/u/sgwoods/qcsp/ADT-Situation/Sit-quilici-i1-dist1-1783960706-250" pos 18235> > 
> >> WARNING: CLOSE-TO constraint may sacrifice completeness<< 
 
> Reload situation from existing file.  < ADT-Situation/Sit-quilici-i1-dist1-1783960706-250 > 
> Opened situation file.  < #<CHARACTER-INPUT-FILE-STREAM
                              #p"/fsys4/u/sgwoods/qcsp/ADT-Situation/Sit-quilici-i1-dist1-1783960706-250" pos 0> > 
> Closing situation file.  < #<CHARACTER-INPUT-FILE-STREAM
                               #p"/fsys4/u/sgwoods/qcsp/ADT-Situation/Sit-quilici-i1-dist1-1783960706-250" pos 18235> > 
> >> WARNING: CLOSE-TO constraint may sacrifice completeness<< 
 
> Reload situation from existing file.  < ADT-Situation/Sit-quilici-i1-dist1-1783960706-250 > 
> Opened situation file.  < #<CHARACTER-INPUT-FILE-STREAM
                              #p"/fsys4/u/sgwoods/qcsp/ADT-Situation/Sit-quilici-i1-dist1-1783960706-250" pos 0> > 
> Closing situation file.  < #<CHARACTER-INPUT-FILE-STREAM
                               #p"/fsys4/u/sgwoods/qcsp/ADT-Situation/Sit-quilici-i1-dist1-1783960706-250" pos 18235> > 
> >> WARNING: CLOSE-TO constraint may sacrifice completeness<< 
 
> Memory-Key opened file/stream  < Q-Batch/ij3/ij3-250.2 > 
 File/stream closed (at Memory-Key). 

; cpu time (non-gc) 22,390 msec user, 450 msec system
; cpu time (gc)     210 msec user, 10 msec system
; cpu time (total)  22,600 msec user, 460 msec system
; real time  24,589 msec
; space allocation:
 304,556 cons cells,;  421 symbols, 1,404,368 other bytes
((((Q1-C ADTQ1-C) (Q1-E ADTQ1-E) (Q1-H ADTQ1-H) (Q1-G ADTQ1-G) (Q1-A ADTQ1-A)
   (Q1-B ADTQ1-B) (Q1-F ADTQ1-F) (Q1-D ADTQ1-D) (Q1-I ADTQ1-I))))
USER(10): USER(10): > Reload situation from existing file.  < ADT-Situation/Sit-quilici-i1-dist1-6148712495-250 > 
> Opened situation file.  < #<CHARACTER-INPUT-FILE-STREAM
                              #p"/fsys4/u/sgwoods/qcsp/ADT-Situation/Sit-quilici-i1-dist1-6148712495-250" pos 0> > 
> Closing situation file.  < #<CHARACTER-INPUT-FILE-STREAM
                               #p"/fsys4/u/sgwoods/qcsp/ADT-Situation/Sit-quilici-i1-dist1-6148712495-250" pos 17709> > 
> Reload situation from existing file.  < ADT-Situation/Sit-quilici-i1-dist1-6148712495-250 > 
> Opened situation file.  < #<CHARACTER-INPUT-FILE-STREAM
                              #p"/fsys4/u/sgwoods/qcsp/ADT-Situation/Sit-quilici-i1-dist1-6148712495-250" pos 0> > 
> Closing situation file.  < #<CHARACTER-INPUT-FILE-STREAM
                               #p"/fsys4/u/sgwoods/qcsp/ADT-Situation/Sit-quilici-i1-dist1-6148712495-250" pos 17709> > 
> >> WARNING: CLOSE-TO constraint may sacrifice completeness<< 
 
> Reload situation from existing file.  < ADT-Situation/Sit-quilici-i1-dist1-6148712495-250 > 
> Opened situation file.  < #<CHARACTER-INPUT-FILE-STREAM
                              #p"/fsys4/u/sgwoods/qcsp/ADT-Situation/Sit-quilici-i1-dist1-6148712495-250" pos 0> > 
> Closing situation file.  < #<CHARACTER-INPUT-FILE-STREAM
                               #p"/fsys4/u/sgwoods/qcsp/ADT-Situation/Sit-quilici-i1-dist1-6148712495-250" pos 17709> > 
> >> WARNING: CLOSE-TO constraint may sacrifice completeness<< 
 
> Reload situation from existing file.  < ADT-Situation/Sit-quilici-i1-dist1-6148712495-250 > 
> Opened situation file.  < #<CHARACTER-INPUT-FILE-STREAM
                              #p"/fsys4/u/sgwoods/qcsp/ADT-Situation/Sit-quilici-i1-dist1-6148712495-250" pos 0> > 
> Closing situation file.  < #<CHARACTER-INPUT-FILE-STREAM
                               #p"/fsys4/u/sgwoods/qcsp/ADT-Situation/Sit-quilici-i1-dist1-6148712495-250" pos 17709> > 
> >> WARNING: CLOSE-TO constraint may sacrifice completeness<< 
 
> Reload situation from existing file.  < ADT-Situation/Sit-quilici-i1-dist1-6148712495-250 > 
> Opened situation file.  < #<CHARACTER-INPUT-FILE-STREAM
                              #p"/fsys4/u/sgwoods/qcsp/ADT-Situation/Sit-quilici-i1-dist1-6148712495-250" pos 0> > 
> Closing situation file.  < #<CHARACTER-INPUT-FILE-STREAM
                               #p"/fsys4/u/sgwoods/qcsp/ADT-Situation/Sit-quilici-i1-dist1-6148712495-250" pos 17709> > 
> >> WARNING: CLOSE-TO constraint may sacrifice completeness<< 
 
> Reload situation from existing file.  < ADT-Situation/Sit-quilici-i1-dist1-6148712495-250 > 
> Opened situation file.  < #<CHARACTER-INPUT-FILE-STREAM
                              #p"/fsys4/u/sgwoods/qcsp/ADT-Situation/Sit-quilici-i1-dist1-6148712495-250" pos 0> > 
> Closing situation file.  < #<CHARACTER-INPUT-FILE-STREAM
                               #p"/fsys4/u/sgwoods/qcsp/ADT-Situation/Sit-quilici-i1-dist1-6148712495-250" pos 17709> > 
> >> WARNING: CLOSE-TO constraint may sacrifice completeness<< 
 
> Reload situation from existing file.  < ADT-Situation/Sit-quilici-i1-dist1-6148712495-250 > 
> Opened situation file.  < #<CHARACTER-INPUT-FILE-STREAM
                              #p"/fsys4/u/sgwoods/qcsp/ADT-Situation/Sit-quilici-i1-dist1-6148712495-250" pos 0> > 
> Closing situation file.  < #<CHARACTER-INPUT-FILE-STREAM
                               #p"/fsys4/u/sgwoods/qcsp/ADT-Situation/Sit-quilici-i1-dist1-6148712495-250" pos 17709> > 
> >> WARNING: CLOSE-TO constraint may sacrifice completeness<< 
 
> Memory-Key opened file/stream  < Q-Batch/ij3/ij3-250.3 > 
 File/stream closed (at Memory-Key). 

; cpu time (non-gc) 7,600 msec user, 190 msec system
; cpu time (gc)     50 msec user, 0 msec system
; cpu time (total)  7,650 msec user, 190 msec system
; real time  8,491 msec
; space allocation:
 107,522 cons cells,;  411 symbols, 467,096 other bytes
((((Q1-C ADTQ1-C) (Q1-E ADTQ1-E) (Q1-H ADTQ1-H) (Q1-G ADTQ1-G) (Q1-A ADTQ1-A)
   (Q1-B ADTQ1-B) (Q1-F ADTQ1-F) (Q1-D ADTQ1-D) (Q1-I ADTQ1-I))))
USER(11): USER(11): > Reload situation from existing file.  < ADT-Situation/Sit-quilici-i1-dist1-8261581571-250 > 
> Opened situation file.  < #<CHARACTER-INPUT-FILE-STREAM
                              #p"/fsys4/u/sgwoods/qcsp/ADT-Situation/Sit-quilici-i1-dist1-8261581571-250" pos 0> > 
> Closing situation file.  < #<CHARACTER-INPUT-FILE-STREAM
                               #p"/fsys4/u/sgwoods/qcsp/ADT-Situation/Sit-quilici-i1-dist1-8261581571-250" pos 18890> > 
> Reload situation from existing file.  < ADT-Situation/Sit-quilici-i1-dist1-8261581571-250 > 
> Opened situation file.  < #<CHARACTER-INPUT-FILE-STREAM
                              #p"/fsys4/u/sgwoods/qcsp/ADT-Situation/Sit-quilici-i1-dist1-8261581571-250" pos 0> > 
> Closing situation file.  < #<CHARACTER-INPUT-FILE-STREAM
                               #p"/fsys4/u/sgwoods/qcsp/ADT-Situation/Sit-quilici-i1-dist1-8261581571-250" pos 18890> > 
> >> WARNING: CLOSE-TO constraint may sacrifice completeness<< 
 
> Reload situation from existing file.  < ADT-Situation/Sit-quilici-i1-dist1-8261581571-250 > 
> Opened situation file.  < #<CHARACTER-INPUT-FILE-STREAM
                              #p"/fsys4/u/sgwoods/qcsp/ADT-Situation/Sit-quilici-i1-dist1-8261581571-250" pos 0> > 
> Closing situation file.  < #<CHARACTER-INPUT-FILE-STREAM
                               #p"/fsys4/u/sgwoods/qcsp/ADT-Situation/Sit-quilici-i1-dist1-8261581571-250" pos 18890> > 
> >> WARNING: CLOSE-TO constraint may sacrifice completeness<< 
 
> Reload situation from existing file.  < ADT-Situation/Sit-quilici-i1-dist1-8261581571-250 > 
> Opened situation file.  < #<CHARACTER-INPUT-FILE-STREAM
                              #p"/fsys4/u/sgwoods/qcsp/ADT-Situation/Sit-quilici-i1-dist1-8261581571-250" pos 0> > 
> Closing situation file.  < #<CHARACTER-INPUT-FILE-STREAM
                               #p"/fsys4/u/sgwoods/qcsp/ADT-Situation/Sit-quilici-i1-dist1-8261581571-250" pos 18890> > 
> >> WARNING: CLOSE-TO constraint may sacrifice completeness<< 
 
> Reload situation from existing file.  < ADT-Situation/Sit-quilici-i1-dist1-8261581571-250 > 
> Opened situation file.  < #<CHARACTER-INPUT-FILE-STREAM
                              #p"/fsys4/u/sgwoods/qcsp/ADT-Situation/Sit-quilici-i1-dist1-8261581571-250" pos 0> > 
> Closing situation file.  < #<CHARACTER-INPUT-FILE-STREAM
                               #p"/fsys4/u/sgwoods/qcsp/ADT-Situation/Sit-quilici-i1-dist1-8261581571-250" pos 18890> > 
> >> WARNING: CLOSE-TO constraint may sacrifice completeness<< 
 
> Reload situation from existing file.  < ADT-Situation/Sit-quilici-i1-dist1-8261581571-250 > 
> Opened situation file.  < #<CHARACTER-INPUT-FILE-STREAM
                              #p"/fsys4/u/sgwoods/qcsp/ADT-Situation/Sit-quilici-i1-dist1-8261581571-250" pos 0> > 
> Closing situation file.  < #<CHARACTER-INPUT-FILE-STREAM
                               #p"/fsys4/u/sgwoods/qcsp/ADT-Situation/Sit-quilici-i1-dist1-8261581571-250" pos 18890> > 
> >> WARNING: CLOSE-TO constraint may sacrifice completeness<< 
 
> Reload situation from existing file.  < ADT-Situation/Sit-quilici-i1-dist1-8261581571-250 > 
> Opened situation file.  < #<CHARACTER-INPUT-FILE-STREAM
                              #p"/fsys4/u/sgwoods/qcsp/ADT-Situation/Sit-quilici-i1-dist1-8261581571-250" pos 0> > 
> Closing situation file.  < #<CHARACTER-INPUT-FILE-STREAM
                               #p"/fsys4/u/sgwoods/qcsp/ADT-Situation/Sit-quilici-i1-dist1-8261581571-250" pos 18890> > 
> >> WARNING: CLOSE-TO constraint may sacrifice completeness<< 
 
> Reload situation from existing file.  < ADT-Situation/Sit-quilici-i1-dist1-8261581571-250 > 
> Opened situation file.  < #<CHARACTER-INPUT-FILE-STREAM
                              #p"/fsys4/u/sgwoods/qcsp/ADT-Situation/Sit-quilici-i1-dist1-8261581571-250" pos 0> > 
> Closing situation file.  < #<CHARACTER-INPUT-FILE-STREAM
                               #p"/fsys4/u/sgwoods/qcsp/ADT-Situation/Sit-quilici-i1-dist1-8261581571-250" pos 18890> > 
> >> WARNING: CLOSE-TO constraint may sacrifice completeness<< 
 
> Reload situation from existing file.  < ADT-Situation/Sit-quilici-i1-dist1-8261581571-250 > 
> Opened situation file.  < #<CHARACTER-INPUT-FILE-STREAM
                              #p"/fsys4/u/sgwoods/qcsp/ADT-Situation/Sit-quilici-i1-dist1-8261581571-250" pos 0> > 
> Closing situation file.  < #<CHARACTER-INPUT-FILE-STREAM
                               #p"/fsys4/u/sgwoods/qcsp/ADT-Situation/Sit-quilici-i1-dist1-8261581571-250" pos 18890> > 
> >> WARNING: CLOSE-TO constraint may sacrifice completeness<< 
 
> Memory-Key opened file/stream  < Q-Batch/ij3/ij3-250.4 > 
 File/stream closed (at Memory-Key). 

; cpu time (non-gc) 11,320 msec user, 220 msec system
; cpu time (gc)     140 msec user, 0 msec system
; cpu time (total)  11,460 msec user, 220 msec system
; real time  12,819 msec
; space allocation:
 174,028 cons cells,;  427 symbols, 637,208 other bytes
((((Q1-C ADTQ1-C) (Q1-E ADTQ1-E) (Q1-H ADTQ1-H) (Q1-G ADTQ1-G) (Q1-B ADTQ1-B)
   (Q1-A ADTQ1-A) (Q1-F ADTQ1-F) (Q1-D ADTQ1-D) (Q1-I ADTQ1-I))))
USER(12): USER(12): > Reload situation from existing file.  < ADT-Situation/Sit-quilici-i1-dist1-4705297406-250 > 
> Opened situation file.  < #<CHARACTER-INPUT-FILE-STREAM
                              #p"/fsys4/u/sgwoods/qcsp/ADT-Situation/Sit-quilici-i1-dist1-4705297406-250" pos 0> > 
> Closing situation file.  < #<CHARACTER-INPUT-FILE-STREAM
                               #p"/fsys4/u/sgwoods/qcsp/ADT-Situation/Sit-quilici-i1-dist1-4705297406-250" pos 19364> > 
> Reload situation from existing file.  < ADT-Situation/Sit-quilici-i1-dist1-4705297406-250 > 
> Opened situation file.  < #<CHARACTER-INPUT-FILE-STREAM
                              #p"/fsys4/u/sgwoods/qcsp/ADT-Situation/Sit-quilici-i1-dist1-4705297406-250" pos 0> > 
> Closing situation file.  < #<CHARACTER-INPUT-FILE-STREAM
                               #p"/fsys4/u/sgwoods/qcsp/ADT-Situation/Sit-quilici-i1-dist1-4705297406-250" pos 19364> > 
> >> WARNING: CLOSE-TO constraint may sacrifice completeness<< 
 
> Reload situation from existing file.  < ADT-Situation/Sit-quilici-i1-dist1-4705297406-250 > 
> Opened situation file.  < #<CHARACTER-INPUT-FILE-STREAM
                              #p"/fsys4/u/sgwoods/qcsp/ADT-Situation/Sit-quilici-i1-dist1-4705297406-250" pos 0> > 
> Closing situation file.  < #<CHARACTER-INPUT-FILE-STREAM
                               #p"/fsys4/u/sgwoods/qcsp/ADT-Situation/Sit-quilici-i1-dist1-4705297406-250" pos 19364> > 
> >> WARNING: CLOSE-TO constraint may sacrifice completeness<< 
 
> Reload situation from existing file.  < ADT-Situation/Sit-quilici-i1-dist1-4705297406-250 > 
> Opened situation file.  < #<CHARACTER-INPUT-FILE-STREAM
                              #p"/fsys4/u/sgwoods/qcsp/ADT-Situation/Sit-quilici-i1-dist1-4705297406-250" pos 0> > 
> Closing situation file.  < #<CHARACTER-INPUT-FILE-STREAM
                               #p"/fsys4/u/sgwoods/qcsp/ADT-Situation/Sit-quilici-i1-dist1-4705297406-250" pos 19364> > 
> >> WARNING: CLOSE-TO constraint may sacrifice completeness<< 
 
> Reload situation from existing file.  < ADT-Situation/Sit-quilici-i1-dist1-4705297406-250 > 
> Opened situation file.  < #<CHARACTER-INPUT-FILE-STREAM
                              #p"/fsys4/u/sgwoods/qcsp/ADT-Situation/Sit-quilici-i1-dist1-4705297406-250" pos 0> > 
> Closing situation file.  < #<CHARACTER-INPUT-FILE-STREAM
                               #p"/fsys4/u/sgwoods/qcsp/ADT-Situation/Sit-quilici-i1-dist1-4705297406-250" pos 19364> > 
> >> WARNING: CLOSE-TO constraint may sacrifice completeness<< 
 
> Reload situation from existing file.  < ADT-Situation/Sit-quilici-i1-dist1-4705297406-250 > 
> Opened situation file.  < #<CHARACTER-INPUT-FILE-STREAM
                              #p"/fsys4/u/sgwoods/qcsp/ADT-Situation/Sit-quilici-i1-dist1-4705297406-250" pos 0> > 
> Closing situation file.  < #<CHARACTER-INPUT-FILE-STREAM
                               #p"/fsys4/u/sgwoods/qcsp/ADT-Situation/Sit-quilici-i1-dist1-4705297406-250" pos 19364> > 
> >> WARNING: CLOSE-TO constraint may sacrifice completeness<< 
 
> Reload situation from existing file.  < ADT-Situation/Sit-quilici-i1-dist1-4705297406-250 > 
> Opened situation file.  < #<CHARACTER-INPUT-FILE-STREAM
                              #p"/fsys4/u/sgwoods/qcsp/ADT-Situation/Sit-quilici-i1-dist1-4705297406-250" pos 0> > 
> Closing situation file.  < #<CHARACTER-INPUT-FILE-STREAM
                               #p"/fsys4/u/sgwoods/qcsp/ADT-Situation/Sit-quilici-i1-dist1-4705297406-250" pos 19364> > 
> >> WARNING: CLOSE-TO constraint may sacrifice completeness<< 
 
> Reload situation from existing file.  < ADT-Situation/Sit-quilici-i1-dist1-4705297406-250 > 
> Opened situation file.  < #<CHARACTER-INPUT-FILE-STREAM
                              #p"/fsys4/u/sgwoods/qcsp/ADT-Situation/Sit-quilici-i1-dist1-4705297406-250" pos 0> > 
> Closing situation file.  < #<CHARACTER-INPUT-FILE-STREAM
                               #p"/fsys4/u/sgwoods/qcsp/ADT-Situation/Sit-quilici-i1-dist1-4705297406-250" pos 19364> > 
> >> WARNING: CLOSE-TO constraint may sacrifice completeness<< 
 
> Reload situation from existing file.  < ADT-Situation/Sit-quilici-i1-dist1-4705297406-250 > 
> Opened situation file.  < #<CHARACTER-INPUT-FILE-STREAM
                              #p"/fsys4/u/sgwoods/qcsp/ADT-Situation/Sit-quilici-i1-dist1-4705297406-250" pos 0> > 
> Closing situation file.  < #<CHARACTER-INPUT-FILE-STREAM
                               #p"/fsys4/u/sgwoods/qcsp/ADT-Situation/Sit-quilici-i1-dist1-4705297406-250" pos 19364> > 
> >> WARNING: CLOSE-TO constraint may sacrifice completeness<< 
 
> Reload situation from existing file.  < ADT-Situation/Sit-quilici-i1-dist1-4705297406-250 > 
> Opened situation file.  < #<CHARACTER-INPUT-FILE-STREAM
                              #p"/fsys4/u/sgwoods/qcsp/ADT-Situation/Sit-quilici-i1-dist1-4705297406-250" pos 0> > 
> Closing situation file.  < #<CHARACTER-INPUT-FILE-STREAM
                               #p"/fsys4/u/sgwoods/qcsp/ADT-Situation/Sit-quilici-i1-dist1-4705297406-250" pos 19364> > 
> >> WARNING: CLOSE-TO constraint may sacrifice completeness<< 
 
> Reload situation from existing file.  < ADT-Situation/Sit-quilici-i1-dist1-4705297406-250 > 
> Opened situation file.  < #<CHARACTER-INPUT-FILE-STREAM
                              #p"/fsys4/u/sgwoods/qcsp/ADT-Situation/Sit-quilici-i1-dist1-4705297406-250" pos 0> > 
> Closing situation file.  < #<CHARACTER-INPUT-FILE-STREAM
                               #p"/fsys4/u/sgwoods/qcsp/ADT-Situation/Sit-quilici-i1-dist1-4705297406-250" pos 19364> > 
> >> WARNING: CLOSE-TO constraint may sacrifice completeness<< 
 
> Reload situation from existing file.  < ADT-Situation/Sit-quilici-i1-dist1-4705297406-250 > 
> Opened situation file.  < #<CHARACTER-INPUT-FILE-STREAM
                              #p"/fsys4/u/sgwoods/qcsp/ADT-Situation/Sit-quilici-i1-dist1-4705297406-250" pos 0> > 
> Closing situation file.  < #<CHARACTER-INPUT-FILE-STREAM
                               #p"/fsys4/u/sgwoods/qcsp/ADT-Situation/Sit-quilici-i1-dist1-4705297406-250" pos 19364> > 
> >> WARNING: CLOSE-TO constraint may sacrifice completeness<< 
 
> Reload situation from existing file.  < ADT-Situation/Sit-quilici-i1-dist1-4705297406-250 > 
> Opened situation file.  < #<CHARACTER-INPUT-FILE-STREAM
                              #p"/fsys4/u/sgwoods/qcsp/ADT-Situation/Sit-quilici-i1-dist1-4705297406-250" pos 0> > 
> Closing situation file.  < #<CHARACTER-INPUT-FILE-STREAM
                               #p"/fsys4/u/sgwoods/qcsp/ADT-Situation/Sit-quilici-i1-dist1-4705297406-250" pos 19364> > 
> >> WARNING: CLOSE-TO constraint may sacrifice completeness<< 
 
> Reload situation from existing file.  < ADT-Situation/Sit-quilici-i1-dist1-4705297406-250 > 
> Opened situation file.  < #<CHARACTER-INPUT-FILE-STREAM
                              #p"/fsys4/u/sgwoods/qcsp/ADT-Situation/Sit-quilici-i1-dist1-4705297406-250" pos 0> > 
> Closing situation file.  < #<CHARACTER-INPUT-FILE-STREAM
                               #p"/fsys4/u/sgwoods/qcsp/ADT-Situation/Sit-quilici-i1-dist1-4705297406-250" pos 19364> > 
> >> WARNING: CLOSE-TO constraint may sacrifice completeness<< 
 
> Reload situation from existing file.  < ADT-Situation/Sit-quilici-i1-dist1-4705297406-250 > 
> Opened situation file.  < #<CHARACTER-INPUT-FILE-STREAM
                              #p"/fsys4/u/sgwoods/qcsp/ADT-Situation/Sit-quilici-i1-dist1-4705297406-250" pos 0> > 
> Closing situation file.  < #<CHARACTER-INPUT-FILE-STREAM
                               #p"/fsys4/u/sgwoods/qcsp/ADT-Situation/Sit-quilici-i1-dist1-4705297406-250" pos 19364> > 
> >> WARNING: CLOSE-TO constraint may sacrifice completeness<< 
 
> Reload situation from existing file.  < ADT-Situation/Sit-quilici-i1-dist1-4705297406-250 > 
> Opened situation file.  < #<CHARACTER-INPUT-FILE-STREAM
                              #p"/fsys4/u/sgwoods/qcsp/ADT-Situation/Sit-quilici-i1-dist1-4705297406-250" pos 0> > 
> Closing situation file.  < #<CHARACTER-INPUT-FILE-STREAM
                               #p"/fsys4/u/sgwoods/qcsp/ADT-Situation/Sit-quilici-i1-dist1-4705297406-250" pos 19364> > 
> >> WARNING: CLOSE-TO constraint may sacrifice completeness<< 
 
> Reload situation from existing file.  < ADT-Situation/Sit-quilici-i1-dist1-4705297406-250 > 
> Opened situation file.  < #<CHARACTER-INPUT-FILE-STREAM
                              #p"/fsys4/u/sgwoods/qcsp/ADT-Situation/Sit-quilici-i1-dist1-4705297406-250" pos 0> > 
> Closing situation file.  < #<CHARACTER-INPUT-FILE-STREAM
                               #p"/fsys4/u/sgwoods/qcsp/ADT-Situation/Sit-quilici-i1-dist1-4705297406-250" pos 19364> > 
> >> WARNING: CLOSE-TO constraint may sacrifice completeness<< 
 
> Reload situation from existing file.  < ADT-Situation/Sit-quilici-i1-dist1-4705297406-250 > 
> Opened situation file.  < #<CHARACTER-INPUT-FILE-STREAM
                              #p"/fsys4/u/sgwoods/qcsp/ADT-Situation/Sit-quilici-i1-dist1-4705297406-250" pos 0> > 
> Closing situation file.  < #<CHARACTER-INPUT-FILE-STREAM
                               #p"/fsys4/u/sgwoods/qcsp/ADT-Situation/Sit-quilici-i1-dist1-4705297406-250" pos 19364> > 
> >> WARNING: CLOSE-TO constraint may sacrifice completeness<< 
 
> Memory-Key opened file/stream  < Q-Batch/ij3/ij3-250.5 > 
 File/stream closed (at Memory-Key). 

; cpu time (non-gc) 21,110 msec user, 350 msec system
; cpu time (gc)     170 msec user, 0 msec system
; cpu time (total)  21,280 msec user, 350 msec system
; real time  23,451 msec
; space allocation:
 276,781 cons cells,;  451 symbols, 1,090,072 other bytes
((((Q1-C ADTQ1-C) (Q1-E ADTQ1-E) (Q1-H ADTQ1-H) (Q1-G ADTQ1-G) (Q1-B ADTQ1-B)
   (Q1-A ADTQ1-A) (Q1-F ADTQ1-F) (Q1-D ADTQ1-D) (Q1-I ADTQ1-I))))
USER(13): USER(13): > Reload situation from existing file.  < ADT-Situation/Sit-quilici-i1-dist1-6724813580-250 > 
> Opened situation file.  < #<CHARACTER-INPUT-FILE-STREAM
                              #p"/fsys4/u/sgwoods/qcsp/ADT-Situation/Sit-quilici-i1-dist1-6724813580-250" pos 0> > 
> Closing situation file.  < #<CHARACTER-INPUT-FILE-STREAM
                               #p"/fsys4/u/sgwoods/qcsp/ADT-Situation/Sit-quilici-i1-dist1-6724813580-250" pos 19130> > 
> Reload situation from existing file.  < ADT-Situation/Sit-quilici-i1-dist1-6724813580-250 > 
> Opened situation file.  < #<CHARACTER-INPUT-FILE-STREAM
                              #p"/fsys4/u/sgwoods/qcsp/ADT-Situation/Sit-quilici-i1-dist1-6724813580-250" pos 0> > 
> Closing situation file.  < #<CHARACTER-INPUT-FILE-STREAM
                               #p"/fsys4/u/sgwoods/qcsp/ADT-Situation/Sit-quilici-i1-dist1-6724813580-250" pos 19130> > 
> >> WARNING: CLOSE-TO constraint may sacrifice completeness<< 
 
> Reload situation from existing file.  < ADT-Situation/Sit-quilici-i1-dist1-6724813580-250 > 
> Opened situation file.  < #<CHARACTER-INPUT-FILE-STREAM
                              #p"/fsys4/u/sgwoods/qcsp/ADT-Situation/Sit-quilici-i1-dist1-6724813580-250" pos 0> > 
> Closing situation file.  < #<CHARACTER-INPUT-FILE-STREAM
                               #p"/fsys4/u/sgwoods/qcsp/ADT-Situation/Sit-quilici-i1-dist1-6724813580-250" pos 19130> > 
> >> WARNING: CLOSE-TO constraint may sacrifice completeness<< 
 
> Reload situation from existing file.  < ADT-Situation/Sit-quilici-i1-dist1-6724813580-250 > 
> Opened situation file.  < #<CHARACTER-INPUT-FILE-STREAM
                              #p"/fsys4/u/sgwoods/qcsp/ADT-Situation/Sit-quilici-i1-dist1-6724813580-250" pos 0> > 
> Closing situation file.  < #<CHARACTER-INPUT-FILE-STREAM
                               #p"/fsys4/u/sgwoods/qcsp/ADT-Situation/Sit-quilici-i1-dist1-6724813580-250" pos 19130> > 
> >> WARNING: CLOSE-TO constraint may sacrifice completeness<< 
 
> Reload situation from existing file.  < ADT-Situation/Sit-quilici-i1-dist1-6724813580-250 > 
> Opened situation file.  < #<CHARACTER-INPUT-FILE-STREAM
                              #p"/fsys4/u/sgwoods/qcsp/ADT-Situation/Sit-quilici-i1-dist1-6724813580-250" pos 0> > 
> Closing situation file.  < #<CHARACTER-INPUT-FILE-STREAM
                               #p"/fsys4/u/sgwoods/qcsp/ADT-Situation/Sit-quilici-i1-dist1-6724813580-250" pos 19130> > 
> >> WARNING: CLOSE-TO constraint may sacrifice completeness<< 
 
> Reload situation from existing file.  < ADT-Situation/Sit-quilici-i1-dist1-6724813580-250 > 
> Opened situation file.  < #<CHARACTER-INPUT-FILE-STREAM
                              #p"/fsys4/u/sgwoods/qcsp/ADT-Situation/Sit-quilici-i1-dist1-6724813580-250" pos 0> > 
> Closing situation file.  < #<CHARACTER-INPUT-FILE-STREAM
                               #p"/fsys4/u/sgwoods/qcsp/ADT-Situation/Sit-quilici-i1-dist1-6724813580-250" pos 19130> > 
> >> WARNING: CLOSE-TO constraint may sacrifice completeness<< 
 
> Reload situation from existing file.  < ADT-Situation/Sit-quilici-i1-dist1-6724813580-250 > 
> Opened situation file.  < #<CHARACTER-INPUT-FILE-STREAM
                              #p"/fsys4/u/sgwoods/qcsp/ADT-Situation/Sit-quilici-i1-dist1-6724813580-250" pos 0> > 
> Closing situation file.  < #<CHARACTER-INPUT-FILE-STREAM
                               #p"/fsys4/u/sgwoods/qcsp/ADT-Situation/Sit-quilici-i1-dist1-6724813580-250" pos 19130> > 
> >> WARNING: CLOSE-TO constraint may sacrifice completeness<< 
 
> Reload situation from existing file.  < ADT-Situation/Sit-quilici-i1-dist1-6724813580-250 > 
> Opened situation file.  < #<CHARACTER-INPUT-FILE-STREAM
                              #p"/fsys4/u/sgwoods/qcsp/ADT-Situation/Sit-quilici-i1-dist1-6724813580-250" pos 0> > 
> Closing situation file.  < #<CHARACTER-INPUT-FILE-STREAM
                               #p"/fsys4/u/sgwoods/qcsp/ADT-Situation/Sit-quilici-i1-dist1-6724813580-250" pos 19130> > 
> >> WARNING: CLOSE-TO constraint may sacrifice completeness<< 
 
> Reload situation from existing file.  < ADT-Situation/Sit-quilici-i1-dist1-6724813580-250 > 
> Opened situation file.  < #<CHARACTER-INPUT-FILE-STREAM
                              #p"/fsys4/u/sgwoods/qcsp/ADT-Situation/Sit-quilici-i1-dist1-6724813580-250" pos 0> > 
> Closing situation file.  < #<CHARACTER-INPUT-FILE-STREAM
                               #p"/fsys4/u/sgwoods/qcsp/ADT-Situation/Sit-quilici-i1-dist1-6724813580-250" pos 19130> > 
> >> WARNING: CLOSE-TO constraint may sacrifice completeness<< 
 
> Reload situation from existing file.  < ADT-Situation/Sit-quilici-i1-dist1-6724813580-250 > 
> Opened situation file.  < #<CHARACTER-INPUT-FILE-STREAM
                              #p"/fsys4/u/sgwoods/qcsp/ADT-Situation/Sit-quilici-i1-dist1-6724813580-250" pos 0> > 
> Closing situation file.  < #<CHARACTER-INPUT-FILE-STREAM
                               #p"/fsys4/u/sgwoods/qcsp/ADT-Situation/Sit-quilici-i1-dist1-6724813580-250" pos 19130> > 
> >> WARNING: CLOSE-TO constraint may sacrifice completeness<< 
 
> Reload situation from existing file.  < ADT-Situation/Sit-quilici-i1-dist1-6724813580-250 > 
> Opened situation file.  < #<CHARACTER-INPUT-FILE-STREAM
                              #p"/fsys4/u/sgwoods/qcsp/ADT-Situation/Sit-quilici-i1-dist1-6724813580-250" pos 0> > 
> Closing situation file.  < #<CHARACTER-INPUT-FILE-STREAM
                               #p"/fsys4/u/sgwoods/qcsp/ADT-Situation/Sit-quilici-i1-dist1-6724813580-250" pos 19130> > 
> >> WARNING: CLOSE-TO constraint may sacrifice completeness<< 
 
> Reload situation from existing file.  < ADT-Situation/Sit-quilici-i1-dist1-6724813580-250 > 
> Opened situation file.  < #<CHARACTER-INPUT-FILE-STREAM
                              #p"/fsys4/u/sgwoods/qcsp/ADT-Situation/Sit-quilici-i1-dist1-6724813580-250" pos 0> > 
> Closing situation file.  < #<CHARACTER-INPUT-FILE-STREAM
                               #p"/fsys4/u/sgwoods/qcsp/ADT-Situation/Sit-quilici-i1-dist1-6724813580-250" pos 19130> > 
> >> WARNING: CLOSE-TO constraint may sacrifice completeness<< 
 
> Reload situation from existing file.  < ADT-Situation/Sit-quilici-i1-dist1-6724813580-250 > 
> Opened situation file.  < #<CHARACTER-INPUT-FILE-STREAM
                              #p"/fsys4/u/sgwoods/qcsp/ADT-Situation/Sit-quilici-i1-dist1-6724813580-250" pos 0> > 
> Closing situation file.  < #<CHARACTER-INPUT-FILE-STREAM
                               #p"/fsys4/u/sgwoods/qcsp/ADT-Situation/Sit-quilici-i1-dist1-6724813580-250" pos 19130> > 
> >> WARNING: CLOSE-TO constraint may sacrifice completeness<< 
 
> Reload situation from existing file.  < ADT-Situation/Sit-quilici-i1-dist1-6724813580-250 > 
> Opened situation file.  < #<CHARACTER-INPUT-FILE-STREAM
                              #p"/fsys4/u/sgwoods/qcsp/ADT-Situation/Sit-quilici-i1-dist1-6724813580-250" pos 0> > 
> Closing situation file.  < #<CHARACTER-INPUT-FILE-STREAM
                               #p"/fsys4/u/sgwoods/qcsp/ADT-Situation/Sit-quilici-i1-dist1-6724813580-250" pos 19130> > 
> >> WARNING: CLOSE-TO constraint may sacrifice completeness<< 
 
> Reload situation from existing file.  < ADT-Situation/Sit-quilici-i1-dist1-6724813580-250 > 
> Opened situation file.  < #<CHARACTER-INPUT-FILE-STREAM
                              #p"/fsys4/u/sgwoods/qcsp/ADT-Situation/Sit-quilici-i1-dist1-6724813580-250" pos 0> > 
> Closing situation file.  < #<CHARACTER-INPUT-FILE-STREAM
                               #p"/fsys4/u/sgwoods/qcsp/ADT-Situation/Sit-quilici-i1-dist1-6724813580-250" pos 19130> > 
> >> WARNING: CLOSE-TO constraint may sacrifice completeness<< 
 
> Reload situation from existing file.  < ADT-Situation/Sit-quilici-i1-dist1-6724813580-250 > 
> Opened situation file.  < #<CHARACTER-INPUT-FILE-STREAM
                              #p"/fsys4/u/sgwoods/qcsp/ADT-Situation/Sit-quilici-i1-dist1-6724813580-250" pos 0> > 
> Closing situation file.  < #<CHARACTER-INPUT-FILE-STREAM
                               #p"/fsys4/u/sgwoods/qcsp/ADT-Situation/Sit-quilici-i1-dist1-6724813580-250" pos 19130> > 
> >> WARNING: CLOSE-TO constraint may sacrifice completeness<< 
 
> Reload situation from existing file.  < ADT-Situation/Sit-quilici-i1-dist1-6724813580-250 > 
> Opened situation file.  < #<CHARACTER-INPUT-FILE-STREAM
                              #p"/fsys4/u/sgwoods/qcsp/ADT-Situation/Sit-quilici-i1-dist1-6724813580-250" pos 0> > 
> Closing situation file.  < #<CHARACTER-INPUT-FILE-STREAM
                               #p"/fsys4/u/sgwoods/qcsp/ADT-Situation/Sit-quilici-i1-dist1-6724813580-250" pos 19130> > 
> >> WARNING: CLOSE-TO constraint may sacrifice completeness<< 
 
> Reload situation from existing file.  < ADT-Situation/Sit-quilici-i1-dist1-6724813580-250 > 
> Opened situation file.  < #<CHARACTER-INPUT-FILE-STREAM
                              #p"/fsys4/u/sgwoods/qcsp/ADT-Situation/Sit-quilici-i1-dist1-6724813580-250" pos 0> > 
> Closing situation file.  < #<CHARACTER-INPUT-FILE-STREAM
                               #p"/fsys4/u/sgwoods/qcsp/ADT-Situation/Sit-quilici-i1-dist1-6724813580-250" pos 19130> > 
> >> WARNING: CLOSE-TO constraint may sacrifice completeness<< 
 
> Reload situation from existing file.  < ADT-Situation/Sit-quilici-i1-dist1-6724813580-250 > 
> Opened situation file.  < #<CHARACTER-INPUT-FILE-STREAM
                              #p"/fsys4/u/sgwoods/qcsp/ADT-Situation/Sit-quilici-i1-dist1-6724813580-250" pos 0> > 
> Closing situation file.  < #<CHARACTER-INPUT-FILE-STREAM
                               #p"/fsys4/u/sgwoods/qcsp/ADT-Situation/Sit-quilici-i1-dist1-6724813580-250" pos 19130> > 
> >> WARNING: CLOSE-TO constraint may sacrifice completeness<< 
 
> Reload situation from existing file.  < ADT-Situation/Sit-quilici-i1-dist1-6724813580-250 > 
> Opened situation file.  < #<CHARACTER-INPUT-FILE-STREAM
                              #p"/fsys4/u/sgwoods/qcsp/ADT-Situation/Sit-quilici-i1-dist1-6724813580-250" pos 0> > 
> Closing situation file.  < #<CHARACTER-INPUT-FILE-STREAM
                               #p"/fsys4/u/sgwoods/qcsp/ADT-Situation/Sit-quilici-i1-dist1-6724813580-250" pos 19130> > 
> >> WARNING: CLOSE-TO constraint may sacrifice completeness<< 
 
> Reload situation from existing file.  < ADT-Situation/Sit-quilici-i1-dist1-6724813580-250 > 
> Opened situation file.  < #<CHARACTER-INPUT-FILE-STREAM
                              #p"/fsys4/u/sgwoods/qcsp/ADT-Situation/Sit-quilici-i1-dist1-6724813580-250" pos 0> > 
> Closing situation file.  < #<CHARACTER-INPUT-FILE-STREAM
                               #p"/fsys4/u/sgwoods/qcsp/ADT-Situation/Sit-quilici-i1-dist1-6724813580-250" pos 19130> > 
> >> WARNING: CLOSE-TO constraint may sacrifice completeness<< 
 
> Memory-Key opened file/stream  < Q-Batch/ij3/ij3-250.6 > 
 File/stream closed (at Memory-Key). 

; cpu time (non-gc) 22,180 msec user, 350 msec system
; cpu time (gc)     190 msec user, 0 msec system
; cpu time (total)  22,370 msec user, 350 msec system
; real time  23,418 msec
; space allocation:
 304,377 cons cells,;  421 symbols, 1,393,640 other bytes
((((Q1-C ADTQ1-C) (Q1-E ADTQ1-E) (Q1-H ADTQ1-H) (Q1-G ADTQ1-G) (Q1-A ADTQ1-A)
   (Q1-B ADTQ1-B) (Q1-F ADTQ1-F) (Q1-D ADTQ1-D) (Q1-I ADTQ1-I))))
USER(14): USER(14): > Reload situation from existing file.  < ADT-Situation/Sit-quilici-i1-dist1-8798969000-250 > 
> Opened situation file.  < #<CHARACTER-INPUT-FILE-STREAM
                              #p"/fsys4/u/sgwoods/qcsp/ADT-Situation/Sit-quilici-i1-dist1-8798969000-250" pos 0> > 
> Closing situation file.  < #<CHARACTER-INPUT-FILE-STREAM
                               #p"/fsys4/u/sgwoods/qcsp/ADT-Situation/Sit-quilici-i1-dist1-8798969000-250" pos 18709> > 
> Reload situation from existing file.  < ADT-Situation/Sit-quilici-i1-dist1-8798969000-250 > 
> Opened situation file.  < #<CHARACTER-INPUT-FILE-STREAM
                              #p"/fsys4/u/sgwoods/qcsp/ADT-Situation/Sit-quilici-i1-dist1-8798969000-250" pos 0> > 
> Closing situation file.  < #<CHARACTER-INPUT-FILE-STREAM
                               #p"/fsys4/u/sgwoods/qcsp/ADT-Situation/Sit-quilici-i1-dist1-8798969000-250" pos 18709> > 
> >> WARNING: CLOSE-TO constraint may sacrifice completeness<< 
 
> Reload situation from existing file.  < ADT-Situation/Sit-quilici-i1-dist1-8798969000-250 > 
> Opened situation file.  < #<CHARACTER-INPUT-FILE-STREAM
                              #p"/fsys4/u/sgwoods/qcsp/ADT-Situation/Sit-quilici-i1-dist1-8798969000-250" pos 0> > 
> Closing situation file.  < #<CHARACTER-INPUT-FILE-STREAM
                               #p"/fsys4/u/sgwoods/qcsp/ADT-Situation/Sit-quilici-i1-dist1-8798969000-250" pos 18709> > 
> >> WARNING: CLOSE-TO constraint may sacrifice completeness<< 
 
> Reload situation from existing file.  < ADT-Situation/Sit-quilici-i1-dist1-8798969000-250 > 
> Opened situation file.  < #<CHARACTER-INPUT-FILE-STREAM
                              #p"/fsys4/u/sgwoods/qcsp/ADT-Situation/Sit-quilici-i1-dist1-8798969000-250" pos 0> > 
> Closing situation file.  < #<CHARACTER-INPUT-FILE-STREAM
                               #p"/fsys4/u/sgwoods/qcsp/ADT-Situation/Sit-quilici-i1-dist1-8798969000-250" pos 18709> > 
> >> WARNING: CLOSE-TO constraint may sacrifice completeness<< 
 
> Reload situation from existing file.  < ADT-Situation/Sit-quilici-i1-dist1-8798969000-250 > 
> Opened situation file.  < #<CHARACTER-INPUT-FILE-STREAM
                              #p"/fsys4/u/sgwoods/qcsp/ADT-Situation/Sit-quilici-i1-dist1-8798969000-250" pos 0> > 
> Closing situation file.  < #<CHARACTER-INPUT-FILE-STREAM
                               #p"/fsys4/u/sgwoods/qcsp/ADT-Situation/Sit-quilici-i1-dist1-8798969000-250" pos 18709> > 
> >> WARNING: CLOSE-TO constraint may sacrifice completeness<< 
 
> Reload situation from existing file.  < ADT-Situation/Sit-quilici-i1-dist1-8798969000-250 > 
> Opened situation file.  < #<CHARACTER-INPUT-FILE-STREAM
                              #p"/fsys4/u/sgwoods/qcsp/ADT-Situation/Sit-quilici-i1-dist1-8798969000-250" pos 0> > 
> Closing situation file.  < #<CHARACTER-INPUT-FILE-STREAM
                               #p"/fsys4/u/sgwoods/qcsp/ADT-Situation/Sit-quilici-i1-dist1-8798969000-250" pos 18709> > 
> >> WARNING: CLOSE-TO constraint may sacrifice completeness<< 
 
> Reload situation from existing file.  < ADT-Situation/Sit-quilici-i1-dist1-8798969000-250 > 
> Opened situation file.  < #<CHARACTER-INPUT-FILE-STREAM
                              #p"/fsys4/u/sgwoods/qcsp/ADT-Situation/Sit-quilici-i1-dist1-8798969000-250" pos 0> > 
> Closing situation file.  < #<CHARACTER-INPUT-FILE-STREAM
                               #p"/fsys4/u/sgwoods/qcsp/ADT-Situation/Sit-quilici-i1-dist1-8798969000-250" pos 18709> > 
> >> WARNING: CLOSE-TO constraint may sacrifice completeness<< 
 
> Reload situation from existing file.  < ADT-Situation/Sit-quilici-i1-dist1-8798969000-250 > 
> Opened situation file.  < #<CHARACTER-INPUT-FILE-STREAM
                              #p"/fsys4/u/sgwoods/qcsp/ADT-Situation/Sit-quilici-i1-dist1-8798969000-250" pos 0> > 
> Closing situation file.  < #<CHARACTER-INPUT-FILE-STREAM
                               #p"/fsys4/u/sgwoods/qcsp/ADT-Situation/Sit-quilici-i1-dist1-8798969000-250" pos 18709> > 
> >> WARNING: CLOSE-TO constraint may sacrifice completeness<< 
 
> Reload situation from existing file.  < ADT-Situation/Sit-quilici-i1-dist1-8798969000-250 > 
> Opened situation file.  < #<CHARACTER-INPUT-FILE-STREAM
                              #p"/fsys4/u/sgwoods/qcsp/ADT-Situation/Sit-quilici-i1-dist1-8798969000-250" pos 0> > 
> Closing situation file.  < #<CHARACTER-INPUT-FILE-STREAM
                               #p"/fsys4/u/sgwoods/qcsp/ADT-Situation/Sit-quilici-i1-dist1-8798969000-250" pos 18709> > 
> >> WARNING: CLOSE-TO constraint may sacrifice completeness<< 
 
> Reload situation from existing file.  < ADT-Situation/Sit-quilici-i1-dist1-8798969000-250 > 
> Opened situation file.  < #<CHARACTER-INPUT-FILE-STREAM
                              #p"/fsys4/u/sgwoods/qcsp/ADT-Situation/Sit-quilici-i1-dist1-8798969000-250" pos 0> > 
> Closing situation file.  < #<CHARACTER-INPUT-FILE-STREAM
                               #p"/fsys4/u/sgwoods/qcsp/ADT-Situation/Sit-quilici-i1-dist1-8798969000-250" pos 18709> > 
> >> WARNING: CLOSE-TO constraint may sacrifice completeness<< 
 
> Reload situation from existing file.  < ADT-Situation/Sit-quilici-i1-dist1-8798969000-250 > 
> Opened situation file.  < #<CHARACTER-INPUT-FILE-STREAM
                              #p"/fsys4/u/sgwoods/qcsp/ADT-Situation/Sit-quilici-i1-dist1-8798969000-250" pos 0> > 
> Closing situation file.  < #<CHARACTER-INPUT-FILE-STREAM
                               #p"/fsys4/u/sgwoods/qcsp/ADT-Situation/Sit-quilici-i1-dist1-8798969000-250" pos 18709> > 
> >> WARNING: CLOSE-TO constraint may sacrifice completeness<< 
 
> Reload situation from existing file.  < ADT-Situation/Sit-quilici-i1-dist1-8798969000-250 > 
> Opened situation file.  < #<CHARACTER-INPUT-FILE-STREAM
                              #p"/fsys4/u/sgwoods/qcsp/ADT-Situation/Sit-quilici-i1-dist1-8798969000-250" pos 0> > 
> Closing situation file.  < #<CHARACTER-INPUT-FILE-STREAM
                               #p"/fsys4/u/sgwoods/qcsp/ADT-Situation/Sit-quilici-i1-dist1-8798969000-250" pos 18709> > 
> >> WARNING: CLOSE-TO constraint may sacrifice completeness<< 
 
> Reload situation from existing file.  < ADT-Situation/Sit-quilici-i1-dist1-8798969000-250 > 
> Opened situation file.  < #<CHARACTER-INPUT-FILE-STREAM
                              #p"/fsys4/u/sgwoods/qcsp/ADT-Situation/Sit-quilici-i1-dist1-8798969000-250" pos 0> > 
> Closing situation file.  < #<CHARACTER-INPUT-FILE-STREAM
                               #p"/fsys4/u/sgwoods/qcsp/ADT-Situation/Sit-quilici-i1-dist1-8798969000-250" pos 18709> > 
> >> WARNING: CLOSE-TO constraint may sacrifice completeness<< 
 
> Reload situation from existing file.  < ADT-Situation/Sit-quilici-i1-dist1-8798969000-250 > 
> Opened situation file.  < #<CHARACTER-INPUT-FILE-STREAM
                              #p"/fsys4/u/sgwoods/qcsp/ADT-Situation/Sit-quilici-i1-dist1-8798969000-250" pos 0> > 
> Closing situation file.  < #<CHARACTER-INPUT-FILE-STREAM
                               #p"/fsys4/u/sgwoods/qcsp/ADT-Situation/Sit-quilici-i1-dist1-8798969000-250" pos 18709> > 
> >> WARNING: CLOSE-TO constraint may sacrifice completeness<< 
 
> Reload situation from existing file.  < ADT-Situation/Sit-quilici-i1-dist1-8798969000-250 > 
> Opened situation file.  < #<CHARACTER-INPUT-FILE-STREAM
                              #p"/fsys4/u/sgwoods/qcsp/ADT-Situation/Sit-quilici-i1-dist1-8798969000-250" pos 0> > 
> Closing situation file.  < #<CHARACTER-INPUT-FILE-STREAM
                               #p"/fsys4/u/sgwoods/qcsp/ADT-Situation/Sit-quilici-i1-dist1-8798969000-250" pos 18709> > 
> >> WARNING: CLOSE-TO constraint may sacrifice completeness<< 
 
> Reload situation from existing file.  < ADT-Situation/Sit-quilici-i1-dist1-8798969000-250 > 
> Opened situation file.  < #<CHARACTER-INPUT-FILE-STREAM
                              #p"/fsys4/u/sgwoods/qcsp/ADT-Situation/Sit-quilici-i1-dist1-8798969000-250" pos 0> > 
> Closing situation file.  < #<CHARACTER-INPUT-FILE-STREAM
                               #p"/fsys4/u/sgwoods/qcsp/ADT-Situation/Sit-quilici-i1-dist1-8798969000-250" pos 18709> > 
> >> WARNING: CLOSE-TO constraint may sacrifice completeness<< 
 
> Reload situation from existing file.  < ADT-Situation/Sit-quilici-i1-dist1-8798969000-250 > 
> Opened situation file.  < #<CHARACTER-INPUT-FILE-STREAM
                              #p"/fsys4/u/sgwoods/qcsp/ADT-Situation/Sit-quilici-i1-dist1-8798969000-250" pos 0> > 
> Closing situation file.  < #<CHARACTER-INPUT-FILE-STREAM
                               #p"/fsys4/u/sgwoods/qcsp/ADT-Situation/Sit-quilici-i1-dist1-8798969000-250" pos 18709> > 
> >> WARNING: CLOSE-TO constraint may sacrifice completeness<< 
 
> Reload situation from existing file.  < ADT-Situation/Sit-quilici-i1-dist1-8798969000-250 > 
> Opened situation file.  < #<CHARACTER-INPUT-FILE-STREAM
                              #p"/fsys4/u/sgwoods/qcsp/ADT-Situation/Sit-quilici-i1-dist1-8798969000-250" pos 0> > 
> Closing situation file.  < #<CHARACTER-INPUT-FILE-STREAM
                               #p"/fsys4/u/sgwoods/qcsp/ADT-Situation/Sit-quilici-i1-dist1-8798969000-250" pos 18709> > 
> >> WARNING: CLOSE-TO constraint may sacrifice completeness<< 
 
> Reload situation from existing file.  < ADT-Situation/Sit-quilici-i1-dist1-8798969000-250 > 
> Opened situation file.  < #<CHARACTER-INPUT-FILE-STREAM
                              #p"/fsys4/u/sgwoods/qcsp/ADT-Situation/Sit-quilici-i1-dist1-8798969000-250" pos 0> > 
> Closing situation file.  < #<CHARACTER-INPUT-FILE-STREAM
                               #p"/fsys4/u/sgwoods/qcsp/ADT-Situation/Sit-quilici-i1-dist1-8798969000-250" pos 18709> > 
> >> WARNING: CLOSE-TO constraint may sacrifice completeness<< 
 
> Reload situation from existing file.  < ADT-Situation/Sit-quilici-i1-dist1-8798969000-250 > 
> Opened situation file.  < #<CHARACTER-INPUT-FILE-STREAM
                              #p"/fsys4/u/sgwoods/qcsp/ADT-Situation/Sit-quilici-i1-dist1-8798969000-250" pos 0> > 
> Closing situation file.  < #<CHARACTER-INPUT-FILE-STREAM
                               #p"/fsys4/u/sgwoods/qcsp/ADT-Situation/Sit-quilici-i1-dist1-8798969000-250" pos 18709> > 
> >> WARNING: CLOSE-TO constraint may sacrifice completeness<< 
 
> Reload situation from existing file.  < ADT-Situation/Sit-quilici-i1-dist1-8798969000-250 > 
> Opened situation file.  < #<CHARACTER-INPUT-FILE-STREAM
                              #p"/fsys4/u/sgwoods/qcsp/ADT-Situation/Sit-quilici-i1-dist1-8798969000-250" pos 0> > 
> Closing situation file.  < #<CHARACTER-INPUT-FILE-STREAM
                               #p"/fsys4/u/sgwoods/qcsp/ADT-Situation/Sit-quilici-i1-dist1-8798969000-250" pos 18709> > 
> >> WARNING: CLOSE-TO constraint may sacrifice completeness<< 
 
> Reload situation from existing file.  < ADT-Situation/Sit-quilici-i1-dist1-8798969000-250 > 
> Opened situation file.  < #<CHARACTER-INPUT-FILE-STREAM
                              #p"/fsys4/u/sgwoods/qcsp/ADT-Situation/Sit-quilici-i1-dist1-8798969000-250" pos 0> > 
> Closing situation file.  < #<CHARACTER-INPUT-FILE-STREAM
                               #p"/fsys4/u/sgwoods/qcsp/ADT-Situation/Sit-quilici-i1-dist1-8798969000-250" pos 18709> > 
> >> WARNING: CLOSE-TO constraint may sacrifice completeness<< 
 
> Memory-Key opened file/stream  < Q-Batch/ij3/ij3-250.7 > 
 File/stream closed (at Memory-Key). 

; cpu time (non-gc) 25,680 msec user, 470 msec system
; cpu time (gc)     190 msec user, 0 msec system
; cpu time (total)  25,870 msec user, 470 msec system
; real time  29,602 msec
; space allocation:
 340,186 cons cells,;  200 symbols, 969,256 other bytes
((((Q1-C ADTQ1-C) (Q1-A ADTQ1-A) (Q1-H ADTQ1-H) (Q1-F ADTQ1-F) (Q1-B ADTQ1-B)
   (Q1-E ADTQ1-E) (Q1-G ADTQ1-G) (Q1-D ADTQ1-D) (Q1-I ADTQ1-I))))
USER(15): USER(15): > Open file: Saving new generated situation. 
 
> Close file: new generated situation. 
 
> Reload situation from existing file.  < ADT-Situation/Sit-quilici-i1-dist1-0805098560-250 > 
> Opened situation file.  < #<CHARACTER-INPUT-FILE-STREAM
                              #p"/fsys4/u/sgwoods/qcsp/ADT-Situation/Sit-quilici-i1-dist1-0805098560-250" pos 0> > 
> Closing situation file.  < #<CHARACTER-INPUT-FILE-STREAM
                               #p"/fsys4/u/sgwoods/qcsp/ADT-Situation/Sit-quilici-i1-dist1-0805098560-250" pos 19176> > 
> >> WARNING: CLOSE-TO constraint may sacrifice completeness<< 
 
> Reload situation from existing file.  < ADT-Situation/Sit-quilici-i1-dist1-0805098560-250 > 
> Opened situation file.  < #<CHARACTER-INPUT-FILE-STREAM
                              #p"/fsys4/u/sgwoods/qcsp/ADT-Situation/Sit-quilici-i1-dist1-0805098560-250" pos 0> > 
> Closing situation file.  < #<CHARACTER-INPUT-FILE-STREAM
                               #p"/fsys4/u/sgwoods/qcsp/ADT-Situation/Sit-quilici-i1-dist1-0805098560-250" pos 19176> > 
> >> WARNING: CLOSE-TO constraint may sacrifice completeness<< 
 
> Reload situation from existing file.  < ADT-Situation/Sit-quilici-i1-dist1-0805098560-250 > 
> Opened situation file.  < #<CHARACTER-INPUT-FILE-STREAM
                              #p"/fsys4/u/sgwoods/qcsp/ADT-Situation/Sit-quilici-i1-dist1-0805098560-250" pos 0> > 
> Closing situation file.  < #<CHARACTER-INPUT-FILE-STREAM
                               #p"/fsys4/u/sgwoods/qcsp/ADT-Situation/Sit-quilici-i1-dist1-0805098560-250" pos 19176> > 
> >> WARNING: CLOSE-TO constraint may sacrifice completeness<< 
 
> Reload situation from existing file.  < ADT-Situation/Sit-quilici-i1-dist1-0805098560-250 > 
> Opened situation file.  < #<CHARACTER-INPUT-FILE-STREAM
                              #p"/fsys4/u/sgwoods/qcsp/ADT-Situation/Sit-quilici-i1-dist1-0805098560-250" pos 0> > 
> Closing situation file.  < #<CHARACTER-INPUT-FILE-STREAM
                               #p"/fsys4/u/sgwoods/qcsp/ADT-Situation/Sit-quilici-i1-dist1-0805098560-250" pos 19176> > 
> >> WARNING: CLOSE-TO constraint may sacrifice completeness<< 
 
> Reload situation from existing file.  < ADT-Situation/Sit-quilici-i1-dist1-0805098560-250 > 
> Opened situation file.  < #<CHARACTER-INPUT-FILE-STREAM
                              #p"/fsys4/u/sgwoods/qcsp/ADT-Situation/Sit-quilici-i1-dist1-0805098560-250" pos 0> > 
> Closing situation file.  < #<CHARACTER-INPUT-FILE-STREAM
                               #p"/fsys4/u/sgwoods/qcsp/ADT-Situation/Sit-quilici-i1-dist1-0805098560-250" pos 19176> > 
> >> WARNING: CLOSE-TO constraint may sacrifice completeness<< 
 
> Reload situation from existing file.  < ADT-Situation/Sit-quilici-i1-dist1-0805098560-250 > 
> Opened situation file.  < #<CHARACTER-INPUT-FILE-STREAM
                              #p"/fsys4/u/sgwoods/qcsp/ADT-Situation/Sit-quilici-i1-dist1-0805098560-250" pos 0> > 
> Closing situation file.  < #<CHARACTER-INPUT-FILE-STREAM
                               #p"/fsys4/u/sgwoods/qcsp/ADT-Situation/Sit-quilici-i1-dist1-0805098560-250" pos 19176> > 
> >> WARNING: CLOSE-TO constraint may sacrifice completeness<< 
 
> Reload situation from existing file.  < ADT-Situation/Sit-quilici-i1-dist1-0805098560-250 > 
> Opened situation file.  < #<CHARACTER-INPUT-FILE-STREAM
                              #p"/fsys4/u/sgwoods/qcsp/ADT-Situation/Sit-quilici-i1-dist1-0805098560-250" pos 0> > 
> Closing situation file.  < #<CHARACTER-INPUT-FILE-STREAM
                               #p"/fsys4/u/sgwoods/qcsp/ADT-Situation/Sit-quilici-i1-dist1-0805098560-250" pos 19176> > 
> >> WARNING: CLOSE-TO constraint may sacrifice completeness<< 
 
> Reload situation from existing file.  < ADT-Situation/Sit-quilici-i1-dist1-0805098560-250 > 
> Opened situation file.  < #<CHARACTER-INPUT-FILE-STREAM
                              #p"/fsys4/u/sgwoods/qcsp/ADT-Situation/Sit-quilici-i1-dist1-0805098560-250" pos 0> > 
> Closing situation file.  < #<CHARACTER-INPUT-FILE-STREAM
                               #p"/fsys4/u/sgwoods/qcsp/ADT-Situation/Sit-quilici-i1-dist1-0805098560-250" pos 19176> > 
> >> WARNING: CLOSE-TO constraint may sacrifice completeness<< 
 
> Reload situation from existing file.  < ADT-Situation/Sit-quilici-i1-dist1-0805098560-250 > 
> Opened situation file.  < #<CHARACTER-INPUT-FILE-STREAM
                              #p"/fsys4/u/sgwoods/qcsp/ADT-Situation/Sit-quilici-i1-dist1-0805098560-250" pos 0> > 
> Closing situation file.  < #<CHARACTER-INPUT-FILE-STREAM
                               #p"/fsys4/u/sgwoods/qcsp/ADT-Situation/Sit-quilici-i1-dist1-0805098560-250" pos 19176> > 
> >> WARNING: CLOSE-TO constraint may sacrifice completeness<< 
 
> Reload situation from existing file.  < ADT-Situation/Sit-quilici-i1-dist1-0805098560-250 > 
> Opened situation file.  < #<CHARACTER-INPUT-FILE-STREAM
                              #p"/fsys4/u/sgwoods/qcsp/ADT-Situation/Sit-quilici-i1-dist1-0805098560-250" pos 0> > 
> Closing situation file.  < #<CHARACTER-INPUT-FILE-STREAM
                               #p"/fsys4/u/sgwoods/qcsp/ADT-Situation/Sit-quilici-i1-dist1-0805098560-250" pos 19176> > 
> >> WARNING: CLOSE-TO constraint may sacrifice completeness<< 
 
> Reload situation from existing file.  < ADT-Situation/Sit-quilici-i1-dist1-0805098560-250 > 
> Opened situation file.  < #<CHARACTER-INPUT-FILE-STREAM
                              #p"/fsys4/u/sgwoods/qcsp/ADT-Situation/Sit-quilici-i1-dist1-0805098560-250" pos 0> > 
> Closing situation file.  < #<CHARACTER-INPUT-FILE-STREAM
                               #p"/fsys4/u/sgwoods/qcsp/ADT-Situation/Sit-quilici-i1-dist1-0805098560-250" pos 19176> > 
> >> WARNING: CLOSE-TO constraint may sacrifice completeness<< 
 
> Memory-Key opened file/stream  < Q-Batch/ij3/ij3-250.8 > 
 File/stream closed (at Memory-Key). 

; cpu time (non-gc) 15,030 msec user, 290 msec system
; cpu time (gc)     190 msec user, 0 msec system
; cpu time (total)  15,220 msec user, 290 msec system
; real time  19,928 msec
; space allocation:
 216,415 cons cells,;  446 symbols, 1,431,904 other bytes
((((Q1-C ADTQ1-C) (Q1-E ADTQ1-E) (Q1-H ADTQ1-H) (Q1-G ADTQ1-G) (Q1-B ADTQ1-B)
   (Q1-A ADTQ1-A) (Q1-F ADTQ1-F) (Q1-D ADTQ1-D) (Q1-I ADTQ1-I))))
USER(16): USER(16): > Open file: Saving new generated situation. 
 
> Close file: new generated situation. 
 
> Reload situation from existing file.  < ADT-Situation/Sit-quilici-i1-dist1-4767135635-250 > 
> Opened situation file.  < #<CHARACTER-INPUT-FILE-STREAM
                              #p"/fsys4/u/sgwoods/qcsp/ADT-Situation/Sit-quilici-i1-dist1-4767135635-250" pos 0> > 
> Closing situation file.  < #<CHARACTER-INPUT-FILE-STREAM
                               #p"/fsys4/u/sgwoods/qcsp/ADT-Situation/Sit-quilici-i1-dist1-4767135635-250" pos 19462> > 
> >> WARNING: CLOSE-TO constraint may sacrifice completeness<< 
 
> Reload situation from existing file.  < ADT-Situation/Sit-quilici-i1-dist1-4767135635-250 > 
> Opened situation file.  < #<CHARACTER-INPUT-FILE-STREAM
                              #p"/fsys4/u/sgwoods/qcsp/ADT-Situation/Sit-quilici-i1-dist1-4767135635-250" pos 0> > 
> Closing situation file.  < #<CHARACTER-INPUT-FILE-STREAM
                               #p"/fsys4/u/sgwoods/qcsp/ADT-Situation/Sit-quilici-i1-dist1-4767135635-250" pos 19462> > 
> >> WARNING: CLOSE-TO constraint may sacrifice completeness<< 
 
> Reload situation from existing file.  < ADT-Situation/Sit-quilici-i1-dist1-4767135635-250 > 
> Opened situation file.  < #<CHARACTER-INPUT-FILE-STREAM
                              #p"/fsys4/u/sgwoods/qcsp/ADT-Situation/Sit-quilici-i1-dist1-4767135635-250" pos 0> > 
> Closing situation file.  < #<CHARACTER-INPUT-FILE-STREAM
                               #p"/fsys4/u/sgwoods/qcsp/ADT-Situation/Sit-quilici-i1-dist1-4767135635-250" pos 19462> > 
> >> WARNING: CLOSE-TO constraint may sacrifice completeness<< 
 
> Reload situation from existing file.  < ADT-Situation/Sit-quilici-i1-dist1-4767135635-250 > 
> Opened situation file.  < #<CHARACTER-INPUT-FILE-STREAM
                              #p"/fsys4/u/sgwoods/qcsp/ADT-Situation/Sit-quilici-i1-dist1-4767135635-250" pos 0> > 
> Closing situation file.  < #<CHARACTER-INPUT-FILE-STREAM
                               #p"/fsys4/u/sgwoods/qcsp/ADT-Situation/Sit-quilici-i1-dist1-4767135635-250" pos 19462> > 
> >> WARNING: CLOSE-TO constraint may sacrifice completeness<< 
 
> Memory-Key opened file/stream  < Q-Batch/ij3/ij3-250.9 > 
 File/stream closed (at Memory-Key). 

; cpu time (non-gc) 6,900 msec user, 140 msec system
; cpu time (gc)     140 msec user, 0 msec system
; cpu time (total)  7,040 msec user, 140 msec system
; real time  9,098 msec
; space allocation:
 106,476 cons cells,;  444 symbols, 1,062,376 other bytes
((((Q1-C ADTQ1-C) (Q1-E ADTQ1-E) (Q1-H ADTQ1-H) (Q1-G ADTQ1-G) (Q1-A ADTQ1-A)
   (Q1-B ADTQ1-B) (Q1-F ADTQ1-F) (Q1-D ADTQ1-D) (Q1-I ADTQ1-I))))
USER(17): USER(17): > Open file: Saving new generated situation. 
 
> Close file: new generated situation. 
 
> Reload situation from existing file.  < ADT-Situation/Sit-quilici-i1-dist1-7685437293-250 > 
> Opened situation file.  < #<CHARACTER-INPUT-FILE-STREAM
                              #p"/fsys4/u/sgwoods/qcsp/ADT-Situation/Sit-quilici-i1-dist1-7685437293-250" pos 0> > 
> Closing situation file.  < #<CHARACTER-INPUT-FILE-STREAM
                               #p"/fsys4/u/sgwoods/qcsp/ADT-Situation/Sit-quilici-i1-dist1-7685437293-250" pos 19121> > 
> >> WARNING: CLOSE-TO constraint may sacrifice completeness<< 
 
> Reload situation from existing file.  < ADT-Situation/Sit-quilici-i1-dist1-7685437293-250 > 
> Opened situation file.  < #<CHARACTER-INPUT-FILE-STREAM
                              #p"/fsys4/u/sgwoods/qcsp/ADT-Situation/Sit-quilici-i1-dist1-7685437293-250" pos 0> > 
> Closing situation file.  < #<CHARACTER-INPUT-FILE-STREAM
                               #p"/fsys4/u/sgwoods/qcsp/ADT-Situation/Sit-quilici-i1-dist1-7685437293-250" pos 19121> > 
> >> WARNING: CLOSE-TO constraint may sacrifice completeness<< 
 
> Reload situation from existing file.  < ADT-Situation/Sit-quilici-i1-dist1-7685437293-250 > 
> Opened situation file.  < #<CHARACTER-INPUT-FILE-STREAM
                              #p"/fsys4/u/sgwoods/qcsp/ADT-Situation/Sit-quilici-i1-dist1-7685437293-250" pos 0> > 
> Closing situation file.  < #<CHARACTER-INPUT-FILE-STREAM
                               #p"/fsys4/u/sgwoods/qcsp/ADT-Situation/Sit-quilici-i1-dist1-7685437293-250" pos 19121> > 
> >> WARNING: CLOSE-TO constraint may sacrifice completeness<< 
 
> Reload situation from existing file.  < ADT-Situation/Sit-quilici-i1-dist1-7685437293-250 > 
> Opened situation file.  < #<CHARACTER-INPUT-FILE-STREAM
                              #p"/fsys4/u/sgwoods/qcsp/ADT-Situation/Sit-quilici-i1-dist1-7685437293-250" pos 0> > 
> Closing situation file.  < #<CHARACTER-INPUT-FILE-STREAM
                               #p"/fsys4/u/sgwoods/qcsp/ADT-Situation/Sit-quilici-i1-dist1-7685437293-250" pos 19121> > 
> >> WARNING: CLOSE-TO constraint may sacrifice completeness<< 
 
> Reload situation from existing file.  < ADT-Situation/Sit-quilici-i1-dist1-7685437293-250 > 
> Opened situation file.  < #<CHARACTER-INPUT-FILE-STREAM
                              #p"/fsys4/u/sgwoods/qcsp/ADT-Situation/Sit-quilici-i1-dist1-7685437293-250" pos 0> > 
> Closing situation file.  < #<CHARACTER-INPUT-FILE-STREAM
                               #p"/fsys4/u/sgwoods/qcsp/ADT-Situation/Sit-quilici-i1-dist1-7685437293-250" pos 19121> > 
> >> WARNING: CLOSE-TO constraint may sacrifice completeness<< 
 
> Reload situation from existing file.  < ADT-Situation/Sit-quilici-i1-dist1-7685437293-250 > 
> Opened situation file.  < #<CHARACTER-INPUT-FILE-STREAM
                              #p"/fsys4/u/sgwoods/qcsp/ADT-Situation/Sit-quilici-i1-dist1-7685437293-250" pos 0> > 
> Closing situation file.  < #<CHARACTER-INPUT-FILE-STREAM
                               #p"/fsys4/u/sgwoods/qcsp/ADT-Situation/Sit-quilici-i1-dist1-7685437293-250" pos 19121> > 
> >> WARNING: CLOSE-TO constraint may sacrifice completeness<< 
 
> Reload situation from existing file.  < ADT-Situation/Sit-quilici-i1-dist1-7685437293-250 > 
> Opened situation file.  < #<CHARACTER-INPUT-FILE-STREAM
                              #p"/fsys4/u/sgwoods/qcsp/ADT-Situation/Sit-quilici-i1-dist1-7685437293-250" pos 0> > 
> Closing situation file.  < #<CHARACTER-INPUT-FILE-STREAM
                               #p"/fsys4/u/sgwoods/qcsp/ADT-Situation/Sit-quilici-i1-dist1-7685437293-250" pos 19121> > 
> >> WARNING: CLOSE-TO constraint may sacrifice completeness<< 
 
> Reload situation from existing file.  < ADT-Situation/Sit-quilici-i1-dist1-7685437293-250 > 
> Opened situation file.  < #<CHARACTER-INPUT-FILE-STREAM
                              #p"/fsys4/u/sgwoods/qcsp/ADT-Situation/Sit-quilici-i1-dist1-7685437293-250" pos 0> > 
> Closing situation file.  < #<CHARACTER-INPUT-FILE-STREAM
                               #p"/fsys4/u/sgwoods/qcsp/ADT-Situation/Sit-quilici-i1-dist1-7685437293-250" pos 19121> > 
> >> WARNING: CLOSE-TO constraint may sacrifice completeness<< 
 
> Reload situation from existing file.  < ADT-Situation/Sit-quilici-i1-dist1-7685437293-250 > 
> Opened situation file.  < #<CHARACTER-INPUT-FILE-STREAM
                              #p"/fsys4/u/sgwoods/qcsp/ADT-Situation/Sit-quilici-i1-dist1-7685437293-250" pos 0> > 
> Closing situation file.  < #<CHARACTER-INPUT-FILE-STREAM
                               #p"/fsys4/u/sgwoods/qcsp/ADT-Situation/Sit-quilici-i1-dist1-7685437293-250" pos 19121> > 
> >> WARNING: CLOSE-TO constraint may sacrifice completeness<< 
 
> Reload situation from existing file.  < ADT-Situation/Sit-quilici-i1-dist1-7685437293-250 > 
> Opened situation file.  < #<CHARACTER-INPUT-FILE-STREAM
                              #p"/fsys4/u/sgwoods/qcsp/ADT-Situation/Sit-quilici-i1-dist1-7685437293-250" pos 0> > 
> Closing situation file.  < #<CHARACTER-INPUT-FILE-STREAM
                               #p"/fsys4/u/sgwoods/qcsp/ADT-Situation/Sit-quilici-i1-dist1-7685437293-250" pos 19121> > 
> >> WARNING: CLOSE-TO constraint may sacrifice completeness<< 
 
> Reload situation from existing file.  < ADT-Situation/Sit-quilici-i1-dist1-7685437293-250 > 
> Opened situation file.  < #<CHARACTER-INPUT-FILE-STREAM
                              #p"/fsys4/u/sgwoods/qcsp/ADT-Situation/Sit-quilici-i1-dist1-7685437293-250" pos 0> > 
> Closing situation file.  < #<CHARACTER-INPUT-FILE-STREAM
                               #p"/fsys4/u/sgwoods/qcsp/ADT-Situation/Sit-quilici-i1-dist1-7685437293-250" pos 19121> > 
> >> WARNING: CLOSE-TO constraint may sacrifice completeness<< 
 
> Reload situation from existing file.  < ADT-Situation/Sit-quilici-i1-dist1-7685437293-250 > 
> Opened situation file.  < #<CHARACTER-INPUT-FILE-STREAM
                              #p"/fsys4/u/sgwoods/qcsp/ADT-Situation/Sit-quilici-i1-dist1-7685437293-250" pos 0> > 
> Closing situation file.  < #<CHARACTER-INPUT-FILE-STREAM
                               #p"/fsys4/u/sgwoods/qcsp/ADT-Situation/Sit-quilici-i1-dist1-7685437293-250" pos 19121> > 
> >> WARNING: CLOSE-TO constraint may sacrifice completeness<< 
 
> Reload situation from existing file.  < ADT-Situation/Sit-quilici-i1-dist1-7685437293-250 > 
> Opened situation file.  < #<CHARACTER-INPUT-FILE-STREAM
                              #p"/fsys4/u/sgwoods/qcsp/ADT-Situation/Sit-quilici-i1-dist1-7685437293-250" pos 0> > 
> Closing situation file.  < #<CHARACTER-INPUT-FILE-STREAM
                               #p"/fsys4/u/sgwoods/qcsp/ADT-Situation/Sit-quilici-i1-dist1-7685437293-250" pos 19121> > 
> >> WARNING: CLOSE-TO constraint may sacrifice completeness<< 
 
> Reload situation from existing file.  < ADT-Situation/Sit-quilici-i1-dist1-7685437293-250 > 
> Opened situation file.  < #<CHARACTER-INPUT-FILE-STREAM
                              #p"/fsys4/u/sgwoods/qcsp/ADT-Situation/Sit-quilici-i1-dist1-7685437293-250" pos 0> > 
> Closing situation file.  < #<CHARACTER-INPUT-FILE-STREAM
                               #p"/fsys4/u/sgwoods/qcsp/ADT-Situation/Sit-quilici-i1-dist1-7685437293-250" pos 19121> > 
> >> WARNING: CLOSE-TO constraint may sacrifice completeness<< 
 
> Reload situation from existing file.  < ADT-Situation/Sit-quilici-i1-dist1-7685437293-250 > 
> Opened situation file.  < #<CHARACTER-INPUT-FILE-STREAM
                              #p"/fsys4/u/sgwoods/qcsp/ADT-Situation/Sit-quilici-i1-dist1-7685437293-250" pos 0> > 
> Closing situation file.  < #<CHARACTER-INPUT-FILE-STREAM
                               #p"/fsys4/u/sgwoods/qcsp/ADT-Situation/Sit-quilici-i1-dist1-7685437293-250" pos 19121> > 
> >> WARNING: CLOSE-TO constraint may sacrifice completeness<< 
 
> Reload situation from existing file.  < ADT-Situation/Sit-quilici-i1-dist1-7685437293-250 > 
> Opened situation file.  < #<CHARACTER-INPUT-FILE-STREAM
                              #p"/fsys4/u/sgwoods/qcsp/ADT-Situation/Sit-quilici-i1-dist1-7685437293-250" pos 0> > 
> Closing situation file.  < #<CHARACTER-INPUT-FILE-STREAM
                               #p"/fsys4/u/sgwoods/qcsp/ADT-Situation/Sit-quilici-i1-dist1-7685437293-250" pos 19121> > 
> >> WARNING: CLOSE-TO constraint may sacrifice completeness<< 
 
> Memory-Key opened file/stream  < Q-Batch/ij3/ij3-250.99 > 
 File/stream closed (at Memory-Key). 

; cpu time (non-gc) 20,530 msec user, 380 msec system
; cpu time (gc)     200 msec user, 10 msec system
; cpu time (total)  20,730 msec user, 390 msec system
; real time  23,120 msec
; space allocation:
 286,329 cons cells,;  461 symbols, 1,562,080 other bytes
((((Q1-C ADTQ1-C) (Q1-E ADTQ1-E) (Q1-H ADTQ1-H) (Q1-G ADTQ1-G) (Q1-A ADTQ1-A)
   (Q1-B ADTQ1-B) (Q1-F ADTQ1-F) (Q1-D ADTQ1-D) (Q1-I ADTQ1-I))))
USER(18): USER(18): USER(18): ; Exiting Lisp
