Allegro CL 4.2 [SPARC; R1] (2/1/95 11:34)
Copyright (C) 1985-1993, Franz Inc., Berkeley, CA, USA.  All Rights Reserved.
;   Loading /fsys4/u/sgwoods/qcsp/load.lisp.
;     Fast loading /fsys4/u/sgwoods/qcsp/bm.fasl.
;     Fast loading /fsys4/u/sgwoods/qcsp/bt.fasl.
;     Fast loading /fsys4/u/sgwoods/qcsp/ct.fasl.
;     Fast loading /fsys4/u/sgwoods/qcsp/utility.fasl.
;     Loading /fsys4/u/sgwoods/qcsp/compile.lisp.
;     Fast loading /fsys4/u/sgwoods/qcsp/quilici-search.fasl.
;     Fast loading /fsys4/u/sgwoods/qcsp/adt-simple.fasl.
;     Fast loading /fsys4/u/sgwoods/qcsp/adt-setup.fasl.
;     Fast loading /fsys4/u/sgwoods/qcsp/memory-csp.fasl.
;; Optimization settings: safety 1, space 1, speed 1, debug 2
;; For a complete description of all compiler switches given the current
;; optimization settings evaluate (EXPLAIN-COMPILER-SETTINGS).
USER(1): USER(1): USER(1): Journal Testing (2 Phased)
"Journal Testing (2 Phased)"
USER(2): 
NIL
USER(3): 
NIL
USER(4): ; Loading /fsys4/u/sgwoods/qcsp/load.lisp.
;   Fast loading /fsys4/u/sgwoods/qcsp/bm.fasl.
;   Fast loading /fsys4/u/sgwoods/qcsp/bt.fasl.
;   Fast loading /fsys4/u/sgwoods/qcsp/ct.fasl.
;   Fast loading /fsys4/u/sgwoods/qcsp/utility.fasl.
;   Loading /fsys4/u/sgwoods/qcsp/compile.lisp.
;   Fast loading /fsys4/u/sgwoods/qcsp/quilici-search.fasl.
;   Fast loading /fsys4/u/sgwoods/qcsp/adt-simple.fasl.
;   Fast loading /fsys4/u/sgwoods/qcsp/adt-setup.fasl.
;   Fast loading /fsys4/u/sgwoods/qcsp/memory-csp.fasl.
T
USER(5): USER(5): **** Noise 150 ****
"**** Noise 150 ****"
USER(6): 
NIL
USER(7): 
NIL
USER(8): > Reload situation from existing file.  < ADT-Situation/Sit-quilici-i1-dist1-default-150 > 
> Opened situation file.  < #<CHARACTER-INPUT-FILE-STREAM
                              #p"/fsys4/u/sgwoods/qcsp/ADT-Situation/Sit-quilici-i1-dist1-default-150" pos 0> > 
> Closing situation file.  < #<CHARACTER-INPUT-FILE-STREAM
                               #p"/fsys4/u/sgwoods/qcsp/ADT-Situation/Sit-quilici-i1-dist1-default-150" pos 10614> > 
> Reload situation from existing file.  < ADT-Situation/Sit-quilici-i1-dist1-default-150 > 
> Opened situation file.  < #<CHARACTER-INPUT-FILE-STREAM
                              #p"/fsys4/u/sgwoods/qcsp/ADT-Situation/Sit-quilici-i1-dist1-default-150" pos 0> > 
> Closing situation file.  < #<CHARACTER-INPUT-FILE-STREAM
                               #p"/fsys4/u/sgwoods/qcsp/ADT-Situation/Sit-quilici-i1-dist1-default-150" pos 10614> > 
> >> WARNING: CLOSE-TO constraint may sacrifice completeness<< 
 
> Reload situation from existing file.  < ADT-Situation/Sit-quilici-i1-dist1-default-150 > 
> Opened situation file.  < #<CHARACTER-INPUT-FILE-STREAM
                              #p"/fsys4/u/sgwoods/qcsp/ADT-Situation/Sit-quilici-i1-dist1-default-150" pos 0> > 
> Closing situation file.  < #<CHARACTER-INPUT-FILE-STREAM
                               #p"/fsys4/u/sgwoods/qcsp/ADT-Situation/Sit-quilici-i1-dist1-default-150" pos 10614> > 
> >> WARNING: CLOSE-TO constraint may sacrifice completeness<< 
 
> Reload situation from existing file.  < ADT-Situation/Sit-quilici-i1-dist1-default-150 > 
> Opened situation file.  < #<CHARACTER-INPUT-FILE-STREAM
                              #p"/fsys4/u/sgwoods/qcsp/ADT-Situation/Sit-quilici-i1-dist1-default-150" pos 0> > 
> Closing situation file.  < #<CHARACTER-INPUT-FILE-STREAM
                               #p"/fsys4/u/sgwoods/qcsp/ADT-Situation/Sit-quilici-i1-dist1-default-150" pos 10614> > 
> >> WARNING: CLOSE-TO constraint may sacrifice completeness<< 
 
> Reload situation from existing file.  < ADT-Situation/Sit-quilici-i1-dist1-default-150 > 
> Opened situation file.  < #<CHARACTER-INPUT-FILE-STREAM
                              #p"/fsys4/u/sgwoods/qcsp/ADT-Situation/Sit-quilici-i1-dist1-default-150" pos 0> > 
> Closing situation file.  < #<CHARACTER-INPUT-FILE-STREAM
                               #p"/fsys4/u/sgwoods/qcsp/ADT-Situation/Sit-quilici-i1-dist1-default-150" pos 10614> > 
> >> WARNING: CLOSE-TO constraint may sacrifice completeness<< 
 
> Reload situation from existing file.  < ADT-Situation/Sit-quilici-i1-dist1-default-150 > 
> Opened situation file.  < #<CHARACTER-INPUT-FILE-STREAM
                              #p"/fsys4/u/sgwoods/qcsp/ADT-Situation/Sit-quilici-i1-dist1-default-150" pos 0> > 
> Closing situation file.  < #<CHARACTER-INPUT-FILE-STREAM
                               #p"/fsys4/u/sgwoods/qcsp/ADT-Situation/Sit-quilici-i1-dist1-default-150" pos 10614> > 
> >> WARNING: CLOSE-TO constraint may sacrifice completeness<< 
 
> Reload situation from existing file.  < ADT-Situation/Sit-quilici-i1-dist1-default-150 > 
> Opened situation file.  < #<CHARACTER-INPUT-FILE-STREAM
                              #p"/fsys4/u/sgwoods/qcsp/ADT-Situation/Sit-quilici-i1-dist1-default-150" pos 0> > 
> Closing situation file.  < #<CHARACTER-INPUT-FILE-STREAM
                               #p"/fsys4/u/sgwoods/qcsp/ADT-Situation/Sit-quilici-i1-dist1-default-150" pos 10614> > 
> >> WARNING: CLOSE-TO constraint may sacrifice completeness<< 
 
> Reload situation from existing file.  < ADT-Situation/Sit-quilici-i1-dist1-default-150 > 
> Opened situation file.  < #<CHARACTER-INPUT-FILE-STREAM
                              #p"/fsys4/u/sgwoods/qcsp/ADT-Situation/Sit-quilici-i1-dist1-default-150" pos 0> > 
> Closing situation file.  < #<CHARACTER-INPUT-FILE-STREAM
                               #p"/fsys4/u/sgwoods/qcsp/ADT-Situation/Sit-quilici-i1-dist1-default-150" pos 10614> > 
> >> WARNING: CLOSE-TO constraint may sacrifice completeness<< 
 
> Memory-Key opened file/stream  < Q-Batch/ij3/ij3-150.1 > 
 File/stream closed (at Memory-Key). 

; cpu time (non-gc) 3,760 msec user, 350 msec system
; cpu time (gc)     110 msec user, 0 msec system
; cpu time (total)  3,870 msec user, 350 msec system
; real time  4,589 msec
; space allocation:
 77,992 cons cells,;  260 symbols, 394,512 other bytes
((((Q1-C ADTQ1-C) (Q1-H ADTQ1-H) (Q1-B ADTQ1-B) (Q1-F ADTQ1-F) (Q1-A ADTQ1-A)
   (Q1-E ADTQ1-E) (Q1-G ADTQ1-G) (Q1-D ADTQ1-D) (Q1-I ADTQ1-I))))
USER(9): USER(9): > Reload situation from existing file.  < ADT-Situation/Sit-quilici-i1-dist1-1783960706-150 > 
> Opened situation file.  < #<CHARACTER-INPUT-FILE-STREAM
                              #p"/fsys4/u/sgwoods/qcsp/ADT-Situation/Sit-quilici-i1-dist1-1783960706-150" pos 0> > 
> Closing situation file.  < #<CHARACTER-INPUT-FILE-STREAM
                               #p"/fsys4/u/sgwoods/qcsp/ADT-Situation/Sit-quilici-i1-dist1-1783960706-150" pos 10739> > 
> Reload situation from existing file.  < ADT-Situation/Sit-quilici-i1-dist1-1783960706-150 > 
> Opened situation file.  < #<CHARACTER-INPUT-FILE-STREAM
                              #p"/fsys4/u/sgwoods/qcsp/ADT-Situation/Sit-quilici-i1-dist1-1783960706-150" pos 0> > 
> Closing situation file.  < #<CHARACTER-INPUT-FILE-STREAM
                               #p"/fsys4/u/sgwoods/qcsp/ADT-Situation/Sit-quilici-i1-dist1-1783960706-150" pos 10739> > 
> >> WARNING: CLOSE-TO constraint may sacrifice completeness<< 
 
> Reload situation from existing file.  < ADT-Situation/Sit-quilici-i1-dist1-1783960706-150 > 
> Opened situation file.  < #<CHARACTER-INPUT-FILE-STREAM
                              #p"/fsys4/u/sgwoods/qcsp/ADT-Situation/Sit-quilici-i1-dist1-1783960706-150" pos 0> > 
> Closing situation file.  < #<CHARACTER-INPUT-FILE-STREAM
                               #p"/fsys4/u/sgwoods/qcsp/ADT-Situation/Sit-quilici-i1-dist1-1783960706-150" pos 10739> > 
> >> WARNING: CLOSE-TO constraint may sacrifice completeness<< 
 
> Reload situation from existing file.  < ADT-Situation/Sit-quilici-i1-dist1-1783960706-150 > 
> Opened situation file.  < #<CHARACTER-INPUT-FILE-STREAM
                              #p"/fsys4/u/sgwoods/qcsp/ADT-Situation/Sit-quilici-i1-dist1-1783960706-150" pos 0> > 
> Closing situation file.  < #<CHARACTER-INPUT-FILE-STREAM
                               #p"/fsys4/u/sgwoods/qcsp/ADT-Situation/Sit-quilici-i1-dist1-1783960706-150" pos 10739> > 
> >> WARNING: CLOSE-TO constraint may sacrifice completeness<< 
 
> Reload situation from existing file.  < ADT-Situation/Sit-quilici-i1-dist1-1783960706-150 > 
> Opened situation file.  < #<CHARACTER-INPUT-FILE-STREAM
                              #p"/fsys4/u/sgwoods/qcsp/ADT-Situation/Sit-quilici-i1-dist1-1783960706-150" pos 0> > 
> Closing situation file.  < #<CHARACTER-INPUT-FILE-STREAM
                               #p"/fsys4/u/sgwoods/qcsp/ADT-Situation/Sit-quilici-i1-dist1-1783960706-150" pos 10739> > 
> >> WARNING: CLOSE-TO constraint may sacrifice completeness<< 
 
> Reload situation from existing file.  < ADT-Situation/Sit-quilici-i1-dist1-1783960706-150 > 
> Opened situation file.  < #<CHARACTER-INPUT-FILE-STREAM
                              #p"/fsys4/u/sgwoods/qcsp/ADT-Situation/Sit-quilici-i1-dist1-1783960706-150" pos 0> > 
> Closing situation file.  < #<CHARACTER-INPUT-FILE-STREAM
                               #p"/fsys4/u/sgwoods/qcsp/ADT-Situation/Sit-quilici-i1-dist1-1783960706-150" pos 10739> > 
> >> WARNING: CLOSE-TO constraint may sacrifice completeness<< 
 
> Reload situation from existing file.  < ADT-Situation/Sit-quilici-i1-dist1-1783960706-150 > 
> Opened situation file.  < #<CHARACTER-INPUT-FILE-STREAM
                              #p"/fsys4/u/sgwoods/qcsp/ADT-Situation/Sit-quilici-i1-dist1-1783960706-150" pos 0> > 
> Closing situation file.  < #<CHARACTER-INPUT-FILE-STREAM
                               #p"/fsys4/u/sgwoods/qcsp/ADT-Situation/Sit-quilici-i1-dist1-1783960706-150" pos 10739> > 
> >> WARNING: CLOSE-TO constraint may sacrifice completeness<< 
 
> Reload situation from existing file.  < ADT-Situation/Sit-quilici-i1-dist1-1783960706-150 > 
> Opened situation file.  < #<CHARACTER-INPUT-FILE-STREAM
                              #p"/fsys4/u/sgwoods/qcsp/ADT-Situation/Sit-quilici-i1-dist1-1783960706-150" pos 0> > 
> Closing situation file.  < #<CHARACTER-INPUT-FILE-STREAM
                               #p"/fsys4/u/sgwoods/qcsp/ADT-Situation/Sit-quilici-i1-dist1-1783960706-150" pos 10739> > 
> >> WARNING: CLOSE-TO constraint may sacrifice completeness<< 
 
> Reload situation from existing file.  < ADT-Situation/Sit-quilici-i1-dist1-1783960706-150 > 
> Opened situation file.  < #<CHARACTER-INPUT-FILE-STREAM
                              #p"/fsys4/u/sgwoods/qcsp/ADT-Situation/Sit-quilici-i1-dist1-1783960706-150" pos 0> > 
> Closing situation file.  < #<CHARACTER-INPUT-FILE-STREAM
                               #p"/fsys4/u/sgwoods/qcsp/ADT-Situation/Sit-quilici-i1-dist1-1783960706-150" pos 10739> > 
> >> WARNING: CLOSE-TO constraint may sacrifice completeness<< 
 
> Reload situation from existing file.  < ADT-Situation/Sit-quilici-i1-dist1-1783960706-150 > 
> Opened situation file.  < #<CHARACTER-INPUT-FILE-STREAM
                              #p"/fsys4/u/sgwoods/qcsp/ADT-Situation/Sit-quilici-i1-dist1-1783960706-150" pos 0> > 
> Closing situation file.  < #<CHARACTER-INPUT-FILE-STREAM
                               #p"/fsys4/u/sgwoods/qcsp/ADT-Situation/Sit-quilici-i1-dist1-1783960706-150" pos 10739> > 
> >> WARNING: CLOSE-TO constraint may sacrifice completeness<< 
 
> Reload situation from existing file.  < ADT-Situation/Sit-quilici-i1-dist1-1783960706-150 > 
> Opened situation file.  < #<CHARACTER-INPUT-FILE-STREAM
                              #p"/fsys4/u/sgwoods/qcsp/ADT-Situation/Sit-quilici-i1-dist1-1783960706-150" pos 0> > 
> Closing situation file.  < #<CHARACTER-INPUT-FILE-STREAM
                               #p"/fsys4/u/sgwoods/qcsp/ADT-Situation/Sit-quilici-i1-dist1-1783960706-150" pos 10739> > 
> >> WARNING: CLOSE-TO constraint may sacrifice completeness<< 
 
> Reload situation from existing file.  < ADT-Situation/Sit-quilici-i1-dist1-1783960706-150 > 
> Opened situation file.  < #<CHARACTER-INPUT-FILE-STREAM
                              #p"/fsys4/u/sgwoods/qcsp/ADT-Situation/Sit-quilici-i1-dist1-1783960706-150" pos 0> > 
> Closing situation file.  < #<CHARACTER-INPUT-FILE-STREAM
                               #p"/fsys4/u/sgwoods/qcsp/ADT-Situation/Sit-quilici-i1-dist1-1783960706-150" pos 10739> > 
> >> WARNING: CLOSE-TO constraint may sacrifice completeness<< 
 
> Reload situation from existing file.  < ADT-Situation/Sit-quilici-i1-dist1-1783960706-150 > 
> Opened situation file.  < #<CHARACTER-INPUT-FILE-STREAM
                              #p"/fsys4/u/sgwoods/qcsp/ADT-Situation/Sit-quilici-i1-dist1-1783960706-150" pos 0> > 
> Closing situation file.  < #<CHARACTER-INPUT-FILE-STREAM
                               #p"/fsys4/u/sgwoods/qcsp/ADT-Situation/Sit-quilici-i1-dist1-1783960706-150" pos 10739> > 
> >> WARNING: CLOSE-TO constraint may sacrifice completeness<< 
 
> Reload situation from existing file.  < ADT-Situation/Sit-quilici-i1-dist1-1783960706-150 > 
> Opened situation file.  < #<CHARACTER-INPUT-FILE-STREAM
                              #p"/fsys4/u/sgwoods/qcsp/ADT-Situation/Sit-quilici-i1-dist1-1783960706-150" pos 0> > 
> Closing situation file.  < #<CHARACTER-INPUT-FILE-STREAM
                               #p"/fsys4/u/sgwoods/qcsp/ADT-Situation/Sit-quilici-i1-dist1-1783960706-150" pos 10739> > 
> >> WARNING: CLOSE-TO constraint may sacrifice completeness<< 
 
> Reload situation from existing file.  < ADT-Situation/Sit-quilici-i1-dist1-1783960706-150 > 
> Opened situation file.  < #<CHARACTER-INPUT-FILE-STREAM
                              #p"/fsys4/u/sgwoods/qcsp/ADT-Situation/Sit-quilici-i1-dist1-1783960706-150" pos 0> > 
> Closing situation file.  < #<CHARACTER-INPUT-FILE-STREAM
                               #p"/fsys4/u/sgwoods/qcsp/ADT-Situation/Sit-quilici-i1-dist1-1783960706-150" pos 10739> > 
> >> WARNING: CLOSE-TO constraint may sacrifice completeness<< 
 
> Memory-Key opened file/stream  < Q-Batch/ij3/ij3-150.2 > 
 File/stream closed (at Memory-Key). 

; cpu time (non-gc) 6,380 msec user, 240 msec system
; cpu time (gc)     210 msec user, 0 msec system
; cpu time (total)  6,590 msec user, 240 msec system
; real time  6,963 msec
; space allocation:
 127,147 cons cells,;  253 symbols, 611,536 other bytes
((((Q1-C ADTQ1-C) (Q1-H ADTQ1-H) (Q1-E ADTQ1-E) (Q1-F ADTQ1-F) (Q1-A ADTQ1-A)
   (Q1-B ADTQ1-B) (Q1-G ADTQ1-G) (Q1-D ADTQ1-D) (Q1-I ADTQ1-I))))
USER(10): USER(10): > Reload situation from existing file.  < ADT-Situation/Sit-quilici-i1-dist1-6148712495-150 > 
> Opened situation file.  < #<CHARACTER-INPUT-FILE-STREAM
                              #p"/fsys4/u/sgwoods/qcsp/ADT-Situation/Sit-quilici-i1-dist1-6148712495-150" pos 0> > 
> Closing situation file.  < #<CHARACTER-INPUT-FILE-STREAM
                               #p"/fsys4/u/sgwoods/qcsp/ADT-Situation/Sit-quilici-i1-dist1-6148712495-150" pos 10410> > 
> Reload situation from existing file.  < ADT-Situation/Sit-quilici-i1-dist1-6148712495-150 > 
> Opened situation file.  < #<CHARACTER-INPUT-FILE-STREAM
                              #p"/fsys4/u/sgwoods/qcsp/ADT-Situation/Sit-quilici-i1-dist1-6148712495-150" pos 0> > 
> Closing situation file.  < #<CHARACTER-INPUT-FILE-STREAM
                               #p"/fsys4/u/sgwoods/qcsp/ADT-Situation/Sit-quilici-i1-dist1-6148712495-150" pos 10410> > 
> >> WARNING: CLOSE-TO constraint may sacrifice completeness<< 
 
> Reload situation from existing file.  < ADT-Situation/Sit-quilici-i1-dist1-6148712495-150 > 
> Opened situation file.  < #<CHARACTER-INPUT-FILE-STREAM
                              #p"/fsys4/u/sgwoods/qcsp/ADT-Situation/Sit-quilici-i1-dist1-6148712495-150" pos 0> > 
> Closing situation file.  < #<CHARACTER-INPUT-FILE-STREAM
                               #p"/fsys4/u/sgwoods/qcsp/ADT-Situation/Sit-quilici-i1-dist1-6148712495-150" pos 10410> > 
> >> WARNING: CLOSE-TO constraint may sacrifice completeness<< 
 
> Memory-Key opened file/stream  < Q-Batch/ij3/ij3-150.3 > 
 File/stream closed (at Memory-Key). 

; cpu time (non-gc) 1,330 msec user, 20 msec system
; cpu time (gc)     0 msec user, 0 msec system
; cpu time (total)  1,330 msec user, 20 msec system
; real time  1,369 msec
; space allocation:
 27,925 cons cells,;  232 symbols, 133,560 other bytes
((((Q1-C ADTQ1-C) (Q1-A ADTQ1-A) (Q1-H ADTQ1-H) (Q1-F ADTQ1-F) (Q1-B ADTQ1-B)
   (Q1-E ADTQ1-E) (Q1-G ADTQ1-G) (Q1-D ADTQ1-D) (Q1-I ADTQ1-I))))
USER(11): USER(11): > Reload situation from existing file.  < ADT-Situation/Sit-quilici-i1-dist1-8261581571-150 > 
> Opened situation file.  < #<CHARACTER-INPUT-FILE-STREAM
                              #p"/fsys4/u/sgwoods/qcsp/ADT-Situation/Sit-quilici-i1-dist1-8261581571-150" pos 0> > 
> Closing situation file.  < #<CHARACTER-INPUT-FILE-STREAM
                               #p"/fsys4/u/sgwoods/qcsp/ADT-Situation/Sit-quilici-i1-dist1-8261581571-150" pos 10705> > 
> Reload situation from existing file.  < ADT-Situation/Sit-quilici-i1-dist1-8261581571-150 > 
> Opened situation file.  < #<CHARACTER-INPUT-FILE-STREAM
                              #p"/fsys4/u/sgwoods/qcsp/ADT-Situation/Sit-quilici-i1-dist1-8261581571-150" pos 0> > 
> Closing situation file.  < #<CHARACTER-INPUT-FILE-STREAM
                               #p"/fsys4/u/sgwoods/qcsp/ADT-Situation/Sit-quilici-i1-dist1-8261581571-150" pos 10705> > 
> >> WARNING: CLOSE-TO constraint may sacrifice completeness<< 
 
> Reload situation from existing file.  < ADT-Situation/Sit-quilici-i1-dist1-8261581571-150 > 
> Opened situation file.  < #<CHARACTER-INPUT-FILE-STREAM
                              #p"/fsys4/u/sgwoods/qcsp/ADT-Situation/Sit-quilici-i1-dist1-8261581571-150" pos 0> > 
> Closing situation file.  < #<CHARACTER-INPUT-FILE-STREAM
                               #p"/fsys4/u/sgwoods/qcsp/ADT-Situation/Sit-quilici-i1-dist1-8261581571-150" pos 10705> > 
> >> WARNING: CLOSE-TO constraint may sacrifice completeness<< 
 
> Reload situation from existing file.  < ADT-Situation/Sit-quilici-i1-dist1-8261581571-150 > 
> Opened situation file.  < #<CHARACTER-INPUT-FILE-STREAM
                              #p"/fsys4/u/sgwoods/qcsp/ADT-Situation/Sit-quilici-i1-dist1-8261581571-150" pos 0> > 
> Closing situation file.  < #<CHARACTER-INPUT-FILE-STREAM
                               #p"/fsys4/u/sgwoods/qcsp/ADT-Situation/Sit-quilici-i1-dist1-8261581571-150" pos 10705> > 
> >> WARNING: CLOSE-TO constraint may sacrifice completeness<< 
 
> Reload situation from existing file.  < ADT-Situation/Sit-quilici-i1-dist1-8261581571-150 > 
> Opened situation file.  < #<CHARACTER-INPUT-FILE-STREAM
                              #p"/fsys4/u/sgwoods/qcsp/ADT-Situation/Sit-quilici-i1-dist1-8261581571-150" pos 0> > 
> Closing situation file.  < #<CHARACTER-INPUT-FILE-STREAM
                               #p"/fsys4/u/sgwoods/qcsp/ADT-Situation/Sit-quilici-i1-dist1-8261581571-150" pos 10705> > 
> >> WARNING: CLOSE-TO constraint may sacrifice completeness<< 
 
> Memory-Key opened file/stream  < Q-Batch/ij3/ij3-150.4 > 
 File/stream closed (at Memory-Key). 

; cpu time (non-gc) 2,600 msec user, 60 msec system
; cpu time (gc)     60 msec user, 10 msec system
; cpu time (total)  2,660 msec user, 70 msec system
; real time  2,880 msec
; space allocation:
 57,084 cons cells,;  253 symbols, 224,648 other bytes
((((Q1-C ADTQ1-C) (Q1-A ADTQ1-A) (Q1-H ADTQ1-H) (Q1-F ADTQ1-F) (Q1-B ADTQ1-B)
   (Q1-E ADTQ1-E) (Q1-G ADTQ1-G) (Q1-D ADTQ1-D) (Q1-I ADTQ1-I))))
USER(12): USER(12): > Reload situation from existing file.  < ADT-Situation/Sit-quilici-i1-dist1-4705297406-150 > 
> Opened situation file.  < #<CHARACTER-INPUT-FILE-STREAM
                              #p"/fsys4/u/sgwoods/qcsp/ADT-Situation/Sit-quilici-i1-dist1-4705297406-150" pos 0> > 
> Closing situation file.  < #<CHARACTER-INPUT-FILE-STREAM
                               #p"/fsys4/u/sgwoods/qcsp/ADT-Situation/Sit-quilici-i1-dist1-4705297406-150" pos 11661> > 
> Reload situation from existing file.  < ADT-Situation/Sit-quilici-i1-dist1-4705297406-150 > 
> Opened situation file.  < #<CHARACTER-INPUT-FILE-STREAM
                              #p"/fsys4/u/sgwoods/qcsp/ADT-Situation/Sit-quilici-i1-dist1-4705297406-150" pos 0> > 
> Closing situation file.  < #<CHARACTER-INPUT-FILE-STREAM
                               #p"/fsys4/u/sgwoods/qcsp/ADT-Situation/Sit-quilici-i1-dist1-4705297406-150" pos 11661> > 
> >> WARNING: CLOSE-TO constraint may sacrifice completeness<< 
 
> Reload situation from existing file.  < ADT-Situation/Sit-quilici-i1-dist1-4705297406-150 > 
> Opened situation file.  < #<CHARACTER-INPUT-FILE-STREAM
                              #p"/fsys4/u/sgwoods/qcsp/ADT-Situation/Sit-quilici-i1-dist1-4705297406-150" pos 0> > 
> Closing situation file.  < #<CHARACTER-INPUT-FILE-STREAM
                               #p"/fsys4/u/sgwoods/qcsp/ADT-Situation/Sit-quilici-i1-dist1-4705297406-150" pos 11661> > 
> >> WARNING: CLOSE-TO constraint may sacrifice completeness<< 
 
> Reload situation from existing file.  < ADT-Situation/Sit-quilici-i1-dist1-4705297406-150 > 
> Opened situation file.  < #<CHARACTER-INPUT-FILE-STREAM
                              #p"/fsys4/u/sgwoods/qcsp/ADT-Situation/Sit-quilici-i1-dist1-4705297406-150" pos 0> > 
> Closing situation file.  < #<CHARACTER-INPUT-FILE-STREAM
                               #p"/fsys4/u/sgwoods/qcsp/ADT-Situation/Sit-quilici-i1-dist1-4705297406-150" pos 11661> > 
> >> WARNING: CLOSE-TO constraint may sacrifice completeness<< 
 
> Reload situation from existing file.  < ADT-Situation/Sit-quilici-i1-dist1-4705297406-150 > 
> Opened situation file.  < #<CHARACTER-INPUT-FILE-STREAM
                              #p"/fsys4/u/sgwoods/qcsp/ADT-Situation/Sit-quilici-i1-dist1-4705297406-150" pos 0> > 
> Closing situation file.  < #<CHARACTER-INPUT-FILE-STREAM
                               #p"/fsys4/u/sgwoods/qcsp/ADT-Situation/Sit-quilici-i1-dist1-4705297406-150" pos 11661> > 
> >> WARNING: CLOSE-TO constraint may sacrifice completeness<< 
 
> Reload situation from existing file.  < ADT-Situation/Sit-quilici-i1-dist1-4705297406-150 > 
> Opened situation file.  < #<CHARACTER-INPUT-FILE-STREAM
                              #p"/fsys4/u/sgwoods/qcsp/ADT-Situation/Sit-quilici-i1-dist1-4705297406-150" pos 0> > 
> Closing situation file.  < #<CHARACTER-INPUT-FILE-STREAM
                               #p"/fsys4/u/sgwoods/qcsp/ADT-Situation/Sit-quilici-i1-dist1-4705297406-150" pos 11661> > 
> >> WARNING: CLOSE-TO constraint may sacrifice completeness<< 
 
> Reload situation from existing file.  < ADT-Situation/Sit-quilici-i1-dist1-4705297406-150 > 
> Opened situation file.  < #<CHARACTER-INPUT-FILE-STREAM
                              #p"/fsys4/u/sgwoods/qcsp/ADT-Situation/Sit-quilici-i1-dist1-4705297406-150" pos 0> > 
> Closing situation file.  < #<CHARACTER-INPUT-FILE-STREAM
                               #p"/fsys4/u/sgwoods/qcsp/ADT-Situation/Sit-quilici-i1-dist1-4705297406-150" pos 11661> > 
> >> WARNING: CLOSE-TO constraint may sacrifice completeness<< 
 
> Memory-Key opened file/stream  < Q-Batch/ij3/ij3-150.5 > 
 File/stream closed (at Memory-Key). 

; cpu time (non-gc) 3,850 msec user, 90 msec system
; cpu time (gc)     70 msec user, 0 msec system
; cpu time (total)  3,920 msec user, 90 msec system
; real time  4,122 msec
; space allocation:
 76,694 cons cells,;  277 symbols, 388,128 other bytes
((((Q1-C ADTQ1-C) (Q1-E ADTQ1-E) (Q1-H ADTQ1-H) (Q1-G ADTQ1-G) (Q1-A ADTQ1-A)
   (Q1-B ADTQ1-B) (Q1-F ADTQ1-F) (Q1-D ADTQ1-D) (Q1-I ADTQ1-I))))
USER(13): USER(13): > Reload situation from existing file.  < ADT-Situation/Sit-quilici-i1-dist1-6724813580-150 > 
> Opened situation file.  < #<CHARACTER-INPUT-FILE-STREAM
                              #p"/fsys4/u/sgwoods/qcsp/ADT-Situation/Sit-quilici-i1-dist1-6724813580-150" pos 0> > 
> Closing situation file.  < #<CHARACTER-INPUT-FILE-STREAM
                               #p"/fsys4/u/sgwoods/qcsp/ADT-Situation/Sit-quilici-i1-dist1-6724813580-150" pos 11267> > 
> Reload situation from existing file.  < ADT-Situation/Sit-quilici-i1-dist1-6724813580-150 > 
> Opened situation file.  < #<CHARACTER-INPUT-FILE-STREAM
                              #p"/fsys4/u/sgwoods/qcsp/ADT-Situation/Sit-quilici-i1-dist1-6724813580-150" pos 0> > 
> Closing situation file.  < #<CHARACTER-INPUT-FILE-STREAM
                               #p"/fsys4/u/sgwoods/qcsp/ADT-Situation/Sit-quilici-i1-dist1-6724813580-150" pos 11267> > 
> >> WARNING: CLOSE-TO constraint may sacrifice completeness<< 
 
> Reload situation from existing file.  < ADT-Situation/Sit-quilici-i1-dist1-6724813580-150 > 
> Opened situation file.  < #<CHARACTER-INPUT-FILE-STREAM
                              #p"/fsys4/u/sgwoods/qcsp/ADT-Situation/Sit-quilici-i1-dist1-6724813580-150" pos 0> > 
> Closing situation file.  < #<CHARACTER-INPUT-FILE-STREAM
                               #p"/fsys4/u/sgwoods/qcsp/ADT-Situation/Sit-quilici-i1-dist1-6724813580-150" pos 11267> > 
> >> WARNING: CLOSE-TO constraint may sacrifice completeness<< 
 
> Reload situation from existing file.  < ADT-Situation/Sit-quilici-i1-dist1-6724813580-150 > 
> Opened situation file.  < #<CHARACTER-INPUT-FILE-STREAM
                              #p"/fsys4/u/sgwoods/qcsp/ADT-Situation/Sit-quilici-i1-dist1-6724813580-150" pos 0> > 
> Closing situation file.  < #<CHARACTER-INPUT-FILE-STREAM
                               #p"/fsys4/u/sgwoods/qcsp/ADT-Situation/Sit-quilici-i1-dist1-6724813580-150" pos 11267> > 
> >> WARNING: CLOSE-TO constraint may sacrifice completeness<< 
 
> Reload situation from existing file.  < ADT-Situation/Sit-quilici-i1-dist1-6724813580-150 > 
> Opened situation file.  < #<CHARACTER-INPUT-FILE-STREAM
                              #p"/fsys4/u/sgwoods/qcsp/ADT-Situation/Sit-quilici-i1-dist1-6724813580-150" pos 0> > 
> Closing situation file.  < #<CHARACTER-INPUT-FILE-STREAM
                               #p"/fsys4/u/sgwoods/qcsp/ADT-Situation/Sit-quilici-i1-dist1-6724813580-150" pos 11267> > 
> >> WARNING: CLOSE-TO constraint may sacrifice completeness<< 
 
> Reload situation from existing file.  < ADT-Situation/Sit-quilici-i1-dist1-6724813580-150 > 
> Opened situation file.  < #<CHARACTER-INPUT-FILE-STREAM
                              #p"/fsys4/u/sgwoods/qcsp/ADT-Situation/Sit-quilici-i1-dist1-6724813580-150" pos 0> > 
> Closing situation file.  < #<CHARACTER-INPUT-FILE-STREAM
                               #p"/fsys4/u/sgwoods/qcsp/ADT-Situation/Sit-quilici-i1-dist1-6724813580-150" pos 11267> > 
> >> WARNING: CLOSE-TO constraint may sacrifice completeness<< 
 
> Reload situation from existing file.  < ADT-Situation/Sit-quilici-i1-dist1-6724813580-150 > 
> Opened situation file.  < #<CHARACTER-INPUT-FILE-STREAM
                              #p"/fsys4/u/sgwoods/qcsp/ADT-Situation/Sit-quilici-i1-dist1-6724813580-150" pos 0> > 
> Closing situation file.  < #<CHARACTER-INPUT-FILE-STREAM
                               #p"/fsys4/u/sgwoods/qcsp/ADT-Situation/Sit-quilici-i1-dist1-6724813580-150" pos 11267> > 
> >> WARNING: CLOSE-TO constraint may sacrifice completeness<< 
 
> Reload situation from existing file.  < ADT-Situation/Sit-quilici-i1-dist1-6724813580-150 > 
> Opened situation file.  < #<CHARACTER-INPUT-FILE-STREAM
                              #p"/fsys4/u/sgwoods/qcsp/ADT-Situation/Sit-quilici-i1-dist1-6724813580-150" pos 0> > 
> Closing situation file.  < #<CHARACTER-INPUT-FILE-STREAM
                               #p"/fsys4/u/sgwoods/qcsp/ADT-Situation/Sit-quilici-i1-dist1-6724813580-150" pos 11267> > 
> >> WARNING: CLOSE-TO constraint may sacrifice completeness<< 
 
> Reload situation from existing file.  < ADT-Situation/Sit-quilici-i1-dist1-6724813580-150 > 
> Opened situation file.  < #<CHARACTER-INPUT-FILE-STREAM
                              #p"/fsys4/u/sgwoods/qcsp/ADT-Situation/Sit-quilici-i1-dist1-6724813580-150" pos 0> > 
> Closing situation file.  < #<CHARACTER-INPUT-FILE-STREAM
                               #p"/fsys4/u/sgwoods/qcsp/ADT-Situation/Sit-quilici-i1-dist1-6724813580-150" pos 11267> > 
> >> WARNING: CLOSE-TO constraint may sacrifice completeness<< 
 
> Reload situation from existing file.  < ADT-Situation/Sit-quilici-i1-dist1-6724813580-150 > 
> Opened situation file.  < #<CHARACTER-INPUT-FILE-STREAM
                              #p"/fsys4/u/sgwoods/qcsp/ADT-Situation/Sit-quilici-i1-dist1-6724813580-150" pos 0> > 
> Closing situation file.  < #<CHARACTER-INPUT-FILE-STREAM
                               #p"/fsys4/u/sgwoods/qcsp/ADT-Situation/Sit-quilici-i1-dist1-6724813580-150" pos 11267> > 
> >> WARNING: CLOSE-TO constraint may sacrifice completeness<< 
 
> Reload situation from existing file.  < ADT-Situation/Sit-quilici-i1-dist1-6724813580-150 > 
> Opened situation file.  < #<CHARACTER-INPUT-FILE-STREAM
                              #p"/fsys4/u/sgwoods/qcsp/ADT-Situation/Sit-quilici-i1-dist1-6724813580-150" pos 0> > 
> Closing situation file.  < #<CHARACTER-INPUT-FILE-STREAM
                               #p"/fsys4/u/sgwoods/qcsp/ADT-Situation/Sit-quilici-i1-dist1-6724813580-150" pos 11267> > 
> >> WARNING: CLOSE-TO constraint may sacrifice completeness<< 
 
> Reload situation from existing file.  < ADT-Situation/Sit-quilici-i1-dist1-6724813580-150 > 
> Opened situation file.  < #<CHARACTER-INPUT-FILE-STREAM
                              #p"/fsys4/u/sgwoods/qcsp/ADT-Situation/Sit-quilici-i1-dist1-6724813580-150" pos 0> > 
> Closing situation file.  < #<CHARACTER-INPUT-FILE-STREAM
                               #p"/fsys4/u/sgwoods/qcsp/ADT-Situation/Sit-quilici-i1-dist1-6724813580-150" pos 11267> > 
> >> WARNING: CLOSE-TO constraint may sacrifice completeness<< 
 
> Reload situation from existing file.  < ADT-Situation/Sit-quilici-i1-dist1-6724813580-150 > 
> Opened situation file.  < #<CHARACTER-INPUT-FILE-STREAM
                              #p"/fsys4/u/sgwoods/qcsp/ADT-Situation/Sit-quilici-i1-dist1-6724813580-150" pos 0> > 
> Closing situation file.  < #<CHARACTER-INPUT-FILE-STREAM
                               #p"/fsys4/u/sgwoods/qcsp/ADT-Situation/Sit-quilici-i1-dist1-6724813580-150" pos 11267> > 
> >> WARNING: CLOSE-TO constraint may sacrifice completeness<< 
 
> Reload situation from existing file.  < ADT-Situation/Sit-quilici-i1-dist1-6724813580-150 > 
> Opened situation file.  < #<CHARACTER-INPUT-FILE-STREAM
                              #p"/fsys4/u/sgwoods/qcsp/ADT-Situation/Sit-quilici-i1-dist1-6724813580-150" pos 0> > 
> Closing situation file.  < #<CHARACTER-INPUT-FILE-STREAM
                               #p"/fsys4/u/sgwoods/qcsp/ADT-Situation/Sit-quilici-i1-dist1-6724813580-150" pos 11267> > 
> >> WARNING: CLOSE-TO constraint may sacrifice completeness<< 
 
> Reload situation from existing file.  < ADT-Situation/Sit-quilici-i1-dist1-6724813580-150 > 
> Opened situation file.  < #<CHARACTER-INPUT-FILE-STREAM
                              #p"/fsys4/u/sgwoods/qcsp/ADT-Situation/Sit-quilici-i1-dist1-6724813580-150" pos 0> > 
> Closing situation file.  < #<CHARACTER-INPUT-FILE-STREAM
                               #p"/fsys4/u/sgwoods/qcsp/ADT-Situation/Sit-quilici-i1-dist1-6724813580-150" pos 11267> > 
> >> WARNING: CLOSE-TO constraint may sacrifice completeness<< 
 
> Memory-Key opened file/stream  < Q-Batch/ij3/ij3-150.6 > 
 File/stream closed (at Memory-Key). 

; cpu time (non-gc) 6,440 msec user, 260 msec system
; cpu time (gc)     90 msec user, 0 msec system
; cpu time (total)  6,530 msec user, 260 msec system
; real time  7,103 msec
; space allocation:
 127,146 cons cells,;  253 symbols, 602,232 other bytes
((((Q1-C ADTQ1-C) (Q1-H ADTQ1-H) (Q1-E ADTQ1-E) (Q1-F ADTQ1-F) (Q1-A ADTQ1-A)
   (Q1-B ADTQ1-B) (Q1-G ADTQ1-G) (Q1-D ADTQ1-D) (Q1-I ADTQ1-I))))
USER(14): USER(14): > Reload situation from existing file.  < ADT-Situation/Sit-quilici-i1-dist1-8798969000-150 > 
> Opened situation file.  < #<CHARACTER-INPUT-FILE-STREAM
                              #p"/fsys4/u/sgwoods/qcsp/ADT-Situation/Sit-quilici-i1-dist1-8798969000-150" pos 0> > 
> Closing situation file.  < #<CHARACTER-INPUT-FILE-STREAM
                               #p"/fsys4/u/sgwoods/qcsp/ADT-Situation/Sit-quilici-i1-dist1-8798969000-150" pos 11788> > 
> Reload situation from existing file.  < ADT-Situation/Sit-quilici-i1-dist1-8798969000-150 > 
> Opened situation file.  < #<CHARACTER-INPUT-FILE-STREAM
                              #p"/fsys4/u/sgwoods/qcsp/ADT-Situation/Sit-quilici-i1-dist1-8798969000-150" pos 0> > 
> Closing situation file.  < #<CHARACTER-INPUT-FILE-STREAM
                               #p"/fsys4/u/sgwoods/qcsp/ADT-Situation/Sit-quilici-i1-dist1-8798969000-150" pos 11788> > 
> >> WARNING: CLOSE-TO constraint may sacrifice completeness<< 
 
> Reload situation from existing file.  < ADT-Situation/Sit-quilici-i1-dist1-8798969000-150 > 
> Opened situation file.  < #<CHARACTER-INPUT-FILE-STREAM
                              #p"/fsys4/u/sgwoods/qcsp/ADT-Situation/Sit-quilici-i1-dist1-8798969000-150" pos 0> > 
> Closing situation file.  < #<CHARACTER-INPUT-FILE-STREAM
                               #p"/fsys4/u/sgwoods/qcsp/ADT-Situation/Sit-quilici-i1-dist1-8798969000-150" pos 11788> > 
> >> WARNING: CLOSE-TO constraint may sacrifice completeness<< 
 
> Reload situation from existing file.  < ADT-Situation/Sit-quilici-i1-dist1-8798969000-150 > 
> Opened situation file.  < #<CHARACTER-INPUT-FILE-STREAM
                              #p"/fsys4/u/sgwoods/qcsp/ADT-Situation/Sit-quilici-i1-dist1-8798969000-150" pos 0> > 
> Closing situation file.  < #<CHARACTER-INPUT-FILE-STREAM
                               #p"/fsys4/u/sgwoods/qcsp/ADT-Situation/Sit-quilici-i1-dist1-8798969000-150" pos 11788> > 
> >> WARNING: CLOSE-TO constraint may sacrifice completeness<< 
 
> Reload situation from existing file.  < ADT-Situation/Sit-quilici-i1-dist1-8798969000-150 > 
> Opened situation file.  < #<CHARACTER-INPUT-FILE-STREAM
                              #p"/fsys4/u/sgwoods/qcsp/ADT-Situation/Sit-quilici-i1-dist1-8798969000-150" pos 0> > 
> Closing situation file.  < #<CHARACTER-INPUT-FILE-STREAM
                               #p"/fsys4/u/sgwoods/qcsp/ADT-Situation/Sit-quilici-i1-dist1-8798969000-150" pos 11788> > 
> >> WARNING: CLOSE-TO constraint may sacrifice completeness<< 
 
> Reload situation from existing file.  < ADT-Situation/Sit-quilici-i1-dist1-8798969000-150 > 
> Opened situation file.  < #<CHARACTER-INPUT-FILE-STREAM
                              #p"/fsys4/u/sgwoods/qcsp/ADT-Situation/Sit-quilici-i1-dist1-8798969000-150" pos 0> > 
> Closing situation file.  < #<CHARACTER-INPUT-FILE-STREAM
                               #p"/fsys4/u/sgwoods/qcsp/ADT-Situation/Sit-quilici-i1-dist1-8798969000-150" pos 11788> > 
> >> WARNING: CLOSE-TO constraint may sacrifice completeness<< 
 
> Reload situation from existing file.  < ADT-Situation/Sit-quilici-i1-dist1-8798969000-150 > 
> Opened situation file.  < #<CHARACTER-INPUT-FILE-STREAM
                              #p"/fsys4/u/sgwoods/qcsp/ADT-Situation/Sit-quilici-i1-dist1-8798969000-150" pos 0> > 
> Closing situation file.  < #<CHARACTER-INPUT-FILE-STREAM
                               #p"/fsys4/u/sgwoods/qcsp/ADT-Situation/Sit-quilici-i1-dist1-8798969000-150" pos 11788> > 
> >> WARNING: CLOSE-TO constraint may sacrifice completeness<< 
 
> Reload situation from existing file.  < ADT-Situation/Sit-quilici-i1-dist1-8798969000-150 > 
> Opened situation file.  < #<CHARACTER-INPUT-FILE-STREAM
                              #p"/fsys4/u/sgwoods/qcsp/ADT-Situation/Sit-quilici-i1-dist1-8798969000-150" pos 0> > 
> Closing situation file.  < #<CHARACTER-INPUT-FILE-STREAM
                               #p"/fsys4/u/sgwoods/qcsp/ADT-Situation/Sit-quilici-i1-dist1-8798969000-150" pos 11788> > 
> >> WARNING: CLOSE-TO constraint may sacrifice completeness<< 
 
> Reload situation from existing file.  < ADT-Situation/Sit-quilici-i1-dist1-8798969000-150 > 
> Opened situation file.  < #<CHARACTER-INPUT-FILE-STREAM
                              #p"/fsys4/u/sgwoods/qcsp/ADT-Situation/Sit-quilici-i1-dist1-8798969000-150" pos 0> > 
> Closing situation file.  < #<CHARACTER-INPUT-FILE-STREAM
                               #p"/fsys4/u/sgwoods/qcsp/ADT-Situation/Sit-quilici-i1-dist1-8798969000-150" pos 11788> > 
> >> WARNING: CLOSE-TO constraint may sacrifice completeness<< 
 
> Reload situation from existing file.  < ADT-Situation/Sit-quilici-i1-dist1-8798969000-150 > 
> Opened situation file.  < #<CHARACTER-INPUT-FILE-STREAM
                              #p"/fsys4/u/sgwoods/qcsp/ADT-Situation/Sit-quilici-i1-dist1-8798969000-150" pos 0> > 
> Closing situation file.  < #<CHARACTER-INPUT-FILE-STREAM
                               #p"/fsys4/u/sgwoods/qcsp/ADT-Situation/Sit-quilici-i1-dist1-8798969000-150" pos 11788> > 
> >> WARNING: CLOSE-TO constraint may sacrifice completeness<< 
 
> Memory-Key opened file/stream  < Q-Batch/ij3/ij3-150.7 > 
 File/stream closed (at Memory-Key). 

; cpu time (non-gc) 5,000 msec user, 220 msec system
; cpu time (gc)     50 msec user, 0 msec system
; cpu time (total)  5,050 msec user, 220 msec system
; real time  5,455 msec
; space allocation:
 102,080 cons cells,;  281 symbols, 409,960 other bytes
((((Q1-C ADTQ1-C) (Q1-A ADTQ1-A) (Q1-H ADTQ1-H) (Q1-F ADTQ1-F) (Q1-B ADTQ1-B)
   (Q1-E ADTQ1-E) (Q1-G ADTQ1-G) (Q1-D ADTQ1-D) (Q1-I ADTQ1-I))))
USER(15): USER(15): > Reload situation from existing file.  < ADT-Situation/Sit-quilici-i1-dist1-0805098560-150 > 
> Opened situation file.  < #<CHARACTER-INPUT-FILE-STREAM
                              #p"/fsys4/u/sgwoods/qcsp/ADT-Situation/Sit-quilici-i1-dist1-0805098560-150" pos 0> > 
> Closing situation file.  < #<CHARACTER-INPUT-FILE-STREAM
                               #p"/fsys4/u/sgwoods/qcsp/ADT-Situation/Sit-quilici-i1-dist1-0805098560-150" pos 12513> > 
> Reload situation from existing file.  < ADT-Situation/Sit-quilici-i1-dist1-0805098560-150 > 
> Opened situation file.  < #<CHARACTER-INPUT-FILE-STREAM
                              #p"/fsys4/u/sgwoods/qcsp/ADT-Situation/Sit-quilici-i1-dist1-0805098560-150" pos 0> > 
> Closing situation file.  < #<CHARACTER-INPUT-FILE-STREAM
                               #p"/fsys4/u/sgwoods/qcsp/ADT-Situation/Sit-quilici-i1-dist1-0805098560-150" pos 12513> > 
> >> WARNING: CLOSE-TO constraint may sacrifice completeness<< 
 
> Reload situation from existing file.  < ADT-Situation/Sit-quilici-i1-dist1-0805098560-150 > 
> Opened situation file.  < #<CHARACTER-INPUT-FILE-STREAM
                              #p"/fsys4/u/sgwoods/qcsp/ADT-Situation/Sit-quilici-i1-dist1-0805098560-150" pos 0> > 
> Closing situation file.  < #<CHARACTER-INPUT-FILE-STREAM
                               #p"/fsys4/u/sgwoods/qcsp/ADT-Situation/Sit-quilici-i1-dist1-0805098560-150" pos 12513> > 
> >> WARNING: CLOSE-TO constraint may sacrifice completeness<< 
 
> Reload situation from existing file.  < ADT-Situation/Sit-quilici-i1-dist1-0805098560-150 > 
> Opened situation file.  < #<CHARACTER-INPUT-FILE-STREAM
                              #p"/fsys4/u/sgwoods/qcsp/ADT-Situation/Sit-quilici-i1-dist1-0805098560-150" pos 0> > 
> Closing situation file.  < #<CHARACTER-INPUT-FILE-STREAM
                               #p"/fsys4/u/sgwoods/qcsp/ADT-Situation/Sit-quilici-i1-dist1-0805098560-150" pos 12513> > 
> >> WARNING: CLOSE-TO constraint may sacrifice completeness<< 
 
> Memory-Key opened file/stream  < Q-Batch/ij3/ij3-150.8 > 
 File/stream closed (at Memory-Key). 

; cpu time (non-gc) 2,750 msec user, 50 msec system
; cpu time (gc)     0 msec user, 0 msec system
; cpu time (total)  2,750 msec user, 50 msec system
; real time  2,985 msec
; space allocation:
 53,942 cons cells,;  294 symbols, 222,768 other bytes
((((Q1-C ADTQ1-C) (Q1-E ADTQ1-E) (Q1-H ADTQ1-H) (Q1-F ADTQ1-F) (Q1-B ADTQ1-B)
   (Q1-A ADTQ1-A) (Q1-G ADTQ1-G) (Q1-D ADTQ1-D) (Q1-I ADTQ1-I))))
USER(16): USER(16): > Reload situation from existing file.  < ADT-Situation/Sit-quilici-i1-dist1-4767135635-150 > 
> Opened situation file.  < #<CHARACTER-INPUT-FILE-STREAM
                              #p"/fsys4/u/sgwoods/qcsp/ADT-Situation/Sit-quilici-i1-dist1-4767135635-150" pos 0> > 
> Closing situation file.  < #<CHARACTER-INPUT-FILE-STREAM
                               #p"/fsys4/u/sgwoods/qcsp/ADT-Situation/Sit-quilici-i1-dist1-4767135635-150" pos 11957> > 
> Reload situation from existing file.  < ADT-Situation/Sit-quilici-i1-dist1-4767135635-150 > 
> Opened situation file.  < #<CHARACTER-INPUT-FILE-STREAM
                              #p"/fsys4/u/sgwoods/qcsp/ADT-Situation/Sit-quilici-i1-dist1-4767135635-150" pos 0> > 
> Closing situation file.  < #<CHARACTER-INPUT-FILE-STREAM
                               #p"/fsys4/u/sgwoods/qcsp/ADT-Situation/Sit-quilici-i1-dist1-4767135635-150" pos 11957> > 
> >> WARNING: CLOSE-TO constraint may sacrifice completeness<< 
 
> Reload situation from existing file.  < ADT-Situation/Sit-quilici-i1-dist1-4767135635-150 > 
> Opened situation file.  < #<CHARACTER-INPUT-FILE-STREAM
                              #p"/fsys4/u/sgwoods/qcsp/ADT-Situation/Sit-quilici-i1-dist1-4767135635-150" pos 0> > 
> Closing situation file.  < #<CHARACTER-INPUT-FILE-STREAM
                               #p"/fsys4/u/sgwoods/qcsp/ADT-Situation/Sit-quilici-i1-dist1-4767135635-150" pos 11957> > 
> >> WARNING: CLOSE-TO constraint may sacrifice completeness<< 
 
> Reload situation from existing file.  < ADT-Situation/Sit-quilici-i1-dist1-4767135635-150 > 
> Opened situation file.  < #<CHARACTER-INPUT-FILE-STREAM
                              #p"/fsys4/u/sgwoods/qcsp/ADT-Situation/Sit-quilici-i1-dist1-4767135635-150" pos 0> > 
> Closing situation file.  < #<CHARACTER-INPUT-FILE-STREAM
                               #p"/fsys4/u/sgwoods/qcsp/ADT-Situation/Sit-quilici-i1-dist1-4767135635-150" pos 11957> > 
> >> WARNING: CLOSE-TO constraint may sacrifice completeness<< 
 
> Memory-Key opened file/stream  < Q-Batch/ij3/ij3-150.9 > 
 File/stream closed (at Memory-Key). 

; cpu time (non-gc) 2,260 msec user, 70 msec system
; cpu time (gc)     50 msec user, 0 msec system
; cpu time (total)  2,310 msec user, 70 msec system
; real time  2,444 msec
; space allocation:
 48,359 cons cells,;  271 symbols, 210,144 other bytes
((((Q1-C ADTQ1-C) (Q1-E ADTQ1-E) (Q1-H ADTQ1-H) (Q1-G ADTQ1-G) (Q1-A ADTQ1-A)
   (Q1-B ADTQ1-B) (Q1-F ADTQ1-F) (Q1-D ADTQ1-D) (Q1-I ADTQ1-I))))
USER(17): USER(17): > Reload situation from existing file.  < ADT-Situation/Sit-quilici-i1-dist1-7685437293-150 > 
> Opened situation file.  < #<CHARACTER-INPUT-FILE-STREAM
                              #p"/fsys4/u/sgwoods/qcsp/ADT-Situation/Sit-quilici-i1-dist1-7685437293-150" pos 0> > 
> Closing situation file.  < #<CHARACTER-INPUT-FILE-STREAM
                               #p"/fsys4/u/sgwoods/qcsp/ADT-Situation/Sit-quilici-i1-dist1-7685437293-150" pos 11124> > 
> Reload situation from existing file.  < ADT-Situation/Sit-quilici-i1-dist1-7685437293-150 > 
> Opened situation file.  < #<CHARACTER-INPUT-FILE-STREAM
                              #p"/fsys4/u/sgwoods/qcsp/ADT-Situation/Sit-quilici-i1-dist1-7685437293-150" pos 0> > 
> Closing situation file.  < #<CHARACTER-INPUT-FILE-STREAM
                               #p"/fsys4/u/sgwoods/qcsp/ADT-Situation/Sit-quilici-i1-dist1-7685437293-150" pos 11124> > 
> >> WARNING: CLOSE-TO constraint may sacrifice completeness<< 
 
> Reload situation from existing file.  < ADT-Situation/Sit-quilici-i1-dist1-7685437293-150 > 
> Opened situation file.  < #<CHARACTER-INPUT-FILE-STREAM
                              #p"/fsys4/u/sgwoods/qcsp/ADT-Situation/Sit-quilici-i1-dist1-7685437293-150" pos 0> > 
> Closing situation file.  < #<CHARACTER-INPUT-FILE-STREAM
                               #p"/fsys4/u/sgwoods/qcsp/ADT-Situation/Sit-quilici-i1-dist1-7685437293-150" pos 11124> > 
> >> WARNING: CLOSE-TO constraint may sacrifice completeness<< 
 
> Reload situation from existing file.  < ADT-Situation/Sit-quilici-i1-dist1-7685437293-150 > 
> Opened situation file.  < #<CHARACTER-INPUT-FILE-STREAM
                              #p"/fsys4/u/sgwoods/qcsp/ADT-Situation/Sit-quilici-i1-dist1-7685437293-150" pos 0> > 
> Closing situation file.  < #<CHARACTER-INPUT-FILE-STREAM
                               #p"/fsys4/u/sgwoods/qcsp/ADT-Situation/Sit-quilici-i1-dist1-7685437293-150" pos 11124> > 
> >> WARNING: CLOSE-TO constraint may sacrifice completeness<< 
 
> Reload situation from existing file.  < ADT-Situation/Sit-quilici-i1-dist1-7685437293-150 > 
> Opened situation file.  < #<CHARACTER-INPUT-FILE-STREAM
                              #p"/fsys4/u/sgwoods/qcsp/ADT-Situation/Sit-quilici-i1-dist1-7685437293-150" pos 0> > 
> Closing situation file.  < #<CHARACTER-INPUT-FILE-STREAM
                               #p"/fsys4/u/sgwoods/qcsp/ADT-Situation/Sit-quilici-i1-dist1-7685437293-150" pos 11124> > 
> >> WARNING: CLOSE-TO constraint may sacrifice completeness<< 
 
> Reload situation from existing file.  < ADT-Situation/Sit-quilici-i1-dist1-7685437293-150 > 
> Opened situation file.  < #<CHARACTER-INPUT-FILE-STREAM
                              #p"/fsys4/u/sgwoods/qcsp/ADT-Situation/Sit-quilici-i1-dist1-7685437293-150" pos 0> > 
> Closing situation file.  < #<CHARACTER-INPUT-FILE-STREAM
                               #p"/fsys4/u/sgwoods/qcsp/ADT-Situation/Sit-quilici-i1-dist1-7685437293-150" pos 11124> > 
> >> WARNING: CLOSE-TO constraint may sacrifice completeness<< 
 
> Reload situation from existing file.  < ADT-Situation/Sit-quilici-i1-dist1-7685437293-150 > 
> Opened situation file.  < #<CHARACTER-INPUT-FILE-STREAM
                              #p"/fsys4/u/sgwoods/qcsp/ADT-Situation/Sit-quilici-i1-dist1-7685437293-150" pos 0> > 
> Closing situation file.  < #<CHARACTER-INPUT-FILE-STREAM
                               #p"/fsys4/u/sgwoods/qcsp/ADT-Situation/Sit-quilici-i1-dist1-7685437293-150" pos 11124> > 
> >> WARNING: CLOSE-TO constraint may sacrifice completeness<< 
 
> Reload situation from existing file.  < ADT-Situation/Sit-quilici-i1-dist1-7685437293-150 > 
> Opened situation file.  < #<CHARACTER-INPUT-FILE-STREAM
                              #p"/fsys4/u/sgwoods/qcsp/ADT-Situation/Sit-quilici-i1-dist1-7685437293-150" pos 0> > 
> Closing situation file.  < #<CHARACTER-INPUT-FILE-STREAM
                               #p"/fsys4/u/sgwoods/qcsp/ADT-Situation/Sit-quilici-i1-dist1-7685437293-150" pos 11124> > 
> >> WARNING: CLOSE-TO constraint may sacrifice completeness<< 
 
> Reload situation from existing file.  < ADT-Situation/Sit-quilici-i1-dist1-7685437293-150 > 
> Opened situation file.  < #<CHARACTER-INPUT-FILE-STREAM
                              #p"/fsys4/u/sgwoods/qcsp/ADT-Situation/Sit-quilici-i1-dist1-7685437293-150" pos 0> > 
> Closing situation file.  < #<CHARACTER-INPUT-FILE-STREAM
                               #p"/fsys4/u/sgwoods/qcsp/ADT-Situation/Sit-quilici-i1-dist1-7685437293-150" pos 11124> > 
> >> WARNING: CLOSE-TO constraint may sacrifice completeness<< 
 
> Reload situation from existing file.  < ADT-Situation/Sit-quilici-i1-dist1-7685437293-150 > 
> Opened situation file.  < #<CHARACTER-INPUT-FILE-STREAM
                              #p"/fsys4/u/sgwoods/qcsp/ADT-Situation/Sit-quilici-i1-dist1-7685437293-150" pos 0> > 
> Closing situation file.  < #<CHARACTER-INPUT-FILE-STREAM
                               #p"/fsys4/u/sgwoods/qcsp/ADT-Situation/Sit-quilici-i1-dist1-7685437293-150" pos 11124> > 
> >> WARNING: CLOSE-TO constraint may sacrifice completeness<< 
 
> Reload situation from existing file.  < ADT-Situation/Sit-quilici-i1-dist1-7685437293-150 > 
> Opened situation file.  < #<CHARACTER-INPUT-FILE-STREAM
                              #p"/fsys4/u/sgwoods/qcsp/ADT-Situation/Sit-quilici-i1-dist1-7685437293-150" pos 0> > 
> Closing situation file.  < #<CHARACTER-INPUT-FILE-STREAM
                               #p"/fsys4/u/sgwoods/qcsp/ADT-Situation/Sit-quilici-i1-dist1-7685437293-150" pos 11124> > 
> >> WARNING: CLOSE-TO constraint may sacrifice completeness<< 
 
> Reload situation from existing file.  < ADT-Situation/Sit-quilici-i1-dist1-7685437293-150 > 
> Opened situation file.  < #<CHARACTER-INPUT-FILE-STREAM
                              #p"/fsys4/u/sgwoods/qcsp/ADT-Situation/Sit-quilici-i1-dist1-7685437293-150" pos 0> > 
> Closing situation file.  < #<CHARACTER-INPUT-FILE-STREAM
                               #p"/fsys4/u/sgwoods/qcsp/ADT-Situation/Sit-quilici-i1-dist1-7685437293-150" pos 11124> > 
> >> WARNING: CLOSE-TO constraint may sacrifice completeness<< 
 
> Memory-Key opened file/stream  < Q-Batch/ij3/ij3-150.99 > 
 File/stream closed (at Memory-Key). 

; cpu time (non-gc) 5,530 msec user, 140 msec system
; cpu time (gc)     80 msec user, 0 msec system
; cpu time (total)  5,610 msec user, 140 msec system
; real time  6,883 msec
; space allocation:
 108,157 cons cells,;  257 symbols, 524,880 other bytes
((((Q1-C ADTQ1-C) (Q1-E ADTQ1-E) (Q1-H ADTQ1-H) (Q1-G ADTQ1-G) (Q1-A ADTQ1-A)
   (Q1-B ADTQ1-B) (Q1-F ADTQ1-F) (Q1-D ADTQ1-D) (Q1-I ADTQ1-I))))
USER(18): USER(18): ; Exiting Lisp
