Allegro CL 4.2 [SPARC; R1] (2/1/95 11:34)
Copyright (C) 1985-1993, Franz Inc., Berkeley, CA, USA.  All Rights Reserved.
;   Loading /fsys4/u/sgwoods/qcsp/load.lisp.
;     Fast loading /fsys4/u/sgwoods/qcsp/bm.fasl.
;     Fast loading /fsys4/u/sgwoods/qcsp/bt.fasl.
;     Fast loading /fsys4/u/sgwoods/qcsp/ct.fasl.
;     Fast loading /fsys4/u/sgwoods/qcsp/utility.fasl.
;     Loading /fsys4/u/sgwoods/qcsp/compile.lisp.
;     Fast loading /fsys4/u/sgwoods/qcsp/quilici-search.fasl.
;     Fast loading /fsys4/u/sgwoods/qcsp/adt-simple.fasl.
;     Fast loading /fsys4/u/sgwoods/qcsp/adt-setup.fasl.
;     Fast loading /fsys4/u/sgwoods/qcsp/memory-csp.fasl.
;; Optimization settings: safety 1, space 1, speed 1, debug 2
;; For a complete description of all compiler switches given the current
;; optimization settings evaluate (EXPLAIN-COMPILER-SETTINGS).
USER(1): USER(1): USER(1): Journal Testing (2 Phased)
"Journal Testing (2 Phased)"
USER(2): 
NIL
USER(3): 
NIL
USER(4): ; Loading /fsys4/u/sgwoods/qcsp/load.lisp.
;   Fast loading /fsys4/u/sgwoods/qcsp/bm.fasl.
;   Fast loading /fsys4/u/sgwoods/qcsp/bt.fasl.
;   Fast loading /fsys4/u/sgwoods/qcsp/ct.fasl.
;   Fast loading /fsys4/u/sgwoods/qcsp/utility.fasl.
;   Loading /fsys4/u/sgwoods/qcsp/compile.lisp.
;   Fast loading /fsys4/u/sgwoods/qcsp/quilici-search.fasl.
;   Fast loading /fsys4/u/sgwoods/qcsp/adt-simple.fasl.
;   Fast loading /fsys4/u/sgwoods/qcsp/adt-setup.fasl.
;   Fast loading /fsys4/u/sgwoods/qcsp/memory-csp.fasl.
T
USER(5): USER(5): **** Noise 50 ****
"**** Noise 50 ****"
USER(6): 
NIL
USER(7): 
NIL
USER(8): > Reload situation from existing file.  < ADT-Situation/Sit-quilici-i1-dist1-default-50 > 
> Opened situation file.  < #<CHARACTER-INPUT-FILE-STREAM
                              #p"/fsys4/u/sgwoods/qcsp/ADT-Situation/Sit-quilici-i1-dist1-default-50" pos 0> > 
> Closing situation file.  < #<CHARACTER-INPUT-FILE-STREAM
                               #p"/fsys4/u/sgwoods/qcsp/ADT-Situation/Sit-quilici-i1-dist1-default-50" pos 3696> > 
> Reload situation from existing file.  < ADT-Situation/Sit-quilici-i1-dist1-default-50 > 
> Opened situation file.  < #<CHARACTER-INPUT-FILE-STREAM
                              #p"/fsys4/u/sgwoods/qcsp/ADT-Situation/Sit-quilici-i1-dist1-default-50" pos 0> > 
> Closing situation file.  < #<CHARACTER-INPUT-FILE-STREAM
                               #p"/fsys4/u/sgwoods/qcsp/ADT-Situation/Sit-quilici-i1-dist1-default-50" pos 3696> > 
> >> WARNING: CLOSE-TO constraint may sacrifice completeness<< 
 
> Reload situation from existing file.  < ADT-Situation/Sit-quilici-i1-dist1-default-50 > 
> Opened situation file.  < #<CHARACTER-INPUT-FILE-STREAM
                              #p"/fsys4/u/sgwoods/qcsp/ADT-Situation/Sit-quilici-i1-dist1-default-50" pos 0> > 
> Closing situation file.  < #<CHARACTER-INPUT-FILE-STREAM
                               #p"/fsys4/u/sgwoods/qcsp/ADT-Situation/Sit-quilici-i1-dist1-default-50" pos 3696> > 
> >> WARNING: CLOSE-TO constraint may sacrifice completeness<< 
 
> Reload situation from existing file.  < ADT-Situation/Sit-quilici-i1-dist1-default-50 > 
> Opened situation file.  < #<CHARACTER-INPUT-FILE-STREAM
                              #p"/fsys4/u/sgwoods/qcsp/ADT-Situation/Sit-quilici-i1-dist1-default-50" pos 0> > 
> Closing situation file.  < #<CHARACTER-INPUT-FILE-STREAM
                               #p"/fsys4/u/sgwoods/qcsp/ADT-Situation/Sit-quilici-i1-dist1-default-50" pos 3696> > 
> >> WARNING: CLOSE-TO constraint may sacrifice completeness<< 
 
> Reload situation from existing file.  < ADT-Situation/Sit-quilici-i1-dist1-default-50 > 
> Opened situation file.  < #<CHARACTER-INPUT-FILE-STREAM
                              #p"/fsys4/u/sgwoods/qcsp/ADT-Situation/Sit-quilici-i1-dist1-default-50" pos 0> > 
> Closing situation file.  < #<CHARACTER-INPUT-FILE-STREAM
                               #p"/fsys4/u/sgwoods/qcsp/ADT-Situation/Sit-quilici-i1-dist1-default-50" pos 3696> > 
> >> WARNING: CLOSE-TO constraint may sacrifice completeness<< 
 
> Memory-Key opened file/stream  < Q-Batch/ij3/ij3-050.1 > 
 File/stream closed (at Memory-Key). 

; cpu time (non-gc) 950 msec user, 130 msec system
; cpu time (gc)     0 msec user, 0 msec system
; cpu time (total)  950 msec user, 130 msec system
; real time  1,162 msec
; space allocation:
 25,302 cons cells,;  82 symbols, 208,584 other bytes
((((Q1-C ADTQ1-C) (Q1-H ADTQ1-H) (Q1-B ADTQ1-B) (Q1-A ADTQ1-A) (Q1-I ADTQ1-I)
   (Q1-E ADTQ1-E) (Q1-G ADTQ1-G) (Q1-D ADTQ1-D) (Q1-F ADTQ1-F))))
USER(9): USER(9): > Reload situation from existing file.  < ADT-Situation/Sit-quilici-i1-dist1-1783960706-50 > 
> Opened situation file.  < #<CHARACTER-INPUT-FILE-STREAM
                              #p"/fsys4/u/sgwoods/qcsp/ADT-Situation/Sit-quilici-i1-dist1-1783960706-50" pos 0> > 
> Closing situation file.  < #<CHARACTER-INPUT-FILE-STREAM
                               #p"/fsys4/u/sgwoods/qcsp/ADT-Situation/Sit-quilici-i1-dist1-1783960706-50" pos 4013> > 
> Reload situation from existing file.  < ADT-Situation/Sit-quilici-i1-dist1-1783960706-50 > 
> Opened situation file.  < #<CHARACTER-INPUT-FILE-STREAM
                              #p"/fsys4/u/sgwoods/qcsp/ADT-Situation/Sit-quilici-i1-dist1-1783960706-50" pos 0> > 
> Closing situation file.  < #<CHARACTER-INPUT-FILE-STREAM
                               #p"/fsys4/u/sgwoods/qcsp/ADT-Situation/Sit-quilici-i1-dist1-1783960706-50" pos 4013> > 
> >> WARNING: CLOSE-TO constraint may sacrifice completeness<< 
 
> Reload situation from existing file.  < ADT-Situation/Sit-quilici-i1-dist1-1783960706-50 > 
> Opened situation file.  < #<CHARACTER-INPUT-FILE-STREAM
                              #p"/fsys4/u/sgwoods/qcsp/ADT-Situation/Sit-quilici-i1-dist1-1783960706-50" pos 0> > 
> Closing situation file.  < #<CHARACTER-INPUT-FILE-STREAM
                               #p"/fsys4/u/sgwoods/qcsp/ADT-Situation/Sit-quilici-i1-dist1-1783960706-50" pos 4013> > 
> >> WARNING: CLOSE-TO constraint may sacrifice completeness<< 
 
> Reload situation from existing file.  < ADT-Situation/Sit-quilici-i1-dist1-1783960706-50 > 
> Opened situation file.  < #<CHARACTER-INPUT-FILE-STREAM
                              #p"/fsys4/u/sgwoods/qcsp/ADT-Situation/Sit-quilici-i1-dist1-1783960706-50" pos 0> > 
> Closing situation file.  < #<CHARACTER-INPUT-FILE-STREAM
                               #p"/fsys4/u/sgwoods/qcsp/ADT-Situation/Sit-quilici-i1-dist1-1783960706-50" pos 4013> > 
> >> WARNING: CLOSE-TO constraint may sacrifice completeness<< 
 
> Reload situation from existing file.  < ADT-Situation/Sit-quilici-i1-dist1-1783960706-50 > 
> Opened situation file.  < #<CHARACTER-INPUT-FILE-STREAM
                              #p"/fsys4/u/sgwoods/qcsp/ADT-Situation/Sit-quilici-i1-dist1-1783960706-50" pos 0> > 
> Closing situation file.  < #<CHARACTER-INPUT-FILE-STREAM
                               #p"/fsys4/u/sgwoods/qcsp/ADT-Situation/Sit-quilici-i1-dist1-1783960706-50" pos 4013> > 
> >> WARNING: CLOSE-TO constraint may sacrifice completeness<< 
 
> Reload situation from existing file.  < ADT-Situation/Sit-quilici-i1-dist1-1783960706-50 > 
> Opened situation file.  < #<CHARACTER-INPUT-FILE-STREAM
                              #p"/fsys4/u/sgwoods/qcsp/ADT-Situation/Sit-quilici-i1-dist1-1783960706-50" pos 0> > 
> Closing situation file.  < #<CHARACTER-INPUT-FILE-STREAM
                               #p"/fsys4/u/sgwoods/qcsp/ADT-Situation/Sit-quilici-i1-dist1-1783960706-50" pos 4013> > 
> >> WARNING: CLOSE-TO constraint may sacrifice completeness<< 
 
> Reload situation from existing file.  < ADT-Situation/Sit-quilici-i1-dist1-1783960706-50 > 
> Opened situation file.  < #<CHARACTER-INPUT-FILE-STREAM
                              #p"/fsys4/u/sgwoods/qcsp/ADT-Situation/Sit-quilici-i1-dist1-1783960706-50" pos 0> > 
> Closing situation file.  < #<CHARACTER-INPUT-FILE-STREAM
                               #p"/fsys4/u/sgwoods/qcsp/ADT-Situation/Sit-quilici-i1-dist1-1783960706-50" pos 4013> > 
> >> WARNING: CLOSE-TO constraint may sacrifice completeness<< 
 
> Reload situation from existing file.  < ADT-Situation/Sit-quilici-i1-dist1-1783960706-50 > 
> Opened situation file.  < #<CHARACTER-INPUT-FILE-STREAM
                              #p"/fsys4/u/sgwoods/qcsp/ADT-Situation/Sit-quilici-i1-dist1-1783960706-50" pos 0> > 
> Closing situation file.  < #<CHARACTER-INPUT-FILE-STREAM
                               #p"/fsys4/u/sgwoods/qcsp/ADT-Situation/Sit-quilici-i1-dist1-1783960706-50" pos 4013> > 
> >> WARNING: CLOSE-TO constraint may sacrifice completeness<< 
 
> Reload situation from existing file.  < ADT-Situation/Sit-quilici-i1-dist1-1783960706-50 > 
> Opened situation file.  < #<CHARACTER-INPUT-FILE-STREAM
                              #p"/fsys4/u/sgwoods/qcsp/ADT-Situation/Sit-quilici-i1-dist1-1783960706-50" pos 0> > 
> Closing situation file.  < #<CHARACTER-INPUT-FILE-STREAM
                               #p"/fsys4/u/sgwoods/qcsp/ADT-Situation/Sit-quilici-i1-dist1-1783960706-50" pos 4013> > 
> >> WARNING: CLOSE-TO constraint may sacrifice completeness<< 
 
> Memory-Key opened file/stream  < Q-Batch/ij3/ij3-050.2 > 
 File/stream closed (at Memory-Key). 

; cpu time (non-gc) 1,500 msec user, 130 msec system
; cpu time (gc)     90 msec user, 0 msec system
; cpu time (total)  1,590 msec user, 130 msec system
; real time  2,140 msec
; space allocation:
 39,252 cons cells,;  92 symbols, 281,904 other bytes
((((Q1-C ADTQ1-C) (Q1-H ADTQ1-H) (Q1-B ADTQ1-B) (Q1-F ADTQ1-F) (Q1-A ADTQ1-A)
   (Q1-E ADTQ1-E) (Q1-G ADTQ1-G) (Q1-D ADTQ1-D) (Q1-I ADTQ1-I))))
USER(10): USER(10): > Reload situation from existing file.  < ADT-Situation/Sit-quilici-i1-dist1-6148712495-50 > 
> Opened situation file.  < #<CHARACTER-INPUT-FILE-STREAM
                              #p"/fsys4/u/sgwoods/qcsp/ADT-Situation/Sit-quilici-i1-dist1-6148712495-50" pos 0> > 
> Closing situation file.  < #<CHARACTER-INPUT-FILE-STREAM
                               #p"/fsys4/u/sgwoods/qcsp/ADT-Situation/Sit-quilici-i1-dist1-6148712495-50" pos 3723> > 
> Reload situation from existing file.  < ADT-Situation/Sit-quilici-i1-dist1-6148712495-50 > 
> Opened situation file.  < #<CHARACTER-INPUT-FILE-STREAM
                              #p"/fsys4/u/sgwoods/qcsp/ADT-Situation/Sit-quilici-i1-dist1-6148712495-50" pos 0> > 
> Closing situation file.  < #<CHARACTER-INPUT-FILE-STREAM
                               #p"/fsys4/u/sgwoods/qcsp/ADT-Situation/Sit-quilici-i1-dist1-6148712495-50" pos 3723> > 
> >> WARNING: CLOSE-TO constraint may sacrifice completeness<< 
 
> Memory-Key opened file/stream  < Q-Batch/ij3/ij3-050.3 > 
 File/stream closed (at Memory-Key). 

; cpu time (non-gc) 390 msec user, 40 msec system
; cpu time (gc)     0 msec user, 0 msec system
; cpu time (total)  390 msec user, 40 msec system
; real time  477 msec
; space allocation:
 9,580 cons cells,;  78 symbols, 90,592 other bytes
((((Q1-C ADTQ1-C) (Q1-A ADTQ1-A) (Q1-H ADTQ1-H) (Q1-E ADTQ1-E) (Q1-F ADTQ1-F)
   (Q1-B ADTQ1-B) (Q1-G ADTQ1-G) (Q1-D ADTQ1-D) (Q1-I ADTQ1-I))))
USER(11): USER(11): > Reload situation from existing file.  < ADT-Situation/Sit-quilici-i1-dist1-8261581571-50 > 
> Opened situation file.  < #<CHARACTER-INPUT-FILE-STREAM
                              #p"/fsys4/u/sgwoods/qcsp/ADT-Situation/Sit-quilici-i1-dist1-8261581571-50" pos 0> > 
> Closing situation file.  < #<CHARACTER-INPUT-FILE-STREAM
                               #p"/fsys4/u/sgwoods/qcsp/ADT-Situation/Sit-quilici-i1-dist1-8261581571-50" pos 3947> > 
> Reload situation from existing file.  < ADT-Situation/Sit-quilici-i1-dist1-8261581571-50 > 
> Opened situation file.  < #<CHARACTER-INPUT-FILE-STREAM
                              #p"/fsys4/u/sgwoods/qcsp/ADT-Situation/Sit-quilici-i1-dist1-8261581571-50" pos 0> > 
> Closing situation file.  < #<CHARACTER-INPUT-FILE-STREAM
                               #p"/fsys4/u/sgwoods/qcsp/ADT-Situation/Sit-quilici-i1-dist1-8261581571-50" pos 3947> > 
> >> WARNING: CLOSE-TO constraint may sacrifice completeness<< 
 
> Memory-Key opened file/stream  < Q-Batch/ij3/ij3-050.4 > 
 File/stream closed (at Memory-Key). 

; cpu time (non-gc) 440 msec user, 50 msec system
; cpu time (gc)     110 msec user, 0 msec system
; cpu time (total)  550 msec user, 50 msec system
; real time  629 msec
; space allocation:
 13,693 cons cells,;  90 symbols, 87,208 other bytes
((((Q1-C ADTQ1-C) (Q1-B ADTQ1-B) (Q1-I ADTQ1-I) (Q1-H ADTQ1-H) (Q1-A ADTQ1-A)
   (Q1-E ADTQ1-E) (Q1-G ADTQ1-G) (Q1-D ADTQ1-D) (Q1-F ADTQ1-F))))
USER(12): USER(12): > Reload situation from existing file.  < ADT-Situation/Sit-quilici-i1-dist1-4705297406-50 > 
> Opened situation file.  < #<CHARACTER-INPUT-FILE-STREAM
                              #p"/fsys4/u/sgwoods/qcsp/ADT-Situation/Sit-quilici-i1-dist1-4705297406-50" pos 0> > 
> Closing situation file.  < #<CHARACTER-INPUT-FILE-STREAM
                               #p"/fsys4/u/sgwoods/qcsp/ADT-Situation/Sit-quilici-i1-dist1-4705297406-50" pos 3978> > 
> Reload situation from existing file.  < ADT-Situation/Sit-quilici-i1-dist1-4705297406-50 > 
> Opened situation file.  < #<CHARACTER-INPUT-FILE-STREAM
                              #p"/fsys4/u/sgwoods/qcsp/ADT-Situation/Sit-quilici-i1-dist1-4705297406-50" pos 0> > 
> Closing situation file.  < #<CHARACTER-INPUT-FILE-STREAM
                               #p"/fsys4/u/sgwoods/qcsp/ADT-Situation/Sit-quilici-i1-dist1-4705297406-50" pos 3978> > 
> >> WARNING: CLOSE-TO constraint may sacrifice completeness<< 
 
> Reload situation from existing file.  < ADT-Situation/Sit-quilici-i1-dist1-4705297406-50 > 
> Opened situation file.  < #<CHARACTER-INPUT-FILE-STREAM
                              #p"/fsys4/u/sgwoods/qcsp/ADT-Situation/Sit-quilici-i1-dist1-4705297406-50" pos 0> > 
> Closing situation file.  < #<CHARACTER-INPUT-FILE-STREAM
                               #p"/fsys4/u/sgwoods/qcsp/ADT-Situation/Sit-quilici-i1-dist1-4705297406-50" pos 3978> > 
> >> WARNING: CLOSE-TO constraint may sacrifice completeness<< 
 
> Reload situation from existing file.  < ADT-Situation/Sit-quilici-i1-dist1-4705297406-50 > 
> Opened situation file.  < #<CHARACTER-INPUT-FILE-STREAM
                              #p"/fsys4/u/sgwoods/qcsp/ADT-Situation/Sit-quilici-i1-dist1-4705297406-50" pos 0> > 
> Closing situation file.  < #<CHARACTER-INPUT-FILE-STREAM
                               #p"/fsys4/u/sgwoods/qcsp/ADT-Situation/Sit-quilici-i1-dist1-4705297406-50" pos 3978> > 
> >> WARNING: CLOSE-TO constraint may sacrifice completeness<< 
 
> Memory-Key opened file/stream  < Q-Batch/ij3/ij3-050.5 > 
 File/stream closed (at Memory-Key). 

; cpu time (non-gc) 770 msec user, 30 msec system
; cpu time (gc)     0 msec user, 0 msec system
; cpu time (total)  770 msec user, 30 msec system
; real time  870 msec
; space allocation:
 19,126 cons cells,;  96 symbols, 155,752 other bytes
((((Q1-C ADTQ1-C) (Q1-H ADTQ1-H) (Q1-B ADTQ1-B) (Q1-F ADTQ1-F) (Q1-A ADTQ1-A)
   (Q1-E ADTQ1-E) (Q1-G ADTQ1-G) (Q1-D ADTQ1-D) (Q1-I ADTQ1-I))))
USER(13): USER(13): > Reload situation from existing file.  < ADT-Situation/Sit-quilici-i1-dist1-6724813580-50 > 
> Opened situation file.  < #<CHARACTER-INPUT-FILE-STREAM
                              #p"/fsys4/u/sgwoods/qcsp/ADT-Situation/Sit-quilici-i1-dist1-6724813580-50" pos 0> > 
> Closing situation file.  < #<CHARACTER-INPUT-FILE-STREAM
                               #p"/fsys4/u/sgwoods/qcsp/ADT-Situation/Sit-quilici-i1-dist1-6724813580-50" pos 4128> > 
> Reload situation from existing file.  < ADT-Situation/Sit-quilici-i1-dist1-6724813580-50 > 
> Opened situation file.  < #<CHARACTER-INPUT-FILE-STREAM
                              #p"/fsys4/u/sgwoods/qcsp/ADT-Situation/Sit-quilici-i1-dist1-6724813580-50" pos 0> > 
> Closing situation file.  < #<CHARACTER-INPUT-FILE-STREAM
                               #p"/fsys4/u/sgwoods/qcsp/ADT-Situation/Sit-quilici-i1-dist1-6724813580-50" pos 4128> > 
> >> WARNING: CLOSE-TO constraint may sacrifice completeness<< 
 
> Reload situation from existing file.  < ADT-Situation/Sit-quilici-i1-dist1-6724813580-50 > 
> Opened situation file.  < #<CHARACTER-INPUT-FILE-STREAM
                              #p"/fsys4/u/sgwoods/qcsp/ADT-Situation/Sit-quilici-i1-dist1-6724813580-50" pos 0> > 
> Closing situation file.  < #<CHARACTER-INPUT-FILE-STREAM
                               #p"/fsys4/u/sgwoods/qcsp/ADT-Situation/Sit-quilici-i1-dist1-6724813580-50" pos 4128> > 
> >> WARNING: CLOSE-TO constraint may sacrifice completeness<< 
 
> Reload situation from existing file.  < ADT-Situation/Sit-quilici-i1-dist1-6724813580-50 > 
> Opened situation file.  < #<CHARACTER-INPUT-FILE-STREAM
                              #p"/fsys4/u/sgwoods/qcsp/ADT-Situation/Sit-quilici-i1-dist1-6724813580-50" pos 0> > 
> Closing situation file.  < #<CHARACTER-INPUT-FILE-STREAM
                               #p"/fsys4/u/sgwoods/qcsp/ADT-Situation/Sit-quilici-i1-dist1-6724813580-50" pos 4128> > 
> >> WARNING: CLOSE-TO constraint may sacrifice completeness<< 
 
> Reload situation from existing file.  < ADT-Situation/Sit-quilici-i1-dist1-6724813580-50 > 
> Opened situation file.  < #<CHARACTER-INPUT-FILE-STREAM
                              #p"/fsys4/u/sgwoods/qcsp/ADT-Situation/Sit-quilici-i1-dist1-6724813580-50" pos 0> > 
> Closing situation file.  < #<CHARACTER-INPUT-FILE-STREAM
                               #p"/fsys4/u/sgwoods/qcsp/ADT-Situation/Sit-quilici-i1-dist1-6724813580-50" pos 4128> > 
> >> WARNING: CLOSE-TO constraint may sacrifice completeness<< 
 
> Reload situation from existing file.  < ADT-Situation/Sit-quilici-i1-dist1-6724813580-50 > 
> Opened situation file.  < #<CHARACTER-INPUT-FILE-STREAM
                              #p"/fsys4/u/sgwoods/qcsp/ADT-Situation/Sit-quilici-i1-dist1-6724813580-50" pos 0> > 
> Closing situation file.  < #<CHARACTER-INPUT-FILE-STREAM
                               #p"/fsys4/u/sgwoods/qcsp/ADT-Situation/Sit-quilici-i1-dist1-6724813580-50" pos 4128> > 
> >> WARNING: CLOSE-TO constraint may sacrifice completeness<< 
 
> Reload situation from existing file.  < ADT-Situation/Sit-quilici-i1-dist1-6724813580-50 > 
> Opened situation file.  < #<CHARACTER-INPUT-FILE-STREAM
                              #p"/fsys4/u/sgwoods/qcsp/ADT-Situation/Sit-quilici-i1-dist1-6724813580-50" pos 0> > 
> Closing situation file.  < #<CHARACTER-INPUT-FILE-STREAM
                               #p"/fsys4/u/sgwoods/qcsp/ADT-Situation/Sit-quilici-i1-dist1-6724813580-50" pos 4128> > 
> >> WARNING: CLOSE-TO constraint may sacrifice completeness<< 
 
> Reload situation from existing file.  < ADT-Situation/Sit-quilici-i1-dist1-6724813580-50 > 
> Opened situation file.  < #<CHARACTER-INPUT-FILE-STREAM
                              #p"/fsys4/u/sgwoods/qcsp/ADT-Situation/Sit-quilici-i1-dist1-6724813580-50" pos 0> > 
> Closing situation file.  < #<CHARACTER-INPUT-FILE-STREAM
                               #p"/fsys4/u/sgwoods/qcsp/ADT-Situation/Sit-quilici-i1-dist1-6724813580-50" pos 4128> > 
> >> WARNING: CLOSE-TO constraint may sacrifice completeness<< 
 
> Reload situation from existing file.  < ADT-Situation/Sit-quilici-i1-dist1-6724813580-50 > 
> Opened situation file.  < #<CHARACTER-INPUT-FILE-STREAM
                              #p"/fsys4/u/sgwoods/qcsp/ADT-Situation/Sit-quilici-i1-dist1-6724813580-50" pos 0> > 
> Closing situation file.  < #<CHARACTER-INPUT-FILE-STREAM
                               #p"/fsys4/u/sgwoods/qcsp/ADT-Situation/Sit-quilici-i1-dist1-6724813580-50" pos 4128> > 
> >> WARNING: CLOSE-TO constraint may sacrifice completeness<< 
 
> Memory-Key opened file/stream  < Q-Batch/ij3/ij3-050.6 > 
 File/stream closed (at Memory-Key). 

; cpu time (non-gc) 1,560 msec user, 80 msec system
; cpu time (gc)     120 msec user, 0 msec system
; cpu time (total)  1,680 msec user, 80 msec system
; real time  1,890 msec
; space allocation:
 39,242 cons cells,;  92 symbols, 277,928 other bytes
((((Q1-C ADTQ1-C) (Q1-H ADTQ1-H) (Q1-B ADTQ1-B) (Q1-F ADTQ1-F) (Q1-A ADTQ1-A)
   (Q1-E ADTQ1-E) (Q1-G ADTQ1-G) (Q1-D ADTQ1-D) (Q1-I ADTQ1-I))))
USER(14): USER(14): > Reload situation from existing file.  < ADT-Situation/Sit-quilici-i1-dist1-8798969000-50 > 
> Opened situation file.  < #<CHARACTER-INPUT-FILE-STREAM
                              #p"/fsys4/u/sgwoods/qcsp/ADT-Situation/Sit-quilici-i1-dist1-8798969000-50" pos 0> > 
> Closing situation file.  < #<CHARACTER-INPUT-FILE-STREAM
                               #p"/fsys4/u/sgwoods/qcsp/ADT-Situation/Sit-quilici-i1-dist1-8798969000-50" pos 3827> > 
> Reload situation from existing file.  < ADT-Situation/Sit-quilici-i1-dist1-8798969000-50 > 
> Opened situation file.  < #<CHARACTER-INPUT-FILE-STREAM
                              #p"/fsys4/u/sgwoods/qcsp/ADT-Situation/Sit-quilici-i1-dist1-8798969000-50" pos 0> > 
> Closing situation file.  < #<CHARACTER-INPUT-FILE-STREAM
                               #p"/fsys4/u/sgwoods/qcsp/ADT-Situation/Sit-quilici-i1-dist1-8798969000-50" pos 3827> > 
> >> WARNING: CLOSE-TO constraint may sacrifice completeness<< 
 
> Reload situation from existing file.  < ADT-Situation/Sit-quilici-i1-dist1-8798969000-50 > 
> Opened situation file.  < #<CHARACTER-INPUT-FILE-STREAM
                              #p"/fsys4/u/sgwoods/qcsp/ADT-Situation/Sit-quilici-i1-dist1-8798969000-50" pos 0> > 
> Closing situation file.  < #<CHARACTER-INPUT-FILE-STREAM
                               #p"/fsys4/u/sgwoods/qcsp/ADT-Situation/Sit-quilici-i1-dist1-8798969000-50" pos 3827> > 
> >> WARNING: CLOSE-TO constraint may sacrifice completeness<< 
 
> Reload situation from existing file.  < ADT-Situation/Sit-quilici-i1-dist1-8798969000-50 > 
> Opened situation file.  < #<CHARACTER-INPUT-FILE-STREAM
                              #p"/fsys4/u/sgwoods/qcsp/ADT-Situation/Sit-quilici-i1-dist1-8798969000-50" pos 0> > 
> Closing situation file.  < #<CHARACTER-INPUT-FILE-STREAM
                               #p"/fsys4/u/sgwoods/qcsp/ADT-Situation/Sit-quilici-i1-dist1-8798969000-50" pos 3827> > 
> >> WARNING: CLOSE-TO constraint may sacrifice completeness<< 
 
> Reload situation from existing file.  < ADT-Situation/Sit-quilici-i1-dist1-8798969000-50 > 
> Opened situation file.  < #<CHARACTER-INPUT-FILE-STREAM
                              #p"/fsys4/u/sgwoods/qcsp/ADT-Situation/Sit-quilici-i1-dist1-8798969000-50" pos 0> > 
> Closing situation file.  < #<CHARACTER-INPUT-FILE-STREAM
                               #p"/fsys4/u/sgwoods/qcsp/ADT-Situation/Sit-quilici-i1-dist1-8798969000-50" pos 3827> > 
> >> WARNING: CLOSE-TO constraint may sacrifice completeness<< 
 
> Reload situation from existing file.  < ADT-Situation/Sit-quilici-i1-dist1-8798969000-50 > 
> Opened situation file.  < #<CHARACTER-INPUT-FILE-STREAM
                              #p"/fsys4/u/sgwoods/qcsp/ADT-Situation/Sit-quilici-i1-dist1-8798969000-50" pos 0> > 
> Closing situation file.  < #<CHARACTER-INPUT-FILE-STREAM
                               #p"/fsys4/u/sgwoods/qcsp/ADT-Situation/Sit-quilici-i1-dist1-8798969000-50" pos 3827> > 
> >> WARNING: CLOSE-TO constraint may sacrifice completeness<< 
 
> Reload situation from existing file.  < ADT-Situation/Sit-quilici-i1-dist1-8798969000-50 > 
> Opened situation file.  < #<CHARACTER-INPUT-FILE-STREAM
                              #p"/fsys4/u/sgwoods/qcsp/ADT-Situation/Sit-quilici-i1-dist1-8798969000-50" pos 0> > 
> Closing situation file.  < #<CHARACTER-INPUT-FILE-STREAM
                               #p"/fsys4/u/sgwoods/qcsp/ADT-Situation/Sit-quilici-i1-dist1-8798969000-50" pos 3827> > 
> >> WARNING: CLOSE-TO constraint may sacrifice completeness<< 
 
> Reload situation from existing file.  < ADT-Situation/Sit-quilici-i1-dist1-8798969000-50 > 
> Opened situation file.  < #<CHARACTER-INPUT-FILE-STREAM
                              #p"/fsys4/u/sgwoods/qcsp/ADT-Situation/Sit-quilici-i1-dist1-8798969000-50" pos 0> > 
> Closing situation file.  < #<CHARACTER-INPUT-FILE-STREAM
                               #p"/fsys4/u/sgwoods/qcsp/ADT-Situation/Sit-quilici-i1-dist1-8798969000-50" pos 3827> > 
> >> WARNING: CLOSE-TO constraint may sacrifice completeness<< 
 
> Reload situation from existing file.  < ADT-Situation/Sit-quilici-i1-dist1-8798969000-50 > 
> Opened situation file.  < #<CHARACTER-INPUT-FILE-STREAM
                              #p"/fsys4/u/sgwoods/qcsp/ADT-Situation/Sit-quilici-i1-dist1-8798969000-50" pos 0> > 
> Closing situation file.  < #<CHARACTER-INPUT-FILE-STREAM
                               #p"/fsys4/u/sgwoods/qcsp/ADT-Situation/Sit-quilici-i1-dist1-8798969000-50" pos 3827> > 
> >> WARNING: CLOSE-TO constraint may sacrifice completeness<< 
 
> Memory-Key opened file/stream  < Q-Batch/ij3/ij3-050.7 > 
 File/stream closed (at Memory-Key). 

; cpu time (non-gc) 1,410 msec user, 120 msec system
; cpu time (gc)     140 msec user, 10 msec system
; cpu time (total)  1,550 msec user, 130 msec system
; real time  1,908 msec
; space allocation:
 38,928 cons cells,;  90 symbols, 307,952 other bytes
((((Q1-C ADTQ1-C) (Q1-A ADTQ1-A) (Q1-H ADTQ1-H) (Q1-F ADTQ1-F) (Q1-B ADTQ1-B)
   (Q1-E ADTQ1-E) (Q1-G ADTQ1-G) (Q1-D ADTQ1-D) (Q1-I ADTQ1-I))))
USER(15): USER(15): > Reload situation from existing file.  < ADT-Situation/Sit-quilici-i1-dist1-0805098560-50 > 
> Opened situation file.  < #<CHARACTER-INPUT-FILE-STREAM
                              #p"/fsys4/u/sgwoods/qcsp/ADT-Situation/Sit-quilici-i1-dist1-0805098560-50" pos 0> > 
> Closing situation file.  < #<CHARACTER-INPUT-FILE-STREAM
                               #p"/fsys4/u/sgwoods/qcsp/ADT-Situation/Sit-quilici-i1-dist1-0805098560-50" pos 4053> > 
> Reload situation from existing file.  < ADT-Situation/Sit-quilici-i1-dist1-0805098560-50 > 
> Opened situation file.  < #<CHARACTER-INPUT-FILE-STREAM
                              #p"/fsys4/u/sgwoods/qcsp/ADT-Situation/Sit-quilici-i1-dist1-0805098560-50" pos 0> > 
> Closing situation file.  < #<CHARACTER-INPUT-FILE-STREAM
                               #p"/fsys4/u/sgwoods/qcsp/ADT-Situation/Sit-quilici-i1-dist1-0805098560-50" pos 4053> > 
> >> WARNING: CLOSE-TO constraint may sacrifice completeness<< 
 
> Memory-Key opened file/stream  < Q-Batch/ij3/ij3-050.8 > 
 File/stream closed (at Memory-Key). 

; cpu time (non-gc) 400 msec user, 20 msec system
; cpu time (gc)     0 msec user, 0 msec system
; cpu time (total)  400 msec user, 20 msec system
; real time  455 msec
; space allocation:
 10,727 cons cells,;  98 symbols, 80,696 other bytes
((((Q1-C ADTQ1-C) (Q1-B ADTQ1-B) (Q1-H ADTQ1-H) (Q1-I ADTQ1-I) (Q1-A ADTQ1-A)
   (Q1-E ADTQ1-E) (Q1-G ADTQ1-G) (Q1-D ADTQ1-D) (Q1-F ADTQ1-F))))
USER(16): USER(16): > Reload situation from existing file.  < ADT-Situation/Sit-quilici-i1-dist1-4767135635-50 > 
> Opened situation file.  < #<CHARACTER-INPUT-FILE-STREAM
                              #p"/fsys4/u/sgwoods/qcsp/ADT-Situation/Sit-quilici-i1-dist1-4767135635-50" pos 0> > 
> Closing situation file.  < #<CHARACTER-INPUT-FILE-STREAM
                               #p"/fsys4/u/sgwoods/qcsp/ADT-Situation/Sit-quilici-i1-dist1-4767135635-50" pos 4336> > 
> Reload situation from existing file.  < ADT-Situation/Sit-quilici-i1-dist1-4767135635-50 > 
> Opened situation file.  < #<CHARACTER-INPUT-FILE-STREAM
                              #p"/fsys4/u/sgwoods/qcsp/ADT-Situation/Sit-quilici-i1-dist1-4767135635-50" pos 0> > 
> Closing situation file.  < #<CHARACTER-INPUT-FILE-STREAM
                               #p"/fsys4/u/sgwoods/qcsp/ADT-Situation/Sit-quilici-i1-dist1-4767135635-50" pos 4336> > 
> >> WARNING: CLOSE-TO constraint may sacrifice completeness<< 
 
> Reload situation from existing file.  < ADT-Situation/Sit-quilici-i1-dist1-4767135635-50 > 
> Opened situation file.  < #<CHARACTER-INPUT-FILE-STREAM
                              #p"/fsys4/u/sgwoods/qcsp/ADT-Situation/Sit-quilici-i1-dist1-4767135635-50" pos 0> > 
> Closing situation file.  < #<CHARACTER-INPUT-FILE-STREAM
                               #p"/fsys4/u/sgwoods/qcsp/ADT-Situation/Sit-quilici-i1-dist1-4767135635-50" pos 4336> > 
> >> WARNING: CLOSE-TO constraint may sacrifice completeness<< 
 
> Memory-Key opened file/stream  < Q-Batch/ij3/ij3-050.9 > 
 File/stream closed (at Memory-Key). 

; cpu time (non-gc) 640 msec user, 40 msec system
; cpu time (gc)     70 msec user, 0 msec system
; cpu time (total)  710 msec user, 40 msec system
; real time  788 msec
; space allocation:
 18,082 cons cells,;  107 symbols, 117,032 other bytes
((((Q1-C ADTQ1-C) (Q1-B ADTQ1-B) (Q1-I ADTQ1-I) (Q1-H ADTQ1-H) (Q1-A ADTQ1-A)
   (Q1-E ADTQ1-E) (Q1-G ADTQ1-G) (Q1-D ADTQ1-D) (Q1-F ADTQ1-F))))
USER(17): USER(17): > Reload situation from existing file.  < ADT-Situation/Sit-quilici-i1-dist1-7685437293-50 > 
> Opened situation file.  < #<CHARACTER-INPUT-FILE-STREAM
                              #p"/fsys4/u/sgwoods/qcsp/ADT-Situation/Sit-quilici-i1-dist1-7685437293-50" pos 0> > 
> Closing situation file.  < #<CHARACTER-INPUT-FILE-STREAM
                               #p"/fsys4/u/sgwoods/qcsp/ADT-Situation/Sit-quilici-i1-dist1-7685437293-50" pos 4047> > 
> Reload situation from existing file.  < ADT-Situation/Sit-quilici-i1-dist1-7685437293-50 > 
> Opened situation file.  < #<CHARACTER-INPUT-FILE-STREAM
                              #p"/fsys4/u/sgwoods/qcsp/ADT-Situation/Sit-quilici-i1-dist1-7685437293-50" pos 0> > 
> Closing situation file.  < #<CHARACTER-INPUT-FILE-STREAM
                               #p"/fsys4/u/sgwoods/qcsp/ADT-Situation/Sit-quilici-i1-dist1-7685437293-50" pos 4047> > 
> >> WARNING: CLOSE-TO constraint may sacrifice completeness<< 
 
> Reload situation from existing file.  < ADT-Situation/Sit-quilici-i1-dist1-7685437293-50 > 
> Opened situation file.  < #<CHARACTER-INPUT-FILE-STREAM
                              #p"/fsys4/u/sgwoods/qcsp/ADT-Situation/Sit-quilici-i1-dist1-7685437293-50" pos 0> > 
> Closing situation file.  < #<CHARACTER-INPUT-FILE-STREAM
                               #p"/fsys4/u/sgwoods/qcsp/ADT-Situation/Sit-quilici-i1-dist1-7685437293-50" pos 4047> > 
> >> WARNING: CLOSE-TO constraint may sacrifice completeness<< 
 
> Reload situation from existing file.  < ADT-Situation/Sit-quilici-i1-dist1-7685437293-50 > 
> Opened situation file.  < #<CHARACTER-INPUT-FILE-STREAM
                              #p"/fsys4/u/sgwoods/qcsp/ADT-Situation/Sit-quilici-i1-dist1-7685437293-50" pos 0> > 
> Closing situation file.  < #<CHARACTER-INPUT-FILE-STREAM
                               #p"/fsys4/u/sgwoods/qcsp/ADT-Situation/Sit-quilici-i1-dist1-7685437293-50" pos 4047> > 
> >> WARNING: CLOSE-TO constraint may sacrifice completeness<< 
 
> Reload situation from existing file.  < ADT-Situation/Sit-quilici-i1-dist1-7685437293-50 > 
> Opened situation file.  < #<CHARACTER-INPUT-FILE-STREAM
                              #p"/fsys4/u/sgwoods/qcsp/ADT-Situation/Sit-quilici-i1-dist1-7685437293-50" pos 0> > 
> Closing situation file.  < #<CHARACTER-INPUT-FILE-STREAM
                               #p"/fsys4/u/sgwoods/qcsp/ADT-Situation/Sit-quilici-i1-dist1-7685437293-50" pos 4047> > 
> >> WARNING: CLOSE-TO constraint may sacrifice completeness<< 
 
> Reload situation from existing file.  < ADT-Situation/Sit-quilici-i1-dist1-7685437293-50 > 
> Opened situation file.  < #<CHARACTER-INPUT-FILE-STREAM
                              #p"/fsys4/u/sgwoods/qcsp/ADT-Situation/Sit-quilici-i1-dist1-7685437293-50" pos 0> > 
> Closing situation file.  < #<CHARACTER-INPUT-FILE-STREAM
                               #p"/fsys4/u/sgwoods/qcsp/ADT-Situation/Sit-quilici-i1-dist1-7685437293-50" pos 4047> > 
> >> WARNING: CLOSE-TO constraint may sacrifice completeness<< 
 
> Reload situation from existing file.  < ADT-Situation/Sit-quilici-i1-dist1-7685437293-50 > 
> Opened situation file.  < #<CHARACTER-INPUT-FILE-STREAM
                              #p"/fsys4/u/sgwoods/qcsp/ADT-Situation/Sit-quilici-i1-dist1-7685437293-50" pos 0> > 
> Closing situation file.  < #<CHARACTER-INPUT-FILE-STREAM
                               #p"/fsys4/u/sgwoods/qcsp/ADT-Situation/Sit-quilici-i1-dist1-7685437293-50" pos 4047> > 
> >> WARNING: CLOSE-TO constraint may sacrifice completeness<< 
 
> Memory-Key opened file/stream  < Q-Batch/ij3/ij3-050.99 > 
 File/stream closed (at Memory-Key). 

; cpu time (non-gc) 1,380 msec user, 60 msec system
; cpu time (gc)     0 msec user, 0 msec system
; cpu time (total)  1,380 msec user, 60 msec system
; real time  1,540 msec
; space allocation:
 39,250 cons cells,;  99 symbols, 232,928 other bytes
((((Q1-C ADTQ1-C) (Q1-B ADTQ1-B) (Q1-I ADTQ1-I) (Q1-H ADTQ1-H) (Q1-A ADTQ1-A)
   (Q1-E ADTQ1-E) (Q1-G ADTQ1-G) (Q1-D ADTQ1-D) (Q1-F ADTQ1-F))))
USER(18): USER(18): ; Exiting Lisp
