Allegro CL 4.2 [SPARC; R1] (2/1/95 11:34)
Copyright (C) 1985-1993, Franz Inc., Berkeley, CA, USA.  All Rights Reserved.
;   Loading /fsys4/u/sgwoods/qcsp/load.lisp.
;     Fast loading /fsys4/u/sgwoods/qcsp/bm.fasl.
;     Fast loading /fsys4/u/sgwoods/qcsp/bt.fasl.
;     Fast loading /fsys4/u/sgwoods/qcsp/ct.fasl.
;     Fast loading /fsys4/u/sgwoods/qcsp/utility.fasl.
;     Loading /fsys4/u/sgwoods/qcsp/compile.lisp.
;     Fast loading /fsys4/u/sgwoods/qcsp/quilici-search.fasl.
;     Fast loading /fsys4/u/sgwoods/qcsp/adt-simple.fasl.
;     Fast loading /fsys4/u/sgwoods/qcsp/adt-setup.fasl.
;     Fast loading /fsys4/u/sgwoods/qcsp/memory-csp.fasl.
;; Optimization settings: safety 1, space 1, speed 1, debug 2
;; For a complete description of all compiler switches given the current
;; optimization settings evaluate (EXPLAIN-COMPILER-SETTINGS).
USER(1): USER(1): USER(1): Journal Testing (FCDR adv sort)
"Journal Testing (FCDR adv sort)"
USER(2): 
NIL
USER(3): 
NIL
USER(4): ; Loading /fsys4/u/sgwoods/qcsp/load.lisp.
;   Fast loading /fsys4/u/sgwoods/qcsp/bm.fasl.
;   Fast loading /fsys4/u/sgwoods/qcsp/bt.fasl.
;   Fast loading /fsys4/u/sgwoods/qcsp/ct.fasl.
;   Fast loading /fsys4/u/sgwoods/qcsp/utility.fasl.
;   Loading /fsys4/u/sgwoods/qcsp/compile.lisp.
;   Fast loading /fsys4/u/sgwoods/qcsp/quilici-search.fasl.
;   Fast loading /fsys4/u/sgwoods/qcsp/adt-simple.fasl.
;   Fast loading /fsys4/u/sgwoods/qcsp/adt-setup.fasl.
;   Fast loading /fsys4/u/sgwoods/qcsp/memory-csp.fasl.
T
USER(5): USER(5): **** Noise 700 ****
"**** Noise 700 ****"
USER(6): 
NIL
USER(7): 
NIL
USER(8): > Reload situation from existing file.  < ADT-Situation/Sit-quilici-i1-dist1-default-700 > 
> Opened situation file.  < #<CHARACTER-INPUT-FILE-STREAM #p"/fsys4/u/sgwoods/qcsp/ADT-Situation/Sit-quilici-i1-dist1-default-700" pos 0> > 
> Closing situation file.  < #<CHARACTER-INPUT-FILE-STREAM #p"/fsys4/u/sgwoods/qcsp/ADT-Situation/Sit-quilici-i1-dist1-default-700" pos 54444> > 
> Opening output file/stream for :  < Q-Batch/ij4/ij4-700.1 > 
 File Closed (at 1). 

; cpu time (non-gc) 17,130 msec user, 140 msec system
; cpu time (gc)     650 msec user, 30 msec system
; cpu time (total)  17,780 msec user, 170 msec system
; real time  26,772 msec
; space allocation:
 618,450 cons cells,;  1,306 symbols, 1,806,888 other bytes
NIL
USER(9): USER(9): > Reload situation from existing file.  < ADT-Situation/Sit-quilici-i1-dist1-1783960706-700 > 
> Opened situation file.  < #<CHARACTER-INPUT-FILE-STREAM #p"/fsys4/u/sgwoods/qcsp/ADT-Situation/Sit-quilici-i1-dist1-1783960706-700" pos 0> > 
> Closing situation file.  < #<CHARACTER-INPUT-FILE-STREAM #p"/fsys4/u/sgwoods/qcsp/ADT-Situation/Sit-quilici-i1-dist1-1783960706-700" pos 55316> > 
> Opening output file/stream for :  < Q-Batch/ij4/ij4-700.2 > 
 File Closed (at 1). 

; cpu time (non-gc) 15,370 msec user, 40 msec system
; cpu time (gc)     370 msec user, 20 msec system
; cpu time (total)  15,740 msec user, 60 msec system
; real time  22,266 msec
; space allocation:
 528,885 cons cells,;  1,267 symbols, 1,663,688 other bytes
(((Q1-A ADTQ1-A) (Q1-F ADTQ1-F) (Q1-H ADTQ1-H) (Q1-G ADTQ1-G) (Q1-C ADTQ1-C) (Q1-B ADTQ1-B) (Q1-I ADTQ1-I) (Q1-D ADTQ1-D) (Q1-E ADTQ1-E)))
USER(10): USER(10): > Reload situation from existing file.  < ADT-Situation/Sit-quilici-i1-dist1-6148712495-700 > 
> Opened situation file.  < #<CHARACTER-INPUT-FILE-STREAM #p"/fsys4/u/sgwoods/qcsp/ADT-Situation/Sit-quilici-i1-dist1-6148712495-700" pos 0> > 
> Closing situation file.  < #<CHARACTER-INPUT-FILE-STREAM #p"/fsys4/u/sgwoods/qcsp/ADT-Situation/Sit-quilici-i1-dist1-6148712495-700" pos 53155> > 
> Opening output file/stream for :  < Q-Batch/ij4/ij4-700.3 > 
 File Closed (at 1). 

; cpu time (non-gc) 11,790 msec user, 10 msec system
; cpu time (gc)     250 msec user, 0 msec system
; cpu time (total)  12,040 msec user, 10 msec system
; real time  16,339 msec
; space allocation:
 277,681 cons cells,;  1,225 symbols, 936,464 other bytes
(((Q1-A ADTQ1-A) (Q1-F ADTQ1-F) (Q1-H ADTQ1-H) (Q1-G ADTQ1-G) (Q1-C ADTQ1-C) (Q1-D ADTQ1-D) (Q1-B ADTQ1-B) (Q1-E ADTQ1-E) (Q1-I ADTQ1-I)))
USER(11): USER(11): > Reload situation from existing file.  < ADT-Situation/Sit-quilici-i1-dist1-8261581571-700 > 
> Opened situation file.  < #<CHARACTER-INPUT-FILE-STREAM #p"/fsys4/u/sgwoods/qcsp/ADT-Situation/Sit-quilici-i1-dist1-8261581571-700" pos 0> > 
> Closing situation file.  < #<CHARACTER-INPUT-FILE-STREAM #p"/fsys4/u/sgwoods/qcsp/ADT-Situation/Sit-quilici-i1-dist1-8261581571-700" pos 53403> > 
> Opening output file/stream for :  < Q-Batch/ij4/ij4-700.4 > 
 File Closed (at 1). 

; cpu time (non-gc) 12,510 msec user, 50 msec system
; cpu time (gc)     380 msec user, 20 msec system
; cpu time (total)  12,890 msec user, 70 msec system
; real time  19,546 msec
; space allocation:
 359,570 cons cells,;  1,237 symbols, 1,258,408 other bytes
(((Q1-A ADTQ1-A) (Q1-F ADTQ1-F) (Q1-H ADTQ1-H) (Q1-G ADTQ1-G) (Q1-C ADTQ1-C) (Q1-B ADTQ1-B) (Q1-I ADTQ1-I) (Q1-D ADTQ1-D) (Q1-E ADTQ1-E)))
USER(12): USER(12): > Reload situation from existing file.  < ADT-Situation/Sit-quilici-i1-dist1-4705297406-700 > 
> Opened situation file.  < #<CHARACTER-INPUT-FILE-STREAM #p"/fsys4/u/sgwoods/qcsp/ADT-Situation/Sit-quilici-i1-dist1-4705297406-700" pos 0> > 
> Closing situation file.  < #<CHARACTER-INPUT-FILE-STREAM #p"/fsys4/u/sgwoods/qcsp/ADT-Situation/Sit-quilici-i1-dist1-4705297406-700" pos 54871> > 
> Opening output file/stream for :  < Q-Batch/ij4/ij4-700.5 > 
 File Closed (at 1). 

; cpu time (non-gc) 17,850 msec user, 60 msec system
; cpu time (gc)     500 msec user, 0 msec system
; cpu time (total)  18,350 msec user, 60 msec system
; real time  29,979 msec
; space allocation:
 796,260 cons cells,;  1,279 symbols, 1,961,688 other bytes
(((Q1-A ADTQ1-A) (Q1-F ADTQ1-F) (Q1-H ADTQ1-H) (Q1-G ADTQ1-G) (Q1-C ADTQ1-C) (Q1-B ADTQ1-B) (Q1-I ADTQ1-I) (Q1-D ADTQ1-D) (Q1-E ADTQ1-E)))
USER(13): USER(13): > Reload situation from existing file.  < ADT-Situation/Sit-quilici-i1-dist1-6724813580-700 > 
> Opened situation file.  < #<CHARACTER-INPUT-FILE-STREAM #p"/fsys4/u/sgwoods/qcsp/ADT-Situation/Sit-quilici-i1-dist1-6724813580-700" pos 0> > 
> Closing situation file.  < #<CHARACTER-INPUT-FILE-STREAM #p"/fsys4/u/sgwoods/qcsp/ADT-Situation/Sit-quilici-i1-dist1-6724813580-700" pos 55316> > 
> Opening output file/stream for :  < Q-Batch/ij4/ij4-700.6 > 
 File Closed (at 1). 

; cpu time (non-gc) 16,070 msec user, 100 msec system
; cpu time (gc)     390 msec user, 0 msec system
; cpu time (total)  16,460 msec user, 100 msec system
; real time  22,516 msec
; space allocation:
 529,035 cons cells,;  1,267 symbols, 1,625,760 other bytes
(((Q1-A ADTQ1-A) (Q1-F ADTQ1-F) (Q1-H ADTQ1-H) (Q1-G ADTQ1-G) (Q1-C ADTQ1-C) (Q1-B ADTQ1-B) (Q1-I ADTQ1-I) (Q1-D ADTQ1-D) (Q1-E ADTQ1-E)))
USER(14): USER(14): > Reload situation from existing file.  < ADT-Situation/Sit-quilici-i1-dist1-8798969000-700 > 
> Opened situation file.  < #<CHARACTER-INPUT-FILE-STREAM #p"/fsys4/u/sgwoods/qcsp/ADT-Situation/Sit-quilici-i1-dist1-8798969000-700" pos 0> > 
> Closing situation file.  < #<CHARACTER-INPUT-FILE-STREAM #p"/fsys4/u/sgwoods/qcsp/ADT-Situation/Sit-quilici-i1-dist1-8798969000-700" pos 54079> > 
> Opening output file/stream for :  < Q-Batch/ij4/ij4-700.7 > 
 File Closed (at 1). 

; cpu time (non-gc) 11,750 msec user, 60 msec system
; cpu time (gc)     240 msec user, 0 msec system
; cpu time (total)  11,990 msec user, 60 msec system
; real time  19,196 msec
; space allocation:
 269,800 cons cells,;  1,278 symbols, 778,808 other bytes
NIL
USER(15): USER(15): > Reload situation from existing file.  < ADT-Situation/Sit-quilici-i1-dist1-0805098560-700 > 
> Opened situation file.  < #<CHARACTER-INPUT-FILE-STREAM #p"/fsys4/u/sgwoods/qcsp/ADT-Situation/Sit-quilici-i1-dist1-0805098560-700" pos 0> > 
> Closing situation file.  < #<CHARACTER-INPUT-FILE-STREAM #p"/fsys4/u/sgwoods/qcsp/ADT-Situation/Sit-quilici-i1-dist1-0805098560-700" pos 54581> > 
> Opening output file/stream for :  < Q-Batch/ij4/ij4-700.8 > 
 File Closed (at 1). 

; cpu time (non-gc) 15,210 msec user, 20 msec system
; cpu time (gc)     410 msec user, 0 msec system
; cpu time (total)  15,620 msec user, 20 msec system
; real time  23,371 msec
; space allocation:
 470,216 cons cells,;  1,251 symbols, 1,763,392 other bytes
(((Q1-A ADTQ1-A) (Q1-F ADTQ1-F) (Q1-H ADTQ1-H) (Q1-G ADTQ1-G) (Q1-C ADTQ1-C) (Q1-D ADTQ1-D) (Q1-B ADTQ1-B) (Q1-E ADTQ1-E) (Q1-I ADTQ1-I)))
USER(16): USER(16): > Reload situation from existing file.  < ADT-Situation/Sit-quilici-i1-dist1-4767135635-700 > 
> Opened situation file.  < #<CHARACTER-INPUT-FILE-STREAM #p"/fsys4/u/sgwoods/qcsp/ADT-Situation/Sit-quilici-i1-dist1-4767135635-700" pos 0> > 
> Closing situation file.  < #<CHARACTER-INPUT-FILE-STREAM #p"/fsys4/u/sgwoods/qcsp/ADT-Situation/Sit-quilici-i1-dist1-4767135635-700" pos 56652> > 
> Opening output file/stream for :  < Q-Batch/ij4/ij4-700.9 > 
 File Closed (at 1). 

; cpu time (non-gc) 16,780 msec user, 110 msec system
; cpu time (gc)     540 msec user, 20 msec system
; cpu time (total)  17,320 msec user, 130 msec system
; real time  26,847 msec
; space allocation:
 704,416 cons cells,;  1,286 symbols, 1,915,648 other bytes
(((Q1-A ADTQ1-A) (Q1-F ADTQ1-F) (Q1-H ADTQ1-H) (Q1-G ADTQ1-G) (Q1-C ADTQ1-C) (Q1-D ADTQ1-D) (Q1-B ADTQ1-B) (Q1-E ADTQ1-E) (Q1-I ADTQ1-I)))
USER(17): USER(17): > Reload situation from existing file.  < ADT-Situation/Sit-quilici-i1-dist1-7685437293-700 > 
> Opened situation file.  < #<CHARACTER-INPUT-FILE-STREAM #p"/fsys4/u/sgwoods/qcsp/ADT-Situation/Sit-quilici-i1-dist1-7685437293-700" pos 0> > 
> Closing situation file.  < #<CHARACTER-INPUT-FILE-STREAM #p"/fsys4/u/sgwoods/qcsp/ADT-Situation/Sit-quilici-i1-dist1-7685437293-700" pos 56382> > 
> Opening output file/stream for :  < Q-Batch/ij4/ij4-700.99 > 
 File Closed (at 1). 

; cpu time (non-gc) 13,810 msec user, 10 msec system
; cpu time (gc)     400 msec user, 0 msec system
; cpu time (total)  14,210 msec user, 10 msec system
; real time  22,122 msec
; space allocation:
 556,789 cons cells,;  1,282 symbols, 1,421,800 other bytes
NIL
USER(18): USER(18): **** Noise 750 ****
"**** Noise 750 ****"
USER(19): 
NIL
USER(20): 
NIL
USER(21): > Reload situation from existing file.  < ADT-Situation/Sit-quilici-i1-dist1-default-750 > 
> Opened situation file.  < #<CHARACTER-INPUT-FILE-STREAM #p"/fsys4/u/sgwoods/qcsp/ADT-Situation/Sit-quilici-i1-dist1-default-750" pos 0> > 
> Closing situation file.  < #<CHARACTER-INPUT-FILE-STREAM #p"/fsys4/u/sgwoods/qcsp/ADT-Situation/Sit-quilici-i1-dist1-default-750" pos 58523> > 
> Opening output file/stream for :  < Q-Batch/ij4/ij4-750.1 > 
 File Closed (at 1). 

; cpu time (non-gc) 19,240 msec user, 60 msec system
; cpu time (gc)     360 msec user, 0 msec system
; cpu time (total)  19,600 msec user, 60 msec system
; real time  29,762 msec
; space allocation:
 746,503 cons cells,;  60 symbols, 1,837,920 other bytes
NIL
USER(22): USER(22): > Reload situation from existing file.  < ADT-Situation/Sit-quilici-i1-dist1-1783960706-750 > 
> Opened situation file.  < #<CHARACTER-INPUT-FILE-STREAM #p"/fsys4/u/sgwoods/qcsp/ADT-Situation/Sit-quilici-i1-dist1-1783960706-750" pos 0> > 
> Closing situation file.  < #<CHARACTER-INPUT-FILE-STREAM #p"/fsys4/u/sgwoods/qcsp/ADT-Situation/Sit-quilici-i1-dist1-1783960706-750" pos 59611> > 
> Opening output file/stream for :  < Q-Batch/ij4/ij4-750.2 > 
 File Closed (at 1). 

; cpu time (non-gc) 18,840 msec user, 60 msec system
; cpu time (gc)     390 msec user, 10 msec system
; cpu time (total)  19,230 msec user, 70 msec system
; real time  29,641 msec
; space allocation:
 667,029 cons cells,;  810 symbols, 1,832,984 other bytes
(((Q1-A ADTQ1-A) (Q1-F ADTQ1-F) (Q1-H ADTQ1-H) (Q1-G ADTQ1-G) (Q1-C ADTQ1-C) (Q1-B ADTQ1-B) (Q1-I ADTQ1-I) (Q1-D ADTQ1-D) (Q1-E ADTQ1-E)))
USER(23): USER(23): > Reload situation from existing file.  < ADT-Situation/Sit-quilici-i1-dist1-6148712495-750 > 
> Opened situation file.  < #<CHARACTER-INPUT-FILE-STREAM #p"/fsys4/u/sgwoods/qcsp/ADT-Situation/Sit-quilici-i1-dist1-6148712495-750" pos 0> > 
> Closing situation file.  < #<CHARACTER-INPUT-FILE-STREAM #p"/fsys4/u/sgwoods/qcsp/ADT-Situation/Sit-quilici-i1-dist1-6148712495-750" pos 57443> > 
> Opening output file/stream for :  < Q-Batch/ij4/ij4-750.3 > 
 File Closed (at 1). 

; cpu time (non-gc) 13,660 msec user, 50 msec system
; cpu time (gc)     390 msec user, 0 msec system
; cpu time (total)  14,050 msec user, 50 msec system
; real time  21,035 msec
; space allocation:
 348,483 cons cells,;  793 symbols, 1,102,848 other bytes
(((Q1-A ADTQ1-A) (Q1-F ADTQ1-F) (Q1-H ADTQ1-H) (Q1-G ADTQ1-G) (Q1-C ADTQ1-C) (Q1-D ADTQ1-D) (Q1-B ADTQ1-B) (Q1-E ADTQ1-E) (Q1-I ADTQ1-I)))
USER(24): USER(24): > Reload situation from existing file.  < ADT-Situation/Sit-quilici-i1-dist1-8261581571-750 > 
> Opened situation file.  < #<CHARACTER-INPUT-FILE-STREAM #p"/fsys4/u/sgwoods/qcsp/ADT-Situation/Sit-quilici-i1-dist1-8261581571-750" pos 0> > 
> Closing situation file.  < #<CHARACTER-INPUT-FILE-STREAM #p"/fsys4/u/sgwoods/qcsp/ADT-Situation/Sit-quilici-i1-dist1-8261581571-750" pos 57503> > 
> Opening output file/stream for :  < Q-Batch/ij4/ij4-750.4 > 
 File Closed (at 1). 

; cpu time (non-gc) 14,820 msec user, 50 msec system
; cpu time (gc)     440 msec user, 20 msec system
; cpu time (total)  15,260 msec user, 70 msec system
; real time  24,485 msec
; space allocation:
 436,071 cons cells,;  771 symbols, 1,362,152 other bytes
(((Q1-A ADTQ1-A) (Q1-F ADTQ1-F) (Q1-H ADTQ1-H) (Q1-G ADTQ1-G) (Q1-C ADTQ1-C) (Q1-B ADTQ1-B) (Q1-I ADTQ1-I) (Q1-D ADTQ1-D) (Q1-E ADTQ1-E)))
USER(25): USER(25): > Reload situation from existing file.  < ADT-Situation/Sit-quilici-i1-dist1-4705297406-750 > 
> Opened situation file.  < #<CHARACTER-INPUT-FILE-STREAM #p"/fsys4/u/sgwoods/qcsp/ADT-Situation/Sit-quilici-i1-dist1-4705297406-750" pos 0> > 
> Closing situation file.  < #<CHARACTER-INPUT-FILE-STREAM #p"/fsys4/u/sgwoods/qcsp/ADT-Situation/Sit-quilici-i1-dist1-4705297406-750" pos 59089> > 
> Opening output file/stream for :  < Q-Batch/ij4/ij4-750.5 > 
 File Closed (at 1). 

; cpu time (non-gc) 20,170 msec user, 90 msec system
; cpu time (gc)     600 msec user, 20 msec system
; cpu time (total)  20,770 msec user, 110 msec system
; real time  34,523 msec
; space allocation:
 968,386 cons cells,;  814 symbols, 2,152,800 other bytes
(((Q1-A ADTQ1-A) (Q1-F ADTQ1-F) (Q1-H ADTQ1-H) (Q1-G ADTQ1-G) (Q1-C ADTQ1-C) (Q1-B ADTQ1-B) (Q1-I ADTQ1-I) (Q1-D ADTQ1-D) (Q1-E ADTQ1-E)))
USER(26): USER(26): > Reload situation from existing file.  < ADT-Situation/Sit-quilici-i1-dist1-6724813580-750 > 
> Opened situation file.  < #<CHARACTER-INPUT-FILE-STREAM #p"/fsys4/u/sgwoods/qcsp/ADT-Situation/Sit-quilici-i1-dist1-6724813580-750" pos 0> > 
> Closing situation file.  < #<CHARACTER-INPUT-FILE-STREAM #p"/fsys4/u/sgwoods/qcsp/ADT-Situation/Sit-quilici-i1-dist1-6724813580-750" pos 59611> > 
> Opening output file/stream for :  < Q-Batch/ij4/ij4-750.6 > 
 File Closed (at 1). 

; cpu time (non-gc) 18,230 msec user, 90 msec system
; cpu time (gc)     560 msec user, 0 msec system
; cpu time (total)  18,790 msec user, 90 msec system
; real time  36,256 msec
; space allocation:
 667,062 cons cells,;  826 symbols, 1,961,656 other bytes
(((Q1-A ADTQ1-A) (Q1-F ADTQ1-F) (Q1-H ADTQ1-H) (Q1-G ADTQ1-G) (Q1-C ADTQ1-C) (Q1-B ADTQ1-B) (Q1-I ADTQ1-I) (Q1-D ADTQ1-D) (Q1-E ADTQ1-E)))
USER(27): USER(27): > Reload situation from existing file.  < ADT-Situation/Sit-quilici-i1-dist1-8798969000-750 > 
> Opened situation file.  < #<CHARACTER-INPUT-FILE-STREAM #p"/fsys4/u/sgwoods/qcsp/ADT-Situation/Sit-quilici-i1-dist1-8798969000-750" pos 0> > 
> Closing situation file.  < #<CHARACTER-INPUT-FILE-STREAM #p"/fsys4/u/sgwoods/qcsp/ADT-Situation/Sit-quilici-i1-dist1-8798969000-750" pos 58009> > 
> Opening output file/stream for :  < Q-Batch/ij4/ij4-750.7 > 
 File Closed (at 1). 

; cpu time (non-gc) 12,320 msec user, 60 msec system
; cpu time (gc)     320 msec user, 0 msec system
; cpu time (total)  12,640 msec user, 60 msec system
; real time  17,779 msec
; space allocation:
 312,262 cons cells,;  833 symbols, 753,712 other bytes
NIL
USER(28): USER(28): > Reload situation from existing file.  < ADT-Situation/Sit-quilici-i1-dist1-0805098560-750 > 
> Opened situation file.  < #<CHARACTER-INPUT-FILE-STREAM #p"/fsys4/u/sgwoods/qcsp/ADT-Situation/Sit-quilici-i1-dist1-0805098560-750" pos 0> > 
> Closing situation file.  < #<CHARACTER-INPUT-FILE-STREAM #p"/fsys4/u/sgwoods/qcsp/ADT-Situation/Sit-quilici-i1-dist1-0805098560-750" pos 59662> > 
> Opening output file/stream for :  < Q-Batch/ij4/ij4-750.8 > 
 File Closed (at 1). 

; cpu time (non-gc) 17,050 msec user, 50 msec system
; cpu time (gc)     410 msec user, 0 msec system
; cpu time (total)  17,460 msec user, 50 msec system
; real time  26,226 msec
; space allocation:
 563,839 cons cells,;  832 symbols, 1,879,304 other bytes
(((Q1-A ADTQ1-A) (Q1-F ADTQ1-F) (Q1-H ADTQ1-H) (Q1-G ADTQ1-G) (Q1-C ADTQ1-C) (Q1-D ADTQ1-D) (Q1-B ADTQ1-B) (Q1-E ADTQ1-E) (Q1-I ADTQ1-I)))
USER(29): USER(29): > Reload situation from existing file.  < ADT-Situation/Sit-quilici-i1-dist1-4767135635-750 > 
> Opened situation file.  < #<CHARACTER-INPUT-FILE-STREAM #p"/fsys4/u/sgwoods/qcsp/ADT-Situation/Sit-quilici-i1-dist1-4767135635-750" pos 0> > 
> Closing situation file.  < #<CHARACTER-INPUT-FILE-STREAM #p"/fsys4/u/sgwoods/qcsp/ADT-Situation/Sit-quilici-i1-dist1-4767135635-750" pos 60218> > 
> Opening output file/stream for :  < Q-Batch/ij4/ij4-750.9 > 
 File Closed (at 1). 

; cpu time (non-gc) 17,950 msec user, 90 msec system
; cpu time (gc)     620 msec user, 20 msec system
; cpu time (total)  18,570 msec user, 110 msec system
; real time  28,327 msec
; space allocation:
 773,850 cons cells,;  800 symbols, 1,890,344 other bytes
(((Q1-A ADTQ1-A) (Q1-F ADTQ1-F) (Q1-H ADTQ1-H) (Q1-G ADTQ1-G) (Q1-C ADTQ1-C) (Q1-D ADTQ1-D) (Q1-B ADTQ1-B) (Q1-E ADTQ1-E) (Q1-I ADTQ1-I)))
USER(30): USER(30): > Reload situation from existing file.  < ADT-Situation/Sit-quilici-i1-dist1-7685437293-750 > 
> Opened situation file.  < #<CHARACTER-INPUT-FILE-STREAM #p"/fsys4/u/sgwoods/qcsp/ADT-Situation/Sit-quilici-i1-dist1-7685437293-750" pos 0> > 
> Closing situation file.  < #<CHARACTER-INPUT-FILE-STREAM #p"/fsys4/u/sgwoods/qcsp/ADT-Situation/Sit-quilici-i1-dist1-7685437293-750" pos 60783> > 
> Opening output file/stream for :  < Q-Batch/ij4/ij4-750.99 > 
 File Closed (at 1). 

; cpu time (non-gc) 16,720 msec user, 90 msec system
; cpu time (gc)     720 msec user, 0 msec system
; cpu time (total)  17,440 msec user, 90 msec system
; real time  29,531 msec
; space allocation:
 698,308 cons cells,;  1,235 symbols, 1,696,368 other bytes
NIL
USER(31): USER(31): **** Noise 800 ****
"**** Noise 800 ****"
USER(32): 
NIL
USER(33): 
NIL
USER(34): > Reload situation from existing file.  < ADT-Situation/Sit-quilici-i1-dist1-default-800 > 
> Opened situation file.  < #<CHARACTER-INPUT-FILE-STREAM #p"/fsys4/u/sgwoods/qcsp/ADT-Situation/Sit-quilici-i1-dist1-default-800" pos 0> > 
> Closing situation file.  < #<CHARACTER-INPUT-FILE-STREAM #p"/fsys4/u/sgwoods/qcsp/ADT-Situation/Sit-quilici-i1-dist1-default-800" pos 67914> > 
> Opening output file/stream for :  < Q-Batch/ij4/ij4-800.1 > 
 File Closed (at 1). 

; cpu time (non-gc) 22,920 msec user, 140 msec system
; cpu time (gc)     630 msec user, 20 msec system
; cpu time (total)  23,550 msec user, 160 msec system
; real time  39,197 msec
; space allocation:
 848,988 cons cells,;  1,510 symbols, 2,054,184 other bytes
NIL
USER(35): USER(35): > Reload situation from existing file.  < ADT-Situation/Sit-quilici-i1-dist1-1783960706-800 > 
> Opened situation file.  < #<CHARACTER-INPUT-FILE-STREAM #p"/fsys4/u/sgwoods/qcsp/ADT-Situation/Sit-quilici-i1-dist1-1783960706-800" pos 0> > 
> Closing situation file.  < #<CHARACTER-INPUT-FILE-STREAM #p"/fsys4/u/sgwoods/qcsp/ADT-Situation/Sit-quilici-i1-dist1-1783960706-800" pos 66050> > 
> Opening output file/stream for :  < Q-Batch/ij4/ij4-800.2 > 
 File Closed (at 1). 

; cpu time (non-gc) 23,370 msec user, 40 msec system
; cpu time (gc)     490 msec user, 0 msec system
; cpu time (total)  23,860 msec user, 40 msec system
; real time  36,695 msec
; space allocation:
 799,351 cons cells,;  1,453 symbols, 2,122,064 other bytes
(((Q1-A ADTQ1-A) (Q1-F ADTQ1-F) (Q1-H ADTQ1-H) (Q1-G ADTQ1-G) (Q1-C ADTQ1-C) (Q1-B ADTQ1-B) (Q1-I ADTQ1-I) (Q1-D ADTQ1-D) (Q1-E ADTQ1-E)))
USER(36): USER(36): > Reload situation from existing file.  < ADT-Situation/Sit-quilici-i1-dist1-6148712495-800 > 
> Opened situation file.  < #<CHARACTER-INPUT-FILE-STREAM #p"/fsys4/u/sgwoods/qcsp/ADT-Situation/Sit-quilici-i1-dist1-6148712495-800" pos 0> > 
> Closing situation file.  < #<CHARACTER-INPUT-FILE-STREAM #p"/fsys4/u/sgwoods/qcsp/ADT-Situation/Sit-quilici-i1-dist1-6148712495-800" pos 63721> > 
> Opening output file/stream for :  < Q-Batch/ij4/ij4-800.3 > 
 File Closed (at 1). 

; cpu time (non-gc) 15,410 msec user, 70 msec system
; cpu time (gc)     780 msec user, 20 msec system
; cpu time (total)  16,190 msec user, 90 msec system
; real time  24,327 msec
; space allocation:
 410,149 cons cells,;  1,417 symbols, 1,319,760 other bytes
(((Q1-A ADTQ1-A) (Q1-F ADTQ1-F) (Q1-H ADTQ1-H) (Q1-G ADTQ1-G) (Q1-C ADTQ1-C) (Q1-D ADTQ1-D) (Q1-B ADTQ1-B) (Q1-E ADTQ1-E) (Q1-I ADTQ1-I)))
USER(37): USER(37): > Reload situation from existing file.  < ADT-Situation/Sit-quilici-i1-dist1-8261581571-800 > 
> Opened situation file.  < #<CHARACTER-INPUT-FILE-STREAM #p"/fsys4/u/sgwoods/qcsp/ADT-Situation/Sit-quilici-i1-dist1-8261581571-800" pos 0> > 
> Closing situation file.  < #<CHARACTER-INPUT-FILE-STREAM #p"/fsys4/u/sgwoods/qcsp/ADT-Situation/Sit-quilici-i1-dist1-8261581571-800" pos 63604> > 
> Opening output file/stream for :  < Q-Batch/ij4/ij4-800.4 > 
 File Closed (at 1). 

; cpu time (non-gc) 17,950 msec user, 100 msec system
; cpu time (gc)     630 msec user, 10 msec system
; cpu time (total)  18,580 msec user, 110 msec system
; real time  29,536 msec
; space allocation:
 500,145 cons cells,;  1,410 symbols, 1,499,736 other bytes
(((Q1-A ADTQ1-A) (Q1-F ADTQ1-F) (Q1-H ADTQ1-H) (Q1-G ADTQ1-G) (Q1-C ADTQ1-C) (Q1-B ADTQ1-B) (Q1-I ADTQ1-I) (Q1-D ADTQ1-D) (Q1-E ADTQ1-E)))
USER(38): USER(38): > Reload situation from existing file.  < ADT-Situation/Sit-quilici-i1-dist1-4705297406-800 > 
> Opened situation file.  < #<CHARACTER-INPUT-FILE-STREAM #p"/fsys4/u/sgwoods/qcsp/ADT-Situation/Sit-quilici-i1-dist1-4705297406-800" pos 0> > 
> Closing situation file.  < #<CHARACTER-INPUT-FILE-STREAM #p"/fsys4/u/sgwoods/qcsp/ADT-Situation/Sit-quilici-i1-dist1-4705297406-800" pos 65636> > 
> Opening output file/stream for :  < Q-Batch/ij4/ij4-800.5 > 
 File Closed (at 1). 

; cpu time (non-gc) 24,420 msec user, 110 msec system
; cpu time (gc)     810 msec user, 0 msec system
; cpu time (total)  25,230 msec user, 110 msec system
; real time  61,924 msec (00:01:01.924)
; space allocation:
 1,118,002 cons cells,;  1,467 symbols, 2,330,384 other bytes
(((Q1-A ADTQ1-A) (Q1-F ADTQ1-F) (Q1-H ADTQ1-H) (Q1-G ADTQ1-G) (Q1-C ADTQ1-C) (Q1-B ADTQ1-B) (Q1-I ADTQ1-I) (Q1-D ADTQ1-D) (Q1-E ADTQ1-E)))
USER(39): USER(39): > Reload situation from existing file.  < ADT-Situation/Sit-quilici-i1-dist1-6724813580-800 > 
> Opened situation file.  < #<CHARACTER-INPUT-FILE-STREAM #p"/fsys4/u/sgwoods/qcsp/ADT-Situation/Sit-quilici-i1-dist1-6724813580-800" pos 0> > 
> Closing situation file.  < #<CHARACTER-INPUT-FILE-STREAM #p"/fsys4/u/sgwoods/qcsp/ADT-Situation/Sit-quilici-i1-dist1-6724813580-800" pos 66050> > 
> Opening output file/stream for :  < Q-Batch/ij4/ij4-800.6 > 
 File Closed (at 1). 

; cpu time (non-gc) 24,600 msec user, 130 msec system
; cpu time (gc)     590 msec user, 0 msec system
; cpu time (total)  25,190 msec user, 130 msec system
; real time  60,817 msec (00:01:00.817)
; space allocation:
 799,283 cons cells,;  1,453 symbols, 2,122,064 other bytes
(((Q1-A ADTQ1-A) (Q1-F ADTQ1-F) (Q1-H ADTQ1-H) (Q1-G ADTQ1-G) (Q1-C ADTQ1-C) (Q1-B ADTQ1-B) (Q1-I ADTQ1-I) (Q1-D ADTQ1-D) (Q1-E ADTQ1-E)))
USER(40): USER(40): > Reload situation from existing file.  < ADT-Situation/Sit-quilici-i1-dist1-8798969000-800 > 
> Opened situation file.  < #<CHARACTER-INPUT-FILE-STREAM #p"/fsys4/u/sgwoods/qcsp/ADT-Situation/Sit-quilici-i1-dist1-8798969000-800" pos 0> > 
> Closing situation file.  < #<CHARACTER-INPUT-FILE-STREAM #p"/fsys4/u/sgwoods/qcsp/ADT-Situation/Sit-quilici-i1-dist1-8798969000-800" pos 64209> > 
> Opening output file/stream for :  < Q-Batch/ij4/ij4-800.7 > 
 File Closed (at 1). 

; cpu time (non-gc) 16,500 msec user, 140 msec system
; cpu time (gc)     660 msec user, 10 msec system
; cpu time (total)  17,160 msec user, 150 msec system
; real time  28,500 msec
; space allocation:
 340,684 cons cells,;  1,458 symbols, 1,037,688 other bytes
NIL
USER(41): USER(41): > Reload situation from existing file.  < ADT-Situation/Sit-quilici-i1-dist1-0805098560-800 > 
> Opened situation file.  < #<CHARACTER-INPUT-FILE-STREAM #p"/fsys4/u/sgwoods/qcsp/ADT-Situation/Sit-quilici-i1-dist1-0805098560-800" pos 0> > 
> Closing situation file.  < #<CHARACTER-INPUT-FILE-STREAM #p"/fsys4/u/sgwoods/qcsp/ADT-Situation/Sit-quilici-i1-dist1-0805098560-800" pos 64773> > 
> Opening output file/stream for :  < Q-Batch/ij4/ij4-800.8 > 
 File Closed (at 1). 

; cpu time (non-gc) 21,380 msec user, 110 msec system
; cpu time (gc)     7,620 msec user, 1,260 msec system
; cpu time (total)  29,000 msec user, 1,370 msec system
; real time  53,208 msec
; space allocation:
 671,414 cons cells,;  1,439 symbols, 2,050,088 other bytes
(((Q1-A ADTQ1-A) (Q1-F ADTQ1-F) (Q1-H ADTQ1-H) (Q1-G ADTQ1-G) (Q1-C ADTQ1-C) (Q1-D ADTQ1-D) (Q1-B ADTQ1-B) (Q1-E ADTQ1-E) (Q1-I ADTQ1-I)))
USER(42): USER(42): > Reload situation from existing file.  < ADT-Situation/Sit-quilici-i1-dist1-4767135635-800 > 
> Opened situation file.  < #<CHARACTER-INPUT-FILE-STREAM #p"/fsys4/u/sgwoods/qcsp/ADT-Situation/Sit-quilici-i1-dist1-4767135635-800" pos 0> > 
> Closing situation file.  < #<CHARACTER-INPUT-FILE-STREAM #p"/fsys4/u/sgwoods/qcsp/ADT-Situation/Sit-quilici-i1-dist1-4767135635-800" pos 64443> > 
> Opening output file/stream for :  < Q-Batch/ij4/ij4-800.9 > 
 File Closed (at 1). 

; cpu time (non-gc) 23,890 msec user, 60 msec system
; cpu time (gc)     570 msec user, 0 msec system
; cpu time (total)  24,460 msec user, 60 msec system
; real time  61,968 msec (00:01:01.968)
; space allocation:
 943,141 cons cells,;  1,464 symbols, 2,153,736 other bytes
(((Q1-A ADTQ1-A) (Q1-F ADTQ1-F) (Q1-H ADTQ1-H) (Q1-G ADTQ1-G) (Q1-C ADTQ1-C) (Q1-D ADTQ1-D) (Q1-B ADTQ1-B) (Q1-E ADTQ1-E) (Q1-I ADTQ1-I)))
USER(43): USER(43): > Reload situation from existing file.  < ADT-Situation/Sit-quilici-i1-dist1-7685437293-800 > 
> Opened situation file.  < #<CHARACTER-INPUT-FILE-STREAM #p"/fsys4/u/sgwoods/qcsp/ADT-Situation/Sit-quilici-i1-dist1-7685437293-800" pos 0> > 
> Closing situation file.  < #<CHARACTER-INPUT-FILE-STREAM #p"/fsys4/u/sgwoods/qcsp/ADT-Situation/Sit-quilici-i1-dist1-7685437293-800" pos 64753> > 
> Opening output file/stream for :  < Q-Batch/ij4/ij4-800.99 > 
 File Closed (at 1). 

; cpu time (non-gc) 21,980 msec user, 60 msec system
; cpu time (gc)     560 msec user, 0 msec system
; cpu time (total)  22,540 msec user, 60 msec system
; real time  57,106 msec
; space allocation:
 803,733 cons cells,;  1,476 symbols, 1,768,064 other bytes
NIL
USER(44): USER(44): **** Noise 850 ****
"**** Noise 850 ****"
USER(45): 
NIL
USER(46): 
NIL
USER(47): > Reload situation from existing file.  < ADT-Situation/Sit-quilici-i1-dist1-default-850 > 
> Opened situation file.  < #<CHARACTER-INPUT-FILE-STREAM #p"/fsys4/u/sgwoods/qcsp/ADT-Situation/Sit-quilici-i1-dist1-default-850" pos 0> > 
> Closing situation file.  < #<CHARACTER-INPUT-FILE-STREAM #p"/fsys4/u/sgwoods/qcsp/ADT-Situation/Sit-quilici-i1-dist1-default-850" pos 72115> > 
> Opening output file/stream for :  < Q-Batch/ij4/ij4-850.1 > 
 File Closed (at 1). 

; cpu time (non-gc) 26,750 msec user, 90 msec system
; cpu time (gc)     790 msec user, 10 msec system
; cpu time (total)  27,540 msec user, 100 msec system
; real time  60,132 msec (00:01:00.132)
; space allocation:
 984,528 cons cells,;  1,608 symbols, 2,436,736 other bytes
NIL
USER(48): USER(48): > Reload situation from existing file.  < ADT-Situation/Sit-quilici-i1-dist1-1783960706-850 > 
> Opened situation file.  < #<CHARACTER-INPUT-FILE-STREAM #p"/fsys4/u/sgwoods/qcsp/ADT-Situation/Sit-quilici-i1-dist1-1783960706-850" pos 0> > 
> Closing situation file.  < #<CHARACTER-INPUT-FILE-STREAM #p"/fsys4/u/sgwoods/qcsp/ADT-Situation/Sit-quilici-i1-dist1-1783960706-850" pos 70724> > 
> Opening output file/stream for :  < Q-Batch/ij4/ij4-850.2 > 
 File Closed (at 1). 

; cpu time (non-gc) 24,410 msec user, 60 msec system
; cpu time (gc)     670 msec user, 10 msec system
; cpu time (total)  25,080 msec user, 70 msec system
; real time  57,962 msec
; space allocation:
 952,765 cons cells,;  1,565 symbols, 2,171,984 other bytes
NIL
USER(49): USER(49): > Reload situation from existing file.  < ADT-Situation/Sit-quilici-i1-dist1-6148712495-850 > 
> Opened situation file.  < #<CHARACTER-INPUT-FILE-STREAM #p"/fsys4/u/sgwoods/qcsp/ADT-Situation/Sit-quilici-i1-dist1-6148712495-850" pos 0> > 
> Closing situation file.  < #<CHARACTER-INPUT-FILE-STREAM #p"/fsys4/u/sgwoods/qcsp/ADT-Situation/Sit-quilici-i1-dist1-6148712495-850" pos 67550> > 
> Opening output file/stream for :  < Q-Batch/ij4/ij4-850.3 > 
 File Closed (at 1). 

; cpu time (non-gc) 17,770 msec user, 50 msec system
; cpu time (gc)     590 msec user, 0 msec system
; cpu time (total)  18,360 msec user, 50 msec system
; real time  40,578 msec
; space allocation:
 475,702 cons cells,;  1,498 symbols, 1,279,456 other bytes
(((Q1-A ADTQ1-A) (Q1-F ADTQ1-F) (Q1-H ADTQ1-H) (Q1-G ADTQ1-G) (Q1-C ADTQ1-C) (Q1-D ADTQ1-D) (Q1-B ADTQ1-B) (Q1-E ADTQ1-E) (Q1-I ADTQ1-I)))
USER(50): USER(50): > Reload situation from existing file.  < ADT-Situation/Sit-quilici-i1-dist1-8261581571-850 > 
> Opened situation file.  < #<CHARACTER-INPUT-FILE-STREAM #p"/fsys4/u/sgwoods/qcsp/ADT-Situation/Sit-quilici-i1-dist1-8261581571-850" pos 0> > 
> Closing situation file.  < #<CHARACTER-INPUT-FILE-STREAM #p"/fsys4/u/sgwoods/qcsp/ADT-Situation/Sit-quilici-i1-dist1-8261581571-850" pos 67513> > 
> Opening output file/stream for :  < Q-Batch/ij4/ij4-850.4 > 
 File Closed (at 1). 

; cpu time (non-gc) 17,950 msec user, 60 msec system
; cpu time (gc)     650 msec user, 0 msec system
; cpu time (total)  18,600 msec user, 60 msec system
; real time  44,902 msec
; space allocation:
 549,084 cons cells,;  1,493 symbols, 1,560,592 other bytes
(((Q1-A ADTQ1-A) (Q1-F ADTQ1-F) (Q1-H ADTQ1-H) (Q1-G ADTQ1-G) (Q1-C ADTQ1-C) (Q1-B ADTQ1-B) (Q1-I ADTQ1-I) (Q1-D ADTQ1-D) (Q1-E ADTQ1-E)))
USER(51): USER(51): > Reload situation from existing file.  < ADT-Situation/Sit-quilici-i1-dist1-4705297406-850 > 
> Opened situation file.  < #<CHARACTER-INPUT-FILE-STREAM #p"/fsys4/u/sgwoods/qcsp/ADT-Situation/Sit-quilici-i1-dist1-4705297406-850" pos 0> > 
> Closing situation file.  < #<CHARACTER-INPUT-FILE-STREAM #p"/fsys4/u/sgwoods/qcsp/ADT-Situation/Sit-quilici-i1-dist1-4705297406-850" pos 70433> > 
> Opening output file/stream for :  < Q-Batch/ij4/ij4-850.5 > 
 File Closed (at 1). 

; cpu time (non-gc) 28,080 msec user, 120 msec system
; cpu time (gc)     1,120 msec user, 10 msec system
; cpu time (total)  29,200 msec user, 130 msec system
; real time  65,846 msec (00:01:05.846)
; space allocation:
 1,323,795 cons cells,;  1,578 symbols, 2,842,816 other bytes
(((Q1-A ADTQ1-A) (Q1-F ADTQ1-F) (Q1-H ADTQ1-H) (Q1-G ADTQ1-G) (Q1-C ADTQ1-C) (Q1-B ADTQ1-B) (Q1-I ADTQ1-I) (Q1-D ADTQ1-D) (Q1-E ADTQ1-E)))
USER(52): USER(52): > Reload situation from existing file.  < ADT-Situation/Sit-quilici-i1-dist1-6724813580-850 > 
> Opened situation file.  < #<CHARACTER-INPUT-FILE-STREAM #p"/fsys4/u/sgwoods/qcsp/ADT-Situation/Sit-quilici-i1-dist1-6724813580-850" pos 0> > 
> Closing situation file.  < #<CHARACTER-INPUT-FILE-STREAM #p"/fsys4/u/sgwoods/qcsp/ADT-Situation/Sit-quilici-i1-dist1-6724813580-850" pos 70724> > 
> Opening output file/stream for :  < Q-Batch/ij4/ij4-850.6 > 
 File Closed (at 1). 

; cpu time (non-gc) 26,540 msec user, 80 msec system
; cpu time (gc)     700 msec user, 0 msec system
; cpu time (total)  27,240 msec user, 80 msec system
; real time  56,914 msec
; space allocation:
 952,480 cons cells,;  1,565 symbols, 2,166,680 other bytes
NIL
USER(53): USER(53): > Reload situation from existing file.  < ADT-Situation/Sit-quilici-i1-dist1-8798969000-850 > 
> Opened situation file.  < #<CHARACTER-INPUT-FILE-STREAM #p"/fsys4/u/sgwoods/qcsp/ADT-Situation/Sit-quilici-i1-dist1-8798969000-850" pos 0> > 
> Closing situation file.  < #<CHARACTER-INPUT-FILE-STREAM #p"/fsys4/u/sgwoods/qcsp/ADT-Situation/Sit-quilici-i1-dist1-8798969000-850" pos 68186> > 
> Opening output file/stream for :  < Q-Batch/ij4/ij4-850.7 > 
 File Closed (at 1). 

; cpu time (non-gc) 18,160 msec user, 60 msec system
; cpu time (gc)     630 msec user, 0 msec system
; cpu time (total)  18,790 msec user, 60 msec system
; real time  44,347 msec
; space allocation:
 425,489 cons cells,;  1,545 symbols, 890,072 other bytes
NIL
USER(54): USER(54): > Reload situation from existing file.  < ADT-Situation/Sit-quilici-i1-dist1-0805098560-850 > 
> Opened situation file.  < #<CHARACTER-INPUT-FILE-STREAM #p"/fsys4/u/sgwoods/qcsp/ADT-Situation/Sit-quilici-i1-dist1-0805098560-850" pos 0> > 
> Closing situation file.  < #<CHARACTER-INPUT-FILE-STREAM #p"/fsys4/u/sgwoods/qcsp/ADT-Situation/Sit-quilici-i1-dist1-0805098560-850" pos 69046> > 
> Opening output file/stream for :  < Q-Batch/ij4/ij4-850.8 > 
 File Closed (at 1). 

; cpu time (non-gc) 25,750 msec user, 50 msec system
; cpu time (gc)     670 msec user, 0 msec system
; cpu time (total)  26,420 msec user, 50 msec system
; real time  59,717 msec
; space allocation:
 842,689 cons cells,;  1,528 symbols, 2,459,064 other bytes
(((Q1-A ADTQ1-A) (Q1-F ADTQ1-F) (Q1-H ADTQ1-H) (Q1-G ADTQ1-G) (Q1-C ADTQ1-C) (Q1-D ADTQ1-D) (Q1-B ADTQ1-B) (Q1-E ADTQ1-E) (Q1-I ADTQ1-I)))
USER(55): USER(55): > Reload situation from existing file.  < ADT-Situation/Sit-quilici-i1-dist1-4767135635-850 > 
> Opened situation file.  < #<CHARACTER-INPUT-FILE-STREAM #p"/fsys4/u/sgwoods/qcsp/ADT-Situation/Sit-quilici-i1-dist1-4767135635-850" pos 0> > 
> Closing situation file.  < #<CHARACTER-INPUT-FILE-STREAM #p"/fsys4/u/sgwoods/qcsp/ADT-Situation/Sit-quilici-i1-dist1-4767135635-850" pos 68295> > 
> Opening output file/stream for :  < Q-Batch/ij4/ij4-850.9 > 
 File Closed (at 1). 

; cpu time (non-gc) 23,310 msec user, 70 msec system
; cpu time (gc)     690 msec user, 10 msec system
; cpu time (total)  24,000 msec user, 80 msec system
; real time  51,026 msec
; space allocation:
 1,038,155 cons cells,;  1,544 symbols, 2,247,424 other bytes
(((Q1-A ADTQ1-A) (Q1-F ADTQ1-F) (Q1-H ADTQ1-H) (Q1-G ADTQ1-G) (Q1-C ADTQ1-C) (Q1-D ADTQ1-D) (Q1-B ADTQ1-B) (Q1-E ADTQ1-E) (Q1-I ADTQ1-I)))
USER(56): USER(56): > Reload situation from existing file.  < ADT-Situation/Sit-quilici-i1-dist1-7685437293-850 > 
> Opened situation file.  < #<CHARACTER-INPUT-FILE-STREAM #p"/fsys4/u/sgwoods/qcsp/ADT-Situation/Sit-quilici-i1-dist1-7685437293-850" pos 0> > 
> Closing situation file.  < #<CHARACTER-INPUT-FILE-STREAM #p"/fsys4/u/sgwoods/qcsp/ADT-Situation/Sit-quilici-i1-dist1-7685437293-850" pos 68846> > 
> Opening output file/stream for :  < Q-Batch/ij4/ij4-850.99 > 
 File Closed (at 1). 

; cpu time (non-gc) 23,040 msec user, 80 msec system
; cpu time (gc)     690 msec user, 0 msec system
; cpu time (total)  23,730 msec user, 80 msec system
; real time  54,542 msec
; space allocation:
 966,518 cons cells,;  1,566 symbols, 1,997,096 other bytes
NIL
USER(57): USER(57): ; Exiting Lisp
