Allegro CL 4.2 [SPARC; R1] (2/1/95 11:34)
Copyright (C) 1985-1993, Franz Inc., Berkeley, CA, USA.  All Rights Reserved.
Error: "load.lisp" does not exist, cannot load
Error loading #p"/fsys4/u/sgwoods/qcsp/.clinit.cl"
;; Optimization settings: safety 1, space 1, speed 1, debug 2
;; For a complete description of all compiler switches given the current
;; optimization settings evaluate (EXPLAIN-COMPILER-SETTINGS).
USER(1): USER(1): Q ADT ICSE Testing (BT only PART)
"Q ADT ICSE Testing (BT only PART)"
USER(2): 
NIL
USER(3): 
NIL
USER(4): ; Fast loading /fsys4/u/sgwoods/qcsp/load.fasl.
;   Fast loading /fsys4/u/sgwoods/qcsp/bm.fasl.
;   Fast loading /fsys4/u/sgwoods/qcsp/bt.fasl.
;   Fast loading /fsys4/u/sgwoods/qcsp/ct.fasl.
;   Fast loading /fsys4/u/sgwoods/qcsp/gsat.fasl.
;   Fast loading /fsys4/u/sgwoods/qcsp/utility.fasl.
;   Loading /fsys4/u/sgwoods/qcsp/compile.lisp.
;   Fast loading /fsys4/u/sgwoods/qcsp/quilici-search.fasl.
Warning: GETVAL, :OPERATOR was defined in /fsys4/u/sgwoods/qcsp/gsat.lisp and
         is now being defined in /fsys4/u/sgwoods/qcsp/quilici-search.lisp
;   Fast loading /fsys4/u/sgwoods/qcsp/adt-simple.fasl.
;   Fast loading /fsys4/u/sgwoods/qcsp/adt-setup.fasl.
;   Fast loading /fsys4/u/sgwoods/qcsp/memory-csp.fasl.
T
USER(5): USER(5): **** Noise 300 ****
"**** Noise 300 ****"
USER(6): 
NIL
USER(7): 
NIL
USER(8): > Reload situation from existing file.  < ADT-Situation/Sit-q-i1-dist1-default-300 > 
> Opened existing situation file.  < #<CHARACTER-INPUT-FILE-STREAM
                                       #p"/fsys4/u/sgwoods/qcsp/ADT-Situation/Sit-q-i1-dist1-default-300" pos 0> > 
> Opening output file/stream for :  < New-Batch/ij1/ij1-300.1 > 
 File Closed (at 1). 

; cpu time (non-gc) 9,300 msec user, 540 msec system
; cpu time (gc)     470 msec user, 80 msec system
; cpu time (total)  9,770 msec user, 620 msec system
; real time  12,545 msec
; space allocation:
 145,459 cons cells,;  536 symbols, 2,648,432 other bytes
(((Q1-A ADTQ1-A) (Q1-B ADTQ1-B) (Q1-C ADTQ1-C) (Q1-I ADTQ1-I) (Q1-G ADTQ1-G)
  (Q1-F ADTQ1-F) (Q1-H ADTQ1-H) (Q1-D ADTQ1-D) (Q1-E ADTQ1-E)))
USER(9): USER(9): > Initializing a new case 
 
> Open file: Saving new generated situation. 
 
> Opening output file/stream for :  < New-Batch/ij1/ij1-300.2 > 
 File Closed (at 1). 

; cpu time (non-gc) 6,380 msec user, 190 msec system
; cpu time (gc)     310 msec user, 10 msec system
; cpu time (total)  6,690 msec user, 200 msec system
; real time  8,395 msec
; space allocation:
 457,961 cons cells,;  513 symbols, 2,048,096 other bytes
(((Q1-A ADTQ1-A) (Q1-B ADTQ1-B) (Q1-C ADTQ1-C) (Q1-I ADTQ1-I) (Q1-G ADTQ1-G)
  (Q1-F ADTQ1-F) (Q1-H ADTQ1-H) (Q1-D ADTQ1-D) (Q1-E ADTQ1-E)))
USER(10): USER(10): > Initializing a new case 
 
> Open file: Saving new generated situation. 
 
> Opening output file/stream for :  < New-Batch/ij1/ij1-300.3 > 
 File Closed (at 1). 

; cpu time (non-gc) 6,160 msec user, 80 msec system
; cpu time (gc)     320 msec user, 0 msec system
; cpu time (total)  6,480 msec user, 80 msec system
; real time  9,056 msec
; space allocation:
 437,545 cons cells,;  494 symbols, 1,937,920 other bytes
(((Q1-A ADTQ1-A) (Q1-C ADTQ1-C) (Q1-B ADTQ1-B) (Q1-I ADTQ1-I) (Q1-G ADTQ1-G)
  (Q1-F ADTQ1-F) (Q1-H ADTQ1-H) (Q1-D ADTQ1-D) (Q1-E ADTQ1-E)))
USER(11): USER(11): > Initializing a new case 
 
> Open file: Saving new generated situation. 
 
> Opening output file/stream for :  < New-Batch/ij1/ij1-300.4 > 
 File Closed (at 1). 

; cpu time (non-gc) 15,890 msec user, 640 msec system
; cpu time (gc)     510 msec user, 10 msec system
; cpu time (total)  16,400 msec user, 650 msec system
; real time  22,350 msec
; space allocation:
 646,249 cons cells,;  507 symbols, 5,343,984 other bytes
(((Q1-A ADTQ1-A) (Q1-B ADTQ1-B) (Q1-C ADTQ1-C) (Q1-I ADTQ1-I) (Q1-G ADTQ1-G)
  (Q1-F ADTQ1-F) (Q1-H ADTQ1-H) (Q1-D ADTQ1-D) (Q1-E ADTQ1-E)))
USER(12): USER(12): > Initializing a new case 
 
> Open file: Saving new generated situation. 
 
> Opening output file/stream for :  < New-Batch/ij1/ij1-300.5 > 
 File Closed (at 1). 

; cpu time (non-gc) 8,530 msec user, 260 msec system
; cpu time (gc)     300 msec user, 0 msec system
; cpu time (total)  8,830 msec user, 260 msec system
; real time  10,247 msec
; space allocation:
 518,234 cons cells,;  563 symbols, 2,755,104 other bytes
(((Q1-A ADTQ1-A) (Q1-B ADTQ1-B) (Q1-C ADTQ1-C) (Q1-I ADTQ1-I) (Q1-G ADTQ1-G)
  (Q1-F ADTQ1-F) (Q1-H ADTQ1-H) (Q1-D ADTQ1-D) (Q1-E ADTQ1-E)))
USER(13): USER(13): > Initializing a new case 
 
> Open file: Saving new generated situation. 
 
> Opening output file/stream for :  < New-Batch/ij1/ij1-300.6 > 
 File Closed (at 1). 

; cpu time (non-gc) 6,300 msec user, 170 msec system
; cpu time (gc)     340 msec user, 0 msec system
; cpu time (total)  6,640 msec user, 170 msec system
; real time  8,212 msec
; space allocation:
 457,920 cons cells,;  513 symbols, 2,032,040 other bytes
(((Q1-A ADTQ1-A) (Q1-B ADTQ1-B) (Q1-C ADTQ1-C) (Q1-I ADTQ1-I) (Q1-G ADTQ1-G)
  (Q1-F ADTQ1-F) (Q1-H ADTQ1-H) (Q1-D ADTQ1-D) (Q1-E ADTQ1-E)))
USER(14): USER(14): > Initializing a new case 
 
> Open file: Saving new generated situation. 
 
> Opening output file/stream for :  < New-Batch/ij1/ij1-300.7 > 
 File Closed (at 1). 

; cpu time (non-gc) 8,810 msec user, 260 msec system
; cpu time (gc)     370 msec user, 20 msec system
; cpu time (total)  9,180 msec user, 280 msec system
; real time  10,602 msec
; space allocation:
 538,914 cons cells,;  548 symbols, 3,117,528 other bytes
(((Q1-A ADTQ1-A) (Q1-B ADTQ1-B) (Q1-C ADTQ1-C) (Q1-G ADTQ1-G) (Q1-I ADTQ1-I)
  (Q1-F ADTQ1-F) (Q1-H ADTQ1-H) (Q1-D ADTQ1-D) (Q1-E ADTQ1-E)))
USER(15): USER(15): > Initializing a new case 
 
> Open file: Saving new generated situation. 
 
> Opening output file/stream for :  < New-Batch/ij1/ij1-300.8 > 
 File Closed (at 1). 

; cpu time (non-gc) 7,670 msec user, 220 msec system
; cpu time (gc)     340 msec user, 0 msec system
; cpu time (total)  8,010 msec user, 220 msec system
; real time  9,667 msec
; space allocation:
 539,484 cons cells,;  529 symbols, 2,556,392 other bytes
(((Q1-A ADTQ1-A) (Q1-B ADTQ1-B) (Q1-C ADTQ1-C) (Q1-I ADTQ1-I) (Q1-G ADTQ1-G)
  (Q1-F ADTQ1-F) (Q1-H ADTQ1-H) (Q1-D ADTQ1-D) (Q1-E ADTQ1-E)))
USER(16): USER(16): > Initializing a new case 
 
> Open file: Saving new generated situation. 
 
> Opening output file/stream for :  < New-Batch/ij1/ij1-300.9 > 
 File Closed (at 1). 

; cpu time (non-gc) 13,690 msec user, 520 msec system
; cpu time (gc)     450 msec user, 10 msec system
; cpu time (total)  14,140 msec user, 530 msec system
; real time  16,128 msec
; space allocation:
 592,218 cons cells,;  539 symbols, 4,703,304 other bytes
(((Q1-B ADTQ1-B) (Q1-A ADTQ1-A) (Q1-C ADTQ1-C) (Q1-I ADTQ1-I) (Q1-H ADTQ1-H)
  (Q1-G ADTQ1-G) (Q1-F ADTQ1-F) (Q1-D ADTQ1-D) (Q1-E ADTQ1-E)))
USER(17): USER(17): > Initializing a new case 
 
> Open file: Saving new generated situation. 
 
> Opening output file/stream for :  < New-Batch/ij1/ij1-300.99 > 
 File Closed (at 1). 

; cpu time (non-gc) 11,600 msec user, 500 msec system
; cpu time (gc)     440 msec user, 0 msec system
; cpu time (total)  12,040 msec user, 500 msec system
; real time  13,718 msec
; space allocation:
 599,665 cons cells,;  559 symbols, 4,205,152 other bytes
(((Q1-A ADTQ1-A) (Q1-B ADTQ1-B) (Q1-C ADTQ1-C) (Q1-I ADTQ1-I) (Q1-G ADTQ1-G)
  (Q1-F ADTQ1-F) (Q1-H ADTQ1-H) (Q1-D ADTQ1-D) (Q1-E ADTQ1-E)))
USER(18): USER(18): **** Noise 350 ****
"**** Noise 350 ****"
USER(19): 
NIL
USER(20): 
NIL
USER(21): > Initializing a new case 
 
> Open file: Saving new generated situation. 
 
> Opening output file/stream for :  < New-Batch/ij1/ij1-350.1 > 
 File Closed (at 1). 

; cpu time (non-gc) 13,960 msec user, 340 msec system
; cpu time (gc)     440 msec user, 20 msec system
; cpu time (total)  14,400 msec user, 360 msec system
; real time  16,231 msec
; space allocation:
 655,815 cons cells,;  649 symbols, 4,041,072 other bytes
(((Q1-A ADTQ1-A) (Q1-B ADTQ1-B) (Q1-C ADTQ1-C) (Q1-I ADTQ1-I) (Q1-G ADTQ1-G)
  (Q1-F ADTQ1-F) (Q1-H ADTQ1-H) (Q1-D ADTQ1-D) (Q1-E ADTQ1-E)))
USER(22): USER(22): > Initializing a new case 
 
> Open file: Saving new generated situation. 
 
> Opening output file/stream for :  < New-Batch/ij1/ij1-350.2 > 
 File Closed (at 1). 

; cpu time (non-gc) 10,090 msec user, 310 msec system
; cpu time (gc)     460 msec user, 0 msec system
; cpu time (total)  10,550 msec user, 310 msec system
; real time  12,605 msec
; space allocation:
 581,537 cons cells,;  600 symbols, 3,198,320 other bytes
(((Q1-A ADTQ1-A) (Q1-B ADTQ1-B) (Q1-C ADTQ1-C) (Q1-I ADTQ1-I) (Q1-G ADTQ1-G)
  (Q1-F ADTQ1-F) (Q1-H ADTQ1-H) (Q1-D ADTQ1-D) (Q1-E ADTQ1-E)))
USER(23): USER(23): > Initializing a new case 
 
> Open file: Saving new generated situation. 
 
> Opening output file/stream for :  < New-Batch/ij1/ij1-350.3 > 
 File Closed (at 1). 

; cpu time (non-gc) 8,490 msec user, 190 msec system
; cpu time (gc)     400 msec user, 20 msec system
; cpu time (total)  8,890 msec user, 210 msec system
; real time  15,363 msec
; space allocation:
 527,141 cons cells,;  578 symbols, 2,418,112 other bytes
(((Q1-A ADTQ1-A) (Q1-B ADTQ1-B) (Q1-C ADTQ1-C) (Q1-I ADTQ1-I) (Q1-G ADTQ1-G)
  (Q1-F ADTQ1-F) (Q1-H ADTQ1-H) (Q1-D ADTQ1-D) (Q1-E ADTQ1-E)))
USER(24): USER(24): > Initializing a new case 
 
> Open file: Saving new generated situation. 
 
> Opening output file/stream for :  < New-Batch/ij1/ij1-350.4 > 
 File Closed (at 1). 

; cpu time (non-gc) 22,070 msec user, 770 msec system
; cpu time (gc)     620 msec user, 20 msec system
; cpu time (total)  22,690 msec user, 790 msec system
; real time  25,944 msec
; space allocation:
 811,529 cons cells,;  598 symbols, 7,256,008 other bytes
(((Q1-A ADTQ1-A) (Q1-B ADTQ1-B) (Q1-C ADTQ1-C) (Q1-I ADTQ1-I) (Q1-G ADTQ1-G)
  (Q1-F ADTQ1-F) (Q1-H ADTQ1-H) (Q1-D ADTQ1-D) (Q1-E ADTQ1-E)))
USER(25): USER(25): > Initializing a new case 
 
> Open file: Saving new generated situation. 
 
> Opening output file/stream for :  < New-Batch/ij1/ij1-350.5 > 
 File Closed (at 1). 

; cpu time (non-gc) 20,800 msec user, 820 msec system
; cpu time (gc)     500 msec user, 0 msec system
; cpu time (total)  21,300 msec user, 820 msec system
; real time  24,508 msec
; space allocation:
 802,894 cons cells,;  667 symbols, 6,553,072 other bytes
(((Q1-A ADTQ1-A) (Q1-B ADTQ1-B) (Q1-C ADTQ1-C) (Q1-I ADTQ1-I) (Q1-G ADTQ1-G)
  (Q1-F ADTQ1-F) (Q1-H ADTQ1-H) (Q1-D ADTQ1-D) (Q1-E ADTQ1-E)))
USER(26): USER(26): > Initializing a new case 
 
> Open file: Saving new generated situation. 
 
> Opening output file/stream for :  < New-Batch/ij1/ij1-350.6 > 
 File Closed (at 1). 

; cpu time (non-gc) 9,890 msec user, 260 msec system
; cpu time (gc)     450 msec user, 30 msec system
; cpu time (total)  10,340 msec user, 290 msec system
; real time  11,852 msec
; space allocation:
 581,540 cons cells,;  600 symbols, 3,146,832 other bytes
(((Q1-A ADTQ1-A) (Q1-B ADTQ1-B) (Q1-C ADTQ1-C) (Q1-I ADTQ1-I) (Q1-G ADTQ1-G)
  (Q1-F ADTQ1-F) (Q1-H ADTQ1-H) (Q1-D ADTQ1-D) (Q1-E ADTQ1-E)))
USER(27): USER(27): > Initializing a new case 
 
> Open file: Saving new generated situation. 
 
> Opening output file/stream for :  < New-Batch/ij1/ij1-350.7 > 
 File Closed (at 1). 

; cpu time (non-gc) 12,480 msec user, 410 msec system
; cpu time (gc)     590 msec user, 0 msec system
; cpu time (total)  13,070 msec user, 410 msec system
; real time  14,878 msec
; space allocation:
 656,762 cons cells,;  619 symbols, 4,220,512 other bytes
(((Q1-A ADTQ1-A) (Q1-B ADTQ1-B) (Q1-C ADTQ1-C) (Q1-G ADTQ1-G) (Q1-F ADTQ1-F)
  (Q1-I ADTQ1-I) (Q1-H ADTQ1-H) (Q1-D ADTQ1-D) (Q1-E ADTQ1-E)))
USER(28): USER(28): > Initializing a new case 
 
> Open file: Saving new generated situation. 
 
> Opening output file/stream for :  < New-Batch/ij1/ij1-350.8 > 
 File Closed (at 1). 

; cpu time (non-gc) 11,160 msec user, 340 msec system
; cpu time (gc)     500 msec user, 10 msec system
; cpu time (total)  11,660 msec user, 350 msec system
; real time  13,772 msec
; space allocation:
 606,205 cons cells,;  621 symbols, 3,357,256 other bytes
(((Q1-A ADTQ1-A) (Q1-B ADTQ1-B) (Q1-C ADTQ1-C) (Q1-I ADTQ1-I) (Q1-G ADTQ1-G)
  (Q1-F ADTQ1-F) (Q1-H ADTQ1-H) (Q1-D ADTQ1-D) (Q1-E ADTQ1-E)))
USER(29): USER(29): > Initializing a new case 
 
> Open file: Saving new generated situation. 
 
> Opening output file/stream for :  < New-Batch/ij1/ij1-350.9 > 
 File Closed (at 1). 

; cpu time (non-gc) 19,300 msec user, 490 msec system
; cpu time (gc)     550 msec user, 0 msec system
; cpu time (total)  19,850 msec user, 490 msec system
; real time  28,273 msec
; space allocation:
 741,043 cons cells,;  623 symbols, 6,137,616 other bytes
(((Q1-A ADTQ1-A) (Q1-B ADTQ1-B) (Q1-C ADTQ1-C) (Q1-I ADTQ1-I) (Q1-H ADTQ1-H)
  (Q1-G ADTQ1-G) (Q1-F ADTQ1-F) (Q1-D ADTQ1-D) (Q1-E ADTQ1-E)))
USER(30): USER(30): > Initializing a new case 
 
> Open file: Saving new generated situation. 
 
> Opening output file/stream for :  < New-Batch/ij1/ij1-350.99 > 
 File Closed (at 1). 

; cpu time (non-gc) 17,140 msec user, 770 msec system
; cpu time (gc)     690 msec user, 0 msec system
; cpu time (total)  17,830 msec user, 770 msec system
; real time  22,727 msec
; space allocation:
 755,566 cons cells,;  636 symbols, 5,933,328 other bytes
(((Q1-A ADTQ1-A) (Q1-B ADTQ1-B) (Q1-C ADTQ1-C) (Q1-I ADTQ1-I) (Q1-G ADTQ1-G)
  (Q1-F ADTQ1-F) (Q1-H ADTQ1-H) (Q1-D ADTQ1-D) (Q1-E ADTQ1-E)))
USER(31): USER(31): **** Noise 400 ****
"**** Noise 400 ****"
USER(32): 
NIL
USER(33): 
NIL
USER(34): > Initializing a new case 
 
> Open file: Saving new generated situation. 
 
> Opening output file/stream for :  < New-Batch/ij1/ij1-400.1 > 
 File Closed (at 1). 

; cpu time (non-gc) 20,780 msec user, 620 msec system
; cpu time (gc)     660 msec user, 0 msec system
; cpu time (total)  21,440 msec user, 620 msec system
; real time  25,889 msec
; space allocation:
 827,922 cons cells,;  735 symbols, 5,917,808 other bytes
(((Q1-A ADTQ1-A) (Q1-B ADTQ1-B) (Q1-C ADTQ1-C) (Q1-I ADTQ1-I) (Q1-G ADTQ1-G)
  (Q1-F ADTQ1-F) (Q1-H ADTQ1-H) (Q1-D ADTQ1-D) (Q1-E ADTQ1-E)))
USER(35): USER(35): > Initializing a new case 
 
> Open file: Saving new generated situation. 
 
> Opening output file/stream for :  < New-Batch/ij1/ij1-400.2 > 
 File Closed (at 1). 

; cpu time (non-gc) 14,660 msec user, 490 msec system
; cpu time (gc)     520 msec user, 20 msec system
; cpu time (total)  15,180 msec user, 510 msec system
; real time  17,529 msec
; space allocation:
 724,807 cons cells,;  694 symbols, 4,466,472 other bytes
(((Q1-A ADTQ1-A) (Q1-B ADTQ1-B) (Q1-C ADTQ1-C) (Q1-I ADTQ1-I) (Q1-G ADTQ1-G)
  (Q1-F ADTQ1-F) (Q1-H ADTQ1-H) (Q1-D ADTQ1-D) (Q1-E ADTQ1-E)))
USER(36): USER(36): > Initializing a new case 
 
> Open file: Saving new generated situation. 
 
> Opening output file/stream for :  < New-Batch/ij1/ij1-400.3 > 
 File Closed (at 1). 

; cpu time (non-gc) 10,270 msec user, 270 msec system
; cpu time (gc)     500 msec user, 0 msec system
; cpu time (total)  10,770 msec user, 270 msec system
; real time  12,033 msec
; space allocation:
 629,509 cons cells,;  668 symbols, 3,087,512 other bytes
(((Q1-A ADTQ1-A) (Q1-B ADTQ1-B) (Q1-C ADTQ1-C) (Q1-I ADTQ1-I) (Q1-G ADTQ1-G)
  (Q1-F ADTQ1-F) (Q1-H ADTQ1-H) (Q1-D ADTQ1-D) (Q1-E ADTQ1-E)))
USER(37): USER(37): > Initializing a new case 
 
> Open file: Saving new generated situation. 
 
> Opening output file/stream for :  < New-Batch/ij1/ij1-400.4 > 
 File Closed (at 1). 

; cpu time (non-gc) 54,310 msec user, 2,090 msec system
; cpu time (gc)     890 msec user, 0 msec system
; cpu time (total)  55,200 msec user, 2,090 msec system
; real time  64,066 msec (00:01:04.066)
; space allocation:
 1,348,538 cons cells,;  700 symbols, 15,756,048 other bytes
(((Q1-A ADTQ1-A) (Q1-B ADTQ1-B) (Q1-C ADTQ1-C) (Q1-I ADTQ1-I) (Q1-G ADTQ1-G)
  (Q1-F ADTQ1-F) (Q1-H ADTQ1-H) (Q1-D ADTQ1-D) (Q1-E ADTQ1-E)))
USER(38): USER(38): > Initializing a new case 
 
> Open file: Saving new generated situation. 
 
> Opening output file/stream for :  < New-Batch/ij1/ij1-400.5 > 
 File Closed (at 1). 

; cpu time (non-gc) 33,490 msec user, 1,410 msec system
; cpu time (gc)     660 msec user, 30 msec system
; cpu time (total)  34,150 msec user, 1,440 msec system
; real time  43,177 msec
; space allocation:
 1,018,994 cons cells,;  748 symbols, 9,198,152 other bytes
(((Q1-A ADTQ1-A) (Q1-B ADTQ1-B) (Q1-C ADTQ1-C) (Q1-I ADTQ1-I) (Q1-G ADTQ1-G)
  (Q1-F ADTQ1-F) (Q1-H ADTQ1-H) (Q1-D ADTQ1-D) (Q1-E ADTQ1-E)))
USER(39): USER(39): > Initializing a new case 
 
> Open file: Saving new generated situation. 
 
> Opening output file/stream for :  < New-Batch/ij1/ij1-400.6 > 
 File Closed (at 1). 

; cpu time (non-gc) 16,370 msec user, 540 msec system
; cpu time (gc)     650 msec user, 10 msec system
; cpu time (total)  17,020 msec user, 550 msec system
; real time  17,760 msec
; space allocation:
 724,787 cons cells,;  694 symbols, 4,466,232 other bytes
(((Q1-A ADTQ1-A) (Q1-B ADTQ1-B) (Q1-C ADTQ1-C) (Q1-I ADTQ1-I) (Q1-G ADTQ1-G)
  (Q1-F ADTQ1-F) (Q1-H ADTQ1-H) (Q1-D ADTQ1-D) (Q1-E ADTQ1-E)))
USER(40): USER(40): > Initializing a new case 
 
> Open file: Saving new generated situation. 
 
> Opening output file/stream for :  < New-Batch/ij1/ij1-400.7 > 
 File Closed (at 1). 

; cpu time (non-gc) 11,260 msec user, 380 msec system
; cpu time (gc)     590 msec user, 10 msec system
; cpu time (total)  11,850 msec user, 390 msec system
; real time  12,365 msec
; space allocation:
 654,951 cons cells,;  724 symbols, 3,145,016 other bytes
(((Q1-A ADTQ1-A) (Q1-B ADTQ1-B) (Q1-G ADTQ1-G) (Q1-F ADTQ1-F) (Q1-C ADTQ1-C)
  (Q1-I ADTQ1-I) (Q1-H ADTQ1-H) (Q1-D ADTQ1-D) (Q1-E ADTQ1-E)))
USER(41): USER(41): > Initializing a new case 
 
> Open file: Saving new generated situation. 
 
> Opening output file/stream for :  < New-Batch/ij1/ij1-400.8 > 
 File Closed (at 1). 

; cpu time (non-gc) 14,470 msec user, 560 msec system
; cpu time (gc)     820 msec user, 30 msec system
; cpu time (total)  15,290 msec user, 590 msec system
; real time  16,144 msec
; space allocation:
 700,262 cons cells,;  708 symbols, 4,011,392 other bytes
(((Q1-A ADTQ1-A) (Q1-B ADTQ1-B) (Q1-C ADTQ1-C) (Q1-I ADTQ1-I) (Q1-G ADTQ1-G)
  (Q1-F ADTQ1-F) (Q1-H ADTQ1-H) (Q1-D ADTQ1-D) (Q1-E ADTQ1-E)))
USER(42): USER(42): > Initializing a new case 
 
> Open file: Saving new generated situation. 
 
> Opening output file/stream for :  < New-Batch/ij1/ij1-400.9 > 
 File Closed (at 1). 

; cpu time (non-gc) 29,850 msec user, 910 msec system
; cpu time (gc)     740 msec user, 10 msec system
; cpu time (total)  30,590 msec user, 920 msec system
; real time  40,050 msec
; space allocation:
 945,891 cons cells,;  718 symbols, 8,941,256 other bytes
(((Q1-A ADTQ1-A) (Q1-B ADTQ1-B) (Q1-C ADTQ1-C) (Q1-I ADTQ1-I) (Q1-H ADTQ1-H)
  (Q1-G ADTQ1-G) (Q1-F ADTQ1-F) (Q1-D ADTQ1-D) (Q1-E ADTQ1-E)))
USER(43): USER(43): > Initializing a new case 
 
> Open file: Saving new generated situation. 
 
> Opening output file/stream for :  < New-Batch/ij1/ij1-400.99 > 
 File Closed (at 1). 

; cpu time (non-gc) 20,240 msec user, 790 msec system
; cpu time (gc)     650 msec user, 10 msec system
; cpu time (total)  20,890 msec user, 800 msec system
; real time  24,219 msec
; space allocation:
 887,634 cons cells,;  728 symbols, 6,735,808 other bytes
(((Q1-A ADTQ1-A) (Q1-B ADTQ1-B) (Q1-I ADTQ1-I) (Q1-C ADTQ1-C) (Q1-G ADTQ1-G)
  (Q1-F ADTQ1-F) (Q1-H ADTQ1-H) (Q1-D ADTQ1-D) (Q1-E ADTQ1-E)))
USER(44): USER(44): **** Noise 450 ****
"**** Noise 450 ****"
USER(45): 
NIL
USER(46): 
NIL
USER(47): > Initializing a new case 
 
> Open file: Saving new generated situation. 
 
> Opening output file/stream for :  < New-Batch/ij1/ij1-450.1 > 
 File Closed (at 1). 

; cpu time (non-gc) 35,950 msec user, 1,280 msec system
; cpu time (gc)     740 msec user, 0 msec system
; cpu time (total)  36,690 msec user, 1,280 msec system
; real time  40,133 msec
; space allocation:
 1,007,943 cons cells,;  829 symbols, 8,333,960 other bytes
(((Q1-A ADTQ1-A) (Q1-B ADTQ1-B) (Q1-C ADTQ1-C) (Q1-I ADTQ1-I) (Q1-H ADTQ1-H)
  (Q1-G ADTQ1-G) (Q1-F ADTQ1-F) (Q1-D ADTQ1-D) (Q1-E ADTQ1-E)))
USER(48): USER(48): > Initializing a new case 
 
> Open file: Saving new generated situation. 
 
> Opening output file/stream for :  < New-Batch/ij1/ij1-450.2 > 
 File Closed (at 1). 

; cpu time (non-gc) 21,420 msec user, 770 msec system
; cpu time (gc)     7,250 msec user, 1,880 msec system
; cpu time (total)  28,670 msec user, 2,650 msec system
; real time  44,597 msec
; space allocation:
 849,213 cons cells,;  787 symbols, 5,554,784 other bytes
(((Q1-A ADTQ1-A) (Q1-B ADTQ1-B) (Q1-C ADTQ1-C) (Q1-I ADTQ1-I) (Q1-G ADTQ1-G)
  (Q1-F ADTQ1-F) (Q1-H ADTQ1-H) (Q1-D ADTQ1-D) (Q1-E ADTQ1-E)))
USER(49): USER(49): > Initializing a new case 
 
> Open file: Saving new generated situation. 
 
> Opening output file/stream for :  < New-Batch/ij1/ij1-450.3 > 
 File Closed (at 1). 

; cpu time (non-gc) 16,890 msec user, 370 msec system
; cpu time (gc)     710 msec user, 0 msec system
; cpu time (total)  17,600 msec user, 370 msec system
; real time  25,732 msec
; space allocation:
 782,078 cons cells,;  743 symbols, 4,634,696 other bytes
(((Q1-A ADTQ1-A) (Q1-B ADTQ1-B) (Q1-C ADTQ1-C) (Q1-I ADTQ1-I) (Q1-G ADTQ1-G)
  (Q1-F ADTQ1-F) (Q1-H ADTQ1-H) (Q1-D ADTQ1-D) (Q1-E ADTQ1-E)))
USER(50): USER(50): > Initializing a new case 
 
> Open file: Saving new generated situation. 
 
> Opening output file/stream for :  < New-Batch/ij1/ij1-450.4 > 
 File Closed (at 1). 

; cpu time (non-gc) 65,540 msec (00:01:05.540) user, 2,540 msec system
; cpu time (gc)     830 msec user, 10 msec system
; cpu time (total)  66,370 msec (00:01:06.370) user, 2,550 msec system
; real time  79,720 msec (00:01:19.720)
; space allocation:
 1,500,811 cons cells,;  789 symbols, 17,161,128 other bytes
(((Q1-A ADTQ1-A) (Q1-B ADTQ1-B) (Q1-C ADTQ1-C) (Q1-I ADTQ1-I) (Q1-G ADTQ1-G)
  (Q1-F ADTQ1-F) (Q1-H ADTQ1-H) (Q1-D ADTQ1-D) (Q1-E ADTQ1-E)))
USER(51): USER(51): > Initializing a new case 
 
> Open file: Saving new generated situation. 
 
> Opening output file/stream for :  < New-Batch/ij1/ij1-450.5 > 
 File Closed (at 1). 

; cpu time (non-gc) 41,910 msec user, 1,900 msec system
; cpu time (gc)     870 msec user, 10 msec system
; cpu time (total)  42,780 msec user, 1,910 msec system
; real time  45,862 msec
; space allocation:
 1,171,017 cons cells,;  832 symbols, 10,628,344 other bytes
(((Q1-A ADTQ1-A) (Q1-B ADTQ1-B) (Q1-C ADTQ1-C) (Q1-I ADTQ1-I) (Q1-G ADTQ1-G)
  (Q1-F ADTQ1-F) (Q1-H ADTQ1-H) (Q1-D ADTQ1-D) (Q1-E ADTQ1-E)))
USER(52): USER(52): > Initializing a new case 
 
> Open file: Saving new generated situation. 
 
> Opening output file/stream for :  < New-Batch/ij1/ij1-450.6 > 
 File Closed (at 1). 

; cpu time (non-gc) 21,620 msec user, 900 msec system
; cpu time (gc)     800 msec user, 10 msec system
; cpu time (total)  22,420 msec user, 910 msec system
; real time  24,428 msec
; space allocation:
 849,190 cons cells,;  787 symbols, 5,400,976 other bytes
(((Q1-A ADTQ1-A) (Q1-B ADTQ1-B) (Q1-C ADTQ1-C) (Q1-I ADTQ1-I) (Q1-G ADTQ1-G)
  (Q1-F ADTQ1-F) (Q1-H ADTQ1-H) (Q1-D ADTQ1-D) (Q1-E ADTQ1-E)))
USER(53): USER(53): > Initializing a new case 
 
> Open file: Saving new generated situation. 
 
> Opening output file/stream for :  < New-Batch/ij1/ij1-450.7 > 
 File Closed (at 1). 

; cpu time (non-gc) 14,040 msec user, 360 msec system
; cpu time (gc)     750 msec user, 0 msec system
; cpu time (total)  14,790 msec user, 360 msec system
; real time  15,674 msec
; space allocation:
 751,371 cons cells,;  818 symbols, 3,562,896 other bytes
(((Q1-A ADTQ1-A) (Q1-B ADTQ1-B) (Q1-G ADTQ1-G) (Q1-F ADTQ1-F) (Q1-C ADTQ1-C)
  (Q1-I ADTQ1-I) (Q1-H ADTQ1-H) (Q1-D ADTQ1-D) (Q1-E ADTQ1-E)))
USER(54): USER(54): > Initializing a new case 
 
> Open file: Saving new generated situation. 
 
> Opening output file/stream for :  < New-Batch/ij1/ij1-450.8 > 
 File Closed (at 1). 

; cpu time (non-gc) 18,870 msec user, 600 msec system
; cpu time (gc)     1,040 msec user, 0 msec system
; cpu time (total)  19,910 msec user, 600 msec system
; real time  26,034 msec
; space allocation:
 811,697 cons cells,;  806 symbols, 4,750,160 other bytes
(((Q1-A ADTQ1-A) (Q1-B ADTQ1-B) (Q1-C ADTQ1-C) (Q1-I ADTQ1-I) (Q1-G ADTQ1-G)
  (Q1-F ADTQ1-F) (Q1-H ADTQ1-H) (Q1-D ADTQ1-D) (Q1-E ADTQ1-E)))
USER(55): USER(55): > Initializing a new case 
 
> Open file: Saving new generated situation. 
 
> Opening output file/stream for :  < New-Batch/ij1/ij1-450.9 > 
 File Closed (at 1). 

; cpu time (non-gc) 31,340 msec user, 1,430 msec system
; cpu time (gc)     870 msec user, 10 msec system
; cpu time (total)  32,210 msec user, 1,440 msec system
; real time  40,692 msec
; space allocation:
 1,174,487 cons cells,;  825 symbols, 9,828,992 other bytes
(((Q1-A ADTQ1-A) (Q1-B ADTQ1-B) (Q1-C ADTQ1-C) (Q1-I ADTQ1-I) (Q1-G ADTQ1-G)
  (Q1-F ADTQ1-F) (Q1-H ADTQ1-H) (Q1-D ADTQ1-D) (Q1-E ADTQ1-E)))
USER(56): USER(56): > Initializing a new case 
 
> Open file: Saving new generated situation. 
 
> Opening output file/stream for :  < New-Batch/ij1/ij1-450.99 > 
 File Closed (at 1). 

; cpu time (non-gc) 37,120 msec user, 1,660 msec system
; cpu time (gc)     820 msec user, 10 msec system
; cpu time (total)  37,940 msec user, 1,670 msec system
; real time  52,054 msec
; space allocation:
 1,166,295 cons cells,;  807 symbols, 10,733,496 other bytes
(((Q1-A ADTQ1-A) (Q1-B ADTQ1-B) (Q1-C ADTQ1-C) (Q1-I ADTQ1-I) (Q1-G ADTQ1-G)
  (Q1-F ADTQ1-F) (Q1-H ADTQ1-H) (Q1-D ADTQ1-D) (Q1-E ADTQ1-E)))
USER(57): USER(57): ; Exiting Lisp
