Allegro CL 4.2 [SPARC; R1] (2/1/95 11:34)
Copyright (C) 1985-1993, Franz Inc., Berkeley, CA, USA.  All Rights Reserved.
;   Loading /fsys4/u/sgwoods/qcsp/load.lisp.
;     Fast loading /fsys4/u/sgwoods/qcsp/bm.fasl.
;     Fast loading /fsys4/u/sgwoods/qcsp/bt.fasl.
;     Fast loading /fsys4/u/sgwoods/qcsp/ct.fasl.
;     Fast loading /fsys4/u/sgwoods/qcsp/utility.fasl.
;     Loading /fsys4/u/sgwoods/qcsp/compile.lisp.
;     Fast loading /fsys4/u/sgwoods/qcsp/quilici-search.fasl.
;     Fast loading /fsys4/u/sgwoods/qcsp/adt-simple.fasl.
;     Fast loading /fsys4/u/sgwoods/qcsp/adt-setup.fasl.
;     Fast loading /fsys4/u/sgwoods/qcsp/memory-csp.fasl.
;; Optimization settings: safety 1, space 1, speed 1, debug 2
;; For a complete description of all compiler switches given the current
;; optimization settings evaluate (EXPLAIN-COMPILER-SETTINGS).
USER(1): USER(1): USER(1): Q ADT ICSE Testing (FCDR only PART)
"Q ADT ICSE Testing (FCDR only PART)"
USER(2): 
NIL
USER(3): 
NIL
USER(4): ; Loading /fsys4/u/sgwoods/qcsp/load.lisp.
;   Fast loading /fsys4/u/sgwoods/qcsp/bm.fasl.
;   Fast loading /fsys4/u/sgwoods/qcsp/bt.fasl.
;   Fast loading /fsys4/u/sgwoods/qcsp/ct.fasl.
;   Fast loading /fsys4/u/sgwoods/qcsp/utility.fasl.
;   Loading /fsys4/u/sgwoods/qcsp/compile.lisp.
;   Fast loading /fsys4/u/sgwoods/qcsp/quilici-search.fasl.
;   Fast loading /fsys4/u/sgwoods/qcsp/adt-simple.fasl.
;   Fast loading /fsys4/u/sgwoods/qcsp/adt-setup.fasl.
;   Fast loading /fsys4/u/sgwoods/qcsp/memory-csp.fasl.
T
USER(5): USER(5): **** Noise 700 ****
"**** Noise 700 ****"
USER(6): 
NIL
USER(7): 
NIL
USER(8): > Open file: Saving new generated situation. 
 
> Close file: new generated situation. 
 
> Opening output file/stream for :  < Q-Batch-Freeze/ij3/ij3-700.1 > 
 File Closed (at 1). 

; cpu time (non-gc) 38,590 msec user, 180 msec system
; cpu time (gc)     760 msec user, 40 msec system
; cpu time (total)  39,350 msec user, 220 msec system
; real time  41,858 msec
; space allocation:
 870,746 cons cells,;  1,306 symbols, 8,750,144 other bytes
NIL
USER(9): USER(9): > Open file: Saving new generated situation. 
 
> Close file: new generated situation. 
 
> Opening output file/stream for :  < Q-Batch-Freeze/ij3/ij3-700.2 > 
 File Closed (at 1). 

; cpu time (non-gc) 32,950 msec user, 70 msec system
; cpu time (gc)     490 msec user, 20 msec system
; cpu time (total)  33,440 msec user, 90 msec system
; real time  35,246 msec
; space allocation:
 672,985 cons cells,;  1,267 symbols, 7,668,504 other bytes
(((Q1-I ADTQ1-I) (Q1-B ADTQ1-B) (Q1-G ADTQ1-G) (Q1-A ADTQ1-A) (Q1-F ADTQ1-F)
  (Q1-H ADTQ1-H) (Q1-C ADTQ1-C) (Q1-D ADTQ1-D) (Q1-E ADTQ1-E)))
USER(10): USER(10): > Open file: Saving new generated situation. 
 
> Close file: new generated situation. 
 
> Opening output file/stream for :  < Q-Batch-Freeze/ij3/ij3-700.3 > 
 File Closed (at 1). 

; cpu time (non-gc) 20,230 msec user, 100 msec system
; cpu time (gc)     480 msec user, 0 msec system
; cpu time (total)  20,710 msec user, 100 msec system
; real time  21,771 msec
; space allocation:
 987,328 cons cells,;  1,225 symbols, 5,333,472 other bytes
(((Q1-F ADTQ1-F) (Q1-B ADTQ1-B) (Q1-H ADTQ1-H) (Q1-C ADTQ1-C) (Q1-A ADTQ1-A)
  (Q1-G ADTQ1-G) (Q1-I ADTQ1-I) (Q1-D ADTQ1-D) (Q1-E ADTQ1-E)))
USER(11): USER(11): > Open file: Saving new generated situation. 
 
> Close file: new generated situation. 
 
> Opening output file/stream for :  < Q-Batch-Freeze/ij3/ij3-700.4 > 
 File Closed (at 1). 

; cpu time (non-gc) 23,510 msec user, 80 msec system
; cpu time (gc)     530 msec user, 30 msec system
; cpu time (total)  24,040 msec user, 110 msec system
; real time  25,130 msec
; space allocation:
 1,242,955 cons cells,;  1,237 symbols, 6,224,952 other bytes
(((Q1-F ADTQ1-F) (Q1-B ADTQ1-B) (Q1-G ADTQ1-G) (Q1-I ADTQ1-I) (Q1-H ADTQ1-H)
  (Q1-C ADTQ1-C) (Q1-A ADTQ1-A) (Q1-D ADTQ1-D) (Q1-E ADTQ1-E)))
USER(12): USER(12): > Open file: Saving new generated situation. 
 
> Close file: new generated situation. 
 
> Opening output file/stream for :  < Q-Batch-Freeze/ij3/ij3-700.5 > 
 File Closed (at 1). 

; cpu time (non-gc) 41,160 msec user, 90 msec system
; cpu time (gc)     640 msec user, 10 msec system
; cpu time (total)  41,800 msec user, 100 msec system
; real time  43,347 msec
; space allocation:
 940,297 cons cells,;  1,279 symbols, 9,696,240 other bytes
(((Q1-I ADTQ1-I) (Q1-B ADTQ1-B) (Q1-G ADTQ1-G) (Q1-F ADTQ1-F) (Q1-H ADTQ1-H)
  (Q1-C ADTQ1-C) (Q1-A ADTQ1-A) (Q1-D ADTQ1-D) (Q1-E ADTQ1-E)))
USER(13): USER(13): > Open file: Saving new generated situation. 
 
> Close file: new generated situation. 
 
> Opening output file/stream for :  < Q-Batch-Freeze/ij3/ij3-700.6 > 
 File Closed (at 1). 

; cpu time (non-gc) 33,290 msec user, 120 msec system
; cpu time (gc)     630 msec user, 10 msec system
; cpu time (total)  33,920 msec user, 130 msec system
; real time  35,378 msec
; space allocation:
 673,119 cons cells,;  1,267 symbols, 7,667,712 other bytes
(((Q1-I ADTQ1-I) (Q1-B ADTQ1-B) (Q1-G ADTQ1-G) (Q1-A ADTQ1-A) (Q1-F ADTQ1-F)
  (Q1-H ADTQ1-H) (Q1-C ADTQ1-C) (Q1-D ADTQ1-D) (Q1-E ADTQ1-E)))
USER(14): USER(14): > Open file: Saving new generated situation. 
 
> Close file: new generated situation. 
 
> Opening output file/stream for :  < Q-Batch-Freeze/ij3/ij3-700.7 > 
 File Closed (at 1). 

; cpu time (non-gc) 95,470 msec (00:01:35.470) user, 130 msec system
; cpu time (gc)     820 msec user, 10 msec system
; cpu time (total)  96,290 msec (00:01:36.290) user, 140 msec system
; real time  100,418 msec (00:01:40.418)
; space allocation:
 1,795,881 cons cells,;  1,278 symbols, 27,329,256 other bytes
NIL
USER(15): USER(15): > Open file: Saving new generated situation. 
 
> Close file: new generated situation. 
 
> Opening output file/stream for :  < Q-Batch-Freeze/ij3/ij3-700.8 > 
 File Closed (at 1). 

; cpu time (non-gc) 38,520 msec user, 100 msec system
; cpu time (gc)     580 msec user, 10 msec system
; cpu time (total)  39,100 msec user, 110 msec system
; real time  40,176 msec
; space allocation:
 881,508 cons cells,;  1,251 symbols, 8,621,496 other bytes
(((Q1-I ADTQ1-I) (Q1-B ADTQ1-B) (Q1-G ADTQ1-G) (Q1-A ADTQ1-A) (Q1-F ADTQ1-F)
  (Q1-H ADTQ1-H) (Q1-C ADTQ1-C) (Q1-D ADTQ1-D) (Q1-E ADTQ1-E)))
USER(16): USER(16): > Open file: Saving new generated situation. 
 
> Close file: new generated situation. 
 
> Opening output file/stream for :  < Q-Batch-Freeze/ij3/ij3-700.9 > 
 File Closed (at 1). 

; cpu time (non-gc) 33,950 msec user, 90 msec system
; cpu time (gc)     530 msec user, 10 msec system
; cpu time (total)  34,480 msec user, 100 msec system
; real time  35,278 msec
; space allocation:
 777,878 cons cells,;  1,286 symbols, 7,919,312 other bytes
(((Q1-I ADTQ1-I) (Q1-B ADTQ1-B) (Q1-G ADTQ1-G) (Q1-F ADTQ1-F) (Q1-A ADTQ1-A)
  (Q1-H ADTQ1-H) (Q1-C ADTQ1-C) (Q1-D ADTQ1-D) (Q1-E ADTQ1-E)))
USER(17): USER(17): > Open file: Saving new generated situation. 
 
> Close file: new generated situation. 
 
> Opening output file/stream for :  < Q-Batch-Freeze/ij3/ij3-700.99 > 
 File Closed (at 1). 

; cpu time (non-gc) 27,120 msec user, 90 msec system
; cpu time (gc)     710 msec user, 20 msec system
; cpu time (total)  27,830 msec user, 110 msec system
; real time  29,164 msec
; space allocation:
 1,610,214 cons cells,;  1,282 symbols, 6,387,208 other bytes
NIL
USER(18): USER(18): Error: File "/fsys4/u/sgwoods/qcsp/ADT-Random/Rnd" does not exist.
  [condition type: FILE-ERROR]

[1] USER(19): :pop
USER(19): EOF
Really exit lisp [n]? 
; Exiting Lisp
