Allegro CL 4.2 [SPARC; R1] (2/1/95 11:34)
Copyright (C) 1985-1993, Franz Inc., Berkeley, CA, USA.  All Rights Reserved.
;   Loading /fsys4/u/sgwoods/qcsp/load.lisp.
;     Fast loading /fsys4/u/sgwoods/qcsp/bm.fasl.
;     Fast loading /fsys4/u/sgwoods/qcsp/bt.fasl.
;     Fast loading /fsys4/u/sgwoods/qcsp/ct.fasl.
;     Fast loading /fsys4/u/sgwoods/qcsp/utility.fasl.
;     Loading /fsys4/u/sgwoods/qcsp/compile.lisp.
;     Fast loading /fsys4/u/sgwoods/qcsp/quilici-search.fasl.
;     Fast loading /fsys4/u/sgwoods/qcsp/adt-simple.fasl.
;     Fast loading /fsys4/u/sgwoods/qcsp/adt-setup.fasl.
;     Fast loading /fsys4/u/sgwoods/qcsp/memory-csp.fasl.
;; Optimization settings: safety 1, space 1, speed 1, debug 2
;; For a complete description of all compiler switches given the current
;; optimization settings evaluate (EXPLAIN-COMPILER-SETTINGS).
USER(1): USER(1): Q ADT ICSE Testing (FCDR only PART)
"Q ADT ICSE Testing (FCDR only PART)"
USER(2): 
NIL
USER(3): 
NIL
USER(4): ; Loading /fsys4/u/sgwoods/qcsp/load.lisp.
;   Fast loading /fsys4/u/sgwoods/qcsp/bm.fasl.
;   Fast loading /fsys4/u/sgwoods/qcsp/bt.fasl.
;   Fast loading /fsys4/u/sgwoods/qcsp/ct.fasl.
;   Fast loading /fsys4/u/sgwoods/qcsp/utility.fasl.
;   Loading /fsys4/u/sgwoods/qcsp/compile.lisp.
;   Fast loading /fsys4/u/sgwoods/qcsp/quilici-search.fasl.
;   Fast loading /fsys4/u/sgwoods/qcsp/adt-simple.fasl.
;   Fast loading /fsys4/u/sgwoods/qcsp/adt-setup.fasl.
;   Fast loading /fsys4/u/sgwoods/qcsp/memory-csp.fasl.
T
USER(5): USER(5): **** Noise 650 ****
"**** Noise 650 ****"
USER(6): 
NIL
USER(7): 
NIL
USER(8): > Open file: Saving new generated situation. 
 
> Close file: new generated situation. 
 
> Opening output file/stream for :  < Q-Batch-Freeze/ij3/ij3-650.1 > 
 File Closed (at 1). 

; cpu time (non-gc) 39,070 msec user, 260 msec system
; cpu time (gc)     780 msec user, 50 msec system
; cpu time (total)  39,850 msec user, 310 msec system
; real time  42,660 msec
; space allocation:
 1,267,127 cons cells,;  1,221 symbols, 10,961,328 other bytes
(((Q1-C ADTQ1-C) (Q1-H ADTQ1-H) (Q1-F ADTQ1-F) (Q1-A ADTQ1-A) (Q1-B ADTQ1-B)
  (Q1-I ADTQ1-I) (Q1-G ADTQ1-G) (Q1-D ADTQ1-D) (Q1-E ADTQ1-E)))
USER(9): USER(9): > Open file: Saving new generated situation. 
 
> Close file: new generated situation. 
 
> Opening output file/stream for :  < Q-Batch-Freeze/ij3/ij3-650.2 > 
 File Closed (at 1). 

; cpu time (non-gc) 26,560 msec user, 90 msec system
; cpu time (gc)     490 msec user, 30 msec system
; cpu time (total)  27,050 msec user, 120 msec system
; real time  28,212 msec
; space allocation:
 1,556,503 cons cells,;  1,171 symbols, 6,791,768 other bytes
(((Q1-H ADTQ1-H) (Q1-F ADTQ1-F) (Q1-B ADTQ1-B) (Q1-G ADTQ1-G) (Q1-A ADTQ1-A)
  (Q1-C ADTQ1-C) (Q1-I ADTQ1-I) (Q1-D ADTQ1-D) (Q1-E ADTQ1-E)))
USER(10): USER(10): > Open file: Saving new generated situation. 
 
> Close file: new generated situation. 
 
> Opening output file/stream for :  < Q-Batch-Freeze/ij3/ij3-650.3 > 
 File Closed (at 1). 

; cpu time (non-gc) 17,340 msec user, 70 msec system
; cpu time (gc)     440 msec user, 0 msec system
; cpu time (total)  17,780 msec user, 70 msec system
; real time  18,854 msec
; space allocation:
 820,947 cons cells,;  1,140 symbols, 4,719,088 other bytes
(((Q1-F ADTQ1-F) (Q1-H ADTQ1-H) (Q1-C ADTQ1-C) (Q1-A ADTQ1-A) (Q1-G ADTQ1-G)
  (Q1-D ADTQ1-D) (Q1-B ADTQ1-B) (Q1-E ADTQ1-E) (Q1-I ADTQ1-I)))
USER(11): USER(11): > Open file: Saving new generated situation. 
 
> Close file: new generated situation. 
 
> Opening output file/stream for :  < Q-Batch-Freeze/ij3/ij3-650.4 > 
 File Closed (at 1). 

; cpu time (non-gc) 13,620 msec user, 50 msec system
; cpu time (gc)     400 msec user, 20 msec system
; cpu time (total)  14,020 msec user, 70 msec system
; real time  14,702 msec
; space allocation:
 293,838 cons cells,;  1,133 symbols, 3,357,488 other bytes
(((Q1-A ADTQ1-A) (Q1-G ADTQ1-G) (Q1-B ADTQ1-B) (Q1-I ADTQ1-I) (Q1-F ADTQ1-F)
  (Q1-H ADTQ1-H) (Q1-C ADTQ1-C) (Q1-D ADTQ1-D) (Q1-E ADTQ1-E)))
USER(12): USER(12): > Open file: Saving new generated situation. 
 
> Close file: new generated situation. 
 
> Opening output file/stream for :  < Q-Batch-Freeze/ij3/ij3-650.5 > 
 File Closed (at 1). 

; cpu time (non-gc) 115,770 msec (00:01:55.770) user, 110 msec system
; cpu time (gc)     1,130 msec user, 0 msec system
; cpu time (total)  116,900 msec (00:01:56.900) user, 110 msec system
; real time  119,744 msec (00:01:59.744)
; space allocation:
 1,820,989 cons cells,;  1,203 symbols, 27,679,256 other bytes
(((Q1-E ADTQ1-E) (Q1-D ADTQ1-D) (Q1-C ADTQ1-C) (Q1-H ADTQ1-H) (Q1-F ADTQ1-F)
  (Q1-B ADTQ1-B) (Q1-I ADTQ1-I) (Q1-A ADTQ1-A) (Q1-G ADTQ1-G)))
USER(13): USER(13): > Open file: Saving new generated situation. 
 
> Close file: new generated situation. 
 
> Opening output file/stream for :  < Q-Batch-Freeze/ij3/ij3-650.6 > 
 File Closed (at 1). 

; cpu time (non-gc) 26,700 msec user, 80 msec system
; cpu time (gc)     570 msec user, 0 msec system
; cpu time (total)  27,270 msec user, 80 msec system
; real time  27,663 msec
; space allocation:
 1,557,403 cons cells,;  1,171 symbols, 6,790,976 other bytes
(((Q1-H ADTQ1-H) (Q1-F ADTQ1-F) (Q1-B ADTQ1-B) (Q1-G ADTQ1-G) (Q1-A ADTQ1-A)
  (Q1-C ADTQ1-C) (Q1-I ADTQ1-I) (Q1-D ADTQ1-D) (Q1-E ADTQ1-E)))
USER(14): USER(14): > Open file: Saving new generated situation. 
 
> Close file: new generated situation. 
 
> Opening output file/stream for :  < Q-Batch-Freeze/ij3/ij3-650.7 > 
 File Closed (at 1). 

; cpu time (non-gc) 24,760 msec user, 90 msec system
; cpu time (gc)     570 msec user, 20 msec system
; cpu time (total)  25,330 msec user, 110 msec system
; real time  26,059 msec
; space allocation:
 1,171,303 cons cells,;  1,189 symbols, 6,050,648 other bytes
NIL
USER(15): USER(15): > Open file: Saving new generated situation. 
 
> Close file: new generated situation. 
 
> Opening output file/stream for :  < Q-Batch-Freeze/ij3/ij3-650.8 > 
 File Closed (at 1). 

; cpu time (non-gc) 35,030 msec user, 80 msec system
; cpu time (gc)     600 msec user, 10 msec system
; cpu time (total)  35,630 msec user, 90 msec system
; real time  36,125 msec
; space allocation:
 874,137 cons cells,;  1,166 symbols, 8,621,376 other bytes
(((Q1-G ADTQ1-G) (Q1-A ADTQ1-A) (Q1-F ADTQ1-F) (Q1-B ADTQ1-B) (Q1-I ADTQ1-I)
  (Q1-H ADTQ1-H) (Q1-C ADTQ1-C) (Q1-D ADTQ1-D) (Q1-E ADTQ1-E)))
USER(16): USER(16): > Open file: Saving new generated situation. 
 
> Close file: new generated situation. 
 
> Opening output file/stream for :  < Q-Batch-Freeze/ij3/ij3-650.9 > 
 File Closed (at 1). 

; cpu time (non-gc) 25,720 msec user, 30 msec system
; cpu time (gc)     620 msec user, 10 msec system
; cpu time (total)  26,340 msec user, 40 msec system
; real time  26,542 msec
; space allocation:
 544,987 cons cells,;  1,187 symbols, 6,402,368 other bytes
(((Q1-I ADTQ1-I) (Q1-B ADTQ1-B) (Q1-G ADTQ1-G) (Q1-A ADTQ1-A) (Q1-F ADTQ1-F)
  (Q1-H ADTQ1-H) (Q1-C ADTQ1-C) (Q1-D ADTQ1-D) (Q1-E ADTQ1-E)))
USER(17): USER(17): > Open file: Saving new generated situation. 
 
> Close file: new generated situation. 
 
> Opening output file/stream for :  < Q-Batch-Freeze/ij3/ij3-650.99 > 
 File Closed (at 1). 

; cpu time (non-gc) 17,750 msec user, 90 msec system
; cpu time (gc)     630 msec user, 0 msec system
; cpu time (total)  18,380 msec user, 90 msec system
; real time  18,594 msec
; space allocation:
 526,814 cons cells,;  1,192 symbols, 4,034,888 other bytes
NIL
USER(18): USER(18): USER(18): USER(18): ; Exiting Lisp
