Allegro CL 4.2 [SPARC; R1] (2/1/95 11:34)
Copyright (C) 1985-1993, Franz Inc., Berkeley, CA, USA.  All Rights Reserved.
;   Loading /fsys4/u/sgwoods/qcsp/load.lisp.
;     Fast loading /fsys4/u/sgwoods/qcsp/bm.fasl.
;     Fast loading /fsys4/u/sgwoods/qcsp/bt.fasl.
;     Fast loading /fsys4/u/sgwoods/qcsp/ct.fasl.
;     Fast loading /fsys4/u/sgwoods/qcsp/utility.fasl.
;     Loading /fsys4/u/sgwoods/qcsp/compile.lisp.
;     Fast loading /fsys4/u/sgwoods/qcsp/quilici-search.fasl.
;     Fast loading /fsys4/u/sgwoods/qcsp/adt-simple.fasl.
;     Fast loading /fsys4/u/sgwoods/qcsp/adt-setup.fasl.
;     Fast loading /fsys4/u/sgwoods/qcsp/memory-csp.fasl.
;; Optimization settings: safety 1, space 1, speed 1, debug 2
;; For a complete description of all compiler switches given the current
;; optimization settings evaluate (EXPLAIN-COMPILER-SETTINGS).
USER(1): USER(1): USER(1): Q ADT ICSE Testing (FCDR only PART)
"Q ADT ICSE Testing (FCDR only PART)"
USER(2): 
NIL
USER(3): 
NIL
USER(4): ; Loading /fsys4/u/sgwoods/qcsp/load.lisp.
;   Fast loading /fsys4/u/sgwoods/qcsp/bm.fasl.
;   Fast loading /fsys4/u/sgwoods/qcsp/bt.fasl.
;   Fast loading /fsys4/u/sgwoods/qcsp/ct.fasl.
;   Fast loading /fsys4/u/sgwoods/qcsp/utility.fasl.
;   Loading /fsys4/u/sgwoods/qcsp/compile.lisp.
;   Fast loading /fsys4/u/sgwoods/qcsp/quilici-search.fasl.
;   Fast loading /fsys4/u/sgwoods/qcsp/adt-simple.fasl.
;   Fast loading /fsys4/u/sgwoods/qcsp/adt-setup.fasl.
;   Fast loading /fsys4/u/sgwoods/qcsp/memory-csp.fasl.
T
USER(5): USER(5): USER(5): **** Noise 750 ****
"**** Noise 750 ****"
USER(6): 
NIL
USER(7): 
NIL
USER(8): > Open file: Saving new generated situation. 
 
> Close file: new generated situation. 
 
> Opening output file/stream for :  < Q-Batch-Freeze/ij3/ij3-750.1 > 
 File Closed (at 1). 

; cpu time (non-gc) 133,720 msec (00:02:13.720) user, 170 msec system
; cpu time (gc)     1,130 msec user, 100 msec system
; cpu time (total)  134,850 msec (00:02:14.850) user, 270 msec system
; real time  135,613 msec (00:02:15.613)
; space allocation:
 2,617,040 cons cells,;  1,407 symbols, 37,367,256 other bytes
NIL
USER(9): USER(9): > Open file: Saving new generated situation. 
 
> Close file: new generated situation. 
 
> Opening output file/stream for :  < Q-Batch-Freeze/ij3/ij3-750.2 > 
 File Closed (at 1). 

; cpu time (non-gc) 18,690 msec user, 50 msec system
; cpu time (gc)     500 msec user, 30 msec system
; cpu time (total)  19,190 msec user, 80 msec system
; real time  20,180 msec
; space allocation:
 710,061 cons cells,;  1,368 symbols, 4,023,168 other bytes
(((Q1-A ADTQ1-A) (Q1-F ADTQ1-F) (Q1-H ADTQ1-H) (Q1-C ADTQ1-C) (Q1-B ADTQ1-B)
  (Q1-I ADTQ1-I) (Q1-G ADTQ1-G) (Q1-D ADTQ1-D) (Q1-E ADTQ1-E)))
USER(10): USER(10): > Open file: Saving new generated situation. 
 
> Close file: new generated situation. 
 
> Opening output file/stream for :  < Q-Batch-Freeze/ij3/ij3-750.3 > 
 File Closed (at 1). 

; cpu time (non-gc) 93,590 msec (00:01:33.590) user, 140 msec system
; cpu time (gc)     700 msec user, 0 msec system
; cpu time (total)  94,290 msec (00:01:34.290) user, 140 msec system
; real time  95,006 msec (00:01:35.006)
; space allocation:
 2,034,770 cons cells,;  1,332 symbols, 25,676,944 other bytes
(((Q1-E ADTQ1-E) (Q1-D ADTQ1-D) (Q1-C ADTQ1-C) (Q1-H ADTQ1-H) (Q1-F ADTQ1-F)
  (Q1-B ADTQ1-B) (Q1-I ADTQ1-I) (Q1-A ADTQ1-A) (Q1-G ADTQ1-G)))
USER(11): USER(11): > Open file: Saving new generated situation. 
 
> Close file: new generated situation. 
 
> Opening output file/stream for :  < Q-Batch-Freeze/ij3/ij3-750.4 > 
 File Closed (at 1). 

; cpu time (non-gc) 26,010 msec user, 60 msec system
; cpu time (gc)     540 msec user, 10 msec system
; cpu time (total)  26,550 msec user, 70 msec system
; real time  27,463 msec
; space allocation:
 1,490,287 cons cells,;  1,330 symbols, 6,850,112 other bytes
(((Q1-F ADTQ1-F) (Q1-B ADTQ1-B) (Q1-A ADTQ1-A) (Q1-I ADTQ1-I) (Q1-H ADTQ1-H)
  (Q1-C ADTQ1-C) (Q1-G ADTQ1-G) (Q1-D ADTQ1-D) (Q1-E ADTQ1-E)))
USER(12): USER(12): > Open file: Saving new generated situation. 
 
> Close file: new generated situation. 
 
> Opening output file/stream for :  < Q-Batch-Freeze/ij3/ij3-750.5 > 
 File Closed (at 1). 

; cpu time (non-gc) 124,940 msec (00:02:04.940) user, 190 msec system
; cpu time (gc)     950 msec user, 40 msec system
; cpu time (total)  125,890 msec (00:02:05.890) user, 230 msec system
; real time  133,389 msec (00:02:13.389)
; space allocation:
 1,973,644 cons cells,;  1,381 symbols, 33,343,112 other bytes
(((Q1-D ADTQ1-D) (Q1-E ADTQ1-E) (Q1-C ADTQ1-C) (Q1-H ADTQ1-H) (Q1-F ADTQ1-F)
  (Q1-B ADTQ1-B) (Q1-G ADTQ1-G) (Q1-A ADTQ1-A) (Q1-I ADTQ1-I)))
USER(13): USER(13): > Open file: Saving new generated situation. 
 
> Close file: new generated situation. 
 
> Opening output file/stream for :  < Q-Batch-Freeze/ij3/ij3-750.6 > 
 File Closed (at 1). 

; cpu time (non-gc) 18,890 msec user, 100 msec system
; cpu time (gc)     630 msec user, 10 msec system
; cpu time (total)  19,520 msec user, 110 msec system
; real time  20,195 msec
; space allocation:
 710,014 cons cells,;  1,368 symbols, 4,046,784 other bytes
(((Q1-A ADTQ1-A) (Q1-F ADTQ1-F) (Q1-H ADTQ1-H) (Q1-C ADTQ1-C) (Q1-B ADTQ1-B)
  (Q1-I ADTQ1-I) (Q1-G ADTQ1-G) (Q1-D ADTQ1-D) (Q1-E ADTQ1-E)))
USER(14): USER(14): > Open file: Saving new generated situation. 
 
> Close file: new generated situation. 
 
> Opening output file/stream for :  < Q-Batch-Freeze/ij3/ij3-750.7 > 
 File Closed (at 1). 

; cpu time (non-gc) 48,400 msec user, 200 msec system
; cpu time (gc)     730 msec user, 20 msec system
; cpu time (total)  49,130 msec user, 220 msec system
; real time  50,334 msec
; space allocation:
 909,416 cons cells,;  1,371 symbols, 9,618,496 other bytes
NIL
USER(15): USER(15): > Open file: Saving new generated situation. 
 
> Close file: new generated situation. 
 
> Opening output file/stream for :  < Q-Batch-Freeze/ij3/ij3-750.8 > 
 File Closed (at 1). 

; cpu time (non-gc) 46,640 msec user, 110 msec system
; cpu time (gc)     790 msec user, 10 msec system
; cpu time (total)  47,430 msec user, 120 msec system
; real time  48,287 msec
; space allocation:
 1,182,197 cons cells,;  1,349 symbols, 10,675,872 other bytes
(((Q1-G ADTQ1-G) (Q1-B ADTQ1-B) (Q1-A ADTQ1-A) (Q1-I ADTQ1-I) (Q1-F ADTQ1-F)
  (Q1-H ADTQ1-H) (Q1-C ADTQ1-C) (Q1-D ADTQ1-D) (Q1-E ADTQ1-E)))
USER(16): USER(16): > Open file: Saving new generated situation. 
 
> Close file: new generated situation. 
 
> Opening output file/stream for :  < Q-Batch-Freeze/ij3/ij3-750.9 > 
 File Closed (at 1). 

; cpu time (non-gc) 20,630 msec user, 90 msec system
; cpu time (gc)     740 msec user, 0 msec system
; cpu time (total)  21,370 msec user, 90 msec system
; real time  21,801 msec
; space allocation:
 591,504 cons cells,;  1,367 symbols, 4,542,056 other bytes
(((Q1-B ADTQ1-B) (Q1-I ADTQ1-I) (Q1-G ADTQ1-G) (Q1-A ADTQ1-A) (Q1-F ADTQ1-F)
  (Q1-H ADTQ1-H) (Q1-C ADTQ1-C) (Q1-D ADTQ1-D) (Q1-E ADTQ1-E)))
USER(17): USER(17): > Open file: Saving new generated situation. 
 
> Close file: new generated situation. 
 
> Opening output file/stream for :  < Q-Batch-Freeze/ij3/ij3-750.99 > 
 File Closed (at 1). 

; cpu time (non-gc) 112,850 msec (00:01:52.850) user, 150 msec system
; cpu time (gc)     790 msec user, 40 msec system
; cpu time (total)  113,640 msec (00:01:53.640) user, 190 msec system
; real time  116,758 msec (00:01:56.758)
; space allocation:
 2,208,466 cons cells,;  1,390 symbols, 31,531,768 other bytes
NIL
USER(18): USER(18): **** Noise 800 ****
"**** Noise 800 ****"
USER(19): 
NIL
USER(20): 
NIL
USER(21): > Open file: Saving new generated situation. 
 
> Close file: new generated situation. 
 
> Opening output file/stream for :  < Q-Batch-Freeze/ij3/ij3-800.1 > 
 File Closed (at 1). 

; cpu time (non-gc) 55,380 msec user, 120 msec system
; cpu time (gc)     910 msec user, 10 msec system
; cpu time (total)  56,290 msec user, 130 msec system
; real time  59,014 msec
; space allocation:
 1,218,060 cons cells,;  1,510 symbols, 10,989,952 other bytes
NIL
USER(22): USER(22): > Open file: Saving new generated situation. 
 
> Close file: new generated situation. 
 
> Opening output file/stream for :  < Q-Batch-Freeze/ij3/ij3-800.2 > 
 File Closed (at 1). 

; cpu time (non-gc) 63,310 msec (00:01:03.310) user, 210 msec system
; cpu time (gc)     700 msec user, 10 msec system
; cpu time (total)  64,010 msec (00:01:04.010) user, 220 msec system
; real time  65,438 msec (00:01:05.438)
; space allocation:
 1,420,368 cons cells,;  1,453 symbols, 12,744,208 other bytes
(((Q1-G ADTQ1-G) (Q1-A ADTQ1-A) (Q1-B ADTQ1-B) (Q1-I ADTQ1-I) (Q1-F ADTQ1-F)
  (Q1-H ADTQ1-H) (Q1-C ADTQ1-C) (Q1-D ADTQ1-D) (Q1-E ADTQ1-E)))
USER(23): USER(23): > Open file: Saving new generated situation. 
 
> Close file: new generated situation. 
 
> Opening output file/stream for :  < Q-Batch-Freeze/ij3/ij3-800.3 > 
 File Closed (at 1). 

; cpu time (non-gc) 50,330 msec user, 80 msec system
; cpu time (gc)     890 msec user, 20 msec system
; cpu time (total)  51,220 msec user, 100 msec system
; real time  52,164 msec
; space allocation:
 953,809 cons cells,;  1,417 symbols, 10,131,664 other bytes
(((Q1-G ADTQ1-G) (Q1-B ADTQ1-B) (Q1-I ADTQ1-I) (Q1-F ADTQ1-F) (Q1-A ADTQ1-A)
  (Q1-H ADTQ1-H) (Q1-C ADTQ1-C) (Q1-D ADTQ1-D) (Q1-E ADTQ1-E)))
USER(24): USER(24): > Open file: Saving new generated situation. 
 
> Close file: new generated situation. 
 
> Opening output file/stream for :  < Q-Batch-Freeze/ij3/ij3-800.4 > 
 File Closed (at 1). 

; cpu time (non-gc) 47,190 msec user, 100 msec system
; cpu time (gc)     750 msec user, 20 msec system
; cpu time (total)  47,940 msec user, 120 msec system
; real time  48,453 msec
; space allocation:
 2,412,298 cons cells,;  1,410 symbols, 10,197,376 other bytes
(((Q1-H ADTQ1-H) (Q1-C ADTQ1-C) (Q1-F ADTQ1-F) (Q1-B ADTQ1-B) (Q1-I ADTQ1-I)
  (Q1-A ADTQ1-A) (Q1-G ADTQ1-G) (Q1-D ADTQ1-D) (Q1-E ADTQ1-E)))
USER(25): USER(25): > Open file: Saving new generated situation. 
 
> Close file: new generated situation. 
 
> Opening output file/stream for :  < Q-Batch-Freeze/ij3/ij3-800.5 > 
 File Closed (at 1). 

; cpu time (non-gc) 48,250 msec user, 110 msec system
; cpu time (gc)     960 msec user, 20 msec system
; cpu time (total)  49,210 msec user, 130 msec system
; real time  49,900 msec
; space allocation:
 1,659,035 cons cells,;  1,467 symbols, 11,685,448 other bytes
(((Q1-C ADTQ1-C) (Q1-H ADTQ1-H) (Q1-F ADTQ1-F) (Q1-B ADTQ1-B) (Q1-G ADTQ1-G)
  (Q1-I ADTQ1-I) (Q1-A ADTQ1-A) (Q1-D ADTQ1-D) (Q1-E ADTQ1-E)))
USER(26): USER(26): > Open file: Saving new generated situation. 
 
> Close file: new generated situation. 
 
> Opening output file/stream for :  < Q-Batch-Freeze/ij3/ij3-800.6 > 
 File Closed (at 1). 

; cpu time (non-gc) 63,300 msec (00:01:03.300) user, 170 msec system
; cpu time (gc)     770 msec user, 30 msec system
; cpu time (total)  64,070 msec (00:01:04.070) user, 200 msec system
; real time  65,126 msec (00:01:05.126)
; space allocation:
 1,420,306 cons cells,;  1,453 symbols, 12,749,032 other bytes
(((Q1-G ADTQ1-G) (Q1-A ADTQ1-A) (Q1-B ADTQ1-B) (Q1-I ADTQ1-I) (Q1-F ADTQ1-F)
  (Q1-H ADTQ1-H) (Q1-C ADTQ1-C) (Q1-D ADTQ1-D) (Q1-E ADTQ1-E)))
USER(27): USER(27): > Open file: Saving new generated situation. 
 
> Close file: new generated situation. 
 
> Opening output file/stream for :  < Q-Batch-Freeze/ij3/ij3-800.7 > 
 File Closed (at 1). 

; cpu time (non-gc) 133,660 msec (00:02:13.660) user, 190 msec system
; cpu time (gc)     900 msec user, 20 msec system
; cpu time (total)  134,560 msec (00:02:14.560) user, 210 msec system
; real time  137,201 msec (00:02:17.201)
; space allocation:
 1,976,757 cons cells,;  1,458 symbols, 35,652,824 other bytes
NIL
USER(28): USER(28): > Open file: Saving new generated situation. 
 
> Close file: new generated situation. 
 
> Opening output file/stream for :  < Q-Batch-Freeze/ij3/ij3-800.8 > 
 File Closed (at 1). 

; cpu time (non-gc) 51,790 msec user, 140 msec system
; cpu time (gc)     970 msec user, 20 msec system
; cpu time (total)  52,760 msec user, 160 msec system
; real time  53,528 msec
; space allocation:
 1,229,371 cons cells,;  1,439 symbols, 11,000,880 other bytes
(((Q1-I ADTQ1-I) (Q1-B ADTQ1-B) (Q1-G ADTQ1-G) (Q1-F ADTQ1-F) (Q1-H ADTQ1-H)
  (Q1-C ADTQ1-C) (Q1-D ADTQ1-D) (Q1-A ADTQ1-A) (Q1-E ADTQ1-E)))
USER(29): USER(29): > Open file: Saving new generated situation. 
 
> Close file: new generated situation. 
 
> Opening output file/stream for :  < Q-Batch-Freeze/ij3/ij3-800.9 > 
 File Closed (at 1). 

; cpu time (non-gc) 56,020 msec user, 140 msec system
; cpu time (gc)     700 msec user, 20 msec system
; cpu time (total)  56,720 msec user, 160 msec system
; real time  57,647 msec
; space allocation:
 1,231,049 cons cells,;  1,464 symbols, 11,685,072 other bytes
(((Q1-G ADTQ1-G) (Q1-A ADTQ1-A) (Q1-B ADTQ1-B) (Q1-I ADTQ1-I) (Q1-F ADTQ1-F)
  (Q1-H ADTQ1-H) (Q1-C ADTQ1-C) (Q1-D ADTQ1-D) (Q1-E ADTQ1-E)))
USER(30): USER(30): > Open file: Saving new generated situation. 
 
> Close file: new generated situation. 
 
> Opening output file/stream for :  < Q-Batch-Freeze/ij3/ij3-800.99 > 
 File Closed (at 1). 

; cpu time (non-gc) 45,400 msec user, 100 msec system
; cpu time (gc)     7,560 msec user, 1,260 msec system
; cpu time (total)  52,960 msec user, 1,360 msec system
; real time  55,747 msec
; space allocation:
 1,171,351 cons cells,;  1,476 symbols, 11,109,392 other bytes
NIL
USER(31): USER(31): **** Noise 850 ****
"**** Noise 850 ****"
USER(32): 
NIL
USER(33): 
NIL
USER(34): > Open file: Saving new generated situation. 
 
> Close file: new generated situation. 
 
> Opening output file/stream for :  < Q-Batch-Freeze/ij3/ij3-850.1 > 
 File Closed (at 1). 

; cpu time (non-gc) 70,310 msec (00:01:10.310) user, 120 msec system
; cpu time (gc)     1,140 msec user, 40 msec system
; cpu time (total)  71,450 msec (00:01:11.450) user, 160 msec system
; real time  72,566 msec (00:01:12.566)
; space allocation:
 4,021,583 cons cells,;  1,608 symbols, 15,097,824 other bytes
NIL
USER(35): USER(35): > Open file: Saving new generated situation. 
 
> Close file: new generated situation. 
 
> Opening output file/stream for :  < Q-Batch-Freeze/ij3/ij3-850.2 > 
 File Closed (at 1). 

; cpu time (non-gc) 75,730 msec (00:01:15.730) user, 120 msec system
; cpu time (gc)     810 msec user, 20 msec system
; cpu time (total)  76,540 msec (00:01:16.540) user, 140 msec system
; real time  77,347 msec (00:01:17.347)
; space allocation:
 1,598,461 cons cells,;  1,565 symbols, 14,086,528 other bytes
NIL
USER(36): USER(36): > Open file: Saving new generated situation. 
 
> Close file: new generated situation. 
 
> Opening output file/stream for :  < Q-Batch-Freeze/ij3/ij3-850.3 > 
 File Closed (at 1). 

; cpu time (non-gc) 142,240 msec (00:02:22.240) user, 140 msec system
; cpu time (gc)     1,030 msec user, 20 msec system
; cpu time (total)  143,270 msec (00:02:23.270) user, 160 msec system
; real time  146,824 msec (00:02:26.824)
; space allocation:
 2,780,296 cons cells,;  1,498 symbols, 31,823,672 other bytes
(((Q1-E ADTQ1-E) (Q1-D ADTQ1-D) (Q1-C ADTQ1-C) (Q1-H ADTQ1-H) (Q1-F ADTQ1-F)
  (Q1-B ADTQ1-B) (Q1-I ADTQ1-I) (Q1-A ADTQ1-A) (Q1-G ADTQ1-G)))
USER(37): USER(37): > Open file: Saving new generated situation. 
 
> Close file: new generated situation. 
 
> Opening output file/stream for :  < Q-Batch-Freeze/ij3/ij3-850.4 > 
 File Closed (at 1). 

; cpu time (non-gc) 146,560 msec (00:02:26.560) user, 70 msec system
; cpu time (gc)     1,000 msec user, 50 msec system
; cpu time (total)  147,560 msec (00:02:27.560) user, 120 msec system
; real time  148,520 msec (00:02:28.520)
; space allocation:
 3,159,479 cons cells,;  1,493 symbols, 35,065,216 other bytes
(((Q1-E ADTQ1-E) (Q1-D ADTQ1-D) (Q1-C ADTQ1-C) (Q1-H ADTQ1-H) (Q1-F ADTQ1-F)
  (Q1-B ADTQ1-B) (Q1-G ADTQ1-G) (Q1-A ADTQ1-A) (Q1-I ADTQ1-I)))
USER(38): USER(38): > Open file: Saving new generated situation. 
 
> Close file: new generated situation. 
 
> Opening output file/stream for :  < Q-Batch-Freeze/ij3/ij3-850.5 > 
 File Closed (at 1). 

; cpu time (non-gc) 40,890 msec user, 60 msec system
; cpu time (gc)     1,070 msec user, 0 msec system
; cpu time (total)  41,960 msec user, 60 msec system
; real time  42,368 msec
; space allocation:
 1,000,854 cons cells,;  1,578 symbols, 7,451,088 other bytes
(((Q1-A ADTQ1-A) (Q1-G ADTQ1-G) (Q1-B ADTQ1-B) (Q1-F ADTQ1-F) (Q1-I ADTQ1-I)
  (Q1-H ADTQ1-H) (Q1-C ADTQ1-C) (Q1-D ADTQ1-D) (Q1-E ADTQ1-E)))
USER(39): USER(39): > Open file: Saving new generated situation. 
 
> Close file: new generated situation. 
 
> Opening output file/stream for :  < Q-Batch-Freeze/ij3/ij3-850.6 > 
 File Closed (at 1). 

; cpu time (non-gc) 76,110 msec (00:01:16.110) user, 110 msec system
; cpu time (gc)     870 msec user, 30 msec system
; cpu time (total)  76,980 msec (00:01:16.980) user, 140 msec system
; real time  78,601 msec (00:01:18.601)
; space allocation:
 1,598,589 cons cells,;  1,565 symbols, 14,086,528 other bytes
NIL
USER(40): USER(40): > Open file: Saving new generated situation. 
 
> Close file: new generated situation. 
 
> Opening output file/stream for :  < Q-Batch-Freeze/ij3/ij3-850.7 > 
 File Closed (at 1). 

; cpu time (non-gc) 31,370 msec user, 90 msec system
; cpu time (gc)     820 msec user, 0 msec system
; cpu time (total)  32,190 msec user, 90 msec system
; real time  32,937 msec
; space allocation:
 1,167,990 cons cells,;  1,545 symbols, 5,961,752 other bytes
NIL
USER(41): USER(41): > Open file: Saving new generated situation. 
 
> Close file: new generated situation. 
 
> Opening output file/stream for :  < Q-Batch-Freeze/ij3/ij3-850.8 > 
 File Closed (at 1). 

; cpu time (non-gc) 38,720 msec user, 40 msec system
; cpu time (gc)     900 msec user, 10 msec system
; cpu time (total)  39,620 msec user, 50 msec system
; real time  40,885 msec
; space allocation:
 2,467,477 cons cells,;  1,528 symbols, 9,196,352 other bytes
(((Q1-F ADTQ1-F) (Q1-A ADTQ1-A) (Q1-B ADTQ1-B) (Q1-I ADTQ1-I) (Q1-G ADTQ1-G)
  (Q1-H ADTQ1-H) (Q1-C ADTQ1-C) (Q1-D ADTQ1-D) (Q1-E ADTQ1-E)))
USER(42): USER(42): > Open file: Saving new generated situation. 
 
> Close file: new generated situation. 
 
> Opening output file/stream for :  < Q-Batch-Freeze/ij3/ij3-850.9 > 
 File Closed (at 1). 

; cpu time (non-gc) 146,120 msec (00:02:26.120) user, 130 msec system
; cpu time (gc)     1,130 msec user, 10 msec system
; cpu time (total)  147,250 msec (00:02:27.250) user, 140 msec system
; real time  152,982 msec (00:02:32.982)
; space allocation:
 2,930,634 cons cells,;  1,544 symbols, 37,357,784 other bytes
(((Q1-E ADTQ1-E) (Q1-D ADTQ1-D) (Q1-C ADTQ1-C) (Q1-H ADTQ1-H) (Q1-F ADTQ1-F)
  (Q1-B ADTQ1-B) (Q1-I ADTQ1-I) (Q1-A ADTQ1-A) (Q1-G ADTQ1-G)))
USER(43): USER(43): > Open file: Saving new generated situation. 
 
> Close file: new generated situation. 
 
> Opening output file/stream for :  < Q-Batch-Freeze/ij3/ij3-850.99 > 
 File Closed (at 1). 

; cpu time (non-gc) 62,510 msec (00:01:02.510) user, 110 msec system
; cpu time (gc)     1,260 msec user, 10 msec system
; cpu time (total)  63,770 msec (00:01:03.770) user, 120 msec system
; real time  66,743 msec (00:01:06.743)
; space allocation:
 1,401,763 cons cells,;  1,566 symbols, 12,868,976 other bytes
NIL
USER(44): USER(44): ; Exiting Lisp
