Allegro CL 4.2 [SPARC; R1] (2/1/95 11:34)
Copyright (C) 1985-1993, Franz Inc., Berkeley, CA, USA.  All Rights Reserved.
;   Loading /fsys4/u/sgwoods/qcsp/load.lisp.
;     Fast loading /fsys4/u/sgwoods/qcsp/bm.fasl.
;     Fast loading /fsys4/u/sgwoods/qcsp/bt.fasl.
;     Fast loading /fsys4/u/sgwoods/qcsp/ct.fasl.
;     Fast loading /fsys4/u/sgwoods/qcsp/utility.fasl.
;     Loading /fsys4/u/sgwoods/qcsp/compile.lisp.
;     Fast loading /fsys4/u/sgwoods/qcsp/quilici-search.fasl.
;     Fast loading /fsys4/u/sgwoods/qcsp/adt-simple.fasl.
;     Fast loading /fsys4/u/sgwoods/qcsp/adt-setup.fasl.
;     Fast loading /fsys4/u/sgwoods/qcsp/memory-csp.fasl.
;; Optimization settings: safety 1, space 1, speed 1, debug 2
;; For a complete description of all compiler switches given the current
;; optimization settings evaluate (EXPLAIN-COMPILER-SETTINGS).
USER(1): USER(1): Q ADT ICSE Testing (FCDR only PART)
"Q ADT ICSE Testing (FCDR only PART)"
USER(2): 
NIL
USER(3): 
NIL
USER(4): ; Loading /fsys4/u/sgwoods/qcsp/load.lisp.
;   Fast loading /fsys4/u/sgwoods/qcsp/bm.fasl.
;   Fast loading /fsys4/u/sgwoods/qcsp/bt.fasl.
;   Fast loading /fsys4/u/sgwoods/qcsp/ct.fasl.
;   Fast loading /fsys4/u/sgwoods/qcsp/utility.fasl.
;   Loading /fsys4/u/sgwoods/qcsp/compile.lisp.
;   Fast loading /fsys4/u/sgwoods/qcsp/quilici-search.fasl.
;   Fast loading /fsys4/u/sgwoods/qcsp/adt-simple.fasl.
;   Fast loading /fsys4/u/sgwoods/qcsp/adt-setup.fasl.
;   Fast loading /fsys4/u/sgwoods/qcsp/memory-csp.fasl.
T
USER(5): USER(5): **** Noise 500 ****
"**** Noise 500 ****"
USER(6): 
NIL
USER(7): 
NIL
USER(8): > Open file: Saving new generated situation. 
 
> Close file: new generated situation. 
 
> Opening output file/stream for :  < Q-Batch-Freeze/ij3/ij3-500.1 > 
 File Closed (at 1). 

; cpu time (non-gc) 10,660 msec user, 160 msec system
; cpu time (gc)     630 msec user, 40 msec system
; cpu time (total)  11,290 msec user, 200 msec system
; real time  12,965 msec
; space allocation:
 308,705 cons cells,;  927 symbols, 3,002,464 other bytes
(((Q1-B ADTQ1-B) (Q1-A ADTQ1-A) (Q1-I ADTQ1-I) (Q1-G ADTQ1-G) (Q1-F ADTQ1-F)
  (Q1-H ADTQ1-H) (Q1-C ADTQ1-C) (Q1-D ADTQ1-D) (Q1-E ADTQ1-E)))
USER(9): USER(9): > Open file: Saving new generated situation. 
 
> Close file: new generated situation. 
 
> Opening output file/stream for :  < Q-Batch-Freeze/ij3/ij3-500.2 > 
 File Closed (at 1). 

; cpu time (non-gc) 12,130 msec user, 80 msec system
; cpu time (gc)     330 msec user, 30 msec system
; cpu time (total)  12,460 msec user, 110 msec system
; real time  12,914 msec
; space allocation:
 541,783 cons cells,;  885 symbols, 3,755,056 other bytes
(((Q1-F ADTQ1-F) (Q1-A ADTQ1-A) (Q1-G ADTQ1-G) (Q1-B ADTQ1-B) (Q1-I ADTQ1-I)
  (Q1-H ADTQ1-H) (Q1-C ADTQ1-C) (Q1-D ADTQ1-D) (Q1-E ADTQ1-E)))
USER(10): USER(10): > Open file: Saving new generated situation. 
 
> Close file: new generated situation. 
 
> Opening output file/stream for :  < Q-Batch-Freeze/ij3/ij3-500.3 > 
 File Closed (at 1). 

; cpu time (non-gc) 13,290 msec user, 70 msec system
; cpu time (gc)     360 msec user, 10 msec system
; cpu time (total)  13,650 msec user, 80 msec system
; real time  13,956 msec
; space allocation:
 272,728 cons cells,;  861 symbols, 4,172,552 other bytes
(((Q1-I ADTQ1-I) (Q1-B ADTQ1-B) (Q1-G ADTQ1-G) (Q1-A ADTQ1-A) (Q1-F ADTQ1-F)
  (Q1-H ADTQ1-H) (Q1-C ADTQ1-C) (Q1-D ADTQ1-D) (Q1-E ADTQ1-E)))
USER(11): USER(11): > Open file: Saving new generated situation. 
 
> Close file: new generated situation. 
 
> Opening output file/stream for :  < Q-Batch-Freeze/ij3/ij3-500.4 > 
 File Closed (at 1). 

; cpu time (non-gc) 16,470 msec user, 50 msec system
; cpu time (gc)     340 msec user, 10 msec system
; cpu time (total)  16,810 msec user, 60 msec system
; real time  17,085 msec
; space allocation:
 338,017 cons cells,;  874 symbols, 4,822,568 other bytes
(((Q1-I ADTQ1-I) (Q1-B ADTQ1-B) (Q1-G ADTQ1-G) (Q1-F ADTQ1-F) (Q1-H ADTQ1-H)
  (Q1-C ADTQ1-C) (Q1-D ADTQ1-D) (Q1-A ADTQ1-A) (Q1-E ADTQ1-E)))
USER(12): USER(12): > Open file: Saving new generated situation. 
 
> Close file: new generated situation. 
 
> Opening output file/stream for :  < Q-Batch-Freeze/ij3/ij3-500.5 > 
 File Closed (at 1). 

; cpu time (non-gc) 23,970 msec user, 70 msec system
; cpu time (gc)     490 msec user, 0 msec system
; cpu time (total)  24,460 msec user, 70 msec system
; real time  25,102 msec
; space allocation:
 503,985 cons cells,;  927 symbols, 6,585,520 other bytes
(((Q1-G ADTQ1-G) (Q1-B ADTQ1-B) (Q1-A ADTQ1-A) (Q1-F ADTQ1-F) (Q1-I ADTQ1-I)
  (Q1-H ADTQ1-H) (Q1-C ADTQ1-C) (Q1-D ADTQ1-D) (Q1-E ADTQ1-E)))
USER(13): USER(13): > Open file: Saving new generated situation. 
 
> Close file: new generated situation. 
 
> Opening output file/stream for :  < Q-Batch-Freeze/ij3/ij3-500.6 > 
 File Closed (at 1). 

; cpu time (non-gc) 11,750 msec user, 90 msec system
; cpu time (gc)     390 msec user, 10 msec system
; cpu time (total)  12,140 msec user, 100 msec system
; real time  12,827 msec
; space allocation:
 541,765 cons cells,;  885 symbols, 3,754,448 other bytes
(((Q1-F ADTQ1-F) (Q1-A ADTQ1-A) (Q1-G ADTQ1-G) (Q1-B ADTQ1-B) (Q1-I ADTQ1-I)
  (Q1-H ADTQ1-H) (Q1-C ADTQ1-C) (Q1-D ADTQ1-D) (Q1-E ADTQ1-E)))
USER(14): USER(14): > Open file: Saving new generated situation. 
 
> Close file: new generated situation. 
 
> Opening output file/stream for :  < Q-Batch-Freeze/ij3/ij3-500.7 > 
 File Closed (at 1). 

; cpu time (non-gc) 15,270 msec user, 40 msec system
; cpu time (gc)     340 msec user, 20 msec system
; cpu time (total)  15,610 msec user, 60 msec system
; real time  16,126 msec
; space allocation:
 305,241 cons cells,;  911 symbols, 4,523,592 other bytes
(((Q1-G ADTQ1-G) (Q1-B ADTQ1-B) (Q1-F ADTQ1-F) (Q1-I ADTQ1-I) (Q1-H ADTQ1-H)
  (Q1-A ADTQ1-A) (Q1-C ADTQ1-C) (Q1-D ADTQ1-D) (Q1-E ADTQ1-E)))
USER(15): USER(15): > Open file: Saving new generated situation. 
 
> Close file: new generated situation. 
 
> Opening output file/stream for :  < Q-Batch-Freeze/ij3/ij3-500.8 > 
 File Closed (at 1). 

; cpu time (non-gc) 15,460 msec user, 90 msec system
; cpu time (gc)     560 msec user, 0 msec system
; cpu time (total)  16,020 msec user, 90 msec system
; real time  16,691 msec
; space allocation:
 905,535 cons cells,;  900 symbols, 5,382,536 other bytes
(((Q1-H ADTQ1-H) (Q1-C ADTQ1-C) (Q1-F ADTQ1-F) (Q1-A ADTQ1-A) (Q1-D ADTQ1-D)
  (Q1-E ADTQ1-E) (Q1-B ADTQ1-B) (Q1-I ADTQ1-I) (Q1-G ADTQ1-G)))
USER(16): USER(16): > Open file: Saving new generated situation. 
 
> Close file: new generated situation. 
 
> Opening output file/stream for :  < Q-Batch-Freeze/ij3/ij3-500.9 > 
 File Closed (at 1). 

; cpu time (non-gc) 44,900 msec user, 80 msec system
; cpu time (gc)     510 msec user, 0 msec system
; cpu time (total)  45,410 msec user, 80 msec system
; real time  46,908 msec
; space allocation:
 877,639 cons cells,;  911 symbols, 13,755,184 other bytes
(((Q1-E ADTQ1-E) (Q1-D ADTQ1-D) (Q1-C ADTQ1-C) (Q1-H ADTQ1-H) (Q1-F ADTQ1-F)
  (Q1-B ADTQ1-B) (Q1-A ADTQ1-A) (Q1-I ADTQ1-I) (Q1-G ADTQ1-G)))
USER(17): USER(17): > Open file: Saving new generated situation. 
 
> Close file: new generated situation. 
 
> Opening output file/stream for :  < Q-Batch-Freeze/ij3/ij3-500.99 > 
 File Closed (at 1). 

; cpu time (non-gc) 10,140 msec user, 100 msec system
; cpu time (gc)     480 msec user, 10 msec system
; cpu time (total)  10,620 msec user, 110 msec system
; real time  11,135 msec
; space allocation:
 457,571 cons cells,;  894 symbols, 3,128,320 other bytes
(((Q1-F ADTQ1-F) (Q1-A ADTQ1-A) (Q1-B ADTQ1-B) (Q1-G ADTQ1-G) (Q1-I ADTQ1-I)
  (Q1-H ADTQ1-H) (Q1-C ADTQ1-C) (Q1-D ADTQ1-D) (Q1-E ADTQ1-E)))
USER(18): USER(18): **** Noise 550 ****
"**** Noise 550 ****"
USER(19): 
NIL
USER(20): 
NIL
USER(21): > Open file: Saving new generated situation. 
 
> Close file: new generated situation. 
 
> Opening output file/stream for :  < Q-Batch-Freeze/ij3/ij3-550.1 > 
 File Closed (at 1). 

; cpu time (non-gc) 21,250 msec user, 70 msec system
; cpu time (gc)     560 msec user, 10 msec system
; cpu time (total)  21,810 msec user, 80 msec system
; real time  23,489 msec
; space allocation:
 1,192,042 cons cells,;  1,019 symbols, 6,311,216 other bytes
(((Q1-H ADTQ1-H) (Q1-C ADTQ1-C) (Q1-F ADTQ1-F) (Q1-A ADTQ1-A) (Q1-G ADTQ1-G)
  (Q1-B ADTQ1-B) (Q1-I ADTQ1-I) (Q1-D ADTQ1-D) (Q1-E ADTQ1-E)))
USER(22): USER(22): > Open file: Saving new generated situation. 
 
> Close file: new generated situation. 
 
> Opening output file/stream for :  < Q-Batch-Freeze/ij3/ij3-550.2 > 
 File Closed (at 1). 

; cpu time (non-gc) 22,130 msec user, 50 msec system
; cpu time (gc)     400 msec user, 0 msec system
; cpu time (total)  22,530 msec user, 50 msec system
; real time  23,484 msec
; space allocation:
 466,691 cons cells,;  968 symbols, 6,075,800 other bytes
(((Q1-G ADTQ1-G) (Q1-B ADTQ1-B) (Q1-F ADTQ1-F) (Q1-H ADTQ1-H) (Q1-I ADTQ1-I)
  (Q1-A ADTQ1-A) (Q1-C ADTQ1-C) (Q1-D ADTQ1-D) (Q1-E ADTQ1-E)))
USER(23): USER(23): > Open file: Saving new generated situation. 
 
> Close file: new generated situation. 
 
> Opening output file/stream for :  < Q-Batch-Freeze/ij3/ij3-550.3 > 
 File Closed (at 1). 

; cpu time (non-gc) 7,500 msec user, 30 msec system
; cpu time (gc)     290 msec user, 0 msec system
; cpu time (total)  7,790 msec user, 30 msec system
; real time  7,872 msec
; space allocation:
 174,775 cons cells,;  956 symbols, 2,228,312 other bytes
(((Q1-A ADTQ1-A) (Q1-F ADTQ1-F) (Q1-B ADTQ1-B) (Q1-I ADTQ1-I) (Q1-H ADTQ1-H)
  (Q1-G ADTQ1-G) (Q1-C ADTQ1-C) (Q1-D ADTQ1-D) (Q1-E ADTQ1-E)))
USER(24): USER(24): > Open file: Saving new generated situation. 
 
> Close file: new generated situation. 
 
> Opening output file/stream for :  < Q-Batch-Freeze/ij3/ij3-550.4 > 
 File Closed (at 1). 

; cpu time (non-gc) 42,250 msec user, 100 msec system
; cpu time (gc)     870 msec user, 30 msec system
; cpu time (total)  43,120 msec user, 130 msec system
; real time  43,890 msec
; space allocation:
 900,708 cons cells,;  972 symbols, 14,766,752 other bytes
(((Q1-D ADTQ1-D) (Q1-E ADTQ1-E) (Q1-C ADTQ1-C) (Q1-H ADTQ1-H) (Q1-F ADTQ1-F)
  (Q1-B ADTQ1-B) (Q1-I ADTQ1-I) (Q1-A ADTQ1-A) (Q1-G ADTQ1-G)))
USER(25): USER(25): > Open file: Saving new generated situation. 
 
> Close file: new generated situation. 
 
> Opening output file/stream for :  < Q-Batch-Freeze/ij3/ij3-550.5 > 
 File Closed (at 1). 

; cpu time (non-gc) 66,350 msec (00:01:06.350) user, 70 msec system
; cpu time (gc)     730 msec user, 20 msec system
; cpu time (total)  67,080 msec (00:01:07.080) user, 90 msec system
; real time  70,182 msec (00:01:10.182)
; space allocation:
 1,262,886 cons cells,;  1,025 symbols, 20,656,384 other bytes
(((Q1-E ADTQ1-E) (Q1-D ADTQ1-D) (Q1-C ADTQ1-C) (Q1-H ADTQ1-H) (Q1-F ADTQ1-F)
  (Q1-B ADTQ1-B) (Q1-G ADTQ1-G) (Q1-A ADTQ1-A) (Q1-I ADTQ1-I)))
USER(26): USER(26): > Open file: Saving new generated situation. 
 
> Close file: new generated situation. 
 
> Opening output file/stream for :  < Q-Batch-Freeze/ij3/ij3-550.6 > 
 File Closed (at 1). 

; cpu time (non-gc) 23,880 msec user, 110 msec system
; cpu time (gc)     640 msec user, 20 msec system
; cpu time (total)  24,520 msec user, 130 msec system
; real time  25,503 msec
; space allocation:
 466,716 cons cells,;  968 symbols, 6,182,672 other bytes
(((Q1-G ADTQ1-G) (Q1-B ADTQ1-B) (Q1-F ADTQ1-F) (Q1-H ADTQ1-H) (Q1-I ADTQ1-I)
  (Q1-A ADTQ1-A) (Q1-C ADTQ1-C) (Q1-D ADTQ1-D) (Q1-E ADTQ1-E)))
USER(27): USER(27): > Open file: Saving new generated situation. 
 
> Close file: new generated situation. 
 
> Opening output file/stream for :  < Q-Batch-Freeze/ij3/ij3-550.7 > 
 File Closed (at 1). 

; cpu time (non-gc) 20,090 msec user, 100 msec system
; cpu time (gc)     450 msec user, 0 msec system
; cpu time (total)  20,540 msec user, 100 msec system
; real time  21,439 msec
; space allocation:
 404,573 cons cells,;  1,008 symbols, 5,428,800 other bytes
(((Q1-G ADTQ1-G) (Q1-A ADTQ1-A) (Q1-F ADTQ1-F) (Q1-H ADTQ1-H) (Q1-C ADTQ1-C)
  (Q1-B ADTQ1-B) (Q1-I ADTQ1-I) (Q1-D ADTQ1-D) (Q1-E ADTQ1-E)))
USER(28): USER(28): > Open file: Saving new generated situation. 
 
> Close file: new generated situation. 
 
> Opening output file/stream for :  < Q-Batch-Freeze/ij3/ij3-550.8 > 
 File Closed (at 1). 

; cpu time (non-gc) 9,840 msec user, 60 msec system
; cpu time (gc)     580 msec user, 10 msec system
; cpu time (total)  10,420 msec user, 70 msec system
; real time  10,641 msec
; space allocation:
 293,367 cons cells,;  992 symbols, 2,818,120 other bytes
(((Q1-A ADTQ1-A) (Q1-F ADTQ1-F) (Q1-H ADTQ1-H) (Q1-C ADTQ1-C) (Q1-B ADTQ1-B)
  (Q1-I ADTQ1-I) (Q1-D ADTQ1-D) (Q1-G ADTQ1-G) (Q1-E ADTQ1-E)))
USER(29): USER(29): > Open file: Saving new generated situation. 
 
> Close file: new generated situation. 
 
> Opening output file/stream for :  < Q-Batch-Freeze/ij3/ij3-550.9 > 
 File Closed (at 1). 

; cpu time (non-gc) 14,970 msec user, 110 msec system
; cpu time (gc)     710 msec user, 20 msec system
; cpu time (total)  15,680 msec user, 130 msec system
; real time  16,220 msec
; space allocation:
 862,981 cons cells,;  1,006 symbols, 4,533,808 other bytes
(((Q1-H ADTQ1-H) (Q1-F ADTQ1-F) (Q1-C ADTQ1-C) (Q1-D ADTQ1-D) (Q1-A ADTQ1-A)
  (Q1-E ADTQ1-E) (Q1-B ADTQ1-B) (Q1-G ADTQ1-G) (Q1-I ADTQ1-I)))
USER(30): USER(30): > Open file: Saving new generated situation. 
 
> Close file: new generated situation. 
 
> Opening output file/stream for :  < Q-Batch-Freeze/ij3/ij3-550.99 > 
 File Closed (at 1). 

; cpu time (non-gc) 41,480 msec user, 90 msec system
; cpu time (gc)     610 msec user, 0 msec system
; cpu time (total)  42,090 msec user, 90 msec system
; real time  43,307 msec
; space allocation:
 934,048 cons cells,;  988 symbols, 14,782,320 other bytes
(((Q1-E ADTQ1-E) (Q1-D ADTQ1-D) (Q1-C ADTQ1-C) (Q1-H ADTQ1-H) (Q1-F ADTQ1-F)
  (Q1-B ADTQ1-B) (Q1-I ADTQ1-I) (Q1-A ADTQ1-A) (Q1-G ADTQ1-G)))
USER(31): USER(31): **** Noise 600 ****
"**** Noise 600 ****"
USER(32): 
NIL
USER(33): 
NIL
USER(34): > Open file: Saving new generated situation. 
 
> Close file: new generated situation. 
 
> Opening output file/stream for :  < Q-Batch-Freeze/ij3/ij3-600.1 > 
 File Closed (at 1). 

; cpu time (non-gc) 27,090 msec user, 120 msec system
; cpu time (gc)     710 msec user, 10 msec system
; cpu time (total)  27,800 msec user, 130 msec system
; real time  28,002 msec
; space allocation:
 1,546,760 cons cells,;  1,120 symbols, 7,619,192 other bytes
(((Q1-H ADTQ1-H) (Q1-C ADTQ1-C) (Q1-F ADTQ1-F) (Q1-A ADTQ1-A) (Q1-B ADTQ1-B)
  (Q1-G ADTQ1-G) (Q1-I ADTQ1-I) (Q1-D ADTQ1-D) (Q1-E ADTQ1-E)))
USER(35): USER(35): > Open file: Saving new generated situation. 
 
> Close file: new generated situation. 
 
> Opening output file/stream for :  < Q-Batch-Freeze/ij3/ij3-600.2 > 
 File Closed (at 1). 

; cpu time (non-gc) 21,600 msec user, 80 msec system
; cpu time (gc)     880 msec user, 10 msec system
; cpu time (total)  22,480 msec user, 90 msec system
; real time  22,756 msec
; space allocation:
 1,240,270 cons cells,;  1,063 symbols, 6,040,200 other bytes
(((Q1-H ADTQ1-H) (Q1-F ADTQ1-F) (Q1-A ADTQ1-A) (Q1-G ADTQ1-G) (Q1-B ADTQ1-B)
  (Q1-C ADTQ1-C) (Q1-I ADTQ1-I) (Q1-D ADTQ1-D) (Q1-E ADTQ1-E)))
USER(36): USER(36): > Open file: Saving new generated situation. 
 
> Close file: new generated situation. 
 
> Opening output file/stream for :  < Q-Batch-Freeze/ij3/ij3-600.3 > 
 File Closed (at 1). 

; cpu time (non-gc) 23,010 msec user, 80 msec system
; cpu time (gc)     560 msec user, 0 msec system
; cpu time (total)  23,570 msec user, 80 msec system
; real time  24,135 msec
; space allocation:
 474,244 cons cells,;  1,044 symbols, 6,094,304 other bytes
(((Q1-G ADTQ1-G) (Q1-A ADTQ1-A) (Q1-F ADTQ1-F) (Q1-H ADTQ1-H) (Q1-C ADTQ1-C)
  (Q1-B ADTQ1-B) (Q1-D ADTQ1-D) (Q1-E ADTQ1-E) (Q1-I ADTQ1-I)))
USER(37): USER(37): > Open file: Saving new generated situation. 
 
> Close file: new generated situation. 
 
> Opening output file/stream for :  < Q-Batch-Freeze/ij3/ij3-600.4 > 
 File Closed (at 1). 

; cpu time (non-gc) 27,870 msec user, 60 msec system
; cpu time (gc)     540 msec user, 0 msec system
; cpu time (total)  28,410 msec user, 60 msec system
; real time  30,057 msec
; space allocation:
 614,166 cons cells,;  1,057 symbols, 7,213,280 other bytes
(((Q1-G ADTQ1-G) (Q1-A ADTQ1-A) (Q1-B ADTQ1-B) (Q1-I ADTQ1-I) (Q1-F ADTQ1-F)
  (Q1-H ADTQ1-H) (Q1-C ADTQ1-C) (Q1-D ADTQ1-D) (Q1-E ADTQ1-E)))
USER(38): USER(38): > Open file: Saving new generated situation. 
 
> Close file: new generated situation. 
 
> Opening output file/stream for :  < Q-Batch-Freeze/ij3/ij3-600.5 > 
 File Closed (at 1). 

; cpu time (non-gc) 36,180 msec user, 80 msec system
; cpu time (gc)     680 msec user, 40 msec system
; cpu time (total)  36,860 msec user, 120 msec system
; real time  38,287 msec
; space allocation:
 756,814 cons cells,;  1,124 symbols, 8,517,808 other bytes
(((Q1-G ADTQ1-G) (Q1-A ADTQ1-A) (Q1-B ADTQ1-B) (Q1-I ADTQ1-I) (Q1-F ADTQ1-F)
  (Q1-H ADTQ1-H) (Q1-C ADTQ1-C) (Q1-D ADTQ1-D) (Q1-E ADTQ1-E)))
USER(39): USER(39): > Open file: Saving new generated situation. 
 
> Close file: new generated situation. 
 
> Opening output file/stream for :  < Q-Batch-Freeze/ij3/ij3-600.6 > 
 File Closed (at 1). 

; cpu time (non-gc) 21,690 msec user, 180 msec system
; cpu time (gc)     810 msec user, 20 msec system
; cpu time (total)  22,500 msec user, 200 msec system
; real time  23,066 msec
; space allocation:
 1,240,954 cons cells,;  1,063 symbols, 6,070,856 other bytes
(((Q1-H ADTQ1-H) (Q1-F ADTQ1-F) (Q1-A ADTQ1-A) (Q1-G ADTQ1-G) (Q1-B ADTQ1-B)
  (Q1-C ADTQ1-C) (Q1-I ADTQ1-I) (Q1-D ADTQ1-D) (Q1-E ADTQ1-E)))
USER(40): USER(40): > Open file: Saving new generated situation. 
 
> Close file: new generated situation. 
 
> Opening output file/stream for :  < Q-Batch-Freeze/ij3/ij3-600.7 > 
 File Closed (at 1). 

; cpu time (non-gc) 14,190 msec user, 50 msec system
; cpu time (gc)     610 msec user, 0 msec system
; cpu time (total)  14,800 msec user, 50 msec system
; real time  15,528 msec
; space allocation:
 734,803 cons cells,;  1,094 symbols, 3,795,752 other bytes
NIL
USER(41): USER(41): > Open file: Saving new generated situation. 
 
> Close file: new generated situation. 
 
> Opening output file/stream for :  < Q-Batch-Freeze/ij3/ij3-600.8 > 
 File Closed (at 1). 

; cpu time (non-gc) 19,100 msec user, 50 msec system
; cpu time (gc)     7,580 msec user, 1,830 msec system
; cpu time (total)  26,680 msec user, 1,880 msec system
; real time  37,327 msec
; space allocation:
 974,789 cons cells,;  1,071 symbols, 5,447,200 other bytes
(((Q1-F ADTQ1-F) (Q1-A ADTQ1-A) (Q1-G ADTQ1-G) (Q1-H ADTQ1-H) (Q1-B ADTQ1-B)
  (Q1-I ADTQ1-I) (Q1-C ADTQ1-C) (Q1-D ADTQ1-D) (Q1-E ADTQ1-E)))
USER(42): USER(42): > Open file: Saving new generated situation. 
 
> Close file: new generated situation. 
 
> Opening output file/stream for :  < Q-Batch-Freeze/ij3/ij3-600.9 > 
 File Closed (at 1). 

; cpu time (non-gc) 14,550 msec user, 20 msec system
; cpu time (gc)     470 msec user, 0 msec system
; cpu time (total)  15,020 msec user, 20 msec system
; real time  15,616 msec
; space allocation:
 318,443 cons cells,;  1,105 symbols, 3,189,128 other bytes
(((Q1-B ADTQ1-B) (Q1-I ADTQ1-I) (Q1-G ADTQ1-G) (Q1-A ADTQ1-A) (Q1-F ADTQ1-F)
  (Q1-H ADTQ1-H) (Q1-C ADTQ1-C) (Q1-D ADTQ1-D) (Q1-E ADTQ1-E)))
USER(43): USER(43): > Open file: Saving new generated situation. 
 
> Close file: new generated situation. 
 
> Opening output file/stream for :  < Q-Batch-Freeze/ij3/ij3-600.99 > 
 File Closed (at 1). 

; cpu time (non-gc) 17,480 msec user, 70 msec system
; cpu time (gc)     700 msec user, 0 msec system
; cpu time (total)  18,180 msec user, 70 msec system
; real time  19,222 msec
; space allocation:
 351,672 cons cells,;  1,093 symbols, 4,156,864 other bytes
NIL
USER(44): USER(44): Error: File "/fsys4/u/sgwoods/qcsp/ADT-Random/Rnd" does not exist.
  [condition type: FILE-ERROR]

[1] USER(45): :pop
USER(45): EOF
Really exit lisp [n]? 
; Exiting Lisp
