Allegro CL 4.2 [SPARC; R1] (9/22/94 16:53)
Copyright (C) 1985-1993, Franz Inc., Berkeley, CA, USA.  All Rights Reserved.
;   Loading /fsys4/u/sgwoods/csp/load.lisp.
;     Fast loading /fsys4/u/sgwoods/csp/bm.fasl.
;     Fast loading /fsys4/u/sgwoods/csp/bt.fasl.
;     Fast loading /fsys4/u/sgwoods/csp/ct.fasl.
;     Fast loading /fsys4/u/sgwoods/csp/utility.fasl.
;     Loading /fsys4/u/sgwoods/csp/compile.lisp.
;     Fast loading /fsys4/u/sgwoods/csp/adt-simple.fasl.
;     Fast loading /fsys4/u/sgwoods/csp/adt-setup.fasl.
;; Optimization settings: safety 1, space 1, speed 1, debug 2
;; For a complete description of all compiler switches given the current
;; optimization settings evaluate (EXPLAIN-COMPILER-SETTINGS).
USER(1): ADT IJCAI Testing (BT only PART)
"ADT IJCAI Testing (BT only PART)"
USER(2): 
NIL
USER(3): 
NIL
USER(4): ; Loading /fsys4/u/sgwoods/csp/load.lisp.
;   Fast loading /fsys4/u/sgwoods/csp/bm.fasl.
;   Fast loading /fsys4/u/sgwoods/csp/bt.fasl.
;   Fast loading /fsys4/u/sgwoods/csp/ct.fasl.
;   Fast loading /fsys4/u/sgwoods/csp/utility.fasl.
;   Loading /fsys4/u/sgwoods/csp/compile.lisp.
;   Fast loading /fsys4/u/sgwoods/csp/adt-simple.fasl.
;   Fast loading /fsys4/u/sgwoods/csp/adt-setup.fasl.
T
USER(5): USER(5): **** Noise 650 ****
"**** Noise 650 ****"
USER(6): 
NIL
USER(7): 
NIL
USER(8): ; Fast loading /fsys4/u/sgwoods/csp/adt-setup.fasl.
 File Closed. 

; cpu time (non-gc) 599,240 msec (00:09:59.240) user, 22,200 msec system
; cpu time (gc)     2,170 msec user, 100 msec system
; cpu time (total)  601,410 msec (00:10:01.410) user, 22,300 msec system
; real time  626,673 msec (00:10:26.673)
; space allocation:
 5,479,408 cons cells,;  1,390 symbols, 131,661,248 other bytes
TIME-BOUND
USER(9): USER(9): ; Fast loading /fsys4/u/sgwoods/csp/adt-setup.fasl.
 File Closed. 

; cpu time (non-gc) 599,290 msec (00:09:59.290) user, 17,590 msec system
; cpu time (gc)     1,920 msec user, 70 msec system
; cpu time (total)  601,210 msec (00:10:01.210) user, 17,660 msec system
; real time  622,554 msec (00:10:22.554)
; space allocation:
 5,163,920 cons cells,;  1,333 symbols, 128,964,168 other bytes
TIME-BOUND
USER(10): USER(10): ; Fast loading /fsys4/u/sgwoods/csp/adt-setup.fasl.
 File Closed. 

; cpu time (non-gc) 598,470 msec (00:09:58.470) user, 17,580 msec system
; cpu time (gc)     2,700 msec user, 90 msec system
; cpu time (total)  601,170 msec (00:10:01.170) user, 17,670 msec system
; real time  627,329 msec (00:10:27.329)
; space allocation:
 5,158,756 cons cells,;  1,381 symbols, 215,691,776 other bytes
TIME-BOUND
USER(11): USER(11): ; Fast loading /fsys4/u/sgwoods/csp/adt-setup.fasl.
 File Closed. 

; cpu time (non-gc) 599,140 msec (00:09:59.140) user, 23,220 msec system
; cpu time (gc)     2,040 msec user, 120 msec system
; cpu time (total)  601,180 msec (00:10:01.180) user, 23,340 msec system
; real time  626,070 msec (00:10:26.070)
; space allocation:
 5,100,035 cons cells,;  1,403 symbols, 166,281,920 other bytes
TIME-BOUND
USER(12): USER(12): ; Fast loading /fsys4/u/sgwoods/csp/adt-setup.fasl.
 File Closed. 

; cpu time (non-gc) 278,910 msec (00:04:38.910) user, 7,430 msec system
; cpu time (gc)     1,080 msec user, 20 msec system
; cpu time (total)  279,990 msec (00:04:39.990) user, 7,450 msec system
; real time  287,938 msec (00:04:47.938)
; space allocation:
 1,901,099 cons cells,;  1,438 symbols, 56,998,528 other bytes
COMPLETE
USER(13): USER(13): ; Fast loading /fsys4/u/sgwoods/csp/adt-setup.fasl.
 File Closed. 

; cpu time (non-gc) 599,320 msec (00:09:59.320) user, 16,840 msec system
; cpu time (gc)     1,790 msec user, 60 msec system
; cpu time (total)  601,110 msec (00:10:01.110) user, 16,900 msec system
; real time  618,909 msec (00:10:18.909)
; space allocation:
 5,205,101 cons cells,;  1,333 symbols, 130,010,760 other bytes
TIME-BOUND
USER(14): USER(14): ; Fast loading /fsys4/u/sgwoods/csp/adt-setup.fasl.
 File Closed. 

; cpu time (non-gc) 599,260 msec (00:09:59.260) user, 20,040 msec system
; cpu time (gc)     1,960 msec user, 70 msec system
; cpu time (total)  601,220 msec (00:10:01.220) user, 20,110 msec system
; real time  622,734 msec (00:10:22.734)
; space allocation:
 5,195,497 cons cells,;  1,416 symbols, 122,770,672 other bytes
TIME-BOUND
USER(15): USER(15): ; Fast loading /fsys4/u/sgwoods/csp/adt-setup.fasl.
 File Closed. 

; cpu time (non-gc) 595,380 msec (00:09:55.380) user, 24,220 msec system
; cpu time (gc)     5,710 msec user, 110 msec system
; cpu time (total)  601,090 msec (00:10:01.090) user, 24,330 msec system
; real time  626,026 msec (00:10:26.026)
; space allocation:
 9,172,330 cons cells,;  1,446 symbols, 164,431,432 other bytes
TIME-BOUND
USER(16): USER(16): ; Fast loading /fsys4/u/sgwoods/csp/adt-setup.fasl.
 File Closed. 

; cpu time (non-gc) 599,050 msec (00:09:59.050) user, 15,580 msec system
; cpu time (gc)     2,130 msec user, 30 msec system
; cpu time (total)  601,180 msec (00:10:01.180) user, 15,610 msec system
; real time  620,964 msec (00:10:20.964)
; space allocation:
 5,638,641 cons cells,;  1,393 symbols, 143,191,960 other bytes
TIME-BOUND
USER(17): USER(17): ; Fast loading /fsys4/u/sgwoods/csp/adt-setup.fasl.
 File Closed. 

; cpu time (non-gc) 156,330 msec (00:02:36.330) user, 3,410 msec system
; cpu time (gc)     780 msec user, 20 msec system
; cpu time (total)  157,110 msec (00:02:37.110) user, 3,430 msec system
; real time  160,782 msec (00:02:40.782)
; space allocation:
 966,407 cons cells,;  1,406 symbols, 29,037,976 other bytes
COMPLETE
USER(18): USER(18): ; Exiting Lisp
