Allegro CL 4.2 [SPARC; R1] (9/22/94 16:53)
Copyright (C) 1985-1993, Franz Inc., Berkeley, CA, USA.  All Rights Reserved.
;   Loading /fsys4/u/sgwoods/csp/load.lisp.
;     Fast loading /fsys4/u/sgwoods/csp/bm.fasl.
;     Fast loading /fsys4/u/sgwoods/csp/bt.fasl.
;     Fast loading /fsys4/u/sgwoods/csp/ct.fasl.
;     Fast loading /fsys4/u/sgwoods/csp/utility.fasl.
;     Loading /fsys4/u/sgwoods/csp/compile.lisp.
;     Fast loading /fsys4/u/sgwoods/csp/adt-simple.fasl.
;     Fast loading /fsys4/u/sgwoods/csp/adt-setup.fasl.
;; Optimization settings: safety 1, space 1, speed 1, debug 2
;; For a complete description of all compiler switches given the current
;; optimization settings evaluate (EXPLAIN-COMPILER-SETTINGS).
USER(1): USER(1): ADT IJCAI Testing (FCDR only)
"ADT IJCAI Testing (FCDR only)"
USER(2): 
NIL
USER(3): 
NIL
USER(4): ; Loading /fsys4/u/sgwoods/csp/load.lisp.
;   Fast loading /fsys4/u/sgwoods/csp/bm.fasl.
;   Fast loading /fsys4/u/sgwoods/csp/bt.fasl.
;   Fast loading /fsys4/u/sgwoods/csp/ct.fasl.
;   Fast loading /fsys4/u/sgwoods/csp/utility.fasl.
;   Loading /fsys4/u/sgwoods/csp/compile.lisp.
;   Fast loading /fsys4/u/sgwoods/csp/adt-simple.fasl.
;   Fast loading /fsys4/u/sgwoods/csp/adt-setup.fasl.
T
USER(5): USER(5): **** Noise 300 ****
"**** Noise 300 ****"
USER(6): 
NIL
USER(7): 
NIL
USER(8): ; Fast loading /fsys4/u/sgwoods/csp/adt-setup.fasl.
 File Closed. 

; cpu time (non-gc) 12,110 msec user, 130 msec system
; cpu time (gc)     600 msec user, 50 msec system
; cpu time (total)  12,710 msec user, 180 msec system
; real time  12,924 msec
; space allocation:
 240,663 cons cells,;  644 symbols, 6,255,616 other bytes
COMPLETE
USER(9): USER(9): ; Fast loading /fsys4/u/sgwoods/csp/adt-setup.fasl.
 File Closed. 

; cpu time (non-gc) 3,230 msec user, 20 msec system
; cpu time (gc)     200 msec user, 0 msec system
; cpu time (total)  3,430 msec user, 20 msec system
; real time  3,482 msec
; space allocation:
 106,164 cons cells,;  612 symbols, 1,590,192 other bytes
COMPLETE
USER(10): USER(10): ; Fast loading /fsys4/u/sgwoods/csp/adt-setup.fasl.
 File Closed. 

; cpu time (non-gc) 15,990 msec user, 40 msec system
; cpu time (gc)     370 msec user, 0 msec system
; cpu time (total)  16,360 msec user, 40 msec system
; real time  16,479 msec
; space allocation:
 268,797 cons cells,;  649 symbols, 6,693,496 other bytes
COMPLETE
USER(11): USER(11): ; Fast loading /fsys4/u/sgwoods/csp/adt-setup.fasl.
 File Closed. 

; cpu time (non-gc) 3,660 msec user, 20 msec system
; cpu time (gc)     170 msec user, 0 msec system
; cpu time (total)  3,830 msec user, 20 msec system
; real time  3,893 msec
; space allocation:
 129,322 cons cells,;  654 symbols, 1,699,384 other bytes
COMPLETE
USER(12): USER(12): ; Fast loading /fsys4/u/sgwoods/csp/adt-setup.fasl.
 File Closed. 

; cpu time (non-gc) 18,340 msec user, 70 msec system
; cpu time (gc)     410 msec user, 40 msec system
; cpu time (total)  18,750 msec user, 110 msec system
; real time  18,890 msec
; space allocation:
 315,619 cons cells,;  705 symbols, 7,051,320 other bytes
COMPLETE
USER(13): USER(13): ; Fast loading /fsys4/u/sgwoods/csp/adt-setup.fasl.
 File Closed. 

; cpu time (non-gc) 3,060 msec user, 30 msec system
; cpu time (gc)     150 msec user, 10 msec system
; cpu time (total)  3,210 msec user, 40 msec system
; real time  3,272 msec
; space allocation:
 106,135 cons cells,;  612 symbols, 1,593,488 other bytes
COMPLETE
USER(14): USER(14): ; Fast loading /fsys4/u/sgwoods/csp/adt-setup.fasl.
 File Closed. 

; cpu time (non-gc) 22,080 msec user, 10 msec system
; cpu time (gc)     420 msec user, 0 msec system
; cpu time (total)  22,500 msec user, 10 msec system
; real time  22,750 msec
; space allocation:
 313,654 cons cells,;  665 symbols, 10,136,184 other bytes
COMPLETE
USER(15): USER(15): ; Fast loading /fsys4/u/sgwoods/csp/adt-setup.fasl.
 File Closed. 

; cpu time (non-gc) 19,480 msec user, 30 msec system
; cpu time (gc)     420 msec user, 10 msec system
; cpu time (total)  19,900 msec user, 40 msec system
; real time  19,966 msec
; space allocation:
 327,910 cons cells,;  713 symbols, 7,331,168 other bytes
COMPLETE
USER(16): USER(16): ; Fast loading /fsys4/u/sgwoods/csp/adt-setup.fasl.
 File Closed. 

; cpu time (non-gc) 12,220 msec user, 10 msec system
; cpu time (gc)     400 msec user, 0 msec system
; cpu time (total)  12,620 msec user, 10 msec system
; real time  12,899 msec
; space allocation:
 245,424 cons cells,;  665 symbols, 6,356,864 other bytes
COMPLETE
USER(17): USER(17): ; Fast loading /fsys4/u/sgwoods/csp/adt-setup.fasl.
 File Closed. 

; cpu time (non-gc) 2,780 msec user, 40 msec system
; cpu time (gc)     130 msec user, 0 msec system
; cpu time (total)  2,910 msec user, 40 msec system
; real time  2,974 msec
; space allocation:
 100,079 cons cells,;  675 symbols, 1,404,648 other bytes
COMPLETE
USER(18): USER(18): **** Noise 350 ****
"**** Noise 350 ****"
USER(19): 
NIL
USER(20): 
NIL
USER(21): ; Fast loading /fsys4/u/sgwoods/csp/adt-setup.fasl.
 File Closed. 

; cpu time (non-gc) 17,970 msec user, 40 msec system
; cpu time (gc)     510 msec user, 20 msec system
; cpu time (total)  18,480 msec user, 60 msec system
; real time  18,623 msec
; space allocation:
 321,695 cons cells,;  746 symbols, 8,177,328 other bytes
COMPLETE
USER(22): USER(22): ; Fast loading /fsys4/u/sgwoods/csp/adt-setup.fasl.
 File Closed. 

; cpu time (non-gc) 15,840 msec user, 40 msec system
; cpu time (gc)     520 msec user, 20 msec system
; cpu time (total)  16,360 msec user, 60 msec system
; real time  16,450 msec
; space allocation:
 262,460 cons cells,;  733 symbols, 6,182,880 other bytes
COMPLETE
USER(23): USER(23): ; Fast loading /fsys4/u/sgwoods/csp/adt-setup.fasl.
 File Closed. 

; cpu time (non-gc) 16,130 msec user, 30 msec system
; cpu time (gc)     420 msec user, 10 msec system
; cpu time (total)  16,550 msec user, 40 msec system
; real time  16,625 msec
; space allocation:
 363,137 cons cells,;  757 symbols, 5,507,432 other bytes
COMPLETE
USER(24): USER(24): ; Fast loading /fsys4/u/sgwoods/csp/adt-setup.fasl.
 File Closed. 

; cpu time (non-gc) 5,240 msec user, 20 msec system
; cpu time (gc)     250 msec user, 0 msec system
; cpu time (total)  5,490 msec user, 20 msec system
; real time  5,544 msec
; space allocation:
 182,129 cons cells,;  759 symbols, 2,209,120 other bytes
COMPLETE
USER(25): USER(25): ; Fast loading /fsys4/u/sgwoods/csp/adt-setup.fasl.
 File Closed. 

; cpu time (non-gc) 43,570 msec user, 60 msec system
; cpu time (gc)     640 msec user, 0 msec system
; cpu time (total)  44,210 msec user, 60 msec system
; real time  44,620 msec
; space allocation:
 520,115 cons cells,;  807 symbols, 16,761,488 other bytes
COMPLETE
USER(26): USER(26): ; Fast loading /fsys4/u/sgwoods/csp/adt-setup.fasl.
 File Closed. 

; cpu time (non-gc) 15,780 msec user, 30 msec system
; cpu time (gc)     510 msec user, 10 msec system
; cpu time (total)  16,290 msec user, 40 msec system
; real time  16,443 msec
; space allocation:
 262,459 cons cells,;  733 symbols, 6,128,592 other bytes
COMPLETE
USER(27): USER(27): ; Fast loading /fsys4/u/sgwoods/csp/adt-setup.fasl.
 File Closed. 

; cpu time (non-gc) 19,180 msec user, 20 msec system
; cpu time (gc)     630 msec user, 0 msec system
; cpu time (total)  19,810 msec user, 20 msec system
; real time  20,059 msec
; space allocation:
 358,334 cons cells,;  780 symbols, 9,001,552 other bytes
COMPLETE
USER(28): USER(28): ; Fast loading /fsys4/u/sgwoods/csp/adt-setup.fasl.
 File Closed. 

; cpu time (non-gc) 24,170 msec user, 20 msec system
; cpu time (gc)     480 msec user, 0 msec system
; cpu time (total)  24,650 msec user, 20 msec system
; real time  25,057 msec
; space allocation:
 392,515 cons cells,;  801 symbols, 11,027,768 other bytes
COMPLETE
USER(29): USER(29): ; Fast loading /fsys4/u/sgwoods/csp/adt-setup.fasl.
 File Closed. 

; cpu time (non-gc) 16,740 msec user, 30 msec system
; cpu time (gc)     450 msec user, 10 msec system
; cpu time (total)  17,190 msec user, 40 msec system
; real time  17,458 msec
; space allocation:
 320,901 cons cells,;  758 symbols, 7,794,136 other bytes
COMPLETE
USER(30): USER(30): ; Fast loading /fsys4/u/sgwoods/csp/adt-setup.fasl.
 File Closed. 

; cpu time (non-gc) 21,620 msec user, 20 msec system
; cpu time (gc)     440 msec user, 0 msec system
; cpu time (total)  22,060 msec user, 20 msec system
; real time  22,158 msec
; space allocation:
 310,481 cons cells,;  762 symbols, 9,215,064 other bytes
COMPLETE
USER(31): USER(31): **** Noise 400 ****
"**** Noise 400 ****"
USER(32): 
NIL
USER(33): 
NIL
USER(34): ; Fast loading /fsys4/u/sgwoods/csp/adt-setup.fasl.
 File Closed. 

; cpu time (non-gc) 23,750 msec user, 50 msec system
; cpu time (gc)     620 msec user, 10 msec system
; cpu time (total)  24,370 msec user, 60 msec system
; real time  25,487 msec
; space allocation:
 399,950 cons cells,;  843 symbols, 9,964,464 other bytes
COMPLETE
USER(35): USER(35): ; Fast loading /fsys4/u/sgwoods/csp/adt-setup.fasl.
 File Closed. 

; cpu time (non-gc) 24,950 msec user, 40 msec system
; cpu time (gc)     460 msec user, 10 msec system
; cpu time (total)  25,410 msec user, 50 msec system
; real time  25,495 msec
; space allocation:
 366,872 cons cells,;  833 symbols, 10,304,832 other bytes
COMPLETE
USER(36): USER(36): ; Fast loading /fsys4/u/sgwoods/csp/adt-setup.fasl.
 File Closed. 

; cpu time (non-gc) 24,750 msec user, 40 msec system
; cpu time (gc)     470 msec user, 0 msec system
; cpu time (total)  25,220 msec user, 40 msec system
; real time  25,269 msec
; space allocation:
 454,642 cons cells,;  859 symbols, 10,130,320 other bytes
COMPLETE
USER(37): USER(37): ; Fast loading /fsys4/u/sgwoods/csp/adt-setup.fasl.
 File Closed. 

; cpu time (non-gc) 7,880 msec user, 40 msec system
; cpu time (gc)     530 msec user, 10 msec system
; cpu time (total)  8,410 msec user, 50 msec system
; real time  8,489 msec
; space allocation:
 257,249 cons cells,;  863 symbols, 3,029,560 other bytes
COMPLETE
USER(38): USER(38): ; Fast loading /fsys4/u/sgwoods/csp/adt-setup.fasl.
 File Closed. 

; cpu time (non-gc) 61,410 msec (00:01:01.410) user, 60 msec system
; cpu time (gc)     730 msec user, 20 msec system
; cpu time (total)  62,140 msec (00:01:02.140) user, 80 msec system
; real time  62,448 msec (00:01:02.448)
; space allocation:
 684,753 cons cells,;  918 symbols, 21,528,984 other bytes
COMPLETE
USER(39): USER(39): ; Fast loading /fsys4/u/sgwoods/csp/adt-setup.fasl.
 File Closed. 

; cpu time (non-gc) 24,140 msec user, 20 msec system
; cpu time (gc)     530 msec user, 0 msec system
; cpu time (total)  24,670 msec user, 20 msec system
; real time  24,922 msec
; space allocation:
 366,872 cons cells,;  833 symbols, 10,304,728 other bytes
COMPLETE
USER(40): USER(40): ; Fast loading /fsys4/u/sgwoods/csp/adt-setup.fasl.
 File Closed. 

; cpu time (non-gc) 49,910 msec user, 50 msec system
; cpu time (gc)     750 msec user, 0 msec system
; cpu time (total)  50,660 msec user, 50 msec system
; real time  50,784 msec
; space allocation:
 587,460 cons cells,;  901 symbols, 18,527,976 other bytes
COMPLETE
USER(41): USER(41): ; Fast loading /fsys4/u/sgwoods/csp/adt-setup.fasl.
 File Closed. 

; cpu time (non-gc) 32,100 msec user, 30 msec system
; cpu time (gc)     730 msec user, 0 msec system
; cpu time (total)  32,830 msec user, 30 msec system
; real time  32,904 msec
; space allocation:
 506,375 cons cells,;  903 symbols, 13,499,448 other bytes
COMPLETE
USER(42): USER(42): ; Fast loading /fsys4/u/sgwoods/csp/adt-setup.fasl.
 File Closed. 

; cpu time (non-gc) 22,180 msec user, 60 msec system
; cpu time (gc)     600 msec user, 10 msec system
; cpu time (total)  22,780 msec user, 70 msec system
; real time  22,895 msec
; space allocation:
 414,870 cons cells,;  857 symbols, 9,739,536 other bytes
COMPLETE
USER(43): USER(43): ; Fast loading /fsys4/u/sgwoods/csp/adt-setup.fasl.
 File Closed. 

; cpu time (non-gc) 50,100 msec user, 40 msec system
; cpu time (gc)     1,050 msec user, 10 msec system
; cpu time (total)  51,150 msec user, 50 msec system
; real time  51,286 msec
; space allocation:
 556,774 cons cells,;  883 symbols, 18,054,016 other bytes
COMPLETE
USER(44): USER(44): **** Noise 450 ****
"**** Noise 450 ****"
USER(45): 
NIL
USER(46): 
NIL
USER(47): ; Fast loading /fsys4/u/sgwoods/csp/adt-setup.fasl.
 File Closed. 

; cpu time (non-gc) 38,610 msec user, 50 msec system
; cpu time (gc)     710 msec user, 30 msec system
; cpu time (total)  39,320 msec user, 80 msec system
; real time  39,503 msec
; space allocation:
 537,713 cons cells,;  949 symbols, 11,711,592 other bytes
COMPLETE
USER(48): USER(48): ; Fast loading /fsys4/u/sgwoods/csp/adt-setup.fasl.
 File Closed. 

; cpu time (non-gc) 30,970 msec user, 40 msec system
; cpu time (gc)     580 msec user, 10 msec system
; cpu time (total)  31,550 msec user, 50 msec system
; real time  32,897 msec
; space allocation:
 645,826 cons cells,;  933 symbols, 9,501,832 other bytes
COMPLETE
USER(49): USER(49): ; Fast loading /fsys4/u/sgwoods/csp/adt-setup.fasl.
 File Closed. 

; cpu time (non-gc) 33,480 msec user, 50 msec system
; cpu time (gc)     4,810 msec user, 660 msec system
; cpu time (total)  38,290 msec user, 710 msec system
; real time  39,219 msec
; space allocation:
 566,516 cons cells,;  958 symbols, 12,455,120 other bytes
COMPLETE
USER(50): USER(50): ; Fast loading /fsys4/u/sgwoods/csp/adt-setup.fasl.
 File Closed. 

; cpu time (non-gc) 40,080 msec user, 30 msec system
; cpu time (gc)     660 msec user, 0 msec system
; cpu time (total)  40,740 msec user, 30 msec system
; real time  40,827 msec
; space allocation:
 539,111 cons cells,;  967 symbols, 11,607,112 other bytes
COMPLETE
USER(51): USER(51): ; Fast loading /fsys4/u/sgwoods/csp/adt-setup.fasl.
 File Closed. 

; cpu time (non-gc) 42,210 msec user, 60 msec system
; cpu time (gc)     630 msec user, 0 msec system
; cpu time (total)  42,840 msec user, 60 msec system
; real time  42,930 msec
; space allocation:
 947,282 cons cells,;  1,017 symbols, 10,747,232 other bytes
COMPLETE
USER(52): USER(52): ; Fast loading /fsys4/u/sgwoods/csp/adt-setup.fasl.
 File Closed. 

; cpu time (non-gc) 33,540 msec user, 30 msec system
; cpu time (gc)     530 msec user, 10 msec system
; cpu time (total)  34,070 msec user, 40 msec system
; real time  34,176 msec
; space allocation:
 645,826 cons cells,;  933 symbols, 9,501,832 other bytes
COMPLETE
USER(53): USER(53): ; Fast loading /fsys4/u/sgwoods/csp/adt-setup.fasl.
 File Closed. 

; cpu time (non-gc) 9,230 msec user, 30 msec system
; cpu time (gc)     420 msec user, 0 msec system
; cpu time (total)  9,650 msec user, 30 msec system
; real time  9,708 msec
; space allocation:
 224,463 cons cells,;  998 symbols, 2,646,840 other bytes
COMPLETE
USER(54): USER(54): ; Fast loading /fsys4/u/sgwoods/csp/adt-setup.fasl.
 File Closed. 

; cpu time (non-gc) 37,400 msec user, 20 msec system
; cpu time (gc)     810 msec user, 10 msec system
; cpu time (total)  38,210 msec user, 30 msec system
; real time  38,323 msec
; space allocation:
 788,902 cons cells,;  1,024 symbols, 10,077,392 other bytes
COMPLETE
USER(55): USER(55): ; Fast loading /fsys4/u/sgwoods/csp/adt-setup.fasl.
 File Closed. 

; cpu time (non-gc) 34,600 msec user, 20 msec system
; cpu time (gc)     710 msec user, 0 msec system
; cpu time (total)  35,310 msec user, 20 msec system
; real time  35,419 msec
; space allocation:
 556,924 cons cells,;  975 symbols, 12,838,792 other bytes
COMPLETE
USER(56): USER(56): ; Fast loading /fsys4/u/sgwoods/csp/adt-setup.fasl.
 File Closed. 

; cpu time (non-gc) 8,480 msec user, 50 msec system
; cpu time (gc)     500 msec user, 0 msec system
; cpu time (total)  8,980 msec user, 50 msec system
; real time  9,077 msec
; space allocation:
 235,804 cons cells,;  980 symbols, 2,617,312 other bytes
COMPLETE
USER(57): USER(57): ; Exiting Lisp
