Allegro CL 4.2 [SPARC; R1] (9/22/94 16:53)
Copyright (C) 1985-1993, Franz Inc., Berkeley, CA, USA.  All Rights Reserved.
;   Loading /fsys4/u/sgwoods/csp/load.lisp.
;     Fast loading /fsys4/u/sgwoods/csp/bm.fasl.
;     Fast loading /fsys4/u/sgwoods/csp/bt.fasl.
;     Fast loading /fsys4/u/sgwoods/csp/ct.fasl.
;     Fast loading /fsys4/u/sgwoods/csp/utility.fasl.
;     Loading /fsys4/u/sgwoods/csp/compile.lisp.
;     Fast loading /fsys4/u/sgwoods/csp/adt-simple.fasl.
;     Fast loading /fsys4/u/sgwoods/csp/adt-setup.fasl.
;; Optimization settings: safety 1, space 1, speed 1, debug 2
;; For a complete description of all compiler switches given the current
;; optimization settings evaluate (EXPLAIN-COMPILER-SETTINGS).
USER(1): USER(1): ADT IJCAI Testing (FCDR only)
"ADT IJCAI Testing (FCDR only)"
USER(2): 
NIL
USER(3): 
NIL
USER(4): ; Loading /fsys4/u/sgwoods/csp/load.lisp.
;   Fast loading /fsys4/u/sgwoods/csp/bm.fasl.
;   Fast loading /fsys4/u/sgwoods/csp/bt.fasl.
;   Fast loading /fsys4/u/sgwoods/csp/ct.fasl.
;   Fast loading /fsys4/u/sgwoods/csp/utility.fasl.
;   Loading /fsys4/u/sgwoods/csp/compile.lisp.
;   Fast loading /fsys4/u/sgwoods/csp/adt-simple.fasl.
;   Fast loading /fsys4/u/sgwoods/csp/adt-setup.fasl.
T
USER(5): USER(5): **** Noise 50 ****
"**** Noise 50 ****"
USER(6): 
NIL
USER(7): 
NIL
USER(8): ; Fast loading /fsys4/u/sgwoods/csp/adt-setup.fasl.
 File Closed. 

; cpu time (non-gc) 430 msec user, 80 msec system
; cpu time (gc)     110 msec user, 10 msec system
; cpu time (total)  540 msec user, 90 msec system
; real time  640 msec
; space allocation:
 13,369 cons cells,;  122 symbols, 317,832 other bytes
COMPLETE
USER(9): USER(9): ; Fast loading /fsys4/u/sgwoods/csp/adt-setup.fasl.
 File Closed. 

; cpu time (non-gc) 280 msec user, 110 msec system
; cpu time (gc)     0 msec user, 0 msec system
; cpu time (total)  280 msec user, 110 msec system
; real time  407 msec
; space allocation:
 10,071 cons cells,;  103 symbols, 258,632 other bytes
COMPLETE
USER(10): USER(10): ; Fast loading /fsys4/u/sgwoods/csp/adt-setup.fasl.
 File Closed. 

; cpu time (non-gc) 390 msec user, 30 msec system
; cpu time (gc)     0 msec user, 0 msec system
; cpu time (total)  390 msec user, 30 msec system
; real time  435 msec
; space allocation:
 12,914 cons cells,;  130 symbols, 301,232 other bytes
COMPLETE
USER(11): USER(11): ; Fast loading /fsys4/u/sgwoods/csp/adt-setup.fasl.
 File Closed. 

; cpu time (non-gc) 660 msec user, 10 msec system
; cpu time (gc)     110 msec user, 0 msec system
; cpu time (total)  770 msec user, 10 msec system
; real time  787 msec
; space allocation:
 19,787 cons cells,;  138 symbols, 562,288 other bytes
COMPLETE
USER(12): USER(12): ; Fast loading /fsys4/u/sgwoods/csp/adt-setup.fasl.
 File Closed. 

; cpu time (non-gc) 540 msec user, 20 msec system
; cpu time (gc)     100 msec user, 0 msec system
; cpu time (total)  640 msec user, 20 msec system
; real time  675 msec
; space allocation:
 16,376 cons cells,;  123 symbols, 422,400 other bytes
COMPLETE
USER(13): USER(13): ; Fast loading /fsys4/u/sgwoods/csp/adt-setup.fasl.
 File Closed. 

; cpu time (non-gc) 330 msec user, 10 msec system
; cpu time (gc)     0 msec user, 0 msec system
; cpu time (total)  330 msec user, 10 msec system
; real time  370 msec
; space allocation:
 10,071 cons cells,;  103 symbols, 258,632 other bytes
COMPLETE
USER(14): USER(14): ; Fast loading /fsys4/u/sgwoods/csp/adt-setup.fasl.
 File Closed. 

; cpu time (non-gc) 630 msec user, 10 msec system
; cpu time (gc)     0 msec user, 0 msec system
; cpu time (total)  630 msec user, 10 msec system
; real time  659 msec
; space allocation:
 20,775 cons cells,;  134 symbols, 512,776 other bytes
COMPLETE
USER(15): USER(15): ; Fast loading /fsys4/u/sgwoods/csp/adt-setup.fasl.
 File Closed. 

; cpu time (non-gc) 380 msec user, 20 msec system
; cpu time (gc)     70 msec user, 0 msec system
; cpu time (total)  450 msec user, 20 msec system
; real time  488 msec
; space allocation:
 12,711 cons cells,;  130 symbols, 304,200 other bytes
COMPLETE
USER(16): USER(16): ; Fast loading /fsys4/u/sgwoods/csp/adt-setup.fasl.
 File Closed. 

; cpu time (non-gc) 370 msec user, 20 msec system
; cpu time (gc)     0 msec user, 0 msec system
; cpu time (total)  370 msec user, 20 msec system
; real time  413 msec
; space allocation:
 11,358 cons cells,;  101 symbols, 307,088 other bytes
COMPLETE
USER(17): USER(17): ; Fast loading /fsys4/u/sgwoods/csp/adt-setup.fasl.
 File Closed. 

; cpu time (non-gc) 470 msec user, 20 msec system
; cpu time (gc)     50 msec user, 10 msec system
; cpu time (total)  520 msec user, 30 msec system
; real time  570 msec
; space allocation:
 14,642 cons cells,;  128 symbols, 393,992 other bytes
COMPLETE
USER(18): USER(18): **** Noise 100 ****
"**** Noise 100 ****"
USER(19): 
NIL
USER(20): 
NIL
USER(21): ; Fast loading /fsys4/u/sgwoods/csp/adt-setup.fasl.
 File Closed. 

; cpu time (non-gc) 1,870 msec user, 30 msec system
; cpu time (gc)     90 msec user, 0 msec system
; cpu time (total)  1,960 msec user, 30 msec system
; real time  2,004 msec
; space allocation:
 47,231 cons cells,;  235 symbols, 1,527,928 other bytes
COMPLETE
USER(22): USER(22): ; Fast loading /fsys4/u/sgwoods/csp/adt-setup.fasl.
 File Closed. 

; cpu time (non-gc) 1,770 msec user, 30 msec system
; cpu time (gc)     80 msec user, 10 msec system
; cpu time (total)  1,850 msec user, 40 msec system
; real time  1,914 msec
; space allocation:
 43,951 cons cells,;  227 symbols, 1,503,016 other bytes
COMPLETE
USER(23): USER(23): ; Fast loading /fsys4/u/sgwoods/csp/adt-setup.fasl.
 File Closed. 

; cpu time (non-gc) 2,100 msec user, 40 msec system
; cpu time (gc)     120 msec user, 10 msec system
; cpu time (total)  2,220 msec user, 50 msec system
; real time  2,456 msec
; space allocation:
 50,145 cons cells,;  237 symbols, 1,696,872 other bytes
COMPLETE
USER(24): USER(24): ; Fast loading /fsys4/u/sgwoods/csp/adt-setup.fasl.
 File Closed. 

; cpu time (non-gc) 2,450 msec user, 0 msec system
; cpu time (gc)     120 msec user, 10 msec system
; cpu time (total)  2,570 msec user, 10 msec system
; real time  2,595 msec
; space allocation:
 57,951 cons cells,;  250 symbols, 1,952,680 other bytes
COMPLETE
USER(25): USER(25): ; Fast loading /fsys4/u/sgwoods/csp/adt-setup.fasl.
 File Closed. 

; cpu time (non-gc) 680 msec user, 40 msec system
; cpu time (gc)     0 msec user, 0 msec system
; cpu time (total)  680 msec user, 40 msec system
; real time  770 msec
; space allocation:
 27,328 cons cells,;  251 symbols, 531,832 other bytes
COMPLETE
USER(26): USER(26): ; Fast loading /fsys4/u/sgwoods/csp/adt-setup.fasl.
 File Closed. 

; cpu time (non-gc) 1,830 msec user, 10 msec system
; cpu time (gc)     100 msec user, 0 msec system
; cpu time (total)  1,930 msec user, 10 msec system
; real time  1,968 msec
; space allocation:
 43,951 cons cells,;  227 symbols, 1,509,496 other bytes
COMPLETE
USER(27): USER(27): ; Fast loading /fsys4/u/sgwoods/csp/adt-setup.fasl.
 File Closed. 

; cpu time (non-gc) 1,410 msec user, 10 msec system
; cpu time (gc)     50 msec user, 0 msec system
; cpu time (total)  1,460 msec user, 10 msec system
; real time  1,489 msec
; space allocation:
 44,079 cons cells,;  239 symbols, 1,051,240 other bytes
COMPLETE
USER(28): USER(28): ; Fast loading /fsys4/u/sgwoods/csp/adt-setup.fasl.
 File Closed. 

; cpu time (non-gc) 650 msec user, 10 msec system
; cpu time (gc)     50 msec user, 0 msec system
; cpu time (total)  700 msec user, 10 msec system
; real time  730 msec
; space allocation:
 21,396 cons cells,;  227 symbols, 525,568 other bytes
COMPLETE
USER(29): USER(29): ; Fast loading /fsys4/u/sgwoods/csp/adt-setup.fasl.
 File Closed. 

; cpu time (non-gc) 970 msec user, 30 msec system
; cpu time (gc)     50 msec user, 0 msec system
; cpu time (total)  1,020 msec user, 30 msec system
; real time  1,080 msec
; space allocation:
 29,749 cons cells,;  219 symbols, 867,328 other bytes
COMPLETE
USER(30): USER(30): ; Fast loading /fsys4/u/sgwoods/csp/adt-setup.fasl.
 File Closed. 

; cpu time (non-gc) 1,290 msec user, 10 msec system
; cpu time (gc)     50 msec user, 10 msec system
; cpu time (total)  1,340 msec user, 20 msec system
; real time  1,380 msec
; space allocation:
 34,614 cons cells,;  246 symbols, 965,992 other bytes
COMPLETE
USER(31): USER(31): **** Noise 150 ****
"**** Noise 150 ****"
USER(32): 
NIL
USER(33): 
NIL
USER(34): ; Fast loading /fsys4/u/sgwoods/csp/adt-setup.fasl.
 File Closed. 

; cpu time (non-gc) 2,410 msec user, 30 msec system
; cpu time (gc)     170 msec user, 0 msec system
; cpu time (total)  2,580 msec user, 30 msec system
; real time  2,631 msec
; space allocation:
 67,419 cons cells,;  333 symbols, 1,899,792 other bytes
COMPLETE
USER(35): USER(35): ; Fast loading /fsys4/u/sgwoods/csp/adt-setup.fasl.
 File Closed. 

; cpu time (non-gc) 2,450 msec user, 30 msec system
; cpu time (gc)     120 msec user, 0 msec system
; cpu time (total)  2,570 msec user, 30 msec system
; real time  2,645 msec
; space allocation:
 59,393 cons cells,;  325 symbols, 1,639,776 other bytes
COMPLETE
USER(36): USER(36): ; Fast loading /fsys4/u/sgwoods/csp/adt-setup.fasl.
 File Closed. 

; cpu time (non-gc) 2,420 msec user, 20 msec system
; cpu time (gc)     100 msec user, 0 msec system
; cpu time (total)  2,520 msec user, 20 msec system
; real time  2,573 msec
; space allocation:
 70,889 cons cells,;  341 symbols, 1,514,160 other bytes
COMPLETE
USER(37): USER(37): ; Fast loading /fsys4/u/sgwoods/csp/adt-setup.fasl.
 File Closed. 

; cpu time (non-gc) 970 msec user, 30 msec system
; cpu time (gc)     60 msec user, 10 msec system
; cpu time (total)  1,030 msec user, 40 msec system
; real time  1,076 msec
; space allocation:
 32,073 cons cells,;  329 symbols, 727,488 other bytes
COMPLETE
USER(38): USER(38): ; Fast loading /fsys4/u/sgwoods/csp/adt-setup.fasl.
 File Closed. 

; cpu time (non-gc) 1,430 msec user, 10 msec system
; cpu time (gc)     110 msec user, 10 msec system
; cpu time (total)  1,540 msec user, 20 msec system
; real time  1,577 msec
; space allocation:
 59,105 cons cells,;  388 symbols, 896,552 other bytes
COMPLETE
USER(39): USER(39): ; Fast loading /fsys4/u/sgwoods/csp/adt-setup.fasl.
 File Closed. 

; cpu time (non-gc) 2,510 msec user, 0 msec system
; cpu time (gc)     130 msec user, 0 msec system
; cpu time (total)  2,640 msec user, 0 msec system
; real time  2,661 msec
; space allocation:
 59,393 cons cells,;  325 symbols, 1,639,536 other bytes
COMPLETE
USER(40): USER(40): ; Fast loading /fsys4/u/sgwoods/csp/adt-setup.fasl.
 File Closed. 

; cpu time (non-gc) 3,260 msec user, 30 msec system
; cpu time (gc)     240 msec user, 0 msec system
; cpu time (total)  3,500 msec user, 30 msec system
; real time  3,499 msec
; space allocation:
 76,720 cons cells,;  341 symbols, 2,130,400 other bytes
COMPLETE
USER(41): USER(41): ; Fast loading /fsys4/u/sgwoods/csp/adt-setup.fasl.
 File Closed. 

; cpu time (non-gc) 2,340 msec user, 10 msec system
; cpu time (gc)     120 msec user, 10 msec system
; cpu time (total)  2,460 msec user, 20 msec system
; real time  2,504 msec
; space allocation:
 68,133 cons cells,;  368 symbols, 1,500,504 other bytes
COMPLETE
USER(42): USER(42): ; Fast loading /fsys4/u/sgwoods/csp/adt-setup.fasl.
 File Closed. 

; cpu time (non-gc) 4,680 msec user, 20 msec system
; cpu time (gc)     200 msec user, 0 msec system
; cpu time (total)  4,880 msec user, 20 msec system
; real time  4,920 msec
; space allocation:
 94,985 cons cells,;  341 symbols, 3,156,560 other bytes
COMPLETE
USER(43): USER(43): ; Fast loading /fsys4/u/sgwoods/csp/adt-setup.fasl.
 File Closed. 

; cpu time (non-gc) 4,790 msec user, 40 msec system
; cpu time (gc)     310 msec user, 10 msec system
; cpu time (total)  5,100 msec user, 50 msec system
; real time  5,199 msec
; space allocation:
 95,195 cons cells,;  351 symbols, 3,395,768 other bytes
COMPLETE
USER(44): USER(44): **** Noise 200 ****
"**** Noise 200 ****"
USER(45): 
NIL
USER(46): 
NIL
USER(47): ; Fast loading /fsys4/u/sgwoods/csp/adt-setup.fasl.
 File Closed. 

; cpu time (non-gc) 6,210 msec user, 10 msec system
; cpu time (gc)     280 msec user, 0 msec system
; cpu time (total)  6,490 msec user, 10 msec system
; real time  6,548 msec
; space allocation:
 125,322 cons cells,;  435 symbols, 3,242,424 other bytes
COMPLETE
USER(48): USER(48): ; Fast loading /fsys4/u/sgwoods/csp/adt-setup.fasl.
 File Closed. 

; cpu time (non-gc) 7,120 msec user, 10 msec system
; cpu time (gc)     310 msec user, 0 msec system
; cpu time (total)  7,430 msec user, 10 msec system
; real time  7,487 msec
; space allocation:
 123,272 cons cells,;  426 symbols, 4,241,152 other bytes
COMPLETE
USER(49): USER(49): ; Fast loading /fsys4/u/sgwoods/csp/adt-setup.fasl.
 File Closed. 

; cpu time (non-gc) 4,270 msec user, 20 msec system
; cpu time (gc)     250 msec user, 0 msec system
; cpu time (total)  4,520 msec user, 20 msec system
; real time  4,579 msec
; space allocation:
 100,263 cons cells,;  433 symbols, 2,815,056 other bytes
COMPLETE
USER(50): USER(50): ; Fast loading /fsys4/u/sgwoods/csp/adt-setup.fasl.
 File Closed. 

; cpu time (non-gc) 5,160 msec user, 30 msec system
; cpu time (gc)     250 msec user, 0 msec system
; cpu time (total)  5,410 msec user, 30 msec system
; real time  5,461 msec
; space allocation:
 106,640 cons cells,;  433 symbols, 2,903,832 other bytes
COMPLETE
USER(51): USER(51): ; Fast loading /fsys4/u/sgwoods/csp/adt-setup.fasl.
 File Closed. 

; cpu time (non-gc) 12,210 msec user, 40 msec system
; cpu time (gc)     380 msec user, 10 msec system
; cpu time (total)  12,590 msec user, 50 msec system
; real time  12,730 msec
; space allocation:
 201,992 cons cells,;  483 symbols, 6,724,624 other bytes
COMPLETE
USER(52): USER(52): ; Fast loading /fsys4/u/sgwoods/csp/adt-setup.fasl.
 File Closed. 

; cpu time (non-gc) 7,100 msec user, 40 msec system
; cpu time (gc)     320 msec user, 0 msec system
; cpu time (total)  7,420 msec user, 40 msec system
; real time  7,522 msec
; space allocation:
 123,272 cons cells,;  426 symbols, 4,241,152 other bytes
COMPLETE
USER(53): USER(53): ; Fast loading /fsys4/u/sgwoods/csp/adt-setup.fasl.
 File Closed. 

; cpu time (non-gc) 5,240 msec user, 10 msec system
; cpu time (gc)     260 msec user, 0 msec system
; cpu time (total)  5,500 msec user, 10 msec system
; real time  5,554 msec
; space allocation:
 126,374 cons cells,;  453 symbols, 3,428,536 other bytes
COMPLETE
USER(54): USER(54): ; Fast loading /fsys4/u/sgwoods/csp/adt-setup.fasl.
 File Closed. 

; cpu time (non-gc) 1,640 msec user, 10 msec system
; cpu time (gc)     170 msec user, 0 msec system
; cpu time (total)  1,810 msec user, 10 msec system
; real time  1,852 msec
; space allocation:
 58,307 cons cells,;  477 symbols, 1,048,640 other bytes
COMPLETE
USER(55): USER(55): ; Fast loading /fsys4/u/sgwoods/csp/adt-setup.fasl.
 File Closed. 

; cpu time (non-gc) 4,760 msec user, 20 msec system
; cpu time (gc)     380 msec user, 0 msec system
; cpu time (total)  5,140 msec user, 20 msec system
; real time  5,182 msec
; space allocation:
 116,398 cons cells,;  445 symbols, 3,151,888 other bytes
COMPLETE
USER(56): USER(56): ; Fast loading /fsys4/u/sgwoods/csp/adt-setup.fasl.
 File Closed. 

; cpu time (non-gc) 5,560 msec user, 40 msec system
; cpu time (gc)     360 msec user, 20 msec system
; cpu time (total)  5,920 msec user, 60 msec system
; real time  6,310 msec
; space allocation:
 116,683 cons cells,;  446 symbols, 3,746,544 other bytes
COMPLETE
USER(57): USER(57): **** Noise 250 ****
"**** Noise 250 ****"
USER(58): 
NIL
USER(59): 
NIL
USER(60): ; Fast loading /fsys4/u/sgwoods/csp/adt-setup.fasl.
 File Closed. 

; cpu time (non-gc) 6,840 msec user, 30 msec system
; cpu time (gc)     300 msec user, 0 msec system
; cpu time (total)  7,140 msec user, 30 msec system
; real time  7,254 msec
; space allocation:
 171,708 cons cells,;  534 symbols, 3,154,752 other bytes
COMPLETE
USER(61): USER(61): ; Fast loading /fsys4/u/sgwoods/csp/adt-setup.fasl.
 File Closed. 

; cpu time (non-gc) 6,540 msec user, 40 msec system
; cpu time (gc)     390 msec user, 0 msec system
; cpu time (total)  6,930 msec user, 40 msec system
; real time  7,025 msec
; space allocation:
 123,580 cons cells,;  517 symbols, 3,280,704 other bytes
COMPLETE
USER(62): USER(62): ; Fast loading /fsys4/u/sgwoods/csp/adt-setup.fasl.
 File Closed. 

; cpu time (non-gc) 1,750 msec user, 60 msec system
; cpu time (gc)     150 msec user, 20 msec system
; cpu time (total)  1,900 msec user, 80 msec system
; real time  2,000 msec
; space allocation:
 59,778 cons cells,;  530 symbols, 1,033,448 other bytes
COMPLETE
USER(63): USER(63): ; Fast loading /fsys4/u/sgwoods/csp/adt-setup.fasl.
 File Closed. 

; cpu time (non-gc) 2,180 msec user, 10 msec system
; cpu time (gc)     160 msec user, 0 msec system
; cpu time (total)  2,340 msec user, 10 msec system
; real time  2,469 msec
; space allocation:
 76,855 cons cells,;  534 symbols, 1,201,168 other bytes
COMPLETE
USER(64): USER(64): ; Fast loading /fsys4/u/sgwoods/csp/adt-setup.fasl.
 File Closed. 

; cpu time (non-gc) 13,320 msec user, 70 msec system
; cpu time (gc)     490 msec user, 0 msec system
; cpu time (total)  13,810 msec user, 70 msec system
; real time  14,070 msec
; space allocation:
 242,911 cons cells,;  605 symbols, 5,617,760 other bytes
COMPLETE
USER(65): USER(65): ; Fast loading /fsys4/u/sgwoods/csp/adt-setup.fasl.
 File Closed. 

; cpu time (non-gc) 6,410 msec user, 20 msec system
; cpu time (gc)     310 msec user, 0 msec system
; cpu time (total)  6,720 msec user, 20 msec system
; real time  6,803 msec
; space allocation:
 123,579 cons cells,;  517 symbols, 3,191,688 other bytes
COMPLETE
USER(66): USER(66): ; Fast loading /fsys4/u/sgwoods/csp/adt-setup.fasl.
 File Closed. 

; cpu time (non-gc) 10,170 msec user, 20 msec system
; cpu time (gc)     530 msec user, 0 msec system
; cpu time (total)  10,700 msec user, 20 msec system
; real time  10,771 msec
; space allocation:
 192,672 cons cells,;  566 symbols, 4,888,032 other bytes
COMPLETE
USER(67): USER(67): ; Fast loading /fsys4/u/sgwoods/csp/adt-setup.fasl.
 File Closed. 

; cpu time (non-gc) 8,160 msec user, 20 msec system
; cpu time (gc)     400 msec user, 0 msec system
; cpu time (total)  8,560 msec user, 20 msec system
; real time  8,608 msec
; space allocation:
 208,678 cons cells,;  599 symbols, 3,673,808 other bytes
COMPLETE
USER(68): USER(68): ; Fast loading /fsys4/u/sgwoods/csp/adt-setup.fasl.
 File Closed. 

; cpu time (non-gc) 2,070 msec user, 10 msec system
; cpu time (gc)     130 msec user, 0 msec system
; cpu time (total)  2,200 msec user, 10 msec system
; real time  2,239 msec
; space allocation:
 69,645 cons cells,;  546 symbols, 1,176,088 other bytes
COMPLETE
USER(69): USER(69): ; Fast loading /fsys4/u/sgwoods/csp/adt-setup.fasl.
 File Closed. 

; cpu time (non-gc) 14,330 msec user, 80 msec system
; cpu time (gc)     470 msec user, 0 msec system
; cpu time (total)  14,800 msec user, 80 msec system
; real time  15,056 msec
; space allocation:
 219,312 cons cells,;  555 symbols, 7,356,920 other bytes
COMPLETE
USER(70): USER(70): ; Exiting Lisp
