Allegro CL 4.2 [SPARC; R1] (2/1/95 11:34)
Copyright (C) 1985-1993, Franz Inc., Berkeley, CA, USA.  All Rights Reserved.
;   Loading /fsys4/u/sgwoods/qcsp/load.lisp.
;     Fast loading /fsys4/u/sgwoods/qcsp/bm.fasl.
;     Fast loading /fsys4/u/sgwoods/qcsp/bt.fasl.
;     Fast loading /fsys4/u/sgwoods/qcsp/ct.fasl.
;     Fast loading /fsys4/u/sgwoods/qcsp/gsat.fasl.
;     Fast loading /fsys4/u/sgwoods/qcsp/utility.fasl.
;     Loading /fsys4/u/sgwoods/qcsp/compile.lisp.
;     Fast loading /fsys4/u/sgwoods/qcsp/quilici-search.fasl.
Warning: GETVAL, :OPERATOR was defined in /fsys4/u/sgwoods/qcsp/gsat.lisp and
         is now being defined in /fsys4/u/sgwoods/qcsp/quilici-search.lisp
;     Fast loading /fsys4/u/sgwoods/qcsp/adt-simple.fasl.
;     Fast loading /fsys4/u/sgwoods/qcsp/adt-setup.fasl.
;     Fast loading /fsys4/u/sgwoods/qcsp/memory-csp.fasl.
;; Optimization settings: safety 1, space 1, speed 1, debug 2
;; For a complete description of all compiler switches given the current
;; optimization settings evaluate (EXPLAIN-COMPILER-SETTINGS).
USER(1): USER(1): New Test Run: 1000, q-i2, FCDR, Dist1
"New Test Run: 1000, q-i2, FCDR, Dist1"
USER(2): 
NIL
USER(3): 
NIL
USER(4): ; Loading /fsys4/u/sgwoods/qcsp/load.lisp.
;   Fast loading /fsys4/u/sgwoods/qcsp/bm.fasl.
;   Fast loading /fsys4/u/sgwoods/qcsp/bt.fasl.
;   Fast loading /fsys4/u/sgwoods/qcsp/ct.fasl.
;   Fast loading /fsys4/u/sgwoods/qcsp/gsat.fasl.
Warning: GETVAL, :OPERATOR was defined in
         /fsys4/u/sgwoods/qcsp/quilici-search.lisp and is now being defined in
         /fsys4/u/sgwoods/qcsp/gsat.lisp
;   Fast loading /fsys4/u/sgwoods/qcsp/utility.fasl.
;   Loading /fsys4/u/sgwoods/qcsp/compile.lisp.
;   Fast loading /fsys4/u/sgwoods/qcsp/quilici-search.fasl.
Warning: GETVAL, :OPERATOR was defined in /fsys4/u/sgwoods/qcsp/gsat.lisp and
         is now being defined in /fsys4/u/sgwoods/qcsp/quilici-search.lisp
;   Fast loading /fsys4/u/sgwoods/qcsp/adt-simple.fasl.
;   Fast loading /fsys4/u/sgwoods/qcsp/adt-setup.fasl.
;   Fast loading /fsys4/u/sgwoods/qcsp/memory-csp.fasl.
T
USER(5): USER(5): **** Noise 1000 ****
"**** Noise 1000 ****"
USER(6): 
NIL
USER(7): 
NIL
USER(8): > Reload situation from existing file.  < ADT-Situation/Sit-q-i2-dist1-default-1000 > 
> Opened existing situation file.  < #<CHARACTER-INPUT-FILE-STREAM
                                       #p"/fsys4/u/sgwoods/qcsp/ADT-Situation/Sit-q-i2-dist1-default-1000" pos 0> > 
> Opening output file/stream for :  < New-Batch/fcdr-dist1-1000.1 > 
 File Closed (at 1). 

; cpu time (non-gc) 38,420 msec user, 140 msec system
; cpu time (gc)     880 msec user, 50 msec system
; cpu time (total)  39,300 msec user, 190 msec system
; real time  40,512 msec
; space allocation:
 1,697,305 cons cells,;  1,871 symbols, 3,855,384 other bytes
(((Q1-A ADTQ2-A) (Q1-F ADTQ2-F) (Q1-G ADTQ2-G) (Q1-H ADTQ2-H) (Q1-C ADTQ2-C)
  (Q1-B ADTQ2-B) (Q1-I ADTQ2-I) (Q1-D ADTQ2-D) (Q1-E ADTQ2-E))
 ((Q1-A ADTQ1-A) (Q1-F ADTQ1-F) (Q1-G ADTQ1-G) (Q1-H ADTQ1-H) (Q1-C ADTQ1-C)
  (Q1-B ADTQ1-B) (Q1-I ADTQ1-I) (Q1-D ADTQ1-D) (Q1-E ADTQ1-E)))
USER(9): USER(9): > Reload situation from existing file.  < ADT-Situation/Sit-q-i2-dist1-1783960706-1000 > 
> Opened existing situation file.  < #<CHARACTER-INPUT-FILE-STREAM
                                       #p"/fsys4/u/sgwoods/qcsp/ADT-Situation/Sit-q-i2-dist1-1783960706-1000" pos 0> > 
> Opening output file/stream for :  < New-Batch/fcdr-dist1-1000.2 > 
 File Closed (at 1). 

; cpu time (non-gc) 40,680 msec user, 50 msec system
; cpu time (gc)     690 msec user, 50 msec system
; cpu time (total)  41,370 msec user, 100 msec system
; real time  42,166 msec
; space allocation:
 1,775,373 cons cells,;  1,835 symbols, 3,984,552 other bytes
(((Q1-A ADTQ2-A) (Q1-F ADTQ2-F) (Q1-H ADTQ2-H) (Q1-G ADTQ2-G) (Q1-C ADTQ2-C)
  (Q1-B ADTQ2-B) (Q1-I ADTQ2-I) (Q1-D ADTQ2-D) (Q1-E ADTQ2-E))
 ((Q1-A ADTQ1-A) (Q1-F ADTQ1-F) (Q1-H ADTQ1-H) (Q1-G ADTQ1-G) (Q1-C ADTQ1-C)
  (Q1-B ADTQ1-B) (Q1-I ADTQ1-I) (Q1-D ADTQ1-D) (Q1-E ADTQ1-E)))
USER(10): USER(10): > Reload situation from existing file.  < ADT-Situation/Sit-q-i2-dist1-6148712495-1000 > 
> Opened existing situation file.  < #<CHARACTER-INPUT-FILE-STREAM
                                       #p"/fsys4/u/sgwoods/qcsp/ADT-Situation/Sit-q-i2-dist1-6148712495-1000" pos 0> > 
> Opening output file/stream for :  < New-Batch/fcdr-dist1-1000.3 > 
 File Closed (at 1). 

; cpu time (non-gc) 31,780 msec user, 60 msec system
; cpu time (gc)     640 msec user, 20 msec system
; cpu time (total)  32,420 msec user, 80 msec system
; real time  33,896 msec
; space allocation:
 918,218 cons cells,;  1,756 symbols, 2,541,032 other bytes
(((Q1-A ADTQ2-A) (Q1-F ADTQ2-F) (Q1-H ADTQ2-H) (Q1-G ADTQ2-G) (Q1-C ADTQ2-C)
  (Q1-B ADTQ2-B) (Q1-I ADTQ2-I) (Q1-D ADTQ2-D) (Q1-E ADTQ2-E))
 ((Q1-A ADTQ1-A) (Q1-F ADTQ1-F) (Q1-H ADTQ1-H) (Q1-G ADTQ1-G) (Q1-C ADTQ1-C)
  (Q1-B ADTQ1-B) (Q1-I ADTQ1-I) (Q1-D ADTQ1-D) (Q1-E ADTQ1-E)))
USER(11): USER(11): > Reload situation from existing file.  < ADT-Situation/Sit-q-i2-dist1-8261581571-1000 > 
> Opened existing situation file.  < #<CHARACTER-INPUT-FILE-STREAM
                                       #p"/fsys4/u/sgwoods/qcsp/ADT-Situation/Sit-q-i2-dist1-8261581571-1000" pos 0> > 
> Opening output file/stream for :  < New-Batch/fcdr-dist1-1000.4 > 
 File Closed (at 1). 

; cpu time (non-gc) 29,290 msec user, 80 msec system
; cpu time (gc)     650 msec user, 10 msec system
; cpu time (total)  29,940 msec user, 90 msec system
; real time  31,141 msec
; space allocation:
 999,491 cons cells,;  1,772 symbols, 2,689,784 other bytes
(((Q1-A ADTQ2-A) (Q1-F ADTQ2-F) (Q1-H ADTQ2-H) (Q1-G ADTQ2-G) (Q1-C ADTQ2-C)
  (Q1-B ADTQ2-B) (Q1-I ADTQ2-I) (Q1-D ADTQ2-D) (Q1-E ADTQ2-E))
 ((Q1-A ADTQ1-A) (Q1-F ADTQ1-F) (Q1-H ADTQ1-H) (Q1-G ADTQ1-G) (Q1-C ADTQ1-C)
  (Q1-B ADTQ1-B) (Q1-I ADTQ1-I) (Q1-D ADTQ1-D) (Q1-E ADTQ1-E)))
USER(12): USER(12): > Reload situation from existing file.  < ADT-Situation/Sit-q-i2-dist1-4705297406-1000 > 
> Opened existing situation file.  < #<CHARACTER-INPUT-FILE-STREAM
                                       #p"/fsys4/u/sgwoods/qcsp/ADT-Situation/Sit-q-i2-dist1-4705297406-1000" pos 0> > 
> Opening output file/stream for :  < New-Batch/fcdr-dist1-1000.5 > 
 File Closed (at 1). 

; cpu time (non-gc) 41,680 msec user, 90 msec system
; cpu time (gc)     770 msec user, 30 msec system
; cpu time (total)  42,450 msec user, 120 msec system
; real time  43,556 msec
; space allocation:
 2,199,468 cons cells,;  1,842 symbols, 4,193,608 other bytes
(((Q1-A ADTQ2-A) (Q1-F ADTQ2-F) (Q1-H ADTQ2-H) (Q1-G ADTQ2-G) (Q1-C ADTQ2-C)
  (Q1-B ADTQ2-B) (Q1-I ADTQ2-I) (Q1-D ADTQ2-D) (Q1-E ADTQ2-E))
 ((Q1-A ADTQ1-A) (Q1-F ADTQ1-F) (Q1-H ADTQ1-H) (Q1-G ADTQ1-G) (Q1-C ADTQ1-C)
  (Q1-B ADTQ1-B) (Q1-I ADTQ1-I) (Q1-D ADTQ1-D) (Q1-E ADTQ1-E)))
USER(13): USER(13): > Reload situation from existing file.  < ADT-Situation/Sit-q-i2-dist1-6724813580-1000 > 
> Opened existing situation file.  < #<CHARACTER-INPUT-FILE-STREAM
                                       #p"/fsys4/u/sgwoods/qcsp/ADT-Situation/Sit-q-i2-dist1-6724813580-1000" pos 0> > 
> Opening output file/stream for :  < New-Batch/fcdr-dist1-1000.6 > 
 File Closed (at 1). 

; cpu time (non-gc) 42,000 msec user, 80 msec system
; cpu time (gc)     780 msec user, 0 msec system
; cpu time (total)  42,780 msec user, 80 msec system
; real time  44,233 msec
; space allocation:
 1,774,927 cons cells,;  1,835 symbols, 3,984,016 other bytes
(((Q1-A ADTQ2-A) (Q1-F ADTQ2-F) (Q1-H ADTQ2-H) (Q1-G ADTQ2-G) (Q1-C ADTQ2-C)
  (Q1-B ADTQ2-B) (Q1-I ADTQ2-I) (Q1-D ADTQ2-D) (Q1-E ADTQ2-E))
 ((Q1-A ADTQ1-A) (Q1-F ADTQ1-F) (Q1-H ADTQ1-H) (Q1-G ADTQ1-G) (Q1-C ADTQ1-C)
  (Q1-B ADTQ1-B) (Q1-I ADTQ1-I) (Q1-D ADTQ1-D) (Q1-E ADTQ1-E)))
USER(14): USER(14): > Reload situation from existing file.  < ADT-Situation/Sit-q-i2-dist1-8798969000-1000 > 
> Opened existing situation file.  < #<CHARACTER-INPUT-FILE-STREAM
                                       #p"/fsys4/u/sgwoods/qcsp/ADT-Situation/Sit-q-i2-dist1-8798969000-1000" pos 0> > 
> Opening output file/stream for :  < New-Batch/fcdr-dist1-1000.7 > 
 File Closed (at 1). 

; cpu time (non-gc) 30,530 msec user, 80 msec system
; cpu time (gc)     760 msec user, 20 msec system
; cpu time (total)  31,290 msec user, 100 msec system
; real time  32,554 msec
; space allocation:
 980,490 cons cells,;  1,832 symbols, 2,518,256 other bytes
(((Q1-A ADTQ2-A) (Q1-F ADTQ2-F) (Q1-H ADTQ2-H) (Q1-G ADTQ2-G) (Q1-C ADTQ2-C)
  (Q1-B ADTQ2-B) (Q1-I ADTQ2-I) (Q1-D ADTQ2-D) (Q1-E ADTQ2-E))
 ((Q1-A ADTQ1-A) (Q1-F ADTQ1-F) (Q1-H ADTQ1-H) (Q1-G ADTQ1-G) (Q1-C ADTQ1-C)
  (Q1-B ADTQ1-B) (Q1-I ADTQ1-I) (Q1-D ADTQ1-D) (Q1-E ADTQ1-E)))
USER(15): USER(15): > Reload situation from existing file.  < ADT-Situation/Sit-q-i2-dist1-0805098560-1000 > 
> Opened existing situation file.  < #<CHARACTER-INPUT-FILE-STREAM
                                       #p"/fsys4/u/sgwoods/qcsp/ADT-Situation/Sit-q-i2-dist1-0805098560-1000" pos 0> > 
> Opening output file/stream for :  < New-Batch/fcdr-dist1-1000.8 > 
 File Closed (at 1). 

; cpu time (non-gc) 40,510 msec user, 80 msec system
; cpu time (gc)     770 msec user, 10 msec system
; cpu time (total)  41,280 msec user, 90 msec system
; real time  42,212 msec
; space allocation:
 1,525,931 cons cells,;  1,798 symbols, 4,124,312 other bytes
(((Q1-A ADTQ2-A) (Q1-F ADTQ2-F) (Q1-H ADTQ2-H) (Q1-G ADTQ2-G) (Q1-C ADTQ2-C)
  (Q1-B ADTQ2-B) (Q1-I ADTQ2-I) (Q1-D ADTQ2-D) (Q1-E ADTQ2-E))
 ((Q1-A ADTQ1-A) (Q1-F ADTQ1-F) (Q1-H ADTQ1-H) (Q1-G ADTQ1-G) (Q1-C ADTQ1-C)
  (Q1-B ADTQ1-B) (Q1-I ADTQ1-I) (Q1-D ADTQ1-D) (Q1-E ADTQ1-E)))
USER(16): USER(16): > Reload situation from existing file.  < ADT-Situation/Sit-q-i2-dist1-4767135635-1000 > 
> Opened existing situation file.  < #<CHARACTER-INPUT-FILE-STREAM
                                       #p"/fsys4/u/sgwoods/qcsp/ADT-Situation/Sit-q-i2-dist1-4767135635-1000" pos 0> > 
> Opening output file/stream for :  < New-Batch/fcdr-dist1-1000.9 > 
 File Closed (at 1). 

; cpu time (non-gc) 41,900 msec user, 90 msec system
; cpu time (gc)     920 msec user, 0 msec system
; cpu time (total)  42,820 msec user, 90 msec system
; real time  46,480 msec
; space allocation:
 2,194,826 cons cells,;  1,810 symbols, 4,447,184 other bytes
(((Q1-A ADTQ2-A) (Q1-F ADTQ2-F) (Q1-H ADTQ2-H) (Q1-G ADTQ2-G) (Q1-C ADTQ2-C)
  (Q1-D ADTQ2-D) (Q1-B ADTQ2-B) (Q1-E ADTQ2-E) (Q1-I ADTQ2-I))
 ((Q1-A ADTQ1-A) (Q1-F ADTQ1-F) (Q1-H ADTQ1-H) (Q1-G ADTQ1-G) (Q1-C ADTQ1-C)
  (Q1-B ADTQ1-B) (Q1-I ADTQ1-I) (Q1-D ADTQ1-D) (Q1-E ADTQ1-E)))
USER(17): USER(17): > Reload situation from existing file.  < ADT-Situation/Sit-q-i2-dist1-7685437293-1000 > 
> Opened existing situation file.  < #<CHARACTER-INPUT-FILE-STREAM
                                       #p"/fsys4/u/sgwoods/qcsp/ADT-Situation/Sit-q-i2-dist1-7685437293-1000" pos 0> > 
> Opening output file/stream for :  < New-Batch/fcdr-dist1-1000.99 > 
 File Closed (at 1). 

; cpu time (non-gc) 37,340 msec user, 60 msec system
; cpu time (gc)     850 msec user, 20 msec system
; cpu time (total)  38,190 msec user, 80 msec system
; real time  38,997 msec
; space allocation:
 1,603,754 cons cells,;  1,820 symbols, 3,874,384 other bytes
(((Q1-A ADTQ2-A) (Q1-F ADTQ2-F) (Q1-H ADTQ2-H) (Q1-G ADTQ2-G) (Q1-C ADTQ2-C)
  (Q1-B ADTQ2-B) (Q1-I ADTQ2-I) (Q1-D ADTQ2-D) (Q1-E ADTQ2-E))
 ((Q1-A ADTQ1-A) (Q1-F ADTQ1-F) (Q1-H ADTQ1-H) (Q1-G ADTQ1-G) (Q1-C ADTQ1-C)
  (Q1-B ADTQ1-B) (Q1-I ADTQ1-I) (Q1-D ADTQ1-D) (Q1-E ADTQ1-E)))
USER(18): ; Exiting Lisp
