Allegro CL 4.2 [SPARC; R1] (2/1/95 11:34)
Copyright (C) 1985-1993, Franz Inc., Berkeley, CA, USA.  All Rights Reserved.
;   Loading /fsys4/u/sgwoods/qcsp/load.lisp.
;     Fast loading /fsys4/u/sgwoods/qcsp/bm.fasl.
;     Fast loading /fsys4/u/sgwoods/qcsp/bt.fasl.
;     Fast loading /fsys4/u/sgwoods/qcsp/ct.fasl.
;     Fast loading /fsys4/u/sgwoods/qcsp/gsat.fasl.
;     Fast loading /fsys4/u/sgwoods/qcsp/utility.fasl.
;     Loading /fsys4/u/sgwoods/qcsp/compile.lisp.
;     Fast loading /fsys4/u/sgwoods/qcsp/quilici-search.fasl.
Warning: GETVAL, :OPERATOR was defined in /fsys4/u/sgwoods/qcsp/gsat.lisp and
         is now being defined in /fsys4/u/sgwoods/qcsp/quilici-search.lisp
;     Fast loading /fsys4/u/sgwoods/qcsp/adt-simple.fasl.
;     Fast loading /fsys4/u/sgwoods/qcsp/adt-setup.fasl.
;     Fast loading /fsys4/u/sgwoods/qcsp/memory-csp.fasl.
;; Optimization settings: safety 1, space 1, speed 1, debug 2
;; For a complete description of all compiler switches given the current
;; optimization settings evaluate (EXPLAIN-COMPILER-SETTINGS).
USER(1): USER(1): New Test Run: 3000, q-i2, FCDR, Dist1
"New Test Run: 3000, q-i2, FCDR, Dist1"
USER(2): 
NIL
USER(3): 
NIL
USER(4): ; Loading /fsys4/u/sgwoods/qcsp/load.lisp.
;   Fast loading /fsys4/u/sgwoods/qcsp/bm.fasl.
;   Fast loading /fsys4/u/sgwoods/qcsp/bt.fasl.
;   Fast loading /fsys4/u/sgwoods/qcsp/ct.fasl.
;   Fast loading /fsys4/u/sgwoods/qcsp/gsat.fasl.
Warning: GETVAL, :OPERATOR was defined in
         /fsys4/u/sgwoods/qcsp/quilici-search.lisp and is now being defined in
         /fsys4/u/sgwoods/qcsp/gsat.lisp
;   Fast loading /fsys4/u/sgwoods/qcsp/utility.fasl.
;   Loading /fsys4/u/sgwoods/qcsp/compile.lisp.
;   Fast loading /fsys4/u/sgwoods/qcsp/quilici-search.fasl.
Warning: GETVAL, :OPERATOR was defined in /fsys4/u/sgwoods/qcsp/gsat.lisp and
         is now being defined in /fsys4/u/sgwoods/qcsp/quilici-search.lisp
;   Fast loading /fsys4/u/sgwoods/qcsp/adt-simple.fasl.
;   Fast loading /fsys4/u/sgwoods/qcsp/adt-setup.fasl.
;   Fast loading /fsys4/u/sgwoods/qcsp/memory-csp.fasl.
T
USER(5): USER(5): **** Noise 3000 ****
"**** Noise 3000 ****"
USER(6): 
NIL
USER(7): 
NIL
USER(8): > Initializing a new case 
 
> Open file: Saving new generated situation. 
 
> Opening output file/stream for :  < New-Batch/fcdr-dist1-3000.1 > 
 File Closed (at 1). 

; cpu time (non-gc) 492,660 msec (00:08:12.660) user, 440 msec system
; cpu time (gc)     8,550 msec user, 260 msec system
; cpu time (total)  501,210 msec (00:08:21.210) user, 700 msec system
; real time  506,755 msec (00:08:26.755)
; space allocation:
 46,862,847 cons cells,;  5,329 symbols, 33,903,568 other bytes
(((Q1-A ADTQ2-A) (Q1-F ADTQ2-F) (Q1-H ADTQ2-H) (Q1-G ADTQ2-G) (Q1-C ADTQ2-C)
  (Q1-B ADTQ2-B) (Q1-I ADTQ2-I) (Q1-D ADTQ2-D) (Q1-E ADTQ2-E))
 ((Q1-A ADTQ1-A) (Q1-F ADTQ1-F) (Q1-H ADTQ1-H) (Q1-G ADTQ1-G) (Q1-C ADTQ1-C)
  (Q1-B ADTQ1-B) (Q1-I ADTQ1-I) (Q1-D ADTQ1-D) (Q1-E ADTQ1-E)))
USER(9): USER(9): > Initializing a new case 
 
> Open file: Saving new generated situation. 
 
> Opening output file/stream for :  < New-Batch/fcdr-dist1-3000.2 > 
 File Closed (at 1). 

; cpu time (non-gc) 549,020 msec (00:09:09.020) user, 380 msec system
; cpu time (gc)     9,570 msec user, 150 msec system
; cpu time (total)  558,590 msec (00:09:18.590) user, 530 msec system
; real time  561,677 msec (00:09:21.677)
; space allocation:
 53,149,178 cons cells,;  5,392 symbols, 35,835,640 other bytes
(((Q1-A ADTQ2-A) (Q1-F ADTQ2-F) (Q1-H ADTQ2-H) (Q1-G ADTQ2-G) (Q1-C ADTQ2-C)
  (Q1-B ADTQ2-B) (Q1-I ADTQ2-I) (Q1-D ADTQ2-D) (Q1-E ADTQ2-E))
 ((Q1-A ADTQ1-A) (Q1-F ADTQ1-F) (Q1-H ADTQ1-H) (Q1-G ADTQ1-G) (Q1-C ADTQ1-C)
  (Q1-B ADTQ1-B) (Q1-I ADTQ1-I) (Q1-D ADTQ1-D) (Q1-E ADTQ1-E)))
USER(10): USER(10): > Initializing a new case 
 
> Open file: Saving new generated situation. 
 
> Opening output file/stream for :  < New-Batch/fcdr-dist1-3000.3 > 
 File Closed (at 1). 

; cpu time (non-gc) 462,580 msec (00:07:42.580) user, 350 msec system
; cpu time (gc)     9,910 msec user, 220 msec system
; cpu time (total)  472,490 msec (00:07:52.490) user, 570 msec system
; real time  474,102 msec (00:07:54.102)
; space allocation:
 43,864,180 cons cells,;  5,276 symbols, 31,028,968 other bytes
(((Q1-A ADTQ2-A) (Q1-F ADTQ2-F) (Q1-H ADTQ2-H) (Q1-G ADTQ2-G) (Q1-C ADTQ2-C)
  (Q1-D ADTQ2-D) (Q1-B ADTQ2-B) (Q1-E ADTQ2-E) (Q1-I ADTQ2-I))
 ((Q1-A ADTQ1-A) (Q1-F ADTQ1-F) (Q1-H ADTQ1-H) (Q1-G ADTQ1-G) (Q1-C ADTQ1-C)
  (Q1-B ADTQ1-B) (Q1-I ADTQ1-I) (Q1-D ADTQ1-D) (Q1-E ADTQ1-E)))
USER(11): USER(11): > Initializing a new case 
 
> Open file: Saving new generated situation. 
 
> Opening output file/stream for :  < New-Batch/fcdr-dist1-3000.4 > 
 File Closed (at 1). 

; cpu time (non-gc) 361,220 msec (00:06:01.220) user, 350 msec system
; cpu time (gc)     17,430 msec user, 1,710 msec system
; cpu time (total)  378,650 msec (00:06:18.650) user, 2,060 msec system
; real time  386,069 msec (00:06:26.069)
; space allocation:
 36,183,904 cons cells,;  5,418 symbols, 23,900,560 other bytes
(((Q1-A ADTQ2-A) (Q1-F ADTQ2-F) (Q1-H ADTQ2-H) (Q1-G ADTQ2-G) (Q1-C ADTQ2-C)
  (Q1-B ADTQ2-B) (Q1-I ADTQ2-I) (Q1-D ADTQ2-D) (Q1-E ADTQ2-E))
 ((Q1-A ADTQ1-A) (Q1-F ADTQ1-F) (Q1-H ADTQ1-H) (Q1-G ADTQ1-G) (Q1-C ADTQ1-C)
  (Q1-D ADTQ1-D) (Q1-B ADTQ1-B) (Q1-E ADTQ1-E) (Q1-I ADTQ1-I)))
USER(12): USER(12): > Initializing a new case 
 
> Open file: Saving new generated situation. 
 
> Opening output file/stream for :  < New-Batch/fcdr-dist1-3000.5 > 
 File Closed (at 1). 

; cpu time (non-gc) 503,800 msec (00:08:23.800) user, 440 msec system
; cpu time (gc)     12,040 msec user, 220 msec system
; cpu time (total)  515,840 msec (00:08:35.840) user, 660 msec system
; real time  517,527 msec (00:08:37.527)
; space allocation:
 52,842,661 cons cells,;  5,351 symbols, 34,405,504 other bytes
(((Q1-A ADTQ2-A) (Q1-F ADTQ2-F) (Q1-H ADTQ2-H) (Q1-G ADTQ2-G) (Q1-C ADTQ2-C)
  (Q1-B ADTQ2-B) (Q1-I ADTQ2-I) (Q1-D ADTQ2-D) (Q1-E ADTQ2-E))
 ((Q1-A ADTQ1-A) (Q1-F ADTQ1-F) (Q1-H ADTQ1-H) (Q1-G ADTQ1-G) (Q1-C ADTQ1-C)
  (Q1-B ADTQ1-B) (Q1-I ADTQ1-I) (Q1-D ADTQ1-D) (Q1-E ADTQ1-E)))
USER(13): USER(13): > Initializing a new case 
 
> Open file: Saving new generated situation. 
 
> Opening output file/stream for :  < New-Batch/fcdr-dist1-3000.6 > 
 File Closed (at 1). 

; cpu time (non-gc) 524,250 msec (00:08:44.250) user, 460 msec system
; cpu time (gc)     12,660 msec user, 200 msec system
; cpu time (total)  536,910 msec (00:08:56.910) user, 660 msec system
; real time  539,258 msec (00:08:59.258)
; space allocation:
 53,148,744 cons cells,;  5,392 symbols, 35,901,200 other bytes
(((Q1-A ADTQ2-A) (Q1-F ADTQ2-F) (Q1-H ADTQ2-H) (Q1-G ADTQ2-G) (Q1-C ADTQ2-C)
  (Q1-B ADTQ2-B) (Q1-I ADTQ2-I) (Q1-D ADTQ2-D) (Q1-E ADTQ2-E))
 ((Q1-A ADTQ1-A) (Q1-F ADTQ1-F) (Q1-H ADTQ1-H) (Q1-G ADTQ1-G) (Q1-C ADTQ1-C)
  (Q1-B ADTQ1-B) (Q1-I ADTQ1-I) (Q1-D ADTQ1-D) (Q1-E ADTQ1-E)))
USER(14): USER(14): > Initializing a new case 
 
> Open file: Saving new generated situation. 
 
> Opening output file/stream for :  < New-Batch/fcdr-dist1-3000.7 > 
 File Closed (at 1). 

; cpu time (non-gc) 426,660 msec (00:07:06.660) user, 460 msec system
; cpu time (gc)     20,500 msec user, 180 msec system
; cpu time (total)  447,160 msec (00:07:27.160) user, 640 msec system
; real time  452,132 msec (00:07:32.132)
; space allocation:
 41,226,812 cons cells,;  5,320 symbols, 28,338,400 other bytes
(((Q1-A ADTQ2-A) (Q1-F ADTQ2-F) (Q1-H ADTQ2-H) (Q1-G ADTQ2-G) (Q1-C ADTQ2-C)
  (Q1-B ADTQ2-B) (Q1-I ADTQ2-I) (Q1-D ADTQ2-D) (Q1-E ADTQ2-E))
 ((Q1-A ADTQ1-A) (Q1-F ADTQ1-F) (Q1-H ADTQ1-H) (Q1-G ADTQ1-G) (Q1-C ADTQ1-C)
  (Q1-B ADTQ1-B) (Q1-I ADTQ1-I) (Q1-D ADTQ1-D) (Q1-E ADTQ1-E)))
USER(15): USER(15): > Initializing a new case 
 
> Open file: Saving new generated situation. 
 
> Opening output file/stream for :  < New-Batch/fcdr-dist1-3000.8 > 
 File Closed (at 1). 

; cpu time (non-gc) 541,950 msec (00:09:01.950) user, 350 msec system
; cpu time (gc)     15,150 msec user, 170 msec system
; cpu time (total)  557,100 msec (00:09:17.100) user, 520 msec system
; real time  560,365 msec (00:09:20.365)
; space allocation:
 56,507,010 cons cells,;  5,364 symbols, 38,441,384 other bytes
(((Q1-A ADTQ2-A) (Q1-F ADTQ2-F) (Q1-H ADTQ2-H) (Q1-G ADTQ2-G) (Q1-C ADTQ2-C)
  (Q1-D ADTQ2-D) (Q1-B ADTQ2-B) (Q1-E ADTQ2-E) (Q1-I ADTQ2-I))
 ((Q1-A ADTQ1-A) (Q1-F ADTQ1-F) (Q1-H ADTQ1-H) (Q1-G ADTQ1-G) (Q1-C ADTQ1-C)
  (Q1-B ADTQ1-B) (Q1-I ADTQ1-I) (Q1-D ADTQ1-D) (Q1-E ADTQ1-E)))
USER(16): USER(16): > Initializing a new case 
 
> Open file: Saving new generated situation. 
 
> Opening output file/stream for :  < New-Batch/fcdr-dist1-3000.9 > 
 File Closed (at 1). 

; cpu time (non-gc) 602,030 msec (00:10:02.030) user, 450 msec system
; cpu time (gc)     15,810 msec user, 80 msec system
; cpu time (total)  617,840 msec (00:10:17.840) user, 530 msec system
; real time  622,605 msec (00:10:22.605)
; space allocation:
 57,195,469 cons cells,;  5,295 symbols, 39,746,216 other bytes
(((Q1-A ADTQ2-A) (Q1-F ADTQ2-F) (Q1-H ADTQ2-H) (Q1-G ADTQ2-G) (Q1-C ADTQ2-C)
  (Q1-D ADTQ2-D) (Q1-B ADTQ2-B) (Q1-E ADTQ2-E) (Q1-I ADTQ2-I))
 ((Q1-A ADTQ1-A) (Q1-F ADTQ1-F) (Q1-H ADTQ1-H) (Q1-G ADTQ1-G) (Q1-C ADTQ1-C)
  (Q1-D ADTQ1-D) (Q1-B ADTQ1-B) (Q1-E ADTQ1-E) (Q1-I ADTQ1-I)))
USER(17): USER(17): > Initializing a new case 
 
> Open file: Saving new generated situation. 
 
> Opening output file/stream for :  < New-Batch/fcdr-dist1-3000.99 > 
 File Closed (at 1). 

; cpu time (non-gc) 578,090 msec (00:09:38.090) user, 460 msec system
; cpu time (gc)     16,130 msec user, 170 msec system
; cpu time (total)  594,220 msec (00:09:54.220) user, 630 msec system
; real time  596,155 msec (00:09:56.155)
; space allocation:
 56,741,679 cons cells,;  5,369 symbols, 40,432,896 other bytes
(((Q1-A ADTQ2-A) (Q1-F ADTQ2-F) (Q1-H ADTQ2-H) (Q1-G ADTQ2-G) (Q1-C ADTQ2-C)
  (Q1-B ADTQ2-B) (Q1-I ADTQ2-I) (Q1-D ADTQ2-D) (Q1-E ADTQ2-E))
 ((Q1-A ADTQ1-A) (Q1-F ADTQ1-F) (Q1-H ADTQ1-H) (Q1-G ADTQ1-G) (Q1-C ADTQ1-C)
  (Q1-B ADTQ1-B) (Q1-I ADTQ1-I) (Q1-D ADTQ1-D) (Q1-E ADTQ1-E)))
USER(18): ; Exiting Lisp
