Allegro CL 4.2 [SPARC; R1] (2/1/95 11:34)
Copyright (C) 1985-1993, Franz Inc., Berkeley, CA, USA.  All Rights Reserved.
;   Loading /fsys4/u/sgwoods/qcsp/load.lisp.
;     Fast loading /fsys4/u/sgwoods/qcsp/bm.fasl.
;     Fast loading /fsys4/u/sgwoods/qcsp/bt.fasl.
;     Fast loading /fsys4/u/sgwoods/qcsp/ct.fasl.
;     Fast loading /fsys4/u/sgwoods/qcsp/gsat.fasl.
;     Fast loading /fsys4/u/sgwoods/qcsp/utility.fasl.
;     Loading /fsys4/u/sgwoods/qcsp/compile.lisp.
;     Fast loading /fsys4/u/sgwoods/qcsp/quilici-search.fasl.
Warning: GETVAL, :OPERATOR was defined in /fsys4/u/sgwoods/qcsp/gsat.lisp and
         is now being defined in /fsys4/u/sgwoods/qcsp/quilici-search.lisp
;     Fast loading /fsys4/u/sgwoods/qcsp/adt-simple.fasl.
;     Fast loading /fsys4/u/sgwoods/qcsp/adt-setup.fasl.
;     Fast loading /fsys4/u/sgwoods/qcsp/memory-csp.fasl.
;; Optimization settings: safety 1, space 1, speed 1, debug 2
;; For a complete description of all compiler switches given the current
;; optimization settings evaluate (EXPLAIN-COMPILER-SETTINGS).
USER(1): USER(1): New Test Run: 5000, q-i2, FCDR, Dist1
"New Test Run: 5000, q-i2, FCDR, Dist1"
USER(2): 
NIL
USER(3): 
NIL
USER(4): ; Loading /fsys4/u/sgwoods/qcsp/load.lisp.
;   Fast loading /fsys4/u/sgwoods/qcsp/bm.fasl.
;   Fast loading /fsys4/u/sgwoods/qcsp/bt.fasl.
;   Fast loading /fsys4/u/sgwoods/qcsp/ct.fasl.
;   Fast loading /fsys4/u/sgwoods/qcsp/gsat.fasl.
Warning: GETVAL, :OPERATOR was defined in
         /fsys4/u/sgwoods/qcsp/quilici-search.lisp and is now being defined in
         /fsys4/u/sgwoods/qcsp/gsat.lisp
;   Fast loading /fsys4/u/sgwoods/qcsp/utility.fasl.
;   Loading /fsys4/u/sgwoods/qcsp/compile.lisp.
;   Fast loading /fsys4/u/sgwoods/qcsp/quilici-search.fasl.
Warning: GETVAL, :OPERATOR was defined in /fsys4/u/sgwoods/qcsp/gsat.lisp and
         is now being defined in /fsys4/u/sgwoods/qcsp/quilici-search.lisp
;   Fast loading /fsys4/u/sgwoods/qcsp/adt-simple.fasl.
;   Fast loading /fsys4/u/sgwoods/qcsp/adt-setup.fasl.
;   Fast loading /fsys4/u/sgwoods/qcsp/memory-csp.fasl.
T
USER(5): USER(5): **** Noise 5000 ****
"**** Noise 5000 ****"
USER(6): 
NIL
USER(7): 
NIL
USER(8): > Reload situation from existing file.  < ADT-Situation/Sit-q-i2-dist1-default-5000 > 
> Opened existing situation file.  < #<CHARACTER-INPUT-FILE-STREAM
                                       #p"/fsys4/u/sgwoods/qcsp/ADT-Situation/Sit-q-i2-dist1-default-5000" pos 0> > 
> Opening output file/stream for :  < New-Batch/fcdr-dist1-5000.1 > 
 File Closed (at 1). 

; cpu time (non-gc) 1,810,030 msec (00:30:10.030) user, 1,070 msec system
; cpu time (gc)     11,590 msec user, 440 msec system
; cpu time (total)  1,821,620 msec (00:30:21.620) user, 1,510 msec system
; real time  1,852,661 msec (00:30:52.661)
; space allocation:
 141,490,015 cons cells,;  8,972 symbols, 62,084,256 other bytes
(((Q1-A ADTQ2-A) (Q1-F ADTQ2-F) (Q1-H ADTQ2-H) (Q1-G ADTQ2-G) (Q1-C ADTQ2-C)
  (Q1-B ADTQ2-B) (Q1-I ADTQ2-I) (Q1-D ADTQ2-D) (Q1-E ADTQ2-E))
 ((Q1-A ADTQ1-A) (Q1-F ADTQ1-F) (Q1-H ADTQ1-H) (Q1-G ADTQ1-G) (Q1-C ADTQ1-C)
  (Q1-B ADTQ1-B) (Q1-I ADTQ1-I) (Q1-D ADTQ1-D) (Q1-E ADTQ1-E)))
USER(9): USER(9): > Reload situation from existing file.  < ADT-Situation/Sit-q-i2-dist1-1783960706-5000 > 
> Opened existing situation file.  < #<CHARACTER-INPUT-FILE-STREAM
                                       #p"/fsys4/u/sgwoods/qcsp/ADT-Situation/Sit-q-i2-dist1-1783960706-5000" pos 0> > 
> Opening output file/stream for :  < New-Batch/fcdr-dist1-5000.2 > 
 File Closed (at 1). 

; cpu time (non-gc) 1,811,640 msec (00:30:11.640) user, 840 msec system
; cpu time (gc)     10,030 msec user, 300 msec system
; cpu time (total)  1,821,670 msec (00:30:21.670) user, 1,140 msec system
; real time  1,971,988 msec (00:32:51.988)
; space allocation:
 148,978,516 cons cells,;  8,967 symbols, 66,369,824 other bytes
(((Q1-A ADTQ2-A) (Q1-F ADTQ2-F) (Q1-H ADTQ2-H) (Q1-G ADTQ2-G) (Q1-C ADTQ2-C)
  (Q1-D ADTQ2-D) (Q1-B ADTQ2-B) (Q1-E ADTQ2-E) (Q1-I ADTQ2-I))
 ((Q1-A ADTQ1-A) (Q1-F ADTQ1-F) (Q1-H ADTQ1-H) (Q1-G ADTQ1-G) (Q1-C ADTQ1-C)
  (Q1-B ADTQ1-B) (Q1-I ADTQ1-I) (Q1-D ADTQ1-D) (Q1-E ADTQ1-E)))
USER(10): USER(10): > Reload situation from existing file.  < ADT-Situation/Sit-q-i2-dist1-6148712495-5000 > 
> Opened existing situation file.  < #<CHARACTER-INPUT-FILE-STREAM
                                       #p"/fsys4/u/sgwoods/qcsp/ADT-Situation/Sit-q-i2-dist1-6148712495-5000" pos 0> > 
> Opening output file/stream for :  < New-Batch/fcdr-dist1-5000.3 > 
 File Closed (at 1). 

; cpu time (non-gc) 1,810,280 msec (00:30:10.280) user, 880 msec system
; cpu time (gc)     16,560 msec user, 1,940 msec system
; cpu time (total)  1,826,840 msec (00:30:26.840) user, 2,820 msec system
; real time  2,406,165 msec (00:40:06.165)
; space allocation:
 122,001,712 cons cells,;  8,817 symbols, 59,870,136 other bytes
(((Q1-A ADTQ2-A) (Q1-F ADTQ2-F) (Q1-H ADTQ2-H) (Q1-G ADTQ2-G) (Q1-C ADTQ2-C)
  (Q1-B ADTQ2-B) (Q1-I ADTQ2-I) (Q1-D ADTQ2-D) (Q1-E ADTQ2-E))
 ((Q1-A ADTQ1-A) (Q1-F ADTQ1-F) (Q1-H ADTQ1-H) (Q1-G ADTQ1-G) (Q1-C ADTQ1-C)
  (Q1-B ADTQ1-B) (Q1-I ADTQ1-I) (Q1-D ADTQ1-D) (Q1-E ADTQ1-E)))
USER(11): USER(11): > Reload situation from existing file.  < ADT-Situation/Sit-q-i2-dist1-8261581571-5000 > 
> Opened existing situation file.  < #<CHARACTER-INPUT-FILE-STREAM
                                       #p"/fsys4/u/sgwoods/qcsp/ADT-Situation/Sit-q-i2-dist1-8261581571-5000" pos 0> > 
> Opening output file/stream for :  < New-Batch/fcdr-dist1-5000.4 > 
 File Closed (at 1). 

; cpu time (non-gc) 1,366,780 msec (00:22:46.780) user, 930 msec system
; cpu time (gc)     7,500 msec user, 550 msec system
; cpu time (total)  1,374,280 msec (00:22:54.280) user, 1,480 msec system
; real time  2,410,702 msec (00:40:10.702)
; space allocation:
 106,801,486 cons cells,;  9,066 symbols, 44,965,536 other bytes
(((Q1-A ADTQ2-A) (Q1-F ADTQ2-F) (Q1-H ADTQ2-H) (Q1-G ADTQ2-G) (Q1-C ADTQ2-C)
  (Q1-B ADTQ2-B) (Q1-I ADTQ2-I) (Q1-D ADTQ2-D) (Q1-E ADTQ2-E))
 ((Q1-A ADTQ1-A) (Q1-F ADTQ1-F) (Q1-H ADTQ1-H) (Q1-G ADTQ1-G) (Q1-C ADTQ1-C)
  (Q1-B ADTQ1-B) (Q1-I ADTQ1-I) (Q1-D ADTQ1-D) (Q1-E ADTQ1-E)))
USER(12): USER(12): > Reload situation from existing file.  < ADT-Situation/Sit-q-i2-dist1-4705297406-5000 > 
> Opened existing situation file.  < #<CHARACTER-INPUT-FILE-STREAM
                                       #p"/fsys4/u/sgwoods/qcsp/ADT-Situation/Sit-q-i2-dist1-4705297406-5000" pos 0> > 
> Opening output file/stream for :  < New-Batch/fcdr-dist1-5000.5 > 
 File Closed (at 1). 

; cpu time (non-gc) 1,801,500 msec (00:30:01.500) user, 1,530 msec system
; cpu time (gc)     10,230 msec user, 570 msec system
; cpu time (total)  1,811,730 msec (00:30:11.730) user, 2,100 msec system
; real time  3,134,039 msec (00:52:14.039)
; space allocation:
 155,462,431 cons cells,;  8,961 symbols, 64,915,656 other bytes
(((Q1-A ADTQ2-A) (Q1-F ADTQ2-F) (Q1-H ADTQ2-H) (Q1-G ADTQ2-G) (Q1-C ADTQ2-C)
  (Q1-B ADTQ2-B) (Q1-I ADTQ2-I) (Q1-D ADTQ2-D) (Q1-E ADTQ2-E))
 ((Q1-A ADTQ1-A) (Q1-F ADTQ1-F) (Q1-H ADTQ1-H) (Q1-G ADTQ1-G) (Q1-C ADTQ1-C)
  (Q1-B ADTQ1-B) (Q1-I ADTQ1-I) (Q1-D ADTQ1-D) (Q1-E ADTQ1-E)))
USER(13): USER(13): > Reload situation from existing file.  < ADT-Situation/Sit-q-i2-dist1-6724813580-5000 > 
> Opened existing situation file.  < #<CHARACTER-INPUT-FILE-STREAM
                                       #p"/fsys4/u/sgwoods/qcsp/ADT-Situation/Sit-q-i2-dist1-6724813580-5000" pos 0> > 
> Opening output file/stream for :  < New-Batch/fcdr-dist1-5000.6 > 
 File Closed (at 1). 

; cpu time (non-gc) 1,796,280 msec (00:29:56.280) user, 1,410 msec system
; cpu time (gc)     16,950 msec user, 2,990 msec system
; cpu time (total)  1,813,230 msec (00:30:13.230) user, 4,400 msec system
; real time  3,076,541 msec (00:51:16.541)
; space allocation:
 140,741,562 cons cells,;  8,967 symbols, 63,048,352 other bytes
(((Q1-A ADTQ2-A) (Q1-F ADTQ2-F) (Q1-H ADTQ2-H) (Q1-G ADTQ2-G) (Q1-C ADTQ2-C)
  (Q1-D ADTQ2-D) (Q1-B ADTQ2-B) (Q1-E ADTQ2-E) (Q1-I ADTQ2-I))
 ((Q1-A ADTQ1-A) (Q1-F ADTQ1-F) (Q1-H ADTQ1-H) (Q1-G ADTQ1-G) (Q1-C ADTQ1-C)
  (Q1-B ADTQ1-B) (Q1-I ADTQ1-I) (Q1-D ADTQ1-D) (Q1-E ADTQ1-E)))
USER(14): USER(14): > Reload situation from existing file.  < ADT-Situation/Sit-q-i2-dist1-8798969000-5000 > 
> Opened existing situation file.  < #<CHARACTER-INPUT-FILE-STREAM
                                       #p"/fsys4/u/sgwoods/qcsp/ADT-Situation/Sit-q-i2-dist1-8798969000-5000" pos 0> > 
> Opening output file/stream for :  < New-Batch/fcdr-dist1-5000.7 > 
 File Closed (at 1). 

; cpu time (non-gc) 1,603,450 msec (00:26:43.450) user, 1,810 msec system
; cpu time (gc)     7,760 msec user, 1,210 msec system
; cpu time (total)  1,611,210 msec (00:26:51.210) user, 3,020 msec system
; real time  2,599,653 msec (00:43:19.653)
; space allocation:
 112,804,063 cons cells,;  8,896 symbols, 50,616,088 other bytes
(((Q1-A ADTQ2-A) (Q1-F ADTQ2-F) (Q1-H ADTQ2-H) (Q1-G ADTQ2-G) (Q1-C ADTQ2-C)
  (Q1-D ADTQ2-D) (Q1-B ADTQ2-B) (Q1-E ADTQ2-E) (Q1-I ADTQ2-I))
 ((Q1-A ADTQ1-A) (Q1-F ADTQ1-F) (Q1-H ADTQ1-H) (Q1-G ADTQ1-G) (Q1-C ADTQ1-C)
  (Q1-B ADTQ1-B) (Q1-I ADTQ1-I) (Q1-D ADTQ1-D) (Q1-E ADTQ1-E)))
USER(15): USER(15): > Reload situation from existing file.  < ADT-Situation/Sit-q-i2-dist1-0805098560-5000 > 
> Opened existing situation file.  < #<CHARACTER-INPUT-FILE-STREAM
                                       #p"/fsys4/u/sgwoods/qcsp/ADT-Situation/Sit-q-i2-dist1-0805098560-5000" pos 0> > 
> Opening output file/stream for :  < New-Batch/fcdr-dist1-5000.8 > 
 File Closed (at 1). 

; cpu time (non-gc) 1,801,790 msec (00:30:01.790) user, 1,430 msec system
; cpu time (gc)     8,260 msec user, 600 msec system
; cpu time (total)  1,810,050 msec (00:30:10.050) user, 2,030 msec system
; real time  2,906,266 msec (00:48:26.266)
; space allocation:
 149,306,835 cons cells,;  8,981 symbols, 64,165,976 other bytes
(((Q1-A ADTQ2-A) (Q1-F ADTQ2-F) (Q1-H ADTQ2-H) (Q1-G ADTQ2-G) (Q1-C ADTQ2-C)
  (Q1-B ADTQ2-B) (Q1-I ADTQ2-I) (Q1-D ADTQ2-D) (Q1-E ADTQ2-E))
 ((Q1-A ADTQ1-A) (Q1-F ADTQ1-F) (Q1-H ADTQ1-H) (Q1-G ADTQ1-G) (Q1-C ADTQ1-C)
  (Q1-B ADTQ1-B) (Q1-I ADTQ1-I) (Q1-D ADTQ1-D) (Q1-E ADTQ1-E)))
USER(16): USER(16): > Reload situation from existing file.  < ADT-Situation/Sit-q-i2-dist1-4767135635-5000 > 
> Opened existing situation file.  < #<CHARACTER-INPUT-FILE-STREAM
                                       #p"/fsys4/u/sgwoods/qcsp/ADT-Situation/Sit-q-i2-dist1-4767135635-5000" pos 0> > 
> Opening output file/stream for :  < New-Batch/fcdr-dist1-5000.9 > 
 File Closed (at 1). 

; cpu time (non-gc) 1,796,820 msec (00:29:56.820) user, 1,630 msec system
; cpu time (gc)     18,090 msec user, 2,690 msec system
; cpu time (total)  1,814,910 msec (00:30:14.910) user, 4,320 msec system
; real time  3,109,582 msec (00:51:49.582)
; space allocation:
 136,039,341 cons cells,;  8,836 symbols, 64,577,984 other bytes
(((Q1-A ADTQ2-A) (Q1-F ADTQ2-F) (Q1-H ADTQ2-H) (Q1-G ADTQ2-G) (Q1-C ADTQ2-C)
  (Q1-B ADTQ2-B) (Q1-I ADTQ2-I) (Q1-D ADTQ2-D) (Q1-E ADTQ2-E))
 ((Q1-A ADTQ1-A) (Q1-F ADTQ1-F) (Q1-H ADTQ1-H) (Q1-G ADTQ1-G) (Q1-C ADTQ1-C)
  (Q1-B ADTQ1-B) (Q1-I ADTQ1-I) (Q1-D ADTQ1-D) (Q1-E ADTQ1-E)))
USER(17): USER(17): > Reload situation from existing file.  < ADT-Situation/Sit-q-i2-dist1-7685437293-5000 > 
> Opened existing situation file.  < #<CHARACTER-INPUT-FILE-STREAM
                                       #p"/fsys4/u/sgwoods/qcsp/ADT-Situation/Sit-q-i2-dist1-7685437293-5000" pos 0> > 
> Opening output file/stream for :  < New-Batch/fcdr-dist1-5000.99 > 
 File Closed (at 1). 

; cpu time (non-gc) 1,801,510 msec (00:30:01.510) user, 1,910 msec system
; cpu time (gc)     8,400 msec user, 1,080 msec system
; cpu time (total)  1,809,910 msec (00:30:09.910) user, 2,990 msec system
; real time  2,985,604 msec (00:49:45.604)
; space allocation:
 143,176,128 cons cells,;  8,937 symbols, 68,879,536 other bytes
(((Q1-A ADTQ2-A) (Q1-F ADTQ2-F) (Q1-H ADTQ2-H) (Q1-G ADTQ2-G) (Q1-C ADTQ2-C)
  (Q1-B ADTQ2-B) (Q1-I ADTQ2-I) (Q1-D ADTQ2-D) (Q1-E ADTQ2-E))
 ((Q1-A ADTQ1-A) (Q1-F ADTQ1-F) (Q1-H ADTQ1-H) (Q1-G ADTQ1-G) (Q1-C ADTQ1-C)
  (Q1-B ADTQ1-B) (Q1-I ADTQ1-I) (Q1-D ADTQ1-D) (Q1-E ADTQ1-E)))
USER(18): ; Exiting Lisp
