Allegro CL 4.2 [SPARC; R1] (2/1/95 11:34)
Copyright (C) 1985-1993, Franz Inc., Berkeley, CA, USA.  All Rights Reserved.
;   Loading /fsys4/u/sgwoods/qcsp/load.lisp.
;     Fast loading /fsys4/u/sgwoods/qcsp/bm.fasl.
;     Fast loading /fsys4/u/sgwoods/qcsp/bt.fasl.
;     Fast loading /fsys4/u/sgwoods/qcsp/ct.fasl.
;     Fast loading /fsys4/u/sgwoods/qcsp/gsat.fasl.
;     Fast loading /fsys4/u/sgwoods/qcsp/utility.fasl.
;     Loading /fsys4/u/sgwoods/qcsp/compile.lisp.
;     Fast loading /fsys4/u/sgwoods/qcsp/quilici-search.fasl.
Warning: GETVAL, :OPERATOR was defined in /fsys4/u/sgwoods/qcsp/gsat.lisp and
         is now being defined in /fsys4/u/sgwoods/qcsp/quilici-search.lisp
;     Fast loading /fsys4/u/sgwoods/qcsp/adt-simple.fasl.
;     Fast loading /fsys4/u/sgwoods/qcsp/adt-setup.fasl.
;     Fast loading /fsys4/u/sgwoods/qcsp/memory-csp.fasl.
;; Optimization settings: safety 1, space 1, speed 1, debug 2
;; For a complete description of all compiler switches given the current
;; optimization settings evaluate (EXPLAIN-COMPILER-SETTINGS).
USER(1): USER(1): New Test Run: 0100, q-i2, FCDR, Dist2
"New Test Run: 0100, q-i2, FCDR, Dist2"
USER(2): 
NIL
USER(3): 
NIL
USER(4): ; Loading /fsys4/u/sgwoods/qcsp/load.lisp.
;   Fast loading /fsys4/u/sgwoods/qcsp/bm.fasl.
;   Fast loading /fsys4/u/sgwoods/qcsp/bt.fasl.
;   Fast loading /fsys4/u/sgwoods/qcsp/ct.fasl.
;   Fast loading /fsys4/u/sgwoods/qcsp/gsat.fasl.
Warning: GETVAL, :OPERATOR was defined in
         /fsys4/u/sgwoods/qcsp/quilici-search.lisp and is now being defined in
         /fsys4/u/sgwoods/qcsp/gsat.lisp
;   Fast loading /fsys4/u/sgwoods/qcsp/utility.fasl.
;   Loading /fsys4/u/sgwoods/qcsp/compile.lisp.
;   Fast loading /fsys4/u/sgwoods/qcsp/quilici-search.fasl.
Warning: GETVAL, :OPERATOR was defined in /fsys4/u/sgwoods/qcsp/gsat.lisp and
         is now being defined in /fsys4/u/sgwoods/qcsp/quilici-search.lisp
;   Fast loading /fsys4/u/sgwoods/qcsp/adt-simple.fasl.
;   Fast loading /fsys4/u/sgwoods/qcsp/adt-setup.fasl.
;   Fast loading /fsys4/u/sgwoods/qcsp/memory-csp.fasl.
T
USER(5): USER(5): **** Noise 0100 ****
"**** Noise 0100 ****"
USER(6): 
NIL
USER(7): 
NIL
USER(8): > Reload situation from existing file.  < ADT-Situation/Sit-q-i2-dist2-default-100 > 
> Opened existing situation file.  < #<CHARACTER-INPUT-FILE-STREAM
                                       #p"/fsys4/u/sgwoods/qcsp/ADT-Situation/Sit-q-i2-dist2-default-100" pos 0> > 
> Opening output file/stream for :  < New-Batch/fcdr-dist2-0100.1 > 
 File Closed (at 1). 

; cpu time (non-gc) 1,050 msec user, 90 msec system
; cpu time (gc)     110 msec user, 0 msec system
; cpu time (total)  1,160 msec user, 90 msec system
; real time  1,301 msec
; space allocation:
 35,176 cons cells,;  225 symbols, 360,064 other bytes
(((Q1-A ADTQ2-A) (Q1-F ADTQ2-F) (Q1-H ADTQ2-H) (Q1-C ADTQ2-C) (Q1-G ADTQ2-G)
  (Q1-I ADTQ2-I) (Q1-B ADTQ2-B) (Q1-D ADTQ2-D) (Q1-E ADTQ2-E))
 ((Q1-A ADTQ1-A) (Q1-F ADTQ1-F) (Q1-H ADTQ1-H) (Q1-C ADTQ1-C) (Q1-G ADTQ1-G)
  (Q1-B ADTQ1-B) (Q1-I ADTQ1-I) (Q1-D ADTQ1-D) (Q1-E ADTQ1-E)))
USER(9): USER(9): > Reload situation from existing file.  < ADT-Situation/Sit-q-i2-dist2-1783960706-100 > 
> Opened existing situation file.  < #<CHARACTER-INPUT-FILE-STREAM
                                       #p"/fsys4/u/sgwoods/qcsp/ADT-Situation/Sit-q-i2-dist2-1783960706-100" pos 0> > 
> Opening output file/stream for :  < New-Batch/fcdr-dist2-0100.2 > 
 File Closed (at 1). 

; cpu time (non-gc) 1,090 msec user, 40 msec system
; cpu time (gc)     100 msec user, 10 msec system
; cpu time (total)  1,190 msec user, 50 msec system
; real time  1,365 msec
; space allocation:
 38,408 cons cells,;  232 symbols, 355,872 other bytes
(((Q1-A ADTQ2-A) (Q1-F ADTQ2-F) (Q1-H ADTQ2-H) (Q1-C ADTQ2-C) (Q1-B ADTQ2-B)
  (Q1-G ADTQ2-G) (Q1-I ADTQ2-I) (Q1-D ADTQ2-D) (Q1-E ADTQ2-E))
 ((Q1-A ADTQ1-A) (Q1-F ADTQ1-F) (Q1-H ADTQ1-H) (Q1-C ADTQ1-C) (Q1-B ADTQ1-B)
  (Q1-G ADTQ1-G) (Q1-I ADTQ1-I) (Q1-D ADTQ1-D) (Q1-E ADTQ1-E)))
USER(10): USER(10): > Reload situation from existing file.  < ADT-Situation/Sit-q-i2-dist2-6148712495-100 > 
> Opened existing situation file.  < #<CHARACTER-INPUT-FILE-STREAM
                                       #p"/fsys4/u/sgwoods/qcsp/ADT-Situation/Sit-q-i2-dist2-6148712495-100" pos 0> > 
> Opening output file/stream for :  < New-Batch/fcdr-dist2-0100.3 > 
 File Closed (at 1). 

; cpu time (non-gc) 990 msec user, 0 msec system
; cpu time (gc)     100 msec user, 0 msec system
; cpu time (total)  1,090 msec user, 0 msec system
; real time  1,189 msec
; space allocation:
 33,997 cons cells,;  214 symbols, 344,160 other bytes
(((Q1-A ADTQ2-A) (Q1-F ADTQ2-F) (Q1-H ADTQ2-H) (Q1-B ADTQ2-B) (Q1-G ADTQ2-G)
  (Q1-C ADTQ2-C) (Q1-I ADTQ2-I) (Q1-D ADTQ2-D) (Q1-E ADTQ2-E))
 ((Q1-A ADTQ1-A) (Q1-F ADTQ1-F) (Q1-H ADTQ1-H) (Q1-B ADTQ1-B) (Q1-G ADTQ1-G)
  (Q1-C ADTQ1-C) (Q1-I ADTQ1-I) (Q1-D ADTQ1-D) (Q1-E ADTQ1-E)))
USER(11): USER(11): > Reload situation from existing file.  < ADT-Situation/Sit-q-i2-dist2-8261581571-100 > 
> Opened existing situation file.  < #<CHARACTER-INPUT-FILE-STREAM
                                       #p"/fsys4/u/sgwoods/qcsp/ADT-Situation/Sit-q-i2-dist2-8261581571-100" pos 0> > 
> Opening output file/stream for :  < New-Batch/fcdr-dist2-0100.4 > 
 File Closed (at 1). 

; cpu time (non-gc) 860 msec user, 20 msec system
; cpu time (gc)     150 msec user, 0 msec system
; cpu time (total)  1,010 msec user, 20 msec system
; real time  1,105 msec
; space allocation:
 27,625 cons cells,;  193 symbols, 311,960 other bytes
(((Q1-A ADTQ2-A) (Q1-F ADTQ2-F) (Q1-H ADTQ2-H) (Q1-C ADTQ2-C) (Q1-D ADTQ2-D)
  (Q1-G ADTQ2-G) (Q1-B ADTQ2-B) (Q1-E ADTQ2-E) (Q1-I ADTQ2-I))
 ((Q1-A ADTQ1-A) (Q1-F ADTQ1-F) (Q1-H ADTQ1-H) (Q1-C ADTQ1-C) (Q1-G ADTQ1-G)
  (Q1-B ADTQ1-B) (Q1-I ADTQ1-I) (Q1-D ADTQ1-D) (Q1-E ADTQ1-E)))
USER(12): USER(12): > Reload situation from existing file.  < ADT-Situation/Sit-q-i2-dist2-4705297406-100 > 
> Opened existing situation file.  < #<CHARACTER-INPUT-FILE-STREAM
                                       #p"/fsys4/u/sgwoods/qcsp/ADT-Situation/Sit-q-i2-dist2-4705297406-100" pos 0> > 
> Opening output file/stream for :  < New-Batch/fcdr-dist2-0100.5 > 
 File Closed (at 1). 

; cpu time (non-gc) 760 msec user, 50 msec system
; cpu time (gc)     0 msec user, 0 msec system
; cpu time (total)  760 msec user, 50 msec system
; real time  873 msec
; space allocation:
 23,923 cons cells,;  192 symbols, 247,344 other bytes
(((Q1-A ADTQ2-A) (Q1-F ADTQ2-F) (Q1-H ADTQ2-H) (Q1-B ADTQ2-B) (Q1-G ADTQ2-G)
  (Q1-C ADTQ2-C) (Q1-I ADTQ2-I) (Q1-D ADTQ2-D) (Q1-E ADTQ2-E))
 ((Q1-A ADTQ1-A) (Q1-F ADTQ1-F) (Q1-H ADTQ1-H) (Q1-B ADTQ1-B) (Q1-G ADTQ1-G)
  (Q1-C ADTQ1-C) (Q1-D ADTQ1-D) (Q1-I ADTQ1-I) (Q1-E ADTQ1-E)))
USER(13): USER(13): > Reload situation from existing file.  < ADT-Situation/Sit-q-i2-dist2-6724813580-100 > 
> Opened existing situation file.  < #<CHARACTER-INPUT-FILE-STREAM
                                       #p"/fsys4/u/sgwoods/qcsp/ADT-Situation/Sit-q-i2-dist2-6724813580-100" pos 0> > 
> Opening output file/stream for :  < New-Batch/fcdr-dist2-0100.6 > 
 File Closed (at 1). 

; cpu time (non-gc) 1,020 msec user, 40 msec system
; cpu time (gc)     100 msec user, 0 msec system
; cpu time (total)  1,120 msec user, 40 msec system
; real time  1,214 msec
; space allocation:
 38,346 cons cells,;  232 symbols, 362,200 other bytes
(((Q1-A ADTQ2-A) (Q1-F ADTQ2-F) (Q1-H ADTQ2-H) (Q1-C ADTQ2-C) (Q1-B ADTQ2-B)
  (Q1-G ADTQ2-G) (Q1-I ADTQ2-I) (Q1-D ADTQ2-D) (Q1-E ADTQ2-E))
 ((Q1-A ADTQ1-A) (Q1-F ADTQ1-F) (Q1-H ADTQ1-H) (Q1-C ADTQ1-C) (Q1-B ADTQ1-B)
  (Q1-G ADTQ1-G) (Q1-I ADTQ1-I) (Q1-D ADTQ1-D) (Q1-E ADTQ1-E)))
USER(14): USER(14): > Reload situation from existing file.  < ADT-Situation/Sit-q-i2-dist2-8798969000-100 > 
> Opened existing situation file.  < #<CHARACTER-INPUT-FILE-STREAM
                                       #p"/fsys4/u/sgwoods/qcsp/ADT-Situation/Sit-q-i2-dist2-8798969000-100" pos 0> > 
> Opening output file/stream for :  < New-Batch/fcdr-dist2-0100.7 > 
 File Closed (at 1). 

; cpu time (non-gc) 1,070 msec user, 40 msec system
; cpu time (gc)     50 msec user, 10 msec system
; cpu time (total)  1,120 msec user, 50 msec system
; real time  1,207 msec
; space allocation:
 40,719 cons cells,;  242 symbols, 387,736 other bytes
(((Q1-A ADTQ2-A) (Q1-F ADTQ2-F) (Q1-H ADTQ2-H) (Q1-C ADTQ2-C) (Q1-B ADTQ2-B)
  (Q1-I ADTQ2-I) (Q1-G ADTQ2-G) (Q1-D ADTQ2-D) (Q1-E ADTQ2-E))
 ((Q1-A ADTQ1-A) (Q1-F ADTQ1-F) (Q1-H ADTQ1-H) (Q1-C ADTQ1-C) (Q1-B ADTQ1-B)
  (Q1-I ADTQ1-I) (Q1-G ADTQ1-G) (Q1-D ADTQ1-D) (Q1-E ADTQ1-E)))
USER(15): USER(15): > Reload situation from existing file.  < ADT-Situation/Sit-q-i2-dist2-0805098560-100 > 
> Opened existing situation file.  < #<CHARACTER-INPUT-FILE-STREAM
                                       #p"/fsys4/u/sgwoods/qcsp/ADT-Situation/Sit-q-i2-dist2-0805098560-100" pos 0> > 
> Opening output file/stream for :  < New-Batch/fcdr-dist2-0100.8 > 
 File Closed (at 1). 

; cpu time (non-gc) 840 msec user, 20 msec system
; cpu time (gc)     60 msec user, 0 msec system
; cpu time (total)  900 msec user, 20 msec system
; real time  978 msec
; space allocation:
 25,322 cons cells,;  194 symbols, 289,848 other bytes
(((Q1-A ADTQ2-A) (Q1-F ADTQ2-F) (Q1-H ADTQ2-H) (Q1-C ADTQ2-C) (Q1-B ADTQ2-B)
  (Q1-G ADTQ2-G) (Q1-I ADTQ2-I) (Q1-D ADTQ2-D) (Q1-E ADTQ2-E))
 ((Q1-A ADTQ1-A) (Q1-F ADTQ1-F) (Q1-H ADTQ1-H) (Q1-B ADTQ1-B) (Q1-C ADTQ1-C)
  (Q1-G ADTQ1-G) (Q1-I ADTQ1-I) (Q1-D ADTQ1-D) (Q1-E ADTQ1-E)))
USER(16): USER(16): > Reload situation from existing file.  < ADT-Situation/Sit-q-i2-dist2-4767135635-100 > 
> Opened existing situation file.  < #<CHARACTER-INPUT-FILE-STREAM
                                       #p"/fsys4/u/sgwoods/qcsp/ADT-Situation/Sit-q-i2-dist2-4767135635-100" pos 0> > 
> Opening output file/stream for :  < New-Batch/fcdr-dist2-0100.9 > 
 File Closed (at 1). 

; cpu time (non-gc) 1,110 msec user, 0 msec system
; cpu time (gc)     60 msec user, 0 msec system
; cpu time (total)  1,170 msec user, 0 msec system
; real time  1,267 msec
; space allocation:
 42,411 cons cells,;  244 symbols, 353,664 other bytes
(((Q1-A ADTQ2-A) (Q1-F ADTQ2-F) (Q1-H ADTQ2-H) (Q1-C ADTQ2-C) (Q1-D ADTQ2-D)
  (Q1-I ADTQ2-I) (Q1-B ADTQ2-B) (Q1-G ADTQ2-G) (Q1-E ADTQ2-E))
 ((Q1-A ADTQ1-A) (Q1-F ADTQ1-F) (Q1-H ADTQ1-H) (Q1-C ADTQ1-C) (Q1-B ADTQ1-B)
  (Q1-I ADTQ1-I) (Q1-G ADTQ1-G) (Q1-D ADTQ1-D) (Q1-E ADTQ1-E)))
USER(17): USER(17): > Reload situation from existing file.  < ADT-Situation/Sit-q-i2-dist2-7685437293-100 > 
> Opened existing situation file.  < #<CHARACTER-INPUT-FILE-STREAM
                                       #p"/fsys4/u/sgwoods/qcsp/ADT-Situation/Sit-q-i2-dist2-7685437293-100" pos 0> > 
> Opening output file/stream for :  < New-Batch/fcdr-dist2-0100.99 > 
 File Closed (at 1). 

; cpu time (non-gc) 760 msec user, 0 msec system
; cpu time (gc)     0 msec user, 0 msec system
; cpu time (total)  760 msec user, 0 msec system
; real time  814 msec
; space allocation:
 22,602 cons cells,;  183 symbols, 224,664 other bytes
(((Q1-A ADTQ2-A) (Q1-F ADTQ2-F) (Q1-G ADTQ2-G) (Q1-H ADTQ2-H) (Q1-C ADTQ2-C)
  (Q1-B ADTQ2-B) (Q1-I ADTQ2-I) (Q1-D ADTQ2-D) (Q1-E ADTQ2-E))
 ((Q1-A ADTQ1-A) (Q1-F ADTQ1-F) (Q1-G ADTQ1-G) (Q1-H ADTQ1-H) (Q1-C ADTQ1-C)
  (Q1-D ADTQ1-D) (Q1-B ADTQ1-B) (Q1-E ADTQ1-E) (Q1-I ADTQ1-I)))
USER(18): ; Exiting Lisp
