Allegro CL 4.2 [SPARC; R1] (2/1/95 11:34)
Copyright (C) 1985-1993, Franz Inc., Berkeley, CA, USA.  All Rights Reserved.
;   Loading /fsys4/u/sgwoods/qcsp/load.lisp.
;     Fast loading /fsys4/u/sgwoods/qcsp/bm.fasl.
;     Fast loading /fsys4/u/sgwoods/qcsp/bt.fasl.
;     Fast loading /fsys4/u/sgwoods/qcsp/ct.fasl.
;     Fast loading /fsys4/u/sgwoods/qcsp/gsat.fasl.
;     Fast loading /fsys4/u/sgwoods/qcsp/utility.fasl.
;     Loading /fsys4/u/sgwoods/qcsp/compile.lisp.
;     Fast loading /fsys4/u/sgwoods/qcsp/quilici-search.fasl.
Warning: GETVAL, :OPERATOR was defined in /fsys4/u/sgwoods/qcsp/gsat.lisp and
         is now being defined in /fsys4/u/sgwoods/qcsp/quilici-search.lisp
;     Fast loading /fsys4/u/sgwoods/qcsp/adt-simple.fasl.
;     Fast loading /fsys4/u/sgwoods/qcsp/adt-setup.fasl.
;     Fast loading /fsys4/u/sgwoods/qcsp/memory-csp.fasl.
;; Optimization settings: safety 1, space 1, speed 1, debug 2
;; For a complete description of all compiler switches given the current
;; optimization settings evaluate (EXPLAIN-COMPILER-SETTINGS).
USER(1): USER(1): New Test Run: 0500, q-i2, FCDR, Dist2
"New Test Run: 0500, q-i2, FCDR, Dist2"
USER(2): 
NIL
USER(3): 
NIL
USER(4): ; Loading /fsys4/u/sgwoods/qcsp/load.lisp.
;   Fast loading /fsys4/u/sgwoods/qcsp/bm.fasl.
;   Fast loading /fsys4/u/sgwoods/qcsp/bt.fasl.
;   Fast loading /fsys4/u/sgwoods/qcsp/ct.fasl.
;   Fast loading /fsys4/u/sgwoods/qcsp/gsat.fasl.
Warning: GETVAL, :OPERATOR was defined in
         /fsys4/u/sgwoods/qcsp/quilici-search.lisp and is now being defined in
         /fsys4/u/sgwoods/qcsp/gsat.lisp
;   Fast loading /fsys4/u/sgwoods/qcsp/utility.fasl.
;   Loading /fsys4/u/sgwoods/qcsp/compile.lisp.
;   Fast loading /fsys4/u/sgwoods/qcsp/quilici-search.fasl.
Warning: GETVAL, :OPERATOR was defined in /fsys4/u/sgwoods/qcsp/gsat.lisp and
         is now being defined in /fsys4/u/sgwoods/qcsp/quilici-search.lisp
;   Fast loading /fsys4/u/sgwoods/qcsp/adt-simple.fasl.
;   Fast loading /fsys4/u/sgwoods/qcsp/adt-setup.fasl.
;   Fast loading /fsys4/u/sgwoods/qcsp/memory-csp.fasl.
T
USER(5): USER(5): **** Noise 0500 ****
"**** Noise 0500 ****"
USER(6): 
NIL
USER(7): 
NIL
USER(8): > Reload situation from existing file.  < ADT-Situation/Sit-q-i2-dist2-default-500 > 
> Opened existing situation file.  < #<CHARACTER-INPUT-FILE-STREAM
                                       #p"/fsys4/u/sgwoods/qcsp/ADT-Situation/Sit-q-i2-dist2-default-500" pos 0> > 
> Opening output file/stream for :  < New-Batch/fcdr-dist2-0500.1 > 
 File Closed (at 1). 

; cpu time (non-gc) 14,010 msec user, 120 msec system
; cpu time (gc)     680 msec user, 10 msec system
; cpu time (total)  14,690 msec user, 130 msec system
; real time  14,929 msec
; space allocation:
 712,521 cons cells,;  1,156 symbols, 1,951,128 other bytes
(((Q1-A ADTQ2-A) (Q1-F ADTQ2-F) (Q1-H ADTQ2-H) (Q1-C ADTQ2-C) (Q1-G ADTQ2-G)
  (Q1-B ADTQ2-B) (Q1-I ADTQ2-I) (Q1-D ADTQ2-D) (Q1-E ADTQ2-E))
 ((Q1-A ADTQ1-A) (Q1-F ADTQ1-F) (Q1-H ADTQ1-H) (Q1-C ADTQ1-C) (Q1-G ADTQ1-G)
  (Q1-B ADTQ1-B) (Q1-I ADTQ1-I) (Q1-D ADTQ1-D) (Q1-E ADTQ1-E)))
USER(9): USER(9): > Reload situation from existing file.  < ADT-Situation/Sit-q-i2-dist2-1783960706-500 > 
> Opened existing situation file.  < #<CHARACTER-INPUT-FILE-STREAM
                                       #p"/fsys4/u/sgwoods/qcsp/ADT-Situation/Sit-q-i2-dist2-1783960706-500" pos 0> > 
> Opening output file/stream for :  < New-Batch/fcdr-dist2-0500.2 > 
 File Closed (at 1). 

; cpu time (non-gc) 11,050 msec user, 30 msec system
; cpu time (gc)     400 msec user, 0 msec system
; cpu time (total)  11,450 msec user, 30 msec system
; real time  11,550 msec
; space allocation:
 494,064 cons cells,;  1,083 symbols, 1,339,944 other bytes
(((Q1-A ADTQ2-A) (Q1-F ADTQ2-F) (Q1-H ADTQ2-H) (Q1-C ADTQ2-C) (Q1-D ADTQ2-D)
  (Q1-B ADTQ2-B) (Q1-G ADTQ2-G) (Q1-I ADTQ2-I) (Q1-E ADTQ2-E))
 ((Q1-A ADTQ1-A) (Q1-F ADTQ1-F) (Q1-H ADTQ1-H) (Q1-C ADTQ1-C) (Q1-D ADTQ1-D)
  (Q1-B ADTQ1-B) (Q1-G ADTQ1-G) (Q1-I ADTQ1-I) (Q1-E ADTQ1-E)))
USER(10): USER(10): > Reload situation from existing file.  < ADT-Situation/Sit-q-i2-dist2-6148712495-500 > 
> Opened existing situation file.  < #<CHARACTER-INPUT-FILE-STREAM
                                       #p"/fsys4/u/sgwoods/qcsp/ADT-Situation/Sit-q-i2-dist2-6148712495-500" pos 0> > 
> Opening output file/stream for :  < New-Batch/fcdr-dist2-0500.3 > 
 File Closed (at 1). 

; cpu time (non-gc) 11,700 msec user, 40 msec system
; cpu time (gc)     350 msec user, 0 msec system
; cpu time (total)  12,050 msec user, 40 msec system
; real time  12,642 msec
; space allocation:
 359,752 cons cells,;  1,115 symbols, 1,444,432 other bytes
(((Q1-A ADTQ2-A) (Q1-F ADTQ2-F) (Q1-H ADTQ2-H) (Q1-C ADTQ2-C) (Q1-G ADTQ2-G)
  (Q1-B ADTQ2-B) (Q1-I ADTQ2-I) (Q1-D ADTQ2-D) (Q1-E ADTQ2-E))
 ((Q1-A ADTQ1-A) (Q1-F ADTQ1-F) (Q1-H ADTQ1-H) (Q1-C ADTQ1-C) (Q1-G ADTQ1-G)
  (Q1-B ADTQ1-B) (Q1-I ADTQ1-I) (Q1-D ADTQ1-D) (Q1-E ADTQ1-E)))
USER(11): USER(11): > Reload situation from existing file.  < ADT-Situation/Sit-q-i2-dist2-8261581571-500 > 
> Opened existing situation file.  < #<CHARACTER-INPUT-FILE-STREAM
                                       #p"/fsys4/u/sgwoods/qcsp/ADT-Situation/Sit-q-i2-dist2-8261581571-500" pos 0> > 
> Opening output file/stream for :  < New-Batch/fcdr-dist2-0500.4 > 
 File Closed (at 1). 

; cpu time (non-gc) 11,570 msec user, 30 msec system
; cpu time (gc)     460 msec user, 30 msec system
; cpu time (total)  12,030 msec user, 60 msec system
; real time  12,283 msec
; space allocation:
 509,884 cons cells,;  1,079 symbols, 1,424,208 other bytes
(((Q1-A ADTQ2-A) (Q1-F ADTQ2-F) (Q1-H ADTQ2-H) (Q1-C ADTQ2-C) (Q1-G ADTQ2-G)
  (Q1-B ADTQ2-B) (Q1-I ADTQ2-I) (Q1-D ADTQ2-D) (Q1-E ADTQ2-E))
 ((Q1-A ADTQ1-A) (Q1-F ADTQ1-F) (Q1-H ADTQ1-H) (Q1-C ADTQ1-C) (Q1-D ADTQ1-D)
  (Q1-G ADTQ1-G) (Q1-E ADTQ1-E) (Q1-B ADTQ1-B) (Q1-I ADTQ1-I)))
USER(12): USER(12): > Reload situation from existing file.  < ADT-Situation/Sit-q-i2-dist2-4705297406-500 > 
> Opened existing situation file.  < #<CHARACTER-INPUT-FILE-STREAM
                                       #p"/fsys4/u/sgwoods/qcsp/ADT-Situation/Sit-q-i2-dist2-4705297406-500" pos 0> > 
> Opening output file/stream for :  < New-Batch/fcdr-dist2-0500.5 > 
 File Closed (at 1). 

; cpu time (non-gc) 12,930 msec user, 60 msec system
; cpu time (gc)     380 msec user, 10 msec system
; cpu time (total)  13,310 msec user, 70 msec system
; real time  13,519 msec
; space allocation:
 594,695 cons cells,;  1,137 symbols, 1,619,944 other bytes
(((Q1-A ADTQ2-A) (Q1-F ADTQ2-F) (Q1-H ADTQ2-H) (Q1-C ADTQ2-C) (Q1-D ADTQ2-D)
  (Q1-G ADTQ2-G) (Q1-B ADTQ2-B) (Q1-E ADTQ2-E) (Q1-I ADTQ2-I))
 ((Q1-A ADTQ1-A) (Q1-F ADTQ1-F) (Q1-H ADTQ1-H) (Q1-C ADTQ1-C) (Q1-G ADTQ1-G)
  (Q1-B ADTQ1-B) (Q1-I ADTQ1-I) (Q1-D ADTQ1-D) (Q1-E ADTQ1-E)))
USER(13): USER(13): > Reload situation from existing file.  < ADT-Situation/Sit-q-i2-dist2-6724813580-500 > 
> Opened existing situation file.  < #<CHARACTER-INPUT-FILE-STREAM
                                       #p"/fsys4/u/sgwoods/qcsp/ADT-Situation/Sit-q-i2-dist2-6724813580-500" pos 0> > 
> Opening output file/stream for :  < New-Batch/fcdr-dist2-0500.6 > 
 File Closed (at 1). 

; cpu time (non-gc) 11,680 msec user, 30 msec system
; cpu time (gc)     450 msec user, 10 msec system
; cpu time (total)  12,130 msec user, 40 msec system
; real time  12,232 msec
; space allocation:
 494,419 cons cells,;  1,083 symbols, 1,348,256 other bytes
(((Q1-A ADTQ2-A) (Q1-F ADTQ2-F) (Q1-H ADTQ2-H) (Q1-C ADTQ2-C) (Q1-D ADTQ2-D)
  (Q1-B ADTQ2-B) (Q1-G ADTQ2-G) (Q1-I ADTQ2-I) (Q1-E ADTQ2-E))
 ((Q1-A ADTQ1-A) (Q1-F ADTQ1-F) (Q1-H ADTQ1-H) (Q1-C ADTQ1-C) (Q1-D ADTQ1-D)
  (Q1-B ADTQ1-B) (Q1-G ADTQ1-G) (Q1-I ADTQ1-I) (Q1-E ADTQ1-E)))
USER(14): USER(14): > Reload situation from existing file.  < ADT-Situation/Sit-q-i2-dist2-8798969000-500 > 
> Opened existing situation file.  < #<CHARACTER-INPUT-FILE-STREAM
                                       #p"/fsys4/u/sgwoods/qcsp/ADT-Situation/Sit-q-i2-dist2-8798969000-500" pos 0> > 
> Opening output file/stream for :  < New-Batch/fcdr-dist2-0500.7 > 
 File Closed (at 1). 

; cpu time (non-gc) 12,770 msec user, 70 msec system
; cpu time (gc)     470 msec user, 20 msec system
; cpu time (total)  13,240 msec user, 90 msec system
; real time  13,740 msec
; space allocation:
 533,535 cons cells,;  1,096 symbols, 1,749,984 other bytes
(((Q1-A ADTQ2-A) (Q1-F ADTQ2-F) (Q1-H ADTQ2-H) (Q1-C ADTQ2-C) (Q1-B ADTQ2-B)
  (Q1-I ADTQ2-I) (Q1-G ADTQ2-G) (Q1-D ADTQ2-D) (Q1-E ADTQ2-E))
 ((Q1-A ADTQ1-A) (Q1-F ADTQ1-F) (Q1-H ADTQ1-H) (Q1-C ADTQ1-C) (Q1-B ADTQ1-B)
  (Q1-I ADTQ1-I) (Q1-G ADTQ1-G) (Q1-D ADTQ1-D) (Q1-E ADTQ1-E)))
USER(15): USER(15): > Reload situation from existing file.  < ADT-Situation/Sit-q-i2-dist2-0805098560-500 > 
> Opened existing situation file.  < #<CHARACTER-INPUT-FILE-STREAM
                                       #p"/fsys4/u/sgwoods/qcsp/ADT-Situation/Sit-q-i2-dist2-0805098560-500" pos 0> > 
> Opening output file/stream for :  < New-Batch/fcdr-dist2-0500.8 > 
 File Closed (at 1). 

; cpu time (non-gc) 10,790 msec user, 30 msec system
; cpu time (gc)     300 msec user, 10 msec system
; cpu time (total)  11,090 msec user, 40 msec system
; real time  11,259 msec
; space allocation:
 404,740 cons cells,;  1,019 symbols, 1,554,280 other bytes
(((Q1-A ADTQ2-A) (Q1-F ADTQ2-F) (Q1-H ADTQ2-H) (Q1-C ADTQ2-C) (Q1-B ADTQ2-B)
  (Q1-G ADTQ2-G) (Q1-I ADTQ2-I) (Q1-D ADTQ2-D) (Q1-E ADTQ2-E))
 ((Q1-A ADTQ1-A) (Q1-F ADTQ1-F) (Q1-H ADTQ1-H) (Q1-C ADTQ1-C) (Q1-B ADTQ1-B)
  (Q1-G ADTQ1-G) (Q1-I ADTQ1-I) (Q1-D ADTQ1-D) (Q1-E ADTQ1-E)))
USER(16): USER(16): > Reload situation from existing file.  < ADT-Situation/Sit-q-i2-dist2-4767135635-500 > 
> Opened existing situation file.  < #<CHARACTER-INPUT-FILE-STREAM
                                       #p"/fsys4/u/sgwoods/qcsp/ADT-Situation/Sit-q-i2-dist2-4767135635-500" pos 0> > 
> Opening output file/stream for :  < New-Batch/fcdr-dist2-0500.9 > 
 File Closed (at 1). 

; cpu time (non-gc) 12,220 msec user, 50 msec system
; cpu time (gc)     480 msec user, 0 msec system
; cpu time (total)  12,700 msec user, 50 msec system
; real time  12,929 msec
; space allocation:
 563,168 cons cells,;  1,117 symbols, 1,428,256 other bytes
(((Q1-A ADTQ2-A) (Q1-F ADTQ2-F) (Q1-H ADTQ2-H) (Q1-C ADTQ2-C) (Q1-B ADTQ2-B)
  (Q1-I ADTQ2-I) (Q1-G ADTQ2-G) (Q1-D ADTQ2-D) (Q1-E ADTQ2-E))
 ((Q1-A ADTQ1-A) (Q1-F ADTQ1-F) (Q1-H ADTQ1-H) (Q1-C ADTQ1-C) (Q1-D ADTQ1-D)
  (Q1-B ADTQ1-B) (Q1-E ADTQ1-E) (Q1-G ADTQ1-G) (Q1-I ADTQ1-I)))
USER(17): USER(17): > Reload situation from existing file.  < ADT-Situation/Sit-q-i2-dist2-7685437293-500 > 
> Opened existing situation file.  < #<CHARACTER-INPUT-FILE-STREAM
                                       #p"/fsys4/u/sgwoods/qcsp/ADT-Situation/Sit-q-i2-dist2-7685437293-500" pos 0> > 
> Opening output file/stream for :  < New-Batch/fcdr-dist2-0500.99 > 
 File Closed (at 1). 

; cpu time (non-gc) 14,510 msec user, 20 msec system
; cpu time (gc)     460 msec user, 0 msec system
; cpu time (total)  14,970 msec user, 20 msec system
; real time  15,123 msec
; space allocation:
 880,998 cons cells,;  1,071 symbols, 2,020,448 other bytes
(((Q1-A ADTQ2-A) (Q1-F ADTQ2-F) (Q1-H ADTQ2-H) (Q1-C ADTQ2-C) (Q1-G ADTQ2-G)
  (Q1-B ADTQ2-B) (Q1-I ADTQ2-I) (Q1-D ADTQ2-D) (Q1-E ADTQ2-E))
 ((Q1-A ADTQ1-A) (Q1-F ADTQ1-F) (Q1-H ADTQ1-H) (Q1-C ADTQ1-C) (Q1-G ADTQ1-G)
  (Q1-B ADTQ1-B) (Q1-I ADTQ1-I) (Q1-D ADTQ1-D) (Q1-E ADTQ1-E)))
USER(18): ; Exiting Lisp
