Allegro CL 4.2 [SPARC; R1] (2/1/95 11:34)
Copyright (C) 1985-1993, Franz Inc., Berkeley, CA, USA.  All Rights Reserved.
;   Loading /fsys4/u/sgwoods/qcsp/load.lisp.
;     Fast loading /fsys4/u/sgwoods/qcsp/bm.fasl.
;     Fast loading /fsys4/u/sgwoods/qcsp/bt.fasl.
;     Fast loading /fsys4/u/sgwoods/qcsp/ct.fasl.
;     Fast loading /fsys4/u/sgwoods/qcsp/gsat.fasl.
;     Fast loading /fsys4/u/sgwoods/qcsp/utility.fasl.
;     Loading /fsys4/u/sgwoods/qcsp/compile.lisp.
;     Fast loading /fsys4/u/sgwoods/qcsp/quilici-search.fasl.
Warning: GETVAL, :OPERATOR was defined in /fsys4/u/sgwoods/qcsp/gsat.lisp and
         is now being defined in /fsys4/u/sgwoods/qcsp/quilici-search.lisp
;     Fast loading /fsys4/u/sgwoods/qcsp/adt-simple.fasl.
;     Fast loading /fsys4/u/sgwoods/qcsp/adt-setup.fasl.
;     Fast loading /fsys4/u/sgwoods/qcsp/memory-csp.fasl.
;; Optimization settings: safety 1, space 1, speed 1, debug 2
;; For a complete description of all compiler switches given the current
;; optimization settings evaluate (EXPLAIN-COMPILER-SETTINGS).
USER(1): USER(1): New Test Run: 2000, q-i2, FCDR, Dist2
"New Test Run: 2000, q-i2, FCDR, Dist2"
USER(2): 
NIL
USER(3): 
NIL
USER(4): ; Loading /fsys4/u/sgwoods/qcsp/load.lisp.
;   Fast loading /fsys4/u/sgwoods/qcsp/bm.fasl.
;   Fast loading /fsys4/u/sgwoods/qcsp/bt.fasl.
;   Fast loading /fsys4/u/sgwoods/qcsp/ct.fasl.
;   Fast loading /fsys4/u/sgwoods/qcsp/gsat.fasl.
Warning: GETVAL, :OPERATOR was defined in
         /fsys4/u/sgwoods/qcsp/quilici-search.lisp and is now being defined in
         /fsys4/u/sgwoods/qcsp/gsat.lisp
;   Fast loading /fsys4/u/sgwoods/qcsp/utility.fasl.
;   Loading /fsys4/u/sgwoods/qcsp/compile.lisp.
;   Fast loading /fsys4/u/sgwoods/qcsp/quilici-search.fasl.
Warning: GETVAL, :OPERATOR was defined in /fsys4/u/sgwoods/qcsp/gsat.lisp and
         is now being defined in /fsys4/u/sgwoods/qcsp/quilici-search.lisp
;   Fast loading /fsys4/u/sgwoods/qcsp/adt-simple.fasl.
;   Fast loading /fsys4/u/sgwoods/qcsp/adt-setup.fasl.
;   Fast loading /fsys4/u/sgwoods/qcsp/memory-csp.fasl.
T
USER(5): USER(5): **** Noise 2000 ****
"**** Noise 2000 ****"
USER(6): 
NIL
USER(7): 
NIL
USER(8): > Reload situation from existing file.  < ADT-Situation/Sit-q-i2-dist2-default-2000 > 
> Opened existing situation file.  < #<CHARACTER-INPUT-FILE-STREAM
                                       #p"/fsys4/u/sgwoods/qcsp/ADT-Situation/Sit-q-i2-dist2-default-2000" pos 0> > 
> Opening output file/stream for :  < New-Batch/fcdr-dist2-2000.1 > 
 File Closed (at 1). 

; cpu time (non-gc) 224,020 msec (00:03:44.020) user, 260 msec system
; cpu time (gc)     3,260 msec user, 90 msec system
; cpu time (total)  227,280 msec (00:03:47.280) user, 350 msec system
; real time  233,572 msec (00:03:53.572)
; space allocation:
 20,177,322 cons cells,;  4,539 symbols, 11,945,216 other bytes
(((Q1-A ADTQ2-A) (Q1-F ADTQ2-F) (Q1-H ADTQ2-H) (Q1-C ADTQ2-C) (Q1-G ADTQ2-G)
  (Q1-B ADTQ2-B) (Q1-I ADTQ2-I) (Q1-D ADTQ2-D) (Q1-E ADTQ2-E))
 ((Q1-A ADTQ1-A) (Q1-F ADTQ1-F) (Q1-H ADTQ1-H) (Q1-C ADTQ1-C) (Q1-G ADTQ1-G)
  (Q1-B ADTQ1-B) (Q1-I ADTQ1-I) (Q1-D ADTQ1-D) (Q1-E ADTQ1-E)))
USER(9): USER(9): > Reload situation from existing file.  < ADT-Situation/Sit-q-i2-dist2-1783960706-2000 > 
> Opened existing situation file.  < #<CHARACTER-INPUT-FILE-STREAM
                                       #p"/fsys4/u/sgwoods/qcsp/ADT-Situation/Sit-q-i2-dist2-1783960706-2000" pos 0> > 
> Opening output file/stream for :  < New-Batch/fcdr-dist2-2000.2 > 
 File Closed (at 1). 

; cpu time (non-gc) 236,320 msec (00:03:56.320) user, 200 msec system
; cpu time (gc)     2,540 msec user, 60 msec system
; cpu time (total)  238,860 msec (00:03:58.860) user, 260 msec system
; real time  243,355 msec (00:04:03.355)
; space allocation:
 23,487,065 cons cells,;  4,484 symbols, 12,665,232 other bytes
(((Q1-A ADTQ2-A) (Q1-F ADTQ2-F) (Q1-H ADTQ2-H) (Q1-C ADTQ2-C) (Q1-G ADTQ2-G)
  (Q1-B ADTQ2-B) (Q1-I ADTQ2-I) (Q1-D ADTQ2-D) (Q1-E ADTQ2-E))
 ((Q1-A ADTQ1-A) (Q1-F ADTQ1-F) (Q1-H ADTQ1-H) (Q1-C ADTQ1-C) (Q1-G ADTQ1-G)
  (Q1-B ADTQ1-B) (Q1-I ADTQ1-I) (Q1-D ADTQ1-D) (Q1-E ADTQ1-E)))
USER(10): USER(10): > Reload situation from existing file.  < ADT-Situation/Sit-q-i2-dist2-6148712495-2000 > 
> Opened existing situation file.  < #<CHARACTER-INPUT-FILE-STREAM
                                       #p"/fsys4/u/sgwoods/qcsp/ADT-Situation/Sit-q-i2-dist2-6148712495-2000" pos 0> > 
> Opening output file/stream for :  < New-Batch/fcdr-dist2-2000.3 > 
 File Closed (at 1). 

; cpu time (non-gc) 170,150 msec (00:02:50.150) user, 110 msec system
; cpu time (gc)     1,960 msec user, 60 msec system
; cpu time (total)  172,110 msec (00:02:52.110) user, 170 msec system
; real time  176,329 msec (00:02:56.329)
; space allocation:
 8,138,445 cons cells,;  4,455 symbols, 7,648,952 other bytes
(((Q1-A ADTQ2-A) (Q1-F ADTQ2-F) (Q1-H ADTQ2-H) (Q1-C ADTQ2-C) (Q1-B ADTQ2-B)
  (Q1-I ADTQ2-I) (Q1-G ADTQ2-G) (Q1-D ADTQ2-D) (Q1-E ADTQ2-E))
 ((Q1-A ADTQ1-A) (Q1-F ADTQ1-F) (Q1-H ADTQ1-H) (Q1-C ADTQ1-C) (Q1-B ADTQ1-B)
  (Q1-I ADTQ1-I) (Q1-G ADTQ1-G) (Q1-D ADTQ1-D) (Q1-E ADTQ1-E)))
USER(11): USER(11): > Reload situation from existing file.  < ADT-Situation/Sit-q-i2-dist2-8261581571-2000 > 
> Opened existing situation file.  < #<CHARACTER-INPUT-FILE-STREAM
                                       #p"/fsys4/u/sgwoods/qcsp/ADT-Situation/Sit-q-i2-dist2-8261581571-2000" pos 0> > 
> Opening output file/stream for :  < New-Batch/fcdr-dist2-2000.4 > 
 File Closed (at 1). 

; cpu time (non-gc) 195,590 msec (00:03:15.590) user, 140 msec system
; cpu time (gc)     2,230 msec user, 20 msec system
; cpu time (total)  197,820 msec (00:03:17.820) user, 160 msec system
; real time  202,180 msec (00:03:22.180)
; space allocation:
 16,969,110 cons cells,;  4,472 symbols, 9,770,792 other bytes
(((Q1-A ADTQ2-A) (Q1-F ADTQ2-F) (Q1-H ADTQ2-H) (Q1-C ADTQ2-C) (Q1-B ADTQ2-B)
  (Q1-I ADTQ2-I) (Q1-G ADTQ2-G) (Q1-D ADTQ2-D) (Q1-E ADTQ2-E))
 ((Q1-A ADTQ1-A) (Q1-F ADTQ1-F) (Q1-H ADTQ1-H) (Q1-C ADTQ1-C) (Q1-B ADTQ1-B)
  (Q1-I ADTQ1-I) (Q1-G ADTQ1-G) (Q1-D ADTQ1-D) (Q1-E ADTQ1-E)))
USER(12): USER(12): > Reload situation from existing file.  < ADT-Situation/Sit-q-i2-dist2-4705297406-2000 > 
> Opened existing situation file.  < #<CHARACTER-INPUT-FILE-STREAM
                                       #p"/fsys4/u/sgwoods/qcsp/ADT-Situation/Sit-q-i2-dist2-4705297406-2000" pos 0> > 
> Opening output file/stream for :  < New-Batch/fcdr-dist2-2000.5 > 
 File Closed (at 1). 

; cpu time (non-gc) 252,590 msec (00:04:12.590) user, 180 msec system
; cpu time (gc)     2,950 msec user, 80 msec system
; cpu time (total)  255,540 msec (00:04:15.540) user, 260 msec system
; real time  270,252 msec (00:04:30.252)
; space allocation:
 23,911,718 cons cells,;  4,411 symbols, 14,109,352 other bytes
(((Q1-A ADTQ2-A) (Q1-F ADTQ2-F) (Q1-H ADTQ2-H) (Q1-C ADTQ2-C) (Q1-G ADTQ2-G)
  (Q1-B ADTQ2-B) (Q1-I ADTQ2-I) (Q1-D ADTQ2-D) (Q1-E ADTQ2-E))
 ((Q1-A ADTQ1-A) (Q1-F ADTQ1-F) (Q1-H ADTQ1-H) (Q1-C ADTQ1-C) (Q1-G ADTQ1-G)
  (Q1-B ADTQ1-B) (Q1-I ADTQ1-I) (Q1-D ADTQ1-D) (Q1-E ADTQ1-E)))
USER(13): USER(13): > Reload situation from existing file.  < ADT-Situation/Sit-q-i2-dist2-6724813580-2000 > 
> Opened existing situation file.  < #<CHARACTER-INPUT-FILE-STREAM
                                       #p"/fsys4/u/sgwoods/qcsp/ADT-Situation/Sit-q-i2-dist2-6724813580-2000" pos 0> > 
> Opening output file/stream for :  < New-Batch/fcdr-dist2-2000.6 > 
 File Closed (at 1). 

; cpu time (non-gc) 245,390 msec (00:04:05.390) user, 280 msec system
; cpu time (gc)     9,880 msec user, 2,140 msec system
; cpu time (total)  255,270 msec (00:04:15.270) user, 2,420 msec system
; real time  377,193 msec (00:06:17.193)
; space allocation:
 23,486,957 cons cells,;  4,484 symbols, 12,709,896 other bytes
(((Q1-A ADTQ2-A) (Q1-F ADTQ2-F) (Q1-H ADTQ2-H) (Q1-C ADTQ2-C) (Q1-G ADTQ2-G)
  (Q1-B ADTQ2-B) (Q1-I ADTQ2-I) (Q1-D ADTQ2-D) (Q1-E ADTQ2-E))
 ((Q1-A ADTQ1-A) (Q1-F ADTQ1-F) (Q1-H ADTQ1-H) (Q1-C ADTQ1-C) (Q1-G ADTQ1-G)
  (Q1-B ADTQ1-B) (Q1-I ADTQ1-I) (Q1-D ADTQ1-D) (Q1-E ADTQ1-E)))
USER(14): USER(14): > Reload situation from existing file.  < ADT-Situation/Sit-q-i2-dist2-8798969000-2000 > 
> Opened existing situation file.  < #<CHARACTER-INPUT-FILE-STREAM
                                       #p"/fsys4/u/sgwoods/qcsp/ADT-Situation/Sit-q-i2-dist2-8798969000-2000" pos 0> > 
> Opening output file/stream for :  < New-Batch/fcdr-dist2-2000.7 > 
 File Closed (at 1). 

; cpu time (non-gc) 230,400 msec (00:03:50.400) user, 210 msec system
; cpu time (gc)     2,440 msec user, 70 msec system
; cpu time (total)  232,840 msec (00:03:52.840) user, 280 msec system
; real time  240,863 msec (00:04:00.863)
; space allocation:
 20,206,545 cons cells,;  4,421 symbols, 12,367,768 other bytes
(((Q1-A ADTQ2-A) (Q1-F ADTQ2-F) (Q1-H ADTQ2-H) (Q1-C ADTQ2-C) (Q1-G ADTQ2-G)
  (Q1-B ADTQ2-B) (Q1-I ADTQ2-I) (Q1-D ADTQ2-D) (Q1-E ADTQ2-E))
 ((Q1-A ADTQ1-A) (Q1-F ADTQ1-F) (Q1-H ADTQ1-H) (Q1-C ADTQ1-C) (Q1-G ADTQ1-G)
  (Q1-B ADTQ1-B) (Q1-I ADTQ1-I) (Q1-D ADTQ1-D) (Q1-E ADTQ1-E)))
USER(15): USER(15): > Reload situation from existing file.  < ADT-Situation/Sit-q-i2-dist2-0805098560-2000 > 
> Opened existing situation file.  < #<CHARACTER-INPUT-FILE-STREAM
                                       #p"/fsys4/u/sgwoods/qcsp/ADT-Situation/Sit-q-i2-dist2-0805098560-2000" pos 0> > 
> Opening output file/stream for :  < New-Batch/fcdr-dist2-2000.8 > 
 File Closed (at 1). 

; cpu time (non-gc) 219,110 msec (00:03:39.110) user, 160 msec system
; cpu time (gc)     2,290 msec user, 20 msec system
; cpu time (total)  221,400 msec (00:03:41.400) user, 180 msec system
; real time  229,142 msec (00:03:49.142)
; space allocation:
 15,980,177 cons cells,;  4,330 symbols, 11,285,288 other bytes
(((Q1-A ADTQ2-A) (Q1-F ADTQ2-F) (Q1-H ADTQ2-H) (Q1-C ADTQ2-C) (Q1-B ADTQ2-B)
  (Q1-G ADTQ2-G) (Q1-I ADTQ2-I) (Q1-D ADTQ2-D) (Q1-E ADTQ2-E))
 ((Q1-A ADTQ1-A) (Q1-F ADTQ1-F) (Q1-H ADTQ1-H) (Q1-C ADTQ1-C) (Q1-B ADTQ1-B)
  (Q1-G ADTQ1-G) (Q1-I ADTQ1-I) (Q1-D ADTQ1-D) (Q1-E ADTQ1-E)))
USER(16): USER(16): > Reload situation from existing file.  < ADT-Situation/Sit-q-i2-dist2-4767135635-2000 > 
> Opened existing situation file.  < #<CHARACTER-INPUT-FILE-STREAM
                                       #p"/fsys4/u/sgwoods/qcsp/ADT-Situation/Sit-q-i2-dist2-4767135635-2000" pos 0> > 
> Opening output file/stream for :  < New-Batch/fcdr-dist2-2000.9 > 
 File Closed (at 1). 

; cpu time (non-gc) 244,800 msec (00:04:04.800) user, 150 msec system
; cpu time (gc)     2,400 msec user, 80 msec system
; cpu time (total)  247,200 msec (00:04:07.200) user, 230 msec system
; real time  252,613 msec (00:04:12.613)
; space allocation:
 19,640,888 cons cells,;  4,414 symbols, 12,752,792 other bytes
(((Q1-A ADTQ2-A) (Q1-F ADTQ2-F) (Q1-H ADTQ2-H) (Q1-C ADTQ2-C) (Q1-G ADTQ2-G)
  (Q1-B ADTQ2-B) (Q1-I ADTQ2-I) (Q1-D ADTQ2-D) (Q1-E ADTQ2-E))
 ((Q1-A ADTQ1-A) (Q1-F ADTQ1-F) (Q1-H ADTQ1-H) (Q1-C ADTQ1-C) (Q1-G ADTQ1-G)
  (Q1-B ADTQ1-B) (Q1-I ADTQ1-I) (Q1-D ADTQ1-D) (Q1-E ADTQ1-E)))
USER(17): USER(17): > Reload situation from existing file.  < ADT-Situation/Sit-q-i2-dist2-7685437293-2000 > 
> Opened existing situation file.  < #<CHARACTER-INPUT-FILE-STREAM
                                       #p"/fsys4/u/sgwoods/qcsp/ADT-Situation/Sit-q-i2-dist2-7685437293-2000" pos 0> > 
> Opening output file/stream for :  < New-Batch/fcdr-dist2-2000.99 > 
 File Closed (at 1). 

; cpu time (non-gc) 278,030 msec (00:04:38.030) user, 380 msec system
; cpu time (gc)     3,340 msec user, 150 msec system
; cpu time (total)  281,370 msec (00:04:41.370) user, 530 msec system
; real time  294,496 msec (00:04:54.496)
; space allocation:
 28,975,347 cons cells,;  4,367 symbols, 17,268,544 other bytes
(((Q1-A ADTQ2-A) (Q1-F ADTQ2-F) (Q1-H ADTQ2-H) (Q1-C ADTQ2-C) (Q1-B ADTQ2-B)
  (Q1-I ADTQ2-I) (Q1-G ADTQ2-G) (Q1-D ADTQ2-D) (Q1-E ADTQ2-E))
 ((Q1-A ADTQ1-A) (Q1-F ADTQ1-F) (Q1-H ADTQ1-H) (Q1-C ADTQ1-C) (Q1-B ADTQ1-B)
  (Q1-I ADTQ1-I) (Q1-G ADTQ1-G) (Q1-D ADTQ1-D) (Q1-E ADTQ1-E)))
USER(18): ; Exiting Lisp
