Allegro CL 4.2 [SPARC; R1] (2/1/95 11:34)
Copyright (C) 1985-1993, Franz Inc., Berkeley, CA, USA.  All Rights Reserved.
;   Loading /fsys4/u/sgwoods/qcsp/load.lisp.
;     Fast loading /fsys4/u/sgwoods/qcsp/bm.fasl.
;     Fast loading /fsys4/u/sgwoods/qcsp/bt.fasl.
;     Fast loading /fsys4/u/sgwoods/qcsp/ct.fasl.
;     Fast loading /fsys4/u/sgwoods/qcsp/gsat.fasl.
;     Fast loading /fsys4/u/sgwoods/qcsp/utility.fasl.
;     Loading /fsys4/u/sgwoods/qcsp/compile.lisp.
;     Fast loading /fsys4/u/sgwoods/qcsp/quilici-search.fasl.
Warning: GETVAL, :OPERATOR was defined in /fsys4/u/sgwoods/qcsp/gsat.lisp and
         is now being defined in /fsys4/u/sgwoods/qcsp/quilici-search.lisp
;     Fast loading /fsys4/u/sgwoods/qcsp/adt-simple.fasl.
;     Fast loading /fsys4/u/sgwoods/qcsp/adt-setup.fasl.
;     Fast loading /fsys4/u/sgwoods/qcsp/memory-csp.fasl.
;; Optimization settings: safety 1, space 1, speed 1, debug 2
;; For a complete description of all compiler switches given the current
;; optimization settings evaluate (EXPLAIN-COMPILER-SETTINGS).
USER(1): USER(1): New Test Run: 1000, q-i2, FCDR, Dist3
"New Test Run: 1000, q-i2, FCDR, Dist3"
USER(2): 
NIL
USER(3): 
NIL
USER(4): ; Loading /fsys4/u/sgwoods/qcsp/load.lisp.
;   Fast loading /fsys4/u/sgwoods/qcsp/bm.fasl.
;   Fast loading /fsys4/u/sgwoods/qcsp/bt.fasl.
;   Fast loading /fsys4/u/sgwoods/qcsp/ct.fasl.
;   Fast loading /fsys4/u/sgwoods/qcsp/gsat.fasl.
Warning: GETVAL, :OPERATOR was defined in
         /fsys4/u/sgwoods/qcsp/quilici-search.lisp and is now being defined in
         /fsys4/u/sgwoods/qcsp/gsat.lisp
;   Fast loading /fsys4/u/sgwoods/qcsp/utility.fasl.
;   Loading /fsys4/u/sgwoods/qcsp/compile.lisp.
;   Fast loading /fsys4/u/sgwoods/qcsp/quilici-search.fasl.
Warning: GETVAL, :OPERATOR was defined in /fsys4/u/sgwoods/qcsp/gsat.lisp and
         is now being defined in /fsys4/u/sgwoods/qcsp/quilici-search.lisp
;   Fast loading /fsys4/u/sgwoods/qcsp/adt-simple.fasl.
;   Fast loading /fsys4/u/sgwoods/qcsp/adt-setup.fasl.
;   Fast loading /fsys4/u/sgwoods/qcsp/memory-csp.fasl.
T
USER(5): USER(5): **** Noise 1000 ****
"**** Noise 1000 ****"
USER(6): 
NIL
USER(7): 
NIL
USER(8): > Reload situation from existing file.  < ADT-Situation/Sit-q-i2-dist3-default-1000 > 
> Opened existing situation file.  < #<CHARACTER-INPUT-FILE-STREAM
                                       #p"/fsys4/u/sgwoods/qcsp/ADT-Situation/Sit-q-i2-dist3-default-1000" pos 0> > 
> Opening output file/stream for :  < New-Batch/fcdr-dist3-1000.1 > 
 File Closed (at 1). 

; cpu time (non-gc) 20,380 msec user, 130 msec system
; cpu time (gc)     780 msec user, 30 msec system
; cpu time (total)  21,160 msec user, 160 msec system
; real time  29,015 msec
; space allocation:
 177,525 cons cells,;  1,559 symbols, 1,836,696 other bytes
(((Q1-B ADTQ2-B) (Q1-I ADTQ2-I) (Q1-G ADTQ2-G) (Q1-A ADTQ2-A) (Q1-F ADTQ2-F)
  (Q1-H ADTQ2-H) (Q1-C ADTQ2-C) (Q1-D ADTQ2-D) (Q1-E ADTQ2-E))
 ((Q1-B ADTQ1-B) (Q1-A ADTQ1-A) (Q1-I ADTQ1-I) (Q1-G ADTQ1-G) (Q1-F ADTQ1-F)
  (Q1-H ADTQ1-H) (Q1-C ADTQ1-C) (Q1-D ADTQ1-D) (Q1-E ADTQ1-E)))
USER(9): USER(9): > Reload situation from existing file.  < ADT-Situation/Sit-q-i2-dist3-1783960706-1000 > 
> Opened existing situation file.  < #<CHARACTER-INPUT-FILE-STREAM
                                       #p"/fsys4/u/sgwoods/qcsp/ADT-Situation/Sit-q-i2-dist3-1783960706-1000" pos 0> > 
> Opening output file/stream for :  < New-Batch/fcdr-dist3-1000.2 > 
 File Closed (at 1). 

; cpu time (non-gc) 22,650 msec user, 50 msec system
; cpu time (gc)     510 msec user, 10 msec system
; cpu time (total)  23,160 msec user, 60 msec system
; real time  36,500 msec
; space allocation:
 229,104 cons cells,;  1,606 symbols, 2,044,656 other bytes
(((Q1-B ADTQ2-B) (Q1-I ADTQ2-I) (Q1-G ADTQ2-G) (Q1-A ADTQ2-A) (Q1-F ADTQ2-F)
  (Q1-H ADTQ2-H) (Q1-C ADTQ2-C) (Q1-D ADTQ2-D) (Q1-E ADTQ2-E))
 ((Q1-B ADTQ1-B) (Q1-A ADTQ1-A) (Q1-I ADTQ1-I) (Q1-G ADTQ1-G) (Q1-F ADTQ1-F)
  (Q1-H ADTQ1-H) (Q1-C ADTQ1-C) (Q1-D ADTQ1-D) (Q1-E ADTQ1-E)))
USER(10): USER(10): > Reload situation from existing file.  < ADT-Situation/Sit-q-i2-dist3-6148712495-1000 > 
> Opened existing situation file.  < #<CHARACTER-INPUT-FILE-STREAM
                                       #p"/fsys4/u/sgwoods/qcsp/ADT-Situation/Sit-q-i2-dist3-6148712495-1000" pos 0> > 
> Opening output file/stream for :  < New-Batch/fcdr-dist3-1000.3 > 
 File Closed (at 1). 

; cpu time (non-gc) 18,220 msec user, 90 msec system
; cpu time (gc)     620 msec user, 0 msec system
; cpu time (total)  18,840 msec user, 90 msec system
; real time  28,878 msec
; space allocation:
 665,894 cons cells,;  1,596 symbols, 1,578,144 other bytes
(((Q1-C ADTQ2-C) (Q1-D ADTQ2-D) (Q1-E ADTQ2-E) (Q1-H ADTQ2-H) (Q1-F ADTQ2-F)
  (Q1-A ADTQ2-A) (Q1-B ADTQ2-B) (Q1-G ADTQ2-G) (Q1-I ADTQ2-I))
 ((Q1-C ADTQ1-C) (Q1-D ADTQ1-D) (Q1-E ADTQ1-E) (Q1-H ADTQ1-H) (Q1-B ADTQ1-B)
  (Q1-I ADTQ1-I) (Q1-G ADTQ1-G) (Q1-F ADTQ1-F) (Q1-A ADTQ1-A)))
USER(11): USER(11): > Reload situation from existing file.  < ADT-Situation/Sit-q-i2-dist3-8261581571-1000 > 
> Opened existing situation file.  < #<CHARACTER-INPUT-FILE-STREAM
                                       #p"/fsys4/u/sgwoods/qcsp/ADT-Situation/Sit-q-i2-dist3-8261581571-1000" pos 0> > 
> Opening output file/stream for :  < New-Batch/fcdr-dist3-1000.4 > 
 File Closed (at 1). 

; cpu time (non-gc) 30,800 msec user, 120 msec system
; cpu time (gc)     520 msec user, 0 msec system
; cpu time (total)  31,320 msec user, 120 msec system
; real time  50,291 msec
; space allocation:
 272,086 cons cells,;  1,555 symbols, 3,232,208 other bytes
(((Q1-B ADTQ2-B) (Q1-I ADTQ2-I) (Q1-G ADTQ2-G) (Q1-A ADTQ2-A) (Q1-F ADTQ2-F)
  (Q1-H ADTQ2-H) (Q1-C ADTQ2-C) (Q1-D ADTQ2-D) (Q1-E ADTQ2-E))
 ((Q1-B ADTQ1-B) (Q1-I ADTQ1-I) (Q1-G ADTQ1-G) (Q1-F ADTQ1-F) (Q1-H ADTQ1-H)
  (Q1-A ADTQ1-A) (Q1-C ADTQ1-C) (Q1-D ADTQ1-D) (Q1-E ADTQ1-E)))
USER(12): USER(12): > Reload situation from existing file.  < ADT-Situation/Sit-q-i2-dist3-4705297406-1000 > 
> Opened existing situation file.  < #<CHARACTER-INPUT-FILE-STREAM
                                       #p"/fsys4/u/sgwoods/qcsp/ADT-Situation/Sit-q-i2-dist3-4705297406-1000" pos 0> > 
> Opening output file/stream for :  < New-Batch/fcdr-dist3-1000.5 > 
 File Closed (at 1). 

; cpu time (non-gc) 21,130 msec user, 180 msec system
; cpu time (gc)     700 msec user, 0 msec system
; cpu time (total)  21,830 msec user, 180 msec system
; real time  34,112 msec
; space allocation:
 442,291 cons cells,;  1,588 symbols, 1,919,232 other bytes
(((Q1-I ADTQ2-I) (Q1-B ADTQ2-B) (Q1-G ADTQ2-G) (Q1-A ADTQ2-A) (Q1-F ADTQ2-F)
  (Q1-H ADTQ2-H) (Q1-C ADTQ2-C) (Q1-D ADTQ2-D) (Q1-E ADTQ2-E))
 ((Q1-I ADTQ1-I) (Q1-B ADTQ1-B) (Q1-G ADTQ1-G) (Q1-A ADTQ1-A) (Q1-F ADTQ1-F)
  (Q1-H ADTQ1-H) (Q1-C ADTQ1-C) (Q1-D ADTQ1-D) (Q1-E ADTQ1-E)))
USER(13): USER(13): > Reload situation from existing file.  < ADT-Situation/Sit-q-i2-dist3-6724813580-1000 > 
> Opened existing situation file.  < #<CHARACTER-INPUT-FILE-STREAM
                                       #p"/fsys4/u/sgwoods/qcsp/ADT-Situation/Sit-q-i2-dist3-6724813580-1000" pos 0> > 
> Opening output file/stream for :  < New-Batch/fcdr-dist3-1000.6 > 
 File Closed (at 1). 

; cpu time (non-gc) 24,180 msec user, 80 msec system
; cpu time (gc)     510 msec user, 0 msec system
; cpu time (total)  24,690 msec user, 80 msec system
; real time  37,219 msec
; space allocation:
 229,067 cons cells,;  1,606 symbols, 2,073,832 other bytes
(((Q1-B ADTQ2-B) (Q1-I ADTQ2-I) (Q1-G ADTQ2-G) (Q1-A ADTQ2-A) (Q1-F ADTQ2-F)
  (Q1-H ADTQ2-H) (Q1-C ADTQ2-C) (Q1-D ADTQ2-D) (Q1-E ADTQ2-E))
 ((Q1-B ADTQ1-B) (Q1-A ADTQ1-A) (Q1-I ADTQ1-I) (Q1-G ADTQ1-G) (Q1-F ADTQ1-F)
  (Q1-H ADTQ1-H) (Q1-C ADTQ1-C) (Q1-D ADTQ1-D) (Q1-E ADTQ1-E)))
USER(14): USER(14): > Reload situation from existing file.  < ADT-Situation/Sit-q-i2-dist3-8798969000-1000 > 
> Opened existing situation file.  < #<CHARACTER-INPUT-FILE-STREAM
                                       #p"/fsys4/u/sgwoods/qcsp/ADT-Situation/Sit-q-i2-dist3-8798969000-1000" pos 0> > 
> Opening output file/stream for :  < New-Batch/fcdr-dist3-1000.7 > 
 File Closed (at 1). 

; cpu time (non-gc) 26,930 msec user, 100 msec system
; cpu time (gc)     430 msec user, 0 msec system
; cpu time (total)  27,360 msec user, 100 msec system
; real time  44,512 msec
; space allocation:
 220,656 cons cells,;  1,532 symbols, 2,397,504 other bytes
(((Q1-B ADTQ2-B) (Q1-I ADTQ2-I) (Q1-G ADTQ2-G) (Q1-A ADTQ2-A) (Q1-F ADTQ2-F)
  (Q1-H ADTQ2-H) (Q1-C ADTQ2-C) (Q1-D ADTQ2-D) (Q1-E ADTQ2-E))
 ((Q1-B ADTQ1-B) (Q1-I ADTQ1-I) (Q1-G ADTQ1-G) (Q1-A ADTQ1-A) (Q1-F ADTQ1-F)
  (Q1-H ADTQ1-H) (Q1-C ADTQ1-C) (Q1-D ADTQ1-D) (Q1-E ADTQ1-E)))
USER(15): USER(15): > Reload situation from existing file.  < ADT-Situation/Sit-q-i2-dist3-0805098560-1000 > 
> Opened existing situation file.  < #<CHARACTER-INPUT-FILE-STREAM
                                       #p"/fsys4/u/sgwoods/qcsp/ADT-Situation/Sit-q-i2-dist3-0805098560-1000" pos 0> > 
> Opening output file/stream for :  < New-Batch/fcdr-dist3-1000.8 > 
 File Closed (at 1). 

; cpu time (non-gc) 29,830 msec user, 60 msec system
; cpu time (gc)     930 msec user, 40 msec system
; cpu time (total)  30,760 msec user, 100 msec system
; real time  50,441 msec
; space allocation:
 299,761 cons cells,;  1,578 symbols, 3,525,264 other bytes
(((Q1-B ADTQ2-B) (Q1-I ADTQ2-I) (Q1-G ADTQ2-G) (Q1-F ADTQ2-F) (Q1-H ADTQ2-H)
  (Q1-A ADTQ2-A) (Q1-C ADTQ2-C) (Q1-D ADTQ2-D) (Q1-E ADTQ2-E))
 ((Q1-B ADTQ1-B) (Q1-I ADTQ1-I) (Q1-G ADTQ1-G) (Q1-F ADTQ1-F) (Q1-H ADTQ1-H)
  (Q1-A ADTQ1-A) (Q1-C ADTQ1-C) (Q1-D ADTQ1-D) (Q1-E ADTQ1-E)))
USER(16): USER(16): > Reload situation from existing file.  < ADT-Situation/Sit-q-i2-dist3-4767135635-1000 > 
> Opened existing situation file.  < #<CHARACTER-INPUT-FILE-STREAM
                                       #p"/fsys4/u/sgwoods/qcsp/ADT-Situation/Sit-q-i2-dist3-4767135635-1000" pos 0> > 
> Opening output file/stream for :  < New-Batch/fcdr-dist3-1000.9 > 
 File Closed (at 1). 

; cpu time (non-gc) 20,280 msec user, 60 msec system
; cpu time (gc)     740 msec user, 10 msec system
; cpu time (total)  21,020 msec user, 70 msec system
; real time  31,739 msec
; space allocation:
 1,011,104 cons cells,;  1,575 symbols, 2,118,096 other bytes
(((Q1-C ADTQ2-C) (Q1-D ADTQ2-D) (Q1-E ADTQ2-E) (Q1-H ADTQ2-H) (Q1-F ADTQ2-F)
  (Q1-A ADTQ2-A) (Q1-B ADTQ2-B) (Q1-G ADTQ2-G) (Q1-I ADTQ2-I))
 ((Q1-C ADTQ1-C) (Q1-D ADTQ1-D) (Q1-E ADTQ1-E) (Q1-H ADTQ1-H) (Q1-B ADTQ1-B)
  (Q1-I ADTQ1-I) (Q1-G ADTQ1-G) (Q1-F ADTQ1-F) (Q1-A ADTQ1-A)))
USER(17): USER(17): > Reload situation from existing file.  < ADT-Situation/Sit-q-i2-dist3-7685437293-1000 > 
> Opened existing situation file.  < #<CHARACTER-INPUT-FILE-STREAM
                                       #p"/fsys4/u/sgwoods/qcsp/ADT-Situation/Sit-q-i2-dist3-7685437293-1000" pos 0> > 
> Opening output file/stream for :  < New-Batch/fcdr-dist3-1000.99 > 
 File Closed (at 1). 

; cpu time (non-gc) 23,740 msec user, 90 msec system
; cpu time (gc)     510 msec user, 10 msec system
; cpu time (total)  24,250 msec user, 100 msec system
; real time  37,483 msec
; space allocation:
 248,814 cons cells,;  1,578 symbols, 2,587,184 other bytes
(((Q1-B ADTQ2-B) (Q1-I ADTQ2-I) (Q1-G ADTQ2-G) (Q1-A ADTQ2-A) (Q1-F ADTQ2-F)
  (Q1-H ADTQ2-H) (Q1-C ADTQ2-C) (Q1-D ADTQ2-D) (Q1-E ADTQ2-E))
 ((Q1-B ADTQ1-B) (Q1-I ADTQ1-I) (Q1-G ADTQ1-G) (Q1-A ADTQ1-A) (Q1-F ADTQ1-F)
  (Q1-H ADTQ1-H) (Q1-C ADTQ1-C) (Q1-D ADTQ1-D) (Q1-E ADTQ1-E)))
USER(18): ; Exiting Lisp
