Allegro CL 4.2 [SPARC; R1] (2/1/95 11:34)
Copyright (C) 1985-1993, Franz Inc., Berkeley, CA, USA.  All Rights Reserved.
;   Loading /fsys4/u/sgwoods/qcsp/load.lisp.
;     Fast loading /fsys4/u/sgwoods/qcsp/bm.fasl.
;     Fast loading /fsys4/u/sgwoods/qcsp/bt.fasl.
;     Fast loading /fsys4/u/sgwoods/qcsp/ct.fasl.
;     Fast loading /fsys4/u/sgwoods/qcsp/gsat.fasl.
;     Fast loading /fsys4/u/sgwoods/qcsp/utility.fasl.
;     Loading /fsys4/u/sgwoods/qcsp/compile.lisp.
;     Fast loading /fsys4/u/sgwoods/qcsp/quilici-search.fasl.
Warning: GETVAL, :OPERATOR was defined in /fsys4/u/sgwoods/qcsp/gsat.lisp and
         is now being defined in /fsys4/u/sgwoods/qcsp/quilici-search.lisp
;     Fast loading /fsys4/u/sgwoods/qcsp/adt-simple.fasl.
;     Fast loading /fsys4/u/sgwoods/qcsp/adt-setup.fasl.
;     Fast loading /fsys4/u/sgwoods/qcsp/memory-csp.fasl.
;; Optimization settings: safety 1, space 1, speed 1, debug 2
;; For a complete description of all compiler switches given the current
;; optimization settings evaluate (EXPLAIN-COMPILER-SETTINGS).
USER(1): USER(1): New Test Run: RANGE , q-i2, FCDR, Dist1
"New Test Run: RANGE , q-i2, FCDR, Dist1"
USER(2): 
NIL
USER(3): 
NIL
USER(4): ; Loading /fsys4/u/sgwoods/qcsp/load.lisp.
;   Fast loading /fsys4/u/sgwoods/qcsp/bm.fasl.
;   Fast loading /fsys4/u/sgwoods/qcsp/bt.fasl.
;   Fast loading /fsys4/u/sgwoods/qcsp/ct.fasl.
;   Fast loading /fsys4/u/sgwoods/qcsp/gsat.fasl.
Warning: GETVAL, :OPERATOR was defined in
         /fsys4/u/sgwoods/qcsp/quilici-search.lisp and is now being defined in
         /fsys4/u/sgwoods/qcsp/gsat.lisp
;   Fast loading /fsys4/u/sgwoods/qcsp/utility.fasl.
;   Loading /fsys4/u/sgwoods/qcsp/compile.lisp.
;   Fast loading /fsys4/u/sgwoods/qcsp/quilici-search.fasl.
Warning: GETVAL, :OPERATOR was defined in /fsys4/u/sgwoods/qcsp/gsat.lisp and
         is now being defined in /fsys4/u/sgwoods/qcsp/quilici-search.lisp
;   Fast loading /fsys4/u/sgwoods/qcsp/adt-simple.fasl.
;   Fast loading /fsys4/u/sgwoods/qcsp/adt-setup.fasl.
;   Fast loading /fsys4/u/sgwoods/qcsp/memory-csp.fasl.
T
USER(5): USER(5): **** Noise 0100 ****
"**** Noise 0100 ****"
USER(6): 
NIL
USER(7): 
NIL
USER(8): > Reload situation from existing file.  < ADT-Situation/Sit-q-i2-dist1-default-100 > 
> Opened existing situation file.  < #<CHARACTER-INPUT-FILE-STREAM
                                       #p"/fsys4/u/sgwoods/qcsp/ADT-Situation/Sit-q-i2-dist1-default-100" pos 0> > 
> Opening output file/stream for :  < New-Batch/fcdr-dist1-RNG0100.1 > 
 File Closed (at 1). 

; cpu time (non-gc) 840 msec user, 90 msec system
; cpu time (gc)     0 msec user, 0 msec system
; cpu time (total)  840 msec user, 90 msec system
; real time  1,311 msec
; space allocation:
 16,215 cons cells,;  161 symbols, 239,208 other bytes
(((Q1-A ADTQ2-A) (Q1-G ADTQ2-G) (Q1-F ADTQ2-F) (Q1-H ADTQ2-H) (Q1-C ADTQ2-C)
  (Q1-B ADTQ2-B) (Q1-I ADTQ2-I) (Q1-D ADTQ2-D) (Q1-E ADTQ2-E))
 ((Q1-A ADTQ1-A) (Q1-G ADTQ1-G) (Q1-F ADTQ1-F) (Q1-D ADTQ1-D) (Q1-H ADTQ1-H)
  (Q1-C ADTQ1-C) (Q1-E ADTQ1-E) (Q1-B ADTQ1-B) (Q1-I ADTQ1-I)))
USER(9): USER(9): **** Noise 0500 ****
"**** Noise 0500 ****"
USER(10): 
NIL
USER(11): 
NIL
USER(12): > Reload situation from existing file.  < ADT-Situation/Sit-q-i2-dist1-default-500 > 
> Opened existing situation file.  < #<CHARACTER-INPUT-FILE-STREAM
                                       #p"/fsys4/u/sgwoods/qcsp/ADT-Situation/Sit-q-i2-dist1-default-500" pos 0> > 
> Opening output file/stream for :  < New-Batch/fcdr-dist1-RNG0500.1 > 
 File Closed (at 1). 

; cpu time (non-gc) 9,890 msec user, 160 msec system
; cpu time (gc)     600 msec user, 170 msec system
; cpu time (total)  10,490 msec user, 330 msec system
; real time  10,905 msec
; space allocation:
 335,120 cons cells,;  766 symbols, 1,441,840 other bytes
(((Q1-A ADTQ2-A) (Q1-F ADTQ2-F) (Q1-H ADTQ2-H) (Q1-G ADTQ2-G) (Q1-C ADTQ2-C)
  (Q1-B ADTQ2-B) (Q1-I ADTQ2-I) (Q1-D ADTQ2-D) (Q1-E ADTQ2-E))
 ((Q1-A ADTQ1-A) (Q1-F ADTQ1-F) (Q1-H ADTQ1-H) (Q1-G ADTQ1-G) (Q1-C ADTQ1-C)
  (Q1-B ADTQ1-B) (Q1-I ADTQ1-I) (Q1-D ADTQ1-D) (Q1-E ADTQ1-E)))
USER(13): USER(13): **** Noise 1000 ****
"**** Noise 1000 ****"
USER(14): 
NIL
USER(15): 
NIL
USER(16): > Reload situation from existing file.  < ADT-Situation/Sit-q-i2-dist1-default-1000 > 
> Opened existing situation file.  < #<CHARACTER-INPUT-FILE-STREAM
                                       #p"/fsys4/u/sgwoods/qcsp/ADT-Situation/Sit-q-i2-dist1-default-1000" pos 0> > 
> Opening output file/stream for :  < New-Batch/fcdr-dist1-RNG1000.1 > 
 File Closed (at 1). 

; cpu time (non-gc) 40,070 msec user, 60 msec system
; cpu time (gc)     500 msec user, 20 msec system
; cpu time (total)  40,570 msec user, 80 msec system
; real time  40,823 msec
; space allocation:
 1,696,418 cons cells,;  944 symbols, 3,776,816 other bytes
(((Q1-A ADTQ2-A) (Q1-F ADTQ2-F) (Q1-G ADTQ2-G) (Q1-H ADTQ2-H) (Q1-C ADTQ2-C)
  (Q1-B ADTQ2-B) (Q1-I ADTQ2-I) (Q1-D ADTQ2-D) (Q1-E ADTQ2-E))
 ((Q1-A ADTQ1-A) (Q1-F ADTQ1-F) (Q1-G ADTQ1-G) (Q1-H ADTQ1-H) (Q1-C ADTQ1-C)
  (Q1-B ADTQ1-B) (Q1-I ADTQ1-I) (Q1-D ADTQ1-D) (Q1-E ADTQ1-E)))
USER(17): USER(17): **** Noise 2000 ****
"**** Noise 2000 ****"
USER(18): 
NIL
USER(19): 
NIL
USER(20): > Reload situation from existing file.  < ADT-Situation/Sit-q-i2-dist1-default-2000 > 
> Opened existing situation file.  < #<CHARACTER-INPUT-FILE-STREAM
                                       #p"/fsys4/u/sgwoods/qcsp/ADT-Situation/Sit-q-i2-dist1-default-2000" pos 0> > 
> Opening output file/stream for :  < New-Batch/fcdr-dist1-RNG2000.1 > 
 File Closed (at 1). 

; cpu time (non-gc) 179,340 msec (00:02:59.340) user, 100 msec system
; cpu time (gc)     1,720 msec user, 90 msec system
; cpu time (total)  181,060 msec (00:03:01.060) user, 190 msec system
; real time  181,908 msec (00:03:01.908)
; space allocation:
 9,389,772 cons cells,;  1,737 symbols, 10,897,344 other bytes
(((Q1-A ADTQ2-A) (Q1-F ADTQ2-F) (Q1-H ADTQ2-H) (Q1-G ADTQ2-G) (Q1-C ADTQ2-C)
  (Q1-B ADTQ2-B) (Q1-I ADTQ2-I) (Q1-D ADTQ2-D) (Q1-E ADTQ2-E))
 ((Q1-A ADTQ1-A) (Q1-F ADTQ1-F) (Q1-H ADTQ1-H) (Q1-G ADTQ1-G) (Q1-C ADTQ1-C)
  (Q1-B ADTQ1-B) (Q1-I ADTQ1-I) (Q1-D ADTQ1-D) (Q1-E ADTQ1-E)))
USER(21): USER(21): **** Noise 3000 ****
"**** Noise 3000 ****"
USER(22): 
NIL
USER(23): 
NIL
USER(24): > Reload situation from existing file.  < ADT-Situation/Sit-q-i2-dist1-default-3000 > 
> Opened existing situation file.  < #<CHARACTER-INPUT-FILE-STREAM
                                       #p"/fsys4/u/sgwoods/qcsp/ADT-Situation/Sit-q-i2-dist1-default-3000" pos 0> > 
> Opening output file/stream for :  < New-Batch/fcdr-dist1-RNG3000.1 > 
 File Closed (at 1). 

; cpu time (non-gc) 494,860 msec (00:08:14.860) user, 170 msec system
; cpu time (gc)     3,770 msec user, 150 msec system
; cpu time (total)  498,630 msec (00:08:18.630) user, 320 msec system
; real time  503,895 msec (00:08:23.895)
; space allocation:
 30,272,775 cons cells,;  1,721 symbols, 25,060,744 other bytes
(((Q1-A ADTQ2-A) (Q1-F ADTQ2-F) (Q1-H ADTQ2-H) (Q1-G ADTQ2-G) (Q1-C ADTQ2-C)
  (Q1-B ADTQ2-B) (Q1-I ADTQ2-I) (Q1-D ADTQ2-D) (Q1-E ADTQ2-E))
 ((Q1-A ADTQ1-A) (Q1-F ADTQ1-F) (Q1-H ADTQ1-H) (Q1-G ADTQ1-G) (Q1-C ADTQ1-C)
  (Q1-B ADTQ1-B) (Q1-I ADTQ1-I) (Q1-D ADTQ1-D) (Q1-E ADTQ1-E)))
USER(25): USER(25): **** Noise 4000 ****
"**** Noise 4000 ****"
USER(26): 
NIL
USER(27): 
NIL
USER(28): > Reload situation from existing file.  < ADT-Situation/Sit-q-i2-dist1-default-4000 > 
> Opened existing situation file.  < #<CHARACTER-INPUT-FILE-STREAM
                                       #p"/fsys4/u/sgwoods/qcsp/ADT-Situation/Sit-q-i2-dist1-default-4000" pos 0> > 
> Opening output file/stream for :  < New-Batch/fcdr-dist1-RNG4000.1 > 
 File Closed (at 1). 

; cpu time (non-gc) 1,076,170 msec (00:17:56.170) user, 440 msec system
; cpu time (gc)     7,790 msec user, 140 msec system
; cpu time (total)  1,083,960 msec (00:18:03.960) user, 580 msec system
; real time  1,094,814 msec (00:18:14.814)
; space allocation:
 77,087,423 cons cells,;  1,847 symbols, 42,092,480 other bytes
(((Q1-A ADTQ2-A) (Q1-F ADTQ2-F) (Q1-H ADTQ2-H) (Q1-G ADTQ2-G) (Q1-C ADTQ2-C)
  (Q1-D ADTQ2-D) (Q1-B ADTQ2-B) (Q1-E ADTQ2-E) (Q1-I ADTQ2-I))
 ((Q1-A ADTQ1-A) (Q1-F ADTQ1-F) (Q1-H ADTQ1-H) (Q1-G ADTQ1-G) (Q1-C ADTQ1-C)
  (Q1-B ADTQ1-B) (Q1-I ADTQ1-I) (Q1-D ADTQ1-D) (Q1-E ADTQ1-E)))
USER(29): USER(29): **** Noise 5000 ****
"**** Noise 5000 ****"
USER(30): 
NIL
USER(31): 
NIL
USER(32): > Reload situation from existing file.  < ADT-Situation/Sit-q-i2-dist1-default-5000 > 
> Opened existing situation file.  < #<CHARACTER-INPUT-FILE-STREAM
                                       #p"/fsys4/u/sgwoods/qcsp/ADT-Situation/Sit-q-i2-dist1-default-5000" pos 0> > 
> Opening output file/stream for :  < New-Batch/fcdr-dist1-RNG5000.1 > 
 File Closed (at 1). 

; cpu time (non-gc) 1,791,260 msec (00:29:51.260) user, 520 msec system
; cpu time (gc)     19,050 msec user, 1,930 msec system
; cpu time (total)  1,810,310 msec (00:30:10.310) user, 2,450 msec system
; real time  1,822,866 msec (00:30:22.866)
; space allocation:
 141,480,700 cons cells,;  1,796 symbols, 61,480,552 other bytes
(((Q1-A ADTQ2-A) (Q1-F ADTQ2-F) (Q1-H ADTQ2-H) (Q1-G ADTQ2-G) (Q1-C ADTQ2-C)
  (Q1-B ADTQ2-B) (Q1-I ADTQ2-I) (Q1-D ADTQ2-D) (Q1-E ADTQ2-E))
 ((Q1-A ADTQ1-A) (Q1-F ADTQ1-F) (Q1-H ADTQ1-H) (Q1-G ADTQ1-G) (Q1-C ADTQ1-C)
  (Q1-B ADTQ1-B) (Q1-I ADTQ1-I) (Q1-D ADTQ1-D) (Q1-E ADTQ1-E)))
USER(33): EOF
Really exit lisp [n]? 
; Exiting Lisp
