;;; Sun Common Lisp, Development Environment 4.0.1, 6 July 1990
;;; Sun-4 Version for SunOS 4.0.x and sunOS 4.1 
;;;
;;; Copyright (c) 1985, 1986, 1987, 1988, 1989, 1990
;;;            by Sun Microsystems, Inc.,  All Rights Reserved
;;; Copyright (c) 1985, 1986, 1987, 1988, 1989, 1990
;;;            by Lucid, Inc., All Rights Reserved
;;; This software product contains confidential and trade secret
;;; information belonging to Sun Microsystems, Inc.  It may not be copied
;;; for any reason other than for archival and backup purposes.
;;;
;;; Sun, Sun-4, and Sun Common Lisp are trademarks of Sun Microsystems Inc.

> Test Aug 12, 1993 using Aug 5 version v0.5 MOTOR
"Test Aug 12, 1993 using Aug 5 version v0.5 MOTOR"
> 
NIL
> 
NIL
> ;;; Loading source file "load.lisp"
;;; Warning: File "load.lisp" does not begin with IN-PACKAGE.  Loading into package "USER"
;;; Loading binary file "/cc/users/woods/ideas/csp/bm.sbin"
;;; Loading binary file "/cc/users/woods/ideas/csp/bt.sbin"
;;; Loading binary file "/cc/users/woods/ideas/csp/ct.sbin"
;;; Loading binary file "/cc/users/woods/ideas/csp/utility.sbin"
;;; Loading source file "/cc/users/woods/ideas/csp/compile.lisp"
;;; Warning: File "/cc/users/woods/ideas/csp/compile.lisp" does not begin with IN-PACKAGE.  Loading into package "USER"
;;; Loading binary file "queens.sbin"
;;; Loading binary file "mpr-simple.sbin"
;;; Warning: Redefining Function NODE-CONSISTENT-VARIABLES which used to be defined in "/home/users/woods/Steve/csp/queens.lisp"
;;; Warning: Redefining Function ARC-P which used to be defined in "/home/users/woods/Steve/csp/queens.lisp"
;;; Warning: Redefining Function CONSISTENT-P which used to be defined in "/home/users/woods/Steve/csp/queens.lisp"
;;; Warning: Redefining Function GET-CONSTRAINT-MAX-LEVEL which used to be defined in "/home/users/woods/Steve/csp/queens.lisp"
;;; Loading binary file "mpr-setup.sbin"
#P"/tmp_mnt/cc/users/woods/woods/Steve/csp/load.lisp"
> **** Noise 700 ****
"**** Noise 700 ****"
> 
NIL
> 
NIL
> ;;; Loading binary file "mpr-setup.sbin"
 File Closed. 

Elapsed Real Time = 34.17 seconds
Total Run Time    = 32.57 seconds
User Run Time     = 32.16 seconds
System Run Time   = 0.41 seconds
Process Page Faults    =         70
Dynamic Bytes Consed   =     22,144
Ephemeral Bytes Consed = 43,109,600
There were 82 ephemeral GCs
COMPLETE
> ;;; Loading binary file "mpr-setup.sbin"
 File Closed. 

Elapsed Real Time = 26.90 seconds
Total Run Time    = 25.37 seconds
User Run Time     = 25.20 seconds
System Run Time   = 0.17 seconds
Process Page Faults    =         11
Dynamic Bytes Consed   =    348,264
Ephemeral Bytes Consed = 37,529,456
There were 72 ephemeral GCs
COMPLETE
> ;;; Loading binary file "mpr-setup.sbin"
 File Closed. 

Elapsed Real Time = 36.30 seconds
Total Run Time    = 35.05 seconds
User Run Time     = 34.62 seconds
System Run Time   = 0.43 seconds
Process Page Faults    =          9
Dynamic Bytes Consed   =          0
Ephemeral Bytes Consed = 48,854,272
There were 93 ephemeral GCs
COMPLETE
> ;;; Loading binary file "mpr-setup.sbin"
 File Closed. 

Elapsed Real Time = 33.30 seconds
Total Run Time    = 31.34 seconds
User Run Time     = 30.84 seconds
System Run Time   = 0.50 seconds
Process Page Faults    =          5
Dynamic Bytes Consed   =    229,768
Ephemeral Bytes Consed = 44,488,528
There were 85 ephemeral GCs
COMPLETE
> ;;; Loading binary file "mpr-setup.sbin"
 File Closed. 

Elapsed Real Time = 32.60 seconds
Total Run Time    = 30.75 seconds
User Run Time     = 30.39 seconds
System Run Time   = 0.36 seconds
Process Page Faults    =          5
Dynamic Bytes Consed   =    320,640
Ephemeral Bytes Consed = 42,992,056
There were 82 ephemeral GCs
COMPLETE
> 