Allegro CL 4.2 [SPARC; R1] (2/1/95 11:34)
Copyright (C) 1985-1993, Franz Inc., Berkeley, CA, USA.  All Rights Reserved.
;   Loading /fsys4/u/sgwoods/qcsp/load.lisp.
;     Fast loading /fsys4/u/sgwoods/qcsp/bm.fasl.
;     Fast loading /fsys4/u/sgwoods/qcsp/bt.fasl.
;     Fast loading /fsys4/u/sgwoods/qcsp/ct.fasl.
;     Fast loading /fsys4/u/sgwoods/qcsp/gsat.fasl.
;     Fast loading /fsys4/u/sgwoods/qcsp/utility.fasl.
;     Loading /fsys4/u/sgwoods/qcsp/compile.lisp.
;     Fast loading /fsys4/u/sgwoods/qcsp/quilici-search.fasl.
Warning: GETVAL, :OPERATOR was defined in /fsys4/u/sgwoods/qcsp/gsat.lisp and
         is now being defined in /fsys4/u/sgwoods/qcsp/quilici-search.lisp
;     Fast loading /fsys4/u/sgwoods/qcsp/adt-simple.fasl.
;     Fast loading /fsys4/u/sgwoods/qcsp/adt-setup.fasl.
;     Fast loading /fsys4/u/sgwoods/qcsp/memory-csp.fasl.
;; Optimization settings: safety 1, space 1, speed 1, debug 2
;; For a complete description of all compiler switches given the current
;; optimization settings evaluate (EXPLAIN-COMPILER-SETTINGS).
USER(1): USER(1): New Test Run: 0500, q-i2, FCDR, Dist1
"New Test Run: 0500, q-i2, FCDR, Dist1"
USER(2): 
NIL
USER(3): 
NIL
USER(4): ; Loading /fsys4/u/sgwoods/qcsp/load.lisp.
;   Fast loading /fsys4/u/sgwoods/qcsp/bm.fasl.
;   Fast loading /fsys4/u/sgwoods/qcsp/bt.fasl.
;   Fast loading /fsys4/u/sgwoods/qcsp/ct.fasl.
;   Fast loading /fsys4/u/sgwoods/qcsp/gsat.fasl.
Warning: GETVAL, :OPERATOR was defined in
         /fsys4/u/sgwoods/qcsp/quilici-search.lisp and is now being defined in
         /fsys4/u/sgwoods/qcsp/gsat.lisp
;   Fast loading /fsys4/u/sgwoods/qcsp/utility.fasl.
;   Loading /fsys4/u/sgwoods/qcsp/compile.lisp.
;   Fast loading /fsys4/u/sgwoods/qcsp/quilici-search.fasl.
Warning: GETVAL, :OPERATOR was defined in /fsys4/u/sgwoods/qcsp/gsat.lisp and
         is now being defined in /fsys4/u/sgwoods/qcsp/quilici-search.lisp
;   Fast loading /fsys4/u/sgwoods/qcsp/adt-simple.fasl.
;   Fast loading /fsys4/u/sgwoods/qcsp/adt-setup.fasl.
;   Fast loading /fsys4/u/sgwoods/qcsp/memory-csp.fasl.
T
USER(5): USER(5): **** Noise 0500 ****
"**** Noise 0500 ****"
USER(6): 
NIL
USER(7): 
NIL
USER(8): > Reload situation from existing file.  < ADT-Situation/Sit-q-i2-dist1-default-500 > 
> Opened existing situation file.  < #<CHARACTER-INPUT-FILE-STREAM
                                       #p"/fsys4/u/sgwoods/qcsp/ADT-Situation/Sit-q-i2-dist1-default-500" pos 0> > 
> Opening output file/stream for :  < New-Batch/fcdr-dist1-0500.1 > 
 File Closed (at 1). 

; cpu time (non-gc) 20,720 msec user, 100 msec system
; cpu time (gc)     590 msec user, 50 msec system
; cpu time (total)  21,310 msec user, 150 msec system
; real time  21,798 msec
; space allocation:
 448,601 cons cells,;  927 symbols, 4,357,824 other bytes
(((Q1-I ADTQ2-I) (Q1-B ADTQ2-B) (Q1-G ADTQ2-G) (Q1-A ADTQ2-A) (Q1-F ADTQ2-F)
  (Q1-H ADTQ2-H) (Q1-C ADTQ2-C) (Q1-D ADTQ2-D) (Q1-E ADTQ2-E))
 ((Q1-I ADTQ1-I) (Q1-B ADTQ1-B) (Q1-A ADTQ1-A) (Q1-G ADTQ1-G) (Q1-F ADTQ1-F)
  (Q1-H ADTQ1-H) (Q1-C ADTQ1-C) (Q1-D ADTQ1-D) (Q1-E ADTQ1-E)))
USER(9): USER(9): > Initializing a new case 
 
> Open file: Saving new generated situation. 
 
> Opening output file/stream for :  < New-Batch/fcdr-dist1-0500.2 > 
 File Closed (at 1). 

; cpu time (non-gc) 19,810 msec user, 110 msec system
; cpu time (gc)     930 msec user, 30 msec system
; cpu time (total)  20,740 msec user, 140 msec system
; real time  27,246 msec
; space allocation:
 2,020,762 cons cells,;  885 symbols, 4,163,880 other bytes
(((Q1-F ADTQ2-F) (Q1-A ADTQ2-A) (Q1-G ADTQ2-G) (Q1-B ADTQ2-B) (Q1-I ADTQ2-I)
  (Q1-H ADTQ2-H) (Q1-C ADTQ2-C) (Q1-D ADTQ2-D) (Q1-E ADTQ2-E))
 ((Q1-F ADTQ1-F) (Q1-A ADTQ1-A) (Q1-G ADTQ1-G) (Q1-B ADTQ1-B) (Q1-H ADTQ1-H)
  (Q1-I ADTQ1-I) (Q1-C ADTQ1-C) (Q1-D ADTQ1-D) (Q1-E ADTQ1-E)))
USER(10): USER(10): > Initializing a new case 
 
> Open file: Saving new generated situation. 
 
> Opening output file/stream for :  < New-Batch/fcdr-dist1-0500.3 > 
 File Closed (at 1). 

; cpu time (non-gc) 21,300 msec user, 100 msec system
; cpu time (gc)     780 msec user, 10 msec system
; cpu time (total)  22,080 msec user, 110 msec system
; real time  25,154 msec
; space allocation:
 1,691,388 cons cells,;  861 symbols, 4,703,112 other bytes
(((Q1-I ADTQ2-I) (Q1-B ADTQ2-B) (Q1-G ADTQ2-G) (Q1-A ADTQ2-A) (Q1-F ADTQ2-F)
  (Q1-H ADTQ2-H) (Q1-C ADTQ2-C) (Q1-D ADTQ2-D) (Q1-E ADTQ2-E))
 ((Q1-I ADTQ1-I) (Q1-B ADTQ1-B) (Q1-G ADTQ1-G) (Q1-A ADTQ1-A) (Q1-F ADTQ1-F)
  (Q1-H ADTQ1-H) (Q1-C ADTQ1-C) (Q1-D ADTQ1-D) (Q1-E ADTQ1-E)))
USER(11): USER(11): > Initializing a new case 
 
> Open file: Saving new generated situation. 
 
> Opening output file/stream for :  < New-Batch/fcdr-dist1-0500.4 > 
 File Closed (at 1). 

; cpu time (non-gc) 25,310 msec user, 30 msec system
; cpu time (gc)     810 msec user, 0 msec system
; cpu time (total)  26,120 msec user, 30 msec system
; real time  49,588 msec
; space allocation:
 1,784,658 cons cells,;  874 symbols, 5,239,000 other bytes
(((Q1-I ADTQ2-I) (Q1-B ADTQ2-B) (Q1-G ADTQ2-G) (Q1-F ADTQ2-F) (Q1-H ADTQ2-H)
  (Q1-C ADTQ2-C) (Q1-A ADTQ2-A) (Q1-D ADTQ2-D) (Q1-E ADTQ2-E))
 ((Q1-I ADTQ1-I) (Q1-B ADTQ1-B) (Q1-G ADTQ1-G) (Q1-F ADTQ1-F) (Q1-H ADTQ1-H)
  (Q1-C ADTQ1-C) (Q1-D ADTQ1-D) (Q1-A ADTQ1-A) (Q1-E ADTQ1-E)))
USER(12): USER(12): > Initializing a new case 
 
> Open file: Saving new generated situation. 
 
> Opening output file/stream for :  < New-Batch/fcdr-dist1-0500.5 > 
 File Closed (at 1). 

; cpu time (non-gc) 34,780 msec user, 90 msec system
; cpu time (gc)     860 msec user, 50 msec system
; cpu time (total)  35,640 msec user, 140 msec system
; real time  97,467 msec (00:01:37.467)
; space allocation:
 2,034,100 cons cells,;  927 symbols, 7,215,936 other bytes
(((Q1-G ADTQ2-G) (Q1-B ADTQ2-B) (Q1-A ADTQ2-A) (Q1-F ADTQ2-F) (Q1-I ADTQ2-I)
  (Q1-H ADTQ2-H) (Q1-C ADTQ2-C) (Q1-D ADTQ2-D) (Q1-E ADTQ2-E))
 ((Q1-G ADTQ1-G) (Q1-B ADTQ1-B) (Q1-A ADTQ1-A) (Q1-F ADTQ1-F) (Q1-I ADTQ1-I)
  (Q1-H ADTQ1-H) (Q1-C ADTQ1-C) (Q1-D ADTQ1-D) (Q1-E ADTQ1-E)))
USER(13): USER(13): > Initializing a new case 
 
> Open file: Saving new generated situation. 
 
> Opening output file/stream for :  < New-Batch/fcdr-dist1-0500.6 > 
 File Closed (at 1). 

; cpu time (non-gc) 19,460 msec user, 70 msec system
; cpu time (gc)     890 msec user, 10 msec system
; cpu time (total)  20,350 msec user, 80 msec system
; real time  34,704 msec
; space allocation:
 2,018,857 cons cells,;  885 symbols, 4,154,552 other bytes
(((Q1-F ADTQ2-F) (Q1-A ADTQ2-A) (Q1-G ADTQ2-G) (Q1-B ADTQ2-B) (Q1-I ADTQ2-I)
  (Q1-H ADTQ2-H) (Q1-C ADTQ2-C) (Q1-D ADTQ2-D) (Q1-E ADTQ2-E))
 ((Q1-F ADTQ1-F) (Q1-A ADTQ1-A) (Q1-G ADTQ1-G) (Q1-B ADTQ1-B) (Q1-H ADTQ1-H)
  (Q1-I ADTQ1-I) (Q1-C ADTQ1-C) (Q1-D ADTQ1-D) (Q1-E ADTQ1-E)))
USER(14): USER(14): > Initializing a new case 
 
> Open file: Saving new generated situation. 
 
> Opening output file/stream for :  < New-Batch/fcdr-dist1-0500.7 > 
 File Closed (at 1). 

; cpu time (non-gc) 25,250 msec user, 100 msec system
; cpu time (gc)     950 msec user, 0 msec system
; cpu time (total)  26,200 msec user, 100 msec system
; real time  29,567 msec
; space allocation:
 1,797,078 cons cells,;  911 symbols, 5,274,800 other bytes
(((Q1-G ADTQ2-G) (Q1-B ADTQ2-B) (Q1-F ADTQ2-F) (Q1-I ADTQ2-I) (Q1-H ADTQ2-H)
  (Q1-A ADTQ2-A) (Q1-C ADTQ2-C) (Q1-D ADTQ2-D) (Q1-E ADTQ2-E))
 ((Q1-G ADTQ1-G) (Q1-B ADTQ1-B) (Q1-F ADTQ1-F) (Q1-I ADTQ1-I) (Q1-H ADTQ1-H)
  (Q1-A ADTQ1-A) (Q1-C ADTQ1-C) (Q1-D ADTQ1-D) (Q1-E ADTQ1-E)))
USER(15): USER(15): > Initializing a new case 
 
> Open file: Saving new generated situation. 
 
> Opening output file/stream for :  < New-Batch/fcdr-dist1-0500.8 > 
 File Closed (at 1). 

; cpu time (non-gc) 24,730 msec user, 80 msec system
; cpu time (gc)     850 msec user, 40 msec system
; cpu time (total)  25,580 msec user, 120 msec system
; real time  48,510 msec
; space allocation:
 2,396,422 cons cells,;  900 symbols, 5,819,856 other bytes
(((Q1-H ADTQ2-H) (Q1-C ADTQ2-C) (Q1-F ADTQ2-F) (Q1-A ADTQ2-A) (Q1-B ADTQ2-B)
  (Q1-G ADTQ2-G) (Q1-I ADTQ2-I) (Q1-D ADTQ2-D) (Q1-E ADTQ2-E))
 ((Q1-H ADTQ1-H) (Q1-C ADTQ1-C) (Q1-F ADTQ1-F) (Q1-A ADTQ1-A) (Q1-D ADTQ1-D)
  (Q1-E ADTQ1-E) (Q1-B ADTQ1-B) (Q1-I ADTQ1-I) (Q1-G ADTQ1-G)))
USER(16): USER(16): > Initializing a new case 
 
> Open file: Saving new generated situation. 
 
> Opening output file/stream for :  < New-Batch/fcdr-dist1-0500.9 > 
 File Closed (at 1). 

; cpu time (non-gc) 49,480 msec user, 90 msec system
; cpu time (gc)     1,060 msec user, 50 msec system
; cpu time (total)  50,540 msec user, 140 msec system
; real time  77,054 msec (00:01:17.054)
; space allocation:
 2,399,381 cons cells,;  911 symbols, 14,306,872 other bytes
(((Q1-E ADTQ2-E) (Q1-D ADTQ2-D) (Q1-C ADTQ2-C) (Q1-H ADTQ2-H) (Q1-F ADTQ2-F)
  (Q1-B ADTQ2-B) (Q1-A ADTQ2-A) (Q1-I ADTQ2-I) (Q1-G ADTQ2-G))
 ((Q1-E ADTQ1-E) (Q1-D ADTQ1-D) (Q1-C ADTQ1-C) (Q1-H ADTQ1-H) (Q1-F ADTQ1-F)
  (Q1-A ADTQ1-A) (Q1-B ADTQ1-B) (Q1-G ADTQ1-G) (Q1-I ADTQ1-I)))
USER(17): USER(17): > Initializing a new case 
 
> Open file: Saving new generated situation. 
 
> Opening output file/stream for :  < New-Batch/fcdr-dist1-0500.99 > 
 File Closed (at 1). 

; cpu time (non-gc) 17,200 msec user, 70 msec system
; cpu time (gc)     830 msec user, 20 msec system
; cpu time (total)  18,030 msec user, 90 msec system
; real time  29,329 msec
; space allocation:
 1,922,946 cons cells,;  894 symbols, 3,557,496 other bytes
(((Q1-F ADTQ2-F) (Q1-A ADTQ2-A) (Q1-B ADTQ2-B) (Q1-G ADTQ2-G) (Q1-I ADTQ2-I)
  (Q1-H ADTQ2-H) (Q1-C ADTQ2-C) (Q1-D ADTQ2-D) (Q1-E ADTQ2-E))
 ((Q1-F ADTQ1-F) (Q1-A ADTQ1-A) (Q1-B ADTQ1-B) (Q1-G ADTQ1-G) (Q1-I ADTQ1-I)
  (Q1-H ADTQ1-H) (Q1-C ADTQ1-C) (Q1-D ADTQ1-D) (Q1-E ADTQ1-E)))
USER(18): ; Exiting Lisp
