Allegro CL 4.2 [SPARC; R1] (2/1/95 11:34)
Copyright (C) 1985-1993, Franz Inc., Berkeley, CA, USA.  All Rights Reserved.
;   Loading /fsys4/u/sgwoods/qcsp/load.lisp.
;     Fast loading /fsys4/u/sgwoods/qcsp/bm.fasl.
;     Fast loading /fsys4/u/sgwoods/qcsp/bt.fasl.
;     Fast loading /fsys4/u/sgwoods/qcsp/ct.fasl.
;     Fast loading /fsys4/u/sgwoods/qcsp/gsat.fasl.
;     Fast loading /fsys4/u/sgwoods/qcsp/utility.fasl.
;     Loading /fsys4/u/sgwoods/qcsp/compile.lisp.
;     Fast loading /fsys4/u/sgwoods/qcsp/quilici-search.fasl.
Warning: GETVAL, :OPERATOR was defined in /fsys4/u/sgwoods/qcsp/gsat.lisp and
         is now being defined in /fsys4/u/sgwoods/qcsp/quilici-search.lisp
;     Fast loading /fsys4/u/sgwoods/qcsp/adt-simple.fasl.
;     Fast loading /fsys4/u/sgwoods/qcsp/adt-setup.fasl.
;     Fast loading /fsys4/u/sgwoods/qcsp/memory-csp.fasl.
;; Optimization settings: safety 1, space 1, speed 1, debug 2
;; For a complete description of all compiler switches given the current
;; optimization settings evaluate (EXPLAIN-COMPILER-SETTINGS).
USER(1): USER(1): New Test Run: 1000, q-i2, FCDR, Dist1
"New Test Run: 1000, q-i2, FCDR, Dist1"
USER(2): 
NIL
USER(3): 
NIL
USER(4): ; Loading /fsys4/u/sgwoods/qcsp/load.lisp.
;   Fast loading /fsys4/u/sgwoods/qcsp/bm.fasl.
;   Fast loading /fsys4/u/sgwoods/qcsp/bt.fasl.
;   Fast loading /fsys4/u/sgwoods/qcsp/ct.fasl.
;   Fast loading /fsys4/u/sgwoods/qcsp/gsat.fasl.
Warning: GETVAL, :OPERATOR was defined in
         /fsys4/u/sgwoods/qcsp/quilici-search.lisp and is now being defined in
         /fsys4/u/sgwoods/qcsp/gsat.lisp
;   Fast loading /fsys4/u/sgwoods/qcsp/utility.fasl.
;   Loading /fsys4/u/sgwoods/qcsp/compile.lisp.
;   Fast loading /fsys4/u/sgwoods/qcsp/quilici-search.fasl.
Warning: GETVAL, :OPERATOR was defined in /fsys4/u/sgwoods/qcsp/gsat.lisp and
         is now being defined in /fsys4/u/sgwoods/qcsp/quilici-search.lisp
;   Fast loading /fsys4/u/sgwoods/qcsp/adt-simple.fasl.
;   Fast loading /fsys4/u/sgwoods/qcsp/adt-setup.fasl.
;   Fast loading /fsys4/u/sgwoods/qcsp/memory-csp.fasl.
T
USER(5): USER(5): **** Noise 1000 ****
"**** Noise 1000 ****"
USER(6): 
NIL
USER(7): 
NIL
USER(8): > Reload situation from existing file.  < ADT-Situation/Sit-q-i2-dist1-default-1000 > 
> Opened existing situation file.  < #<CHARACTER-INPUT-FILE-STREAM
                                       #p"/fsys4/u/sgwoods/qcsp/ADT-Situation/Sit-q-i2-dist1-default-1000" pos 0> > 
> Opening output file/stream for :  < New-Batch/fcdr-dist1-1000.1 > 
 File Closed (at 1). 

; cpu time (non-gc) 106,950 msec (00:01:46.950) user, 130 msec system
; cpu time (gc)     990 msec user, 20 msec system
; cpu time (total)  107,940 msec (00:01:47.940) user, 150 msec system
; real time  187,586 msec (00:03:07.586)
; space allocation:
 2,325,303 cons cells,;  1,871 symbols, 13,976,608 other bytes
(((Q1-I ADTQ2-I) (Q1-B ADTQ2-B) (Q1-G ADTQ2-G) (Q1-A ADTQ2-A) (Q1-F ADTQ2-F)
  (Q1-H ADTQ2-H) (Q1-C ADTQ2-C) (Q1-D ADTQ2-D) (Q1-E ADTQ2-E))
 ((Q1-I ADTQ1-I) (Q1-B ADTQ1-B) (Q1-A ADTQ1-A) (Q1-G ADTQ1-G) (Q1-F ADTQ1-F)
  (Q1-H ADTQ1-H) (Q1-C ADTQ1-C) (Q1-D ADTQ1-D) (Q1-E ADTQ1-E)))
USER(9): USER(9): > Initializing a new case 
 
> Open file: Saving new generated situation. 
 
> Opening output file/stream for :  < New-Batch/fcdr-dist1-1000.2 > 
 File Closed (at 1). 

; cpu time (non-gc) 75,610 msec (00:01:15.610) user, 190 msec system
; cpu time (gc)     1,600 msec user, 30 msec system
; cpu time (total)  77,210 msec (00:01:17.210) user, 220 msec system
; real time  125,039 msec (00:02:05.039)
; space allocation:
 5,183,273 cons cells,;  1,835 symbols, 9,948,072 other bytes
(((Q1-B ADTQ2-B) (Q1-I ADTQ2-I) (Q1-G ADTQ2-G) (Q1-A ADTQ2-A) (Q1-F ADTQ2-F)
  (Q1-H ADTQ2-H) (Q1-C ADTQ2-C) (Q1-D ADTQ2-D) (Q1-E ADTQ2-E))
 ((Q1-B ADTQ1-B) (Q1-I ADTQ1-I) (Q1-G ADTQ1-G) (Q1-A ADTQ1-A) (Q1-F ADTQ1-F)
  (Q1-H ADTQ1-H) (Q1-C ADTQ1-C) (Q1-D ADTQ1-D) (Q1-E ADTQ1-E)))
USER(10): USER(10): > Initializing a new case 
 
> Open file: Saving new generated situation. 
 
> Opening output file/stream for :  < New-Batch/fcdr-dist1-1000.3 > 
 File Closed (at 1). 

; cpu time (non-gc) 68,920 msec (00:01:08.920) user, 170 msec system
; cpu time (gc)     1,620 msec user, 30 msec system
; cpu time (total)  70,540 msec (00:01:10.540) user, 200 msec system
; real time  122,060 msec (00:02:02.060)
; space allocation:
 6,264,611 cons cells,;  1,756 symbols, 10,947,392 other bytes
(((Q1-F ADTQ2-F) (Q1-H ADTQ2-H) (Q1-B ADTQ2-B) (Q1-I ADTQ2-I) (Q1-A ADTQ2-A)
  (Q1-C ADTQ2-C) (Q1-G ADTQ2-G) (Q1-D ADTQ2-D) (Q1-E ADTQ2-E))
 ((Q1-F ADTQ1-F) (Q1-H ADTQ1-H) (Q1-B ADTQ1-B) (Q1-I ADTQ1-I) (Q1-A ADTQ1-A)
  (Q1-C ADTQ1-C) (Q1-G ADTQ1-G) (Q1-D ADTQ1-D) (Q1-E ADTQ1-E)))
USER(11): USER(11): > Initializing a new case 
 
> Open file: Saving new generated situation. 
 
> Opening output file/stream for :  < New-Batch/fcdr-dist1-1000.4 > 
 File Closed (at 1). 

; cpu time (non-gc) 267,330 msec (00:04:27.330) user, 140 msec system
; cpu time (gc)     2,870 msec user, 20 msec system
; cpu time (total)  270,200 msec (00:04:30.200) user, 160 msec system
; real time  511,399 msec (00:08:31.399)
; space allocation:
 7,815,821 cons cells,;  1,772 symbols, 49,788,472 other bytes
(((Q1-E ADTQ2-E) (Q1-D ADTQ2-D) (Q1-C ADTQ2-C) (Q1-H ADTQ2-H) (Q1-F ADTQ2-F)
  (Q1-A ADTQ2-A) (Q1-B ADTQ2-B) (Q1-G ADTQ2-G) (Q1-I ADTQ2-I))
 ((Q1-E ADTQ1-E) (Q1-D ADTQ1-D) (Q1-C ADTQ1-C) (Q1-H ADTQ1-H) (Q1-F ADTQ1-F)
  (Q1-A ADTQ1-A) (Q1-B ADTQ1-B) (Q1-G ADTQ1-G) (Q1-I ADTQ1-I)))
USER(12): USER(12): > Initializing a new case 
 
> Open file: Saving new generated situation. 
 
> Opening output file/stream for :  < New-Batch/fcdr-dist1-1000.5 > 
 File Closed (at 1). 

; cpu time (non-gc) 72,150 msec (00:01:12.150) user, 120 msec system
; cpu time (gc)     1,880 msec user, 20 msec system
; cpu time (total)  74,030 msec (00:01:14.030) user, 140 msec system
; real time  118,898 msec (00:01:58.898)
; space allocation:
 7,538,010 cons cells,;  1,842 symbols, 10,153,048 other bytes
(((Q1-F ADTQ2-F) (Q1-A ADTQ2-A) (Q1-H ADTQ2-H) (Q1-B ADTQ2-B) (Q1-I ADTQ2-I)
  (Q1-G ADTQ2-G) (Q1-C ADTQ2-C) (Q1-D ADTQ2-D) (Q1-E ADTQ2-E))
 ((Q1-F ADTQ1-F) (Q1-A ADTQ1-A) (Q1-H ADTQ1-H) (Q1-B ADTQ1-B) (Q1-I ADTQ1-I)
  (Q1-G ADTQ1-G) (Q1-C ADTQ1-C) (Q1-D ADTQ1-D) (Q1-E ADTQ1-E)))
USER(13): USER(13): > Initializing a new case 
 
> Open file: Saving new generated situation. 
 
> Opening output file/stream for :  < New-Batch/fcdr-dist1-1000.6 > 
 File Closed (at 1). 

; cpu time (non-gc) 75,730 msec (00:01:15.730) user, 80 msec system
; cpu time (gc)     1,760 msec user, 20 msec system
; cpu time (total)  77,490 msec (00:01:17.490) user, 100 msec system
; real time  104,466 msec (00:01:44.466)
; space allocation:
 5,179,571 cons cells,;  1,835 symbols, 9,916,072 other bytes
(((Q1-B ADTQ2-B) (Q1-I ADTQ2-I) (Q1-G ADTQ2-G) (Q1-A ADTQ2-A) (Q1-F ADTQ2-F)
  (Q1-H ADTQ2-H) (Q1-C ADTQ2-C) (Q1-D ADTQ2-D) (Q1-E ADTQ2-E))
 ((Q1-B ADTQ1-B) (Q1-I ADTQ1-I) (Q1-G ADTQ1-G) (Q1-A ADTQ1-A) (Q1-F ADTQ1-F)
  (Q1-H ADTQ1-H) (Q1-C ADTQ1-C) (Q1-D ADTQ1-D) (Q1-E ADTQ1-E)))
USER(14): USER(14): > Initializing a new case 
 
> Open file: Saving new generated situation. 
 
> Opening output file/stream for :  < New-Batch/fcdr-dist1-1000.7 > 
 File Closed (at 1). 

; cpu time (non-gc) 81,810 msec (00:01:21.810) user, 120 msec system
; cpu time (gc)     2,920 msec user, 10 msec system
; cpu time (total)  84,730 msec (00:01:24.730) user, 130 msec system
; real time  126,569 msec (00:02:06.569)
; space allocation:
 7,200,495 cons cells,;  1,832 symbols, 12,346,168 other bytes
(((Q1-H ADTQ2-H) (Q1-F ADTQ2-F) (Q1-A ADTQ2-A) (Q1-B ADTQ2-B) (Q1-G ADTQ2-G)
  (Q1-I ADTQ2-I) (Q1-C ADTQ2-C) (Q1-D ADTQ2-D) (Q1-E ADTQ2-E))
 ((Q1-H ADTQ1-H) (Q1-F ADTQ1-F) (Q1-A ADTQ1-A) (Q1-B ADTQ1-B) (Q1-G ADTQ1-G)
  (Q1-I ADTQ1-I) (Q1-C ADTQ1-C) (Q1-D ADTQ1-D) (Q1-E ADTQ1-E)))
USER(15): USER(15): > Initializing a new case 
 
> Open file: Saving new generated situation. 
 
> Opening output file/stream for :  < New-Batch/fcdr-dist1-1000.8 > 
 File Closed (at 1). 

; cpu time (non-gc) 57,480 msec user, 90 msec system
; cpu time (gc)     1,990 msec user, 50 msec system
; cpu time (total)  59,470 msec user, 140 msec system
; real time  86,458 msec (00:01:26.458)
; space allocation:
 4,242,727 cons cells,;  1,798 symbols, 7,819,096 other bytes
(((Q1-B ADTQ2-B) (Q1-I ADTQ2-I) (Q1-G ADTQ2-G) (Q1-F ADTQ2-F) (Q1-H ADTQ2-H)
  (Q1-C ADTQ2-C) (Q1-A ADTQ2-A) (Q1-D ADTQ2-D) (Q1-E ADTQ2-E))
 ((Q1-B ADTQ1-B) (Q1-I ADTQ1-I) (Q1-G ADTQ1-G) (Q1-F ADTQ1-F) (Q1-H ADTQ1-H)
  (Q1-C ADTQ1-C) (Q1-A ADTQ1-A) (Q1-D ADTQ1-D) (Q1-E ADTQ1-E)))
USER(16): USER(16): > Initializing a new case 
 
> Open file: Saving new generated situation. 
 
> Opening output file/stream for :  < New-Batch/fcdr-dist1-1000.9 > 
 File Closed (at 1). 

; cpu time (non-gc) 100,030 msec (00:01:40.030) user, 150 msec system
; cpu time (gc)     1,970 msec user, 40 msec system
; cpu time (total)  102,000 msec (00:01:42) user, 190 msec system
; real time  166,688 msec (00:02:46.688)
; space allocation:
 5,105,546 cons cells,;  1,810 symbols, 14,194,912 other bytes
(((Q1-I ADTQ2-I) (Q1-B ADTQ2-B) (Q1-G ADTQ2-G) (Q1-F ADTQ2-F) (Q1-A ADTQ2-A)
  (Q1-H ADTQ2-H) (Q1-C ADTQ2-C) (Q1-D ADTQ2-D) (Q1-E ADTQ2-E))
 ((Q1-I ADTQ1-I) (Q1-B ADTQ1-B) (Q1-G ADTQ1-G) (Q1-A ADTQ1-A) (Q1-F ADTQ1-F)
  (Q1-H ADTQ1-H) (Q1-C ADTQ1-C) (Q1-D ADTQ1-D) (Q1-E ADTQ1-E)))
USER(17): USER(17): > Initializing a new case 
 
> Open file: Saving new generated situation. 
 
> Opening output file/stream for :  < New-Batch/fcdr-dist1-1000.99 > 
 File Closed (at 1). 

; cpu time (non-gc) 96,550 msec (00:01:36.550) user, 150 msec system
; cpu time (gc)     2,390 msec user, 50 msec system
; cpu time (total)  98,940 msec (00:01:38.940) user, 200 msec system
; real time  155,468 msec (00:02:35.468)
; space allocation:
 4,714,934 cons cells,;  1,820 symbols, 14,311,184 other bytes
(((Q1-I ADTQ2-I) (Q1-B ADTQ2-B) (Q1-G ADTQ2-G) (Q1-A ADTQ2-A) (Q1-F ADTQ2-F)
  (Q1-H ADTQ2-H) (Q1-C ADTQ2-C) (Q1-D ADTQ2-D) (Q1-E ADTQ2-E))
 ((Q1-I ADTQ1-I) (Q1-B ADTQ1-B) (Q1-G ADTQ1-G) (Q1-F ADTQ1-F) (Q1-H ADTQ1-H)
  (Q1-C ADTQ1-C) (Q1-A ADTQ1-A) (Q1-D ADTQ1-D) (Q1-E ADTQ1-E)))
USER(18): ; Exiting Lisp
