Allegro CL 4.2 [SPARC; R1] (2/1/95 11:34)
Copyright (C) 1985-1993, Franz Inc., Berkeley, CA, USA.  All Rights Reserved.
;   Loading /fsys4/u/sgwoods/qcsp/load.lisp.
;     Fast loading /fsys4/u/sgwoods/qcsp/bm.fasl.
;     Fast loading /fsys4/u/sgwoods/qcsp/bt.fasl.
;     Fast loading /fsys4/u/sgwoods/qcsp/ct.fasl.
;     Fast loading /fsys4/u/sgwoods/qcsp/gsat.fasl.
;     Fast loading /fsys4/u/sgwoods/qcsp/utility.fasl.
;     Loading /fsys4/u/sgwoods/qcsp/compile.lisp.
;     Fast loading /fsys4/u/sgwoods/qcsp/quilici-search.fasl.
Warning: GETVAL, :OPERATOR was defined in /fsys4/u/sgwoods/qcsp/gsat.lisp and
         is now being defined in /fsys4/u/sgwoods/qcsp/quilici-search.lisp
;     Fast loading /fsys4/u/sgwoods/qcsp/adt-simple.fasl.
;     Fast loading /fsys4/u/sgwoods/qcsp/adt-setup.fasl.
;     Fast loading /fsys4/u/sgwoods/qcsp/memory-csp.fasl.
;; Optimization settings: safety 1, space 1, speed 1, debug 2
;; For a complete description of all compiler switches given the current
;; optimization settings evaluate (EXPLAIN-COMPILER-SETTINGS).
USER(1): USER(1): New Test Run: 2000, q-i2, FCDR, Dist1
"New Test Run: 2000, q-i2, FCDR, Dist1"
USER(2): 
NIL
USER(3): 
NIL
USER(4): ; Loading /fsys4/u/sgwoods/qcsp/load.lisp.
;   Fast loading /fsys4/u/sgwoods/qcsp/bm.fasl.
;   Fast loading /fsys4/u/sgwoods/qcsp/bt.fasl.
;   Fast loading /fsys4/u/sgwoods/qcsp/ct.fasl.
;   Fast loading /fsys4/u/sgwoods/qcsp/gsat.fasl.
Warning: GETVAL, :OPERATOR was defined in
         /fsys4/u/sgwoods/qcsp/quilici-search.lisp and is now being defined in
         /fsys4/u/sgwoods/qcsp/gsat.lisp
;   Fast loading /fsys4/u/sgwoods/qcsp/utility.fasl.
;   Loading /fsys4/u/sgwoods/qcsp/compile.lisp.
;   Fast loading /fsys4/u/sgwoods/qcsp/quilici-search.fasl.
Warning: GETVAL, :OPERATOR was defined in /fsys4/u/sgwoods/qcsp/gsat.lisp and
         is now being defined in /fsys4/u/sgwoods/qcsp/quilici-search.lisp
;   Fast loading /fsys4/u/sgwoods/qcsp/adt-simple.fasl.
;   Fast loading /fsys4/u/sgwoods/qcsp/adt-setup.fasl.
;   Fast loading /fsys4/u/sgwoods/qcsp/memory-csp.fasl.
T
USER(5): USER(5): **** Noise 2000 ****
"**** Noise 2000 ****"
USER(6): 
NIL
USER(7): 
NIL
USER(8): > Reload situation from existing file.  < ADT-Situation/Sit-q-i2-dist1-default-2000 > 
> Opened existing situation file.  < #<CHARACTER-INPUT-FILE-STREAM
                                       #p"/fsys4/u/sgwoods/qcsp/ADT-Situation/Sit-q-i2-dist1-default-2000" pos 0> > 
> Opening output file/stream for :  < New-Batch/fcdr-dist1-2000.1 > 
 File Closed (at 1). 

; cpu time (non-gc) 636,740 msec (00:10:36.740) user, 310 msec system
; cpu time (gc)     2,560 msec user, 90 msec system
; cpu time (total)  639,300 msec (00:10:39.300) user, 400 msec system
; real time  979,834 msec (00:16:19.834)
; space allocation:
 12,560,915 cons cells,;  3,608 symbols, 47,474,040 other bytes
(((Q1-I ADTQ2-I) (Q1-B ADTQ2-B) (Q1-G ADTQ2-G) (Q1-A ADTQ2-A) (Q1-F ADTQ2-F)
  (Q1-H ADTQ2-H) (Q1-C ADTQ2-C) (Q1-D ADTQ2-D) (Q1-E ADTQ2-E))
 ((Q1-I ADTQ1-I) (Q1-B ADTQ1-B) (Q1-A ADTQ1-A) (Q1-G ADTQ1-G) (Q1-F ADTQ1-F)
  (Q1-H ADTQ1-H) (Q1-C ADTQ1-C) (Q1-D ADTQ1-D) (Q1-E ADTQ1-E)))
USER(9): USER(9): > Initializing a new case 
 
> Open file: Saving new generated situation. 
 
> Opening output file/stream for :  < New-Batch/fcdr-dist1-2000.2 > 
 File Closed (at 1). 

; cpu time (non-gc) 748,650 msec (00:12:28.650) user, 410 msec system
; cpu time (gc)     4,760 msec user, 80 msec system
; cpu time (total)  753,410 msec (00:12:33.410) user, 490 msec system
; real time  1,177,264 msec (00:19:37.264)
; space allocation:
 20,071,766 cons cells,;  3,656 symbols, 54,921,128 other bytes
(((Q1-I ADTQ2-I) (Q1-B ADTQ2-B) (Q1-G ADTQ2-G) (Q1-A ADTQ2-A) (Q1-F ADTQ2-F)
  (Q1-H ADTQ2-H) (Q1-C ADTQ2-C) (Q1-D ADTQ2-D) (Q1-E ADTQ2-E))
 ((Q1-I ADTQ1-I) (Q1-B ADTQ1-B) (Q1-A ADTQ1-A) (Q1-G ADTQ1-G) (Q1-F ADTQ1-F)
  (Q1-H ADTQ1-H) (Q1-C ADTQ1-C) (Q1-D ADTQ1-D) (Q1-E ADTQ1-E)))
USER(10): USER(10): > Initializing a new case 
 
> Open file: Saving new generated situation. 
 
> Opening output file/stream for :  < New-Batch/fcdr-dist1-2000.3 > 
 File Closed (at 1). 

; cpu time (non-gc) 547,570 msec (00:09:07.570) user, 170 msec system
; cpu time (gc)     7,350 msec user, 30 msec system
; cpu time (total)  554,920 msec (00:09:14.920) user, 200 msec system
; real time  882,356 msec (00:14:42.356)
; space allocation:
 23,571,280 cons cells,;  3,513 symbols, 51,704,304 other bytes
(((Q1-C ADTQ2-C) (Q1-H ADTQ2-H) (Q1-F ADTQ2-F) (Q1-B ADTQ2-B) (Q1-I ADTQ2-I)
  (Q1-A ADTQ2-A) (Q1-D ADTQ2-D) (Q1-E ADTQ2-E) (Q1-G ADTQ2-G))
 ((Q1-C ADTQ1-C) (Q1-H ADTQ1-H) (Q1-F ADTQ1-F) (Q1-A ADTQ1-A) (Q1-B ADTQ1-B)
  (Q1-G ADTQ1-G) (Q1-D ADTQ1-D) (Q1-E ADTQ1-E) (Q1-I ADTQ1-I)))
USER(11): USER(11): > Initializing a new case 
 
> Open file: Saving new generated situation. 
 
> Opening output file/stream for :  < New-Batch/fcdr-dist1-2000.4 > 
 File Closed (at 1). 

; cpu time (non-gc) 474,430 msec (00:07:54.430) user, 240 msec system
; cpu time (gc)     6,610 msec user, 190 msec system
; cpu time (total)  481,040 msec (00:08:01.040) user, 430 msec system
; real time  753,126 msec (00:12:33.126)
; space allocation:
 38,137,091 cons cells,;  3,533 symbols, 43,162,704 other bytes
(((Q1-H ADTQ2-H) (Q1-C ADTQ2-C) (Q1-F ADTQ2-F) (Q1-A ADTQ2-A) (Q1-G ADTQ2-G)
  (Q1-B ADTQ2-B) (Q1-I ADTQ2-I) (Q1-D ADTQ2-D) (Q1-E ADTQ2-E))
 ((Q1-H ADTQ1-H) (Q1-C ADTQ1-C) (Q1-F ADTQ1-F) (Q1-A ADTQ1-A) (Q1-G ADTQ1-G)
  (Q1-B ADTQ1-B) (Q1-I ADTQ1-I) (Q1-D ADTQ1-D) (Q1-E ADTQ1-E)))
USER(12): USER(12): > Initializing a new case 
 
> Open file: Saving new generated situation. 
 
> Opening output file/stream for :  < New-Batch/fcdr-dist1-2000.5 > 
 File Closed (at 1). 

; cpu time (non-gc) 244,660 msec (00:04:04.660) user, 300 msec system
; cpu time (gc)     5,490 msec user, 80 msec system
; cpu time (total)  250,150 msec (00:04:10.150) user, 380 msec system
; real time  312,049 msec (00:05:12.049)
; space allocation:
 19,410,051 cons cells,;  3,631 symbols, 17,446,416 other bytes
(((Q1-A ADTQ2-A) (Q1-F ADTQ2-F) (Q1-G ADTQ2-G) (Q1-H ADTQ2-H) (Q1-B ADTQ2-B)
  (Q1-C ADTQ2-C) (Q1-D ADTQ2-D) (Q1-I ADTQ2-I) (Q1-E ADTQ2-E))
 ((Q1-A ADTQ1-A) (Q1-F ADTQ1-F) (Q1-G ADTQ1-G) (Q1-H ADTQ1-H) (Q1-B ADTQ1-B)
  (Q1-C ADTQ1-C) (Q1-I ADTQ1-I) (Q1-D ADTQ1-D) (Q1-E ADTQ1-E)))
USER(13): USER(13): > Initializing a new case 
 
> Open file: Saving new generated situation. 
 
> Opening output file/stream for :  < New-Batch/fcdr-dist1-2000.6 > 
 File Closed (at 1). 

; cpu time (non-gc) 731,190 msec (00:12:11.190) user, 310 msec system
; cpu time (gc)     10,100 msec user, 110 msec system
; cpu time (total)  741,290 msec (00:12:21.290) user, 420 msec system
; real time  1,288,683 msec (00:21:28.683)
; space allocation:
 20,064,676 cons cells,;  3,656 symbols, 54,921,288 other bytes
(((Q1-I ADTQ2-I) (Q1-B ADTQ2-B) (Q1-G ADTQ2-G) (Q1-A ADTQ2-A) (Q1-F ADTQ2-F)
  (Q1-H ADTQ2-H) (Q1-C ADTQ2-C) (Q1-D ADTQ2-D) (Q1-E ADTQ2-E))
 ((Q1-I ADTQ1-I) (Q1-B ADTQ1-B) (Q1-A ADTQ1-A) (Q1-G ADTQ1-G) (Q1-F ADTQ1-F)
  (Q1-H ADTQ1-H) (Q1-C ADTQ1-C) (Q1-D ADTQ1-D) (Q1-E ADTQ1-E)))
USER(14): USER(14): > Initializing a new case 
 
> Open file: Saving new generated situation. 
 
> Opening output file/stream for :  < New-Batch/fcdr-dist1-2000.7 > 
 File Closed (at 1). 

; cpu time (non-gc) 738,090 msec (00:12:18.090) user, 240 msec system
; cpu time (gc)     13,060 msec user, 1,160 msec system
; cpu time (total)  751,150 msec (00:12:31.150) user, 1,400 msec system
; real time  1,341,544 msec (00:22:21.544)
; space allocation:
 20,022,045 cons cells,;  3,587 symbols, 56,637,200 other bytes
(((Q1-G ADTQ2-G) (Q1-A ADTQ2-A) (Q1-B ADTQ2-B) (Q1-I ADTQ2-I) (Q1-F ADTQ2-F)
  (Q1-H ADTQ2-H) (Q1-C ADTQ2-C) (Q1-D ADTQ2-D) (Q1-E ADTQ2-E))
 ((Q1-G ADTQ1-G) (Q1-A ADTQ1-A) (Q1-B ADTQ1-B) (Q1-I ADTQ1-I) (Q1-F ADTQ1-F)
  (Q1-H ADTQ1-H) (Q1-C ADTQ1-C) (Q1-D ADTQ1-D) (Q1-E ADTQ1-E)))
USER(15): USER(15): > Initializing a new case 
 
> Open file: Saving new generated situation. 
 
> Opening output file/stream for :  < New-Batch/fcdr-dist1-2000.8 > 
 File Closed (at 1). 

; cpu time (non-gc) 877,070 msec (00:14:37.070) user, 320 msec system
; cpu time (gc)     7,030 msec user, 110 msec system
; cpu time (total)  884,100 msec (00:14:44.100) user, 430 msec system
; real time  1,236,384 msec (00:20:36.384)
; space allocation:
 25,976,766 cons cells,;  3,544 symbols, 80,223,760 other bytes
(((Q1-C ADTQ2-C) (Q1-H ADTQ2-H) (Q1-F ADTQ2-F) (Q1-B ADTQ2-B) (Q1-G ADTQ2-G)
  (Q1-A ADTQ2-A) (Q1-I ADTQ2-I) (Q1-D ADTQ2-D) (Q1-E ADTQ2-E))
 ((Q1-C ADTQ1-C) (Q1-D ADTQ1-D) (Q1-H ADTQ1-H) (Q1-E ADTQ1-E) (Q1-F ADTQ1-F)
  (Q1-A ADTQ1-A) (Q1-B ADTQ1-B) (Q1-I ADTQ1-I) (Q1-G ADTQ1-G)))
USER(16): USER(16): > Initializing a new case 
 
> Open file: Saving new generated situation. 
 
> Opening output file/stream for :  < New-Batch/fcdr-dist1-2000.9 > 
 File Closed (at 1). 

; cpu time (non-gc) 417,410 msec (00:06:57.410) user, 360 msec system
; cpu time (gc)     6,440 msec user, 150 msec system
; cpu time (total)  423,850 msec (00:07:03.850) user, 510 msec system
; real time  661,265 msec (00:11:01.265)
; space allocation:
 17,523,113 cons cells,;  3,509 symbols, 28,400,192 other bytes
(((Q1-B ADTQ2-B) (Q1-I ADTQ2-I) (Q1-G ADTQ2-G) (Q1-A ADTQ2-A) (Q1-F ADTQ2-F)
  (Q1-H ADTQ2-H) (Q1-C ADTQ2-C) (Q1-D ADTQ2-D) (Q1-E ADTQ2-E))
 ((Q1-B ADTQ1-B) (Q1-I ADTQ1-I) (Q1-G ADTQ1-G) (Q1-A ADTQ1-A) (Q1-F ADTQ1-F)
  (Q1-H ADTQ1-H) (Q1-C ADTQ1-C) (Q1-D ADTQ1-D) (Q1-E ADTQ1-E)))
USER(17): USER(17): > Initializing a new case 
 
> Open file: Saving new generated situation. 
 
> Opening output file/stream for :  < New-Batch/fcdr-dist1-2000.99 > 
 File Closed (at 1). 

; cpu time (non-gc) 833,900 msec (00:13:53.900) user, 210 msec system
; cpu time (gc)     6,790 msec user, 190 msec system
; cpu time (total)  840,690 msec (00:14:00.690) user, 400 msec system
; real time  1,185,114 msec (00:19:45.114)
; space allocation:
 20,715,320 cons cells,;  3,586 symbols, 60,703,640 other bytes
(((Q1-G ADTQ2-G) (Q1-B ADTQ2-B) (Q1-I ADTQ2-I) (Q1-A ADTQ2-A) (Q1-F ADTQ2-F)
  (Q1-H ADTQ2-H) (Q1-C ADTQ2-C) (Q1-D ADTQ2-D) (Q1-E ADTQ2-E))
 ((Q1-G ADTQ1-G) (Q1-B ADTQ1-B) (Q1-I ADTQ1-I) (Q1-A ADTQ1-A) (Q1-F ADTQ1-F)
  (Q1-H ADTQ1-H) (Q1-C ADTQ1-C) (Q1-D ADTQ1-D) (Q1-E ADTQ1-E)))
USER(18): ; Exiting Lisp
