Allegro CL 4.2 [SPARC; R1] (2/1/95 11:34)
Copyright (C) 1985-1993, Franz Inc., Berkeley, CA, USA.  All Rights Reserved.
;   Loading /fsys4/u/sgwoods/qcsp/load.lisp.
;     Fast loading /fsys4/u/sgwoods/qcsp/bm.fasl.
;     Fast loading /fsys4/u/sgwoods/qcsp/bt.fasl.
;     Fast loading /fsys4/u/sgwoods/qcsp/ct.fasl.
;     Fast loading /fsys4/u/sgwoods/qcsp/gsat.fasl.
;     Fast loading /fsys4/u/sgwoods/qcsp/utility.fasl.
;     Loading /fsys4/u/sgwoods/qcsp/compile.lisp.
;     Fast loading /fsys4/u/sgwoods/qcsp/quilici-search.fasl.
Warning: GETVAL, :OPERATOR was defined in /fsys4/u/sgwoods/qcsp/gsat.lisp and
         is now being defined in /fsys4/u/sgwoods/qcsp/quilici-search.lisp
;     Fast loading /fsys4/u/sgwoods/qcsp/adt-simple.fasl.
;     Fast loading /fsys4/u/sgwoods/qcsp/adt-setup.fasl.
;     Fast loading /fsys4/u/sgwoods/qcsp/memory-csp.fasl.
;; Optimization settings: safety 1, space 1, speed 1, debug 2
;; For a complete description of all compiler switches given the current
;; optimization settings evaluate (EXPLAIN-COMPILER-SETTINGS).
USER(1): USER(1): New Test Run: 0500, q-i2, FCDR, Dist2
"New Test Run: 0500, q-i2, FCDR, Dist2"
USER(2): 
NIL
USER(3): 
NIL
USER(4): ; Loading /fsys4/u/sgwoods/qcsp/load.lisp.
;   Fast loading /fsys4/u/sgwoods/qcsp/bm.fasl.
;   Fast loading /fsys4/u/sgwoods/qcsp/bt.fasl.
;   Fast loading /fsys4/u/sgwoods/qcsp/ct.fasl.
;   Fast loading /fsys4/u/sgwoods/qcsp/gsat.fasl.
Warning: GETVAL, :OPERATOR was defined in
         /fsys4/u/sgwoods/qcsp/quilici-search.lisp and is now being defined in
         /fsys4/u/sgwoods/qcsp/gsat.lisp
;   Fast loading /fsys4/u/sgwoods/qcsp/utility.fasl.
;   Loading /fsys4/u/sgwoods/qcsp/compile.lisp.
;   Fast loading /fsys4/u/sgwoods/qcsp/quilici-search.fasl.
Warning: GETVAL, :OPERATOR was defined in /fsys4/u/sgwoods/qcsp/gsat.lisp and
         is now being defined in /fsys4/u/sgwoods/qcsp/quilici-search.lisp
;   Fast loading /fsys4/u/sgwoods/qcsp/adt-simple.fasl.
;   Fast loading /fsys4/u/sgwoods/qcsp/adt-setup.fasl.
;   Fast loading /fsys4/u/sgwoods/qcsp/memory-csp.fasl.
T
USER(5): USER(5): **** Noise 0500 ****
"**** Noise 0500 ****"
USER(6): 
NIL
USER(7): 
NIL
USER(8): > Initializing a new case 
 
> Open file: Saving new generated situation. 
 
> Opening output file/stream for :  < New-Batch/fcdr-dist2-0500.1 > 
 File Closed (at 1). 

; cpu time (non-gc) 44,150 msec user, 130 msec system
; cpu time (gc)     1,410 msec user, 50 msec system
; cpu time (total)  45,560 msec user, 180 msec system
; real time  88,651 msec (00:01:28.651)
; space allocation:
 2,697,886 cons cells,;  1,156 symbols, 8,753,568 other bytes
(((Q1-G ADTQ2-G) (Q1-B ADTQ2-B) (Q1-I ADTQ2-I) (Q1-F ADTQ2-F) (Q1-H ADTQ2-H)
  (Q1-C ADTQ2-C) (Q1-A ADTQ2-A) (Q1-D ADTQ2-D) (Q1-E ADTQ2-E))
 ((Q1-G ADTQ1-G) (Q1-B ADTQ1-B) (Q1-I ADTQ1-I) (Q1-F ADTQ1-F) (Q1-H ADTQ1-H)
  (Q1-C ADTQ1-C) (Q1-A ADTQ1-A) (Q1-D ADTQ1-D) (Q1-E ADTQ1-E)))
USER(9): USER(9): > Initializing a new case 
 
> Open file: Saving new generated situation. 
 
> Opening output file/stream for :  < New-Batch/fcdr-dist2-0500.2 > 
 File Closed (at 1). 

; cpu time (non-gc) 30,460 msec user, 100 msec system
; cpu time (gc)     920 msec user, 10 msec system
; cpu time (total)  31,380 msec user, 110 msec system
; real time  66,045 msec (00:01:06.045)
; space allocation:
 2,753,339 cons cells,;  1,083 symbols, 5,415,496 other bytes
(((Q1-B ADTQ2-B) (Q1-I ADTQ2-I) (Q1-G ADTQ2-G) (Q1-F ADTQ2-F) (Q1-H ADTQ2-H)
  (Q1-C ADTQ2-C) (Q1-A ADTQ2-A) (Q1-D ADTQ2-D) (Q1-E ADTQ2-E))
 ((Q1-B ADTQ1-B) (Q1-I ADTQ1-I) (Q1-G ADTQ1-G) (Q1-F ADTQ1-F) (Q1-H ADTQ1-H)
  (Q1-C ADTQ1-C) (Q1-D ADTQ1-D) (Q1-A ADTQ1-A) (Q1-E ADTQ1-E)))
USER(10): USER(10): > Initializing a new case 
 
> Open file: Saving new generated situation. 
 
> Opening output file/stream for :  < New-Batch/fcdr-dist2-0500.3 > 
 File Closed (at 1). 

; cpu time (non-gc) 26,050 msec user, 120 msec system
; cpu time (gc)     980 msec user, 10 msec system
; cpu time (total)  27,030 msec user, 130 msec system
; real time  51,419 msec
; space allocation:
 3,081,786 cons cells,;  1,115 symbols, 4,805,872 other bytes
(((Q1-F ADTQ2-F) (Q1-B ADTQ2-B) (Q1-I ADTQ2-I) (Q1-G ADTQ2-G) (Q1-H ADTQ2-H)
  (Q1-C ADTQ2-C) (Q1-A ADTQ2-A) (Q1-D ADTQ2-D) (Q1-E ADTQ2-E))
 ((Q1-F ADTQ1-F) (Q1-B ADTQ1-B) (Q1-I ADTQ1-I) (Q1-G ADTQ1-G) (Q1-H ADTQ1-H)
  (Q1-C ADTQ1-C) (Q1-A ADTQ1-A) (Q1-D ADTQ1-D) (Q1-E ADTQ1-E)))
USER(11): USER(11): > Initializing a new case 
 
> Open file: Saving new generated situation. 
 
> Opening output file/stream for :  < New-Batch/fcdr-dist2-0500.4 > 
 File Closed (at 1). 

; cpu time (non-gc) 107,420 msec (00:01:47.420) user, 90 msec system
; cpu time (gc)     1,350 msec user, 40 msec system
; cpu time (total)  108,770 msec (00:01:48.770) user, 130 msec system
; real time  172,673 msec (00:02:52.673)
; space allocation:
 3,192,576 cons cells,;  1,079 symbols, 31,273,064 other bytes
(((Q1-D ADTQ2-D) (Q1-C ADTQ2-C) (Q1-E ADTQ2-E) (Q1-H ADTQ2-H) (Q1-F ADTQ2-F)
  (Q1-A ADTQ2-A) (Q1-G ADTQ2-G) (Q1-B ADTQ2-B) (Q1-I ADTQ2-I))
 ((Q1-D ADTQ1-D) (Q1-C ADTQ1-C) (Q1-E ADTQ1-E) (Q1-H ADTQ1-H) (Q1-F ADTQ1-F)
  (Q1-A ADTQ1-A) (Q1-G ADTQ1-G) (Q1-B ADTQ1-B) (Q1-I ADTQ1-I)))
USER(12): USER(12): > Initializing a new case 
 
> Open file: Saving new generated situation. 
 
> Opening output file/stream for :  < New-Batch/fcdr-dist2-0500.5 > 
 File Closed (at 1). 

; cpu time (non-gc) 32,200 msec user, 90 msec system
; cpu time (gc)     1,040 msec user, 50 msec system
; cpu time (total)  33,240 msec user, 140 msec system
; real time  60,339 msec (00:01:00.339)
; space allocation:
 3,175,691 cons cells,;  1,137 symbols, 5,839,440 other bytes
(((Q1-B ADTQ2-B) (Q1-I ADTQ2-I) (Q1-G ADTQ2-G) (Q1-F ADTQ2-F) (Q1-H ADTQ2-H)
  (Q1-C ADTQ2-C) (Q1-A ADTQ2-A) (Q1-D ADTQ2-D) (Q1-E ADTQ2-E))
 ((Q1-B ADTQ1-B) (Q1-A ADTQ1-A) (Q1-I ADTQ1-I) (Q1-G ADTQ1-G) (Q1-F ADTQ1-F)
  (Q1-H ADTQ1-H) (Q1-C ADTQ1-C) (Q1-D ADTQ1-D) (Q1-E ADTQ1-E)))
USER(13): USER(13): > Initializing a new case 
 
> Open file: Saving new generated situation. 
 
> Opening output file/stream for :  < New-Batch/fcdr-dist2-0500.6 > 
 File Closed (at 1). 

; cpu time (non-gc) 30,130 msec user, 160 msec system
; cpu time (gc)     980 msec user, 50 msec system
; cpu time (total)  31,110 msec user, 210 msec system
; real time  59,233 msec
; space allocation:
 2,753,314 cons cells,;  1,083 symbols, 5,429,056 other bytes
(((Q1-B ADTQ2-B) (Q1-I ADTQ2-I) (Q1-G ADTQ2-G) (Q1-F ADTQ2-F) (Q1-H ADTQ2-H)
  (Q1-C ADTQ2-C) (Q1-A ADTQ2-A) (Q1-D ADTQ2-D) (Q1-E ADTQ2-E))
 ((Q1-B ADTQ1-B) (Q1-I ADTQ1-I) (Q1-G ADTQ1-G) (Q1-F ADTQ1-F) (Q1-H ADTQ1-H)
  (Q1-C ADTQ1-C) (Q1-D ADTQ1-D) (Q1-A ADTQ1-A) (Q1-E ADTQ1-E)))
USER(14): USER(14): > Initializing a new case 
 
> Open file: Saving new generated situation. 
 
> Opening output file/stream for :  < New-Batch/fcdr-dist2-0500.7 > 
 File Closed (at 1). 

; cpu time (non-gc) 49,890 msec user, 110 msec system
; cpu time (gc)     1,070 msec user, 10 msec system
; cpu time (total)  50,960 msec user, 120 msec system
; real time  94,865 msec (00:01:34.865)
; space allocation:
 2,792,125 cons cells,;  1,096 symbols, 10,065,080 other bytes
(((Q1-I ADTQ2-I) (Q1-B ADTQ2-B) (Q1-G ADTQ2-G) (Q1-A ADTQ2-A) (Q1-F ADTQ2-F)
  (Q1-H ADTQ2-H) (Q1-C ADTQ2-C) (Q1-D ADTQ2-D) (Q1-E ADTQ2-E))
 ((Q1-I ADTQ1-I) (Q1-B ADTQ1-B) (Q1-G ADTQ1-G) (Q1-F ADTQ1-F) (Q1-A ADTQ1-A)
  (Q1-H ADTQ1-H) (Q1-C ADTQ1-C) (Q1-D ADTQ1-D) (Q1-E ADTQ1-E)))
USER(15): USER(15): > Initializing a new case 
 
> Open file: Saving new generated situation. 
 
> Opening output file/stream for :  < New-Batch/fcdr-dist2-0500.8 > 
 File Closed (at 1). 

; cpu time (non-gc) 35,040 msec user, 120 msec system
; cpu time (gc)     1,010 msec user, 10 msec system
; cpu time (total)  36,050 msec user, 130 msec system
; real time  96,812 msec (00:01:36.812)
; space allocation:
 3,284,264 cons cells,;  1,019 symbols, 7,644,864 other bytes
(((Q1-H ADTQ2-H) (Q1-F ADTQ2-F) (Q1-A ADTQ2-A) (Q1-G ADTQ2-G) (Q1-B ADTQ2-B)
  (Q1-I ADTQ2-I) (Q1-C ADTQ2-C) (Q1-D ADTQ2-D) (Q1-E ADTQ2-E))
 ((Q1-H ADTQ1-H) (Q1-F ADTQ1-F) (Q1-A ADTQ1-A) (Q1-G ADTQ1-G) (Q1-B ADTQ1-B)
  (Q1-I ADTQ1-I) (Q1-C ADTQ1-C) (Q1-D ADTQ1-D) (Q1-E ADTQ1-E)))
USER(16): USER(16): > Initializing a new case 
 
> Open file: Saving new generated situation. 
 
> Opening output file/stream for :  < New-Batch/fcdr-dist2-0500.9 > 
 File Closed (at 1). 

; cpu time (non-gc) 124,590 msec (00:02:04.590) user, 140 msec system
; cpu time (gc)     1,400 msec user, 30 msec system
; cpu time (total)  125,990 msec (00:02:05.990) user, 170 msec system
; real time  272,511 msec (00:04:32.511)
; space allocation:
 3,851,124 cons cells,;  1,117 symbols, 35,243,688 other bytes
(((Q1-E ADTQ2-E) (Q1-D ADTQ2-D) (Q1-C ADTQ2-C) (Q1-H ADTQ2-H) (Q1-F ADTQ2-F)
  (Q1-A ADTQ2-A) (Q1-G ADTQ2-G) (Q1-B ADTQ2-B) (Q1-I ADTQ2-I))
 ((Q1-E ADTQ1-E) (Q1-D ADTQ1-D) (Q1-C ADTQ1-C) (Q1-H ADTQ1-H) (Q1-F ADTQ1-F)
  (Q1-B ADTQ1-B) (Q1-I ADTQ1-I) (Q1-A ADTQ1-A) (Q1-G ADTQ1-G)))
USER(17): USER(17): > Initializing a new case 
 
> Open file: Saving new generated situation. 
 
> Opening output file/stream for :  < New-Batch/fcdr-dist2-0500.99 > 
 File Closed (at 1). 

; cpu time (non-gc) 28,420 msec user, 50 msec system
; cpu time (gc)     1,120 msec user, 10 msec system
; cpu time (total)  29,540 msec user, 60 msec system
; real time  43,877 msec
; space allocation:
 2,657,225 cons cells,;  1,071 symbols, 5,088,072 other bytes
(((Q1-B ADTQ2-B) (Q1-I ADTQ2-I) (Q1-G ADTQ2-G) (Q1-A ADTQ2-A) (Q1-F ADTQ2-F)
  (Q1-H ADTQ2-H) (Q1-C ADTQ2-C) (Q1-D ADTQ2-D) (Q1-E ADTQ2-E))
 ((Q1-B ADTQ1-B) (Q1-I ADTQ1-I) (Q1-G ADTQ1-G) (Q1-F ADTQ1-F) (Q1-A ADTQ1-A)
  (Q1-H ADTQ1-H) (Q1-C ADTQ1-C) (Q1-D ADTQ1-D) (Q1-E ADTQ1-E)))
USER(18): ; Exiting Lisp
