Allegro CL 4.2 [SPARC; R1] (2/1/95 11:34)
Copyright (C) 1985-1993, Franz Inc., Berkeley, CA, USA.  All Rights Reserved.
;   Loading /fsys4/u/sgwoods/qcsp/load.lisp.
;     Fast loading /fsys4/u/sgwoods/qcsp/bm.fasl.
;     Fast loading /fsys4/u/sgwoods/qcsp/bt.fasl.
;     Fast loading /fsys4/u/sgwoods/qcsp/ct.fasl.
;     Fast loading /fsys4/u/sgwoods/qcsp/gsat.fasl.
;     Fast loading /fsys4/u/sgwoods/qcsp/utility.fasl.
;     Loading /fsys4/u/sgwoods/qcsp/compile.lisp.
;     Fast loading /fsys4/u/sgwoods/qcsp/quilici-search.fasl.
Warning: GETVAL, :OPERATOR was defined in /fsys4/u/sgwoods/qcsp/gsat.lisp and
         is now being defined in /fsys4/u/sgwoods/qcsp/quilici-search.lisp
;     Fast loading /fsys4/u/sgwoods/qcsp/adt-simple.fasl.
;     Fast loading /fsys4/u/sgwoods/qcsp/adt-setup.fasl.
;     Fast loading /fsys4/u/sgwoods/qcsp/memory-csp.fasl.
;; Optimization settings: safety 1, space 1, speed 1, debug 2
;; For a complete description of all compiler switches given the current
;; optimization settings evaluate (EXPLAIN-COMPILER-SETTINGS).
USER(1): USER(1): New Test Run: 0100, q-i2, FCDR, Dist2
"New Test Run: 0100, q-i2, FCDR, Dist2"
USER(2): 
NIL
USER(3): 
NIL
USER(4): ; Loading /fsys4/u/sgwoods/qcsp/load.lisp.
;   Fast loading /fsys4/u/sgwoods/qcsp/bm.fasl.
;   Fast loading /fsys4/u/sgwoods/qcsp/bt.fasl.
;   Fast loading /fsys4/u/sgwoods/qcsp/ct.fasl.
;   Fast loading /fsys4/u/sgwoods/qcsp/gsat.fasl.
Warning: GETVAL, :OPERATOR was defined in
         /fsys4/u/sgwoods/qcsp/quilici-search.lisp and is now being defined in
         /fsys4/u/sgwoods/qcsp/gsat.lisp
;   Fast loading /fsys4/u/sgwoods/qcsp/utility.fasl.
;   Loading /fsys4/u/sgwoods/qcsp/compile.lisp.
;   Fast loading /fsys4/u/sgwoods/qcsp/quilici-search.fasl.
Warning: GETVAL, :OPERATOR was defined in /fsys4/u/sgwoods/qcsp/gsat.lisp and
         is now being defined in /fsys4/u/sgwoods/qcsp/quilici-search.lisp
;   Fast loading /fsys4/u/sgwoods/qcsp/adt-simple.fasl.
;   Fast loading /fsys4/u/sgwoods/qcsp/adt-setup.fasl.
;   Fast loading /fsys4/u/sgwoods/qcsp/memory-csp.fasl.
T
USER(5): USER(5): **** Noise 0100 ****
"**** Noise 0100 ****"
USER(6): 
NIL
USER(7): 
NIL
USER(8): > Initializing a new case 
 
> Open file: Saving new generated situation. 
 
> Opening output file/stream for :  < New-Batch/fcdr-dist2-0100.1 > 
 File Closed (at 1). 

; cpu time (non-gc) 3,090 msec user, 90 msec system
; cpu time (gc)     600 msec user, 40 msec system
; cpu time (total)  3,690 msec user, 130 msec system
; real time  6,458 msec
; space allocation:
 411,804 cons cells,;  225 symbols, 872,928 other bytes
(((Q1-I ADTQ2-I) (Q1-B ADTQ2-B) (Q1-G ADTQ2-G) (Q1-F ADTQ2-F) (Q1-H ADTQ2-H)
  (Q1-C ADTQ2-C) (Q1-A ADTQ2-A) (Q1-D ADTQ2-D) (Q1-E ADTQ2-E))
 ((Q1-I ADTQ1-I) (Q1-B ADTQ1-B) (Q1-G ADTQ1-G) (Q1-F ADTQ1-F) (Q1-H ADTQ1-H)
  (Q1-C ADTQ1-C) (Q1-A ADTQ1-A) (Q1-D ADTQ1-D) (Q1-E ADTQ1-E)))
USER(9): USER(9): > Initializing a new case 
 
> Open file: Saving new generated situation. 
 
> Opening output file/stream for :  < New-Batch/fcdr-dist2-0100.2 > 
 File Closed (at 1). 

; cpu time (non-gc) 2,700 msec user, 50 msec system
; cpu time (gc)     240 msec user, 0 msec system
; cpu time (total)  2,940 msec user, 50 msec system
; real time  4,446 msec
; space allocation:
 413,559 cons cells,;  232 symbols, 735,584 other bytes
(((Q1-F ADTQ2-F) (Q1-B ADTQ2-B) (Q1-I ADTQ2-I) (Q1-H ADTQ2-H) (Q1-C ADTQ2-C)
  (Q1-G ADTQ2-G) (Q1-A ADTQ2-A) (Q1-D ADTQ2-D) (Q1-E ADTQ2-E))
 ((Q1-F ADTQ1-F) (Q1-B ADTQ1-B) (Q1-I ADTQ1-I) (Q1-H ADTQ1-H) (Q1-G ADTQ1-G)
  (Q1-C ADTQ1-C) (Q1-A ADTQ1-A) (Q1-D ADTQ1-D) (Q1-E ADTQ1-E)))
USER(10): USER(10): > Initializing a new case 
 
> Open file: Saving new generated situation. 
 
> Opening output file/stream for :  < New-Batch/fcdr-dist2-0100.3 > 
 File Closed (at 1). 

; cpu time (non-gc) 2,780 msec user, 10 msec system
; cpu time (gc)     250 msec user, 10 msec system
; cpu time (total)  3,030 msec user, 20 msec system
; real time  5,648 msec
; space allocation:
 386,398 cons cells,;  214 symbols, 805,344 other bytes
(((Q1-I ADTQ2-I) (Q1-B ADTQ2-B) (Q1-G ADTQ2-G) (Q1-F ADTQ2-F) (Q1-H ADTQ2-H)
  (Q1-C ADTQ2-C) (Q1-A ADTQ2-A) (Q1-D ADTQ2-D) (Q1-E ADTQ2-E))
 ((Q1-I ADTQ1-I) (Q1-B ADTQ1-B) (Q1-G ADTQ1-G) (Q1-F ADTQ1-F) (Q1-H ADTQ1-H)
  (Q1-C ADTQ1-C) (Q1-A ADTQ1-A) (Q1-D ADTQ1-D) (Q1-E ADTQ1-E)))
USER(11): USER(11): > Initializing a new case 
 
> Open file: Saving new generated situation. 
 
> Opening output file/stream for :  < New-Batch/fcdr-dist2-0100.4 > 
 File Closed (at 1). 

; cpu time (non-gc) 2,570 msec user, 20 msec system
; cpu time (gc)     210 msec user, 10 msec system
; cpu time (total)  2,780 msec user, 30 msec system
; real time  5,818 msec
; space allocation:
 366,484 cons cells,;  193 symbols, 815,128 other bytes
(((Q1-I ADTQ2-I) (Q1-B ADTQ2-B) (Q1-G ADTQ2-G) (Q1-F ADTQ2-F) (Q1-H ADTQ2-H)
  (Q1-C ADTQ2-C) (Q1-A ADTQ2-A) (Q1-D ADTQ2-D) (Q1-E ADTQ2-E))
 ((Q1-I ADTQ1-I) (Q1-B ADTQ1-B) (Q1-G ADTQ1-G) (Q1-F ADTQ1-F) (Q1-H ADTQ1-H)
  (Q1-C ADTQ1-C) (Q1-A ADTQ1-A) (Q1-D ADTQ1-D) (Q1-E ADTQ1-E)))
USER(12): USER(12): > Initializing a new case 
 
> Open file: Saving new generated situation. 
 
> Opening output file/stream for :  < New-Batch/fcdr-dist2-0100.5 > 
 File Closed (at 1). 

; cpu time (non-gc) 3,150 msec user, 40 msec system
; cpu time (gc)     250 msec user, 0 msec system
; cpu time (total)  3,400 msec user, 40 msec system
; real time  6,718 msec
; space allocation:
 381,419 cons cells,;  192 symbols, 1,331,760 other bytes
(((Q1-D ADTQ2-D) (Q1-E ADTQ2-E) (Q1-A ADTQ2-A) (Q1-G ADTQ2-G) (Q1-B ADTQ2-B)
  (Q1-F ADTQ2-F) (Q1-I ADTQ2-I) (Q1-H ADTQ2-H) (Q1-C ADTQ2-C))
 ((Q1-D ADTQ1-D) (Q1-E ADTQ1-E) (Q1-C ADTQ1-C) (Q1-H ADTQ1-H) (Q1-F ADTQ1-F)
  (Q1-A ADTQ1-A) (Q1-B ADTQ1-B) (Q1-G ADTQ1-G) (Q1-I ADTQ1-I)))
USER(13): USER(13): > Initializing a new case 
 
> Open file: Saving new generated situation. 
 
> Opening output file/stream for :  < New-Batch/fcdr-dist2-0100.6 > 
 File Closed (at 1). 

; cpu time (non-gc) 2,700 msec user, 30 msec system
; cpu time (gc)     230 msec user, 20 msec system
; cpu time (total)  2,930 msec user, 50 msec system
; real time  5,975 msec
; space allocation:
 413,517 cons cells,;  232 symbols, 742,176 other bytes
(((Q1-F ADTQ2-F) (Q1-B ADTQ2-B) (Q1-I ADTQ2-I) (Q1-H ADTQ2-H) (Q1-C ADTQ2-C)
  (Q1-G ADTQ2-G) (Q1-A ADTQ2-A) (Q1-D ADTQ2-D) (Q1-E ADTQ2-E))
 ((Q1-F ADTQ1-F) (Q1-B ADTQ1-B) (Q1-I ADTQ1-I) (Q1-H ADTQ1-H) (Q1-G ADTQ1-G)
  (Q1-C ADTQ1-C) (Q1-A ADTQ1-A) (Q1-D ADTQ1-D) (Q1-E ADTQ1-E)))
USER(14): USER(14): > Initializing a new case 
 
> Open file: Saving new generated situation. 
 
> Opening output file/stream for :  < New-Batch/fcdr-dist2-0100.7 > 
 File Closed (at 1). 

; cpu time (non-gc) 2,670 msec user, 40 msec system
; cpu time (gc)     220 msec user, 0 msec system
; cpu time (total)  2,890 msec user, 40 msec system
; real time  5,591 msec
; space allocation:
 427,934 cons cells,;  242 symbols, 692,664 other bytes
(((Q1-A ADTQ2-A) (Q1-F ADTQ2-F) (Q1-H ADTQ2-H) (Q1-C ADTQ2-C) (Q1-B ADTQ2-B)
  (Q1-I ADTQ2-I) (Q1-G ADTQ2-G) (Q1-D ADTQ2-D) (Q1-E ADTQ2-E))
 ((Q1-A ADTQ1-A) (Q1-F ADTQ1-F) (Q1-H ADTQ1-H) (Q1-C ADTQ1-C) (Q1-B ADTQ1-B)
  (Q1-I ADTQ1-I) (Q1-G ADTQ1-G) (Q1-D ADTQ1-D) (Q1-E ADTQ1-E)))
USER(15): USER(15): > Initializing a new case 
 
> Open file: Saving new generated situation. 
 
> Opening output file/stream for :  < New-Batch/fcdr-dist2-0100.8 > 
 File Closed (at 1). 

; cpu time (non-gc) 2,460 msec user, 30 msec system
; cpu time (gc)     470 msec user, 20 msec system
; cpu time (total)  2,930 msec user, 50 msec system
; real time  4,639 msec
; space allocation:
 359,406 cons cells,;  194 symbols, 683,120 other bytes
(((Q1-A ADTQ2-A) (Q1-G ADTQ2-G) (Q1-B ADTQ2-B) (Q1-I ADTQ2-I) (Q1-F ADTQ2-F)
  (Q1-H ADTQ2-H) (Q1-C ADTQ2-C) (Q1-D ADTQ2-D) (Q1-E ADTQ2-E))
 ((Q1-A ADTQ1-A) (Q1-G ADTQ1-G) (Q1-B ADTQ1-B) (Q1-I ADTQ1-I) (Q1-F ADTQ1-F)
  (Q1-H ADTQ1-H) (Q1-C ADTQ1-C) (Q1-D ADTQ1-D) (Q1-E ADTQ1-E)))
USER(16): USER(16): > Initializing a new case 
 
> Open file: Saving new generated situation. 
 
> Opening output file/stream for :  < New-Batch/fcdr-dist2-0100.9 > 
 File Closed (at 1). 

; cpu time (non-gc) 3,010 msec user, 10 msec system
; cpu time (gc)     250 msec user, 0 msec system
; cpu time (total)  3,260 msec user, 10 msec system
; real time  5,644 msec
; space allocation:
 475,210 cons cells,;  244 symbols, 725,864 other bytes
(((Q1-F ADTQ2-F) (Q1-B ADTQ2-B) (Q1-A ADTQ2-A) (Q1-H ADTQ2-H) (Q1-C ADTQ2-C)
  (Q1-D ADTQ2-D) (Q1-G ADTQ2-G) (Q1-I ADTQ2-I) (Q1-E ADTQ2-E))
 ((Q1-F ADTQ1-F) (Q1-B ADTQ1-B) (Q1-A ADTQ1-A) (Q1-H ADTQ1-H) (Q1-C ADTQ1-C)
  (Q1-G ADTQ1-G) (Q1-D ADTQ1-D) (Q1-I ADTQ1-I) (Q1-E ADTQ1-E)))
USER(17): USER(17): > Initializing a new case 
 
> Open file: Saving new generated situation. 
 
> Opening output file/stream for :  < New-Batch/fcdr-dist2-0100.99 > 
 File Closed (at 1). 

; cpu time (non-gc) 2,160 msec user, 20 msec system
; cpu time (gc)     210 msec user, 0 msec system
; cpu time (total)  2,370 msec user, 20 msec system
; real time  6,495 msec
; space allocation:
 335,700 cons cells,;  183 symbols, 559,384 other bytes
(((Q1-F ADTQ2-F) (Q1-A ADTQ2-A) (Q1-G ADTQ2-G) (Q1-H ADTQ2-H) (Q1-C ADTQ2-C)
  (Q1-B ADTQ2-B) (Q1-I ADTQ2-I) (Q1-D ADTQ2-D) (Q1-E ADTQ2-E))
 ((Q1-F ADTQ1-F) (Q1-A ADTQ1-A) (Q1-G ADTQ1-G) (Q1-H ADTQ1-H) (Q1-C ADTQ1-C)
  (Q1-D ADTQ1-D) (Q1-B ADTQ1-B) (Q1-E ADTQ1-E) (Q1-I ADTQ1-I)))
USER(18): ; Exiting Lisp
