Allegro CL 4.2 [SPARC; R1] (2/1/95 11:34)
Copyright (C) 1985-1993, Franz Inc., Berkeley, CA, USA.  All Rights Reserved.
;   Loading /fsys4/u/sgwoods/qcsp/load.lisp.
;     Fast loading /fsys4/u/sgwoods/qcsp/bm.fasl.
;     Fast loading /fsys4/u/sgwoods/qcsp/bt.fasl.
;     Fast loading /fsys4/u/sgwoods/qcsp/ct.fasl.
;     Fast loading /fsys4/u/sgwoods/qcsp/gsat.fasl.
;     Fast loading /fsys4/u/sgwoods/qcsp/utility.fasl.
;     Loading /fsys4/u/sgwoods/qcsp/compile.lisp.
;     Fast loading /fsys4/u/sgwoods/qcsp/quilici-search.fasl.
Warning: GETVAL, :OPERATOR was defined in /fsys4/u/sgwoods/qcsp/gsat.lisp and
         is now being defined in /fsys4/u/sgwoods/qcsp/quilici-search.lisp
;     Fast loading /fsys4/u/sgwoods/qcsp/adt-simple.fasl.
;     Fast loading /fsys4/u/sgwoods/qcsp/adt-setup.fasl.
;     Fast loading /fsys4/u/sgwoods/qcsp/memory-csp.fasl.
;; Optimization settings: safety 1, space 1, speed 1, debug 2
;; For a complete description of all compiler switches given the current
;; optimization settings evaluate (EXPLAIN-COMPILER-SETTINGS).
USER(1): USER(1): New Test Run: 0100, q-i2, FCDR, Dist3
"New Test Run: 0100, q-i2, FCDR, Dist3"
USER(2): 
NIL
USER(3): 
NIL
USER(4): ; Loading /fsys4/u/sgwoods/qcsp/load.lisp.
;   Fast loading /fsys4/u/sgwoods/qcsp/bm.fasl.
;   Fast loading /fsys4/u/sgwoods/qcsp/bt.fasl.
;   Fast loading /fsys4/u/sgwoods/qcsp/ct.fasl.
;   Fast loading /fsys4/u/sgwoods/qcsp/gsat.fasl.
Warning: GETVAL, :OPERATOR was defined in
         /fsys4/u/sgwoods/qcsp/quilici-search.lisp and is now being defined in
         /fsys4/u/sgwoods/qcsp/gsat.lisp
;   Fast loading /fsys4/u/sgwoods/qcsp/utility.fasl.
;   Loading /fsys4/u/sgwoods/qcsp/compile.lisp.
;   Fast loading /fsys4/u/sgwoods/qcsp/quilici-search.fasl.
Warning: GETVAL, :OPERATOR was defined in /fsys4/u/sgwoods/qcsp/gsat.lisp and
         is now being defined in /fsys4/u/sgwoods/qcsp/quilici-search.lisp
;   Fast loading /fsys4/u/sgwoods/qcsp/adt-simple.fasl.
;   Fast loading /fsys4/u/sgwoods/qcsp/adt-setup.fasl.
;   Fast loading /fsys4/u/sgwoods/qcsp/memory-csp.fasl.
T
USER(5): USER(5): **** Noise 0100 ****
"**** Noise 0100 ****"
USER(6): 
NIL
USER(7): 
NIL
USER(8): > Initializing a new case 
 
> Open file: Saving new generated situation. 
 
> Opening output file/stream for :  < New-Batch/fcdr-dist3-0100.1 > 
 File Closed (at 1). 

; cpu time (non-gc) 1,650 msec user, 100 msec system
; cpu time (gc)     470 msec user, 30 msec system
; cpu time (total)  2,120 msec user, 130 msec system
; real time  5,906 msec
; space allocation:
 250,346 cons cells,;  145 symbols, 485,384 other bytes
(((Q1-F ADTQ2-F) (Q1-H ADTQ2-H) (Q1-C ADTQ2-C) (Q1-D ADTQ2-D) (Q1-E ADTQ2-E)
  (Q1-I ADTQ2-I) (Q1-B ADTQ2-B) (Q1-A ADTQ2-A) (Q1-G ADTQ2-G))
 ((Q1-F ADTQ1-F) (Q1-H ADTQ1-H) (Q1-C ADTQ1-C) (Q1-D ADTQ1-D) (Q1-E ADTQ1-E)
  (Q1-I ADTQ1-I) (Q1-B ADTQ1-B) (Q1-A ADTQ1-A) (Q1-G ADTQ1-G)))
USER(9): USER(9): > Initializing a new case 
 
> Open file: Saving new generated situation. 
 
> Opening output file/stream for :  < New-Batch/fcdr-dist3-0100.2 > 
 File Closed (at 1). 

; cpu time (non-gc) 1,670 msec user, 30 msec system
; cpu time (gc)     170 msec user, 30 msec system
; cpu time (total)  1,840 msec user, 60 msec system
; real time  5,920 msec
; space allocation:
 259,287 cons cells,;  159 symbols, 422,808 other bytes
(((Q1-H ADTQ2-H) (Q1-F ADTQ2-F) (Q1-B ADTQ2-B) (Q1-C ADTQ2-C) (Q1-A ADTQ2-A)
  (Q1-G ADTQ2-G) (Q1-I ADTQ2-I) (Q1-D ADTQ2-D) (Q1-E ADTQ2-E))
 ((Q1-H ADTQ1-H) (Q1-F ADTQ1-F) (Q1-B ADTQ1-B) (Q1-C ADTQ1-C) (Q1-A ADTQ1-A)
  (Q1-G ADTQ1-G) (Q1-I ADTQ1-I) (Q1-D ADTQ1-D) (Q1-E ADTQ1-E)))
USER(10): USER(10): > Initializing a new case 
 
> Open file: Saving new generated situation. 
 
> Opening output file/stream for :  < New-Batch/fcdr-dist3-0100.3 > 
 File Closed (at 1). 

; cpu time (non-gc) 1,560 msec user, 20 msec system
; cpu time (gc)     110 msec user, 20 msec system
; cpu time (total)  1,670 msec user, 40 msec system
; real time  4,380 msec
; space allocation:
 259,689 cons cells,;  160 symbols, 409,744 other bytes
(((Q1-H ADTQ2-H) (Q1-F ADTQ2-F) (Q1-B ADTQ2-B) (Q1-A ADTQ2-A) (Q1-I ADTQ2-I)
  (Q1-G ADTQ2-G) (Q1-C ADTQ2-C) (Q1-D ADTQ2-D) (Q1-E ADTQ2-E))
 ((Q1-H ADTQ1-H) (Q1-F ADTQ1-F) (Q1-B ADTQ1-B) (Q1-A ADTQ1-A) (Q1-I ADTQ1-I)
  (Q1-G ADTQ1-G) (Q1-C ADTQ1-C) (Q1-D ADTQ1-D) (Q1-E ADTQ1-E)))
USER(11): USER(11): > Initializing a new case 
 
> Open file: Saving new generated situation. 
 
> Opening output file/stream for :  < New-Batch/fcdr-dist3-0100.4 > 
 File Closed (at 1). 

; cpu time (non-gc) 1,590 msec user, 40 msec system
; cpu time (gc)     100 msec user, 0 msec system
; cpu time (total)  1,690 msec user, 40 msec system
; real time  3,424 msec
; space allocation:
 258,666 cons cells,;  162 symbols, 440,088 other bytes
(((Q1-A ADTQ2-A) (Q1-B ADTQ2-B) (Q1-I ADTQ2-I) (Q1-C ADTQ2-C) (Q1-G ADTQ2-G)
  (Q1-H ADTQ2-H) (Q1-E ADTQ2-E) (Q1-D ADTQ2-D) (Q1-F ADTQ2-F))
 ((Q1-A ADTQ1-A) (Q1-G ADTQ1-G) (Q1-F ADTQ1-F) (Q1-B ADTQ1-B) (Q1-I ADTQ1-I)
  (Q1-H ADTQ1-H) (Q1-C ADTQ1-C) (Q1-D ADTQ1-D) (Q1-E ADTQ1-E)))
USER(12): USER(12): > Initializing a new case 
 
> Open file: Saving new generated situation. 
 
> Opening output file/stream for :  < New-Batch/fcdr-dist3-0100.5 > 
 File Closed (at 1). 

; cpu time (non-gc) 1,610 msec user, 40 msec system
; cpu time (gc)     150 msec user, 0 msec system
; cpu time (total)  1,760 msec user, 40 msec system
; real time  5,269 msec
; space allocation:
 250,944 cons cells,;  140 symbols, 511,376 other bytes
(((Q1-G ADTQ2-G) (Q1-E ADTQ2-E) (Q1-B ADTQ2-B) (Q1-I ADTQ2-I) (Q1-H ADTQ2-H)
  (Q1-D ADTQ2-D) (Q1-F ADTQ2-F) (Q1-C ADTQ2-C) (Q1-A ADTQ2-A))
 ((Q1-G ADTQ1-G) (Q1-B ADTQ1-B) (Q1-A ADTQ1-A) (Q1-I ADTQ1-I) (Q1-D ADTQ1-D)
  (Q1-F ADTQ1-F) (Q1-E ADTQ1-E) (Q1-C ADTQ1-C) (Q1-H ADTQ1-H)))
USER(13): USER(13): > Initializing a new case 
 
> Open file: Saving new generated situation. 
 
> Opening output file/stream for :  < New-Batch/fcdr-dist3-0100.6 > 
 File Closed (at 1). 

; cpu time (non-gc) 1,530 msec user, 50 msec system
; cpu time (gc)     170 msec user, 0 msec system
; cpu time (total)  1,700 msec user, 50 msec system
; real time  5,546 msec
; space allocation:
 259,244 cons cells,;  159 symbols, 409,696 other bytes
(((Q1-H ADTQ2-H) (Q1-F ADTQ2-F) (Q1-B ADTQ2-B) (Q1-C ADTQ2-C) (Q1-A ADTQ2-A)
  (Q1-G ADTQ2-G) (Q1-I ADTQ2-I) (Q1-D ADTQ2-D) (Q1-E ADTQ2-E))
 ((Q1-H ADTQ1-H) (Q1-F ADTQ1-F) (Q1-B ADTQ1-B) (Q1-C ADTQ1-C) (Q1-A ADTQ1-A)
  (Q1-G ADTQ1-G) (Q1-I ADTQ1-I) (Q1-D ADTQ1-D) (Q1-E ADTQ1-E)))
USER(14): USER(14): > Initializing a new case 
 
> Open file: Saving new generated situation. 
 
> Opening output file/stream for :  < New-Batch/fcdr-dist3-0100.7 > 
 File Closed (at 1). 

; cpu time (non-gc) 1,680 msec user, 0 msec system
; cpu time (gc)     170 msec user, 10 msec system
; cpu time (total)  1,850 msec user, 10 msec system
; real time  5,426 msec
; space allocation:
 264,704 cons cells,;  159 symbols, 529,280 other bytes
(((Q1-D ADTQ2-D) (Q1-C ADTQ2-C) (Q1-E ADTQ2-E) (Q1-H ADTQ2-H) (Q1-I ADTQ2-I)
  (Q1-B ADTQ2-B) (Q1-G ADTQ2-G) (Q1-F ADTQ2-F) (Q1-A ADTQ2-A))
 ((Q1-D ADTQ1-D) (Q1-C ADTQ1-C) (Q1-E ADTQ1-E) (Q1-H ADTQ1-H) (Q1-I ADTQ1-I)
  (Q1-B ADTQ1-B) (Q1-A ADTQ1-A) (Q1-F ADTQ1-F) (Q1-G ADTQ1-G)))
USER(15): USER(15): > Initializing a new case 
 
> Open file: Saving new generated situation. 
 
> Opening output file/stream for :  < New-Batch/fcdr-dist3-0100.8 > 
 File Closed (at 1). 

; cpu time (non-gc) 1,490 msec user, 50 msec system
; cpu time (gc)     110 msec user, 10 msec system
; cpu time (total)  1,600 msec user, 60 msec system
; real time  4,428 msec
; space allocation:
 248,961 cons cells,;  150 symbols, 428,608 other bytes
(((Q1-I ADTQ2-I) (Q1-B ADTQ2-B) (Q1-C ADTQ2-C) (Q1-H ADTQ2-H) (Q1-D ADTQ2-D)
  (Q1-E ADTQ2-E) (Q1-G ADTQ2-G) (Q1-F ADTQ2-F) (Q1-A ADTQ2-A))
 ((Q1-I ADTQ1-I) (Q1-D ADTQ1-D) (Q1-C ADTQ1-C) (Q1-B ADTQ1-B) (Q1-H ADTQ1-H)
  (Q1-E ADTQ1-E) (Q1-A ADTQ1-A) (Q1-G ADTQ1-G) (Q1-F ADTQ1-F)))
USER(16): USER(16): > Initializing a new case 
 
> Open file: Saving new generated situation. 
 
> Opening output file/stream for :  < New-Batch/fcdr-dist3-0100.9 > 
 File Closed (at 1). 

; cpu time (non-gc) 1,590 msec user, 10 msec system
; cpu time (gc)     180 msec user, 0 msec system
; cpu time (total)  1,770 msec user, 10 msec system
; real time  5,287 msec
; space allocation:
 260,371 cons cells,;  154 symbols, 457,064 other bytes
(((Q1-C ADTQ2-C) (Q1-D ADTQ2-D) (Q1-H ADTQ2-H) (Q1-E ADTQ2-E) (Q1-F ADTQ2-F)
  (Q1-A ADTQ2-A) (Q1-B ADTQ2-B) (Q1-I ADTQ2-I) (Q1-G ADTQ2-G))
 ((Q1-C ADTQ1-C) (Q1-D ADTQ1-D) (Q1-B ADTQ1-B) (Q1-A ADTQ1-A) (Q1-H ADTQ1-H)
  (Q1-I ADTQ1-I) (Q1-F ADTQ1-F) (Q1-E ADTQ1-E) (Q1-G ADTQ1-G)))
USER(17): USER(17): > Initializing a new case 
 
> Open file: Saving new generated situation. 
 
> Opening output file/stream for :  < New-Batch/fcdr-dist3-0100.99 > 
 File Closed (at 1). 

; cpu time (non-gc) 1,480 msec user, 10 msec system
; cpu time (gc)     150 msec user, 20 msec system
; cpu time (total)  1,630 msec user, 30 msec system
; real time  4,612 msec
; space allocation:
 243,625 cons cells,;  150 symbols, 403,056 other bytes
(((Q1-C ADTQ2-C) (Q1-H ADTQ2-H) (Q1-F ADTQ2-F) (Q1-B ADTQ2-B) (Q1-G ADTQ2-G)
  (Q1-A ADTQ2-A) (Q1-D ADTQ2-D) (Q1-I ADTQ2-I) (Q1-E ADTQ2-E))
 ((Q1-C ADTQ1-C) (Q1-B ADTQ1-B) (Q1-H ADTQ1-H) (Q1-I ADTQ1-I) (Q1-G ADTQ1-G)
  (Q1-A ADTQ1-A) (Q1-D ADTQ1-D) (Q1-F ADTQ1-F) (Q1-E ADTQ1-E)))
USER(18): ; Exiting Lisp
