Allegro CL 4.2 [SPARC; R1] (2/1/95 11:34)
Copyright (C) 1985-1993, Franz Inc., Berkeley, CA, USA.  All Rights Reserved.
;   Loading /fsys4/u/sgwoods/qcsp/load.lisp.
;     Fast loading /fsys4/u/sgwoods/qcsp/bm.fasl.
;     Fast loading /fsys4/u/sgwoods/qcsp/bt.fasl.
;     Fast loading /fsys4/u/sgwoods/qcsp/ct.fasl.
;     Fast loading /fsys4/u/sgwoods/qcsp/gsat.fasl.
;     Fast loading /fsys4/u/sgwoods/qcsp/utility.fasl.
;     Loading /fsys4/u/sgwoods/qcsp/compile.lisp.
;     Fast loading /fsys4/u/sgwoods/qcsp/quilici-search.fasl.
Warning: GETVAL, :OPERATOR was defined in /fsys4/u/sgwoods/qcsp/gsat.lisp and
         is now being defined in /fsys4/u/sgwoods/qcsp/quilici-search.lisp
;     Fast loading /fsys4/u/sgwoods/qcsp/adt-simple.fasl.
;     Fast loading /fsys4/u/sgwoods/qcsp/adt-setup.fasl.
;     Fast loading /fsys4/u/sgwoods/qcsp/memory-csp.fasl.
;; Optimization settings: safety 1, space 1, speed 1, debug 2
;; For a complete description of all compiler switches given the current
;; optimization settings evaluate (EXPLAIN-COMPILER-SETTINGS).
USER(1): USER(1): New Test Run: 2000, q-i2, FCDR, Dist3
"New Test Run: 2000, q-i2, FCDR, Dist3"
USER(2): 
NIL
USER(3): 
NIL
USER(4): ; Loading /fsys4/u/sgwoods/qcsp/load.lisp.
;   Fast loading /fsys4/u/sgwoods/qcsp/bm.fasl.
;   Fast loading /fsys4/u/sgwoods/qcsp/bt.fasl.
;   Fast loading /fsys4/u/sgwoods/qcsp/ct.fasl.
;   Fast loading /fsys4/u/sgwoods/qcsp/gsat.fasl.
Warning: GETVAL, :OPERATOR was defined in
         /fsys4/u/sgwoods/qcsp/quilici-search.lisp and is now being defined in
         /fsys4/u/sgwoods/qcsp/gsat.lisp
;   Fast loading /fsys4/u/sgwoods/qcsp/utility.fasl.
;   Loading /fsys4/u/sgwoods/qcsp/compile.lisp.
;   Fast loading /fsys4/u/sgwoods/qcsp/quilici-search.fasl.
Warning: GETVAL, :OPERATOR was defined in /fsys4/u/sgwoods/qcsp/gsat.lisp and
         is now being defined in /fsys4/u/sgwoods/qcsp/quilici-search.lisp
;   Fast loading /fsys4/u/sgwoods/qcsp/adt-simple.fasl.
;   Fast loading /fsys4/u/sgwoods/qcsp/adt-setup.fasl.
;   Fast loading /fsys4/u/sgwoods/qcsp/memory-csp.fasl.
T
USER(5): USER(5): **** Noise 2000 ****
"**** Noise 2000 ****"
USER(6): 
NIL
USER(7): 
NIL
USER(8): > Initializing a new case 
 
> Open file: Saving new generated situation. 
 
> Opening output file/stream for :  < New-Batch/fcdr-dist3-2000.1 > 
 File Closed (at 1). 

; cpu time (non-gc) 225,170 msec (00:03:45.170) user, 340 msec system
; cpu time (gc)     4,020 msec user, 110 msec system
; cpu time (total)  229,190 msec (00:03:49.190) user, 450 msec system
; real time  361,531 msec (00:06:01.531)
; space allocation:
 13,264,569 cons cells,;  3,131 symbols, 26,394,648 other bytes
(((Q1-H ADTQ2-H) (Q1-F ADTQ2-F) (Q1-B ADTQ2-B) (Q1-I ADTQ2-I) (Q1-A ADTQ2-A)
  (Q1-G ADTQ2-G) (Q1-C ADTQ2-C) (Q1-D ADTQ2-D) (Q1-E ADTQ2-E))
 ((Q1-H ADTQ1-H) (Q1-F ADTQ1-F) (Q1-B ADTQ1-B) (Q1-I ADTQ1-I) (Q1-A ADTQ1-A)
  (Q1-G ADTQ1-G) (Q1-C ADTQ1-C) (Q1-D ADTQ1-D) (Q1-E ADTQ1-E)))
USER(9): USER(9): > Initializing a new case 
 
> Open file: Saving new generated situation. 
 
> Opening output file/stream for :  < New-Batch/fcdr-dist3-2000.2 > 
 File Closed (at 1). 

; cpu time (non-gc) 304,200 msec (00:05:04.200) user, 330 msec system
; cpu time (gc)     6,790 msec user, 120 msec system
; cpu time (total)  310,990 msec (00:05:10.990) user, 450 msec system
; real time  445,294 msec (00:07:25.294)
; space allocation:
 47,179,575 cons cells,;  3,190 symbols, 30,349,640 other bytes
(((Q1-F ADTQ2-F) (Q1-B ADTQ2-B) (Q1-G ADTQ2-G) (Q1-A ADTQ2-A) (Q1-H ADTQ2-H)
  (Q1-C ADTQ2-C) (Q1-I ADTQ2-I) (Q1-D ADTQ2-D) (Q1-E ADTQ2-E))
 ((Q1-F ADTQ1-F) (Q1-B ADTQ1-B) (Q1-G ADTQ1-G) (Q1-A ADTQ1-A) (Q1-H ADTQ1-H)
  (Q1-I ADTQ1-I) (Q1-C ADTQ1-C) (Q1-D ADTQ1-D) (Q1-E ADTQ1-E)))
USER(10): USER(10): > Initializing a new case 
 
> Open file: Saving new generated situation. 
 
> Opening output file/stream for :  < New-Batch/fcdr-dist3-2000.3 > 
 File Closed (at 1). 

; cpu time (non-gc) 641,430 msec (00:10:41.430) user, 420 msec system
; cpu time (gc)     5,910 msec user, 190 msec system
; cpu time (total)  647,340 msec (00:10:47.340) user, 610 msec system
; real time  1,002,009 msec (00:16:42.009)
; space allocation:
 43,070,434 cons cells,;  3,156 symbols, 59,303,440 other bytes
(((Q1-G ADTQ2-G) (Q1-B ADTQ2-B) (Q1-I ADTQ2-I) (Q1-A ADTQ2-A) (Q1-F ADTQ2-F)
  (Q1-H ADTQ2-H) (Q1-C ADTQ2-C) (Q1-D ADTQ2-D) (Q1-E ADTQ2-E))
 ((Q1-G ADTQ1-G) (Q1-B ADTQ1-B) (Q1-I ADTQ1-I) (Q1-A ADTQ1-A) (Q1-F ADTQ1-F)
  (Q1-H ADTQ1-H) (Q1-C ADTQ1-C) (Q1-D ADTQ1-D) (Q1-E ADTQ1-E)))
USER(11): USER(11): > Initializing a new case 
 
> Open file: Saving new generated situation. 
 
> Opening output file/stream for :  < New-Batch/fcdr-dist3-2000.4 > 
 File Closed (at 1). 

; cpu time (non-gc) 395,710 msec (00:06:35.710) user, 270 msec system
; cpu time (gc)     7,830 msec user, 180 msec system
; cpu time (total)  403,540 msec (00:06:43.540) user, 450 msec system
; real time  629,093 msec (00:10:29.093)
; space allocation:
 25,356,299 cons cells,;  3,160 symbols, 40,362,144 other bytes
(((Q1-D ADTQ2-D) (Q1-C ADTQ2-C) (Q1-E ADTQ2-E) (Q1-H ADTQ2-H) (Q1-F ADTQ2-F)
  (Q1-B ADTQ2-B) (Q1-A ADTQ2-A) (Q1-I ADTQ2-I) (Q1-G ADTQ2-G))
 ((Q1-D ADTQ1-D) (Q1-C ADTQ1-C) (Q1-E ADTQ1-E) (Q1-H ADTQ1-H) (Q1-F ADTQ1-F)
  (Q1-B ADTQ1-B) (Q1-A ADTQ1-A) (Q1-I ADTQ1-I) (Q1-G ADTQ1-G)))
USER(12): USER(12): > Initializing a new case 
 
> Open file: Saving new generated situation. 
 
> Opening output file/stream for :  < New-Batch/fcdr-dist3-2000.5 > 
 File Closed (at 1). 

; cpu time (non-gc) 142,750 msec (00:02:22.750) user, 280 msec system
; cpu time (gc)     3,960 msec user, 40 msec system
; cpu time (total)  146,710 msec (00:02:26.710) user, 320 msec system
; real time  230,592 msec (00:03:50.592)
; space allocation:
 7,395,379 cons cells,;  3,148 symbols, 13,193,912 other bytes
(((Q1-B ADTQ2-B) (Q1-I ADTQ2-I) (Q1-G ADTQ2-G) (Q1-A ADTQ2-A) (Q1-F ADTQ2-F)
  (Q1-H ADTQ2-H) (Q1-C ADTQ2-C) (Q1-D ADTQ2-D) (Q1-E ADTQ2-E))
 ((Q1-B ADTQ1-B) (Q1-I ADTQ1-I) (Q1-G ADTQ1-G) (Q1-A ADTQ1-A) (Q1-F ADTQ1-F)
  (Q1-H ADTQ1-H) (Q1-C ADTQ1-C) (Q1-D ADTQ1-D) (Q1-E ADTQ1-E)))
USER(13): USER(13): > Initializing a new case 
 
> Open file: Saving new generated situation. 
 
> Opening output file/stream for :  < New-Batch/fcdr-dist3-2000.6 > 
 File Closed (at 1). 

; cpu time (non-gc) 313,900 msec (00:05:13.900) user, 430 msec system
; cpu time (gc)     6,410 msec user, 150 msec system
; cpu time (total)  320,310 msec (00:05:20.310) user, 580 msec system
; real time  481,438 msec (00:08:01.438)
; space allocation:
 47,181,706 cons cells,;  3,190 symbols, 30,351,864 other bytes
(((Q1-F ADTQ2-F) (Q1-B ADTQ2-B) (Q1-G ADTQ2-G) (Q1-A ADTQ2-A) (Q1-H ADTQ2-H)
  (Q1-C ADTQ2-C) (Q1-I ADTQ2-I) (Q1-D ADTQ2-D) (Q1-E ADTQ2-E))
 ((Q1-F ADTQ1-F) (Q1-B ADTQ1-B) (Q1-G ADTQ1-G) (Q1-A ADTQ1-A) (Q1-H ADTQ1-H)
  (Q1-I ADTQ1-I) (Q1-C ADTQ1-C) (Q1-D ADTQ1-D) (Q1-E ADTQ1-E)))
USER(14): USER(14): > Initializing a new case 
 
> Open file: Saving new generated situation. 
 
> Opening output file/stream for :  < New-Batch/fcdr-dist3-2000.7 > 
 File Closed (at 1). 

; cpu time (non-gc) 196,590 msec (00:03:16.590) user, 120 msec system
; cpu time (gc)     4,460 msec user, 50 msec system
; cpu time (total)  201,050 msec (00:03:21.050) user, 170 msec system
; real time  348,827 msec (00:05:48.827)
; space allocation:
 12,540,157 cons cells,;  3,106 symbols, 17,670,944 other bytes
(((Q1-I ADTQ2-I) (Q1-B ADTQ2-B) (Q1-G ADTQ2-G) (Q1-A ADTQ2-A) (Q1-F ADTQ2-F)
  (Q1-H ADTQ2-H) (Q1-C ADTQ2-C) (Q1-D ADTQ2-D) (Q1-E ADTQ2-E))
 ((Q1-I ADTQ1-I) (Q1-B ADTQ1-B) (Q1-G ADTQ1-G) (Q1-A ADTQ1-A) (Q1-F ADTQ1-F)
  (Q1-H ADTQ1-H) (Q1-C ADTQ1-C) (Q1-D ADTQ1-D) (Q1-E ADTQ1-E)))
USER(15): USER(15): > Initializing a new case 
 
> Open file: Saving new generated situation. 
 
> Opening output file/stream for :  < New-Batch/fcdr-dist3-2000.8 > 
 File Closed (at 1). 

; cpu time (non-gc) 536,820 msec (00:08:56.820) user, 340 msec system
; cpu time (gc)     14,080 msec user, 1,840 msec system
; cpu time (total)  550,900 msec (00:09:10.900) user, 2,180 msec system
; real time  828,770 msec (00:13:48.770)
; space allocation:
 33,154,937 cons cells,;  3,215 symbols, 57,912,816 other bytes
(((Q1-E ADTQ2-E) (Q1-D ADTQ2-D) (Q1-C ADTQ2-C) (Q1-H ADTQ2-H) (Q1-F ADTQ2-F)
  (Q1-B ADTQ2-B) (Q1-A ADTQ2-A) (Q1-I ADTQ2-I) (Q1-G ADTQ2-G))
 ((Q1-E ADTQ1-E) (Q1-D ADTQ1-D) (Q1-C ADTQ1-C) (Q1-H ADTQ1-H) (Q1-F ADTQ1-F)
  (Q1-B ADTQ1-B) (Q1-A ADTQ1-A) (Q1-I ADTQ1-I) (Q1-G ADTQ1-G)))
USER(16): USER(16): > Initializing a new case 
 
> Open file: Saving new generated situation. 
 
> Opening output file/stream for :  < New-Batch/fcdr-dist3-2000.9 > 
 File Closed (at 1). 

; cpu time (non-gc) 365,940 msec (00:06:05.940) user, 230 msec system
; cpu time (gc)     4,260 msec user, 40 msec system
; cpu time (total)  370,200 msec (00:06:10.200) user, 270 msec system
; real time  533,914 msec (00:08:53.914)
; space allocation:
 9,379,443 cons cells,;  3,120 symbols, 32,254,040 other bytes
(((Q1-A ADTQ2-A) (Q1-G ADTQ2-G) (Q1-B ADTQ2-B) (Q1-I ADTQ2-I) (Q1-F ADTQ2-F)
  (Q1-H ADTQ2-H) (Q1-C ADTQ2-C) (Q1-D ADTQ2-D) (Q1-E ADTQ2-E))
 ((Q1-A ADTQ1-A) (Q1-G ADTQ1-G) (Q1-B ADTQ1-B) (Q1-I ADTQ1-I) (Q1-F ADTQ1-F)
  (Q1-H ADTQ1-H) (Q1-C ADTQ1-C) (Q1-D ADTQ1-D) (Q1-E ADTQ1-E)))
USER(17): USER(17): > Initializing a new case 
 
> Open file: Saving new generated situation. 
 
> Opening output file/stream for :  < New-Batch/fcdr-dist3-2000.99 > 
 File Closed (at 1). 

; cpu time (non-gc) 132,190 msec (00:02:12.190) user, 180 msec system
; cpu time (gc)     4,570 msec user, 60 msec system
; cpu time (total)  136,760 msec (00:02:16.760) user, 240 msec system
; real time  158,055 msec (00:02:38.055)
; space allocation:
 9,362,889 cons cells,;  3,189 symbols, 11,764,640 other bytes
(((Q1-I ADTQ2-I) (Q1-B ADTQ2-B) (Q1-G ADTQ2-G) (Q1-F ADTQ2-F) (Q1-A ADTQ2-A)
  (Q1-H ADTQ2-H) (Q1-C ADTQ2-C) (Q1-D ADTQ2-D) (Q1-E ADTQ2-E))
 ((Q1-I ADTQ1-I) (Q1-B ADTQ1-B) (Q1-G ADTQ1-G) (Q1-F ADTQ1-F) (Q1-A ADTQ1-A)
  (Q1-H ADTQ1-H) (Q1-C ADTQ1-C) (Q1-D ADTQ1-D) (Q1-E ADTQ1-E)))
USER(18): ; Exiting Lisp
