;;; Sun Common Lisp, Development Environment 4.0.1, 6 July 1990
;;; Sun-4 Version for SunOS 4.0.x and sunOS 4.1 
;;;
;;; Copyright (c) 1985, 1986, 1987, 1988, 1989, 1990
;;;            by Sun Microsystems, Inc.,  All Rights Reserved
;;; Copyright (c) 1985, 1986, 1987, 1988, 1989, 1990
;;;            by Lucid, Inc., All Rights Reserved
;;; This software product contains confidential and trade secret
;;; information belonging to Sun Microsystems, Inc.  It may not be copied
;;; for any reason other than for archival and backup purposes.
;;;
;;; Sun, Sun-4, and Sun Common Lisp are trademarks of Sun Microsystems Inc.

> Test 6 : Aug 19, 1993 using Aug 5 version v0.5 MOTOR
"Test 6 : Aug 19, 1993 using Aug 5 version v0.5 MOTOR"
> 
NIL
> 
NIL
> ;;; Loading source file "load.lisp"
;;; Warning: File "load.lisp" does not begin with IN-PACKAGE.  Loading into package "USER"
;;; Loading binary file "/cc/users/woods/ideas/csp/bm.sbin"
;;; Loading binary file "/cc/users/woods/ideas/csp/bt.sbin"
;;; Loading binary file "/cc/users/woods/ideas/csp/ct.sbin"
;;; Loading binary file "/cc/users/woods/ideas/csp/utility.sbin"
;;; Loading source file "/cc/users/woods/ideas/csp/compile.lisp"
;;; Warning: File "/cc/users/woods/ideas/csp/compile.lisp" does not begin with IN-PACKAGE.  Loading into package "USER"
;;; Loading binary file "queens.sbin"
;;; Loading binary file "mpr-simple.sbin"
;;; Warning: Redefining Function NODE-CONSISTENT-VARIABLES which used to be defined in "/home/users/woods/Steve/csp/queens.lisp"
;;; Warning: Redefining Function ARC-P which used to be defined in "/home/users/woods/Steve/csp/queens.lisp"
;;; Warning: Redefining Function CONSISTENT-P which used to be defined in "/home/users/woods/Steve/csp/queens.lisp"
;;; Warning: Redefining Function GET-CONSTRAINT-MAX-LEVEL which used to be defined in "/home/users/woods/Steve/csp/queens.lisp"
;;; Loading binary file "mpr-setup.sbin"
#P"/tmp_mnt/cc/users/woods/woods/Steve/csp/load.lisp"
> ;;; Loading binary file "mpr-setup.sbin"
Warning! AC and SCH not supported yet in BackMark
 File Closed. 

Elapsed Real Time = 54.05 seconds
Total Run Time    = 26.97 seconds
User Run Time     = 26.80 seconds
System Run Time   = 0.17 seconds
Process Page Faults    =         69
Dynamic Bytes Consed   =     22,144
Ephemeral Bytes Consed = 52,430,880
There were 100 ephemeral GCs
COMPLETE
> ;;; Loading binary file "mpr-setup.sbin"
Warning! AC and SCH not supported yet in BackMark
 File Closed. 

Elapsed Real Time = 57.55 seconds
Total Run Time    = 26.17 seconds
User Run Time     = 25.92 seconds
System Run Time   = 0.25 seconds
Process Page Faults    =         11
Dynamic Bytes Consed   =    305,136
Ephemeral Bytes Consed = 51,534,152
There were 98 ephemeral GCs
COMPLETE
> ;;; Loading binary file "mpr-setup.sbin"
Warning! AC and SCH not supported yet in BackMark
 File Closed. 

Elapsed Real Time = 50.40 seconds
Total Run Time    = 25.74 seconds
User Run Time     = 25.67 seconds
System Run Time   = 0.07 seconds
Process Page Faults    =          9
Dynamic Bytes Consed   =    274,952
Ephemeral Bytes Consed = 51,576,424
There were 99 ephemeral GCs
COMPLETE
> ;;; Loading binary file "mpr-setup.sbin"
Warning! AC and SCH not supported yet in BackMark
 File Closed. 

Elapsed Real Time = 54.99 seconds
Total Run Time    = 27.33 seconds
User Run Time     = 27.09 seconds
System Run Time   = 0.24 seconds
Process Page Faults    =          5
Dynamic Bytes Consed   =    392,304
Ephemeral Bytes Consed = 52,099,624
There were 99 ephemeral GCs
COMPLETE
> ;;; Loading binary file "mpr-setup.sbin"
Warning! AC and SCH not supported yet in BackMark
 File Closed. 

Elapsed Real Time = 58.05 seconds
Total Run Time    = 27.50 seconds
User Run Time     = 27.39 seconds
System Run Time   = 0.11 seconds
Process Page Faults    =          5
Dynamic Bytes Consed   =    350,288
Ephemeral Bytes Consed = 52,218,264
There were 100 ephemeral GCs
COMPLETE
> ;;; Loading binary file "mpr-setup.sbin"
Warning! AC and SCH not supported yet in BackMark
;;; Expanding Dynamic Memory
 File Closed. 

Elapsed Real Time = 50.25 seconds
Total Run Time    = 26.57 seconds
User Run Time     = 26.44 seconds
System Run Time   = 0.13 seconds
Process Page Faults    =         18
Dynamic Bytes Consed   =    380,384
Ephemeral Bytes Consed = 51,905,904
There were 99 ephemeral GCs
COMPLETE
> ;;; Loading binary file "mpr-setup.sbin"
Warning! AC and SCH not supported yet in BackMark
 File Closed. 

Elapsed Real Time = 53.14 seconds
Total Run Time    = 27.88 seconds
User Run Time     = 27.72 seconds
System Run Time   = 0.16 seconds
Process Page Faults    =          5
Dynamic Bytes Consed   =          0
Ephemeral Bytes Consed = 52,560,944
There were 100 ephemeral GCs
COMPLETE
> ;;; Loading binary file "mpr-setup.sbin"
Warning! AC and SCH not supported yet in BackMark
 File Closed. 

Elapsed Real Time = 52.64 seconds
Total Run Time    = 26.67 seconds
User Run Time     = 26.55 seconds
System Run Time   = 0.12 seconds
Process Page Faults    =          3
Dynamic Bytes Consed   =    224,000
Ephemeral Bytes Consed = 51,926,264
There were 99 ephemeral GCs
COMPLETE
> ;;; Loading binary file "mpr-setup.sbin"
;;; GC: 85090 words [340360 bytes] of dynamic storage in use.
;;; 570268 words [2281072 bytes] of free storage available before a GC.
;;; 1225626 words [4902504 bytes] of free storage available if GC is disabled.
Warning! AC and SCH not supported yet in BackMark
 File Closed. 

Elapsed Real Time = 55.41 seconds
Total Run Time    = 27.61 seconds
User Run Time     = 27.28 seconds
System Run Time   = 0.33 seconds
Process Page Faults    =        313
Dynamic Bytes Consed   =    440,504
Ephemeral Bytes Consed = 51,992,120
There was 1 dynamic GC
There were 99 ephemeral GCs
COMPLETE
> ;;; Loading binary file "mpr-setup.sbin"
Warning! AC and SCH not supported yet in BackMark
 File Closed. 

Elapsed Real Time = 57.87 seconds
Total Run Time    = 27.17 seconds
User Run Time     = 27.01 seconds
System Run Time   = 0.16 seconds
Process Page Faults    =         47
Dynamic Bytes Consed   =    327,128
Ephemeral Bytes Consed = 51,952,880
There were 99 ephemeral GCs
COMPLETE
> ;;; Loading binary file "mpr-setup.sbin"
Warning! AC and SCH not supported yet in BackMark
 File Closed. 

Elapsed Real Time = 77.76 seconds (1 minute, 17.76 seconds)
Total Run Time    = 37.18 seconds
User Run Time     = 36.96 seconds
System Run Time   = 0.22 seconds
Process Page Faults    =         30
Dynamic Bytes Consed   =    351,624
Ephemeral Bytes Consed = 68,601,720
There were 131 ephemeral GCs
COMPLETE
> ;;; Loading binary file "mpr-setup.sbin"
Warning! AC and SCH not supported yet in BackMark
 File Closed. 

Elapsed Real Time = 81.56 seconds (1 minute, 21.56 seconds)
Total Run Time    = 34.99 seconds
User Run Time     = 34.75 seconds
System Run Time   = 0.24 seconds
Process Page Faults    =         47
Dynamic Bytes Consed   =    336,224
Ephemeral Bytes Consed = 67,084,016
There were 128 ephemeral GCs
COMPLETE
> ;;; Loading binary file "mpr-setup.sbin"
Warning! AC and SCH not supported yet in BackMark
 File Closed. 

Elapsed Real Time = 69.89 seconds (1 minute, 9.89 seconds)
Total Run Time    = 33.78 seconds
User Run Time     = 33.67 seconds
System Run Time   = 0.11 seconds
Process Page Faults    =         18
Dynamic Bytes Consed   =    263,192
Ephemeral Bytes Consed = 66,987,688
There were 128 ephemeral GCs
COMPLETE
> ;;; Loading binary file "mpr-setup.sbin"
;;; GC: 92746 words [370984 bytes] of dynamic storage in use.
;;; 562612 words [2250448 bytes] of free storage available before a GC.
;;; 1217970 words [4871880 bytes] of free storage available if GC is disabled.
Warning! AC and SCH not supported yet in BackMark
 File Closed. 

Elapsed Real Time = 76.15 seconds (1 minute, 16.15 seconds)
Total Run Time    = 36.22 seconds
User Run Time     = 35.99 seconds
System Run Time   = 0.23 seconds
Process Page Faults    =        236
Dynamic Bytes Consed   =    228,760
Ephemeral Bytes Consed = 67,652,512
There was 1 dynamic GC
There were 129 ephemeral GCs
COMPLETE
> ;;; Loading binary file "mpr-setup.sbin"
Warning! AC and SCH not supported yet in BackMark
 File Closed. 

Elapsed Real Time = 70.14 seconds (1 minute, 10.14 seconds)
Total Run Time    = 36.02 seconds
User Run Time     = 35.73 seconds
System Run Time   = 0.29 seconds
Process Page Faults    =        120
Dynamic Bytes Consed   =    160,008
Ephemeral Bytes Consed = 67,838,344
There were 129 ephemeral GCs
COMPLETE
> ;;; Loading binary file "mpr-setup.sbin"
Warning! AC and SCH not supported yet in BackMark
 File Closed. 

Elapsed Real Time = 83.26 seconds (1 minute, 23.26 seconds)
Total Run Time    = 35.53 seconds
User Run Time     = 35.27 seconds
System Run Time   = 0.26 seconds
Process Page Faults    =        136
Dynamic Bytes Consed   =    200,376
Ephemeral Bytes Consed = 67,557,192
There were 129 ephemeral GCs
COMPLETE
> ;;; Loading binary file "mpr-setup.sbin"
Warning! AC and SCH not supported yet in BackMark
 File Closed. 

Elapsed Real Time = 75.04 seconds (1 minute, 15.04 seconds)
Total Run Time    = 37.89 seconds
User Run Time     = 37.67 seconds
System Run Time   = 0.22 seconds
Process Page Faults    =         98
Dynamic Bytes Consed   =    237,936
Ephemeral Bytes Consed = 69,057,016
There were 132 ephemeral GCs
COMPLETE
> ;;; Loading binary file "mpr-setup.sbin"
Warning! AC and SCH not supported yet in BackMark
 File Closed. 

Elapsed Real Time = 80.20 seconds (1 minute, 20.20 seconds)
Total Run Time    = 35.61 seconds
User Run Time     = 35.47 seconds
System Run Time   = 0.14 seconds
Process Page Faults    =        104
Dynamic Bytes Consed   =    501,448
Ephemeral Bytes Consed = 67,364,864
There were 128 ephemeral GCs
COMPLETE
> ;;; Loading binary file "mpr-setup.sbin"
Warning! AC and SCH not supported yet in BackMark
 File Closed. 

Elapsed Real Time = 67.56 seconds (1 minute, 7.56 seconds)
Total Run Time    = 35.24 seconds
User Run Time     = 34.96 seconds
System Run Time   = 0.28 seconds
Process Page Faults    =         93
Dynamic Bytes Consed   =    198,360
Ephemeral Bytes Consed = 67,708,160
There were 130 ephemeral GCs
COMPLETE
> ;;; Loading binary file "mpr-setup.sbin"
;;; GC: 122580 words [490320 bytes] of dynamic storage in use.
;;; 532778 words [2131112 bytes] of free storage available before a GC.
;;; 1188136 words [4752544 bytes] of free storage available if GC is disabled.
Warning! AC and SCH not supported yet in BackMark
 File Closed. 

Elapsed Real Time = 84.06 seconds (1 minute, 24.06 seconds)
Total Run Time    = 36.66 seconds
User Run Time     = 36.32 seconds
System Run Time   = 0.34 seconds
Process Page Faults    =         98
Dynamic Bytes Consed   =    230,232
Ephemeral Bytes Consed = 67,531,416
There was 1 dynamic GC
There were 128 ephemeral GCs
COMPLETE
> ;;; Loading binary file "mpr-setup.sbin"
Warning! AC and SCH not supported yet in BackMark
 File Closed. 

Elapsed Real Time = 96.13 seconds (1 minute, 36.13 seconds)
Total Run Time    = 46.54 seconds
User Run Time     = 46.24 seconds
System Run Time   = 0.30 seconds
Process Page Faults    =         42
Dynamic Bytes Consed   =    455,008
Ephemeral Bytes Consed = 86,293,008
There were 165 ephemeral GCs
COMPLETE
> ;;; Loading binary file "mpr-setup.sbin"
Warning! AC and SCH not supported yet in BackMark
 File Closed. 

Elapsed Real Time = 93.97 seconds (1 minute, 33.97 seconds)
Total Run Time    = 43.95 seconds
User Run Time     = 43.78 seconds
System Run Time   = 0.17 seconds
Process Page Faults    =         39
Dynamic Bytes Consed   =    381,616
Ephemeral Bytes Consed = 84,569,464
There were 161 ephemeral GCs
COMPLETE
> ;;; Loading binary file "mpr-setup.sbin"
Warning! AC and SCH not supported yet in BackMark
 File Closed. 

Elapsed Real Time = 89.17 seconds (1 minute, 29.17 seconds)
Total Run Time    = 43.41 seconds
User Run Time     = 43.28 seconds
System Run Time   = 0.13 seconds
Process Page Faults    =         87
Dynamic Bytes Consed   =    476,288
Ephemeral Bytes Consed = 84,502,952
There were 162 ephemeral GCs
COMPLETE
> ;;; Loading binary file "mpr-setup.sbin"
;;; GC: 173844 words [695376 bytes] of dynamic storage in use.
;;; 481514 words [1926056 bytes] of free storage available before a GC.
;;; 1136872 words [4547488 bytes] of free storage available if GC is disabled.
Warning! AC and SCH not supported yet in BackMark
 File Closed. 

Elapsed Real Time = 98.56 seconds (1 minute, 38.56 seconds)
Total Run Time    = 46.06 seconds
User Run Time     = 45.75 seconds
System Run Time   = 0.31 seconds
Process Page Faults    =        239
Dynamic Bytes Consed   =    367,648
Ephemeral Bytes Consed = 85,531,152
There was 1 dynamic GC
There were 163 ephemeral GCs
COMPLETE
> ;;; Loading binary file "mpr-setup.sbin"
Warning! AC and SCH not supported yet in BackMark
 File Closed. 

Elapsed Real Time = 92.72 seconds (1 minute, 32.72 seconds)
Total Run Time    = 46.36 seconds
User Run Time     = 46.23 seconds
System Run Time   = 0.13 seconds
Process Page Faults    =         34
Dynamic Bytes Consed   =    523,184
Ephemeral Bytes Consed = 85,715,376
There were 163 ephemeral GCs
COMPLETE
> ;;; Loading binary file "mpr-setup.sbin"
Warning! AC and SCH not supported yet in BackMark
 File Closed. 

Elapsed Real Time = 91.99 seconds (1 minute, 31.99 seconds)
Total Run Time    = 45.12 seconds
User Run Time     = 44.82 seconds
System Run Time   = 0.30 seconds
Process Page Faults    =         58
Dynamic Bytes Consed   =    407,608
Ephemeral Bytes Consed = 85,102,872
There were 163 ephemeral GCs
COMPLETE
> ;;; Loading binary file "mpr-setup.sbin"
;;; GC: 164276 words [657104 bytes] of dynamic storage in use.
;;; 491082 words [1964328 bytes] of free storage available before a GC.
;;; 1146440 words [4585760 bytes] of free storage available if GC is disabled.
Warning! AC and SCH not supported yet in BackMark
 File Closed. 

Elapsed Real Time = 99.01 seconds (1 minute, 39.01 seconds)
Total Run Time    = 49.25 seconds
User Run Time     = 49.09 seconds
System Run Time   = 0.16 seconds
Process Page Faults    =          9
Dynamic Bytes Consed   =    496,960
Ephemeral Bytes Consed = 86,970,872
There was 1 dynamic GC
There were 165 ephemeral GCs
COMPLETE
> ;;; Loading binary file "mpr-setup.sbin"
Warning! AC and SCH not supported yet in BackMark
 File Closed. 

Elapsed Real Time = 93.75 seconds (1 minute, 33.75 seconds)
Total Run Time    = 45.19 seconds
User Run Time     = 45.02 seconds
System Run Time   = 0.17 seconds
Process Page Faults    =          2
Dynamic Bytes Consed   =    417,784
Ephemeral Bytes Consed = 85,154,592
There were 163 ephemeral GCs
COMPLETE
> ;;; Loading binary file "mpr-setup.sbin"
Warning! AC and SCH not supported yet in BackMark
 File Closed. 

Elapsed Real Time = 88.32 seconds (1 minute, 28.32 seconds)
Total Run Time    = 44.80 seconds
User Run Time     = 44.54 seconds
System Run Time   = 0.26 seconds
Process Page Faults    =          4
Dynamic Bytes Consed   =    485,248
Ephemeral Bytes Consed = 85,118,824
There were 162 ephemeral GCs
COMPLETE
> ;;; Loading binary file "mpr-setup.sbin"
;;; GC: 176192 words [704768 bytes] of dynamic storage in use.
;;; 479166 words [1916664 bytes] of free storage available before a GC.
;;; 1134524 words [4538096 bytes] of free storage available if GC is disabled.
Warning! AC and SCH not supported yet in BackMark
 File Closed. 

Elapsed Real Time = 93.95 seconds (1 minute, 33.95 seconds)
Total Run Time    = 45.62 seconds
User Run Time     = 45.55 seconds
System Run Time   = 0.07 seconds
Process Page Faults    =          7
Dynamic Bytes Consed   =    369,640
Ephemeral Bytes Consed = 85,050,960
There was 1 dynamic GC
There were 162 ephemeral GCs
COMPLETE
> ;;; Loading binary file "mpr-setup.sbin"
Warning! AC and SCH not supported yet in BackMark
 File Closed. 

Elapsed Real Time = 119.75 seconds (1 minute, 59.75 seconds)
Total Run Time    = 58.31 seconds
User Run Time     = 58.26 seconds
System Run Time   = 0.05 seconds
Process Page Faults    =          9
Dynamic Bytes Consed   =    479,368
Ephemeral Bytes Consed = 106,608,912
There were 203 ephemeral GCs
COMPLETE
> ;;; Loading binary file "mpr-setup.sbin"
Warning! AC and SCH not supported yet in BackMark
 File Closed. 

Elapsed Real Time = 115.43 seconds (1 minute, 55.43 seconds)
Total Run Time    = 55.22 seconds
User Run Time     = 55.01 seconds
System Run Time   = 0.21 seconds
Process Page Faults    =         54
Dynamic Bytes Consed   =    497,576
Ephemeral Bytes Consed = 104,004,824
There were 198 ephemeral GCs
COMPLETE
> ;;; Loading binary file "mpr-setup.sbin"
;;; GC: 195602 words [782408 bytes] of dynamic storage in use.
;;; 459756 words [1839024 bytes] of free storage available before a GC.
;;; 1115114 words [4460456 bytes] of free storage available if GC is disabled.
Warning! AC and SCH not supported yet in BackMark
 File Closed. 

Elapsed Real Time = 119.71 seconds (1 minute, 59.71 seconds)
Total Run Time    = 56.49 seconds
User Run Time     = 56.08 seconds
System Run Time   = 0.41 seconds
Process Page Faults    =         97
Dynamic Bytes Consed   =  1,170,672
Ephemeral Bytes Consed = 104,017,976
There was 1 dynamic GC
There were 199 ephemeral GCs
COMPLETE
> ;;; Loading binary file "mpr-setup.sbin"
;;; GC: 262754 words [1051016 bytes] of dynamic storage in use.
;;; 392604 words [1570416 bytes] of free storage available before a GC.
;;; 1047962 words [4191848 bytes] of free storage available if GC is disabled.
Warning! AC and SCH not supported yet in BackMark
 File Closed. 

Elapsed Real Time = 114.95 seconds (1 minute, 54.95 seconds)
Total Run Time    = 57.53 seconds
User Run Time     = 57.38 seconds
System Run Time   = 0.15 seconds
Process Page Faults    =         82
Dynamic Bytes Consed   =    495,992
Ephemeral Bytes Consed = 105,417,720
There was 1 dynamic GC
There were 201 ephemeral GCs
COMPLETE
> ;;; Loading binary file "mpr-setup.sbin"
Warning! AC and SCH not supported yet in BackMark
 File Closed. 

Elapsed Real Time = 119.60 seconds (1 minute, 59.60 seconds)
Total Run Time    = 58.02 seconds
User Run Time     = 57.68 seconds
System Run Time   = 0.34 seconds
Process Page Faults    =         81
Dynamic Bytes Consed   =    475,616
Ephemeral Bytes Consed = 105,726,136
There were 201 ephemeral GCs
COMPLETE
> ;;; Loading binary file "mpr-setup.sbin"
;;; GC: 264206 words [1056824 bytes] of dynamic storage in use.
;;; 391152 words [1564608 bytes] of free storage available before a GC.
;;; 1046510 words [4186040 bytes] of free storage available if GC is disabled.
Warning! AC and SCH not supported yet in BackMark
 File Closed. 

Elapsed Real Time = 115.69 seconds (1 minute, 55.69 seconds)
Total Run Time    = 57.90 seconds
User Run Time     = 57.61 seconds
System Run Time   = 0.29 seconds
Process Page Faults    =         69
Dynamic Bytes Consed   =    486,544
Ephemeral Bytes Consed = 105,222,568
There was 1 dynamic GC
There were 201 ephemeral GCs
COMPLETE
> ;;; Loading binary file "mpr-setup.sbin"
Warning! AC and SCH not supported yet in BackMark
 File Closed. 

Elapsed Real Time = 123.31 seconds (2 minutes, 3.31 seconds)
Total Run Time    = 60.60 seconds (1 minute, 0.60 seconds)
User Run Time     = 60.40 seconds (1 minute, 0.40 seconds)
System Run Time   = 0.20 seconds
Process Page Faults    =        165
Dynamic Bytes Consed   =    486,584
Ephemeral Bytes Consed = 106,982,608
There were 204 ephemeral GCs
COMPLETE
> ;;; Loading binary file "mpr-setup.sbin"
;;; GC: 265980 words [1063920 bytes] of dynamic storage in use.
;;; 389378 words [1557512 bytes] of free storage available before a GC.
;;; 1044736 words [4178944 bytes] of free storage available if GC is disabled.
Warning! AC and SCH not supported yet in BackMark
 File Closed. 

Elapsed Real Time = 115.93 seconds (1 minute, 55.93 seconds)
Total Run Time    = 57.38 seconds
User Run Time     = 57.12 seconds
System Run Time   = 0.26 seconds
Process Page Faults    =         86
Dynamic Bytes Consed   =    492,216
Ephemeral Bytes Consed = 104,713,760
There was 1 dynamic GC
There were 200 ephemeral GCs
COMPLETE
> ;;; Loading binary file "mpr-setup.sbin"
Warning! AC and SCH not supported yet in BackMark
 File Closed. 

Elapsed Real Time = 113.01 seconds (1 minute, 53.01 seconds)
Total Run Time    = 55.81 seconds
User Run Time     = 55.70 seconds
System Run Time   = 0.11 seconds
Process Page Faults    =         69
Dynamic Bytes Consed   =    490,384
Ephemeral Bytes Consed = 104,751,312
There were 200 ephemeral GCs
COMPLETE
> ;;; Loading binary file "mpr-setup.sbin"
;;; GC: 263928 words [1055712 bytes] of dynamic storage in use.
;;; 391430 words [1565720 bytes] of free storage available before a GC.
;;; 1046788 words [4187152 bytes] of free storage available if GC is disabled.
Warning! AC and SCH not supported yet in BackMark
 File Closed. 

Elapsed Real Time = 104.52 seconds (1 minute, 44.52 seconds)
Total Run Time    = 56.18 seconds
User Run Time     = 55.83 seconds
System Run Time   = 0.35 seconds
Process Page Faults    =        135
Dynamic Bytes Consed   =    474,816
Ephemeral Bytes Consed = 104,697,560
There was 1 dynamic GC
There were 200 ephemeral GCs
COMPLETE
> 