;;; Sun Common Lisp, Development Environment 4.0.1, 6 July 1990
;;; Sun-4 Version for SunOS 4.0.x and sunOS 4.1 
;;;
;;; Copyright (c) 1985, 1986, 1987, 1988, 1989, 1990
;;;            by Sun Microsystems, Inc.,  All Rights Reserved
;;; Copyright (c) 1985, 1986, 1987, 1988, 1989, 1990
;;;            by Lucid, Inc., All Rights Reserved
;;; This software product contains confidential and trade secret
;;; information belonging to Sun Microsystems, Inc.  It may not be copied
;;; for any reason other than for archival and backup purposes.
;;;
;;; Sun, Sun-4, and Sun Common Lisp are trademarks of Sun Microsystems Inc.

> Test 6 : Aug 19, 1993 using Aug 5 version v0.5 MOTOR
"Test 6 : Aug 19, 1993 using Aug 5 version v0.5 MOTOR"
> 
NIL
> 
NIL
> ;;; Loading source file "load.lisp"
;;; Warning: File "load.lisp" does not begin with IN-PACKAGE.  Loading into package "USER"
;;; Loading binary file "/cc/users/woods/ideas/csp/bm.sbin"
;;; Loading binary file "/cc/users/woods/ideas/csp/bt.sbin"
;;; Loading binary file "/cc/users/woods/ideas/csp/ct.sbin"
;;; Loading binary file "/cc/users/woods/ideas/csp/utility.sbin"
;;; Loading source file "/cc/users/woods/ideas/csp/compile.lisp"
;;; Warning: File "/cc/users/woods/ideas/csp/compile.lisp" does not begin with IN-PACKAGE.  Loading into package "USER"
;;; Loading binary file "queens.sbin"
;;; Loading binary file "mpr-simple.sbin"
;;; Warning: Redefining Function NODE-CONSISTENT-VARIABLES which used to be defined in "/home/users/woods/Steve/csp/queens.lisp"
;;; Warning: Redefining Function ARC-P which used to be defined in "/home/users/woods/Steve/csp/queens.lisp"
;;; Warning: Redefining Function CONSISTENT-P which used to be defined in "/home/users/woods/Steve/csp/queens.lisp"
;;; Warning: Redefining Function GET-CONSTRAINT-MAX-LEVEL which used to be defined in "/home/users/woods/Steve/csp/queens.lisp"
;;; Loading binary file "mpr-setup.sbin"
#P"/tmp_mnt/cc/users/woods/woods/Steve/csp/load.lisp"
> ;;; Loading binary file "mpr-setup.sbin"
Warning! AC and SCH not supported yet in BackMark
 File Closed. 

Elapsed Real Time = 2.93 seconds
Total Run Time    = 0.94 seconds
User Run Time     = 0.81 seconds
System Run Time   = 0.13 seconds
Process Page Faults    =         54
Dynamic Bytes Consed   =     22,144
Ephemeral Bytes Consed =  1,420,656
There were 3 ephemeral GCs
COMPLETE
> ;;; Loading binary file "mpr-setup.sbin"
Warning! AC and SCH not supported yet in BackMark
 File Closed. 

Elapsed Real Time = 1.71 seconds
Total Run Time    = 0.80 seconds
User Run Time     = 0.76 seconds
System Run Time   = 0.04 seconds
Process Page Faults    =          5
Dynamic Bytes Consed   =          0
Ephemeral Bytes Consed =  1,405,464
There were 2 ephemeral GCs
COMPLETE
> ;;; Loading binary file "mpr-setup.sbin"
Warning! AC and SCH not supported yet in BackMark
 File Closed. 

Elapsed Real Time = 1.52 seconds
Total Run Time    = 0.82 seconds
User Run Time     = 0.81 seconds
System Run Time   = 0.01 seconds
Process Page Faults    =          1
Dynamic Bytes Consed   =          0
Ephemeral Bytes Consed =  1,419,152
There were 3 ephemeral GCs
COMPLETE
> ;;; Loading binary file "mpr-setup.sbin"
Warning! AC and SCH not supported yet in BackMark
 File Closed. 

Elapsed Real Time = 1.41 seconds
Total Run Time    = 0.82 seconds
User Run Time     = 0.80 seconds
System Run Time   = 0.02 seconds
Process Page Faults    =          2
Dynamic Bytes Consed   =          0
Ephemeral Bytes Consed =  1,429,840
There were 3 ephemeral GCs
COMPLETE
> ;;; Loading binary file "mpr-setup.sbin"
Warning! AC and SCH not supported yet in BackMark
 File Closed. 

Elapsed Real Time = 1.76 seconds
Total Run Time    = 0.84 seconds
User Run Time     = 0.79 seconds
System Run Time   = 0.05 seconds
Process Page Faults    =          2
Dynamic Bytes Consed   =          0
Ephemeral Bytes Consed =  1,415,856
There were 2 ephemeral GCs
COMPLETE
> ;;; Loading binary file "mpr-setup.sbin"
Warning! AC and SCH not supported yet in BackMark
 File Closed. 

Elapsed Real Time = 1.76 seconds
Total Run Time    = 0.85 seconds
User Run Time     = 0.79 seconds
System Run Time   = 0.06 seconds
Process Page Faults    =          2
Dynamic Bytes Consed   =          0
Ephemeral Bytes Consed =  1,416,088
There were 3 ephemeral GCs
COMPLETE
> ;;; Loading binary file "mpr-setup.sbin"
Warning! AC and SCH not supported yet in BackMark
 File Closed. 

Elapsed Real Time = 1.86 seconds
Total Run Time    = 0.96 seconds
User Run Time     = 0.89 seconds
System Run Time   = 0.07 seconds
Process Page Faults    =          3
Dynamic Bytes Consed   =          0
Ephemeral Bytes Consed =  1,489,024
There were 3 ephemeral GCs
COMPLETE
> ;;; Loading binary file "mpr-setup.sbin"
Warning! AC and SCH not supported yet in BackMark
 File Closed. 

Elapsed Real Time = 1.81 seconds
Total Run Time    = 0.86 seconds
User Run Time     = 0.85 seconds
System Run Time   = 0.01 seconds
Process Page Faults    =          1
Dynamic Bytes Consed   =          0
Ephemeral Bytes Consed =  1,419,360
There were 3 ephemeral GCs
COMPLETE
> ;;; Loading binary file "mpr-setup.sbin"
Warning! AC and SCH not supported yet in BackMark
 File Closed. 

Elapsed Real Time = 1.53 seconds
Total Run Time    = 0.84 seconds
User Run Time     = 0.82 seconds
System Run Time   = 0.02 seconds
Process Page Faults    =          1
Dynamic Bytes Consed   =          0
Ephemeral Bytes Consed =  1,425,312
There were 2 ephemeral GCs
COMPLETE
> ;;; Loading binary file "mpr-setup.sbin"
Warning! AC and SCH not supported yet in BackMark
 File Closed. 

Elapsed Real Time = 1.90 seconds
Total Run Time    = 0.91 seconds
User Run Time     = 0.88 seconds
System Run Time   = 0.03 seconds
Process Page Faults    =          2
Dynamic Bytes Consed   =     43,776
Ephemeral Bytes Consed =  1,428,944
There were 3 ephemeral GCs
COMPLETE
> ;;; Loading binary file "mpr-setup.sbin"
Warning! AC and SCH not supported yet in BackMark
 File Closed. 

Elapsed Real Time = 4.83 seconds
Total Run Time    = 2.42 seconds
User Run Time     = 2.37 seconds
System Run Time   = 0.05 seconds
Process Page Faults    =          3
Dynamic Bytes Consed   =          0
Ephemeral Bytes Consed =  4,784,136
There were 9 ephemeral GCs
COMPLETE
> ;;; Loading binary file "mpr-setup.sbin"
Warning! AC and SCH not supported yet in BackMark
 File Closed. 

Elapsed Real Time = 4.82 seconds
Total Run Time    = 2.43 seconds
User Run Time     = 2.37 seconds
System Run Time   = 0.06 seconds
Process Page Faults    =          5
Dynamic Bytes Consed   =          0
Ephemeral Bytes Consed =  4,742,624
There were 9 ephemeral GCs
COMPLETE
> ;;; Loading binary file "mpr-setup.sbin"
Warning! AC and SCH not supported yet in BackMark
 File Closed. 

Elapsed Real Time = 5.08 seconds
Total Run Time    = 2.48 seconds
User Run Time     = 2.38 seconds
System Run Time   = 0.10 seconds
Process Page Faults    =          3
Dynamic Bytes Consed   =          0
Ephemeral Bytes Consed =  4,741,576
There were 9 ephemeral GCs
COMPLETE
> ;;; Loading binary file "mpr-setup.sbin"
Warning! AC and SCH not supported yet in BackMark
 File Closed. 

Elapsed Real Time = 4.93 seconds
Total Run Time    = 2.62 seconds
User Run Time     = 2.45 seconds
System Run Time   = 0.17 seconds
Process Page Faults    =          3
Dynamic Bytes Consed   =          0
Ephemeral Bytes Consed =  4,772,200
There were 10 ephemeral GCs
COMPLETE
> ;;; Loading binary file "mpr-setup.sbin"
Warning! AC and SCH not supported yet in BackMark
 File Closed. 

Elapsed Real Time = 5.12 seconds
Total Run Time    = 2.51 seconds
User Run Time     = 2.51 seconds
System Run Time   = 0.00 seconds
Process Page Faults    =          3
Dynamic Bytes Consed   =          0
Ephemeral Bytes Consed =  4,842,040
There were 9 ephemeral GCs
COMPLETE
> ;;; Loading binary file "mpr-setup.sbin"
Warning! AC and SCH not supported yet in BackMark
 File Closed. 

Elapsed Real Time = 4.53 seconds
Total Run Time    = 2.46 seconds
User Run Time     = 2.39 seconds
System Run Time   = 0.07 seconds
Process Page Faults    =          6
Dynamic Bytes Consed   =          0
Ephemeral Bytes Consed =  4,764,000
There were 9 ephemeral GCs
COMPLETE
> ;;; Loading binary file "mpr-setup.sbin"
Warning! AC and SCH not supported yet in BackMark
 File Closed. 

Elapsed Real Time = 5.62 seconds
Total Run Time    = 2.69 seconds
User Run Time     = 2.64 seconds
System Run Time   = 0.05 seconds
Process Page Faults    =          3
Dynamic Bytes Consed   =          0
Ephemeral Bytes Consed =  5,023,784
There were 9 ephemeral GCs
COMPLETE
> ;;; Loading binary file "mpr-setup.sbin"
Warning! AC and SCH not supported yet in BackMark
 File Closed. 

Elapsed Real Time = 5.50 seconds
Total Run Time    = 2.40 seconds
User Run Time     = 2.37 seconds
System Run Time   = 0.03 seconds
Process Page Faults    =          2
Dynamic Bytes Consed   =          0
Ephemeral Bytes Consed =  4,754,928
There were 9 ephemeral GCs
COMPLETE
> ;;; Loading binary file "mpr-setup.sbin"
Warning! AC and SCH not supported yet in BackMark
 File Closed. 

Elapsed Real Time = 5.69 seconds
Total Run Time    = 2.55 seconds
User Run Time     = 2.47 seconds
System Run Time   = 0.08 seconds
Process Page Faults    =          0
Dynamic Bytes Consed   =     87,600
Ephemeral Bytes Consed =  4,749,600
There were 9 ephemeral GCs
COMPLETE
> ;;; Loading binary file "mpr-setup.sbin"
Warning! AC and SCH not supported yet in BackMark
 File Closed. 

Elapsed Real Time = 5.44 seconds
Total Run Time    = 2.53 seconds
User Run Time     = 2.40 seconds
System Run Time   = 0.13 seconds
Process Page Faults    =          2
Dynamic Bytes Consed   =          0
Ephemeral Bytes Consed =  4,764,040
There were 9 ephemeral GCs
COMPLETE
> ;;; Loading binary file "mpr-setup.sbin"
Warning! AC and SCH not supported yet in BackMark
 File Closed. 

Elapsed Real Time = 10.58 seconds
Total Run Time    = 5.10 seconds
User Run Time     = 5.05 seconds
System Run Time   = 0.05 seconds
Process Page Faults    =          2
Dynamic Bytes Consed   =          0
Ephemeral Bytes Consed = 10,174,968
There were 19 ephemeral GCs
COMPLETE
> ;;; Loading binary file "mpr-setup.sbin"
Warning! AC and SCH not supported yet in BackMark
 File Closed. 

Elapsed Real Time = 11.05 seconds
Total Run Time    = 4.90 seconds
User Run Time     = 4.86 seconds
System Run Time   = 0.04 seconds
Process Page Faults    =          2
Dynamic Bytes Consed   =          0
Ephemeral Bytes Consed = 10,098,088
There were 19 ephemeral GCs
COMPLETE
> ;;; Loading binary file "mpr-setup.sbin"
Warning! AC and SCH not supported yet in BackMark
 File Closed. 

Elapsed Real Time = 11.85 seconds
Total Run Time    = 5.10 seconds
User Run Time     = 5.03 seconds
System Run Time   = 0.07 seconds
Process Page Faults    =          4
Dynamic Bytes Consed   =          0
Ephemeral Bytes Consed = 10,099,008
There were 20 ephemeral GCs
COMPLETE
> ;;; Loading binary file "mpr-setup.sbin"
Warning! AC and SCH not supported yet in BackMark
 File Closed. 

Elapsed Real Time = 10.50 seconds
Total Run Time    = 5.29 seconds
User Run Time     = 5.16 seconds
System Run Time   = 0.13 seconds
Process Page Faults    =          2
Dynamic Bytes Consed   =    185,552
Ephemeral Bytes Consed = 10,123,048
There were 19 ephemeral GCs
COMPLETE
> ;;; Loading binary file "mpr-setup.sbin"
Warning! AC and SCH not supported yet in BackMark
 File Closed. 

Elapsed Real Time = 11.11 seconds
Total Run Time    = 5.40 seconds
User Run Time     = 5.37 seconds
System Run Time   = 0.03 seconds
Process Page Faults    =          4
Dynamic Bytes Consed   =          0
Ephemeral Bytes Consed = 10,324,080
There were 20 ephemeral GCs
COMPLETE
> ;;; Loading binary file "mpr-setup.sbin"
Warning! AC and SCH not supported yet in BackMark
 File Closed. 

Elapsed Real Time = 10.09 seconds
Total Run Time    = 5.03 seconds
User Run Time     = 4.99 seconds
System Run Time   = 0.04 seconds
Process Page Faults    =          2
Dynamic Bytes Consed   =          0
Ephemeral Bytes Consed = 10,182,464
There were 19 ephemeral GCs
COMPLETE
> ;;; Loading binary file "mpr-setup.sbin"
Warning! AC and SCH not supported yet in BackMark
 File Closed. 

Elapsed Real Time = 12.22 seconds
Total Run Time    = 5.70 seconds
User Run Time     = 5.67 seconds
System Run Time   = 0.03 seconds
Process Page Faults    =          0
Dynamic Bytes Consed   =          0
Ephemeral Bytes Consed = 10,440,048
There were 20 ephemeral GCs
COMPLETE
> ;;; Loading binary file "mpr-setup.sbin"
Warning! AC and SCH not supported yet in BackMark
 File Closed. 

Elapsed Real Time = 8.72 seconds
Total Run Time    = 5.16 seconds
User Run Time     = 4.97 seconds
System Run Time   = 0.19 seconds
Process Page Faults    =          5
Dynamic Bytes Consed   =          0
Ephemeral Bytes Consed = 10,142,432
There were 19 ephemeral GCs
COMPLETE
> ;;; Loading binary file "mpr-setup.sbin"
Warning! AC and SCH not supported yet in BackMark
 File Closed. 

Elapsed Real Time = 9.98 seconds
Total Run Time    = 4.91 seconds
User Run Time     = 4.88 seconds
System Run Time   = 0.03 seconds
Process Page Faults    =          4
Dynamic Bytes Consed   =          0
Ephemeral Bytes Consed = 10,084,704
There were 20 ephemeral GCs
COMPLETE
> ;;; Loading binary file "mpr-setup.sbin"
Warning! AC and SCH not supported yet in BackMark
 File Closed. 

Elapsed Real Time = 8.97 seconds
Total Run Time    = 5.09 seconds
User Run Time     = 4.99 seconds
System Run Time   = 0.10 seconds
Process Page Faults    =          1
Dynamic Bytes Consed   =    175,296
Ephemeral Bytes Consed = 10,136,640
There were 19 ephemeral GCs
COMPLETE
> ;;; Loading binary file "mpr-setup.sbin"
Warning! AC and SCH not supported yet in BackMark
 File Closed. 

Elapsed Real Time = 16.45 seconds
Total Run Time    = 8.80 seconds
User Run Time     = 8.67 seconds
System Run Time   = 0.13 seconds
Process Page Faults    =         11
Dynamic Bytes Consed   =    154,448
Ephemeral Bytes Consed = 17,543,008
There were 34 ephemeral GCs
COMPLETE
> ;;; Loading binary file "mpr-setup.sbin"
Warning! AC and SCH not supported yet in BackMark
 File Closed. 

Elapsed Real Time = 16.43 seconds
Total Run Time    = 8.43 seconds
User Run Time     = 8.37 seconds
System Run Time   = 0.06 seconds
Process Page Faults    =         11
Dynamic Bytes Consed   =          0
Ephemeral Bytes Consed = 17,449,992
There were 33 ephemeral GCs
COMPLETE
> ;;; Loading binary file "mpr-setup.sbin"
Warning! AC and SCH not supported yet in BackMark
 File Closed. 

Elapsed Real Time = 17.78 seconds
Total Run Time    = 8.51 seconds
User Run Time     = 8.48 seconds
System Run Time   = 0.03 seconds
Process Page Faults    =          7
Dynamic Bytes Consed   =          0
Ephemeral Bytes Consed = 17,484,312
There were 33 ephemeral GCs
COMPLETE
> ;;; Loading binary file "mpr-setup.sbin"
Warning! AC and SCH not supported yet in BackMark
 File Closed. 

Elapsed Real Time = 18.36 seconds
Total Run Time    = 8.82 seconds
User Run Time     = 8.68 seconds
System Run Time   = 0.14 seconds
Process Page Faults    =          2
Dynamic Bytes Consed   =    221,184
Ephemeral Bytes Consed = 17,550,800
There were 34 ephemeral GCs
COMPLETE
> ;;; Loading binary file "mpr-setup.sbin"
Warning! AC and SCH not supported yet in BackMark
 File Closed. 

Elapsed Real Time = 18.77 seconds
Total Run Time    = 9.04 seconds
User Run Time     = 9.02 seconds
System Run Time   = 0.02 seconds
Process Page Faults    =          1
Dynamic Bytes Consed   =          0
Ephemeral Bytes Consed = 17,729,832
There were 33 ephemeral GCs
COMPLETE
> ;;; Loading binary file "mpr-setup.sbin"
Warning! AC and SCH not supported yet in BackMark
 File Closed. 

Elapsed Real Time = 19.08 seconds
Total Run Time    = 8.74 seconds
User Run Time     = 8.69 seconds
System Run Time   = 0.05 seconds
Process Page Faults    =         25
Dynamic Bytes Consed   =          0
Ephemeral Bytes Consed = 17,550,840
There were 33 ephemeral GCs
COMPLETE
> ;;; Loading binary file "mpr-setup.sbin"
Warning! AC and SCH not supported yet in BackMark
 File Closed. 

Elapsed Real Time = 18.32 seconds
Total Run Time    = 9.39 seconds
User Run Time     = 9.37 seconds
System Run Time   = 0.02 seconds
Process Page Faults    =          1
Dynamic Bytes Consed   =          0
Ephemeral Bytes Consed = 17,926,248
There were 34 ephemeral GCs
COMPLETE
> ;;; Loading binary file "mpr-setup.sbin"
Warning! AC and SCH not supported yet in BackMark
 File Closed. 

Elapsed Real Time = 18.97 seconds
Total Run Time    = 8.94 seconds
User Run Time     = 8.75 seconds
System Run Time   = 0.19 seconds
Process Page Faults    =          2
Dynamic Bytes Consed   =    170,688
Ephemeral Bytes Consed = 17,543,944
There were 34 ephemeral GCs
COMPLETE
> ;;; Loading binary file "mpr-setup.sbin"
Warning! AC and SCH not supported yet in BackMark
 File Closed. 

Elapsed Real Time = 15.23 seconds
Total Run Time    = 8.58 seconds
User Run Time     = 8.42 seconds
System Run Time   = 0.16 seconds
Process Page Faults    =         19
Dynamic Bytes Consed   =          0
Ephemeral Bytes Consed = 17,503,648
There were 33 ephemeral GCs
COMPLETE
> ;;; Loading binary file "mpr-setup.sbin"
Warning! AC and SCH not supported yet in BackMark
 File Closed. 

Elapsed Real Time = 19.68 seconds
Total Run Time    = 9.15 seconds
User Run Time     = 9.11 seconds
System Run Time   = 0.04 seconds
Process Page Faults    =          9
Dynamic Bytes Consed   =          0
Ephemeral Bytes Consed = 17,508,344
There were 33 ephemeral GCs
COMPLETE
> ;;; Loading binary file "mpr-setup.sbin"
Warning! AC and SCH not supported yet in BackMark
 File Closed. 

Elapsed Real Time = 23.24 seconds
Total Run Time    = 13.63 seconds
User Run Time     = 13.48 seconds
System Run Time   = 0.15 seconds
Process Page Faults    =         15
Dynamic Bytes Consed   =    239,272
Ephemeral Bytes Consed = 27,097,232
There were 52 ephemeral GCs
COMPLETE
> ;;; Loading binary file "mpr-setup.sbin"
Warning! AC and SCH not supported yet in BackMark
 File Closed. 

Elapsed Real Time = 31.27 seconds
Total Run Time    = 13.69 seconds
User Run Time     = 13.49 seconds
System Run Time   = 0.20 seconds
Process Page Faults    =         19
Dynamic Bytes Consed   =          0
Ephemeral Bytes Consed = 26,815,736
There were 51 ephemeral GCs
COMPLETE
> ;;; Loading binary file "mpr-setup.sbin"
Warning! AC and SCH not supported yet in BackMark
 File Closed. 

Elapsed Real Time = 27.67 seconds
Total Run Time    = 12.97 seconds
User Run Time     = 12.92 seconds
System Run Time   = 0.05 seconds
Process Page Faults    =          7
Dynamic Bytes Consed   =          0
Ephemeral Bytes Consed = 26,825,240
There were 52 ephemeral GCs
COMPLETE
> ;;; Loading binary file "mpr-setup.sbin"
;;; Expanding Dynamic Memory
Warning! AC and SCH not supported yet in BackMark
 File Closed. 

Elapsed Real Time = 27.33 seconds
Total Run Time    = 13.49 seconds
User Run Time     = 13.38 seconds
System Run Time   = 0.11 seconds
Process Page Faults    =         34
Dynamic Bytes Consed   =     94,392
Ephemeral Bytes Consed = 27,030,392
There were 51 ephemeral GCs
COMPLETE
> ;;; Loading binary file "mpr-setup.sbin"
Warning! AC and SCH not supported yet in BackMark
 File Closed. 

Elapsed Real Time = 29.91 seconds
Total Run Time    = 14.04 seconds
User Run Time     = 14.00 seconds
System Run Time   = 0.04 seconds
Process Page Faults    =         15
Dynamic Bytes Consed   =          0
Ephemeral Bytes Consed = 27,229,976
There were 52 ephemeral GCs
COMPLETE
> ;;; Loading binary file "mpr-setup.sbin"
Warning! AC and SCH not supported yet in BackMark
 File Closed. 

Elapsed Real Time = 26.10 seconds
Total Run Time    = 13.76 seconds
User Run Time     = 13.63 seconds
System Run Time   = 0.13 seconds
Process Page Faults    =         29
Dynamic Bytes Consed   =    575,024
Ephemeral Bytes Consed = 27,036,856
There were 52 ephemeral GCs
COMPLETE
> ;;; Loading binary file "mpr-setup.sbin"
Warning! AC and SCH not supported yet in BackMark
 File Closed. 

Elapsed Real Time = 28.93 seconds
Total Run Time    = 14.37 seconds
User Run Time     = 14.30 seconds
System Run Time   = 0.07 seconds
Process Page Faults    =         13
Dynamic Bytes Consed   =          0
Ephemeral Bytes Consed = 27,392,144
There were 52 ephemeral GCs
COMPLETE
> ;;; Loading binary file "mpr-setup.sbin"
;;; GC: 135684 words [542736 bytes] of dynamic storage in use.
;;; 519674 words [2078696 bytes] of free storage available before a GC.
;;; 1175032 words [4700128 bytes] of free storage available if GC is disabled.
Warning! AC and SCH not supported yet in BackMark
 File Closed. 

Elapsed Real Time = 32.92 seconds
Total Run Time    = 14.95 seconds
User Run Time     = 14.63 seconds
System Run Time   = 0.32 seconds
Process Page Faults    =        352
Dynamic Bytes Consed   =    267,992
Ephemeral Bytes Consed = 27,154,024
There was 1 dynamic GC
There were 52 ephemeral GCs
COMPLETE
> ;;; Loading binary file "mpr-setup.sbin"
Warning! AC and SCH not supported yet in BackMark
 File Closed. 

Elapsed Real Time = 24.10 seconds
Total Run Time    = 13.09 seconds
User Run Time     = 13.02 seconds
System Run Time   = 0.07 seconds
Process Page Faults    =          6
Dynamic Bytes Consed   =          0
Ephemeral Bytes Consed = 26,899,864
There were 51 ephemeral GCs
COMPLETE
> ;;; Loading binary file "mpr-setup.sbin"
Warning! AC and SCH not supported yet in BackMark
 File Closed. 

Elapsed Real Time = 29.30 seconds
Total Run Time    = 13.65 seconds
User Run Time     = 13.56 seconds
System Run Time   = 0.09 seconds
Process Page Faults    =          9
Dynamic Bytes Consed   =          0
Ephemeral Bytes Consed = 26,966,696
There were 51 ephemeral GCs
COMPLETE
> ;;; Loading binary file "mpr-setup.sbin"
Warning! AC and SCH not supported yet in BackMark
 File Closed. 

Elapsed Real Time = 40.73 seconds
Total Run Time    = 20.07 seconds
User Run Time     = 19.95 seconds
System Run Time   = 0.12 seconds
Process Page Faults    =         21
Dynamic Bytes Consed   =    217,104
Ephemeral Bytes Consed = 38,712,560
There were 74 ephemeral GCs
COMPLETE
> ;;; Loading binary file "mpr-setup.sbin"
Warning! AC and SCH not supported yet in BackMark
 File Closed. 

Elapsed Real Time = 38.16 seconds
Total Run Time    = 19.06 seconds
User Run Time     = 19.00 seconds
System Run Time   = 0.06 seconds
Process Page Faults    =         27
Dynamic Bytes Consed   =    332,136
Ephemeral Bytes Consed = 38,154,960
There were 73 ephemeral GCs
COMPLETE
> ;;; Loading binary file "mpr-setup.sbin"
Warning! AC and SCH not supported yet in BackMark
 File Closed. 

Elapsed Real Time = 39.33 seconds
Total Run Time    = 18.90 seconds
User Run Time     = 18.82 seconds
System Run Time   = 0.08 seconds
Process Page Faults    =         16
Dynamic Bytes Consed   =          0
Ephemeral Bytes Consed = 38,224,800
There were 73 ephemeral GCs
COMPLETE
> ;;; Loading binary file "mpr-setup.sbin"
Warning! AC and SCH not supported yet in BackMark
 File Closed. 

Elapsed Real Time = 39.50 seconds
Total Run Time    = 19.66 seconds
User Run Time     = 19.54 seconds
System Run Time   = 0.12 seconds
Process Page Faults    =         29
Dynamic Bytes Consed   =    218,992
Ephemeral Bytes Consed = 38,375,256
There were 73 ephemeral GCs
COMPLETE
> ;;; Loading binary file "mpr-setup.sbin"
Warning! AC and SCH not supported yet in BackMark
 File Closed. 

Elapsed Real Time = 45.28 seconds
Total Run Time    = 20.50 seconds
User Run Time     = 20.36 seconds
System Run Time   = 0.14 seconds
Process Page Faults    =         25
Dynamic Bytes Consed   =          0
Ephemeral Bytes Consed = 38,840,096
There were 74 ephemeral GCs
COMPLETE
> ;;; Loading binary file "mpr-setup.sbin"
Warning! AC and SCH not supported yet in BackMark
 File Closed. 

Elapsed Real Time = 40.48 seconds
Total Run Time    = 19.61 seconds
User Run Time     = 19.39 seconds
System Run Time   = 0.22 seconds
Process Page Faults    =         33
Dynamic Bytes Consed   =    369,768
Ephemeral Bytes Consed = 38,394,312
There were 74 ephemeral GCs
COMPLETE
> ;;; Loading binary file "mpr-setup.sbin"
;;; GC: 111222 words [444888 bytes] of dynamic storage in use.
;;; 544136 words [2176544 bytes] of free storage available before a GC.
;;; 1199494 words [4797976 bytes] of free storage available if GC is disabled.
Warning! AC and SCH not supported yet in BackMark
 File Closed. 

Elapsed Real Time = 42.89 seconds
Total Run Time    = 21.68 seconds
User Run Time     = 21.57 seconds
System Run Time   = 0.11 seconds
Process Page Faults    =         78
Dynamic Bytes Consed   =    313,824
Ephemeral Bytes Consed = 38,865,024
There was 1 dynamic GC
There were 74 ephemeral GCs
COMPLETE
> ;;; Loading binary file "mpr-setup.sbin"
Warning! AC and SCH not supported yet in BackMark
 File Closed. 

Elapsed Real Time = 42.15 seconds
Total Run Time    = 19.36 seconds
User Run Time     = 19.28 seconds
System Run Time   = 0.08 seconds
Process Page Faults    =          1
Dynamic Bytes Consed   =          0
Ephemeral Bytes Consed = 38,489,144
There were 73 ephemeral GCs
COMPLETE
> ;;; Loading binary file "mpr-setup.sbin"
Warning! AC and SCH not supported yet in BackMark
 File Closed. 

Elapsed Real Time = 40.62 seconds
Total Run Time    = 19.63 seconds
User Run Time     = 19.48 seconds
System Run Time   = 0.15 seconds
Process Page Faults    =         43
Dynamic Bytes Consed   =    269,656
Ephemeral Bytes Consed = 38,403,744
There were 73 ephemeral GCs
COMPLETE
> ;;; Loading binary file "mpr-setup.sbin"
Warning! AC and SCH not supported yet in BackMark
 File Closed. 

Elapsed Real Time = 37.23 seconds
Total Run Time    = 19.36 seconds
User Run Time     = 19.14 seconds
System Run Time   = 0.22 seconds
Process Page Faults    =          4
Dynamic Bytes Consed   =          0
Ephemeral Bytes Consed = 38,393,904
There were 74 ephemeral GCs
COMPLETE
> ;;; Loading binary file "mpr-setup.sbin"

Clearing input from *debug-io*
>>Error: Cannot open file "Situation/Sit-test-1-ddist-1414384866-700" - Too many open files

OPEN:
   Required arg 0 (PATHNAME): "Situation/Sit-test-1-ddist-1414384866-700"
   Keyword arg 1 (DIRECTION): :OUTPUT
   Keyword arg 2 (ELEMENT-TYPE): STRING-CHAR
   Keyword arg 3 (IF-EXISTS): :OVERWRITE
   Keyword arg 4 (IF-DOES-NOT-EXIST): :CREATE
   Keyword arg 5 (ATTRIBUTES): NIL
:C  0: Use a new pathname
:A  1: Abort to Lisp Top Level

-> 
Clearing input from *debug-io*
>>Error: The symbol E has no global value

SYMBOL-VALUE:
   Required arg 0 (S): E
:C  0: Try evaluating E again
:A  1: Abort to Debugger Level 1
    2: Use a new pathname
    3: Abort to Lisp Top Level

->-> 
:TEMPLATE-ID
->-> 
"test1-w"
->-> 
:RANDOM-IDENT
->-> 
"5448756273"
->-> 
:SEARCH-MODE
->-> 
"bm"
->-> 
:FORWARD-CHECKING
->-> 
NIL
->-> 
:DYNAMIC-REARRANGEMENT
->-> 
NIL
->-> 
:OUTPUT-FILE
->-> 
"Batch/T6/t6-results/t6-4.out700"
->-> 
;;; Warning: Ignoring an unmatched right parenthesis

;;; Warning: Ignoring an unmatched right parenthesis
;;; Loading binary file "mpr-setup.sbin"

Clearing input from *debug-io*
>>Error: Cannot open file "mpr-setup.sbin" - Too many open files

OPEN:
   Required arg 0 (PATHNAME): #P"/tmp_mnt/cc/users/woods/woods/Steve/csp/mpr-setup.sbin"
   Keyword arg 1 (DIRECTION): :INPUT
   Keyword arg 2 (ELEMENT-TYPE): (UNSIGNED-BYTE 8)
   Keyword arg 3 (IF-EXISTS): NIL
   Keyword arg 4 (IF-DOES-NOT-EXIST): :ERROR
   Keyword arg 5 (ATTRIBUTES): NIL
:C  0: Use a new pathname
    1: Try loading "mpr-setup" again
:A  2: Abort to Debugger Level 2
    3: Try evaluating E again
    4: Abort to Debugger Level 1
    5: Use a new pathname
    6: Abort to Lisp Top Level

->->-> 
Clearing input from *debug-io*
>>Error: The symbol MPLATE-ID has no global value

SYMBOL-VALUE:
   Required arg 0 (S): MPLATE-ID
:C  0: Try evaluating MPLATE-ID again
:A  1: Abort to Debugger Level 3
    2: Use a new pathname
    3: Try loading "mpr-setup" again
    4: Abort to Debugger Level 2
    5: Try evaluating E again
    6: Abort to Debugger Level 1
    7: Use a new pathname
    8: Abort to Lisp Top Level

->->->-> 
Clearing input from *debug-io*
>>Error: The symbol TEST1-W has no global value

SYMBOL-VALUE:
   Required arg 0 (S): TEST1-W
:C  0: Try evaluating TEST1-W again
:A  1: Abort to Debugger Level 4
    2: Try evaluating MPLATE-ID again
    3: Abort to Debugger Level 3
    4: Use a new pathname
    5: Try loading "mpr-setup" again
    6: Abort to Debugger Level 2
    7: Try evaluating E again
    8: Abort to Debugger Level 1
    9: Use a new pathname
   10: Abort to Lisp Top Level

->->->->-> 
Clearing input from *debug-io*
>>Error: The symbol 1-W has no global value

SYMBOL-VALUE:
   Required arg 0 (S): 1-W
:C  0: Try evaluating 1-W again
:A  1: Abort to Debugger Level 5
    2: Try evaluating TEST1-W again
    3: Abort to Debugger Level 4
    4: Try evaluating MPLATE-ID again
    5: Abort to Debugger Level 3
    6: Use a new pathname
    7: Try loading "mpr-setup" again
    8: Abort to Debugger Level 2
    9: Try evaluating E again
   10: Abort to Debugger Level 1
   11: Use a new pathname
   12: Abort to Lisp Top Level

->->->->->-> 
Clearing input from *debug-io*
>>Error: The symbol NDOM-IDENT has no global value

SYMBOL-VALUE:
   Required arg 0 (S): NDOM-IDENT
:C  0: Try evaluating NDOM-IDENT again
:A  1: Abort to Debugger Level 6
    2: Try evaluating 1-W again
    3: Abort to Debugger Level 5
    4: Try evaluating TEST1-W again
    5: Abort to Debugger Level 4
    6: Try evaluating MPLATE-ID again
    7: Abort to Debugger Level 3
    8: Use a new pathname
    9: Try loading "mpr-setup" again
   10: Abort to Debugger Level 2
   11: Try evaluating E again
   12: Abort to Debugger Level 1
   13: Use a new pathname
   14: Abort to Lisp Top Level

->->->->->->-> 
5448756273
->->->->->->-> 
"
	   :search-mode "
->->->->->->-> 
Clearing input from *debug-io*
>>Error: The symbol BM has no global value

SYMBOL-VALUE:
   Required arg 0 (S): BM
:C  0: Try evaluating BM again
:A  1: Abort to Debugger Level 7
    2: Try evaluating NDOM-IDENT again
    3: Abort to Debugger Level 6
    4: Try evaluating 1-W again
    5: Abort to Debugger Level 5
    6: Try evaluating TEST1-W again
    7: Abort to Debugger Level 4
    8: Try evaluating MPLATE-ID again
    9: Abort to Debugger Level 3
   10: Use a new pathname
   11: Try loading "mpr-setup" again
   12: Abort to Debugger Level 2
   13: Try evaluating E again
   14: Abort to Debugger Level 1
   15: Use a new pathname
   16: Abort to Lisp Top Level

->->->->->->->-> 
"1972691557"
->->->->->->->-> 
:SEARCH-MODE
->->->->->->->-> 
"bm"
->->->->->->->-> 
:FORWARD-CHECKING
->->->->->->->-> 
NIL
->->->->->->->-> 
:DYNAMIC-REARRANGEMENT
->->->->->->->-> 
NIL
->->->->->->->-> 
:OUTPUT-FILE
->->->->->->->-> 
"Batch/T6/t6-results/t6-4.out1000"
->->->->->->->-> 
;;; Warning: Ignoring an unmatched right parenthesis

;;; Warning: Ignoring an unmatched right parenthesis
;;; Loading binary file "mpr-setup.sbin"

Clearing input from *debug-io*
>>Error: Cannot open file "mpr-setup.sbin" - Too many open files

OPEN:
   Required arg 0 (PATHNAME): #P"/tmp_mnt/cc/users/woods/woods/Steve/csp/mpr-setup.sbin"
   Keyword arg 1 (DIRECTION): :INPUT
   Keyword arg 2 (ELEMENT-TYPE): (UNSIGNED-BYTE 8)
   Keyword arg 3 (IF-EXISTS): NIL
   Keyword arg 4 (IF-DOES-NOT-EXIST): :ERROR
   Keyword arg 5 (ATTRIBUTES): NIL
:C  0: Use a new pathname
    1: Try loading "mpr-setup" again
:A  2: Abort to Debugger Level 8
    3: Try evaluating BM again
    4: Abort to Debugger Level 7
    5: Try evaluating NDOM-IDENT again
    6: Abort to Debugger Level 6
    7: Try evaluating 1-W again
    8: Abort to Debugger Level 5
    9: Try evaluating TEST1-W again
   10: Abort to Debugger Level 4
   11: Try evaluating MPLATE-ID again
   12: Abort to Debugger Level 3
   13: Use a new pathname
   14: Try loading "mpr-setup" again
   15: Abort to Debugger Level 2
   16: Try evaluating E again
   17: Abort to Debugger Level 1
   18: Use a new pathname
   19: Abort to Lisp Top Level

->->->->->->->->-> 
97565789
->->->->->->->->-> 
"
	   :search-mode "
->->->->->->->->-> 
Clearing input from *debug-io*
>>Error: The symbol BM has no global value

SYMBOL-VALUE:
   Required arg 0 (S): BM
:C  0: Try evaluating BM again
:A  1: Abort to Debugger Level 9
    2: Use a new pathname
    3: Try loading "mpr-setup" again
    4: Abort to Debugger Level 8
    5: Try evaluating BM again
    6: Abort to Debugger Level 7
    7: Try evaluating NDOM-IDENT again
    8: Abort to Debugger Level 6
    9: Try evaluating 1-W again
   10: Abort to Debugger Level 5
   11: Try evaluating TEST1-W again
   12: Abort to Debugger Level 4
   13: Try evaluating MPLATE-ID again
   14: Abort to Debugger Level 3
   15: Use a new pathname
   16: Try loading "mpr-setup" again
   17: Abort to Debugger Level 2
   18: Try evaluating E again
   19: Abort to Debugger Level 1
   20: Use a new pathname
   21: Abort to Lisp Top Level

->->->->->->->->->-> 