;;; Sun Common Lisp, Development Environment 4.0.1, 6 July 1990
;;; Sun-4 Version for SunOS 4.0.x and sunOS 4.1 
;;;
;;; Copyright (c) 1985, 1986, 1987, 1988, 1989, 1990
;;;            by Sun Microsystems, Inc.,  All Rights Reserved
;;; Copyright (c) 1985, 1986, 1987, 1988, 1989, 1990
;;;            by Lucid, Inc., All Rights Reserved
;;; This software product contains confidential and trade secret
;;; information belonging to Sun Microsystems, Inc.  It may not be copied
;;; for any reason other than for archival and backup purposes.
;;;
;;; Sun, Sun-4, and Sun Common Lisp are trademarks of Sun Microsystems Inc.

> Test 6 : Aug 19, 1993 using Aug 5 version v0.5 MOTOR
"Test 6 : Aug 19, 1993 using Aug 5 version v0.5 MOTOR"
> 
NIL
> 
NIL
> ;;; Loading source file "load.lisp"
;;; Warning: File "load.lisp" does not begin with IN-PACKAGE.  Loading into package "USER"
;;; Loading binary file "/cc/users/woods/ideas/csp/bm.sbin"
;;; Loading binary file "/cc/users/woods/ideas/csp/bt.sbin"
;;; Loading binary file "/cc/users/woods/ideas/csp/ct.sbin"
;;; Loading binary file "/cc/users/woods/ideas/csp/utility.sbin"
;;; Loading source file "/cc/users/woods/ideas/csp/compile.lisp"
;;; Warning: File "/cc/users/woods/ideas/csp/compile.lisp" does not begin with IN-PACKAGE.  Loading into package "USER"
;;; Loading binary file "queens.sbin"
;;; Loading binary file "mpr-simple.sbin"
;;; Warning: Redefining Function NODE-CONSISTENT-VARIABLES which used to be defined in "queens.lisp"
;;; Warning: Redefining Function ARC-P which used to be defined in "queens.lisp"
;;; Warning: Redefining Function CONSISTENT-P which used to be defined in "queens.lisp"
;;; Warning: Redefining Function GET-CONSTRAINT-MAX-LEVEL which used to be defined in "queens.lisp"
;;; Loading binary file "mpr-setup.sbin"
#P"/home/users/woods/Steve/csp/load.lisp"
> ;;; Loading binary file "mpr-setup.sbin"
Warning! AC and SCH not supported yet in BackMark
 File Closed. 

Elapsed Real Time = 6.04 seconds
Total Run Time    = 1.18 seconds
User Run Time     = 1.12 seconds
System Run Time   = 0.06 seconds
Process Page Faults    =        202
Dynamic Bytes Consed   =     22,144
Ephemeral Bytes Consed =  1,413,696
There were 3 ephemeral GCs
COMPLETE
> ;;; Loading binary file "mpr-setup.sbin"
Warning! AC and SCH not supported yet in BackMark
 File Closed. 

Elapsed Real Time = 4.10 seconds
Total Run Time    = 0.97 seconds
User Run Time     = 0.89 seconds
System Run Time   = 0.08 seconds
Process Page Faults    =         63
Dynamic Bytes Consed   =          0
Ephemeral Bytes Consed =  1,391,704
There were 2 ephemeral GCs
COMPLETE
> ;;; Loading binary file "mpr-setup.sbin"
Warning! AC and SCH not supported yet in BackMark
 File Closed. 

Elapsed Real Time = 3.89 seconds
Total Run Time    = 1.04 seconds
User Run Time     = 1.00 seconds
System Run Time   = 0.04 seconds
Process Page Faults    =         53
Dynamic Bytes Consed   =          0
Ephemeral Bytes Consed =  1,415,832
There were 3 ephemeral GCs
COMPLETE
> ;;; Loading binary file "mpr-setup.sbin"
Warning! AC and SCH not supported yet in BackMark
 File Closed. 

Elapsed Real Time = 4.49 seconds
Total Run Time    = 1.11 seconds
User Run Time     = 1.07 seconds
System Run Time   = 0.04 seconds
Process Page Faults    =         54
Dynamic Bytes Consed   =          0
Ephemeral Bytes Consed =  1,446,696
There were 3 ephemeral GCs
COMPLETE
> ;;; Loading binary file "mpr-setup.sbin"
Warning! AC and SCH not supported yet in BackMark
 File Closed. 

Elapsed Real Time = 3.67 seconds
Total Run Time    = 0.92 seconds
User Run Time     = 0.88 seconds
System Run Time   = 0.04 seconds
Process Page Faults    =         62
Dynamic Bytes Consed   =          0
Ephemeral Bytes Consed =  1,403,048
There were 2 ephemeral GCs
COMPLETE
> ;;; Loading binary file "mpr-setup.sbin"
Warning! AC and SCH not supported yet in BackMark
 File Closed. 

Elapsed Real Time = 4.20 seconds
Total Run Time    = 1.06 seconds
User Run Time     = 1.01 seconds
System Run Time   = 0.05 seconds
Process Page Faults    =         73
Dynamic Bytes Consed   =          0
Ephemeral Bytes Consed =  1,402,704
There were 3 ephemeral GCs
COMPLETE
> ;;; Loading binary file "mpr-setup.sbin"
Warning! AC and SCH not supported yet in BackMark
 File Closed. 

Elapsed Real Time = 4.37 seconds
Total Run Time    = 1.09 seconds
User Run Time     = 1.03 seconds
System Run Time   = 0.06 seconds
Process Page Faults    =        131
Dynamic Bytes Consed   =          0
Ephemeral Bytes Consed =  1,459,560
There were 3 ephemeral GCs
COMPLETE
> ;;; Loading binary file "mpr-setup.sbin"
Warning! AC and SCH not supported yet in BackMark
 File Closed. 

Elapsed Real Time = 4.22 seconds
Total Run Time    = 1.03 seconds
User Run Time     = 0.98 seconds
System Run Time   = 0.05 seconds
Process Page Faults    =        104
Dynamic Bytes Consed   =          0
Ephemeral Bytes Consed =  1,410,416
There were 3 ephemeral GCs
COMPLETE
> ;;; Loading binary file "mpr-setup.sbin"
Warning! AC and SCH not supported yet in BackMark
 File Closed. 

Elapsed Real Time = 4.25 seconds
Total Run Time    = 1.02 seconds
User Run Time     = 0.99 seconds
System Run Time   = 0.03 seconds
Process Page Faults    =         51
Dynamic Bytes Consed   =          0
Ephemeral Bytes Consed =  1,441,320
There were 2 ephemeral GCs
COMPLETE
> ;;; Loading binary file "mpr-setup.sbin"
Warning! AC and SCH not supported yet in BackMark
 File Closed. 

Elapsed Real Time = 4.78 seconds
Total Run Time    = 1.05 seconds
User Run Time     = 1.01 seconds
System Run Time   = 0.04 seconds
Process Page Faults    =         60
Dynamic Bytes Consed   =     43,776
Ephemeral Bytes Consed =  1,420,424
There were 3 ephemeral GCs
COMPLETE
> ;;; Loading binary file "mpr-setup.sbin"
Warning! AC and SCH not supported yet in BackMark
 File Closed. 

Elapsed Real Time = 12.30 seconds
Total Run Time    = 3.14 seconds
User Run Time     = 3.13 seconds
System Run Time   = 0.01 seconds
Process Page Faults    =         55
Dynamic Bytes Consed   =          0
Ephemeral Bytes Consed =  4,873,520
There were 9 ephemeral GCs
COMPLETE
> ;;; Loading binary file "mpr-setup.sbin"
Warning! AC and SCH not supported yet in BackMark
 File Closed. 

Elapsed Real Time = 11.93 seconds
Total Run Time    = 2.90 seconds
User Run Time     = 2.87 seconds
System Run Time   = 0.03 seconds
Process Page Faults    =         29
Dynamic Bytes Consed   =          0
Ephemeral Bytes Consed =  4,745,352
There were 9 ephemeral GCs
COMPLETE
> ;;; Loading binary file "mpr-setup.sbin"
Warning! AC and SCH not supported yet in BackMark
 File Closed. 

Elapsed Real Time = 13.58 seconds
Total Run Time    = 3.14 seconds
User Run Time     = 3.11 seconds
System Run Time   = 0.03 seconds
Process Page Faults    =         74
Dynamic Bytes Consed   =          0
Ephemeral Bytes Consed =  4,841,752
There were 10 ephemeral GCs
COMPLETE
> ;;; Loading binary file "mpr-setup.sbin"
Warning! AC and SCH not supported yet in BackMark
 File Closed. 

Elapsed Real Time = 12.25 seconds
Total Run Time    = 3.22 seconds
User Run Time     = 3.18 seconds
System Run Time   = 0.04 seconds
Process Page Faults    =         53
Dynamic Bytes Consed   =          0
Ephemeral Bytes Consed =  4,925,400
There were 9 ephemeral GCs
COMPLETE
> ;;; Loading binary file "mpr-setup.sbin"
Warning! AC and SCH not supported yet in BackMark
 File Closed. 

Elapsed Real Time = 14.09 seconds
Total Run Time    = 2.98 seconds
User Run Time     = 2.95 seconds
System Run Time   = 0.03 seconds
Process Page Faults    =         53
Dynamic Bytes Consed   =          0
Ephemeral Bytes Consed =  4,816,032
There were 9 ephemeral GCs
COMPLETE
> ;;; Loading binary file "mpr-setup.sbin"
Warning! AC and SCH not supported yet in BackMark
 File Closed. 

Elapsed Real Time = 13.87 seconds
Total Run Time    = 3.05 seconds
User Run Time     = 3.02 seconds
System Run Time   = 0.03 seconds
Process Page Faults    =         78
Dynamic Bytes Consed   =          0
Ephemeral Bytes Consed =  4,832,872
There were 10 ephemeral GCs
COMPLETE
> ;;; Loading binary file "mpr-setup.sbin"
Warning! AC and SCH not supported yet in BackMark
 File Closed. 

Elapsed Real Time = 15.01 seconds
Total Run Time    = 3.49 seconds
User Run Time     = 3.47 seconds
System Run Time   = 0.02 seconds
Process Page Faults    =         64
Dynamic Bytes Consed   =          0
Ephemeral Bytes Consed =  5,143,416
There were 9 ephemeral GCs
COMPLETE
> ;;; Loading binary file "mpr-setup.sbin"
Warning! AC and SCH not supported yet in BackMark
 File Closed. 

Elapsed Real Time = 13.80 seconds
Total Run Time    = 2.99 seconds
User Run Time     = 2.94 seconds
System Run Time   = 0.05 seconds
Process Page Faults    =         57
Dynamic Bytes Consed   =          0
Ephemeral Bytes Consed =  4,791,696
There were 9 ephemeral GCs
COMPLETE
> ;;; Loading binary file "mpr-setup.sbin"
Warning! AC and SCH not supported yet in BackMark
 File Closed. 

Elapsed Real Time = 13.65 seconds
Total Run Time    = 3.25 seconds
User Run Time     = 3.23 seconds
System Run Time   = 0.02 seconds
Process Page Faults    =         70
Dynamic Bytes Consed   =     87,600
Ephemeral Bytes Consed =  4,844,416
There were 9 ephemeral GCs
COMPLETE
> ;;; Loading binary file "mpr-setup.sbin"
Warning! AC and SCH not supported yet in BackMark
 File Closed. 

Elapsed Real Time = 13.88 seconds
Total Run Time    = 3.13 seconds
User Run Time     = 3.10 seconds
System Run Time   = 0.03 seconds
Process Page Faults    =         60
Dynamic Bytes Consed   =          0
Ephemeral Bytes Consed =  4,870,624
There were 9 ephemeral GCs
COMPLETE
> ;;; Loading binary file "mpr-setup.sbin"
Warning! AC and SCH not supported yet in BackMark
 File Closed. 

Elapsed Real Time = 27.37 seconds
Total Run Time    = 7.00 seconds
User Run Time     = 6.94 seconds
System Run Time   = 0.06 seconds
Process Page Faults    =         95
Dynamic Bytes Consed   =          0
Ephemeral Bytes Consed = 10,583,864
There were 20 ephemeral GCs
COMPLETE
> ;;; Loading binary file "mpr-setup.sbin"
Warning! AC and SCH not supported yet in BackMark
 File Closed. 

Elapsed Real Time = 25.81 seconds
Total Run Time    = 6.20 seconds
User Run Time     = 6.17 seconds
System Run Time   = 0.03 seconds
Process Page Faults    =         54
Dynamic Bytes Consed   =          0
Ephemeral Bytes Consed = 10,155,632
There were 20 ephemeral GCs
COMPLETE
> ;;; Loading binary file "mpr-setup.sbin"
Warning! AC and SCH not supported yet in BackMark
 File Closed. 

Elapsed Real Time = 25.19 seconds
Total Run Time    = 6.60 seconds
User Run Time     = 6.51 seconds
System Run Time   = 0.09 seconds
Process Page Faults    =         86
Dynamic Bytes Consed   =          0
Ephemeral Bytes Consed = 10,295,408
There were 19 ephemeral GCs
COMPLETE
> ;;; Loading binary file "mpr-setup.sbin"
Warning! AC and SCH not supported yet in BackMark
 File Closed. 

Elapsed Real Time = 26.57 seconds
Total Run Time    = 6.99 seconds
User Run Time     = 6.90 seconds
System Run Time   = 0.09 seconds
Process Page Faults    =        115
Dynamic Bytes Consed   =    185,968
Ephemeral Bytes Consed = 10,527,912
There were 20 ephemeral GCs
COMPLETE
> ;;; Loading binary file "mpr-setup.sbin"
Warning! AC and SCH not supported yet in BackMark
 File Closed. 

Elapsed Real Time = 27.67 seconds
Total Run Time    = 6.54 seconds
User Run Time     = 6.46 seconds
System Run Time   = 0.08 seconds
Process Page Faults    =         85
Dynamic Bytes Consed   =          0
Ephemeral Bytes Consed = 10,376,984
There were 20 ephemeral GCs
COMPLETE
> ;;; Loading binary file "mpr-setup.sbin"
Warning! AC and SCH not supported yet in BackMark
 File Closed. 

Elapsed Real Time = 27.60 seconds
Total Run Time    = 6.95 seconds
User Run Time     = 6.91 seconds
System Run Time   = 0.04 seconds
Process Page Faults    =         57
Dynamic Bytes Consed   =          0
Ephemeral Bytes Consed = 10,676,864
There were 21 ephemeral GCs
COMPLETE
> ;;; Loading binary file "mpr-setup.sbin"
Warning! AC and SCH not supported yet in BackMark
 File Closed. 

Elapsed Real Time = 30.47 seconds
Total Run Time    = 7.54 seconds
User Run Time     = 7.53 seconds
System Run Time   = 0.01 seconds
Process Page Faults    =         22
Dynamic Bytes Consed   =          0
Ephemeral Bytes Consed = 10,961,432
There were 20 ephemeral GCs
COMPLETE
> ;;; Loading binary file "mpr-setup.sbin"
Warning! AC and SCH not supported yet in BackMark
 File Closed. 

Elapsed Real Time = 26.76 seconds
Total Run Time    = 6.77 seconds
User Run Time     = 6.74 seconds
System Run Time   = 0.03 seconds
Process Page Faults    =         61
Dynamic Bytes Consed   =          0
Ephemeral Bytes Consed = 10,470,368
There were 20 ephemeral GCs
COMPLETE
> ;;; Loading binary file "mpr-setup.sbin"
Warning! AC and SCH not supported yet in BackMark
 File Closed. 

Elapsed Real Time = 28.55 seconds
Total Run Time    = 6.59 seconds
User Run Time     = 6.55 seconds
System Run Time   = 0.04 seconds
Process Page Faults    =         64
Dynamic Bytes Consed   =          0
Ephemeral Bytes Consed = 10,258,656
There were 20 ephemeral GCs
COMPLETE
> ;;; Loading binary file "mpr-setup.sbin"
Warning! AC and SCH not supported yet in BackMark
 File Closed. 

Elapsed Real Time = 29.42 seconds
Total Run Time    = 7.20 seconds
User Run Time     = 7.12 seconds
System Run Time   = 0.08 seconds
Process Page Faults    =         82
Dynamic Bytes Consed   =    175,296
Ephemeral Bytes Consed = 10,668,600
There were 20 ephemeral GCs
COMPLETE
> ;;; Loading binary file "mpr-setup.sbin"
Warning! AC and SCH not supported yet in BackMark
 File Closed. 

Elapsed Real Time = 51.43 seconds
Total Run Time    = 12.94 seconds
User Run Time     = 12.89 seconds
System Run Time   = 0.05 seconds
Process Page Faults    =         80
Dynamic Bytes Consed   =    121,712
Ephemeral Bytes Consed = 18,683,104
There were 36 ephemeral GCs
COMPLETE
> ;;; Loading binary file "mpr-setup.sbin"
Warning! AC and SCH not supported yet in BackMark
 File Closed. 

Elapsed Real Time = 42.15 seconds
Total Run Time    = 10.72 seconds
User Run Time     = 10.67 seconds
System Run Time   = 0.05 seconds
Process Page Faults    =         90
Dynamic Bytes Consed   =          0
Ephemeral Bytes Consed = 17,640,624
There were 34 ephemeral GCs
COMPLETE
> ;;; Loading binary file "mpr-setup.sbin"
Warning! AC and SCH not supported yet in BackMark
 File Closed. 

Elapsed Real Time = 47.06 seconds
Total Run Time    = 11.47 seconds
User Run Time     = 11.44 seconds
System Run Time   = 0.03 seconds
Process Page Faults    =         66
Dynamic Bytes Consed   =          0
Ephemeral Bytes Consed = 17,893,056
There were 34 ephemeral GCs
COMPLETE
> ;;; Loading binary file "mpr-setup.sbin"
Warning! AC and SCH not supported yet in BackMark
 File Closed. 

Elapsed Real Time = 53.62 seconds
Total Run Time    = 13.13 seconds
User Run Time     = 13.05 seconds
System Run Time   = 0.08 seconds
Process Page Faults    =        122
Dynamic Bytes Consed   =    211,936
Ephemeral Bytes Consed = 18,822,424
There were 36 ephemeral GCs
COMPLETE
> ;;; Loading binary file "mpr-setup.sbin"
Warning! AC and SCH not supported yet in BackMark
 File Closed. 

Elapsed Real Time = 47.47 seconds
Total Run Time    = 11.85 seconds
User Run Time     = 11.79 seconds
System Run Time   = 0.06 seconds
Process Page Faults    =         74
Dynamic Bytes Consed   =          0
Ephemeral Bytes Consed = 18,209,856
There were 35 ephemeral GCs
COMPLETE
> ;;; Loading binary file "mpr-setup.sbin"
Warning! AC and SCH not supported yet in BackMark
 File Closed. 

Elapsed Real Time = 53.82 seconds
Total Run Time    = 13.32 seconds
User Run Time     = 13.27 seconds
System Run Time   = 0.05 seconds
Process Page Faults    =         66
Dynamic Bytes Consed   =          0
Ephemeral Bytes Consed = 19,477,328
There were 37 ephemeral GCs
COMPLETE
> ;;; Loading binary file "mpr-setup.sbin"
Warning! AC and SCH not supported yet in BackMark
 File Closed. 

Elapsed Real Time = 50.17 seconds
Total Run Time    = 13.69 seconds
User Run Time     = 13.64 seconds
System Run Time   = 0.05 seconds
Process Page Faults    =         70
Dynamic Bytes Consed   =          0
Ephemeral Bytes Consed = 19,324,696
There were 37 ephemeral GCs
COMPLETE
> ;;; Loading binary file "mpr-setup.sbin"
Warning! AC and SCH not supported yet in BackMark
 File Closed. 

Elapsed Real Time = 48.72 seconds
Total Run Time    = 12.41 seconds
User Run Time     = 12.34 seconds
System Run Time   = 0.07 seconds
Process Page Faults    =         91
Dynamic Bytes Consed   =     92,984
Ephemeral Bytes Consed = 18,617,344
There were 35 ephemeral GCs
COMPLETE
> ;;; Loading binary file "mpr-setup.sbin"
Warning! AC and SCH not supported yet in BackMark
 File Closed. 

Elapsed Real Time = 45.35 seconds
Total Run Time    = 11.52 seconds
User Run Time     = 11.45 seconds
System Run Time   = 0.07 seconds
Process Page Faults    =        124
Dynamic Bytes Consed   =          0
Ephemeral Bytes Consed = 17,813,136
There were 34 ephemeral GCs
COMPLETE
> ;;; Loading binary file "mpr-setup.sbin"
Warning! AC and SCH not supported yet in BackMark
 File Closed. 

Elapsed Real Time = 52.64 seconds
Total Run Time    = 13.13 seconds
User Run Time     = 13.08 seconds
System Run Time   = 0.05 seconds
Process Page Faults    =         65
Dynamic Bytes Consed   =          0
Ephemeral Bytes Consed = 18,668,680
There were 36 ephemeral GCs
COMPLETE
> ;;; Loading binary file "mpr-setup.sbin"
Warning! AC and SCH not supported yet in BackMark
 File Closed. 

Elapsed Real Time = 98.48 seconds (1 minute, 38.48 seconds)
Total Run Time    = 22.79 seconds
User Run Time     = 22.63 seconds
System Run Time   = 0.16 seconds
Process Page Faults    =         71
Dynamic Bytes Consed   =    195,888
Ephemeral Bytes Consed = 30,202,856
There were 57 ephemeral GCs
COMPLETE
> ;;; Loading binary file "mpr-setup.sbin"
Warning! AC and SCH not supported yet in BackMark
 File Closed. 

Elapsed Real Time = 70.49 seconds (1 minute, 10.49 seconds)
Total Run Time    = 17.64 seconds
User Run Time     = 17.58 seconds
System Run Time   = 0.06 seconds
Process Page Faults    =         51
Dynamic Bytes Consed   =          0
Ephemeral Bytes Consed = 27,537,304
There were 53 ephemeral GCs
COMPLETE
> ;;; Loading binary file "mpr-setup.sbin"
Warning! AC and SCH not supported yet in BackMark
 File Closed. 

Elapsed Real Time = 80.44 seconds (1 minute, 20.44 seconds)
Total Run Time    = 18.52 seconds
User Run Time     = 18.36 seconds
System Run Time   = 0.16 seconds
Process Page Faults    =        136
Dynamic Bytes Consed   =    246,056
Ephemeral Bytes Consed = 27,857,024
There were 53 ephemeral GCs
COMPLETE
> ;;; Loading binary file "mpr-setup.sbin"
Warning! AC and SCH not supported yet in BackMark
 File Closed. 

Elapsed Real Time = 91.18 seconds (1 minute, 31.18 seconds)
Total Run Time    = 21.78 seconds
User Run Time     = 21.73 seconds
System Run Time   = 0.05 seconds
Process Page Faults    =        130
Dynamic Bytes Consed   =          0
Ephemeral Bytes Consed = 30,578,528
There were 58 ephemeral GCs
COMPLETE
> ;;; Loading binary file "mpr-setup.sbin"
;;; Expanding Dynamic Memory
Warning! AC and SCH not supported yet in BackMark
 File Closed. 

Elapsed Real Time = 82.16 seconds (1 minute, 22.16 seconds)
Total Run Time    = 18.89 seconds
User Run Time     = 18.68 seconds
System Run Time   = 0.21 seconds
Process Page Faults    =        242
Dynamic Bytes Consed   =    303,048
Ephemeral Bytes Consed = 28,231,184
There were 54 ephemeral GCs
COMPLETE
> ;;; Loading binary file "mpr-setup.sbin"
Warning! AC and SCH not supported yet in BackMark
 File Closed. 

Elapsed Real Time = 89.83 seconds (1 minute, 29.83 seconds)
Total Run Time    = 22.38 seconds
User Run Time     = 22.19 seconds
System Run Time   = 0.19 seconds
Process Page Faults    =        282
Dynamic Bytes Consed   =    350,832
Ephemeral Bytes Consed = 31,187,136
There were 60 ephemeral GCs
COMPLETE
> ;;; Loading binary file "mpr-setup.sbin"
Warning! AC and SCH not supported yet in BackMark
 File Closed. 

Elapsed Real Time = 111.26 seconds (1 minute, 51.26 seconds)
Total Run Time    = 25.39 seconds
User Run Time     = 25.25 seconds
System Run Time   = 0.14 seconds
Process Page Faults    =        213
Dynamic Bytes Consed   =          0
Ephemeral Bytes Consed = 32,998,280
There were 63 ephemeral GCs
COMPLETE
> ;;; Loading binary file "mpr-setup.sbin"
;;; GC: 100448 words [401792 bytes] of dynamic storage in use.
;;; 538526 words [2154104 bytes] of free storage available before a GC.
;;; 1177500 words [4710000 bytes] of free storage available if GC is disabled.
Warning! AC and SCH not supported yet in BackMark
 File Closed. 

Elapsed Real Time = 93.23 seconds (1 minute, 33.23 seconds)
Total Run Time    = 21.17 seconds
User Run Time     = 20.68 seconds
System Run Time   = 0.49 seconds
Process Page Faults    =        784
Dynamic Bytes Consed   =    176,880
Ephemeral Bytes Consed = 29,255,016
There was 1 dynamic GC
There were 55 ephemeral GCs
COMPLETE
> ;;; Loading binary file "mpr-setup.sbin"
Warning! AC and SCH not supported yet in BackMark
 File Closed. 

Elapsed Real Time = 73.51 seconds (1 minute, 13.51 seconds)
Total Run Time    = 18.83 seconds
User Run Time     = 18.70 seconds
System Run Time   = 0.13 seconds
Process Page Faults    =        214
Dynamic Bytes Consed   =          0
Ephemeral Bytes Consed = 27,940,472
There were 54 ephemeral GCs
COMPLETE
> ;;; Loading binary file "mpr-setup.sbin"
Warning! AC and SCH not supported yet in BackMark
 File Closed. 

Elapsed Real Time = 113.53 seconds (1 minute, 53.53 seconds)
Total Run Time    = 21.05 seconds
User Run Time     = 20.87 seconds
System Run Time   = 0.18 seconds
Process Page Faults    =        233
Dynamic Bytes Consed   =    240,528
Ephemeral Bytes Consed = 29,427,912
There were 56 ephemeral GCs
COMPLETE
> ;;; Loading binary file "mpr-setup.sbin"
Warning! AC and SCH not supported yet in BackMark
 File Closed. 

Elapsed Real Time = 132.56 seconds (2 minutes, 12.56 seconds)
Total Run Time    = 32.75 seconds
User Run Time     = 32.49 seconds
System Run Time   = 0.26 seconds
Process Page Faults    =        475
Dynamic Bytes Consed   =          0
Ephemeral Bytes Consed = 44,747,992
There were 85 ephemeral GCs
COMPLETE
> ;;; Loading binary file "mpr-setup.sbin"
Warning! AC and SCH not supported yet in BackMark
 File Closed. 

Elapsed Real Time = 100.61 seconds (1 minute, 40.61 seconds)
Total Run Time    = 25.75 seconds
User Run Time     = 25.59 seconds
System Run Time   = 0.16 seconds
Process Page Faults    =        208
Dynamic Bytes Consed   =    224,208
Ephemeral Bytes Consed = 39,302,480
There were 75 ephemeral GCs
COMPLETE
> ;;; Loading binary file "mpr-setup.sbin"
Warning! AC and SCH not supported yet in BackMark
 File Closed. 

Elapsed Real Time = 115.00 seconds (1 minute, 55.00 seconds)
Total Run Time    = 27.57 seconds
User Run Time     = 27.37 seconds
System Run Time   = 0.20 seconds
Process Page Faults    =        300
Dynamic Bytes Consed   =    323,112
Ephemeral Bytes Consed = 40,492,696
There were 78 ephemeral GCs
COMPLETE
> ;;; Loading binary file "mpr-setup.sbin"
Warning! AC and SCH not supported yet in BackMark
 File Closed. 

Elapsed Real Time = 139.28 seconds (2 minutes, 19.28 seconds)
Total Run Time    = 32.18 seconds
User Run Time     = 31.94 seconds
System Run Time   = 0.24 seconds
Process Page Faults    =        350
Dynamic Bytes Consed   =          0
Ephemeral Bytes Consed = 43,813,456
There were 83 ephemeral GCs
COMPLETE
> ;;; Loading binary file "mpr-setup.sbin"
Warning! AC and SCH not supported yet in BackMark
 File Closed. 

Elapsed Real Time = 152.85 seconds (2 minutes, 32.85 seconds)
Total Run Time    = 29.45 seconds
User Run Time     = 28.89 seconds
System Run Time   = 0.56 seconds
Process Page Faults    =      1,047
Dynamic Bytes Consed   =    255,608
Ephemeral Bytes Consed = 40,689,528
There were 78 ephemeral GCs
COMPLETE
> ;;; Loading binary file "mpr-setup.sbin"
Warning! AC and SCH not supported yet in BackMark
 File Closed. 

Elapsed Real Time = 177.89 seconds (2 minutes, 57.89 seconds)
Total Run Time    = 35.32 seconds
User Run Time     = 34.70 seconds
System Run Time   = 0.62 seconds
Process Page Faults    =      1,012
Dynamic Bytes Consed   =          0
Ephemeral Bytes Consed = 45,390,616
There were 86 ephemeral GCs
COMPLETE
> ;;; Loading binary file "mpr-setup.sbin"
Warning! AC and SCH not supported yet in BackMark
 File Closed. 

Elapsed Real Time = 160.99 seconds (2 minutes, 40.99 seconds)
Total Run Time    = 39.85 seconds
User Run Time     = 39.54 seconds
System Run Time   = 0.31 seconds
Process Page Faults    =        744
Dynamic Bytes Consed   =    400,944
Ephemeral Bytes Consed = 52,518,384
There were 101 ephemeral GCs
COMPLETE
> ;;; Loading binary file "mpr-setup.sbin"
;;; GC: 107878 words [431512 bytes] of dynamic storage in use.
;;; 531096 words [2124384 bytes] of free storage available before a GC.
;;; 1170070 words [4680280 bytes] of free storage available if GC is disabled.
Warning! AC and SCH not supported yet in BackMark
 File Closed. 

Elapsed Real Time = 127.92 seconds (2 minutes, 7.92 seconds)
Total Run Time    = 30.36 seconds
User Run Time     = 29.68 seconds
System Run Time   = 0.68 seconds
Process Page Faults    =      1,165
Dynamic Bytes Consed   =    263,288
Ephemeral Bytes Consed = 41,567,256
There was 1 dynamic GC
There were 79 ephemeral GCs
COMPLETE
> ;;; Loading binary file "mpr-setup.sbin"
Warning! AC and SCH not supported yet in BackMark
 File Closed. 

Elapsed Real Time = 107.30 seconds (1 minute, 47.30 seconds)
Total Run Time    = 27.72 seconds
User Run Time     = 27.57 seconds
System Run Time   = 0.15 seconds
Process Page Faults    =        208
Dynamic Bytes Consed   =          0
Ephemeral Bytes Consed = 40,568,080
There were 77 ephemeral GCs
COMPLETE
> ;;; Loading binary file "mpr-setup.sbin"
Warning! AC and SCH not supported yet in BackMark
 File Closed. 

Elapsed Real Time = 128.28 seconds (2 minutes, 8.28 seconds)
Total Run Time    = 31.82 seconds
User Run Time     = 31.53 seconds
System Run Time   = 0.29 seconds
Process Page Faults    =        460
Dynamic Bytes Consed   =    228,064
Ephemeral Bytes Consed = 43,386,728
There were 83 ephemeral GCs
COMPLETE
> ;;; Loading binary file "mpr-setup.sbin"

Clearing input from *debug-io*
>>Error: Cannot open file "Batch/T6/t6-results/t6-8.out700" - Too many open files

OPEN:
   Required arg 0 (PATHNAME): "Batch/T6/t6-results/t6-8.out700"
   Keyword arg 1 (DIRECTION): :OUTPUT
   Keyword arg 2 (ELEMENT-TYPE): STRING-CHAR
   Keyword arg 3 (IF-EXISTS): :APPEND
   Keyword arg 4 (IF-DOES-NOT-EXIST): :CREATE
   Keyword arg 5 (ATTRIBUTES): NIL
:C  0: Use a new pathname
:A  1: Abort to Lisp Top Level

-> 
Clearing input from *debug-io*
>>Error: The symbol EARRANGEMENT has no global value

SYMBOL-VALUE:
   Required arg 0 (S): EARRANGEMENT
:C  0: Try evaluating EARRANGEMENT again
:A  1: Abort to Debugger Level 1
    2: Use a new pathname
    3: Abort to Lisp Top Level

->-> 
:OUTPUT-FILE
->-> 
"Batch/T6/t6-results/t6-8.out700"
->-> 
;;; Warning: Ignoring an unmatched right parenthesis

;;; Warning: Ignoring an unmatched right parenthesis
;;; Loading binary file "mpr-setup.sbin"

Clearing input from *debug-io*
>>Error: Cannot open file "mpr-setup.sbin" - Too many open files

OPEN:
   Required arg 0 (PATHNAME): #P"/home/users/woods/Steve/csp/mpr-setup.sbin"
   Keyword arg 1 (DIRECTION): :INPUT
   Keyword arg 2 (ELEMENT-TYPE): (UNSIGNED-BYTE 8)
   Keyword arg 3 (IF-EXISTS): NIL
   Keyword arg 4 (IF-DOES-NOT-EXIST): :ERROR
   Keyword arg 5 (ATTRIBUTES): NIL
:C  0: Use a new pathname
    1: Try loading "mpr-setup" again
:A  2: Abort to Debugger Level 2
    3: Try evaluating EARRANGEMENT again
    4: Abort to Debugger Level 1
    5: Use a new pathname
    6: Abort to Lisp Top Level

->->-> 
Clearing input from *debug-io*
>>Error: The symbol E has no global value

SYMBOL-VALUE:
   Required arg 0 (S): E
:C  0: Try evaluating E again
:A  1: Abort to Debugger Level 3
    2: Use a new pathname
    3: Try loading "mpr-setup" again
    4: Abort to Debugger Level 2
    5: Try evaluating EARRANGEMENT again
    6: Abort to Debugger Level 1
    7: Use a new pathname
    8: Abort to Lisp Top Level

->->->-> 
Clearing input from *debug-io*
>>Error: The symbol TS/T6-8.OUT800 has no global value

SYMBOL-VALUE:
   Required arg 0 (S): TS/T6-8.OUT800
:C  0: Try evaluating TS/T6-8.OUT800 again
:A  1: Abort to Debugger Level 4
    2: Try evaluating E again
    3: Abort to Debugger Level 3
    4: Use a new pathname
    5: Try loading "mpr-setup" again
    6: Abort to Debugger Level 2
    7: Try evaluating EARRANGEMENT again
    8: Abort to Debugger Level 1
    9: Use a new pathname
   10: Abort to Lisp Top Level

->->->->-> 
Try evaluating TS/T6-8.OUT800 again

Clearing input from *debug-io*
>>Error: The symbol TS/T6-8.OUT800 has no global value

SYMBOL-VALUE:
   Required arg 0 (S): TS/T6-8.OUT800
:C  0: Try evaluating TS/T6-8.OUT800 again
:A  1: Abort to Debugger Level 4
    2: Try evaluating E again
    3: Abort to Debugger Level 3
    4: Use a new pathname
    5: Try loading "mpr-setup" again
    6: Abort to Debugger Level 2
    7: Try evaluating EARRANGEMENT again
    8: Abort to Debugger Level 1
    9: Use a new pathname
   10: Abort to Lisp Top Level

->->->->-> 
Clearing input from *debug-io*
>>Error: The symbol PR has no global value

SYMBOL-VALUE:
   Required arg 0 (S): PR
:C  0: Try evaluating PR again
:A  1: Abort to Debugger Level 5
    2: Try evaluating TS/T6-8.OUT800 again
    3: Abort to Debugger Level 4
    4: Try evaluating E again
    5: Abort to Debugger Level 3
    6: Use a new pathname
    7: Try loading "mpr-setup" again
    8: Abort to Debugger Level 2
    9: Try evaluating EARRANGEMENT again
   10: Abort to Debugger Level 1
   11: Use a new pathname
   12: Abort to Lisp Top Level

->->->->->-> 
Clearing input from *debug-io*
>>Error: The symbol ST-1 has no global value

SYMBOL-VALUE:
   Required arg 0 (S): ST-1
:C  0: Try evaluating ST-1 again
:A  1: Abort to Debugger Level 6
    2: Try evaluating PR again
    3: Abort to Debugger Level 5
    4: Try evaluating TS/T6-8.OUT800 again
    5: Abort to Debugger Level 4
    6: Try evaluating E again
    7: Abort to Debugger Level 3
    8: Use a new pathname
    9: Try loading "mpr-setup" again
   10: Abort to Debugger Level 2
   11: Try evaluating EARRANGEMENT again
   12: Abort to Debugger Level 1
   13: Use a new pathname
   14: Abort to Lisp Top Level

->->->->->->-> 
:SIT-NOISE
->->->->->->-> 
1000
->->->->->->-> 
:TEMPLATE-ID
->->->->->->-> 
"test1-w"
->->->->->->-> 
:RANDOM-IDENT
->->->->->->-> 
"2028154060"
->->->->->->-> 
:SEARCH-MODE
->->->->->->-> 
"bm"
->->->->->->-> 
:ARC-CONSIS
->->->->->->-> 
BEFORE
->->->->->->-> 
:DYNAMIC-REARRANGEMENT
->->->->->->-> 
NIL
->->->->->->-> 
:OUTPUT-FILE
->->->->->->-> 
"Batch/T6/t6-results/t6-8.out1000"
->->->->->->-> 
;;; Warning: Ignoring an unmatched right parenthesis

;;; Warning: Ignoring an unmatched right parenthesis
;;; Loading binary file "mpr-setup.sbin"

Clearing input from *debug-io*
>>Error: Cannot open file "mpr-setup.sbin" - Too many open files

OPEN:
   Required arg 0 (PATHNAME): #P"/home/users/woods/Steve/csp/mpr-setup.sbin"
   Keyword arg 1 (DIRECTION): :INPUT
   Keyword arg 2 (ELEMENT-TYPE): (UNSIGNED-BYTE 8)
   Keyword arg 3 (IF-EXISTS): NIL
   Keyword arg 4 (IF-DOES-NOT-EXIST): :ERROR
   Keyword arg 5 (ATTRIBUTES): NIL
:C  0: Use a new pathname
    1: Try loading "mpr-setup" again
:A  2: Abort to Debugger Level 7
    3: Try evaluating ST-1 again
    4: Abort to Debugger Level 6
    5: Try evaluating PR again
    6: Abort to Debugger Level 5
    7: Try evaluating TS/T6-8.OUT800 again
    8: Abort to Debugger Level 4
    9: Try evaluating E again
   10: Abort to Debugger Level 3
   11: Use a new pathname
   12: Try loading "mpr-setup" again
   13: Abort to Debugger Level 2
   14: Try evaluating EARRANGEMENT again
   15: Abort to Debugger Level 1
   16: Use a new pathname
   17: Abort to Lisp Top Level

->->->->->->->-> 
Clearing input from *debug-io*
>>Error: The symbol ISE has no global value

SYMBOL-VALUE:
   Required arg 0 (S): ISE
:C  0: Try evaluating ISE again
:A  1: Abort to Debugger Level 8
    2: Use a new pathname
    3: Try loading "mpr-setup" again
    4: Abort to Debugger Level 7
    5: Try evaluating ST-1 again
    6: Abort to Debugger Level 6
    7: Try evaluating PR again
    8: Abort to Debugger Level 5
    9: Try evaluating TS/T6-8.OUT800 again
   10: Abort to Debugger Level 4
   11: Try evaluating E again
   12: Abort to Debugger Level 3
   13: Use a new pathname
   14: Try loading "mpr-setup" again
   15: Abort to Debugger Level 2
   16: Try evaluating EARRANGEMENT again
   17: Abort to Debugger Level 1
   18: Use a new pathname
   19: Abort to Lisp Top Level

->->->->->->->->-> 