Allegro CL 4.2 [SPARC; R1] (2/1/95 11:34)
Copyright (C) 1985-1993, Franz Inc., Berkeley, CA, USA.  All Rights Reserved.
;   Loading /fsys4/u/sgwoods/qcsp/load.lisp.
;     Fast loading /fsys4/u/sgwoods/qcsp/bm.fasl.
;     Fast loading /fsys4/u/sgwoods/qcsp/bt.fasl.
;     Fast loading /fsys4/u/sgwoods/qcsp/ct.fasl.
;     Fast loading /fsys4/u/sgwoods/qcsp/gsat.fasl.
;     Fast loading /fsys4/u/sgwoods/qcsp/utility.fasl.
;     Loading /fsys4/u/sgwoods/qcsp/compile.lisp.
;     Fast loading /fsys4/u/sgwoods/qcsp/quilici-search.fasl.
Warning: GETVAL, :OPERATOR was defined in /fsys4/u/sgwoods/qcsp/gsat.lisp and
         is now being defined in /fsys4/u/sgwoods/qcsp/quilici-search.lisp
;     Fast loading /fsys4/u/sgwoods/qcsp/adt-simple.fasl.
;     Fast loading /fsys4/u/sgwoods/qcsp/adt-setup.fasl.
;     Fast loading /fsys4/u/sgwoods/qcsp/memory-csp.fasl.
;; Optimization settings: safety 1, space 1, speed 1, debug 2
;; For a complete description of all compiler switches given the current
;; optimization settings evaluate (EXPLAIN-COMPILER-SETTINGS).
USER(1): USER(1): Large New Test Run: 0100, h-i2, FCDR, Dist1
"Large New Test Run: 0100, h-i2, FCDR, Dist1"
USER(2): 
NIL
USER(3): 
NIL
USER(4): ; Fast loading /fsys4/u/sgwoods/qcsp/load.fasl.
;   Fast loading /fsys4/u/sgwoods/qcsp/bm.fasl.
;   Fast loading /fsys4/u/sgwoods/qcsp/bt.fasl.
;   Fast loading /fsys4/u/sgwoods/qcsp/ct.fasl.
;   Fast loading /fsys4/u/sgwoods/qcsp/gsat.fasl.
Warning: GETVAL, :OPERATOR was defined in
         /fsys4/u/sgwoods/qcsp/quilici-search.lisp and is now being defined in
         /fsys4/u/sgwoods/qcsp/gsat.lisp
;   Fast loading /fsys4/u/sgwoods/qcsp/utility.fasl.
;   Loading /fsys4/u/sgwoods/qcsp/compile.lisp.
;   Fast loading /fsys4/u/sgwoods/qcsp/quilici-search.fasl.
Warning: GETVAL, :OPERATOR was defined in /fsys4/u/sgwoods/qcsp/gsat.lisp and
         is now being defined in /fsys4/u/sgwoods/qcsp/quilici-search.lisp
;   Fast loading /fsys4/u/sgwoods/qcsp/adt-simple.fasl.
;   Fast loading /fsys4/u/sgwoods/qcsp/adt-setup.fasl.
;   Fast loading /fsys4/u/sgwoods/qcsp/memory-csp.fasl.
T
USER(5): USER(5): **** Noise 0100 ****
"**** Noise 0100 ****"
USER(6): 
NIL
USER(7): 
NIL
USER(8): > Initializing a new case 
 
> Open file: Saving new generated situation. 
 
> Opening output file/stream for :  < New-Batch/H-fcdr-dist1-0100.1 > 
 File Closed (at 1). 

; cpu time (non-gc) 1,740 msec user, 80 msec system
; cpu time (gc)     380 msec user, 0 msec system
; cpu time (total)  2,120 msec user, 80 msec system
; real time  2,412 msec
; space allocation:
 197,162 cons cells,;  161 symbols, 476,744 other bytes
(((Q1-A ADTQ1-A) (Q1-F ADTQ1-F) (Q1-G ADTQ1-G) (Q1-A3 ADTQ1-A3)
  (Q1-A2 ADTQ1-A2) (Q1-H ADTQ1-H) (Q1-P1 ADTQ1-P1) (Q1-C ADTQ1-C)
  (Q1-B ADTQ1-B) (Q1-I ADTQ1-I) ...))
USER(9): USER(9): > Initializing a new case 
 
> Open file: Saving new generated situation. 
 
> Opening output file/stream for :  < New-Batch/H-fcdr-dist1-0100.2 > 
 File Closed (at 1). 

; cpu time (non-gc) 1,690 msec user, 30 msec system
; cpu time (gc)     280 msec user, 40 msec system
; cpu time (total)  1,970 msec user, 70 msec system
; real time  2,132 msec
; space allocation:
 204,014 cons cells,;  166 symbols, 496,544 other bytes
(((Q1-A ADTQ1-A) (Q1-F ADTQ1-F) (Q1-G ADTQ1-G) (Q1-A3 ADTQ1-A3)
  (Q1-A2 ADTQ1-A2) (Q1-H ADTQ1-H) (Q1-P1 ADTQ1-P1) (Q1-B ADTQ1-B)
  (Q1-C ADTQ1-C) (Q1-I ADTQ1-I) ...))
USER(10): USER(10): > Initializing a new case 
 
> Open file: Saving new generated situation. 
 
> Opening output file/stream for :  < New-Batch/H-fcdr-dist1-0100.3 > 
 File Closed (at 1). 

; cpu time (non-gc) 1,680 msec user, 30 msec system
; cpu time (gc)     120 msec user, 0 msec system
; cpu time (total)  1,800 msec user, 30 msec system
; real time  1,889 msec
; space allocation:
 201,707 cons cells,;  164 symbols, 439,120 other bytes
(((Q1-A ADTQ1-A) (Q1-F ADTQ1-F) (Q1-H ADTQ1-H) (Q1-G ADTQ1-G) (Q1-P1 ADTQ1-P1)
  (Q1-A3 ADTQ1-A3) (Q1-A2 ADTQ1-A2) (Q1-C ADTQ1-C) (Q1-B ADTQ1-B)
  (Q1-I ADTQ1-I) ...)
 ((Q1-A ADTQ1-A) (Q1-F ADTQ1-F) (Q1-H ADTQ1-H) (Q1-G ADTQ1-G) (Q1-P1 ADTQ1-P1)
  (Q1-A3 ADTQ1-A3) (Q1-A2 ADTQ1-A2) (Q1-C ADTQ1-C) (Q1-B ADTQ1-B)
  (Q1-I ADTQ1-I) ...))
USER(11): USER(11): > Initializing a new case 
 
> Open file: Saving new generated situation. 
 
> Opening output file/stream for :  < New-Batch/H-fcdr-dist1-0100.4 > 
 File Closed (at 1). 

; cpu time (non-gc) 1,800 msec user, 0 msec system
; cpu time (gc)     160 msec user, 0 msec system
; cpu time (total)  1,960 msec user, 0 msec system
; real time  2,040 msec
; space allocation:
 213,764 cons cells,;  175 symbols, 499,064 other bytes
(((Q1-A ADTQ1-A) (Q1-F ADTQ1-F) (Q1-G ADTQ1-G) (Q1-H ADTQ1-H) (Q1-A3 ADTQ1-A3)
  (Q1-A2 ADTQ1-A2) (Q1-C ADTQ1-C) (Q1-P1 ADTQ1-P1) (Q1-D ADTQ1-D)
  (Q1-B ADTQ1-B) ...))
USER(12): USER(12): > Initializing a new case 
 
> Open file: Saving new generated situation. 
 
> Opening output file/stream for :  < New-Batch/H-fcdr-dist1-0100.5 > 
 File Closed (at 1). 

; cpu time (non-gc) 1,910 msec user, 20 msec system
; cpu time (gc)     140 msec user, 0 msec system
; cpu time (total)  2,050 msec user, 20 msec system
; real time  2,178 msec
; space allocation:
 216,845 cons cells,;  179 symbols, 570,520 other bytes
(((Q1-A ADTQ1-A) (Q1-F ADTQ1-F) (Q1-A3 ADTQ1-A3) (Q1-G ADTQ1-G)
  (Q1-A2 ADTQ1-A2) (Q1-H ADTQ1-H) (Q1-P1 ADTQ1-P1) (Q1-B ADTQ1-B)
  (Q1-I ADTQ1-I) (Q1-C ADTQ1-C) ...))
USER(13): USER(13): > Initializing a new case 
 
> Open file: Saving new generated situation. 
 
> Opening output file/stream for :  < New-Batch/H-fcdr-dist1-0100.6 > 
 File Closed (at 1). 

; cpu time (non-gc) 1,740 msec user, 20 msec system
; cpu time (gc)     120 msec user, 0 msec system
; cpu time (total)  1,860 msec user, 20 msec system
; real time  1,983 msec
; space allocation:
 204,010 cons cells,;  166 symbols, 488,952 other bytes
(((Q1-A ADTQ1-A) (Q1-F ADTQ1-F) (Q1-G ADTQ1-G) (Q1-A3 ADTQ1-A3)
  (Q1-A2 ADTQ1-A2) (Q1-H ADTQ1-H) (Q1-P1 ADTQ1-P1) (Q1-B ADTQ1-B)
  (Q1-C ADTQ1-C) (Q1-I ADTQ1-I) ...))
USER(14): USER(14): > Initializing a new case 
 
> Open file: Saving new generated situation. 
 
> Opening output file/stream for :  < New-Batch/H-fcdr-dist1-0100.7 > 
 File Closed (at 1). 

; cpu time (non-gc) 1,830 msec user, 20 msec system
; cpu time (gc)     170 msec user, 0 msec system
; cpu time (total)  2,000 msec user, 20 msec system
; real time  2,148 msec
; space allocation:
 217,904 cons cells,;  181 symbols, 538,792 other bytes
(((Q1-A ADTQ1-A) (Q1-F ADTQ1-F) (Q1-H ADTQ1-H) (Q1-A3 ADTQ1-A3) (Q1-C ADTQ1-C)
  (Q1-G ADTQ1-G) (Q1-P1 ADTQ1-P1) (Q1-A2 ADTQ1-A2) (Q1-D ADTQ1-D)
  (Q1-E ADTQ1-E) ...))
USER(15): USER(15): > Initializing a new case 
 
> Open file: Saving new generated situation. 
 
> Opening output file/stream for :  < New-Batch/H-fcdr-dist1-0100.8 > 
 File Closed (at 1). 

; cpu time (non-gc) 1,890 msec user, 30 msec system
; cpu time (gc)     180 msec user, 0 msec system
; cpu time (total)  2,070 msec user, 30 msec system
; real time  2,280 msec
; space allocation:
 244,054 cons cells,;  213 symbols, 485,528 other bytes
(((Q1-A ADTQ1-A) (Q1-F ADTQ1-F) (Q1-H ADTQ1-H) (Q1-A3 ADTQ1-A3) (Q1-G ADTQ1-G)
  (Q1-A2 ADTQ1-A2) (Q1-C ADTQ1-C) (Q1-D ADTQ1-D) (Q1-P1 ADTQ1-P1)
  (Q1-E ADTQ1-E) ...))
USER(16): USER(16): > Initializing a new case 
 
> Open file: Saving new generated situation. 
 
> Opening output file/stream for :  < New-Batch/H-fcdr-dist1-0100.9 > 
 File Closed (at 1). 

; cpu time (non-gc) 1,790 msec user, 40 msec system
; cpu time (gc)     120 msec user, 0 msec system
; cpu time (total)  1,910 msec user, 40 msec system
; real time  2,077 msec
; space allocation:
 219,858 cons cells,;  189 symbols, 504,048 other bytes
(((Q1-A ADTQ1-A) (Q1-F ADTQ1-F) (Q1-H ADTQ1-H) (Q1-G ADTQ1-G) (Q1-A3 ADTQ1-A3)
  (Q1-A2 ADTQ1-A2) (Q1-C ADTQ1-C) (Q1-B ADTQ1-B) (Q1-I ADTQ1-I) (Q1-D ADTQ1-D)
  ...))
USER(17): USER(17): > Initializing a new case 
 
> Open file: Saving new generated situation. 
 
> Opening output file/stream for :  < New-Batch/H-fcdr-dist1-0100.99 > 
 File Closed (at 1). 

; cpu time (non-gc) 1,740 msec user, 20 msec system
; cpu time (gc)     160 msec user, 0 msec system
; cpu time (total)  1,900 msec user, 20 msec system
; real time  1,992 msec
; space allocation:
 210,944 cons cells,;  173 symbols, 486,768 other bytes
(((Q1-A ADTQ1-A) (Q1-F ADTQ1-F) (Q1-A3 ADTQ1-A3) (Q1-H ADTQ1-H) (Q1-G ADTQ1-G)
  (Q1-A2 ADTQ1-A2) (Q1-C ADTQ1-C) (Q1-P1 ADTQ1-P1) (Q1-D ADTQ1-D)
  (Q1-E ADTQ1-E) ...)
 ((Q1-A ADTQ1-A) (Q1-F ADTQ1-F) (Q1-A3 ADTQ1-A3) (Q1-H ADTQ1-H) (Q1-G ADTQ1-G)
  (Q1-A2 ADTQ1-A2) (Q1-C ADTQ1-C) (Q1-P1 ADTQ1-P1) (Q1-D ADTQ1-D)
  (Q1-E ADTQ1-E) ...))
USER(18): ; Exiting Lisp
