Allegro CL 4.2 [SPARC; R1] (2/1/95 11:34)
Copyright (C) 1985-1993, Franz Inc., Berkeley, CA, USA.  All Rights Reserved.
;   Loading /fsys4/u/sgwoods/qcsp/load.lisp.
;     Fast loading /fsys4/u/sgwoods/qcsp/bm.fasl.
;     Fast loading /fsys4/u/sgwoods/qcsp/bt.fasl.
;     Fast loading /fsys4/u/sgwoods/qcsp/ct.fasl.
;     Fast loading /fsys4/u/sgwoods/qcsp/gsat.fasl.
;     Fast loading /fsys4/u/sgwoods/qcsp/utility.fasl.
;     Loading /fsys4/u/sgwoods/qcsp/compile.lisp.
;     Fast loading /fsys4/u/sgwoods/qcsp/quilici-search.fasl.
Warning: GETVAL, :OPERATOR was defined in /fsys4/u/sgwoods/qcsp/gsat.lisp and
         is now being defined in /fsys4/u/sgwoods/qcsp/quilici-search.lisp
;     Fast loading /fsys4/u/sgwoods/qcsp/adt-simple.fasl.
;     Fast loading /fsys4/u/sgwoods/qcsp/adt-setup.fasl.
;     Fast loading /fsys4/u/sgwoods/qcsp/memory-csp.fasl.
;; Optimization settings: safety 1, space 1, speed 1, debug 2
;; For a complete description of all compiler switches given the current
;; optimization settings evaluate (EXPLAIN-COMPILER-SETTINGS).
USER(1): USER(1): Large New Test Run: 0750, h-i2, FCDR, Dist1
"Large New Test Run: 0750, h-i2, FCDR, Dist1"
USER(2): 
NIL
USER(3): 
NIL
USER(4): ; Fast loading /fsys4/u/sgwoods/qcsp/load.fasl.
;   Fast loading /fsys4/u/sgwoods/qcsp/bm.fasl.
;   Fast loading /fsys4/u/sgwoods/qcsp/bt.fasl.
;   Fast loading /fsys4/u/sgwoods/qcsp/ct.fasl.
;   Fast loading /fsys4/u/sgwoods/qcsp/gsat.fasl.
Warning: GETVAL, :OPERATOR was defined in
         /fsys4/u/sgwoods/qcsp/quilici-search.lisp and is now being defined in
         /fsys4/u/sgwoods/qcsp/gsat.lisp
;   Fast loading /fsys4/u/sgwoods/qcsp/utility.fasl.
;   Loading /fsys4/u/sgwoods/qcsp/compile.lisp.
;   Fast loading /fsys4/u/sgwoods/qcsp/quilici-search.fasl.
Warning: GETVAL, :OPERATOR was defined in /fsys4/u/sgwoods/qcsp/gsat.lisp and
         is now being defined in /fsys4/u/sgwoods/qcsp/quilici-search.lisp
;   Fast loading /fsys4/u/sgwoods/qcsp/adt-simple.fasl.
;   Fast loading /fsys4/u/sgwoods/qcsp/adt-setup.fasl.
;   Fast loading /fsys4/u/sgwoods/qcsp/memory-csp.fasl.
T
USER(5): USER(5): **** Noise 0750 ****
"**** Noise 0750 ****"
USER(6): 
NIL
USER(7): 
NIL
USER(8): > Initializing a new case 
 
> Open file: Saving new generated situation. 
 
> Opening output file/stream for :  < New-Batch/H-fcdr-dist1-0750.1 > 
 File Closed (at 1). 

; cpu time (non-gc) 39,730 msec user, 150 msec system
; cpu time (gc)     1,310 msec user, 80 msec system
; cpu time (total)  41,040 msec user, 230 msec system
; real time  59,926 msec
; space allocation:
 2,397,891 cons cells,;  1,407 symbols, 6,001,064 other bytes
(((Q1-A ADTQ1-A) (Q1-F ADTQ1-F) (Q1-H ADTQ1-H) (Q1-G ADTQ1-G) (Q1-C ADTQ1-C)
  (Q1-D ADTQ1-D) (Q1-A3 ADTQ1-A3) (Q1-E ADTQ1-E) (Q1-A2 ADTQ1-A2)
  (Q1-P1 ADTQ1-P1) ...)
 ((Q1-A ADTQ1-A) (Q1-F ADTQ1-F) (Q1-H ADTQ1-H) (Q1-G ADTQ1-G) (Q1-C ADTQ1-C)
  (Q1-D ADTQ1-D) (Q1-A3 ADTQ1-A3) (Q1-E ADTQ1-E) (Q1-A2 ADTQ1-A2)
  (Q1-P1 ADTQ1-P1) ...)
 ((Q1-A ADTQ1-A) (Q1-F ADTQ1-F) (Q1-H ADTQ1-H) (Q1-G ADTQ1-G) (Q1-C ADTQ1-C)
  (Q1-D ADTQ1-D) (Q1-A3 ADTQ1-A3) (Q1-E ADTQ1-E) (Q1-A2 ADTQ1-A2)
  (Q1-P1 ADTQ1-P1) ...)
 ((Q1-A ADTQ1-A) (Q1-F ADTQ1-F) (Q1-H ADTQ1-H) (Q1-G ADTQ1-G) (Q1-C ADTQ1-C)
  (Q1-D ADTQ1-D) (Q1-A3 ADTQ1-A3) (Q1-E ADTQ1-E) (Q1-A2 ADTQ1-A2)
  (Q1-P1 ADTQ1-P1) ...)
 ((Q1-A ADTQ1-A) (Q1-F ADTQ1-F) (Q1-H ADTQ1-H) (Q1-G ADTQ1-G) (Q1-C ADTQ1-C)
  (Q1-D ADTQ1-D) (Q1-A3 ADTQ1-A3) (Q1-E ADTQ1-E) (Q1-A2 ADTQ1-A2)
  (Q1-P1 ADTQ1-P1) ...))
USER(9): USER(9): > Initializing a new case 
 
> Open file: Saving new generated situation. 
 
> Opening output file/stream for :  < New-Batch/H-fcdr-dist1-0750.2 > 
 File Closed (at 1). 

; cpu time (non-gc) 39,750 msec user, 130 msec system
; cpu time (gc)     970 msec user, 50 msec system
; cpu time (total)  40,720 msec user, 180 msec system
; real time  58,537 msec
; space allocation:
 2,352,094 cons cells,;  1,368 symbols, 6,322,688 other bytes
(((Q1-A ADTQ1-A) (Q1-F ADTQ1-F) (Q1-H ADTQ1-H) (Q1-G ADTQ1-G) (Q1-A3 ADTQ1-A3)
  (Q1-A2 ADTQ1-A2) (Q1-C ADTQ1-C) (Q1-P1 ADTQ1-P1) (Q1-B ADTQ1-B)
  (Q1-I ADTQ1-I) ...)
 ((Q1-A ADTQ1-A) (Q1-F ADTQ1-F) (Q1-H ADTQ1-H) (Q1-G ADTQ1-G) (Q1-A3 ADTQ1-A3)
  (Q1-A2 ADTQ1-A2) (Q1-C ADTQ1-C) (Q1-P1 ADTQ1-P1) (Q1-B ADTQ1-B)
  (Q1-I ADTQ1-I) ...)
 ((Q1-A ADTQ1-A) (Q1-F ADTQ1-F) (Q1-H ADTQ1-H) (Q1-G ADTQ1-G) (Q1-A3 ADTQ1-A3)
  (Q1-A2 ADTQ1-A2) (Q1-C ADTQ1-C) (Q1-P1 ADTQ1-P1) (Q1-B ADTQ1-B)
  (Q1-I ADTQ1-I) ...)
 ((Q1-A ADTQ1-A) (Q1-F ADTQ1-F) (Q1-H ADTQ1-H) (Q1-G ADTQ1-G) (Q1-A3 ADTQ1-A3)
  (Q1-A2 ADTQ1-A2) (Q1-C ADTQ1-C) (Q1-P1 ADTQ1-P1) (Q1-B ADTQ1-B)
  (Q1-I ADTQ1-I) ...)
 ((Q1-A ADTQ1-A) (Q1-F ADTQ1-F) (Q1-H ADTQ1-H) (Q1-G ADTQ1-G) (Q1-A3 ADTQ1-A3)
  (Q1-A2 ADTQ1-A2) (Q1-C ADTQ1-C) (Q1-P1 ADTQ1-P1) (Q1-B ADTQ1-B)
  (Q1-I ADTQ1-I) ...)
 ((Q1-A ADTQ1-A) (Q1-F ADTQ1-F) (Q1-H ADTQ1-H) (Q1-G ADTQ1-G) (Q1-A3 ADTQ1-A3)
  (Q1-A2 ADTQ1-A2) (Q1-C ADTQ1-C) (Q1-P1 ADTQ1-P1) (Q1-B ADTQ1-B)
  (Q1-I ADTQ1-I) ...)
 ((Q1-A ADTQ1-A) (Q1-F ADTQ1-F) (Q1-H ADTQ1-H) (Q1-G ADTQ1-G) (Q1-A3 ADTQ1-A3)
  (Q1-A2 ADTQ1-A2) (Q1-C ADTQ1-C) (Q1-P1 ADTQ1-P1) (Q1-B ADTQ1-B)
  (Q1-I ADTQ1-I) ...)
 ((Q1-A ADTQ1-A) (Q1-F ADTQ1-F) (Q1-H ADTQ1-H) (Q1-G ADTQ1-G) (Q1-A3 ADTQ1-A3)
  (Q1-A2 ADTQ1-A2) (Q1-C ADTQ1-C) (Q1-P1 ADTQ1-P1) (Q1-B ADTQ1-B)
  (Q1-I ADTQ1-I) ...)
 ((Q1-A ADTQ1-A) (Q1-F ADTQ1-F) (Q1-H ADTQ1-H) (Q1-G ADTQ1-G) (Q1-A3 ADTQ1-A3)
  (Q1-A2 ADTQ1-A2) (Q1-C ADTQ1-C) (Q1-P1 ADTQ1-P1) (Q1-B ADTQ1-B)
  (Q1-I ADTQ1-I) ...))
USER(10): USER(10): > Initializing a new case 
 
> Open file: Saving new generated situation. 
 
> Opening output file/stream for :  < New-Batch/H-fcdr-dist1-0750.3 > 
 File Closed (at 1). 

; cpu time (non-gc) 30,480 msec user, 90 msec system
; cpu time (gc)     1,090 msec user, 10 msec system
; cpu time (total)  31,570 msec user, 100 msec system
; real time  39,085 msec
; space allocation:
 2,055,603 cons cells,;  1,332 symbols, 4,801,840 other bytes
(((Q1-A ADTQ1-A) (Q1-F ADTQ1-F) (Q1-H ADTQ1-H) (Q1-G ADTQ1-G) (Q1-A3 ADTQ1-A3)
  (Q1-A2 ADTQ1-A2) (Q1-P1 ADTQ1-P1) (Q1-C ADTQ1-C) (Q1-D ADTQ1-D)
  (Q1-B ADTQ1-B) ...)
 ((Q1-A ADTQ1-A) (Q1-F ADTQ1-F) (Q1-H ADTQ1-H) (Q1-G ADTQ1-G) (Q1-A3 ADTQ1-A3)
  (Q1-A2 ADTQ1-A2) (Q1-P1 ADTQ1-P1) (Q1-C ADTQ1-C) (Q1-D ADTQ1-D)
  (Q1-B ADTQ1-B) ...)
 ((Q1-A ADTQ1-A) (Q1-F ADTQ1-F) (Q1-H ADTQ1-H) (Q1-G ADTQ1-G) (Q1-A3 ADTQ1-A3)
  (Q1-A2 ADTQ1-A2) (Q1-P1 ADTQ1-P1) (Q1-C ADTQ1-C) (Q1-D ADTQ1-D)
  (Q1-B ADTQ1-B) ...)
 ((Q1-A ADTQ1-A) (Q1-F ADTQ1-F) (Q1-H ADTQ1-H) (Q1-G ADTQ1-G) (Q1-A3 ADTQ1-A3)
  (Q1-A2 ADTQ1-A2) (Q1-P1 ADTQ1-P1) (Q1-C ADTQ1-C) (Q1-D ADTQ1-D)
  (Q1-B ADTQ1-B) ...))
USER(11): USER(11): > Initializing a new case 
 
> Open file: Saving new generated situation. 
 
> Opening output file/stream for :  < New-Batch/H-fcdr-dist1-0750.4 > 
 File Closed (at 1). 

; cpu time (non-gc) 33,010 msec user, 120 msec system
; cpu time (gc)     1,050 msec user, 10 msec system
; cpu time (total)  34,060 msec user, 130 msec system
; real time  39,322 msec
; space allocation:
 2,101,696 cons cells,;  1,330 symbols, 5,375,928 other bytes
(((Q1-A ADTQ1-A) (Q1-F ADTQ1-F) (Q1-H ADTQ1-H) (Q1-G ADTQ1-G) (Q1-A3 ADTQ1-A3)
  (Q1-A2 ADTQ1-A2) (Q1-C ADTQ1-C) (Q1-P1 ADTQ1-P1) (Q1-B ADTQ1-B)
  (Q1-I ADTQ1-I) ...)
 ((Q1-A ADTQ1-A) (Q1-F ADTQ1-F) (Q1-H ADTQ1-H) (Q1-G ADTQ1-G) (Q1-A3 ADTQ1-A3)
  (Q1-A2 ADTQ1-A2) (Q1-C ADTQ1-C) (Q1-P1 ADTQ1-P1) (Q1-B ADTQ1-B)
  (Q1-I ADTQ1-I) ...)
 ((Q1-A ADTQ1-A) (Q1-F ADTQ1-F) (Q1-H ADTQ1-H) (Q1-G ADTQ1-G) (Q1-A3 ADTQ1-A3)
  (Q1-A2 ADTQ1-A2) (Q1-C ADTQ1-C) (Q1-P1 ADTQ1-P1) (Q1-B ADTQ1-B)
  (Q1-I ADTQ1-I) ...)
 ((Q1-A ADTQ1-A) (Q1-F ADTQ1-F) (Q1-H ADTQ1-H) (Q1-G ADTQ1-G) (Q1-A3 ADTQ1-A3)
  (Q1-A2 ADTQ1-A2) (Q1-C ADTQ1-C) (Q1-P1 ADTQ1-P1) (Q1-B ADTQ1-B)
  (Q1-I ADTQ1-I) ...)
 ((Q1-A ADTQ1-A) (Q1-F ADTQ1-F) (Q1-H ADTQ1-H) (Q1-G ADTQ1-G) (Q1-A3 ADTQ1-A3)
  (Q1-A2 ADTQ1-A2) (Q1-C ADTQ1-C) (Q1-P1 ADTQ1-P1) (Q1-B ADTQ1-B)
  (Q1-I ADTQ1-I) ...))
USER(12): USER(12): > Initializing a new case 
 
> Open file: Saving new generated situation. 
 
> Opening output file/stream for :  < New-Batch/H-fcdr-dist1-0750.5 > 
 File Closed (at 1). 

; cpu time (non-gc) 42,660 msec user, 230 msec system
; cpu time (gc)     1,280 msec user, 40 msec system
; cpu time (total)  43,940 msec user, 270 msec system
; real time  70,372 msec (00:01:10.372)
; space allocation:
 2,629,377 cons cells,;  1,381 symbols, 6,782,176 other bytes
(((Q1-A ADTQ1-A) (Q1-F ADTQ1-F) (Q1-H ADTQ1-H) (Q1-G ADTQ1-G) (Q1-A3 ADTQ1-A3)
  (Q1-A2 ADTQ1-A2) (Q1-C ADTQ1-C) (Q1-P1 ADTQ1-P1) (Q1-B ADTQ1-B)
  (Q1-I ADTQ1-I) ...)
 ((Q1-A ADTQ1-A) (Q1-F ADTQ1-F) (Q1-H ADTQ1-H) (Q1-G ADTQ1-G) (Q1-A3 ADTQ1-A3)
  (Q1-A2 ADTQ1-A2) (Q1-C ADTQ1-C) (Q1-P1 ADTQ1-P1) (Q1-B ADTQ1-B)
  (Q1-I ADTQ1-I) ...)
 ((Q1-A ADTQ1-A) (Q1-F ADTQ1-F) (Q1-H ADTQ1-H) (Q1-G ADTQ1-G) (Q1-A3 ADTQ1-A3)
  (Q1-A2 ADTQ1-A2) (Q1-C ADTQ1-C) (Q1-P1 ADTQ1-P1) (Q1-B ADTQ1-B)
  (Q1-I ADTQ1-I) ...)
 ((Q1-A ADTQ1-A) (Q1-F ADTQ1-F) (Q1-H ADTQ1-H) (Q1-G ADTQ1-G) (Q1-A3 ADTQ1-A3)
  (Q1-A2 ADTQ1-A2) (Q1-C ADTQ1-C) (Q1-P1 ADTQ1-P1) (Q1-B ADTQ1-B)
  (Q1-I ADTQ1-I) ...)
 ((Q1-A ADTQ1-A) (Q1-F ADTQ1-F) (Q1-H ADTQ1-H) (Q1-G ADTQ1-G) (Q1-A3 ADTQ1-A3)
  (Q1-A2 ADTQ1-A2) (Q1-C ADTQ1-C) (Q1-P1 ADTQ1-P1) (Q1-B ADTQ1-B)
  (Q1-I ADTQ1-I) ...)
 ((Q1-A ADTQ1-A) (Q1-F ADTQ1-F) (Q1-H ADTQ1-H) (Q1-G ADTQ1-G) (Q1-A3 ADTQ1-A3)
  (Q1-A2 ADTQ1-A2) (Q1-C ADTQ1-C) (Q1-P1 ADTQ1-P1) (Q1-B ADTQ1-B)
  (Q1-I ADTQ1-I) ...)
 ((Q1-A ADTQ1-A) (Q1-F ADTQ1-F) (Q1-H ADTQ1-H) (Q1-G ADTQ1-G) (Q1-A3 ADTQ1-A3)
  (Q1-A2 ADTQ1-A2) (Q1-C ADTQ1-C) (Q1-P1 ADTQ1-P1) (Q1-B ADTQ1-B)
  (Q1-I ADTQ1-I) ...))
USER(13): USER(13): > Initializing a new case 
 
> Open file: Saving new generated situation. 
 
> Opening output file/stream for :  < New-Batch/H-fcdr-dist1-0750.6 > 
 File Closed (at 1). 

; cpu time (non-gc) 39,420 msec user, 80 msec system
; cpu time (gc)     1,140 msec user, 30 msec system
; cpu time (total)  40,560 msec user, 110 msec system
; real time  60,563 msec (00:01:00.563)
; space allocation:
 2,352,120 cons cells,;  1,368 symbols, 6,316,888 other bytes
(((Q1-A ADTQ1-A) (Q1-F ADTQ1-F) (Q1-H ADTQ1-H) (Q1-G ADTQ1-G) (Q1-A3 ADTQ1-A3)
  (Q1-A2 ADTQ1-A2) (Q1-C ADTQ1-C) (Q1-P1 ADTQ1-P1) (Q1-B ADTQ1-B)
  (Q1-I ADTQ1-I) ...)
 ((Q1-A ADTQ1-A) (Q1-F ADTQ1-F) (Q1-H ADTQ1-H) (Q1-G ADTQ1-G) (Q1-A3 ADTQ1-A3)
  (Q1-A2 ADTQ1-A2) (Q1-C ADTQ1-C) (Q1-P1 ADTQ1-P1) (Q1-B ADTQ1-B)
  (Q1-I ADTQ1-I) ...)
 ((Q1-A ADTQ1-A) (Q1-F ADTQ1-F) (Q1-H ADTQ1-H) (Q1-G ADTQ1-G) (Q1-A3 ADTQ1-A3)
  (Q1-A2 ADTQ1-A2) (Q1-C ADTQ1-C) (Q1-P1 ADTQ1-P1) (Q1-B ADTQ1-B)
  (Q1-I ADTQ1-I) ...)
 ((Q1-A ADTQ1-A) (Q1-F ADTQ1-F) (Q1-H ADTQ1-H) (Q1-G ADTQ1-G) (Q1-A3 ADTQ1-A3)
  (Q1-A2 ADTQ1-A2) (Q1-C ADTQ1-C) (Q1-P1 ADTQ1-P1) (Q1-B ADTQ1-B)
  (Q1-I ADTQ1-I) ...)
 ((Q1-A ADTQ1-A) (Q1-F ADTQ1-F) (Q1-H ADTQ1-H) (Q1-G ADTQ1-G) (Q1-A3 ADTQ1-A3)
  (Q1-A2 ADTQ1-A2) (Q1-C ADTQ1-C) (Q1-P1 ADTQ1-P1) (Q1-B ADTQ1-B)
  (Q1-I ADTQ1-I) ...)
 ((Q1-A ADTQ1-A) (Q1-F ADTQ1-F) (Q1-H ADTQ1-H) (Q1-G ADTQ1-G) (Q1-A3 ADTQ1-A3)
  (Q1-A2 ADTQ1-A2) (Q1-C ADTQ1-C) (Q1-P1 ADTQ1-P1) (Q1-B ADTQ1-B)
  (Q1-I ADTQ1-I) ...)
 ((Q1-A ADTQ1-A) (Q1-F ADTQ1-F) (Q1-H ADTQ1-H) (Q1-G ADTQ1-G) (Q1-A3 ADTQ1-A3)
  (Q1-A2 ADTQ1-A2) (Q1-C ADTQ1-C) (Q1-P1 ADTQ1-P1) (Q1-B ADTQ1-B)
  (Q1-I ADTQ1-I) ...)
 ((Q1-A ADTQ1-A) (Q1-F ADTQ1-F) (Q1-H ADTQ1-H) (Q1-G ADTQ1-G) (Q1-A3 ADTQ1-A3)
  (Q1-A2 ADTQ1-A2) (Q1-C ADTQ1-C) (Q1-P1 ADTQ1-P1) (Q1-B ADTQ1-B)
  (Q1-I ADTQ1-I) ...)
 ((Q1-A ADTQ1-A) (Q1-F ADTQ1-F) (Q1-H ADTQ1-H) (Q1-G ADTQ1-G) (Q1-A3 ADTQ1-A3)
  (Q1-A2 ADTQ1-A2) (Q1-C ADTQ1-C) (Q1-P1 ADTQ1-P1) (Q1-B ADTQ1-B)
  (Q1-I ADTQ1-I) ...))
USER(14): USER(14): > Initializing a new case 
 
> Open file: Saving new generated situation. 
 
> Opening output file/stream for :  < New-Batch/H-fcdr-dist1-0750.7 > 
 File Closed (at 1). 

; cpu time (non-gc) 28,670 msec user, 90 msec system
; cpu time (gc)     1,120 msec user, 30 msec system
; cpu time (total)  29,790 msec user, 120 msec system
; real time  32,683 msec
; space allocation:
 1,928,774 cons cells,;  1,371 symbols, 4,196,240 other bytes
(((Q1-A ADTQ1-A) (Q1-F ADTQ1-F) (Q1-H ADTQ1-H) (Q1-G ADTQ1-G) (Q1-C ADTQ1-C)
  (Q1-A3 ADTQ1-A3) (Q1-A2 ADTQ1-A2) (Q1-P1 ADTQ1-P1) (Q1-B ADTQ1-B)
  (Q1-I ADTQ1-I) ...)
 ((Q1-A ADTQ1-A) (Q1-F ADTQ1-F) (Q1-H ADTQ1-H) (Q1-G ADTQ1-G) (Q1-C ADTQ1-C)
  (Q1-A3 ADTQ1-A3) (Q1-A2 ADTQ1-A2) (Q1-P1 ADTQ1-P1) (Q1-B ADTQ1-B)
  (Q1-I ADTQ1-I) ...)
 ((Q1-A ADTQ1-A) (Q1-F ADTQ1-F) (Q1-H ADTQ1-H) (Q1-G ADTQ1-G) (Q1-C ADTQ1-C)
  (Q1-A3 ADTQ1-A3) (Q1-A2 ADTQ1-A2) (Q1-P1 ADTQ1-P1) (Q1-B ADTQ1-B)
  (Q1-I ADTQ1-I) ...)
 ((Q1-A ADTQ1-A) (Q1-F ADTQ1-F) (Q1-H ADTQ1-H) (Q1-G ADTQ1-G) (Q1-C ADTQ1-C)
  (Q1-A3 ADTQ1-A3) (Q1-A2 ADTQ1-A2) (Q1-P1 ADTQ1-P1) (Q1-B ADTQ1-B)
  (Q1-I ADTQ1-I) ...)
 ((Q1-A ADTQ1-A) (Q1-F ADTQ1-F) (Q1-H ADTQ1-H) (Q1-G ADTQ1-G) (Q1-C ADTQ1-C)
  (Q1-A3 ADTQ1-A3) (Q1-A2 ADTQ1-A2) (Q1-P1 ADTQ1-P1) (Q1-B ADTQ1-B)
  (Q1-I ADTQ1-I) ...))
USER(15): USER(15): > Initializing a new case 
 
> Open file: Saving new generated situation. 
 
> Opening output file/stream for :  < New-Batch/H-fcdr-dist1-0750.8 > 
 File Closed (at 1). 

; cpu time (non-gc) 38,270 msec user, 110 msec system
; cpu time (gc)     1,330 msec user, 30 msec system
; cpu time (total)  39,600 msec user, 140 msec system
; real time  40,677 msec
; space allocation:
 2,249,492 cons cells,;  1,349 symbols, 7,008,424 other bytes
(((Q1-A ADTQ1-A) (Q1-F ADTQ1-F) (Q1-H ADTQ1-H) (Q1-G ADTQ1-G) (Q1-A3 ADTQ1-A3)
  (Q1-A2 ADTQ1-A2) (Q1-C ADTQ1-C) (Q1-P1 ADTQ1-P1) (Q1-B ADTQ1-B)
  (Q1-I ADTQ1-I) ...)
 ((Q1-A ADTQ1-A) (Q1-F ADTQ1-F) (Q1-H ADTQ1-H) (Q1-G ADTQ1-G) (Q1-A3 ADTQ1-A3)
  (Q1-A2 ADTQ1-A2) (Q1-C ADTQ1-C) (Q1-P1 ADTQ1-P1) (Q1-B ADTQ1-B)
  (Q1-I ADTQ1-I) ...)
 ((Q1-A ADTQ1-A) (Q1-F ADTQ1-F) (Q1-H ADTQ1-H) (Q1-G ADTQ1-G) (Q1-A3 ADTQ1-A3)
  (Q1-A2 ADTQ1-A2) (Q1-C ADTQ1-C) (Q1-P1 ADTQ1-P1) (Q1-B ADTQ1-B)
  (Q1-I ADTQ1-I) ...)
 ((Q1-A ADTQ1-A) (Q1-F ADTQ1-F) (Q1-H ADTQ1-H) (Q1-G ADTQ1-G) (Q1-A3 ADTQ1-A3)
  (Q1-A2 ADTQ1-A2) (Q1-C ADTQ1-C) (Q1-P1 ADTQ1-P1) (Q1-B ADTQ1-B)
  (Q1-I ADTQ1-I) ...)
 ((Q1-A ADTQ1-A) (Q1-F ADTQ1-F) (Q1-H ADTQ1-H) (Q1-G ADTQ1-G) (Q1-A3 ADTQ1-A3)
  (Q1-A2 ADTQ1-A2) (Q1-C ADTQ1-C) (Q1-P1 ADTQ1-P1) (Q1-B ADTQ1-B)
  (Q1-I ADTQ1-I) ...))
USER(16): USER(16): > Initializing a new case 
 
> Open file: Saving new generated situation. 
 
> Opening output file/stream for :  < New-Batch/H-fcdr-dist1-0750.9 > 
 File Closed (at 1). 

; cpu time (non-gc) 45,100 msec user, 110 msec system
; cpu time (gc)     1,440 msec user, 40 msec system
; cpu time (total)  46,540 msec user, 150 msec system
; real time  56,128 msec
; space allocation:
 2,766,233 cons cells,;  1,367 symbols, 7,925,240 other bytes
(((Q1-A ADTQ1-A) (Q1-F ADTQ1-F) (Q1-H ADTQ1-H) (Q1-G ADTQ1-G) (Q1-A3 ADTQ1-A3)
  (Q1-A2 ADTQ1-A2) (Q1-P1 ADTQ1-P1) (Q1-C ADTQ1-C) (Q1-B ADTQ1-B)
  (Q1-I ADTQ1-I) ...)
 ((Q1-A ADTQ1-A) (Q1-F ADTQ1-F) (Q1-H ADTQ1-H) (Q1-G ADTQ1-G) (Q1-A3 ADTQ1-A3)
  (Q1-A2 ADTQ1-A2) (Q1-P1 ADTQ1-P1) (Q1-C ADTQ1-C) (Q1-B ADTQ1-B)
  (Q1-I ADTQ1-I) ...)
 ((Q1-A ADTQ1-A) (Q1-F ADTQ1-F) (Q1-H ADTQ1-H) (Q1-G ADTQ1-G) (Q1-A3 ADTQ1-A3)
  (Q1-A2 ADTQ1-A2) (Q1-P1 ADTQ1-P1) (Q1-C ADTQ1-C) (Q1-B ADTQ1-B)
  (Q1-I ADTQ1-I) ...)
 ((Q1-A ADTQ1-A) (Q1-F ADTQ1-F) (Q1-H ADTQ1-H) (Q1-G ADTQ1-G) (Q1-A3 ADTQ1-A3)
  (Q1-A2 ADTQ1-A2) (Q1-P1 ADTQ1-P1) (Q1-C ADTQ1-C) (Q1-B ADTQ1-B)
  (Q1-I ADTQ1-I) ...)
 ((Q1-A ADTQ1-A) (Q1-F ADTQ1-F) (Q1-H ADTQ1-H) (Q1-G ADTQ1-G) (Q1-A3 ADTQ1-A3)
  (Q1-A2 ADTQ1-A2) (Q1-P1 ADTQ1-P1) (Q1-C ADTQ1-C) (Q1-B ADTQ1-B)
  (Q1-I ADTQ1-I) ...)
 ((Q1-A ADTQ1-A) (Q1-F ADTQ1-F) (Q1-H ADTQ1-H) (Q1-G ADTQ1-G) (Q1-A3 ADTQ1-A3)
  (Q1-A2 ADTQ1-A2) (Q1-P1 ADTQ1-P1) (Q1-C ADTQ1-C) (Q1-B ADTQ1-B)
  (Q1-I ADTQ1-I) ...)
 ((Q1-A ADTQ1-A) (Q1-F ADTQ1-F) (Q1-H ADTQ1-H) (Q1-G ADTQ1-G) (Q1-A3 ADTQ1-A3)
  (Q1-A2 ADTQ1-A2) (Q1-P1 ADTQ1-P1) (Q1-C ADTQ1-C) (Q1-B ADTQ1-B)
  (Q1-I ADTQ1-I) ...)
 ((Q1-A ADTQ1-A) (Q1-F ADTQ1-F) (Q1-H ADTQ1-H) (Q1-G ADTQ1-G) (Q1-A3 ADTQ1-A3)
  (Q1-A2 ADTQ1-A2) (Q1-P1 ADTQ1-P1) (Q1-C ADTQ1-C) (Q1-B ADTQ1-B)
  (Q1-I ADTQ1-I) ...)
 ((Q1-A ADTQ1-A) (Q1-F ADTQ1-F) (Q1-H ADTQ1-H) (Q1-G ADTQ1-G) (Q1-A3 ADTQ1-A3)
  (Q1-A2 ADTQ1-A2) (Q1-P1 ADTQ1-P1) (Q1-C ADTQ1-C) (Q1-B ADTQ1-B)
  (Q1-I ADTQ1-I) ...))
USER(17): USER(17): > Initializing a new case 
 
> Open file: Saving new generated situation. 
 
> Opening output file/stream for :  < New-Batch/H-fcdr-dist1-0750.99 > 
 File Closed (at 1). 

; cpu time (non-gc) 38,420 msec user, 70 msec system
; cpu time (gc)     1,200 msec user, 10 msec system
; cpu time (total)  39,620 msec user, 80 msec system
; real time  41,566 msec
; space allocation:
 2,341,739 cons cells,;  1,390 symbols, 6,264,344 other bytes
(((Q1-A ADTQ1-A) (Q1-F ADTQ1-F) (Q1-H ADTQ1-H) (Q1-G ADTQ1-G) (Q1-A3 ADTQ1-A3)
  (Q1-A2 ADTQ1-A2) (Q1-P1 ADTQ1-P1) (Q1-C ADTQ1-C) (Q1-B ADTQ1-B)
  (Q1-I ADTQ1-I) ...)
 ((Q1-A ADTQ1-A) (Q1-F ADTQ1-F) (Q1-H ADTQ1-H) (Q1-G ADTQ1-G) (Q1-A3 ADTQ1-A3)
  (Q1-A2 ADTQ1-A2) (Q1-P1 ADTQ1-P1) (Q1-C ADTQ1-C) (Q1-B ADTQ1-B)
  (Q1-I ADTQ1-I) ...)
 ((Q1-A ADTQ1-A) (Q1-F ADTQ1-F) (Q1-H ADTQ1-H) (Q1-G ADTQ1-G) (Q1-A3 ADTQ1-A3)
  (Q1-A2 ADTQ1-A2) (Q1-P1 ADTQ1-P1) (Q1-C ADTQ1-C) (Q1-B ADTQ1-B)
  (Q1-I ADTQ1-I) ...)
 ((Q1-A ADTQ1-A) (Q1-F ADTQ1-F) (Q1-H ADTQ1-H) (Q1-G ADTQ1-G) (Q1-A3 ADTQ1-A3)
  (Q1-A2 ADTQ1-A2) (Q1-P1 ADTQ1-P1) (Q1-C ADTQ1-C) (Q1-B ADTQ1-B)
  (Q1-I ADTQ1-I) ...)
 ((Q1-A ADTQ1-A) (Q1-F ADTQ1-F) (Q1-H ADTQ1-H) (Q1-G ADTQ1-G) (Q1-A3 ADTQ1-A3)
  (Q1-A2 ADTQ1-A2) (Q1-P1 ADTQ1-P1) (Q1-C ADTQ1-C) (Q1-B ADTQ1-B)
  (Q1-I ADTQ1-I) ...)
 ((Q1-A ADTQ1-A) (Q1-F ADTQ1-F) (Q1-H ADTQ1-H) (Q1-G ADTQ1-G) (Q1-A3 ADTQ1-A3)
  (Q1-A2 ADTQ1-A2) (Q1-P1 ADTQ1-P1) (Q1-C ADTQ1-C) (Q1-B ADTQ1-B)
  (Q1-I ADTQ1-I) ...)
 ((Q1-A ADTQ1-A) (Q1-F ADTQ1-F) (Q1-H ADTQ1-H) (Q1-G ADTQ1-G) (Q1-A3 ADTQ1-A3)
  (Q1-A2 ADTQ1-A2) (Q1-P1 ADTQ1-P1) (Q1-C ADTQ1-C) (Q1-B ADTQ1-B)
  (Q1-I ADTQ1-I) ...)
 ((Q1-A ADTQ1-A) (Q1-F ADTQ1-F) (Q1-H ADTQ1-H) (Q1-G ADTQ1-G) (Q1-A3 ADTQ1-A3)
  (Q1-A2 ADTQ1-A2) (Q1-P1 ADTQ1-P1) (Q1-C ADTQ1-C) (Q1-B ADTQ1-B)
  (Q1-I ADTQ1-I) ...)
 ((Q1-A ADTQ1-A) (Q1-F ADTQ1-F) (Q1-H ADTQ1-H) (Q1-G ADTQ1-G) (Q1-A3 ADTQ1-A3)
  (Q1-A2 ADTQ1-A2) (Q1-P1 ADTQ1-P1) (Q1-C ADTQ1-C) (Q1-B ADTQ1-B)
  (Q1-I ADTQ1-I) ...)
 ((Q1-A ADTQ1-A) (Q1-F ADTQ1-F) (Q1-H ADTQ1-H) (Q1-G ADTQ1-G) (Q1-A3 ADTQ1-A3)
  (Q1-A2 ADTQ1-A2) (Q1-P1 ADTQ1-P1) (Q1-C ADTQ1-C) (Q1-B ADTQ1-B)
  (Q1-I ADTQ1-I) ...)
 ...)
USER(18): ; Exiting Lisp
