Allegro CL 4.2 [SPARC; R1] (2/1/95 11:34)
Copyright (C) 1985-1993, Franz Inc., Berkeley, CA, USA.  All Rights Reserved.
;   Loading /fsys4/u/sgwoods/qcsp/load.lisp.
;     Fast loading /fsys4/u/sgwoods/qcsp/bm.fasl.
;     Fast loading /fsys4/u/sgwoods/qcsp/bt.fasl.
;     Fast loading /fsys4/u/sgwoods/qcsp/ct.fasl.
;     Fast loading /fsys4/u/sgwoods/qcsp/gsat.fasl.
;     Fast loading /fsys4/u/sgwoods/qcsp/utility.fasl.
;     Loading /fsys4/u/sgwoods/qcsp/compile.lisp.
;     Fast loading /fsys4/u/sgwoods/qcsp/quilici-search.fasl.
Warning: GETVAL, :OPERATOR was defined in /fsys4/u/sgwoods/qcsp/gsat.lisp and
         is now being defined in /fsys4/u/sgwoods/qcsp/quilici-search.lisp
;     Fast loading /fsys4/u/sgwoods/qcsp/adt-simple.fasl.
;     Fast loading /fsys4/u/sgwoods/qcsp/adt-setup.fasl.
;     Fast loading /fsys4/u/sgwoods/qcsp/memory-csp.fasl.
;; Optimization settings: safety 1, space 1, speed 1, debug 2
;; For a complete description of all compiler switches given the current
;; optimization settings evaluate (EXPLAIN-COMPILER-SETTINGS).
USER(1): USER(1): Large New Test Run: 0500, h-i2, FCDR, Dist1
"Large New Test Run: 0500, h-i2, FCDR, Dist1"
USER(2): 
NIL
USER(3): 
NIL
USER(4): ; Fast loading /fsys4/u/sgwoods/qcsp/load.fasl.
;   Fast loading /fsys4/u/sgwoods/qcsp/bm.fasl.
;   Fast loading /fsys4/u/sgwoods/qcsp/bt.fasl.
;   Fast loading /fsys4/u/sgwoods/qcsp/ct.fasl.
;   Fast loading /fsys4/u/sgwoods/qcsp/gsat.fasl.
Warning: GETVAL, :OPERATOR was defined in
         /fsys4/u/sgwoods/qcsp/quilici-search.lisp and is now being defined in
         /fsys4/u/sgwoods/qcsp/gsat.lisp
;   Fast loading /fsys4/u/sgwoods/qcsp/utility.fasl.
;   Loading /fsys4/u/sgwoods/qcsp/compile.lisp.
;   Fast loading /fsys4/u/sgwoods/qcsp/quilici-search.fasl.
Warning: GETVAL, :OPERATOR was defined in /fsys4/u/sgwoods/qcsp/gsat.lisp and
         is now being defined in /fsys4/u/sgwoods/qcsp/quilici-search.lisp
;   Fast loading /fsys4/u/sgwoods/qcsp/adt-simple.fasl.
;   Fast loading /fsys4/u/sgwoods/qcsp/adt-setup.fasl.
;   Fast loading /fsys4/u/sgwoods/qcsp/memory-csp.fasl.
T
USER(5): USER(5): **** Noise 0500 ****
"**** Noise 0500 ****"
USER(6): 
NIL
USER(7): 
NIL
USER(8): > Initializing a new case 
 
> Open file: Saving new generated situation. 
 
> Opening output file/stream for :  < New-Batch/H-fcdr-dist1-0500.1 > 
 File Closed (at 1). 

; cpu time (non-gc) 17,380 msec user, 180 msec system
; cpu time (gc)     1,010 msec user, 50 msec system
; cpu time (total)  18,390 msec user, 230 msec system
; real time  19,759 msec
; space allocation:
 1,297,431 cons cells,;  927 symbols, 3,244,824 other bytes
(((Q1-A ADTQ1-A) (Q1-F ADTQ1-F) (Q1-H ADTQ1-H) (Q1-G ADTQ1-G) (Q1-C ADTQ1-C)
  (Q1-A3 ADTQ1-A3) (Q1-A2 ADTQ1-A2) (Q1-P1 ADTQ1-P1) (Q1-B ADTQ1-B)
  (Q1-I ADTQ1-I) ...)
 ((Q1-A ADTQ1-A) (Q1-F ADTQ1-F) (Q1-H ADTQ1-H) (Q1-G ADTQ1-G) (Q1-C ADTQ1-C)
  (Q1-A3 ADTQ1-A3) (Q1-A2 ADTQ1-A2) (Q1-P1 ADTQ1-P1) (Q1-B ADTQ1-B)
  (Q1-I ADTQ1-I) ...))
USER(9): USER(9): > Initializing a new case 
 
> Open file: Saving new generated situation. 
 
> Opening output file/stream for :  < New-Batch/H-fcdr-dist1-0500.2 > 
 File Closed (at 1). 

; cpu time (non-gc) 17,700 msec user, 100 msec system
; cpu time (gc)     710 msec user, 10 msec system
; cpu time (total)  18,410 msec user, 110 msec system
; real time  28,544 msec
; space allocation:
 1,265,000 cons cells,;  885 symbols, 3,471,736 other bytes
(((Q1-A ADTQ1-A) (Q1-F ADTQ1-F) (Q1-H ADTQ1-H) (Q1-G ADTQ1-G) (Q1-P1 ADTQ1-P1)
  (Q1-A3 ADTQ1-A3) (Q1-A2 ADTQ1-A2) (Q1-C ADTQ1-C) (Q1-B ADTQ1-B)
  (Q1-I ADTQ1-I) ...)
 ((Q1-A ADTQ1-A) (Q1-F ADTQ1-F) (Q1-H ADTQ1-H) (Q1-G ADTQ1-G) (Q1-P1 ADTQ1-P1)
  (Q1-A3 ADTQ1-A3) (Q1-A2 ADTQ1-A2) (Q1-C ADTQ1-C) (Q1-B ADTQ1-B)
  (Q1-I ADTQ1-I) ...)
 ((Q1-A ADTQ1-A) (Q1-F ADTQ1-F) (Q1-H ADTQ1-H) (Q1-G ADTQ1-G) (Q1-P1 ADTQ1-P1)
  (Q1-A3 ADTQ1-A3) (Q1-A2 ADTQ1-A2) (Q1-C ADTQ1-C) (Q1-B ADTQ1-B)
  (Q1-I ADTQ1-I) ...)
 ((Q1-A ADTQ1-A) (Q1-F ADTQ1-F) (Q1-H ADTQ1-H) (Q1-G ADTQ1-G) (Q1-P1 ADTQ1-P1)
  (Q1-A3 ADTQ1-A3) (Q1-A2 ADTQ1-A2) (Q1-C ADTQ1-C) (Q1-B ADTQ1-B)
  (Q1-I ADTQ1-I) ...)
 ((Q1-A ADTQ1-A) (Q1-F ADTQ1-F) (Q1-H ADTQ1-H) (Q1-G ADTQ1-G) (Q1-P1 ADTQ1-P1)
  (Q1-A3 ADTQ1-A3) (Q1-A2 ADTQ1-A2) (Q1-C ADTQ1-C) (Q1-B ADTQ1-B)
  (Q1-I ADTQ1-I) ...)
 ((Q1-A ADTQ1-A) (Q1-F ADTQ1-F) (Q1-H ADTQ1-H) (Q1-G ADTQ1-G) (Q1-P1 ADTQ1-P1)
  (Q1-A3 ADTQ1-A3) (Q1-A2 ADTQ1-A2) (Q1-C ADTQ1-C) (Q1-B ADTQ1-B)
  (Q1-I ADTQ1-I) ...)
 ((Q1-A ADTQ1-A) (Q1-F ADTQ1-F) (Q1-H ADTQ1-H) (Q1-G ADTQ1-G) (Q1-P1 ADTQ1-P1)
  (Q1-A3 ADTQ1-A3) (Q1-A2 ADTQ1-A2) (Q1-C ADTQ1-C) (Q1-B ADTQ1-B)
  (Q1-I ADTQ1-I) ...)
 ((Q1-A ADTQ1-A) (Q1-F ADTQ1-F) (Q1-H ADTQ1-H) (Q1-G ADTQ1-G) (Q1-P1 ADTQ1-P1)
  (Q1-A3 ADTQ1-A3) (Q1-A2 ADTQ1-A2) (Q1-C ADTQ1-C) (Q1-B ADTQ1-B)
  (Q1-I ADTQ1-I) ...))
USER(10): USER(10): > Initializing a new case 
 
> Open file: Saving new generated situation. 
 
> Opening output file/stream for :  < New-Batch/H-fcdr-dist1-0500.3 > 
 File Closed (at 1). 

; cpu time (non-gc) 14,200 msec user, 140 msec system
; cpu time (gc)     600 msec user, 20 msec system
; cpu time (total)  14,800 msec user, 160 msec system
; real time  21,707 msec
; space allocation:
 1,139,944 cons cells,;  861 symbols, 2,779,928 other bytes
(((Q1-A ADTQ1-A) (Q1-F ADTQ1-F) (Q1-H ADTQ1-H) (Q1-G ADTQ1-G) (Q1-A3 ADTQ1-A3)
  (Q1-A2 ADTQ1-A2) (Q1-P1 ADTQ1-P1) (Q1-C ADTQ1-C) (Q1-B ADTQ1-B)
  (Q1-I ADTQ1-I) ...)
 ((Q1-A ADTQ1-A) (Q1-F ADTQ1-F) (Q1-H ADTQ1-H) (Q1-G ADTQ1-G) (Q1-A3 ADTQ1-A3)
  (Q1-A2 ADTQ1-A2) (Q1-P1 ADTQ1-P1) (Q1-C ADTQ1-C) (Q1-B ADTQ1-B)
  (Q1-I ADTQ1-I) ...)
 ((Q1-A ADTQ1-A) (Q1-F ADTQ1-F) (Q1-H ADTQ1-H) (Q1-G ADTQ1-G) (Q1-A3 ADTQ1-A3)
  (Q1-A2 ADTQ1-A2) (Q1-P1 ADTQ1-P1) (Q1-C ADTQ1-C) (Q1-B ADTQ1-B)
  (Q1-I ADTQ1-I) ...)
 ((Q1-A ADTQ1-A) (Q1-F ADTQ1-F) (Q1-H ADTQ1-H) (Q1-G ADTQ1-G) (Q1-A3 ADTQ1-A3)
  (Q1-A2 ADTQ1-A2) (Q1-P1 ADTQ1-P1) (Q1-C ADTQ1-C) (Q1-B ADTQ1-B)
  (Q1-I ADTQ1-I) ...))
USER(11): USER(11): > Initializing a new case 
 
> Open file: Saving new generated situation. 
 
> Opening output file/stream for :  < New-Batch/H-fcdr-dist1-0500.4 > 
 File Closed (at 1). 

; cpu time (non-gc) 15,290 msec user, 100 msec system
; cpu time (gc)     740 msec user, 10 msec system
; cpu time (total)  16,030 msec user, 110 msec system
; real time  22,228 msec
; space allocation:
 1,194,246 cons cells,;  874 symbols, 3,045,560 other bytes
(((Q1-A ADTQ1-A) (Q1-F ADTQ1-F) (Q1-H ADTQ1-H) (Q1-G ADTQ1-G) (Q1-A3 ADTQ1-A3)
  (Q1-A2 ADTQ1-A2) (Q1-C ADTQ1-C) (Q1-D ADTQ1-D) (Q1-P1 ADTQ1-P1)
  (Q1-E ADTQ1-E) ...)
 ((Q1-A ADTQ1-A) (Q1-F ADTQ1-F) (Q1-H ADTQ1-H) (Q1-G ADTQ1-G) (Q1-A3 ADTQ1-A3)
  (Q1-A2 ADTQ1-A2) (Q1-C ADTQ1-C) (Q1-D ADTQ1-D) (Q1-P1 ADTQ1-P1)
  (Q1-E ADTQ1-E) ...)
 ((Q1-A ADTQ1-A) (Q1-F ADTQ1-F) (Q1-H ADTQ1-H) (Q1-G ADTQ1-G) (Q1-A3 ADTQ1-A3)
  (Q1-A2 ADTQ1-A2) (Q1-C ADTQ1-C) (Q1-D ADTQ1-D) (Q1-P1 ADTQ1-P1)
  (Q1-E ADTQ1-E) ...)
 ((Q1-A ADTQ1-A) (Q1-F ADTQ1-F) (Q1-H ADTQ1-H) (Q1-G ADTQ1-G) (Q1-A3 ADTQ1-A3)
  (Q1-A2 ADTQ1-A2) (Q1-C ADTQ1-C) (Q1-D ADTQ1-D) (Q1-P1 ADTQ1-P1)
  (Q1-E ADTQ1-E) ...))
USER(12): USER(12): > Initializing a new case 
 
> Open file: Saving new generated situation. 
 
> Opening output file/stream for :  < New-Batch/H-fcdr-dist1-0500.5 > 
 File Closed (at 1). 

; cpu time (non-gc) 19,690 msec user, 90 msec system
; cpu time (gc)     820 msec user, 10 msec system
; cpu time (total)  20,510 msec user, 100 msec system
; real time  25,955 msec
; space allocation:
 1,399,694 cons cells,;  927 symbols, 3,685,448 other bytes
(((Q1-A ADTQ1-A) (Q1-F ADTQ1-F) (Q1-G ADTQ1-G) (Q1-H ADTQ1-H) (Q1-P1 ADTQ1-P1)
  (Q1-A3 ADTQ1-A3) (Q1-A2 ADTQ1-A2) (Q1-C ADTQ1-C) (Q1-B ADTQ1-B)
  (Q1-I ADTQ1-I) ...)
 ((Q1-A ADTQ1-A) (Q1-F ADTQ1-F) (Q1-G ADTQ1-G) (Q1-H ADTQ1-H) (Q1-P1 ADTQ1-P1)
  (Q1-A3 ADTQ1-A3) (Q1-A2 ADTQ1-A2) (Q1-C ADTQ1-C) (Q1-B ADTQ1-B)
  (Q1-I ADTQ1-I) ...)
 ((Q1-A ADTQ1-A) (Q1-F ADTQ1-F) (Q1-G ADTQ1-G) (Q1-H ADTQ1-H) (Q1-P1 ADTQ1-P1)
  (Q1-A3 ADTQ1-A3) (Q1-A2 ADTQ1-A2) (Q1-C ADTQ1-C) (Q1-B ADTQ1-B)
  (Q1-I ADTQ1-I) ...)
 ((Q1-A ADTQ1-A) (Q1-F ADTQ1-F) (Q1-G ADTQ1-G) (Q1-H ADTQ1-H) (Q1-P1 ADTQ1-P1)
  (Q1-A3 ADTQ1-A3) (Q1-A2 ADTQ1-A2) (Q1-C ADTQ1-C) (Q1-B ADTQ1-B)
  (Q1-I ADTQ1-I) ...)
 ((Q1-A ADTQ1-A) (Q1-F ADTQ1-F) (Q1-G ADTQ1-G) (Q1-H ADTQ1-H) (Q1-P1 ADTQ1-P1)
  (Q1-A3 ADTQ1-A3) (Q1-A2 ADTQ1-A2) (Q1-C ADTQ1-C) (Q1-B ADTQ1-B)
  (Q1-I ADTQ1-I) ...))
USER(13): USER(13): > Initializing a new case 
 
> Open file: Saving new generated situation. 
 
> Opening output file/stream for :  < New-Batch/H-fcdr-dist1-0500.6 > 
 File Closed (at 1). 

; cpu time (non-gc) 17,820 msec user, 50 msec system
; cpu time (gc)     700 msec user, 20 msec system
; cpu time (total)  18,520 msec user, 70 msec system
; real time  32,232 msec
; space allocation:
 1,264,959 cons cells,;  885 symbols, 3,477,664 other bytes
(((Q1-A ADTQ1-A) (Q1-F ADTQ1-F) (Q1-H ADTQ1-H) (Q1-G ADTQ1-G) (Q1-P1 ADTQ1-P1)
  (Q1-A3 ADTQ1-A3) (Q1-A2 ADTQ1-A2) (Q1-C ADTQ1-C) (Q1-B ADTQ1-B)
  (Q1-I ADTQ1-I) ...)
 ((Q1-A ADTQ1-A) (Q1-F ADTQ1-F) (Q1-H ADTQ1-H) (Q1-G ADTQ1-G) (Q1-P1 ADTQ1-P1)
  (Q1-A3 ADTQ1-A3) (Q1-A2 ADTQ1-A2) (Q1-C ADTQ1-C) (Q1-B ADTQ1-B)
  (Q1-I ADTQ1-I) ...)
 ((Q1-A ADTQ1-A) (Q1-F ADTQ1-F) (Q1-H ADTQ1-H) (Q1-G ADTQ1-G) (Q1-P1 ADTQ1-P1)
  (Q1-A3 ADTQ1-A3) (Q1-A2 ADTQ1-A2) (Q1-C ADTQ1-C) (Q1-B ADTQ1-B)
  (Q1-I ADTQ1-I) ...)
 ((Q1-A ADTQ1-A) (Q1-F ADTQ1-F) (Q1-H ADTQ1-H) (Q1-G ADTQ1-G) (Q1-P1 ADTQ1-P1)
  (Q1-A3 ADTQ1-A3) (Q1-A2 ADTQ1-A2) (Q1-C ADTQ1-C) (Q1-B ADTQ1-B)
  (Q1-I ADTQ1-I) ...)
 ((Q1-A ADTQ1-A) (Q1-F ADTQ1-F) (Q1-H ADTQ1-H) (Q1-G ADTQ1-G) (Q1-P1 ADTQ1-P1)
  (Q1-A3 ADTQ1-A3) (Q1-A2 ADTQ1-A2) (Q1-C ADTQ1-C) (Q1-B ADTQ1-B)
  (Q1-I ADTQ1-I) ...)
 ((Q1-A ADTQ1-A) (Q1-F ADTQ1-F) (Q1-H ADTQ1-H) (Q1-G ADTQ1-G) (Q1-P1 ADTQ1-P1)
  (Q1-A3 ADTQ1-A3) (Q1-A2 ADTQ1-A2) (Q1-C ADTQ1-C) (Q1-B ADTQ1-B)
  (Q1-I ADTQ1-I) ...)
 ((Q1-A ADTQ1-A) (Q1-F ADTQ1-F) (Q1-H ADTQ1-H) (Q1-G ADTQ1-G) (Q1-P1 ADTQ1-P1)
  (Q1-A3 ADTQ1-A3) (Q1-A2 ADTQ1-A2) (Q1-C ADTQ1-C) (Q1-B ADTQ1-B)
  (Q1-I ADTQ1-I) ...)
 ((Q1-A ADTQ1-A) (Q1-F ADTQ1-F) (Q1-H ADTQ1-H) (Q1-G ADTQ1-G) (Q1-P1 ADTQ1-P1)
  (Q1-A3 ADTQ1-A3) (Q1-A2 ADTQ1-A2) (Q1-C ADTQ1-C) (Q1-B ADTQ1-B)
  (Q1-I ADTQ1-I) ...))
USER(14): USER(14): > Initializing a new case 
 
> Open file: Saving new generated situation. 
 
> Opening output file/stream for :  < New-Batch/H-fcdr-dist1-0500.7 > 
 File Closed (at 1). 

; cpu time (non-gc) 14,680 msec user, 80 msec system
; cpu time (gc)     660 msec user, 10 msec system
; cpu time (total)  15,340 msec user, 90 msec system
; real time  20,545 msec
; space allocation:
 1,159,713 cons cells,;  911 symbols, 2,647,904 other bytes
(((Q1-A ADTQ1-A) (Q1-F ADTQ1-F) (Q1-H ADTQ1-H) (Q1-C ADTQ1-C) (Q1-G ADTQ1-G)
  (Q1-A3 ADTQ1-A3) (Q1-A2 ADTQ1-A2) (Q1-P1 ADTQ1-P1) (Q1-B ADTQ1-B)
  (Q1-I ADTQ1-I) ...)
 ((Q1-A ADTQ1-A) (Q1-F ADTQ1-F) (Q1-H ADTQ1-H) (Q1-C ADTQ1-C) (Q1-G ADTQ1-G)
  (Q1-A3 ADTQ1-A3) (Q1-A2 ADTQ1-A2) (Q1-P1 ADTQ1-P1) (Q1-B ADTQ1-B)
  (Q1-I ADTQ1-I) ...)
 ((Q1-A ADTQ1-A) (Q1-F ADTQ1-F) (Q1-H ADTQ1-H) (Q1-C ADTQ1-C) (Q1-G ADTQ1-G)
  (Q1-A3 ADTQ1-A3) (Q1-A2 ADTQ1-A2) (Q1-P1 ADTQ1-P1) (Q1-B ADTQ1-B)
  (Q1-I ADTQ1-I) ...)
 ((Q1-A ADTQ1-A) (Q1-F ADTQ1-F) (Q1-H ADTQ1-H) (Q1-C ADTQ1-C) (Q1-G ADTQ1-G)
  (Q1-A3 ADTQ1-A3) (Q1-A2 ADTQ1-A2) (Q1-P1 ADTQ1-P1) (Q1-B ADTQ1-B)
  (Q1-I ADTQ1-I) ...))
USER(15): USER(15): > Initializing a new case 
 
> Open file: Saving new generated situation. 
 
> Opening output file/stream for :  < New-Batch/H-fcdr-dist1-0500.8 > 
 File Closed (at 1). 

; cpu time (non-gc) 19,290 msec user, 50 msec system
; cpu time (gc)     780 msec user, 10 msec system
; cpu time (total)  20,070 msec user, 60 msec system
; real time  20,645 msec
; space allocation:
 1,303,872 cons cells,;  900 symbols, 4,161,640 other bytes
(((Q1-A ADTQ1-A) (Q1-F ADTQ1-F) (Q1-H ADTQ1-H) (Q1-G ADTQ1-G) (Q1-A3 ADTQ1-A3)
  (Q1-A2 ADTQ1-A2) (Q1-P1 ADTQ1-P1) (Q1-C ADTQ1-C) (Q1-B ADTQ1-B)
  (Q1-I ADTQ1-I) ...)
 ((Q1-A ADTQ1-A) (Q1-F ADTQ1-F) (Q1-H ADTQ1-H) (Q1-G ADTQ1-G) (Q1-A3 ADTQ1-A3)
  (Q1-A2 ADTQ1-A2) (Q1-P1 ADTQ1-P1) (Q1-C ADTQ1-C) (Q1-B ADTQ1-B)
  (Q1-I ADTQ1-I) ...)
 ((Q1-A ADTQ1-A) (Q1-F ADTQ1-F) (Q1-H ADTQ1-H) (Q1-G ADTQ1-G) (Q1-A3 ADTQ1-A3)
  (Q1-A2 ADTQ1-A2) (Q1-P1 ADTQ1-P1) (Q1-C ADTQ1-C) (Q1-B ADTQ1-B)
  (Q1-I ADTQ1-I) ...)
 ((Q1-A ADTQ1-A) (Q1-F ADTQ1-F) (Q1-H ADTQ1-H) (Q1-G ADTQ1-G) (Q1-A3 ADTQ1-A3)
  (Q1-A2 ADTQ1-A2) (Q1-P1 ADTQ1-P1) (Q1-C ADTQ1-C) (Q1-B ADTQ1-B)
  (Q1-I ADTQ1-I) ...)
 ((Q1-A ADTQ1-A) (Q1-F ADTQ1-F) (Q1-H ADTQ1-H) (Q1-G ADTQ1-G) (Q1-A3 ADTQ1-A3)
  (Q1-A2 ADTQ1-A2) (Q1-P1 ADTQ1-P1) (Q1-C ADTQ1-C) (Q1-B ADTQ1-B)
  (Q1-I ADTQ1-I) ...))
USER(16): USER(16): > Initializing a new case 
 
> Open file: Saving new generated situation. 
 
> Opening output file/stream for :  < New-Batch/H-fcdr-dist1-0500.9 > 
 File Closed (at 1). 

; cpu time (non-gc) 20,820 msec user, 140 msec system
; cpu time (gc)     1,040 msec user, 30 msec system
; cpu time (total)  21,860 msec user, 170 msec system
; real time  25,200 msec
; space allocation:
 1,461,960 cons cells,;  911 symbols, 4,445,480 other bytes
(((Q1-A ADTQ1-A) (Q1-F ADTQ1-F) (Q1-H ADTQ1-H) (Q1-G ADTQ1-G) (Q1-A3 ADTQ1-A3)
  (Q1-A2 ADTQ1-A2) (Q1-P1 ADTQ1-P1) (Q1-C ADTQ1-C) (Q1-B ADTQ1-B)
  (Q1-I ADTQ1-I) ...)
 ((Q1-A ADTQ1-A) (Q1-F ADTQ1-F) (Q1-H ADTQ1-H) (Q1-G ADTQ1-G) (Q1-A3 ADTQ1-A3)
  (Q1-A2 ADTQ1-A2) (Q1-P1 ADTQ1-P1) (Q1-C ADTQ1-C) (Q1-B ADTQ1-B)
  (Q1-I ADTQ1-I) ...)
 ((Q1-A ADTQ1-A) (Q1-F ADTQ1-F) (Q1-H ADTQ1-H) (Q1-G ADTQ1-G) (Q1-A3 ADTQ1-A3)
  (Q1-A2 ADTQ1-A2) (Q1-P1 ADTQ1-P1) (Q1-C ADTQ1-C) (Q1-B ADTQ1-B)
  (Q1-I ADTQ1-I) ...)
 ((Q1-A ADTQ1-A) (Q1-F ADTQ1-F) (Q1-H ADTQ1-H) (Q1-G ADTQ1-G) (Q1-A3 ADTQ1-A3)
  (Q1-A2 ADTQ1-A2) (Q1-P1 ADTQ1-P1) (Q1-C ADTQ1-C) (Q1-B ADTQ1-B)
  (Q1-I ADTQ1-I) ...))
USER(17): USER(17): > Initializing a new case 
 
> Open file: Saving new generated situation. 
 
> Opening output file/stream for :  < New-Batch/H-fcdr-dist1-0500.99 > 
 File Closed (at 1). 

; cpu time (non-gc) 19,070 msec user, 50 msec system
; cpu time (gc)     760 msec user, 10 msec system
; cpu time (total)  19,830 msec user, 60 msec system
; real time  31,417 msec
; space allocation:
 1,298,359 cons cells,;  894 symbols, 3,834,512 other bytes
(((Q1-A ADTQ1-A) (Q1-F ADTQ1-F) (Q1-H ADTQ1-H) (Q1-G ADTQ1-G) (Q1-P1 ADTQ1-P1)
  (Q1-A3 ADTQ1-A3) (Q1-A2 ADTQ1-A2) (Q1-C ADTQ1-C) (Q1-B ADTQ1-B)
  (Q1-I ADTQ1-I) ...)
 ((Q1-A ADTQ1-A) (Q1-F ADTQ1-F) (Q1-H ADTQ1-H) (Q1-G ADTQ1-G) (Q1-P1 ADTQ1-P1)
  (Q1-A3 ADTQ1-A3) (Q1-A2 ADTQ1-A2) (Q1-C ADTQ1-C) (Q1-B ADTQ1-B)
  (Q1-I ADTQ1-I) ...)
 ((Q1-A ADTQ1-A) (Q1-F ADTQ1-F) (Q1-H ADTQ1-H) (Q1-G ADTQ1-G) (Q1-P1 ADTQ1-P1)
  (Q1-A3 ADTQ1-A3) (Q1-A2 ADTQ1-A2) (Q1-C ADTQ1-C) (Q1-B ADTQ1-B)
  (Q1-I ADTQ1-I) ...)
 ((Q1-A ADTQ1-A) (Q1-F ADTQ1-F) (Q1-H ADTQ1-H) (Q1-G ADTQ1-G) (Q1-P1 ADTQ1-P1)
  (Q1-A3 ADTQ1-A3) (Q1-A2 ADTQ1-A2) (Q1-C ADTQ1-C) (Q1-B ADTQ1-B)
  (Q1-I ADTQ1-I) ...)
 ((Q1-A ADTQ1-A) (Q1-F ADTQ1-F) (Q1-H ADTQ1-H) (Q1-G ADTQ1-G) (Q1-P1 ADTQ1-P1)
  (Q1-A3 ADTQ1-A3) (Q1-A2 ADTQ1-A2) (Q1-C ADTQ1-C) (Q1-B ADTQ1-B)
  (Q1-I ADTQ1-I) ...)
 ((Q1-A ADTQ1-A) (Q1-F ADTQ1-F) (Q1-H ADTQ1-H) (Q1-G ADTQ1-G) (Q1-P1 ADTQ1-P1)
  (Q1-A3 ADTQ1-A3) (Q1-A2 ADTQ1-A2) (Q1-C ADTQ1-C) (Q1-B ADTQ1-B)
  (Q1-I ADTQ1-I) ...)
 ((Q1-A ADTQ1-A) (Q1-F ADTQ1-F) (Q1-H ADTQ1-H) (Q1-G ADTQ1-G) (Q1-P1 ADTQ1-P1)
  (Q1-A3 ADTQ1-A3) (Q1-A2 ADTQ1-A2) (Q1-C ADTQ1-C) (Q1-B ADTQ1-B)
  (Q1-I ADTQ1-I) ...)
 ((Q1-A ADTQ1-A) (Q1-F ADTQ1-F) (Q1-H ADTQ1-H) (Q1-G ADTQ1-G) (Q1-P1 ADTQ1-P1)
  (Q1-A3 ADTQ1-A3) (Q1-A2 ADTQ1-A2) (Q1-C ADTQ1-C) (Q1-B ADTQ1-B)
  (Q1-I ADTQ1-I) ...)
 ((Q1-A ADTQ1-A) (Q1-F ADTQ1-F) (Q1-H ADTQ1-H) (Q1-G ADTQ1-G) (Q1-P1 ADTQ1-P1)
  (Q1-A3 ADTQ1-A3) (Q1-A2 ADTQ1-A2) (Q1-C ADTQ1-C) (Q1-B ADTQ1-B)
  (Q1-I ADTQ1-I) ...)
 ((Q1-A ADTQ1-A) (Q1-F ADTQ1-F) (Q1-H ADTQ1-H) (Q1-G ADTQ1-G) (Q1-P1 ADTQ1-P1)
  (Q1-A3 ADTQ1-A3) (Q1-A2 ADTQ1-A2) (Q1-C ADTQ1-C) (Q1-B ADTQ1-B)
  (Q1-I ADTQ1-I) ...)
 ...)
USER(18): ; Exiting Lisp
