Allegro CL 4.2 [SPARC; R1] (2/1/95 11:34)
Copyright (C) 1985-1993, Franz Inc., Berkeley, CA, USA.  All Rights Reserved.
;   Loading /fsys4/u/sgwoods/qcsp/load.lisp.
;     Fast loading /fsys4/u/sgwoods/qcsp/bm.fasl.
;     Fast loading /fsys4/u/sgwoods/qcsp/bt.fasl.
;     Fast loading /fsys4/u/sgwoods/qcsp/ct.fasl.
;     Fast loading /fsys4/u/sgwoods/qcsp/gsat.fasl.
;     Fast loading /fsys4/u/sgwoods/qcsp/utility.fasl.
;     Loading /fsys4/u/sgwoods/qcsp/compile.lisp.
;     Fast loading /fsys4/u/sgwoods/qcsp/quilici-search.fasl.
Warning: GETVAL, :OPERATOR was defined in /fsys4/u/sgwoods/qcsp/gsat.lisp and
         is now being defined in /fsys4/u/sgwoods/qcsp/quilici-search.lisp
;     Fast loading /fsys4/u/sgwoods/qcsp/adt-simple.fasl.
;     Fast loading /fsys4/u/sgwoods/qcsp/adt-setup.fasl.
;     Fast loading /fsys4/u/sgwoods/qcsp/memory-csp.fasl.
;; Optimization settings: safety 1, space 1, speed 1, debug 2
;; For a complete description of all compiler switches given the current
;; optimization settings evaluate (EXPLAIN-COMPILER-SETTINGS).
USER(1): USER(1): Large New Test Run: 1000, h-i2, FCDR, Dist1
"Large New Test Run: 1000, h-i2, FCDR, Dist1"
USER(2): 
NIL
USER(3): 
NIL
USER(4): ; Fast loading /fsys4/u/sgwoods/qcsp/load.fasl.
;   Fast loading /fsys4/u/sgwoods/qcsp/bm.fasl.
;   Fast loading /fsys4/u/sgwoods/qcsp/bt.fasl.
;   Fast loading /fsys4/u/sgwoods/qcsp/ct.fasl.
;   Fast loading /fsys4/u/sgwoods/qcsp/gsat.fasl.
Warning: GETVAL, :OPERATOR was defined in
         /fsys4/u/sgwoods/qcsp/quilici-search.lisp and is now being defined in
         /fsys4/u/sgwoods/qcsp/gsat.lisp
;   Fast loading /fsys4/u/sgwoods/qcsp/utility.fasl.
;   Loading /fsys4/u/sgwoods/qcsp/compile.lisp.
;   Fast loading /fsys4/u/sgwoods/qcsp/quilici-search.fasl.
Warning: GETVAL, :OPERATOR was defined in /fsys4/u/sgwoods/qcsp/gsat.lisp and
         is now being defined in /fsys4/u/sgwoods/qcsp/quilici-search.lisp
;   Fast loading /fsys4/u/sgwoods/qcsp/adt-simple.fasl.
;   Fast loading /fsys4/u/sgwoods/qcsp/adt-setup.fasl.
;   Fast loading /fsys4/u/sgwoods/qcsp/memory-csp.fasl.
T
USER(5): USER(5): **** Noise 1000 ****
"**** Noise 1000 ****"
USER(6): 
NIL
USER(7): 
NIL
USER(8): > Initializing a new case 
 
> Open file: Saving new generated situation. 
 
> Opening output file/stream for :  < New-Batch/H-fcdr-dist1-1000.1 > 
 File Closed (at 1). 

; cpu time (non-gc) 70,510 msec (00:01:10.510) user, 220 msec system
; cpu time (gc)     1,750 msec user, 70 msec system
; cpu time (total)  72,260 msec (00:01:12.260) user, 290 msec system
; real time  92,065 msec (00:01:32.065)
; space allocation:
 3,781,232 cons cells,;  1,871 symbols, 9,240,672 other bytes
(((Q1-A ADTQ1-A) (Q1-F ADTQ1-F) (Q1-H ADTQ1-H) (Q1-G ADTQ1-G) (Q1-C ADTQ1-C)
  (Q1-A3 ADTQ1-A3) (Q1-A2 ADTQ1-A2) (Q1-B ADTQ1-B) (Q1-I ADTQ1-I)
  (Q1-P1 ADTQ1-P1) ...)
 ((Q1-A ADTQ1-A) (Q1-F ADTQ1-F) (Q1-H ADTQ1-H) (Q1-G ADTQ1-G) (Q1-C ADTQ1-C)
  (Q1-A3 ADTQ1-A3) (Q1-A2 ADTQ1-A2) (Q1-B ADTQ1-B) (Q1-I ADTQ1-I)
  (Q1-P1 ADTQ1-P1) ...)
 ((Q1-A ADTQ1-A) (Q1-F ADTQ1-F) (Q1-H ADTQ1-H) (Q1-G ADTQ1-G) (Q1-C ADTQ1-C)
  (Q1-A3 ADTQ1-A3) (Q1-A2 ADTQ1-A2) (Q1-B ADTQ1-B) (Q1-I ADTQ1-I)
  (Q1-P1 ADTQ1-P1) ...)
 ((Q1-A ADTQ1-A) (Q1-F ADTQ1-F) (Q1-H ADTQ1-H) (Q1-G ADTQ1-G) (Q1-C ADTQ1-C)
  (Q1-A3 ADTQ1-A3) (Q1-A2 ADTQ1-A2) (Q1-B ADTQ1-B) (Q1-I ADTQ1-I)
  (Q1-P1 ADTQ1-P1) ...)
 ((Q1-A ADTQ1-A) (Q1-F ADTQ1-F) (Q1-H ADTQ1-H) (Q1-G ADTQ1-G) (Q1-C ADTQ1-C)
  (Q1-A3 ADTQ1-A3) (Q1-A2 ADTQ1-A2) (Q1-B ADTQ1-B) (Q1-I ADTQ1-I)
  (Q1-P1 ADTQ1-P1) ...)
 ((Q1-A ADTQ1-A) (Q1-F ADTQ1-F) (Q1-H ADTQ1-H) (Q1-G ADTQ1-G) (Q1-C ADTQ1-C)
  (Q1-A3 ADTQ1-A3) (Q1-A2 ADTQ1-A2) (Q1-B ADTQ1-B) (Q1-I ADTQ1-I)
  (Q1-P1 ADTQ1-P1) ...))
USER(9): USER(9): > Initializing a new case 
 
> Open file: Saving new generated situation. 
 
> Opening output file/stream for :  < New-Batch/H-fcdr-dist1-1000.2 > 
 File Closed (at 1). 

; cpu time (non-gc) 72,030 msec (00:01:12.030) user, 160 msec system
; cpu time (gc)     1,440 msec user, 0 msec system
; cpu time (total)  73,470 msec (00:01:13.470) user, 160 msec system
; real time  104,890 msec (00:01:44.890)
; space allocation:
 3,962,725 cons cells,;  1,835 symbols, 9,901,976 other bytes
(((Q1-A ADTQ1-A) (Q1-F ADTQ1-F) (Q1-H ADTQ1-H) (Q1-G ADTQ1-G) (Q1-A3 ADTQ1-A3)
  (Q1-A2 ADTQ1-A2) (Q1-P1 ADTQ1-P1) (Q1-C ADTQ1-C) (Q1-B ADTQ1-B)
  (Q1-I ADTQ1-I) ...)
 ((Q1-A ADTQ1-A) (Q1-F ADTQ1-F) (Q1-H ADTQ1-H) (Q1-G ADTQ1-G) (Q1-A3 ADTQ1-A3)
  (Q1-A2 ADTQ1-A2) (Q1-P1 ADTQ1-P1) (Q1-C ADTQ1-C) (Q1-B ADTQ1-B)
  (Q1-I ADTQ1-I) ...)
 ((Q1-A ADTQ1-A) (Q1-F ADTQ1-F) (Q1-H ADTQ1-H) (Q1-G ADTQ1-G) (Q1-A3 ADTQ1-A3)
  (Q1-A2 ADTQ1-A2) (Q1-P1 ADTQ1-P1) (Q1-C ADTQ1-C) (Q1-B ADTQ1-B)
  (Q1-I ADTQ1-I) ...)
 ((Q1-A ADTQ1-A) (Q1-F ADTQ1-F) (Q1-H ADTQ1-H) (Q1-G ADTQ1-G) (Q1-A3 ADTQ1-A3)
  (Q1-A2 ADTQ1-A2) (Q1-P1 ADTQ1-P1) (Q1-C ADTQ1-C) (Q1-B ADTQ1-B)
  (Q1-I ADTQ1-I) ...)
 ((Q1-A ADTQ1-A) (Q1-F ADTQ1-F) (Q1-H ADTQ1-H) (Q1-G ADTQ1-G) (Q1-A3 ADTQ1-A3)
  (Q1-A2 ADTQ1-A2) (Q1-P1 ADTQ1-P1) (Q1-C ADTQ1-C) (Q1-B ADTQ1-B)
  (Q1-I ADTQ1-I) ...)
 ((Q1-A ADTQ1-A) (Q1-F ADTQ1-F) (Q1-H ADTQ1-H) (Q1-G ADTQ1-G) (Q1-A3 ADTQ1-A3)
  (Q1-A2 ADTQ1-A2) (Q1-P1 ADTQ1-P1) (Q1-C ADTQ1-C) (Q1-B ADTQ1-B)
  (Q1-I ADTQ1-I) ...)
 ((Q1-A ADTQ1-A) (Q1-F ADTQ1-F) (Q1-H ADTQ1-H) (Q1-G ADTQ1-G) (Q1-A3 ADTQ1-A3)
  (Q1-A2 ADTQ1-A2) (Q1-P1 ADTQ1-P1) (Q1-C ADTQ1-C) (Q1-B ADTQ1-B)
  (Q1-I ADTQ1-I) ...)
 ((Q1-A ADTQ1-A) (Q1-F ADTQ1-F) (Q1-H ADTQ1-H) (Q1-G ADTQ1-G) (Q1-A3 ADTQ1-A3)
  (Q1-A2 ADTQ1-A2) (Q1-P1 ADTQ1-P1) (Q1-C ADTQ1-C) (Q1-B ADTQ1-B)
  (Q1-I ADTQ1-I) ...)
 ((Q1-A ADTQ1-A) (Q1-F ADTQ1-F) (Q1-H ADTQ1-H) (Q1-G ADTQ1-G) (Q1-A3 ADTQ1-A3)
  (Q1-A2 ADTQ1-A2) (Q1-P1 ADTQ1-P1) (Q1-C ADTQ1-C) (Q1-B ADTQ1-B)
  (Q1-I ADTQ1-I) ...)
 ((Q1-A ADTQ1-A) (Q1-F ADTQ1-F) (Q1-H ADTQ1-H) (Q1-G ADTQ1-G) (Q1-A3 ADTQ1-A3)
  (Q1-A2 ADTQ1-A2) (Q1-P1 ADTQ1-P1) (Q1-C ADTQ1-C) (Q1-B ADTQ1-B)
  (Q1-I ADTQ1-I) ...))
USER(10): USER(10): > Initializing a new case 
 
> Open file: Saving new generated situation. 
 
> Opening output file/stream for :  < New-Batch/H-fcdr-dist1-1000.3 > 
 File Closed (at 1). 

; cpu time (non-gc) 61,530 msec (00:01:01.530) user, 180 msec system
; cpu time (gc)     1,910 msec user, 40 msec system
; cpu time (total)  63,440 msec (00:01:03.440) user, 220 msec system
; real time  149,724 msec (00:02:29.724)
; space allocation:
 3,347,940 cons cells,;  1,756 symbols, 8,540,768 other bytes
(((Q1-A ADTQ1-A) (Q1-F ADTQ1-F) (Q1-H ADTQ1-H) (Q1-G ADTQ1-G) (Q1-A3 ADTQ1-A3)
  (Q1-A2 ADTQ1-A2) (Q1-P1 ADTQ1-P1) (Q1-C ADTQ1-C) (Q1-D ADTQ1-D)
  (Q1-B ADTQ1-B) ...)
 ((Q1-A ADTQ1-A) (Q1-F ADTQ1-F) (Q1-H ADTQ1-H) (Q1-G ADTQ1-G) (Q1-A3 ADTQ1-A3)
  (Q1-A2 ADTQ1-A2) (Q1-P1 ADTQ1-P1) (Q1-C ADTQ1-C) (Q1-D ADTQ1-D)
  (Q1-B ADTQ1-B) ...)
 ((Q1-A ADTQ1-A) (Q1-F ADTQ1-F) (Q1-H ADTQ1-H) (Q1-G ADTQ1-G) (Q1-A3 ADTQ1-A3)
  (Q1-A2 ADTQ1-A2) (Q1-P1 ADTQ1-P1) (Q1-C ADTQ1-C) (Q1-D ADTQ1-D)
  (Q1-B ADTQ1-B) ...)
 ((Q1-A ADTQ1-A) (Q1-F ADTQ1-F) (Q1-H ADTQ1-H) (Q1-G ADTQ1-G) (Q1-A3 ADTQ1-A3)
  (Q1-A2 ADTQ1-A2) (Q1-P1 ADTQ1-P1) (Q1-C ADTQ1-C) (Q1-D ADTQ1-D)
  (Q1-B ADTQ1-B) ...)
 ((Q1-A ADTQ1-A) (Q1-F ADTQ1-F) (Q1-H ADTQ1-H) (Q1-G ADTQ1-G) (Q1-A3 ADTQ1-A3)
  (Q1-A2 ADTQ1-A2) (Q1-P1 ADTQ1-P1) (Q1-C ADTQ1-C) (Q1-D ADTQ1-D)
  (Q1-B ADTQ1-B) ...))
USER(11): USER(11): > Initializing a new case 
 
> Open file: Saving new generated situation. 
 
> Opening output file/stream for :  < New-Batch/H-fcdr-dist1-1000.4 > 
 File Closed (at 1). 

; cpu time (non-gc) 55,260 msec user, 140 msec system
; cpu time (gc)     1,690 msec user, 20 msec system
; cpu time (total)  56,950 msec user, 160 msec system
; real time  110,314 msec (00:01:50.314)
; space allocation:
 3,146,543 cons cells,;  1,772 symbols, 7,795,120 other bytes
(((Q1-A ADTQ1-A) (Q1-F ADTQ1-F) (Q1-H ADTQ1-H) (Q1-G ADTQ1-G) (Q1-A3 ADTQ1-A3)
  (Q1-A2 ADTQ1-A2) (Q1-C ADTQ1-C) (Q1-P1 ADTQ1-P1) (Q1-B ADTQ1-B)
  (Q1-I ADTQ1-I) ...)
 ((Q1-A ADTQ1-A) (Q1-F ADTQ1-F) (Q1-H ADTQ1-H) (Q1-G ADTQ1-G) (Q1-A3 ADTQ1-A3)
  (Q1-A2 ADTQ1-A2) (Q1-C ADTQ1-C) (Q1-P1 ADTQ1-P1) (Q1-B ADTQ1-B)
  (Q1-I ADTQ1-I) ...)
 ((Q1-A ADTQ1-A) (Q1-F ADTQ1-F) (Q1-H ADTQ1-H) (Q1-G ADTQ1-G) (Q1-A3 ADTQ1-A3)
  (Q1-A2 ADTQ1-A2) (Q1-C ADTQ1-C) (Q1-P1 ADTQ1-P1) (Q1-B ADTQ1-B)
  (Q1-I ADTQ1-I) ...)
 ((Q1-A ADTQ1-A) (Q1-F ADTQ1-F) (Q1-H ADTQ1-H) (Q1-G ADTQ1-G) (Q1-A3 ADTQ1-A3)
  (Q1-A2 ADTQ1-A2) (Q1-C ADTQ1-C) (Q1-P1 ADTQ1-P1) (Q1-B ADTQ1-B)
  (Q1-I ADTQ1-I) ...)
 ((Q1-A ADTQ1-A) (Q1-F ADTQ1-F) (Q1-H ADTQ1-H) (Q1-G ADTQ1-G) (Q1-A3 ADTQ1-A3)
  (Q1-A2 ADTQ1-A2) (Q1-C ADTQ1-C) (Q1-P1 ADTQ1-P1) (Q1-B ADTQ1-B)
  (Q1-I ADTQ1-I) ...)
 ((Q1-A ADTQ1-A) (Q1-F ADTQ1-F) (Q1-H ADTQ1-H) (Q1-G ADTQ1-G) (Q1-A3 ADTQ1-A3)
  (Q1-A2 ADTQ1-A2) (Q1-C ADTQ1-C) (Q1-P1 ADTQ1-P1) (Q1-B ADTQ1-B)
  (Q1-I ADTQ1-I) ...)
 ((Q1-A ADTQ1-A) (Q1-F ADTQ1-F) (Q1-H ADTQ1-H) (Q1-G ADTQ1-G) (Q1-A3 ADTQ1-A3)
  (Q1-A2 ADTQ1-A2) (Q1-C ADTQ1-C) (Q1-P1 ADTQ1-P1) (Q1-B ADTQ1-B)
  (Q1-I ADTQ1-I) ...))
USER(12): USER(12): > Initializing a new case 
 
> Open file: Saving new generated situation. 
 
> Opening output file/stream for :  < New-Batch/H-fcdr-dist1-1000.5 > 
 File Closed (at 1). 

; cpu time (non-gc) 76,250 msec (00:01:16.250) user, 90 msec system
; cpu time (gc)     1,540 msec user, 10 msec system
; cpu time (total)  77,790 msec (00:01:17.790) user, 100 msec system
; real time  124,203 msec (00:02:04.203)
; space allocation:
 4,184,524 cons cells,;  1,842 symbols, 9,936,200 other bytes
(((Q1-A ADTQ1-A) (Q1-F ADTQ1-F) (Q1-H ADTQ1-H) (Q1-G ADTQ1-G) (Q1-C ADTQ1-C)
  (Q1-P1 ADTQ1-P1) (Q1-A3 ADTQ1-A3) (Q1-A2 ADTQ1-A2) (Q1-B ADTQ1-B)
  (Q1-I ADTQ1-I) ...)
 ((Q1-A ADTQ1-A) (Q1-F ADTQ1-F) (Q1-H ADTQ1-H) (Q1-G ADTQ1-G) (Q1-C ADTQ1-C)
  (Q1-P1 ADTQ1-P1) (Q1-A3 ADTQ1-A3) (Q1-A2 ADTQ1-A2) (Q1-B ADTQ1-B)
  (Q1-I ADTQ1-I) ...)
 ((Q1-A ADTQ1-A) (Q1-F ADTQ1-F) (Q1-H ADTQ1-H) (Q1-G ADTQ1-G) (Q1-C ADTQ1-C)
  (Q1-P1 ADTQ1-P1) (Q1-A3 ADTQ1-A3) (Q1-A2 ADTQ1-A2) (Q1-B ADTQ1-B)
  (Q1-I ADTQ1-I) ...)
 ((Q1-A ADTQ1-A) (Q1-F ADTQ1-F) (Q1-H ADTQ1-H) (Q1-G ADTQ1-G) (Q1-C ADTQ1-C)
  (Q1-P1 ADTQ1-P1) (Q1-A3 ADTQ1-A3) (Q1-A2 ADTQ1-A2) (Q1-B ADTQ1-B)
  (Q1-I ADTQ1-I) ...)
 ((Q1-A ADTQ1-A) (Q1-F ADTQ1-F) (Q1-H ADTQ1-H) (Q1-G ADTQ1-G) (Q1-C ADTQ1-C)
  (Q1-P1 ADTQ1-P1) (Q1-A3 ADTQ1-A3) (Q1-A2 ADTQ1-A2) (Q1-B ADTQ1-B)
  (Q1-I ADTQ1-I) ...)
 ((Q1-A ADTQ1-A) (Q1-F ADTQ1-F) (Q1-H ADTQ1-H) (Q1-G ADTQ1-G) (Q1-C ADTQ1-C)
  (Q1-P1 ADTQ1-P1) (Q1-A3 ADTQ1-A3) (Q1-A2 ADTQ1-A2) (Q1-B ADTQ1-B)
  (Q1-I ADTQ1-I) ...)
 ((Q1-A ADTQ1-A) (Q1-F ADTQ1-F) (Q1-H ADTQ1-H) (Q1-G ADTQ1-G) (Q1-C ADTQ1-C)
  (Q1-P1 ADTQ1-P1) (Q1-A3 ADTQ1-A3) (Q1-A2 ADTQ1-A2) (Q1-B ADTQ1-B)
  (Q1-I ADTQ1-I) ...)
 ((Q1-A ADTQ1-A) (Q1-F ADTQ1-F) (Q1-H ADTQ1-H) (Q1-G ADTQ1-G) (Q1-C ADTQ1-C)
  (Q1-P1 ADTQ1-P1) (Q1-A3 ADTQ1-A3) (Q1-A2 ADTQ1-A2) (Q1-B ADTQ1-B)
  (Q1-I ADTQ1-I) ...)
 ((Q1-A ADTQ1-A) (Q1-F ADTQ1-F) (Q1-H ADTQ1-H) (Q1-G ADTQ1-G) (Q1-C ADTQ1-C)
  (Q1-P1 ADTQ1-P1) (Q1-A3 ADTQ1-A3) (Q1-A2 ADTQ1-A2) (Q1-B ADTQ1-B)
  (Q1-I ADTQ1-I) ...)
 ((Q1-A ADTQ1-A) (Q1-F ADTQ1-F) (Q1-H ADTQ1-H) (Q1-G ADTQ1-G) (Q1-C ADTQ1-C)
  (Q1-P1 ADTQ1-P1) (Q1-A3 ADTQ1-A3) (Q1-A2 ADTQ1-A2) (Q1-B ADTQ1-B)
  (Q1-I ADTQ1-I) ...)
 ...)
USER(13): USER(13): > Initializing a new case 
 
> Open file: Saving new generated situation. 
 
> Opening output file/stream for :  < New-Batch/H-fcdr-dist1-1000.6 > 
 File Closed (at 1). 

; cpu time (non-gc) 73,370 msec (00:01:13.370) user, 170 msec system
; cpu time (gc)     2,110 msec user, 30 msec system
; cpu time (total)  75,480 msec (00:01:15.480) user, 200 msec system
; real time  167,651 msec (00:02:47.651)
; space allocation:
 3,962,903 cons cells,;  1,835 symbols, 9,915,424 other bytes
(((Q1-A ADTQ1-A) (Q1-F ADTQ1-F) (Q1-H ADTQ1-H) (Q1-G ADTQ1-G) (Q1-A3 ADTQ1-A3)
  (Q1-A2 ADTQ1-A2) (Q1-P1 ADTQ1-P1) (Q1-C ADTQ1-C) (Q1-B ADTQ1-B)
  (Q1-I ADTQ1-I) ...)
 ((Q1-A ADTQ1-A) (Q1-F ADTQ1-F) (Q1-H ADTQ1-H) (Q1-G ADTQ1-G) (Q1-A3 ADTQ1-A3)
  (Q1-A2 ADTQ1-A2) (Q1-P1 ADTQ1-P1) (Q1-C ADTQ1-C) (Q1-B ADTQ1-B)
  (Q1-I ADTQ1-I) ...)
 ((Q1-A ADTQ1-A) (Q1-F ADTQ1-F) (Q1-H ADTQ1-H) (Q1-G ADTQ1-G) (Q1-A3 ADTQ1-A3)
  (Q1-A2 ADTQ1-A2) (Q1-P1 ADTQ1-P1) (Q1-C ADTQ1-C) (Q1-B ADTQ1-B)
  (Q1-I ADTQ1-I) ...)
 ((Q1-A ADTQ1-A) (Q1-F ADTQ1-F) (Q1-H ADTQ1-H) (Q1-G ADTQ1-G) (Q1-A3 ADTQ1-A3)
  (Q1-A2 ADTQ1-A2) (Q1-P1 ADTQ1-P1) (Q1-C ADTQ1-C) (Q1-B ADTQ1-B)
  (Q1-I ADTQ1-I) ...)
 ((Q1-A ADTQ1-A) (Q1-F ADTQ1-F) (Q1-H ADTQ1-H) (Q1-G ADTQ1-G) (Q1-A3 ADTQ1-A3)
  (Q1-A2 ADTQ1-A2) (Q1-P1 ADTQ1-P1) (Q1-C ADTQ1-C) (Q1-B ADTQ1-B)
  (Q1-I ADTQ1-I) ...)
 ((Q1-A ADTQ1-A) (Q1-F ADTQ1-F) (Q1-H ADTQ1-H) (Q1-G ADTQ1-G) (Q1-A3 ADTQ1-A3)
  (Q1-A2 ADTQ1-A2) (Q1-P1 ADTQ1-P1) (Q1-C ADTQ1-C) (Q1-B ADTQ1-B)
  (Q1-I ADTQ1-I) ...)
 ((Q1-A ADTQ1-A) (Q1-F ADTQ1-F) (Q1-H ADTQ1-H) (Q1-G ADTQ1-G) (Q1-A3 ADTQ1-A3)
  (Q1-A2 ADTQ1-A2) (Q1-P1 ADTQ1-P1) (Q1-C ADTQ1-C) (Q1-B ADTQ1-B)
  (Q1-I ADTQ1-I) ...)
 ((Q1-A ADTQ1-A) (Q1-F ADTQ1-F) (Q1-H ADTQ1-H) (Q1-G ADTQ1-G) (Q1-A3 ADTQ1-A3)
  (Q1-A2 ADTQ1-A2) (Q1-P1 ADTQ1-P1) (Q1-C ADTQ1-C) (Q1-B ADTQ1-B)
  (Q1-I ADTQ1-I) ...)
 ((Q1-A ADTQ1-A) (Q1-F ADTQ1-F) (Q1-H ADTQ1-H) (Q1-G ADTQ1-G) (Q1-A3 ADTQ1-A3)
  (Q1-A2 ADTQ1-A2) (Q1-P1 ADTQ1-P1) (Q1-C ADTQ1-C) (Q1-B ADTQ1-B)
  (Q1-I ADTQ1-I) ...)
 ((Q1-A ADTQ1-A) (Q1-F ADTQ1-F) (Q1-H ADTQ1-H) (Q1-G ADTQ1-G) (Q1-A3 ADTQ1-A3)
  (Q1-A2 ADTQ1-A2) (Q1-P1 ADTQ1-P1) (Q1-C ADTQ1-C) (Q1-B ADTQ1-B)
  (Q1-I ADTQ1-I) ...))
USER(14): USER(14): > Initializing a new case 
 
> Open file: Saving new generated situation. 
 
> Opening output file/stream for :  < New-Batch/H-fcdr-dist1-1000.7 > 
 File Closed (at 1). 

; cpu time (non-gc) 52,850 msec user, 130 msec system
; cpu time (gc)     1,680 msec user, 20 msec system
; cpu time (total)  54,530 msec user, 150 msec system
; real time  88,739 msec (00:01:28.739)
; space allocation:
 2,990,923 cons cells,;  1,832 symbols, 6,843,352 other bytes
(((Q1-A ADTQ1-A) (Q1-F ADTQ1-F) (Q1-H ADTQ1-H) (Q1-G ADTQ1-G) (Q1-C ADTQ1-C)
  (Q1-A3 ADTQ1-A3) (Q1-A2 ADTQ1-A2) (Q1-P1 ADTQ1-P1) (Q1-B ADTQ1-B)
  (Q1-I ADTQ1-I) ...)
 ((Q1-A ADTQ1-A) (Q1-F ADTQ1-F) (Q1-H ADTQ1-H) (Q1-G ADTQ1-G) (Q1-C ADTQ1-C)
  (Q1-A3 ADTQ1-A3) (Q1-A2 ADTQ1-A2) (Q1-P1 ADTQ1-P1) (Q1-B ADTQ1-B)
  (Q1-I ADTQ1-I) ...)
 ((Q1-A ADTQ1-A) (Q1-F ADTQ1-F) (Q1-H ADTQ1-H) (Q1-G ADTQ1-G) (Q1-C ADTQ1-C)
  (Q1-A3 ADTQ1-A3) (Q1-A2 ADTQ1-A2) (Q1-P1 ADTQ1-P1) (Q1-B ADTQ1-B)
  (Q1-I ADTQ1-I) ...)
 ((Q1-A ADTQ1-A) (Q1-F ADTQ1-F) (Q1-H ADTQ1-H) (Q1-G ADTQ1-G) (Q1-C ADTQ1-C)
  (Q1-A3 ADTQ1-A3) (Q1-A2 ADTQ1-A2) (Q1-P1 ADTQ1-P1) (Q1-B ADTQ1-B)
  (Q1-I ADTQ1-I) ...)
 ((Q1-A ADTQ1-A) (Q1-F ADTQ1-F) (Q1-H ADTQ1-H) (Q1-G ADTQ1-G) (Q1-C ADTQ1-C)
  (Q1-A3 ADTQ1-A3) (Q1-A2 ADTQ1-A2) (Q1-P1 ADTQ1-P1) (Q1-B ADTQ1-B)
  (Q1-I ADTQ1-I) ...)
 ((Q1-A ADTQ1-A) (Q1-F ADTQ1-F) (Q1-H ADTQ1-H) (Q1-G ADTQ1-G) (Q1-C ADTQ1-C)
  (Q1-A3 ADTQ1-A3) (Q1-A2 ADTQ1-A2) (Q1-P1 ADTQ1-P1) (Q1-B ADTQ1-B)
  (Q1-I ADTQ1-I) ...)
 ((Q1-A ADTQ1-A) (Q1-F ADTQ1-F) (Q1-H ADTQ1-H) (Q1-G ADTQ1-G) (Q1-C ADTQ1-C)
  (Q1-A3 ADTQ1-A3) (Q1-A2 ADTQ1-A2) (Q1-P1 ADTQ1-P1) (Q1-B ADTQ1-B)
  (Q1-I ADTQ1-I) ...)
 ((Q1-A ADTQ1-A) (Q1-F ADTQ1-F) (Q1-H ADTQ1-H) (Q1-G ADTQ1-G) (Q1-C ADTQ1-C)
  (Q1-A3 ADTQ1-A3) (Q1-A2 ADTQ1-A2) (Q1-P1 ADTQ1-P1) (Q1-B ADTQ1-B)
  (Q1-I ADTQ1-I) ...)
 ((Q1-A ADTQ1-A) (Q1-F ADTQ1-F) (Q1-H ADTQ1-H) (Q1-G ADTQ1-G) (Q1-C ADTQ1-C)
  (Q1-A3 ADTQ1-A3) (Q1-A2 ADTQ1-A2) (Q1-P1 ADTQ1-P1) (Q1-B ADTQ1-B)
  (Q1-I ADTQ1-I) ...)
 ((Q1-A ADTQ1-A) (Q1-F ADTQ1-F) (Q1-H ADTQ1-H) (Q1-G ADTQ1-G) (Q1-C ADTQ1-C)
  (Q1-A3 ADTQ1-A3) (Q1-A2 ADTQ1-A2) (Q1-P1 ADTQ1-P1) (Q1-B ADTQ1-B)
  (Q1-I ADTQ1-I) ...))
USER(15): USER(15): > Initializing a new case 
 
> Open file: Saving new generated situation. 
 
> Opening output file/stream for :  < New-Batch/H-fcdr-dist1-1000.8 > 
 File Closed (at 1). 

; cpu time (non-gc) 71,800 msec (00:01:11.800) user, 120 msec system
; cpu time (gc)     1,760 msec user, 20 msec system
; cpu time (total)  73,560 msec (00:01:13.560) user, 140 msec system
; real time  125,573 msec (00:02:05.573)
; space allocation:
 3,533,077 cons cells,;  1,798 symbols, 10,198,512 other bytes
(((Q1-A ADTQ1-A) (Q1-F ADTQ1-F) (Q1-H ADTQ1-H) (Q1-G ADTQ1-G) (Q1-A3 ADTQ1-A3)
  (Q1-A2 ADTQ1-A2) (Q1-C ADTQ1-C) (Q1-P1 ADTQ1-P1) (Q1-B ADTQ1-B)
  (Q1-I ADTQ1-I) ...)
 ((Q1-A ADTQ1-A) (Q1-F ADTQ1-F) (Q1-H ADTQ1-H) (Q1-G ADTQ1-G) (Q1-A3 ADTQ1-A3)
  (Q1-A2 ADTQ1-A2) (Q1-C ADTQ1-C) (Q1-P1 ADTQ1-P1) (Q1-B ADTQ1-B)
  (Q1-I ADTQ1-I) ...)
 ((Q1-A ADTQ1-A) (Q1-F ADTQ1-F) (Q1-H ADTQ1-H) (Q1-G ADTQ1-G) (Q1-A3 ADTQ1-A3)
  (Q1-A2 ADTQ1-A2) (Q1-C ADTQ1-C) (Q1-P1 ADTQ1-P1) (Q1-B ADTQ1-B)
  (Q1-I ADTQ1-I) ...)
 ((Q1-A ADTQ1-A) (Q1-F ADTQ1-F) (Q1-H ADTQ1-H) (Q1-G ADTQ1-G) (Q1-A3 ADTQ1-A3)
  (Q1-A2 ADTQ1-A2) (Q1-C ADTQ1-C) (Q1-P1 ADTQ1-P1) (Q1-B ADTQ1-B)
  (Q1-I ADTQ1-I) ...)
 ((Q1-A ADTQ1-A) (Q1-F ADTQ1-F) (Q1-H ADTQ1-H) (Q1-G ADTQ1-G) (Q1-A3 ADTQ1-A3)
  (Q1-A2 ADTQ1-A2) (Q1-C ADTQ1-C) (Q1-P1 ADTQ1-P1) (Q1-B ADTQ1-B)
  (Q1-I ADTQ1-I) ...)
 ((Q1-A ADTQ1-A) (Q1-F ADTQ1-F) (Q1-H ADTQ1-H) (Q1-G ADTQ1-G) (Q1-A3 ADTQ1-A3)
  (Q1-A2 ADTQ1-A2) (Q1-C ADTQ1-C) (Q1-P1 ADTQ1-P1) (Q1-B ADTQ1-B)
  (Q1-I ADTQ1-I) ...))
USER(16): USER(16): > Initializing a new case 
 
> Open file: Saving new generated situation. 
 
> Opening output file/stream for :  < New-Batch/H-fcdr-dist1-1000.9 > 
 File Closed (at 1). 

; cpu time (non-gc) 84,010 msec (00:01:24.010) user, 130 msec system
; cpu time (gc)     1,830 msec user, 10 msec system
; cpu time (total)  85,840 msec (00:01:25.840) user, 140 msec system
; real time  139,058 msec (00:02:19.058)
; space allocation:
 4,650,572 cons cells,;  1,810 symbols, 12,644,976 other bytes
(((Q1-A ADTQ1-A) (Q1-F ADTQ1-F) (Q1-H ADTQ1-H) (Q1-G ADTQ1-G) (Q1-A3 ADTQ1-A3)
  (Q1-A2 ADTQ1-A2) (Q1-P1 ADTQ1-P1) (Q1-C ADTQ1-C) (Q1-B ADTQ1-B)
  (Q1-I ADTQ1-I) ...)
 ((Q1-A ADTQ1-A) (Q1-F ADTQ1-F) (Q1-H ADTQ1-H) (Q1-G ADTQ1-G) (Q1-A3 ADTQ1-A3)
  (Q1-A2 ADTQ1-A2) (Q1-P1 ADTQ1-P1) (Q1-C ADTQ1-C) (Q1-B ADTQ1-B)
  (Q1-I ADTQ1-I) ...)
 ((Q1-A ADTQ1-A) (Q1-F ADTQ1-F) (Q1-H ADTQ1-H) (Q1-G ADTQ1-G) (Q1-A3 ADTQ1-A3)
  (Q1-A2 ADTQ1-A2) (Q1-P1 ADTQ1-P1) (Q1-C ADTQ1-C) (Q1-B ADTQ1-B)
  (Q1-I ADTQ1-I) ...)
 ((Q1-A ADTQ1-A) (Q1-F ADTQ1-F) (Q1-H ADTQ1-H) (Q1-G ADTQ1-G) (Q1-A3 ADTQ1-A3)
  (Q1-A2 ADTQ1-A2) (Q1-P1 ADTQ1-P1) (Q1-C ADTQ1-C) (Q1-B ADTQ1-B)
  (Q1-I ADTQ1-I) ...)
 ((Q1-A ADTQ1-A) (Q1-F ADTQ1-F) (Q1-H ADTQ1-H) (Q1-G ADTQ1-G) (Q1-A3 ADTQ1-A3)
  (Q1-A2 ADTQ1-A2) (Q1-P1 ADTQ1-P1) (Q1-C ADTQ1-C) (Q1-B ADTQ1-B)
  (Q1-I ADTQ1-I) ...)
 ((Q1-A ADTQ1-A) (Q1-F ADTQ1-F) (Q1-H ADTQ1-H) (Q1-G ADTQ1-G) (Q1-A3 ADTQ1-A3)
  (Q1-A2 ADTQ1-A2) (Q1-P1 ADTQ1-P1) (Q1-C ADTQ1-C) (Q1-B ADTQ1-B)
  (Q1-I ADTQ1-I) ...)
 ((Q1-A ADTQ1-A) (Q1-F ADTQ1-F) (Q1-H ADTQ1-H) (Q1-G ADTQ1-G) (Q1-A3 ADTQ1-A3)
  (Q1-A2 ADTQ1-A2) (Q1-P1 ADTQ1-P1) (Q1-C ADTQ1-C) (Q1-B ADTQ1-B)
  (Q1-I ADTQ1-I) ...)
 ((Q1-A ADTQ1-A) (Q1-F ADTQ1-F) (Q1-H ADTQ1-H) (Q1-G ADTQ1-G) (Q1-A3 ADTQ1-A3)
  (Q1-A2 ADTQ1-A2) (Q1-P1 ADTQ1-P1) (Q1-C ADTQ1-C) (Q1-B ADTQ1-B)
  (Q1-I ADTQ1-I) ...)
 ((Q1-A ADTQ1-A) (Q1-F ADTQ1-F) (Q1-H ADTQ1-H) (Q1-G ADTQ1-G) (Q1-A3 ADTQ1-A3)
  (Q1-A2 ADTQ1-A2) (Q1-P1 ADTQ1-P1) (Q1-C ADTQ1-C) (Q1-B ADTQ1-B)
  (Q1-I ADTQ1-I) ...)
 ((Q1-A ADTQ1-A) (Q1-F ADTQ1-F) (Q1-H ADTQ1-H) (Q1-G ADTQ1-G) (Q1-A3 ADTQ1-A3)
  (Q1-A2 ADTQ1-A2) (Q1-P1 ADTQ1-P1) (Q1-C ADTQ1-C) (Q1-B ADTQ1-B)
  (Q1-I ADTQ1-I) ...)
 ...)
USER(17): USER(17): > Initializing a new case 
 
> Open file: Saving new generated situation. 
 
> Opening output file/stream for :  < New-Batch/H-fcdr-dist1-1000.99 > 
 File Closed (at 1). 

; cpu time (non-gc) 70,690 msec (00:01:10.690) user, 130 msec system
; cpu time (gc)     1,870 msec user, 40 msec system
; cpu time (total)  72,560 msec (00:01:12.560) user, 170 msec system
; real time  112,975 msec (00:01:52.975)
; space allocation:
 3,639,334 cons cells,;  1,820 symbols, 9,720,600 other bytes
(((Q1-A ADTQ1-A) (Q1-F ADTQ1-F) (Q1-H ADTQ1-H) (Q1-G ADTQ1-G) (Q1-A3 ADTQ1-A3)
  (Q1-A2 ADTQ1-A2) (Q1-P1 ADTQ1-P1) (Q1-C ADTQ1-C) (Q1-D ADTQ1-D)
  (Q1-B ADTQ1-B) ...)
 ((Q1-A ADTQ1-A) (Q1-F ADTQ1-F) (Q1-H ADTQ1-H) (Q1-G ADTQ1-G) (Q1-A3 ADTQ1-A3)
  (Q1-A2 ADTQ1-A2) (Q1-P1 ADTQ1-P1) (Q1-C ADTQ1-C) (Q1-D ADTQ1-D)
  (Q1-B ADTQ1-B) ...)
 ((Q1-A ADTQ1-A) (Q1-F ADTQ1-F) (Q1-H ADTQ1-H) (Q1-G ADTQ1-G) (Q1-A3 ADTQ1-A3)
  (Q1-A2 ADTQ1-A2) (Q1-P1 ADTQ1-P1) (Q1-C ADTQ1-C) (Q1-D ADTQ1-D)
  (Q1-B ADTQ1-B) ...)
 ((Q1-A ADTQ1-A) (Q1-F ADTQ1-F) (Q1-H ADTQ1-H) (Q1-G ADTQ1-G) (Q1-A3 ADTQ1-A3)
  (Q1-A2 ADTQ1-A2) (Q1-P1 ADTQ1-P1) (Q1-C ADTQ1-C) (Q1-D ADTQ1-D)
  (Q1-B ADTQ1-B) ...)
 ((Q1-A ADTQ1-A) (Q1-F ADTQ1-F) (Q1-H ADTQ1-H) (Q1-G ADTQ1-G) (Q1-A3 ADTQ1-A3)
  (Q1-A2 ADTQ1-A2) (Q1-P1 ADTQ1-P1) (Q1-C ADTQ1-C) (Q1-D ADTQ1-D)
  (Q1-B ADTQ1-B) ...)
 ((Q1-A ADTQ1-A) (Q1-F ADTQ1-F) (Q1-H ADTQ1-H) (Q1-G ADTQ1-G) (Q1-A3 ADTQ1-A3)
  (Q1-A2 ADTQ1-A2) (Q1-P1 ADTQ1-P1) (Q1-C ADTQ1-C) (Q1-D ADTQ1-D)
  (Q1-B ADTQ1-B) ...)
 ((Q1-A ADTQ1-A) (Q1-F ADTQ1-F) (Q1-H ADTQ1-H) (Q1-G ADTQ1-G) (Q1-A3 ADTQ1-A3)
  (Q1-A2 ADTQ1-A2) (Q1-P1 ADTQ1-P1) (Q1-C ADTQ1-C) (Q1-D ADTQ1-D)
  (Q1-B ADTQ1-B) ...)
 ((Q1-A ADTQ1-A) (Q1-F ADTQ1-F) (Q1-H ADTQ1-H) (Q1-G ADTQ1-G) (Q1-A3 ADTQ1-A3)
  (Q1-A2 ADTQ1-A2) (Q1-P1 ADTQ1-P1) (Q1-C ADTQ1-C) (Q1-D ADTQ1-D)
  (Q1-B ADTQ1-B) ...)
 ((Q1-A ADTQ1-A) (Q1-F ADTQ1-F) (Q1-H ADTQ1-H) (Q1-G ADTQ1-G) (Q1-A3 ADTQ1-A3)
  (Q1-A2 ADTQ1-A2) (Q1-P1 ADTQ1-P1) (Q1-C ADTQ1-C) (Q1-D ADTQ1-D)
  (Q1-B ADTQ1-B) ...)
 ((Q1-A ADTQ1-A) (Q1-F ADTQ1-F) (Q1-H ADTQ1-H) (Q1-G ADTQ1-G) (Q1-A3 ADTQ1-A3)
  (Q1-A2 ADTQ1-A2) (Q1-P1 ADTQ1-P1) (Q1-C ADTQ1-C) (Q1-D ADTQ1-D)
  (Q1-B ADTQ1-B) ...)
 ...)
USER(18): ; Exiting Lisp
