Allegro CL 4.2 [SPARC; R1] (2/1/95 11:34)
Copyright (C) 1985-1993, Franz Inc., Berkeley, CA, USA.  All Rights Reserved.
;   Loading /fsys4/u/sgwoods/qcsp/load.lisp.
;     Fast loading /fsys4/u/sgwoods/qcsp/bm.fasl.
;     Fast loading /fsys4/u/sgwoods/qcsp/bt.fasl.
;     Fast loading /fsys4/u/sgwoods/qcsp/ct.fasl.
;     Fast loading /fsys4/u/sgwoods/qcsp/gsat.fasl.
;     Fast loading /fsys4/u/sgwoods/qcsp/utility.fasl.
;     Loading /fsys4/u/sgwoods/qcsp/compile.lisp.
;     Fast loading /fsys4/u/sgwoods/qcsp/quilici-search.fasl.
Warning: GETVAL, :OPERATOR was defined in /fsys4/u/sgwoods/qcsp/gsat.lisp and
         is now being defined in /fsys4/u/sgwoods/qcsp/quilici-search.lisp
;     Fast loading /fsys4/u/sgwoods/qcsp/adt-simple.fasl.
;     Fast loading /fsys4/u/sgwoods/qcsp/adt-setup.fasl.
;     Fast loading /fsys4/u/sgwoods/qcsp/memory-csp.fasl.
;; Optimization settings: safety 1, space 1, speed 1, debug 2
;; For a complete description of all compiler switches given the current
;; optimization settings evaluate (EXPLAIN-COMPILER-SETTINGS).
USER(1): USER(1): Large New Test Run: 3000, h-i2, FCDR, Dist2
"Large New Test Run: 3000, h-i2, FCDR, Dist2"
USER(2): 
NIL
USER(3): 
NIL
USER(4): ; Fast loading /fsys4/u/sgwoods/qcsp/load.fasl.
;   Fast loading /fsys4/u/sgwoods/qcsp/bm.fasl.
;   Fast loading /fsys4/u/sgwoods/qcsp/bt.fasl.
;   Fast loading /fsys4/u/sgwoods/qcsp/ct.fasl.
;   Fast loading /fsys4/u/sgwoods/qcsp/gsat.fasl.
Warning: GETVAL, :OPERATOR was defined in
         /fsys4/u/sgwoods/qcsp/quilici-search.lisp and is now being defined in
         /fsys4/u/sgwoods/qcsp/gsat.lisp
;   Fast loading /fsys4/u/sgwoods/qcsp/utility.fasl.
;   Loading /fsys4/u/sgwoods/qcsp/compile.lisp.
;   Fast loading /fsys4/u/sgwoods/qcsp/quilici-search.fasl.
Warning: GETVAL, :OPERATOR was defined in /fsys4/u/sgwoods/qcsp/gsat.lisp and
         is now being defined in /fsys4/u/sgwoods/qcsp/quilici-search.lisp
;   Fast loading /fsys4/u/sgwoods/qcsp/adt-simple.fasl.
;   Fast loading /fsys4/u/sgwoods/qcsp/adt-setup.fasl.
;   Fast loading /fsys4/u/sgwoods/qcsp/memory-csp.fasl.
T
USER(5): USER(5): **** Noise 3000 ****
"**** Noise 3000 ****"
USER(6): 
NIL
USER(7): 
NIL
USER(8): > Initializing a new case 
 
> Open file: Saving new generated situation. 
 
> Opening output file/stream for :  < New-Batch/H-fcdr-dist2-3000.1 > 
 File Closed (at 1). 

; cpu time (non-gc) 1,193,730 msec (00:19:53.730) user, 660 msec system
; cpu time (gc)     13,270 msec user, 280 msec system
; cpu time (total)  1,207,000 msec (00:20:07) user, 940 msec system
; real time  2,076,803 msec (00:34:36.803)
; space allocation:
 66,442,423 cons cells,;  6,743 symbols, 54,654,920 other bytes
(((Q1-A ADTQ1-A) (Q1-F ADTQ1-F) (Q1-H ADTQ1-H) (Q1-C ADTQ1-C) (Q1-G ADTQ1-G)
  (Q1-B ADTQ1-B) (Q1-I ADTQ1-I) (Q1-P1 ADTQ1-P1) (Q1-A3 ADTQ1-A3)
  (Q1-A2 ADTQ1-A2) ...)
 ((Q1-A ADTQ1-A) (Q1-F ADTQ1-F) (Q1-H ADTQ1-H) (Q1-C ADTQ1-C) (Q1-G ADTQ1-G)
  (Q1-B ADTQ1-B) (Q1-I ADTQ1-I) (Q1-P1 ADTQ1-P1) (Q1-A3 ADTQ1-A3)
  (Q1-A2 ADTQ1-A2) ...)
 ((Q1-A ADTQ1-A) (Q1-F ADTQ1-F) (Q1-H ADTQ1-H) (Q1-C ADTQ1-C) (Q1-G ADTQ1-G)
  (Q1-B ADTQ1-B) (Q1-I ADTQ1-I) (Q1-P1 ADTQ1-P1) (Q1-A3 ADTQ1-A3)
  (Q1-A2 ADTQ1-A2) ...)
 ((Q1-A ADTQ1-A) (Q1-F ADTQ1-F) (Q1-H ADTQ1-H) (Q1-C ADTQ1-C) (Q1-G ADTQ1-G)
  (Q1-B ADTQ1-B) (Q1-I ADTQ1-I) (Q1-P1 ADTQ1-P1) (Q1-A3 ADTQ1-A3)
  (Q1-A2 ADTQ1-A2) ...)
 ((Q1-A ADTQ1-A) (Q1-F ADTQ1-F) (Q1-H ADTQ1-H) (Q1-C ADTQ1-C) (Q1-G ADTQ1-G)
  (Q1-B ADTQ1-B) (Q1-I ADTQ1-I) (Q1-P1 ADTQ1-P1) (Q1-A3 ADTQ1-A3)
  (Q1-A2 ADTQ1-A2) ...)
 ((Q1-A ADTQ1-A) (Q1-F ADTQ1-F) (Q1-H ADTQ1-H) (Q1-C ADTQ1-C) (Q1-G ADTQ1-G)
  (Q1-B ADTQ1-B) (Q1-I ADTQ1-I) (Q1-P1 ADTQ1-P1) (Q1-A3 ADTQ1-A3)
  (Q1-A2 ADTQ1-A2) ...)
 ((Q1-A ADTQ1-A) (Q1-F ADTQ1-F) (Q1-H ADTQ1-H) (Q1-C ADTQ1-C) (Q1-G ADTQ1-G)
  (Q1-B ADTQ1-B) (Q1-I ADTQ1-I) (Q1-P1 ADTQ1-P1) (Q1-A3 ADTQ1-A3)
  (Q1-A2 ADTQ1-A2) ...)
 ((Q1-A ADTQ1-A) (Q1-F ADTQ1-F) (Q1-H ADTQ1-H) (Q1-C ADTQ1-C) (Q1-G ADTQ1-G)
  (Q1-B ADTQ1-B) (Q1-I ADTQ1-I) (Q1-P1 ADTQ1-P1) (Q1-A3 ADTQ1-A3)
  (Q1-A2 ADTQ1-A2) ...)
 ((Q1-A ADTQ1-A) (Q1-F ADTQ1-F) (Q1-H ADTQ1-H) (Q1-C ADTQ1-C) (Q1-G ADTQ1-G)
  (Q1-B ADTQ1-B) (Q1-I ADTQ1-I) (Q1-P1 ADTQ1-P1) (Q1-A3 ADTQ1-A3)
  (Q1-A2 ADTQ1-A2) ...)
 ((Q1-A ADTQ1-A) (Q1-F ADTQ1-F) (Q1-H ADTQ1-H) (Q1-C ADTQ1-C) (Q1-G ADTQ1-G)
  (Q1-B ADTQ1-B) (Q1-I ADTQ1-I) (Q1-P1 ADTQ1-P1) (Q1-A3 ADTQ1-A3)
  (Q1-A2 ADTQ1-A2) ...)
 ...)
USER(9): USER(9): > Initializing a new case 
 
> Open file: Saving new generated situation. 
 
> Opening output file/stream for :  < New-Batch/H-fcdr-dist2-3000.2 > 
 File Closed (at 1). 

; cpu time (non-gc) 1,133,110 msec (00:18:53.110) user, 540 msec system
; cpu time (gc)     13,500 msec user, 250 msec system
; cpu time (total)  1,146,610 msec (00:19:06.610) user, 790 msec system
; real time  1,946,322 msec (00:32:26.322)
; space allocation:
 66,053,796 cons cells,;  6,709 symbols, 54,755,736 other bytes
(((Q1-A ADTQ1-A) (Q1-F ADTQ1-F) (Q1-H ADTQ1-H) (Q1-C ADTQ1-C) (Q1-D ADTQ1-D)
  (Q1-B ADTQ1-B) (Q1-E ADTQ1-E) (Q1-G ADTQ1-G) (Q1-P1 ADTQ1-P1) (Q1-I ADTQ1-I)
  ...)
 ((Q1-A ADTQ1-A) (Q1-F ADTQ1-F) (Q1-H ADTQ1-H) (Q1-C ADTQ1-C) (Q1-D ADTQ1-D)
  (Q1-B ADTQ1-B) (Q1-E ADTQ1-E) (Q1-G ADTQ1-G) (Q1-P1 ADTQ1-P1) (Q1-I ADTQ1-I)
  ...)
 ((Q1-A ADTQ1-A) (Q1-F ADTQ1-F) (Q1-H ADTQ1-H) (Q1-C ADTQ1-C) (Q1-D ADTQ1-D)
  (Q1-B ADTQ1-B) (Q1-E ADTQ1-E) (Q1-G ADTQ1-G) (Q1-P1 ADTQ1-P1) (Q1-I ADTQ1-I)
  ...)
 ((Q1-A ADTQ1-A) (Q1-F ADTQ1-F) (Q1-H ADTQ1-H) (Q1-C ADTQ1-C) (Q1-D ADTQ1-D)
  (Q1-B ADTQ1-B) (Q1-E ADTQ1-E) (Q1-G ADTQ1-G) (Q1-P1 ADTQ1-P1) (Q1-I ADTQ1-I)
  ...)
 ((Q1-A ADTQ1-A) (Q1-F ADTQ1-F) (Q1-H ADTQ1-H) (Q1-C ADTQ1-C) (Q1-D ADTQ1-D)
  (Q1-B ADTQ1-B) (Q1-E ADTQ1-E) (Q1-G ADTQ1-G) (Q1-P1 ADTQ1-P1) (Q1-I ADTQ1-I)
  ...)
 ((Q1-A ADTQ1-A) (Q1-F ADTQ1-F) (Q1-H ADTQ1-H) (Q1-C ADTQ1-C) (Q1-D ADTQ1-D)
  (Q1-B ADTQ1-B) (Q1-E ADTQ1-E) (Q1-G ADTQ1-G) (Q1-P1 ADTQ1-P1) (Q1-I ADTQ1-I)
  ...)
 ((Q1-A ADTQ1-A) (Q1-F ADTQ1-F) (Q1-H ADTQ1-H) (Q1-C ADTQ1-C) (Q1-D ADTQ1-D)
  (Q1-B ADTQ1-B) (Q1-E ADTQ1-E) (Q1-G ADTQ1-G) (Q1-P1 ADTQ1-P1) (Q1-I ADTQ1-I)
  ...)
 ((Q1-A ADTQ1-A) (Q1-F ADTQ1-F) (Q1-H ADTQ1-H) (Q1-C ADTQ1-C) (Q1-D ADTQ1-D)
  (Q1-B ADTQ1-B) (Q1-E ADTQ1-E) (Q1-G ADTQ1-G) (Q1-P1 ADTQ1-P1) (Q1-I ADTQ1-I)
  ...)
 ((Q1-A ADTQ1-A) (Q1-F ADTQ1-F) (Q1-H ADTQ1-H) (Q1-C ADTQ1-C) (Q1-D ADTQ1-D)
  (Q1-B ADTQ1-B) (Q1-E ADTQ1-E) (Q1-G ADTQ1-G) (Q1-P1 ADTQ1-P1) (Q1-I ADTQ1-I)
  ...)
 ((Q1-A ADTQ1-A) (Q1-F ADTQ1-F) (Q1-H ADTQ1-H) (Q1-C ADTQ1-C) (Q1-D ADTQ1-D)
  (Q1-B ADTQ1-B) (Q1-E ADTQ1-E) (Q1-G ADTQ1-G) (Q1-P1 ADTQ1-P1) (Q1-I ADTQ1-I)
  ...)
 ...)
USER(10): USER(10): > Initializing a new case 
 
> Open file: Saving new generated situation. 
 
> Opening output file/stream for :  < New-Batch/H-fcdr-dist2-3000.3 > 
 File Closed (at 1). 

; cpu time (non-gc) 743,820 msec (00:12:23.820) user, 520 msec system
; cpu time (gc)     20,590 msec user, 1,420 msec system
; cpu time (total)  764,410 msec (00:12:44.410) user, 1,940 msec system
; real time  1,235,233 msec (00:20:35.233)
; space allocation:
 38,952,045 cons cells,;  6,687 symbols, 33,306,144 other bytes
(((Q1-A ADTQ1-A) (Q1-F ADTQ1-F) (Q1-H ADTQ1-H) (Q1-C ADTQ1-C) (Q1-B ADTQ1-B)
  (Q1-G ADTQ1-G) (Q1-I ADTQ1-I) (Q1-P1 ADTQ1-P1) (Q1-A3 ADTQ1-A3)
  (Q1-A2 ADTQ1-A2) ...)
 ((Q1-A ADTQ1-A) (Q1-F ADTQ1-F) (Q1-H ADTQ1-H) (Q1-C ADTQ1-C) (Q1-B ADTQ1-B)
  (Q1-G ADTQ1-G) (Q1-I ADTQ1-I) (Q1-P1 ADTQ1-P1) (Q1-A3 ADTQ1-A3)
  (Q1-A2 ADTQ1-A2) ...)
 ((Q1-A ADTQ1-A) (Q1-F ADTQ1-F) (Q1-H ADTQ1-H) (Q1-C ADTQ1-C) (Q1-B ADTQ1-B)
  (Q1-G ADTQ1-G) (Q1-I ADTQ1-I) (Q1-P1 ADTQ1-P1) (Q1-A3 ADTQ1-A3)
  (Q1-A2 ADTQ1-A2) ...)
 ((Q1-A ADTQ1-A) (Q1-F ADTQ1-F) (Q1-H ADTQ1-H) (Q1-C ADTQ1-C) (Q1-B ADTQ1-B)
  (Q1-G ADTQ1-G) (Q1-I ADTQ1-I) (Q1-P1 ADTQ1-P1) (Q1-A3 ADTQ1-A3)
  (Q1-A2 ADTQ1-A2) ...)
 ((Q1-A ADTQ1-A) (Q1-F ADTQ1-F) (Q1-H ADTQ1-H) (Q1-C ADTQ1-C) (Q1-B ADTQ1-B)
  (Q1-G ADTQ1-G) (Q1-I ADTQ1-I) (Q1-P1 ADTQ1-P1) (Q1-A3 ADTQ1-A3)
  (Q1-A2 ADTQ1-A2) ...)
 ((Q1-A ADTQ1-A) (Q1-F ADTQ1-F) (Q1-H ADTQ1-H) (Q1-C ADTQ1-C) (Q1-B ADTQ1-B)
  (Q1-G ADTQ1-G) (Q1-I ADTQ1-I) (Q1-P1 ADTQ1-P1) (Q1-A3 ADTQ1-A3)
  (Q1-A2 ADTQ1-A2) ...)
 ((Q1-A ADTQ1-A) (Q1-F ADTQ1-F) (Q1-H ADTQ1-H) (Q1-C ADTQ1-C) (Q1-B ADTQ1-B)
  (Q1-G ADTQ1-G) (Q1-I ADTQ1-I) (Q1-P1 ADTQ1-P1) (Q1-A3 ADTQ1-A3)
  (Q1-A2 ADTQ1-A2) ...)
 ((Q1-A ADTQ1-A) (Q1-F ADTQ1-F) (Q1-H ADTQ1-H) (Q1-C ADTQ1-C) (Q1-B ADTQ1-B)
  (Q1-G ADTQ1-G) (Q1-I ADTQ1-I) (Q1-P1 ADTQ1-P1) (Q1-A3 ADTQ1-A3)
  (Q1-A2 ADTQ1-A2) ...)
 ((Q1-A ADTQ1-A) (Q1-F ADTQ1-F) (Q1-H ADTQ1-H) (Q1-C ADTQ1-C) (Q1-B ADTQ1-B)
  (Q1-G ADTQ1-G) (Q1-I ADTQ1-I) (Q1-P1 ADTQ1-P1) (Q1-A3 ADTQ1-A3)
  (Q1-A2 ADTQ1-A2) ...)
 ((Q1-A ADTQ1-A) (Q1-F ADTQ1-F) (Q1-H ADTQ1-H) (Q1-C ADTQ1-C) (Q1-B ADTQ1-B)
  (Q1-G ADTQ1-G) (Q1-I ADTQ1-I) (Q1-P1 ADTQ1-P1) (Q1-A3 ADTQ1-A3)
  (Q1-A2 ADTQ1-A2) ...)
 ...)
USER(11): USER(11): > Initializing a new case 
 
> Open file: Saving new generated situation. 
 
> Opening output file/stream for :  < New-Batch/H-fcdr-dist2-3000.4 > 
 File Closed (at 1). 

; cpu time (non-gc) 1,016,370 msec (00:16:56.370) user, 520 msec system
; cpu time (gc)     26,320 msec user, 230 msec system
; cpu time (total)  1,042,690 msec (00:17:22.690) user, 750 msec system
; real time  1,966,264 msec (00:32:46.264)
; space allocation:
 62,307,971 cons cells,;  6,727 symbols, 46,093,160 other bytes
(((Q1-A ADTQ1-A) (Q1-F ADTQ1-F) (Q1-H ADTQ1-H) (Q1-C ADTQ1-C) (Q1-B ADTQ1-B)
  (Q1-I ADTQ1-I) (Q1-G ADTQ1-G) (Q1-P1 ADTQ1-P1) (Q1-A3 ADTQ1-A3)
  (Q1-A2 ADTQ1-A2) ...)
 ((Q1-A ADTQ1-A) (Q1-F ADTQ1-F) (Q1-H ADTQ1-H) (Q1-C ADTQ1-C) (Q1-B ADTQ1-B)
  (Q1-I ADTQ1-I) (Q1-G ADTQ1-G) (Q1-P1 ADTQ1-P1) (Q1-A3 ADTQ1-A3)
  (Q1-A2 ADTQ1-A2) ...)
 ((Q1-A ADTQ1-A) (Q1-F ADTQ1-F) (Q1-H ADTQ1-H) (Q1-C ADTQ1-C) (Q1-B ADTQ1-B)
  (Q1-I ADTQ1-I) (Q1-G ADTQ1-G) (Q1-P1 ADTQ1-P1) (Q1-A3 ADTQ1-A3)
  (Q1-A2 ADTQ1-A2) ...)
 ((Q1-A ADTQ1-A) (Q1-F ADTQ1-F) (Q1-H ADTQ1-H) (Q1-C ADTQ1-C) (Q1-B ADTQ1-B)
  (Q1-I ADTQ1-I) (Q1-G ADTQ1-G) (Q1-P1 ADTQ1-P1) (Q1-A3 ADTQ1-A3)
  (Q1-A2 ADTQ1-A2) ...)
 ((Q1-A ADTQ1-A) (Q1-F ADTQ1-F) (Q1-H ADTQ1-H) (Q1-C ADTQ1-C) (Q1-B ADTQ1-B)
  (Q1-I ADTQ1-I) (Q1-G ADTQ1-G) (Q1-P1 ADTQ1-P1) (Q1-A3 ADTQ1-A3)
  (Q1-A2 ADTQ1-A2) ...)
 ((Q1-A ADTQ1-A) (Q1-F ADTQ1-F) (Q1-H ADTQ1-H) (Q1-C ADTQ1-C) (Q1-B ADTQ1-B)
  (Q1-I ADTQ1-I) (Q1-G ADTQ1-G) (Q1-P1 ADTQ1-P1) (Q1-A3 ADTQ1-A3)
  (Q1-A2 ADTQ1-A2) ...)
 ((Q1-A ADTQ1-A) (Q1-F ADTQ1-F) (Q1-H ADTQ1-H) (Q1-C ADTQ1-C) (Q1-B ADTQ1-B)
  (Q1-I ADTQ1-I) (Q1-G ADTQ1-G) (Q1-P1 ADTQ1-P1) (Q1-A3 ADTQ1-A3)
  (Q1-A2 ADTQ1-A2) ...)
 ((Q1-A ADTQ1-A) (Q1-F ADTQ1-F) (Q1-H ADTQ1-H) (Q1-C ADTQ1-C) (Q1-B ADTQ1-B)
  (Q1-I ADTQ1-I) (Q1-G ADTQ1-G) (Q1-P1 ADTQ1-P1) (Q1-A3 ADTQ1-A3)
  (Q1-A2 ADTQ1-A2) ...)
 ((Q1-A ADTQ1-A) (Q1-F ADTQ1-F) (Q1-H ADTQ1-H) (Q1-C ADTQ1-C) (Q1-B ADTQ1-B)
  (Q1-I ADTQ1-I) (Q1-G ADTQ1-G) (Q1-P1 ADTQ1-P1) (Q1-A3 ADTQ1-A3)
  (Q1-A2 ADTQ1-A2) ...)
 ((Q1-A ADTQ1-A) (Q1-F ADTQ1-F) (Q1-H ADTQ1-H) (Q1-C ADTQ1-C) (Q1-B ADTQ1-B)
  (Q1-I ADTQ1-I) (Q1-G ADTQ1-G) (Q1-P1 ADTQ1-P1) (Q1-A3 ADTQ1-A3)
  (Q1-A2 ADTQ1-A2) ...)
 ...)
USER(12): USER(12): > Initializing a new case 
 
> Open file: Saving new generated situation. 
 
> Opening output file/stream for :  < New-Batch/H-fcdr-dist2-3000.5 > 
 File Closed (at 1). 

; cpu time (non-gc) 1,244,280 msec (00:20:44.280) user, 880 msec system
; cpu time (gc)     18,140 msec user, 350 msec system
; cpu time (total)  1,262,420 msec (00:21:02.420) user, 1,230 msec system
; real time  2,130,917 msec (00:35:30.917)
; space allocation:
 74,266,887 cons cells,;  6,676 symbols, 55,576,984 other bytes
(((Q1-A ADTQ1-A) (Q1-F ADTQ1-F) (Q1-H ADTQ1-H) (Q1-C ADTQ1-C) (Q1-D ADTQ1-D)
  (Q1-B ADTQ1-B) (Q1-E ADTQ1-E) (Q1-G ADTQ1-G) (Q1-P1 ADTQ1-P1) (Q1-I ADTQ1-I)
  ...)
 ((Q1-A ADTQ1-A) (Q1-F ADTQ1-F) (Q1-H ADTQ1-H) (Q1-C ADTQ1-C) (Q1-D ADTQ1-D)
  (Q1-B ADTQ1-B) (Q1-E ADTQ1-E) (Q1-G ADTQ1-G) (Q1-P1 ADTQ1-P1) (Q1-I ADTQ1-I)
  ...)
 ((Q1-A ADTQ1-A) (Q1-F ADTQ1-F) (Q1-H ADTQ1-H) (Q1-C ADTQ1-C) (Q1-D ADTQ1-D)
  (Q1-B ADTQ1-B) (Q1-E ADTQ1-E) (Q1-G ADTQ1-G) (Q1-P1 ADTQ1-P1) (Q1-I ADTQ1-I)
  ...)
 ((Q1-A ADTQ1-A) (Q1-F ADTQ1-F) (Q1-H ADTQ1-H) (Q1-C ADTQ1-C) (Q1-D ADTQ1-D)
  (Q1-B ADTQ1-B) (Q1-E ADTQ1-E) (Q1-G ADTQ1-G) (Q1-P1 ADTQ1-P1) (Q1-I ADTQ1-I)
  ...)
 ((Q1-A ADTQ1-A) (Q1-F ADTQ1-F) (Q1-H ADTQ1-H) (Q1-C ADTQ1-C) (Q1-D ADTQ1-D)
  (Q1-B ADTQ1-B) (Q1-E ADTQ1-E) (Q1-G ADTQ1-G) (Q1-P1 ADTQ1-P1) (Q1-I ADTQ1-I)
  ...)
 ((Q1-A ADTQ1-A) (Q1-F ADTQ1-F) (Q1-H ADTQ1-H) (Q1-C ADTQ1-C) (Q1-D ADTQ1-D)
  (Q1-B ADTQ1-B) (Q1-E ADTQ1-E) (Q1-G ADTQ1-G) (Q1-P1 ADTQ1-P1) (Q1-I ADTQ1-I)
  ...)
 ((Q1-A ADTQ1-A) (Q1-F ADTQ1-F) (Q1-H ADTQ1-H) (Q1-C ADTQ1-C) (Q1-D ADTQ1-D)
  (Q1-B ADTQ1-B) (Q1-E ADTQ1-E) (Q1-G ADTQ1-G) (Q1-P1 ADTQ1-P1) (Q1-I ADTQ1-I)
  ...)
 ((Q1-A ADTQ1-A) (Q1-F ADTQ1-F) (Q1-H ADTQ1-H) (Q1-C ADTQ1-C) (Q1-D ADTQ1-D)
  (Q1-B ADTQ1-B) (Q1-E ADTQ1-E) (Q1-G ADTQ1-G) (Q1-P1 ADTQ1-P1) (Q1-I ADTQ1-I)
  ...)
 ((Q1-A ADTQ1-A) (Q1-F ADTQ1-F) (Q1-H ADTQ1-H) (Q1-C ADTQ1-C) (Q1-D ADTQ1-D)
  (Q1-B ADTQ1-B) (Q1-E ADTQ1-E) (Q1-G ADTQ1-G) (Q1-P1 ADTQ1-P1) (Q1-I ADTQ1-I)
  ...)
 ((Q1-A ADTQ1-A) (Q1-F ADTQ1-F) (Q1-H ADTQ1-H) (Q1-C ADTQ1-C) (Q1-D ADTQ1-D)
  (Q1-B ADTQ1-B) (Q1-E ADTQ1-E) (Q1-G ADTQ1-G) (Q1-P1 ADTQ1-P1) (Q1-I ADTQ1-I)
  ...)
 ...)
USER(13): USER(13): > Initializing a new case 
 
> Open file: Saving new generated situation. 
 
> Opening output file/stream for :  < New-Batch/H-fcdr-dist2-3000.6 > 
 File Closed (at 1). 

; cpu time (non-gc) 1,140,110 msec (00:19:00.110) user, 780 msec system
; cpu time (gc)     26,320 msec user, 2,270 msec system
; cpu time (total)  1,166,430 msec (00:19:26.430) user, 3,050 msec system
; real time  2,168,531 msec (00:36:08.531)
; space allocation:
 66,054,514 cons cells,;  6,709 symbols, 54,821,440 other bytes
(((Q1-A ADTQ1-A) (Q1-F ADTQ1-F) (Q1-H ADTQ1-H) (Q1-C ADTQ1-C) (Q1-D ADTQ1-D)
  (Q1-B ADTQ1-B) (Q1-E ADTQ1-E) (Q1-G ADTQ1-G) (Q1-P1 ADTQ1-P1) (Q1-I ADTQ1-I)
  ...)
 ((Q1-A ADTQ1-A) (Q1-F ADTQ1-F) (Q1-H ADTQ1-H) (Q1-C ADTQ1-C) (Q1-D ADTQ1-D)
  (Q1-B ADTQ1-B) (Q1-E ADTQ1-E) (Q1-G ADTQ1-G) (Q1-P1 ADTQ1-P1) (Q1-I ADTQ1-I)
  ...)
 ((Q1-A ADTQ1-A) (Q1-F ADTQ1-F) (Q1-H ADTQ1-H) (Q1-C ADTQ1-C) (Q1-D ADTQ1-D)
  (Q1-B ADTQ1-B) (Q1-E ADTQ1-E) (Q1-G ADTQ1-G) (Q1-P1 ADTQ1-P1) (Q1-I ADTQ1-I)
  ...)
 ((Q1-A ADTQ1-A) (Q1-F ADTQ1-F) (Q1-H ADTQ1-H) (Q1-C ADTQ1-C) (Q1-D ADTQ1-D)
  (Q1-B ADTQ1-B) (Q1-E ADTQ1-E) (Q1-G ADTQ1-G) (Q1-P1 ADTQ1-P1) (Q1-I ADTQ1-I)
  ...)
 ((Q1-A ADTQ1-A) (Q1-F ADTQ1-F) (Q1-H ADTQ1-H) (Q1-C ADTQ1-C) (Q1-D ADTQ1-D)
  (Q1-B ADTQ1-B) (Q1-E ADTQ1-E) (Q1-G ADTQ1-G) (Q1-P1 ADTQ1-P1) (Q1-I ADTQ1-I)
  ...)
 ((Q1-A ADTQ1-A) (Q1-F ADTQ1-F) (Q1-H ADTQ1-H) (Q1-C ADTQ1-C) (Q1-D ADTQ1-D)
  (Q1-B ADTQ1-B) (Q1-E ADTQ1-E) (Q1-G ADTQ1-G) (Q1-P1 ADTQ1-P1) (Q1-I ADTQ1-I)
  ...)
 ((Q1-A ADTQ1-A) (Q1-F ADTQ1-F) (Q1-H ADTQ1-H) (Q1-C ADTQ1-C) (Q1-D ADTQ1-D)
  (Q1-B ADTQ1-B) (Q1-E ADTQ1-E) (Q1-G ADTQ1-G) (Q1-P1 ADTQ1-P1) (Q1-I ADTQ1-I)
  ...)
 ((Q1-A ADTQ1-A) (Q1-F ADTQ1-F) (Q1-H ADTQ1-H) (Q1-C ADTQ1-C) (Q1-D ADTQ1-D)
  (Q1-B ADTQ1-B) (Q1-E ADTQ1-E) (Q1-G ADTQ1-G) (Q1-P1 ADTQ1-P1) (Q1-I ADTQ1-I)
  ...)
 ((Q1-A ADTQ1-A) (Q1-F ADTQ1-F) (Q1-H ADTQ1-H) (Q1-C ADTQ1-C) (Q1-D ADTQ1-D)
  (Q1-B ADTQ1-B) (Q1-E ADTQ1-E) (Q1-G ADTQ1-G) (Q1-P1 ADTQ1-P1) (Q1-I ADTQ1-I)
  ...)
 ((Q1-A ADTQ1-A) (Q1-F ADTQ1-F) (Q1-H ADTQ1-H) (Q1-C ADTQ1-C) (Q1-D ADTQ1-D)
  (Q1-B ADTQ1-B) (Q1-E ADTQ1-E) (Q1-G ADTQ1-G) (Q1-P1 ADTQ1-P1) (Q1-I ADTQ1-I)
  ...)
 ...)
USER(14): USER(14): > Initializing a new case 
 
> Open file: Saving new generated situation. 
 
> Opening output file/stream for :  < New-Batch/H-fcdr-dist2-3000.7 > 
 File Closed (at 1). 

; cpu time (non-gc) 1,174,160 msec (00:19:34.160) user, 790 msec system
; cpu time (gc)     19,770 msec user, 520 msec system
; cpu time (total)  1,193,930 msec (00:19:53.930) user, 1,310 msec system
; real time  2,208,252 msec (00:36:48.252)
; space allocation:
 69,651,436 cons cells,;  6,650 symbols, 56,675,640 other bytes
(((Q1-A ADTQ1-A) (Q1-F ADTQ1-F) (Q1-H ADTQ1-H) (Q1-C ADTQ1-C) (Q1-G ADTQ1-G)
  (Q1-B ADTQ1-B) (Q1-I ADTQ1-I) (Q1-P1 ADTQ1-P1) (Q1-A3 ADTQ1-A3)
  (Q1-A2 ADTQ1-A2) ...)
 ((Q1-A ADTQ1-A) (Q1-F ADTQ1-F) (Q1-H ADTQ1-H) (Q1-C ADTQ1-C) (Q1-G ADTQ1-G)
  (Q1-B ADTQ1-B) (Q1-I ADTQ1-I) (Q1-P1 ADTQ1-P1) (Q1-A3 ADTQ1-A3)
  (Q1-A2 ADTQ1-A2) ...)
 ((Q1-A ADTQ1-A) (Q1-F ADTQ1-F) (Q1-H ADTQ1-H) (Q1-C ADTQ1-C) (Q1-G ADTQ1-G)
  (Q1-B ADTQ1-B) (Q1-I ADTQ1-I) (Q1-P1 ADTQ1-P1) (Q1-A3 ADTQ1-A3)
  (Q1-A2 ADTQ1-A2) ...)
 ((Q1-A ADTQ1-A) (Q1-F ADTQ1-F) (Q1-H ADTQ1-H) (Q1-C ADTQ1-C) (Q1-G ADTQ1-G)
  (Q1-B ADTQ1-B) (Q1-I ADTQ1-I) (Q1-P1 ADTQ1-P1) (Q1-A3 ADTQ1-A3)
  (Q1-A2 ADTQ1-A2) ...)
 ((Q1-A ADTQ1-A) (Q1-F ADTQ1-F) (Q1-H ADTQ1-H) (Q1-C ADTQ1-C) (Q1-G ADTQ1-G)
  (Q1-B ADTQ1-B) (Q1-I ADTQ1-I) (Q1-P1 ADTQ1-P1) (Q1-A3 ADTQ1-A3)
  (Q1-A2 ADTQ1-A2) ...)
 ((Q1-A ADTQ1-A) (Q1-F ADTQ1-F) (Q1-H ADTQ1-H) (Q1-C ADTQ1-C) (Q1-G ADTQ1-G)
  (Q1-B ADTQ1-B) (Q1-I ADTQ1-I) (Q1-P1 ADTQ1-P1) (Q1-A3 ADTQ1-A3)
  (Q1-A2 ADTQ1-A2) ...)
 ((Q1-A ADTQ1-A) (Q1-F ADTQ1-F) (Q1-H ADTQ1-H) (Q1-C ADTQ1-C) (Q1-G ADTQ1-G)
  (Q1-B ADTQ1-B) (Q1-I ADTQ1-I) (Q1-P1 ADTQ1-P1) (Q1-A3 ADTQ1-A3)
  (Q1-A2 ADTQ1-A2) ...)
 ((Q1-A ADTQ1-A) (Q1-F ADTQ1-F) (Q1-H ADTQ1-H) (Q1-C ADTQ1-C) (Q1-G ADTQ1-G)
  (Q1-B ADTQ1-B) (Q1-I ADTQ1-I) (Q1-P1 ADTQ1-P1) (Q1-A3 ADTQ1-A3)
  (Q1-A2 ADTQ1-A2) ...)
 ((Q1-A ADTQ1-A) (Q1-F ADTQ1-F) (Q1-H ADTQ1-H) (Q1-C ADTQ1-C) (Q1-G ADTQ1-G)
  (Q1-B ADTQ1-B) (Q1-I ADTQ1-I) (Q1-P1 ADTQ1-P1) (Q1-A3 ADTQ1-A3)
  (Q1-A2 ADTQ1-A2) ...)
 ((Q1-A ADTQ1-A) (Q1-F ADTQ1-F) (Q1-H ADTQ1-H) (Q1-C ADTQ1-C) (Q1-G ADTQ1-G)
  (Q1-B ADTQ1-B) (Q1-I ADTQ1-I) (Q1-P1 ADTQ1-P1) (Q1-A3 ADTQ1-A3)
  (Q1-A2 ADTQ1-A2) ...)
 ...)
USER(15): USER(15): > Initializing a new case 
 
> Open file: Saving new generated situation. 
 
> Opening output file/stream for :  < New-Batch/H-fcdr-dist2-3000.8 > 
 File Closed (at 1). 

; cpu time (non-gc) 1,114,830 msec (00:18:34.830) user, 1,370 msec system
; cpu time (gc)     28,460 msec user, 2,370 msec system
; cpu time (total)  1,143,290 msec (00:19:03.290) user, 3,740 msec system
; real time  2,319,861 msec (00:38:39.861)
; space allocation:
 57,033,373 cons cells,;  6,502 symbols, 47,718,520 other bytes
(((Q1-A ADTQ1-A) (Q1-F ADTQ1-F) (Q1-H ADTQ1-H) (Q1-C ADTQ1-C) (Q1-B ADTQ1-B)
  (Q1-G ADTQ1-G) (Q1-P1 ADTQ1-P1) (Q1-I ADTQ1-I) (Q1-A3 ADTQ1-A3)
  (Q1-A2 ADTQ1-A2) ...)
 ((Q1-A ADTQ1-A) (Q1-F ADTQ1-F) (Q1-H ADTQ1-H) (Q1-C ADTQ1-C) (Q1-B ADTQ1-B)
  (Q1-G ADTQ1-G) (Q1-P1 ADTQ1-P1) (Q1-I ADTQ1-I) (Q1-A3 ADTQ1-A3)
  (Q1-A2 ADTQ1-A2) ...)
 ((Q1-A ADTQ1-A) (Q1-F ADTQ1-F) (Q1-H ADTQ1-H) (Q1-C ADTQ1-C) (Q1-B ADTQ1-B)
  (Q1-G ADTQ1-G) (Q1-P1 ADTQ1-P1) (Q1-I ADTQ1-I) (Q1-A3 ADTQ1-A3)
  (Q1-A2 ADTQ1-A2) ...)
 ((Q1-A ADTQ1-A) (Q1-F ADTQ1-F) (Q1-H ADTQ1-H) (Q1-C ADTQ1-C) (Q1-B ADTQ1-B)
  (Q1-G ADTQ1-G) (Q1-P1 ADTQ1-P1) (Q1-I ADTQ1-I) (Q1-A3 ADTQ1-A3)
  (Q1-A2 ADTQ1-A2) ...)
 ((Q1-A ADTQ1-A) (Q1-F ADTQ1-F) (Q1-H ADTQ1-H) (Q1-C ADTQ1-C) (Q1-B ADTQ1-B)
  (Q1-G ADTQ1-G) (Q1-P1 ADTQ1-P1) (Q1-I ADTQ1-I) (Q1-A3 ADTQ1-A3)
  (Q1-A2 ADTQ1-A2) ...)
 ((Q1-A ADTQ1-A) (Q1-F ADTQ1-F) (Q1-H ADTQ1-H) (Q1-C ADTQ1-C) (Q1-B ADTQ1-B)
  (Q1-G ADTQ1-G) (Q1-P1 ADTQ1-P1) (Q1-I ADTQ1-I) (Q1-A3 ADTQ1-A3)
  (Q1-A2 ADTQ1-A2) ...)
 ((Q1-A ADTQ1-A) (Q1-F ADTQ1-F) (Q1-H ADTQ1-H) (Q1-C ADTQ1-C) (Q1-B ADTQ1-B)
  (Q1-G ADTQ1-G) (Q1-P1 ADTQ1-P1) (Q1-I ADTQ1-I) (Q1-A3 ADTQ1-A3)
  (Q1-A2 ADTQ1-A2) ...)
 ((Q1-A ADTQ1-A) (Q1-F ADTQ1-F) (Q1-H ADTQ1-H) (Q1-C ADTQ1-C) (Q1-B ADTQ1-B)
  (Q1-G ADTQ1-G) (Q1-P1 ADTQ1-P1) (Q1-I ADTQ1-I) (Q1-A3 ADTQ1-A3)
  (Q1-A2 ADTQ1-A2) ...)
 ((Q1-A ADTQ1-A) (Q1-F ADTQ1-F) (Q1-H ADTQ1-H) (Q1-C ADTQ1-C) (Q1-B ADTQ1-B)
  (Q1-G ADTQ1-G) (Q1-P1 ADTQ1-P1) (Q1-I ADTQ1-I) (Q1-A3 ADTQ1-A3)
  (Q1-A2 ADTQ1-A2) ...)
 ((Q1-A ADTQ1-A) (Q1-F ADTQ1-F) (Q1-H ADTQ1-H) (Q1-C ADTQ1-C) (Q1-B ADTQ1-B)
  (Q1-G ADTQ1-G) (Q1-P1 ADTQ1-P1) (Q1-I ADTQ1-I) (Q1-A3 ADTQ1-A3)
  (Q1-A2 ADTQ1-A2) ...)
 ...)
USER(16): USER(16): > Initializing a new case 
 
> Open file: Saving new generated situation. 
 
> Opening output file/stream for :  < New-Batch/H-fcdr-dist2-3000.9 > 
 File Closed (at 1). 

; cpu time (non-gc) 1,222,380 msec (00:20:22.380) user, 1,350 msec system
; cpu time (gc)     21,290 msec user, 570 msec system
; cpu time (total)  1,243,670 msec (00:20:43.670) user, 1,920 msec system
; real time  2,849,970 msec (00:47:29.970)
; space allocation:
 68,918,492 cons cells,;  6,586 symbols, 52,467,568 other bytes
(((Q1-A ADTQ1-A) (Q1-F ADTQ1-F) (Q1-H ADTQ1-H) (Q1-C ADTQ1-C) (Q1-G ADTQ1-G)
  (Q1-B ADTQ1-B) (Q1-I ADTQ1-I) (Q1-P1 ADTQ1-P1) (Q1-A3 ADTQ1-A3)
  (Q1-A2 ADTQ1-A2) ...)
 ((Q1-A ADTQ1-A) (Q1-F ADTQ1-F) (Q1-H ADTQ1-H) (Q1-C ADTQ1-C) (Q1-G ADTQ1-G)
  (Q1-B ADTQ1-B) (Q1-I ADTQ1-I) (Q1-P1 ADTQ1-P1) (Q1-A3 ADTQ1-A3)
  (Q1-A2 ADTQ1-A2) ...)
 ((Q1-A ADTQ1-A) (Q1-F ADTQ1-F) (Q1-H ADTQ1-H) (Q1-C ADTQ1-C) (Q1-G ADTQ1-G)
  (Q1-B ADTQ1-B) (Q1-I ADTQ1-I) (Q1-P1 ADTQ1-P1) (Q1-A3 ADTQ1-A3)
  (Q1-A2 ADTQ1-A2) ...)
 ((Q1-A ADTQ1-A) (Q1-F ADTQ1-F) (Q1-H ADTQ1-H) (Q1-C ADTQ1-C) (Q1-G ADTQ1-G)
  (Q1-B ADTQ1-B) (Q1-I ADTQ1-I) (Q1-P1 ADTQ1-P1) (Q1-A3 ADTQ1-A3)
  (Q1-A2 ADTQ1-A2) ...)
 ((Q1-A ADTQ1-A) (Q1-F ADTQ1-F) (Q1-H ADTQ1-H) (Q1-C ADTQ1-C) (Q1-G ADTQ1-G)
  (Q1-B ADTQ1-B) (Q1-I ADTQ1-I) (Q1-P1 ADTQ1-P1) (Q1-A3 ADTQ1-A3)
  (Q1-A2 ADTQ1-A2) ...)
 ((Q1-A ADTQ1-A) (Q1-F ADTQ1-F) (Q1-H ADTQ1-H) (Q1-C ADTQ1-C) (Q1-G ADTQ1-G)
  (Q1-B ADTQ1-B) (Q1-I ADTQ1-I) (Q1-P1 ADTQ1-P1) (Q1-A3 ADTQ1-A3)
  (Q1-A2 ADTQ1-A2) ...)
 ((Q1-A ADTQ1-A) (Q1-F ADTQ1-F) (Q1-H ADTQ1-H) (Q1-C ADTQ1-C) (Q1-G ADTQ1-G)
  (Q1-B ADTQ1-B) (Q1-I ADTQ1-I) (Q1-P1 ADTQ1-P1) (Q1-A3 ADTQ1-A3)
  (Q1-A2 ADTQ1-A2) ...)
 ((Q1-A ADTQ1-A) (Q1-F ADTQ1-F) (Q1-H ADTQ1-H) (Q1-C ADTQ1-C) (Q1-G ADTQ1-G)
  (Q1-B ADTQ1-B) (Q1-I ADTQ1-I) (Q1-P1 ADTQ1-P1) (Q1-A3 ADTQ1-A3)
  (Q1-A2 ADTQ1-A2) ...)
 ((Q1-A ADTQ1-A) (Q1-F ADTQ1-F) (Q1-H ADTQ1-H) (Q1-C ADTQ1-C) (Q1-G ADTQ1-G)
  (Q1-B ADTQ1-B) (Q1-I ADTQ1-I) (Q1-P1 ADTQ1-P1) (Q1-A3 ADTQ1-A3)
  (Q1-A2 ADTQ1-A2) ...)
 ((Q1-A ADTQ1-A) (Q1-F ADTQ1-F) (Q1-H ADTQ1-H) (Q1-C ADTQ1-C) (Q1-G ADTQ1-G)
  (Q1-B ADTQ1-B) (Q1-I ADTQ1-I) (Q1-P1 ADTQ1-P1) (Q1-A3 ADTQ1-A3)
  (Q1-A2 ADTQ1-A2) ...)
 ...)
USER(17): USER(17): > Initializing a new case 
 
> Open file: Saving new generated situation. 
 
> Opening output file/stream for :  < New-Batch/H-fcdr-dist2-3000.99 > 
 File Closed (at 1). 

; cpu time (non-gc) 1,445,660 msec (00:24:05.660) user, 1,240 msec system
; cpu time (gc)     23,850 msec user, 690 msec system
; cpu time (total)  1,469,510 msec (00:24:29.510) user, 1,930 msec system
; real time  2,645,546 msec (00:44:05.546)
; space allocation:
 88,414,369 cons cells,;  6,579 symbols, 70,796,088 other bytes
(((Q1-A ADTQ1-A) (Q1-F ADTQ1-F) (Q1-H ADTQ1-H) (Q1-C ADTQ1-C) (Q1-B ADTQ1-B)
  (Q1-I ADTQ1-I) (Q1-G ADTQ1-G) (Q1-P1 ADTQ1-P1) (Q1-A3 ADTQ1-A3)
  (Q1-A2 ADTQ1-A2) ...)
 ((Q1-A ADTQ1-A) (Q1-F ADTQ1-F) (Q1-H ADTQ1-H) (Q1-C ADTQ1-C) (Q1-B ADTQ1-B)
  (Q1-I ADTQ1-I) (Q1-G ADTQ1-G) (Q1-P1 ADTQ1-P1) (Q1-A3 ADTQ1-A3)
  (Q1-A2 ADTQ1-A2) ...)
 ((Q1-A ADTQ1-A) (Q1-F ADTQ1-F) (Q1-H ADTQ1-H) (Q1-C ADTQ1-C) (Q1-B ADTQ1-B)
  (Q1-I ADTQ1-I) (Q1-G ADTQ1-G) (Q1-P1 ADTQ1-P1) (Q1-A3 ADTQ1-A3)
  (Q1-A2 ADTQ1-A2) ...)
 ((Q1-A ADTQ1-A) (Q1-F ADTQ1-F) (Q1-H ADTQ1-H) (Q1-C ADTQ1-C) (Q1-B ADTQ1-B)
  (Q1-I ADTQ1-I) (Q1-G ADTQ1-G) (Q1-P1 ADTQ1-P1) (Q1-A3 ADTQ1-A3)
  (Q1-A2 ADTQ1-A2) ...)
 ((Q1-A ADTQ1-A) (Q1-F ADTQ1-F) (Q1-H ADTQ1-H) (Q1-C ADTQ1-C) (Q1-B ADTQ1-B)
  (Q1-I ADTQ1-I) (Q1-G ADTQ1-G) (Q1-P1 ADTQ1-P1) (Q1-A3 ADTQ1-A3)
  (Q1-A2 ADTQ1-A2) ...)
 ((Q1-A ADTQ1-A) (Q1-F ADTQ1-F) (Q1-H ADTQ1-H) (Q1-C ADTQ1-C) (Q1-B ADTQ1-B)
  (Q1-I ADTQ1-I) (Q1-G ADTQ1-G) (Q1-P1 ADTQ1-P1) (Q1-A3 ADTQ1-A3)
  (Q1-A2 ADTQ1-A2) ...)
 ((Q1-A ADTQ1-A) (Q1-F ADTQ1-F) (Q1-H ADTQ1-H) (Q1-C ADTQ1-C) (Q1-B ADTQ1-B)
  (Q1-I ADTQ1-I) (Q1-G ADTQ1-G) (Q1-P1 ADTQ1-P1) (Q1-A3 ADTQ1-A3)
  (Q1-A2 ADTQ1-A2) ...)
 ((Q1-A ADTQ1-A) (Q1-F ADTQ1-F) (Q1-H ADTQ1-H) (Q1-C ADTQ1-C) (Q1-B ADTQ1-B)
  (Q1-I ADTQ1-I) (Q1-G ADTQ1-G) (Q1-P1 ADTQ1-P1) (Q1-A3 ADTQ1-A3)
  (Q1-A2 ADTQ1-A2) ...)
 ((Q1-A ADTQ1-A) (Q1-F ADTQ1-F) (Q1-H ADTQ1-H) (Q1-C ADTQ1-C) (Q1-B ADTQ1-B)
  (Q1-I ADTQ1-I) (Q1-G ADTQ1-G) (Q1-P1 ADTQ1-P1) (Q1-A3 ADTQ1-A3)
  (Q1-A2 ADTQ1-A2) ...)
 ((Q1-A ADTQ1-A) (Q1-F ADTQ1-F) (Q1-H ADTQ1-H) (Q1-C ADTQ1-C) (Q1-B ADTQ1-B)
  (Q1-I ADTQ1-I) (Q1-G ADTQ1-G) (Q1-P1 ADTQ1-P1) (Q1-A3 ADTQ1-A3)
  (Q1-A2 ADTQ1-A2) ...)
 ...)
USER(18): ; Exiting Lisp
