Allegro CL 4.2 [SPARC; R1] (2/1/95 11:34)
Copyright (C) 1985-1993, Franz Inc., Berkeley, CA, USA.  All Rights Reserved.
;   Loading /fsys4/u/sgwoods/qcsp/load.lisp.
;     Fast loading /fsys4/u/sgwoods/qcsp/bm.fasl.
;     Fast loading /fsys4/u/sgwoods/qcsp/bt.fasl.
;     Fast loading /fsys4/u/sgwoods/qcsp/ct.fasl.
;     Fast loading /fsys4/u/sgwoods/qcsp/gsat.fasl.
;     Fast loading /fsys4/u/sgwoods/qcsp/utility.fasl.
;     Loading /fsys4/u/sgwoods/qcsp/compile.lisp.
;     Fast loading /fsys4/u/sgwoods/qcsp/quilici-search.fasl.
Warning: GETVAL, :OPERATOR was defined in /fsys4/u/sgwoods/qcsp/gsat.lisp and
         is now being defined in /fsys4/u/sgwoods/qcsp/quilici-search.lisp
;     Fast loading /fsys4/u/sgwoods/qcsp/adt-simple.fasl.
;     Fast loading /fsys4/u/sgwoods/qcsp/adt-setup.fasl.
;     Fast loading /fsys4/u/sgwoods/qcsp/memory-csp.fasl.
;; Optimization settings: safety 1, space 1, speed 1, debug 2
;; For a complete description of all compiler switches given the current
;; optimization settings evaluate (EXPLAIN-COMPILER-SETTINGS).
USER(1): USER(1): Large New Test Run: 0250, h-i2, FCDR, Dist3
"Large New Test Run: 0250, h-i2, FCDR, Dist3"
USER(2): 
NIL
USER(3): 
NIL
USER(4): ; Fast loading /fsys4/u/sgwoods/qcsp/load.fasl.
;   Fast loading /fsys4/u/sgwoods/qcsp/bm.fasl.
;   Fast loading /fsys4/u/sgwoods/qcsp/bt.fasl.
;   Fast loading /fsys4/u/sgwoods/qcsp/ct.fasl.
;   Fast loading /fsys4/u/sgwoods/qcsp/gsat.fasl.
Warning: GETVAL, :OPERATOR was defined in
         /fsys4/u/sgwoods/qcsp/quilici-search.lisp and is now being defined in
         /fsys4/u/sgwoods/qcsp/gsat.lisp
;   Fast loading /fsys4/u/sgwoods/qcsp/utility.fasl.
;   Loading /fsys4/u/sgwoods/qcsp/compile.lisp.
;   Fast loading /fsys4/u/sgwoods/qcsp/quilici-search.fasl.
Warning: GETVAL, :OPERATOR was defined in /fsys4/u/sgwoods/qcsp/gsat.lisp and
         is now being defined in /fsys4/u/sgwoods/qcsp/quilici-search.lisp
;   Fast loading /fsys4/u/sgwoods/qcsp/adt-simple.fasl.
;   Fast loading /fsys4/u/sgwoods/qcsp/adt-setup.fasl.
;   Fast loading /fsys4/u/sgwoods/qcsp/memory-csp.fasl.
T
USER(5): USER(5): **** Noise 0250 ****
"**** Noise 0250 ****"
USER(6): 
NIL
USER(7): 
NIL
USER(8): > Initializing a new case 
 
> Open file: Saving new generated situation. 
 
> Opening output file/stream for :  < New-Batch/H-fcdr-dist3-0250.1 > 
 File Closed (at 1). 

; cpu time (non-gc) 3,850 msec user, 90 msec system
; cpu time (gc)     700 msec user, 10 msec system
; cpu time (total)  4,550 msec user, 100 msec system
; real time  8,819 msec
; space allocation:
 423,135 cons cells,;  381 symbols, 1,097,192 other bytes
(((Q1-B ADTQ1-B) (Q1-I ADTQ1-I) (Q1-G ADTQ1-G) (Q1-A2 ADTQ1-A2)
  (Q1-P1 ADTQ1-P1) (Q1-F ADTQ1-F) (Q1-A3 ADTQ1-A3) (Q1-H ADTQ1-H)
  (Q1-A ADTQ1-A) (Q1-C ADTQ1-C) ...)
 ((Q1-B ADTQ1-B) (Q1-I ADTQ1-I) (Q1-G ADTQ1-G) (Q1-A2 ADTQ1-A2)
  (Q1-P1 ADTQ1-P1) (Q1-F ADTQ1-F) (Q1-A3 ADTQ1-A3) (Q1-H ADTQ1-H)
  (Q1-A ADTQ1-A) (Q1-C ADTQ1-C) ...)
 ((Q1-B ADTQ1-B) (Q1-I ADTQ1-I) (Q1-G ADTQ1-G) (Q1-A2 ADTQ1-A2)
  (Q1-P1 ADTQ1-P1) (Q1-F ADTQ1-F) (Q1-A3 ADTQ1-A3) (Q1-H ADTQ1-H)
  (Q1-A ADTQ1-A) (Q1-C ADTQ1-C) ...))
USER(9): USER(9): > Initializing a new case 
 
> Open file: Saving new generated situation. 
 
> Opening output file/stream for :  < New-Batch/H-fcdr-dist3-0250.2 > 
 File Closed (at 1). 

; cpu time (non-gc) 3,840 msec user, 40 msec system
; cpu time (gc)     340 msec user, 10 msec system
; cpu time (total)  4,180 msec user, 50 msec system
; real time  8,372 msec
; space allocation:
 434,467 cons cells,;  383 symbols, 1,078,816 other bytes
(((Q1-C ADTQ1-C) (Q1-D ADTQ1-D) (Q1-E ADTQ1-E) (Q1-H ADTQ1-H) (Q1-B ADTQ1-B)
  (Q1-I ADTQ1-I) (Q1-F ADTQ1-F) (Q1-A3 ADTQ1-A3) (Q1-A ADTQ1-A) (Q1-G ADTQ1-G)
  ...)
 ((Q1-C ADTQ1-C) (Q1-D ADTQ1-D) (Q1-E ADTQ1-E) (Q1-H ADTQ1-H) (Q1-B ADTQ1-B)
  (Q1-I ADTQ1-I) (Q1-F ADTQ1-F) (Q1-A3 ADTQ1-A3) (Q1-A ADTQ1-A) (Q1-G ADTQ1-G)
  ...)
 ((Q1-C ADTQ1-C) (Q1-D ADTQ1-D) (Q1-E ADTQ1-E) (Q1-H ADTQ1-H) (Q1-B ADTQ1-B)
  (Q1-I ADTQ1-I) (Q1-F ADTQ1-F) (Q1-A3 ADTQ1-A3) (Q1-A ADTQ1-A) (Q1-G ADTQ1-G)
  ...)
 ((Q1-C ADTQ1-C) (Q1-D ADTQ1-D) (Q1-E ADTQ1-E) (Q1-H ADTQ1-H) (Q1-B ADTQ1-B)
  (Q1-I ADTQ1-I) (Q1-F ADTQ1-F) (Q1-A3 ADTQ1-A3) (Q1-A ADTQ1-A) (Q1-G ADTQ1-G)
  ...))
USER(10): USER(10): > Initializing a new case 
 
> Open file: Saving new generated situation. 
 
> Opening output file/stream for :  < New-Batch/H-fcdr-dist3-0250.3 > 
 File Closed (at 1). 

; cpu time (non-gc) 3,850 msec user, 20 msec system
; cpu time (gc)     370 msec user, 10 msec system
; cpu time (total)  4,220 msec user, 30 msec system
; real time  8,445 msec
; space allocation:
 440,924 cons cells,;  388 symbols, 1,022,888 other bytes
(((Q1-C ADTQ1-C) (Q1-D ADTQ1-D) (Q1-E ADTQ1-E) (Q1-H ADTQ1-H) (Q1-F ADTQ1-F)
  (Q1-A3 ADTQ1-A3) (Q1-A ADTQ1-A) (Q1-G ADTQ1-G) (Q1-P1 ADTQ1-P1)
  (Q1-A2 ADTQ1-A2) ...)
 ((Q1-C ADTQ1-C) (Q1-D ADTQ1-D) (Q1-E ADTQ1-E) (Q1-H ADTQ1-H) (Q1-F ADTQ1-F)
  (Q1-A3 ADTQ1-A3) (Q1-A ADTQ1-A) (Q1-G ADTQ1-G) (Q1-P1 ADTQ1-P1)
  (Q1-A2 ADTQ1-A2) ...))
USER(11): USER(11): > Initializing a new case 
 
> Open file: Saving new generated situation. 
 
> Opening output file/stream for :  < New-Batch/H-fcdr-dist3-0250.4 > 
 File Closed (at 1). 

; cpu time (non-gc) 3,820 msec user, 40 msec system
; cpu time (gc)     290 msec user, 0 msec system
; cpu time (total)  4,110 msec user, 40 msec system
; real time  6,852 msec
; space allocation:
 458,394 cons cells,;  402 symbols, 1,011,168 other bytes
(((Q1-C ADTQ1-C) (Q1-D ADTQ1-D) (Q1-E ADTQ1-E) (Q1-H ADTQ1-H) (Q1-F ADTQ1-F)
  (Q1-B ADTQ1-B) (Q1-G ADTQ1-G) (Q1-A2 ADTQ1-A2) (Q1-A3 ADTQ1-A3)
  (Q1-A ADTQ1-A) ...))
USER(12): USER(12): > Initializing a new case 
 
> Open file: Saving new generated situation. 
 
> Opening output file/stream for :  < New-Batch/H-fcdr-dist3-0250.5 > 
 File Closed (at 1). 

; cpu time (non-gc) 3,400 msec user, 30 msec system
; cpu time (gc)     320 msec user, 0 msec system
; cpu time (total)  3,720 msec user, 30 msec system
; real time  6,064 msec
; space allocation:
 414,566 cons cells,;  372 symbols, 914,840 other bytes
(((Q1-C ADTQ1-C) (Q1-D ADTQ1-D) (Q1-E ADTQ1-E) (Q1-H ADTQ1-H) (Q1-F ADTQ1-F)
  (Q1-A ADTQ1-A) (Q1-G ADTQ1-G) (Q1-A2 ADTQ1-A2) (Q1-A3 ADTQ1-A3)
  (Q1-P1 ADTQ1-P1) ...)
 ((Q1-C ADTQ1-C) (Q1-D ADTQ1-D) (Q1-E ADTQ1-E) (Q1-H ADTQ1-H) (Q1-F ADTQ1-F)
  (Q1-A ADTQ1-A) (Q1-G ADTQ1-G) (Q1-A2 ADTQ1-A2) (Q1-A3 ADTQ1-A3)
  (Q1-P1 ADTQ1-P1) ...))
USER(13): USER(13): > Initializing a new case 
 
> Open file: Saving new generated situation. 
 
> Opening output file/stream for :  < New-Batch/H-fcdr-dist3-0250.6 > 
 File Closed (at 1). 

; cpu time (non-gc) 3,830 msec user, 20 msec system
; cpu time (gc)     380 msec user, 10 msec system
; cpu time (total)  4,210 msec user, 30 msec system
; real time  8,402 msec
; space allocation:
 434,568 cons cells,;  383 symbols, 1,091,224 other bytes
(((Q1-C ADTQ1-C) (Q1-D ADTQ1-D) (Q1-E ADTQ1-E) (Q1-H ADTQ1-H) (Q1-B ADTQ1-B)
  (Q1-I ADTQ1-I) (Q1-F ADTQ1-F) (Q1-A3 ADTQ1-A3) (Q1-A ADTQ1-A) (Q1-G ADTQ1-G)
  ...)
 ((Q1-C ADTQ1-C) (Q1-D ADTQ1-D) (Q1-E ADTQ1-E) (Q1-H ADTQ1-H) (Q1-B ADTQ1-B)
  (Q1-I ADTQ1-I) (Q1-F ADTQ1-F) (Q1-A3 ADTQ1-A3) (Q1-A ADTQ1-A) (Q1-G ADTQ1-G)
  ...)
 ((Q1-C ADTQ1-C) (Q1-D ADTQ1-D) (Q1-E ADTQ1-E) (Q1-H ADTQ1-H) (Q1-B ADTQ1-B)
  (Q1-I ADTQ1-I) (Q1-F ADTQ1-F) (Q1-A3 ADTQ1-A3) (Q1-A ADTQ1-A) (Q1-G ADTQ1-G)
  ...)
 ((Q1-C ADTQ1-C) (Q1-D ADTQ1-D) (Q1-E ADTQ1-E) (Q1-H ADTQ1-H) (Q1-B ADTQ1-B)
  (Q1-I ADTQ1-I) (Q1-F ADTQ1-F) (Q1-A3 ADTQ1-A3) (Q1-A ADTQ1-A) (Q1-G ADTQ1-G)
  ...))
USER(14): USER(14): > Initializing a new case 
 
> Open file: Saving new generated situation. 
 
> Opening output file/stream for :  < New-Batch/H-fcdr-dist3-0250.7 > 
 File Closed (at 1). 

; cpu time (non-gc) 3,600 msec user, 20 msec system
; cpu time (gc)     270 msec user, 0 msec system
; cpu time (total)  3,870 msec user, 20 msec system
; real time  7,444 msec
; space allocation:
 418,281 cons cells,;  394 symbols, 940,616 other bytes
(((Q1-B ADTQ1-B) (Q1-I ADTQ1-I) (Q1-G ADTQ1-G) (Q1-A2 ADTQ1-A2) (Q1-A ADTQ1-A)
  (Q1-P1 ADTQ1-P1) (Q1-F ADTQ1-F) (Q1-A3 ADTQ1-A3) (Q1-H ADTQ1-H)
  (Q1-C ADTQ1-C) ...))
USER(15): USER(15): > Initializing a new case 
 
> Open file: Saving new generated situation. 
 
> Opening output file/stream for :  < New-Batch/H-fcdr-dist3-0250.8 > 
 File Closed (at 1). 

; cpu time (non-gc) 4,410 msec user, 20 msec system
; cpu time (gc)     340 msec user, 0 msec system
; cpu time (total)  4,750 msec user, 20 msec system
; real time  9,416 msec
; space allocation:
 468,511 cons cells,;  405 symbols, 1,270,192 other bytes
(((Q1-A ADTQ1-A) (Q1-G ADTQ1-G) (Q1-A2 ADTQ1-A2) (Q1-F ADTQ1-F)
  (Q1-A3 ADTQ1-A3) (Q1-P1 ADTQ1-P1) (Q1-H ADTQ1-H) (Q1-C ADTQ1-C)
  (Q1-D ADTQ1-D) (Q1-E ADTQ1-E) ...))
USER(16): USER(16): > Initializing a new case 
 
> Open file: Saving new generated situation. 
 
> Opening output file/stream for :  < New-Batch/H-fcdr-dist3-0250.9 > 
 File Closed (at 1). 

; cpu time (non-gc) 3,820 msec user, 40 msec system
; cpu time (gc)     300 msec user, 0 msec system
; cpu time (total)  4,120 msec user, 40 msec system
; real time  8,402 msec
; space allocation:
 443,045 cons cells,;  372 symbols, 1,089,048 other bytes
(((Q1-C ADTQ1-C) (Q1-D ADTQ1-D) (Q1-E ADTQ1-E) (Q1-H ADTQ1-H) (Q1-F ADTQ1-F)
  (Q1-A3 ADTQ1-A3) (Q1-A ADTQ1-A) (Q1-B ADTQ1-B) (Q1-I ADTQ1-I) (Q1-G ADTQ1-G)
  ...))
USER(17): USER(17): > Initializing a new case 
 
> Open file: Saving new generated situation. 
 
> Opening output file/stream for :  < New-Batch/H-fcdr-dist3-0250.99 > 
 File Closed (at 1). 

; cpu time (non-gc) 4,180 msec user, 30 msec system
; cpu time (gc)     340 msec user, 0 msec system
; cpu time (total)  4,520 msec user, 30 msec system
; real time  7,639 msec
; space allocation:
 466,081 cons cells,;  402 symbols, 1,105,416 other bytes
(((Q1-I ADTQ1-I) (Q1-B ADTQ1-B) (Q1-G ADTQ1-G) (Q1-A2 ADTQ1-A2) (Q1-F ADTQ1-F)
  (Q1-P1 ADTQ1-P1) (Q1-A3 ADTQ1-A3) (Q1-A ADTQ1-A) (Q1-H ADTQ1-H)
  (Q1-C ADTQ1-C) ...))
USER(18): ; Exiting Lisp
