Allegro CL 4.2 [SPARC; R1] (2/1/95 11:34)
Copyright (C) 1985-1993, Franz Inc., Berkeley, CA, USA.  All Rights Reserved.
;   Loading /fsys4/u/sgwoods/qcsp/load.lisp.
;     Fast loading /fsys4/u/sgwoods/qcsp/bm.fasl.
;     Fast loading /fsys4/u/sgwoods/qcsp/bt.fasl.
;     Fast loading /fsys4/u/sgwoods/qcsp/ct.fasl.
;     Fast loading /fsys4/u/sgwoods/qcsp/gsat.fasl.
;     Fast loading /fsys4/u/sgwoods/qcsp/utility.fasl.
;     Loading /fsys4/u/sgwoods/qcsp/compile.lisp.
;     Fast loading /fsys4/u/sgwoods/qcsp/quilici-search.fasl.
Warning: GETVAL, :OPERATOR was defined in /fsys4/u/sgwoods/qcsp/gsat.lisp and
         is now being defined in /fsys4/u/sgwoods/qcsp/quilici-search.lisp
;     Fast loading /fsys4/u/sgwoods/qcsp/adt-simple.fasl.
;     Fast loading /fsys4/u/sgwoods/qcsp/adt-setup.fasl.
;     Fast loading /fsys4/u/sgwoods/qcsp/memory-csp.fasl.
;; Optimization settings: safety 1, space 1, speed 1, debug 2
;; For a complete description of all compiler switches given the current
;; optimization settings evaluate (EXPLAIN-COMPILER-SETTINGS).
USER(1): USER(1): Large New Test Run: 5000, h-i2, FCDR, Dist3
"Large New Test Run: 5000, h-i2, FCDR, Dist3"
USER(2): 
NIL
USER(3): 
NIL
USER(4): ; Fast loading /fsys4/u/sgwoods/qcsp/load.fasl.
;   Fast loading /fsys4/u/sgwoods/qcsp/bm.fasl.
;   Fast loading /fsys4/u/sgwoods/qcsp/bt.fasl.
;   Fast loading /fsys4/u/sgwoods/qcsp/ct.fasl.
;   Fast loading /fsys4/u/sgwoods/qcsp/gsat.fasl.
Warning: GETVAL, :OPERATOR was defined in
         /fsys4/u/sgwoods/qcsp/quilici-search.lisp and is now being defined in
         /fsys4/u/sgwoods/qcsp/gsat.lisp
;   Fast loading /fsys4/u/sgwoods/qcsp/utility.fasl.
;   Loading /fsys4/u/sgwoods/qcsp/compile.lisp.
;   Fast loading /fsys4/u/sgwoods/qcsp/quilici-search.fasl.
Warning: GETVAL, :OPERATOR was defined in /fsys4/u/sgwoods/qcsp/gsat.lisp and
         is now being defined in /fsys4/u/sgwoods/qcsp/quilici-search.lisp
;   Fast loading /fsys4/u/sgwoods/qcsp/adt-simple.fasl.
;   Fast loading /fsys4/u/sgwoods/qcsp/adt-setup.fasl.
;   Fast loading /fsys4/u/sgwoods/qcsp/memory-csp.fasl.
T
USER(5): USER(5): **** Noise 5000 ****
"**** Noise 5000 ****"
USER(6): 
NIL
USER(7): 
NIL
USER(8): > Initializing a new case 
 
> Open file: Saving new generated situation. 
 
> Opening output file/stream for :  < New-Batch/H-fcdr-dist3-5000.1 > 
 File Closed (at 1). 

; cpu time (non-gc) 1,970,360 msec (00:32:50.360) user, 930 msec system
; cpu time (gc)     22,780 msec user, 420 msec system
; cpu time (total)  1,993,140 msec (00:33:13.140) user, 1,350 msec system
; real time  2,055,069 msec (00:34:15.069)
; space allocation:
 73,320,334 cons cells,;  7,910 symbols, 98,183,136 other bytes
(((Q1-B ADTQ1-B) (Q1-I ADTQ1-I) (Q1-G ADTQ1-G) (Q1-A2 ADTQ1-A2) (Q1-A ADTQ1-A)
  (Q1-F ADTQ1-F) (Q1-A3 ADTQ1-A3) (Q1-H ADTQ1-H) (Q1-P1 ADTQ1-P1)
  (Q1-C ADTQ1-C) ...)
 ((Q1-B ADTQ1-B) (Q1-I ADTQ1-I) (Q1-G ADTQ1-G) (Q1-A2 ADTQ1-A2) (Q1-A ADTQ1-A)
  (Q1-F ADTQ1-F) (Q1-A3 ADTQ1-A3) (Q1-H ADTQ1-H) (Q1-P1 ADTQ1-P1)
  (Q1-C ADTQ1-C) ...)
 ((Q1-B ADTQ1-B) (Q1-I ADTQ1-I) (Q1-G ADTQ1-G) (Q1-A2 ADTQ1-A2) (Q1-A ADTQ1-A)
  (Q1-F ADTQ1-F) (Q1-A3 ADTQ1-A3) (Q1-H ADTQ1-H) (Q1-P1 ADTQ1-P1)
  (Q1-C ADTQ1-C) ...)
 ((Q1-B ADTQ1-B) (Q1-I ADTQ1-I) (Q1-G ADTQ1-G) (Q1-A2 ADTQ1-A2) (Q1-A ADTQ1-A)
  (Q1-F ADTQ1-F) (Q1-A3 ADTQ1-A3) (Q1-H ADTQ1-H) (Q1-P1 ADTQ1-P1)
  (Q1-C ADTQ1-C) ...)
 ((Q1-B ADTQ1-B) (Q1-I ADTQ1-I) (Q1-G ADTQ1-G) (Q1-A2 ADTQ1-A2) (Q1-A ADTQ1-A)
  (Q1-F ADTQ1-F) (Q1-A3 ADTQ1-A3) (Q1-H ADTQ1-H) (Q1-P1 ADTQ1-P1)
  (Q1-C ADTQ1-C) ...)
 ((Q1-B ADTQ1-B) (Q1-I ADTQ1-I) (Q1-G ADTQ1-G) (Q1-A2 ADTQ1-A2) (Q1-A ADTQ1-A)
  (Q1-F ADTQ1-F) (Q1-A3 ADTQ1-A3) (Q1-H ADTQ1-H) (Q1-P1 ADTQ1-P1)
  (Q1-C ADTQ1-C) ...)
 ((Q1-B ADTQ1-B) (Q1-I ADTQ1-I) (Q1-G ADTQ1-G) (Q1-A2 ADTQ1-A2) (Q1-A ADTQ1-A)
  (Q1-F ADTQ1-F) (Q1-A3 ADTQ1-A3) (Q1-H ADTQ1-H) (Q1-P1 ADTQ1-P1)
  (Q1-C ADTQ1-C) ...)
 ((Q1-B ADTQ1-B) (Q1-I ADTQ1-I) (Q1-G ADTQ1-G) (Q1-A2 ADTQ1-A2) (Q1-A ADTQ1-A)
  (Q1-F ADTQ1-F) (Q1-A3 ADTQ1-A3) (Q1-H ADTQ1-H) (Q1-P1 ADTQ1-P1)
  (Q1-C ADTQ1-C) ...)
 ((Q1-B ADTQ1-B) (Q1-I ADTQ1-I) (Q1-G ADTQ1-G) (Q1-A2 ADTQ1-A2) (Q1-A ADTQ1-A)
  (Q1-F ADTQ1-F) (Q1-A3 ADTQ1-A3) (Q1-H ADTQ1-H) (Q1-P1 ADTQ1-P1)
  (Q1-C ADTQ1-C) ...)
 ((Q1-B ADTQ1-B) (Q1-I ADTQ1-I) (Q1-G ADTQ1-G) (Q1-A2 ADTQ1-A2) (Q1-A ADTQ1-A)
  (Q1-F ADTQ1-F) (Q1-A3 ADTQ1-A3) (Q1-H ADTQ1-H) (Q1-P1 ADTQ1-P1)
  (Q1-C ADTQ1-C) ...)
 ...)
USER(9): USER(9): > Initializing a new case 
 
> Open file: Saving new generated situation. 
 
> Opening output file/stream for :  < New-Batch/H-fcdr-dist3-5000.2 > 
 File Closed (at 1). 

; cpu time (non-gc) 1,951,090 msec (00:32:31.090) user, 580 msec system
; cpu time (gc)     31,970 msec user, 2,240 msec system
; cpu time (total)  1,983,060 msec (00:33:03.060) user, 2,820 msec system
; real time  2,040,741 msec (00:34:00.741)
; space allocation:
 73,750,274 cons cells,;  7,839 symbols, 97,895,320 other bytes
(((Q1-B ADTQ1-B) (Q1-I ADTQ1-I) (Q1-G ADTQ1-G) (Q1-A2 ADTQ1-A2) (Q1-A ADTQ1-A)
  (Q1-F ADTQ1-F) (Q1-A3 ADTQ1-A3) (Q1-H ADTQ1-H) (Q1-C ADTQ1-C)
  (Q1-P1 ADTQ1-P1) ...)
 ((Q1-B ADTQ1-B) (Q1-I ADTQ1-I) (Q1-G ADTQ1-G) (Q1-A2 ADTQ1-A2) (Q1-A ADTQ1-A)
  (Q1-F ADTQ1-F) (Q1-A3 ADTQ1-A3) (Q1-H ADTQ1-H) (Q1-C ADTQ1-C)
  (Q1-P1 ADTQ1-P1) ...)
 ((Q1-B ADTQ1-B) (Q1-I ADTQ1-I) (Q1-G ADTQ1-G) (Q1-A2 ADTQ1-A2) (Q1-A ADTQ1-A)
  (Q1-F ADTQ1-F) (Q1-A3 ADTQ1-A3) (Q1-H ADTQ1-H) (Q1-C ADTQ1-C)
  (Q1-P1 ADTQ1-P1) ...)
 ((Q1-B ADTQ1-B) (Q1-I ADTQ1-I) (Q1-G ADTQ1-G) (Q1-A2 ADTQ1-A2) (Q1-A ADTQ1-A)
  (Q1-F ADTQ1-F) (Q1-A3 ADTQ1-A3) (Q1-H ADTQ1-H) (Q1-C ADTQ1-C)
  (Q1-P1 ADTQ1-P1) ...)
 ((Q1-B ADTQ1-B) (Q1-I ADTQ1-I) (Q1-G ADTQ1-G) (Q1-A2 ADTQ1-A2) (Q1-A ADTQ1-A)
  (Q1-F ADTQ1-F) (Q1-A3 ADTQ1-A3) (Q1-H ADTQ1-H) (Q1-C ADTQ1-C)
  (Q1-P1 ADTQ1-P1) ...)
 ((Q1-B ADTQ1-B) (Q1-I ADTQ1-I) (Q1-G ADTQ1-G) (Q1-A2 ADTQ1-A2) (Q1-A ADTQ1-A)
  (Q1-F ADTQ1-F) (Q1-A3 ADTQ1-A3) (Q1-H ADTQ1-H) (Q1-C ADTQ1-C)
  (Q1-P1 ADTQ1-P1) ...)
 ((Q1-B ADTQ1-B) (Q1-I ADTQ1-I) (Q1-G ADTQ1-G) (Q1-A2 ADTQ1-A2) (Q1-A ADTQ1-A)
  (Q1-F ADTQ1-F) (Q1-A3 ADTQ1-A3) (Q1-H ADTQ1-H) (Q1-C ADTQ1-C)
  (Q1-P1 ADTQ1-P1) ...)
 ((Q1-B ADTQ1-B) (Q1-I ADTQ1-I) (Q1-G ADTQ1-G) (Q1-A2 ADTQ1-A2) (Q1-A ADTQ1-A)
  (Q1-F ADTQ1-F) (Q1-A3 ADTQ1-A3) (Q1-H ADTQ1-H) (Q1-C ADTQ1-C)
  (Q1-P1 ADTQ1-P1) ...)
 ((Q1-B ADTQ1-B) (Q1-I ADTQ1-I) (Q1-G ADTQ1-G) (Q1-A2 ADTQ1-A2) (Q1-A ADTQ1-A)
  (Q1-F ADTQ1-F) (Q1-A3 ADTQ1-A3) (Q1-H ADTQ1-H) (Q1-C ADTQ1-C)
  (Q1-P1 ADTQ1-P1) ...)
 ((Q1-B ADTQ1-B) (Q1-I ADTQ1-I) (Q1-G ADTQ1-G) (Q1-A2 ADTQ1-A2) (Q1-A ADTQ1-A)
  (Q1-F ADTQ1-F) (Q1-A3 ADTQ1-A3) (Q1-H ADTQ1-H) (Q1-C ADTQ1-C)
  (Q1-P1 ADTQ1-P1) ...)
 ...)
USER(10): USER(10): > Initializing a new case 
 
> Open file: Saving new generated situation. 
 
> Opening output file/stream for :  < New-Batch/H-fcdr-dist3-5000.3 > 
 File Closed (at 1). 

; cpu time (non-gc) 1,962,560 msec (00:32:42.560) user, 530 msec system
; cpu time (gc)     27,430 msec user, 310 msec system
; cpu time (total)  1,989,990 msec (00:33:09.990) user, 840 msec system
; real time  2,075,567 msec (00:34:35.567)
; space allocation:
 70,858,773 cons cells,;  7,855 symbols, 97,930,320 other bytes
(((Q1-B ADTQ1-B) (Q1-I ADTQ1-I) (Q1-G ADTQ1-G) (Q1-A2 ADTQ1-A2) (Q1-A ADTQ1-A)
  (Q1-F ADTQ1-F) (Q1-A3 ADTQ1-A3) (Q1-H ADTQ1-H) (Q1-P1 ADTQ1-P1)
  (Q1-C ADTQ1-C) ...)
 ((Q1-B ADTQ1-B) (Q1-I ADTQ1-I) (Q1-G ADTQ1-G) (Q1-A2 ADTQ1-A2) (Q1-A ADTQ1-A)
  (Q1-F ADTQ1-F) (Q1-A3 ADTQ1-A3) (Q1-H ADTQ1-H) (Q1-P1 ADTQ1-P1)
  (Q1-C ADTQ1-C) ...)
 ((Q1-B ADTQ1-B) (Q1-I ADTQ1-I) (Q1-G ADTQ1-G) (Q1-A2 ADTQ1-A2) (Q1-A ADTQ1-A)
  (Q1-F ADTQ1-F) (Q1-A3 ADTQ1-A3) (Q1-H ADTQ1-H) (Q1-P1 ADTQ1-P1)
  (Q1-C ADTQ1-C) ...)
 ((Q1-B ADTQ1-B) (Q1-I ADTQ1-I) (Q1-G ADTQ1-G) (Q1-A2 ADTQ1-A2) (Q1-A ADTQ1-A)
  (Q1-F ADTQ1-F) (Q1-A3 ADTQ1-A3) (Q1-H ADTQ1-H) (Q1-P1 ADTQ1-P1)
  (Q1-C ADTQ1-C) ...)
 ((Q1-B ADTQ1-B) (Q1-I ADTQ1-I) (Q1-G ADTQ1-G) (Q1-A2 ADTQ1-A2) (Q1-A ADTQ1-A)
  (Q1-F ADTQ1-F) (Q1-A3 ADTQ1-A3) (Q1-H ADTQ1-H) (Q1-P1 ADTQ1-P1)
  (Q1-C ADTQ1-C) ...)
 ((Q1-B ADTQ1-B) (Q1-I ADTQ1-I) (Q1-G ADTQ1-G) (Q1-A2 ADTQ1-A2) (Q1-A ADTQ1-A)
  (Q1-F ADTQ1-F) (Q1-A3 ADTQ1-A3) (Q1-H ADTQ1-H) (Q1-P1 ADTQ1-P1)
  (Q1-C ADTQ1-C) ...)
 ((Q1-B ADTQ1-B) (Q1-I ADTQ1-I) (Q1-G ADTQ1-G) (Q1-A2 ADTQ1-A2) (Q1-A ADTQ1-A)
  (Q1-F ADTQ1-F) (Q1-A3 ADTQ1-A3) (Q1-H ADTQ1-H) (Q1-P1 ADTQ1-P1)
  (Q1-C ADTQ1-C) ...)
 ((Q1-B ADTQ1-B) (Q1-I ADTQ1-I) (Q1-G ADTQ1-G) (Q1-A2 ADTQ1-A2) (Q1-A ADTQ1-A)
  (Q1-F ADTQ1-F) (Q1-A3 ADTQ1-A3) (Q1-H ADTQ1-H) (Q1-P1 ADTQ1-P1)
  (Q1-C ADTQ1-C) ...)
 ((Q1-B ADTQ1-B) (Q1-I ADTQ1-I) (Q1-G ADTQ1-G) (Q1-A2 ADTQ1-A2) (Q1-A ADTQ1-A)
  (Q1-F ADTQ1-F) (Q1-A3 ADTQ1-A3) (Q1-H ADTQ1-H) (Q1-P1 ADTQ1-P1)
  (Q1-C ADTQ1-C) ...)
 ((Q1-B ADTQ1-B) (Q1-I ADTQ1-I) (Q1-G ADTQ1-G) (Q1-A2 ADTQ1-A2) (Q1-A ADTQ1-A)
  (Q1-F ADTQ1-F) (Q1-A3 ADTQ1-A3) (Q1-H ADTQ1-H) (Q1-P1 ADTQ1-P1)
  (Q1-C ADTQ1-C) ...)
 ...)
USER(11): USER(11): > Initializing a new case 
 
> Open file: Saving new generated situation. 
 
> Opening output file/stream for :  < New-Batch/H-fcdr-dist3-5000.4 > 
 File Closed (at 1). 

; cpu time (non-gc) 1,962,670 msec (00:32:42.670) user, 610 msec system
; cpu time (gc)     35,490 msec user, 340 msec system
; cpu time (total)  1,998,160 msec (00:33:18.160) user, 950 msec system
; real time  2,081,928 msec (00:34:41.928)
; space allocation:
 71,619,512 cons cells,;  7,912 symbols, 98,921,200 other bytes
(((Q1-B ADTQ1-B) (Q1-I ADTQ1-I) (Q1-G ADTQ1-G) (Q1-A2 ADTQ1-A2) (Q1-A ADTQ1-A)
  (Q1-P1 ADTQ1-P1) (Q1-F ADTQ1-F) (Q1-H ADTQ1-H) (Q1-C ADTQ1-C)
  (Q1-A3 ADTQ1-A3) ...)
 ((Q1-B ADTQ1-B) (Q1-I ADTQ1-I) (Q1-G ADTQ1-G) (Q1-A2 ADTQ1-A2) (Q1-A ADTQ1-A)
  (Q1-P1 ADTQ1-P1) (Q1-F ADTQ1-F) (Q1-H ADTQ1-H) (Q1-C ADTQ1-C)
  (Q1-A3 ADTQ1-A3) ...)
 ((Q1-B ADTQ1-B) (Q1-I ADTQ1-I) (Q1-G ADTQ1-G) (Q1-A2 ADTQ1-A2) (Q1-A ADTQ1-A)
  (Q1-P1 ADTQ1-P1) (Q1-F ADTQ1-F) (Q1-H ADTQ1-H) (Q1-C ADTQ1-C)
  (Q1-A3 ADTQ1-A3) ...)
 ((Q1-B ADTQ1-B) (Q1-I ADTQ1-I) (Q1-G ADTQ1-G) (Q1-A2 ADTQ1-A2) (Q1-A ADTQ1-A)
  (Q1-P1 ADTQ1-P1) (Q1-F ADTQ1-F) (Q1-H ADTQ1-H) (Q1-C ADTQ1-C)
  (Q1-A3 ADTQ1-A3) ...)
 ((Q1-B ADTQ1-B) (Q1-I ADTQ1-I) (Q1-G ADTQ1-G) (Q1-A2 ADTQ1-A2) (Q1-A ADTQ1-A)
  (Q1-P1 ADTQ1-P1) (Q1-F ADTQ1-F) (Q1-H ADTQ1-H) (Q1-C ADTQ1-C)
  (Q1-A3 ADTQ1-A3) ...)
 ((Q1-B ADTQ1-B) (Q1-I ADTQ1-I) (Q1-G ADTQ1-G) (Q1-A2 ADTQ1-A2) (Q1-A ADTQ1-A)
  (Q1-P1 ADTQ1-P1) (Q1-F ADTQ1-F) (Q1-H ADTQ1-H) (Q1-C ADTQ1-C)
  (Q1-A3 ADTQ1-A3) ...)
 ((Q1-B ADTQ1-B) (Q1-I ADTQ1-I) (Q1-G ADTQ1-G) (Q1-A2 ADTQ1-A2) (Q1-A ADTQ1-A)
  (Q1-P1 ADTQ1-P1) (Q1-F ADTQ1-F) (Q1-H ADTQ1-H) (Q1-C ADTQ1-C)
  (Q1-A3 ADTQ1-A3) ...)
 ((Q1-B ADTQ1-B) (Q1-I ADTQ1-I) (Q1-G ADTQ1-G) (Q1-A2 ADTQ1-A2) (Q1-A ADTQ1-A)
  (Q1-P1 ADTQ1-P1) (Q1-F ADTQ1-F) (Q1-H ADTQ1-H) (Q1-C ADTQ1-C)
  (Q1-A3 ADTQ1-A3) ...)
 ((Q1-B ADTQ1-B) (Q1-I ADTQ1-I) (Q1-G ADTQ1-G) (Q1-A2 ADTQ1-A2) (Q1-A ADTQ1-A)
  (Q1-P1 ADTQ1-P1) (Q1-F ADTQ1-F) (Q1-H ADTQ1-H) (Q1-C ADTQ1-C)
  (Q1-A3 ADTQ1-A3) ...)
 ((Q1-B ADTQ1-B) (Q1-I ADTQ1-I) (Q1-G ADTQ1-G) (Q1-A2 ADTQ1-A2) (Q1-A ADTQ1-A)
  (Q1-P1 ADTQ1-P1) (Q1-F ADTQ1-F) (Q1-H ADTQ1-H) (Q1-C ADTQ1-C)
  (Q1-A3 ADTQ1-A3) ...))
USER(12): USER(12): > Initializing a new case 
 
> Open file: Saving new generated situation. 
 
> Opening output file/stream for :  < New-Batch/H-fcdr-dist3-5000.5 > 
 File Closed (at 1). 

; cpu time (non-gc) 1,940,230 msec (00:32:20.230) user, 580 msec system
; cpu time (gc)     29,650 msec user, 260 msec system
; cpu time (total)  1,969,880 msec (00:32:49.880) user, 840 msec system
; real time  2,023,341 msec (00:33:43.341)
; space allocation:
 73,516,478 cons cells,;  7,872 symbols, 97,231,736 other bytes
(((Q1-B ADTQ1-B) (Q1-I ADTQ1-I) (Q1-G ADTQ1-G) (Q1-A2 ADTQ1-A2) (Q1-A ADTQ1-A)
  (Q1-F ADTQ1-F) (Q1-A3 ADTQ1-A3) (Q1-H ADTQ1-H) (Q1-C ADTQ1-C)
  (Q1-P1 ADTQ1-P1) ...)
 ((Q1-B ADTQ1-B) (Q1-I ADTQ1-I) (Q1-G ADTQ1-G) (Q1-A2 ADTQ1-A2) (Q1-A ADTQ1-A)
  (Q1-F ADTQ1-F) (Q1-A3 ADTQ1-A3) (Q1-H ADTQ1-H) (Q1-C ADTQ1-C)
  (Q1-P1 ADTQ1-P1) ...)
 ((Q1-B ADTQ1-B) (Q1-I ADTQ1-I) (Q1-G ADTQ1-G) (Q1-A2 ADTQ1-A2) (Q1-A ADTQ1-A)
  (Q1-F ADTQ1-F) (Q1-A3 ADTQ1-A3) (Q1-H ADTQ1-H) (Q1-C ADTQ1-C)
  (Q1-P1 ADTQ1-P1) ...)
 ((Q1-B ADTQ1-B) (Q1-I ADTQ1-I) (Q1-G ADTQ1-G) (Q1-A2 ADTQ1-A2) (Q1-A ADTQ1-A)
  (Q1-F ADTQ1-F) (Q1-A3 ADTQ1-A3) (Q1-H ADTQ1-H) (Q1-C ADTQ1-C)
  (Q1-P1 ADTQ1-P1) ...)
 ((Q1-B ADTQ1-B) (Q1-I ADTQ1-I) (Q1-G ADTQ1-G) (Q1-A2 ADTQ1-A2) (Q1-A ADTQ1-A)
  (Q1-F ADTQ1-F) (Q1-A3 ADTQ1-A3) (Q1-H ADTQ1-H) (Q1-C ADTQ1-C)
  (Q1-P1 ADTQ1-P1) ...)
 ((Q1-B ADTQ1-B) (Q1-I ADTQ1-I) (Q1-G ADTQ1-G) (Q1-A2 ADTQ1-A2) (Q1-A ADTQ1-A)
  (Q1-F ADTQ1-F) (Q1-A3 ADTQ1-A3) (Q1-H ADTQ1-H) (Q1-C ADTQ1-C)
  (Q1-P1 ADTQ1-P1) ...)
 ((Q1-B ADTQ1-B) (Q1-I ADTQ1-I) (Q1-G ADTQ1-G) (Q1-A2 ADTQ1-A2) (Q1-A ADTQ1-A)
  (Q1-F ADTQ1-F) (Q1-A3 ADTQ1-A3) (Q1-H ADTQ1-H) (Q1-C ADTQ1-C)
  (Q1-P1 ADTQ1-P1) ...)
 ((Q1-B ADTQ1-B) (Q1-I ADTQ1-I) (Q1-G ADTQ1-G) (Q1-A2 ADTQ1-A2) (Q1-A ADTQ1-A)
  (Q1-F ADTQ1-F) (Q1-A3 ADTQ1-A3) (Q1-H ADTQ1-H) (Q1-C ADTQ1-C)
  (Q1-P1 ADTQ1-P1) ...)
 ((Q1-B ADTQ1-B) (Q1-I ADTQ1-I) (Q1-G ADTQ1-G) (Q1-A2 ADTQ1-A2) (Q1-A ADTQ1-A)
  (Q1-F ADTQ1-F) (Q1-A3 ADTQ1-A3) (Q1-H ADTQ1-H) (Q1-C ADTQ1-C)
  (Q1-P1 ADTQ1-P1) ...)
 ((Q1-B ADTQ1-B) (Q1-I ADTQ1-I) (Q1-G ADTQ1-G) (Q1-A2 ADTQ1-A2) (Q1-A ADTQ1-A)
  (Q1-F ADTQ1-F) (Q1-A3 ADTQ1-A3) (Q1-H ADTQ1-H) (Q1-C ADTQ1-C)
  (Q1-P1 ADTQ1-P1) ...)
 ...)
USER(13): USER(13): > Initializing a new case 
 
> Open file: Saving new generated situation. 
 
> Opening output file/stream for :  < New-Batch/H-fcdr-dist3-5000.6 > 
 File Closed (at 1). 

; cpu time (non-gc) 1,946,520 msec (00:32:26.520) user, 570 msec system
; cpu time (gc)     42,010 msec user, 260 msec system
; cpu time (total)  1,988,530 msec (00:33:08.530) user, 830 msec system
; real time  2,050,610 msec (00:34:10.610)
; space allocation:
 73,750,301 cons cells,;  7,839 symbols, 97,961,520 other bytes
(((Q1-B ADTQ1-B) (Q1-I ADTQ1-I) (Q1-G ADTQ1-G) (Q1-A2 ADTQ1-A2) (Q1-A ADTQ1-A)
  (Q1-F ADTQ1-F) (Q1-A3 ADTQ1-A3) (Q1-H ADTQ1-H) (Q1-C ADTQ1-C)
  (Q1-P1 ADTQ1-P1) ...)
 ((Q1-B ADTQ1-B) (Q1-I ADTQ1-I) (Q1-G ADTQ1-G) (Q1-A2 ADTQ1-A2) (Q1-A ADTQ1-A)
  (Q1-F ADTQ1-F) (Q1-A3 ADTQ1-A3) (Q1-H ADTQ1-H) (Q1-C ADTQ1-C)
  (Q1-P1 ADTQ1-P1) ...)
 ((Q1-B ADTQ1-B) (Q1-I ADTQ1-I) (Q1-G ADTQ1-G) (Q1-A2 ADTQ1-A2) (Q1-A ADTQ1-A)
  (Q1-F ADTQ1-F) (Q1-A3 ADTQ1-A3) (Q1-H ADTQ1-H) (Q1-C ADTQ1-C)
  (Q1-P1 ADTQ1-P1) ...)
 ((Q1-B ADTQ1-B) (Q1-I ADTQ1-I) (Q1-G ADTQ1-G) (Q1-A2 ADTQ1-A2) (Q1-A ADTQ1-A)
  (Q1-F ADTQ1-F) (Q1-A3 ADTQ1-A3) (Q1-H ADTQ1-H) (Q1-C ADTQ1-C)
  (Q1-P1 ADTQ1-P1) ...)
 ((Q1-B ADTQ1-B) (Q1-I ADTQ1-I) (Q1-G ADTQ1-G) (Q1-A2 ADTQ1-A2) (Q1-A ADTQ1-A)
  (Q1-F ADTQ1-F) (Q1-A3 ADTQ1-A3) (Q1-H ADTQ1-H) (Q1-C ADTQ1-C)
  (Q1-P1 ADTQ1-P1) ...)
 ((Q1-B ADTQ1-B) (Q1-I ADTQ1-I) (Q1-G ADTQ1-G) (Q1-A2 ADTQ1-A2) (Q1-A ADTQ1-A)
  (Q1-F ADTQ1-F) (Q1-A3 ADTQ1-A3) (Q1-H ADTQ1-H) (Q1-C ADTQ1-C)
  (Q1-P1 ADTQ1-P1) ...)
 ((Q1-B ADTQ1-B) (Q1-I ADTQ1-I) (Q1-G ADTQ1-G) (Q1-A2 ADTQ1-A2) (Q1-A ADTQ1-A)
  (Q1-F ADTQ1-F) (Q1-A3 ADTQ1-A3) (Q1-H ADTQ1-H) (Q1-C ADTQ1-C)
  (Q1-P1 ADTQ1-P1) ...)
 ((Q1-B ADTQ1-B) (Q1-I ADTQ1-I) (Q1-G ADTQ1-G) (Q1-A2 ADTQ1-A2) (Q1-A ADTQ1-A)
  (Q1-F ADTQ1-F) (Q1-A3 ADTQ1-A3) (Q1-H ADTQ1-H) (Q1-C ADTQ1-C)
  (Q1-P1 ADTQ1-P1) ...)
 ((Q1-B ADTQ1-B) (Q1-I ADTQ1-I) (Q1-G ADTQ1-G) (Q1-A2 ADTQ1-A2) (Q1-A ADTQ1-A)
  (Q1-F ADTQ1-F) (Q1-A3 ADTQ1-A3) (Q1-H ADTQ1-H) (Q1-C ADTQ1-C)
  (Q1-P1 ADTQ1-P1) ...)
 ((Q1-B ADTQ1-B) (Q1-I ADTQ1-I) (Q1-G ADTQ1-G) (Q1-A2 ADTQ1-A2) (Q1-A ADTQ1-A)
  (Q1-F ADTQ1-F) (Q1-A3 ADTQ1-A3) (Q1-H ADTQ1-H) (Q1-C ADTQ1-C)
  (Q1-P1 ADTQ1-P1) ...)
 ...)
USER(14): USER(14): > Initializing a new case 
 
> Open file: Saving new generated situation. 
 
> Opening output file/stream for :  < New-Batch/H-fcdr-dist3-5000.7 > 
 File Closed (at 1). 

; cpu time (non-gc) 1,964,520 msec (00:32:44.520) user, 560 msec system
; cpu time (gc)     32,000 msec user, 200 msec system
; cpu time (total)  1,996,520 msec (00:33:16.520) user, 760 msec system
; real time  2,061,397 msec (00:34:21.397)
; space allocation:
 70,044,294 cons cells,;  7,867 symbols, 93,908,936 other bytes
(((Q1-B ADTQ1-B) (Q1-I ADTQ1-I) (Q1-G ADTQ1-G) (Q1-A2 ADTQ1-A2) (Q1-F ADTQ1-F)
  (Q1-A3 ADTQ1-A3) (Q1-H ADTQ1-H) (Q1-A ADTQ1-A) (Q1-P1 ADTQ1-P1)
  (Q1-C ADTQ1-C) ...)
 ((Q1-B ADTQ1-B) (Q1-I ADTQ1-I) (Q1-G ADTQ1-G) (Q1-A2 ADTQ1-A2) (Q1-F ADTQ1-F)
  (Q1-A3 ADTQ1-A3) (Q1-H ADTQ1-H) (Q1-A ADTQ1-A) (Q1-P1 ADTQ1-P1)
  (Q1-C ADTQ1-C) ...)
 ((Q1-B ADTQ1-B) (Q1-I ADTQ1-I) (Q1-G ADTQ1-G) (Q1-A2 ADTQ1-A2) (Q1-F ADTQ1-F)
  (Q1-A3 ADTQ1-A3) (Q1-H ADTQ1-H) (Q1-A ADTQ1-A) (Q1-P1 ADTQ1-P1)
  (Q1-C ADTQ1-C) ...)
 ((Q1-B ADTQ1-B) (Q1-I ADTQ1-I) (Q1-G ADTQ1-G) (Q1-A2 ADTQ1-A2) (Q1-F ADTQ1-F)
  (Q1-A3 ADTQ1-A3) (Q1-H ADTQ1-H) (Q1-A ADTQ1-A) (Q1-P1 ADTQ1-P1)
  (Q1-C ADTQ1-C) ...)
 ((Q1-B ADTQ1-B) (Q1-I ADTQ1-I) (Q1-G ADTQ1-G) (Q1-A2 ADTQ1-A2) (Q1-F ADTQ1-F)
  (Q1-A3 ADTQ1-A3) (Q1-H ADTQ1-H) (Q1-A ADTQ1-A) (Q1-P1 ADTQ1-P1)
  (Q1-C ADTQ1-C) ...)
 ((Q1-B ADTQ1-B) (Q1-I ADTQ1-I) (Q1-G ADTQ1-G) (Q1-A2 ADTQ1-A2) (Q1-F ADTQ1-F)
  (Q1-A3 ADTQ1-A3) (Q1-H ADTQ1-H) (Q1-A ADTQ1-A) (Q1-P1 ADTQ1-P1)
  (Q1-C ADTQ1-C) ...)
 ((Q1-B ADTQ1-B) (Q1-I ADTQ1-I) (Q1-G ADTQ1-G) (Q1-A2 ADTQ1-A2) (Q1-F ADTQ1-F)
  (Q1-A3 ADTQ1-A3) (Q1-H ADTQ1-H) (Q1-A ADTQ1-A) (Q1-P1 ADTQ1-P1)
  (Q1-C ADTQ1-C) ...)
 ((Q1-B ADTQ1-B) (Q1-I ADTQ1-I) (Q1-G ADTQ1-G) (Q1-A2 ADTQ1-A2) (Q1-F ADTQ1-F)
  (Q1-A3 ADTQ1-A3) (Q1-H ADTQ1-H) (Q1-A ADTQ1-A) (Q1-P1 ADTQ1-P1)
  (Q1-C ADTQ1-C) ...)
 ((Q1-B ADTQ1-B) (Q1-I ADTQ1-I) (Q1-G ADTQ1-G) (Q1-A2 ADTQ1-A2) (Q1-F ADTQ1-F)
  (Q1-A3 ADTQ1-A3) (Q1-H ADTQ1-H) (Q1-A ADTQ1-A) (Q1-P1 ADTQ1-P1)
  (Q1-C ADTQ1-C) ...)
 ((Q1-B ADTQ1-B) (Q1-I ADTQ1-I) (Q1-G ADTQ1-G) (Q1-A2 ADTQ1-A2) (Q1-F ADTQ1-F)
  (Q1-A3 ADTQ1-A3) (Q1-H ADTQ1-H) (Q1-A ADTQ1-A) (Q1-P1 ADTQ1-P1)
  (Q1-C ADTQ1-C) ...)
 ...)
USER(15): USER(15): > Initializing a new case 
 
> Open file: Saving new generated situation. 
 
> Opening output file/stream for :  < New-Batch/H-fcdr-dist3-5000.8 > 
 File Closed (at 1). 

; cpu time (non-gc) 1,991,160 msec (00:33:11.160) user, 750 msec system
; cpu time (gc)     41,850 msec user, 160 msec system
; cpu time (total)  2,033,010 msec (00:33:53.010) user, 910 msec system
; real time  2,089,289 msec (00:34:49.289)
; space allocation:
 72,400,877 cons cells,;  7,942 symbols, 97,356,488 other bytes
(((Q1-B ADTQ1-B) (Q1-I ADTQ1-I) (Q1-G ADTQ1-G) (Q1-A2 ADTQ1-A2) (Q1-A ADTQ1-A)
  (Q1-F ADTQ1-F) (Q1-A3 ADTQ1-A3) (Q1-H ADTQ1-H) (Q1-C ADTQ1-C) (Q1-D ADTQ1-D)
  ...)
 ((Q1-B ADTQ1-B) (Q1-I ADTQ1-I) (Q1-G ADTQ1-G) (Q1-A2 ADTQ1-A2) (Q1-A ADTQ1-A)
  (Q1-F ADTQ1-F) (Q1-A3 ADTQ1-A3) (Q1-H ADTQ1-H) (Q1-C ADTQ1-C) (Q1-D ADTQ1-D)
  ...)
 ((Q1-B ADTQ1-B) (Q1-I ADTQ1-I) (Q1-G ADTQ1-G) (Q1-A2 ADTQ1-A2) (Q1-A ADTQ1-A)
  (Q1-F ADTQ1-F) (Q1-A3 ADTQ1-A3) (Q1-H ADTQ1-H) (Q1-C ADTQ1-C) (Q1-D ADTQ1-D)
  ...)
 ((Q1-B ADTQ1-B) (Q1-I ADTQ1-I) (Q1-G ADTQ1-G) (Q1-A2 ADTQ1-A2) (Q1-A ADTQ1-A)
  (Q1-F ADTQ1-F) (Q1-A3 ADTQ1-A3) (Q1-H ADTQ1-H) (Q1-C ADTQ1-C) (Q1-D ADTQ1-D)
  ...)
 ((Q1-B ADTQ1-B) (Q1-I ADTQ1-I) (Q1-G ADTQ1-G) (Q1-A2 ADTQ1-A2) (Q1-A ADTQ1-A)
  (Q1-F ADTQ1-F) (Q1-A3 ADTQ1-A3) (Q1-H ADTQ1-H) (Q1-C ADTQ1-C) (Q1-D ADTQ1-D)
  ...)
 ((Q1-B ADTQ1-B) (Q1-I ADTQ1-I) (Q1-G ADTQ1-G) (Q1-A2 ADTQ1-A2) (Q1-A ADTQ1-A)
  (Q1-F ADTQ1-F) (Q1-A3 ADTQ1-A3) (Q1-H ADTQ1-H) (Q1-C ADTQ1-C) (Q1-D ADTQ1-D)
  ...)
 ((Q1-B ADTQ1-B) (Q1-I ADTQ1-I) (Q1-G ADTQ1-G) (Q1-A2 ADTQ1-A2) (Q1-A ADTQ1-A)
  (Q1-F ADTQ1-F) (Q1-A3 ADTQ1-A3) (Q1-H ADTQ1-H) (Q1-C ADTQ1-C) (Q1-D ADTQ1-D)
  ...))
USER(16): USER(16): > Initializing a new case 
 
> Open file: Saving new generated situation. 
 
> Opening output file/stream for :  < New-Batch/H-fcdr-dist3-5000.9 > 
 File Closed (at 1). 

; cpu time (non-gc) 1,961,240 msec (00:32:41.240) user, 700 msec system
; cpu time (gc)     32,640 msec user, 190 msec system
; cpu time (total)  1,993,880 msec (00:33:13.880) user, 890 msec system
; real time  2,047,191 msec (00:34:07.191)
; space allocation:
 71,716,634 cons cells,;  7,847 symbols, 90,317,608 other bytes
(((Q1-B ADTQ1-B) (Q1-I ADTQ1-I) (Q1-G ADTQ1-G) (Q1-A2 ADTQ1-A2) (Q1-A ADTQ1-A)
  (Q1-F ADTQ1-F) (Q1-A3 ADTQ1-A3) (Q1-H ADTQ1-H) (Q1-C ADTQ1-C) (Q1-D ADTQ1-D)
  ...)
 ((Q1-B ADTQ1-B) (Q1-I ADTQ1-I) (Q1-G ADTQ1-G) (Q1-A2 ADTQ1-A2) (Q1-A ADTQ1-A)
  (Q1-F ADTQ1-F) (Q1-A3 ADTQ1-A3) (Q1-H ADTQ1-H) (Q1-C ADTQ1-C) (Q1-D ADTQ1-D)
  ...)
 ((Q1-B ADTQ1-B) (Q1-I ADTQ1-I) (Q1-G ADTQ1-G) (Q1-A2 ADTQ1-A2) (Q1-A ADTQ1-A)
  (Q1-F ADTQ1-F) (Q1-A3 ADTQ1-A3) (Q1-H ADTQ1-H) (Q1-C ADTQ1-C) (Q1-D ADTQ1-D)
  ...)
 ((Q1-B ADTQ1-B) (Q1-I ADTQ1-I) (Q1-G ADTQ1-G) (Q1-A2 ADTQ1-A2) (Q1-A ADTQ1-A)
  (Q1-F ADTQ1-F) (Q1-A3 ADTQ1-A3) (Q1-H ADTQ1-H) (Q1-C ADTQ1-C) (Q1-D ADTQ1-D)
  ...)
 ((Q1-B ADTQ1-B) (Q1-I ADTQ1-I) (Q1-G ADTQ1-G) (Q1-A2 ADTQ1-A2) (Q1-A ADTQ1-A)
  (Q1-F ADTQ1-F) (Q1-A3 ADTQ1-A3) (Q1-H ADTQ1-H) (Q1-C ADTQ1-C) (Q1-D ADTQ1-D)
  ...)
 ((Q1-B ADTQ1-B) (Q1-I ADTQ1-I) (Q1-G ADTQ1-G) (Q1-A2 ADTQ1-A2) (Q1-A ADTQ1-A)
  (Q1-F ADTQ1-F) (Q1-A3 ADTQ1-A3) (Q1-H ADTQ1-H) (Q1-C ADTQ1-C) (Q1-D ADTQ1-D)
  ...)
 ((Q1-B ADTQ1-B) (Q1-I ADTQ1-I) (Q1-G ADTQ1-G) (Q1-A2 ADTQ1-A2) (Q1-A ADTQ1-A)
  (Q1-F ADTQ1-F) (Q1-A3 ADTQ1-A3) (Q1-H ADTQ1-H) (Q1-C ADTQ1-C) (Q1-D ADTQ1-D)
  ...)
 ((Q1-B ADTQ1-B) (Q1-I ADTQ1-I) (Q1-G ADTQ1-G) (Q1-A2 ADTQ1-A2) (Q1-A ADTQ1-A)
  (Q1-F ADTQ1-F) (Q1-A3 ADTQ1-A3) (Q1-H ADTQ1-H) (Q1-C ADTQ1-C) (Q1-D ADTQ1-D)
  ...)
 ((Q1-B ADTQ1-B) (Q1-I ADTQ1-I) (Q1-G ADTQ1-G) (Q1-A2 ADTQ1-A2) (Q1-A ADTQ1-A)
  (Q1-F ADTQ1-F) (Q1-A3 ADTQ1-A3) (Q1-H ADTQ1-H) (Q1-C ADTQ1-C) (Q1-D ADTQ1-D)
  ...))
USER(17): USER(17): > Initializing a new case 
 
> Open file: Saving new generated situation. 
 
> Opening output file/stream for :  < New-Batch/H-fcdr-dist3-5000.99 > 
 File Closed (at 1). 

; cpu time (non-gc) 1,731,100 msec (00:28:51.100) user, 640 msec system
; cpu time (gc)     46,900 msec user, 330 msec system
; cpu time (total)  1,778,000 msec (00:29:38) user, 970 msec system
; real time  1,807,323 msec (00:30:07.323)
; space allocation:
 73,223,821 cons cells,;  7,916 symbols, 89,099,032 other bytes
(((Q1-B ADTQ1-B) (Q1-I ADTQ1-I) (Q1-G ADTQ1-G) (Q1-A2 ADTQ1-A2) (Q1-A ADTQ1-A)
  (Q1-P1 ADTQ1-P1) (Q1-F ADTQ1-F) (Q1-H ADTQ1-H) (Q1-A3 ADTQ1-A3)
  (Q1-C ADTQ1-C) ...)
 ((Q1-B ADTQ1-B) (Q1-I ADTQ1-I) (Q1-G ADTQ1-G) (Q1-A2 ADTQ1-A2) (Q1-A ADTQ1-A)
  (Q1-P1 ADTQ1-P1) (Q1-F ADTQ1-F) (Q1-H ADTQ1-H) (Q1-A3 ADTQ1-A3)
  (Q1-C ADTQ1-C) ...)
 ((Q1-B ADTQ1-B) (Q1-I ADTQ1-I) (Q1-G ADTQ1-G) (Q1-A2 ADTQ1-A2) (Q1-A ADTQ1-A)
  (Q1-P1 ADTQ1-P1) (Q1-F ADTQ1-F) (Q1-H ADTQ1-H) (Q1-A3 ADTQ1-A3)
  (Q1-C ADTQ1-C) ...)
 ((Q1-B ADTQ1-B) (Q1-I ADTQ1-I) (Q1-G ADTQ1-G) (Q1-A2 ADTQ1-A2) (Q1-A ADTQ1-A)
  (Q1-P1 ADTQ1-P1) (Q1-F ADTQ1-F) (Q1-H ADTQ1-H) (Q1-A3 ADTQ1-A3)
  (Q1-C ADTQ1-C) ...)
 ((Q1-B ADTQ1-B) (Q1-I ADTQ1-I) (Q1-G ADTQ1-G) (Q1-A2 ADTQ1-A2) (Q1-A ADTQ1-A)
  (Q1-P1 ADTQ1-P1) (Q1-F ADTQ1-F) (Q1-H ADTQ1-H) (Q1-A3 ADTQ1-A3)
  (Q1-C ADTQ1-C) ...)
 ((Q1-B ADTQ1-B) (Q1-I ADTQ1-I) (Q1-G ADTQ1-G) (Q1-A2 ADTQ1-A2) (Q1-A ADTQ1-A)
  (Q1-P1 ADTQ1-P1) (Q1-F ADTQ1-F) (Q1-H ADTQ1-H) (Q1-A3 ADTQ1-A3)
  (Q1-C ADTQ1-C) ...)
 ((Q1-B ADTQ1-B) (Q1-I ADTQ1-I) (Q1-G ADTQ1-G) (Q1-A2 ADTQ1-A2) (Q1-A ADTQ1-A)
  (Q1-P1 ADTQ1-P1) (Q1-F ADTQ1-F) (Q1-H ADTQ1-H) (Q1-A3 ADTQ1-A3)
  (Q1-C ADTQ1-C) ...)
 ((Q1-B ADTQ1-B) (Q1-I ADTQ1-I) (Q1-G ADTQ1-G) (Q1-A2 ADTQ1-A2) (Q1-A ADTQ1-A)
  (Q1-P1 ADTQ1-P1) (Q1-F ADTQ1-F) (Q1-H ADTQ1-H) (Q1-A3 ADTQ1-A3)
  (Q1-C ADTQ1-C) ...)
 ((Q1-B ADTQ1-B) (Q1-I ADTQ1-I) (Q1-G ADTQ1-G) (Q1-A2 ADTQ1-A2) (Q1-A ADTQ1-A)
  (Q1-P1 ADTQ1-P1) (Q1-F ADTQ1-F) (Q1-H ADTQ1-H) (Q1-A3 ADTQ1-A3)
  (Q1-C ADTQ1-C) ...))
USER(18): ; Exiting Lisp
